Time: 2.001000 sec
Broadcast
Packet_Type	Length	Src_nid	Src_port
Hello		80	1	1

Time: 4.007300 sec
Broadcast
Packet_Type	Length	Src_nid	Src_port
Hello		80	1	1

Time: 6.008600 sec
Broadcast
Packet_Type	Length	Src_nid	Src_port
Hello		80	1	1

Time: 8.012000 sec
Broadcast
Packet_Type	Length	Src_nid	Src_port
Hello		80	1	1

Time: 10.019300 sec
Broadcast
Packet_Type	Length	Src_nid	Src_port
Hello		80	1	1

Time: 12.020700 sec
Broadcast
Packet_Type	Length	Src_nid	Src_port
Hello		80	1	1

Time: 14.022200 sec
Broadcast
Packet_Type	Length	Src_nid	Src_port
Hello		80	1	1

Time: 16.023800 sec
Broadcast
Packet_Type	Length	Src_nid	Src_port
Hello		80	1	1

Time: 18.025400 sec
Broadcast
Packet_Type	Length	Src_nid	Src_port
Hello		80	1	1

Time: 18.562173 sec
Send to Nid: 12
Packet_Type	Length	Src_nid	Src_port
Hello		80	1	1

Time: 18.562273 sec
Send to Nid: 12
Packet_Type		Length	Src_Nid	src_port	Option	Center_nid	Neighbor_nid	Data_plane_port
NeighborUpdate		544	1	1		New	1		2		1

Time: 18.562373 sec
Send to Nid: 12
Packet_Type		Length	Src_Nid	src_port	Option	Center_nid	Neighbor_nid	Data_plane_port
NeighborUpdate		544	1	1		Finish	 		 		 

Time: 18.562473 sec
Send to Nid: 12
Packet_Type		Length	Src_Nid	src_port	Option	Center_nid	Neighbor_nid	Data_plane_port
NeighborUpdate		544	1	1		New	1		2		1
 		 	 	 		 	 			3		1

Time: 18.562573 sec
Send to Nid: 12
Packet_Type		Length	Src_Nid	src_port	Option	Center_nid	Neighbor_nid	Data_plane_port
NeighborUpdate		544	1	1		Finish	 		 		 

Time: 18.562673 sec
Send to Nid: 12
Packet_Type		Length	Src_Nid	src_port	Option	Center_nid	Neighbor_nid	Data_plane_port
NeighborUpdate		544	1	1		New	1		2		1
 		 	 	 		 	 			3		1
 		 	 	 		 	 			5		1

Time: 18.562773 sec
Send to Nid: 12
Packet_Type		Length	Src_Nid	src_port	Option	Center_nid	Neighbor_nid	Data_plane_port
NeighborUpdate		544	1	1		Finish	 		 		 

Time: 18.562873 sec
Send to Nid: 12
Packet_Type		Length	Src_Nid	src_port	Option	Center_nid	Neighbor_nid	Data_plane_port
NeighborUpdate		544	1	1		New	1		2		1
 		 	 	 		 	 			3		1
 		 	 	 		 	 			5		1

Time: 18.562973 sec
Send to Nid: 12
Packet_Type		Length	Src_Nid	src_port	Option	Center_nid	Neighbor_nid	Data_plane_port
NeighborUpdate		544	1	1		Finish	 		 		 

Time: 18.563073 sec
Send to Nid: 12
Packet_Type		Length	Src_Nid	src_port	Option	Center_nid	Neighbor_nid	Data_plane_port
NeighborUpdate		544	1	1		New	1		2		1
 		 	 	 		 	 			3		1
 		 	 	 		 	 			5		1

Time: 18.564173 sec
Send to Nid: 12
Packet_Type		Length	Src_Nid	src_port	Option	Center_nid	Neighbor_nid	Data_plane_port
NeighborUpdate		544	1	1		Finish	 		 		 

Time: 18.564273 sec
Send to Nid: 12
Packet_Type		Length	Src_Nid	src_port	Option	Center_nid	Neighbor_nid	Data_plane_port
NeighborUpdate		544	1	1		New	1		2		1
 		 	 	 		 	 			3		1
 		 	 	 		 	 			5		1

Time: 18.564373 sec
Send to Nid: 12
Packet_Type		Length	Src_Nid	src_port	Option	Center_nid	Neighbor_nid	Data_plane_port
NeighborUpdate		544	1	1		Finish	 		 		 

Time: 18.564473 sec
Send to Nid: 12
Packet_Type		Length	Src_Nid	src_port	Option	Center_nid	Neighbor_nid	Data_plane_port
NeighborUpdate		544	1	1		New	1		2		1
 		 	 	 		 	 			3		1
 		 	 	 		 	 			5		1

Time: 18.570988 sec
Send to Nid: 12
Packet_Type		Length	Src_Nid	src_port	Option	Center_nid	Neighbor_nid	Data_plane_port
NeighborUpdate		544	1	1		Finish	 		 		 

Time: 18.571088 sec
Send to Nid: 12
Packet_Type		Length	Src_Nid	src_port	Option	Center_nid	Neighbor_nid	Data_plane_port
NeighborUpdate		544	1	1		New	1		2		1
 		 	 	 		 	 			3		1
 		 	 	 		 	 			5		1

Time: 18.571188 sec
Send to Nid: 12
Packet_Type		Length	Src_Nid	src_port	Option	Center_nid	Neighbor_nid	Data_plane_port
NeighborUpdate		544	1	1		Finish	 		 		 

Time: 18.571288 sec
Send to Nid: 12
Packet_Type		Length	Src_Nid	src_port	Option	Center_nid	Neighbor_nid	Data_plane_port
NeighborUpdate		544	1	1		New	1		2		1
 		 	 	 		 	 			3		1
 		 	 	 		 	 			5		1

Time: 18.571388 sec
Send to Nid: 12
Packet_Type		Length	Src_Nid	src_port	Option	Center_nid	Neighbor_nid	Data_plane_port
NeighborUpdate		544	1	1		Finish	 		 		 

Time: 18.571488 sec
Send to Nid: 12
Packet_Type		Length	Src_Nid	src_port	Option	Center_nid	Neighbor_nid	Data_plane_port
NeighborUpdate		544	1	1		New	1		2		1
 		 	 	 		 	 			3		1
 		 	 	 		 	 			5		1
 		 	 	 		 	 			6		1

Time: 18.571588 sec
Send to Nid: 12
Packet_Type		Length	Src_Nid	src_port	Option	Center_nid	Neighbor_nid	Data_plane_port
NeighborUpdate		544	1	1		Finish	 		 		 

Time: 18.571688 sec
Send to Nid: 12
Packet_Type	Length	Src_nid	Src_port
Hello		80	1	1

Time: 18.571788 sec
Send to Nid: 12
Packet_Type		Length	Src_Nid	src_port	Option	Center_nid	Neighbor_nid	Data_plane_port
NeighborUpdate		544	1	1		New	1		2		1
 		 	 	 		 	 			3		1
 		 	 	 		 	 			5		1
 		 	 	 		 	 			6		1

Time: 18.571888 sec
Send to Nid: 12
Packet_Type		Length	Src_Nid	src_port	Option	Center_nid	Neighbor_nid	Data_plane_port
NeighborUpdate		544	1	1		Finish	 		 		 

Time: 18.572988 sec
Send to Nid: 12
Packet_Type		Length	Src_Nid	src_port	Option	Center_nid	Neighbor_nid	Data_plane_port
NeighborUpdate		544	1	1		New	1		2		1
 		 	 	 		 	 			3		1
 		 	 	 		 	 			5		1
 		 	 	 		 	 			6		1
 		 	 	 		 	 			4		1

Time: 18.573088 sec
Send to Nid: 12
Packet_Type		Length	Src_Nid	src_port	Option	Center_nid	Neighbor_nid	Data_plane_port
NeighborUpdate		544	1	1		Finish	 		 		 

Time: 18.573188 sec
Send to Nid: 12
Packet_Type		Length	Src_Nid	src_port	Option	Center_nid	Neighbor_nid	Data_plane_port
NeighborUpdate		544	1	1		New	1		2		1
 		 	 	 		 	 			3		1
 		 	 	 		 	 			5		1
 		 	 	 		 	 			6		1
 		 	 	 		 	 			4		1

Time: 18.573288 sec
Send to Nid: 12
Packet_Type		Length	Src_Nid	src_port	Option	Center_nid	Neighbor_nid	Data_plane_port
NeighborUpdate		544	1	1		Finish	 		 		 

Time: 18.573388 sec
Send to Nid: 12
Packet_Type		Length	Src_Nid	src_port	Option	Center_nid	Neighbor_nid	Data_plane_port
NeighborUpdate		544	1	1		New	1		2		1
 		 	 	 		 	 			3		1
 		 	 	 		 	 			5		1
 		 	 	 		 	 			6		1
 		 	 	 		 	 			4		1

Time: 19.134227 sec
Send to Nid: 12
Packet_Type		Length	Src_Nid	src_port	Option	Center_nid	Neighbor_nid	Data_plane_port
NeighborUpdate		544	1	1		Finish	 		 		 

Time: 19.134327 sec
Send to Nid: 12
Packet_Type		Length	Src_Nid	src_port	Option	Center_nid	Neighbor_nid	Data_plane_port
NeighborUpdate		544	1	1		New	1		2		1
 		 	 	 		 	 			3		1
 		 	 	 		 	 			5		1
 		 	 	 		 	 			6		1
 		 	 	 		 	 			4		1

Time: 19.134427 sec
Send to Nid: 12
Packet_Type	Length	Src_nid	Src_port
Hello		80	1	1

Time: 19.134527 sec
Send to Nid: 12
Packet_Type		Length	Src_Nid	src_port	Option	Center_nid	Neighbor_nid	Data_plane_port
NeighborUpdate		544	1	1		New	1		2		1
 		 	 	 		 	 			3		1
 		 	 	 		 	 			5		1
 		 	 	 		 	 			6		1
 		 	 	 		 	 			4		1
 		 	 	 		 	 			8		1

Time: 19.134627 sec
Send to Nid: 12
Packet_Type		Length	Src_Nid	src_port	Option	Center_nid	Neighbor_nid	Data_plane_port
NeighborUpdate		544	1	1		Finish	 		 		 

Time: 20.033000 sec
Broadcast
Packet_Type	Length	Src_nid	Src_port
Hello		80	1	1

Time: 20.623304 sec
Send to Nid: 12
Packet_Type	Length	Src_nid	Src_port
Hello		80	1	1

Time: 20.624404 sec
Send to Nid: 12
Packet_Type		Length	Src_Nid	src_port	Option	Center_nid	Neighbor_nid	Data_plane_port
NeighborUpdate		544	1	1		New	1		2		1
 		 	 	 		 	 			3		1
 		 	 	 		 	 			5		1
 		 	 	 		 	 			6		1
 		 	 	 		 	 			4		1
 		 	 	 		 	 			8		1

Time: 20.624504 sec
Send to Nid: 12
Packet_Type		Length	Src_Nid	src_port	Option	Center_nid	Neighbor_nid	Data_plane_port
NeighborUpdate		544	1	1		Finish	 		 		 

Time: 20.624604 sec
Send to Nid: 12
Packet_Type		Length	Src_Nid	src_port	Option	Center_nid	Neighbor_nid	Data_plane_port
NeighborUpdate		544	1	1		New	1		2		1
 		 	 	 		 	 			3		1
 		 	 	 		 	 			5		1
 		 	 	 		 	 			6		1
 		 	 	 		 	 			4		1
 		 	 	 		 	 			8		1

Time: 20.624704 sec
Send to Nid: 12
Packet_Type		Length	Src_Nid	src_port	Option	Center_nid	Neighbor_nid	Data_plane_port
NeighborUpdate		544	1	1		Finish	 		 		 

Time: 20.624804 sec
Send to Nid: 12
Packet_Type		Length	Src_Nid	src_port	Option	Center_nid	Neighbor_nid	Data_plane_port
NeighborUpdate		544	1	1		New	1		2		1
 		 	 	 		 	 			3		1
 		 	 	 		 	 			5		1
 		 	 	 		 	 			6		1
 		 	 	 		 	 			4		1
 		 	 	 		 	 			8		1

Time: 20.624904 sec
Send to Nid: 12
Packet_Type		Length	Src_Nid	src_port	Option	Center_nid	Neighbor_nid	Data_plane_port
NeighborUpdate		544	1	1		Finish	 		 		 

Time: 20.625004 sec
Send to Nid: 12
Packet_Type		Length	Src_Nid	src_port	Option	Center_nid	Neighbor_nid	Data_plane_port
NeighborUpdate		544	1	1		New	1		2		1
 		 	 	 		 	 			3		1
 		 	 	 		 	 			5		1
 		 	 	 		 	 			6		1
 		 	 	 		 	 			4		1
 		 	 	 		 	 			8		1

Time: 20.625104 sec
Send to Nid: 12
Packet_Type		Length	Src_Nid	src_port	Option	Center_nid	Neighbor_nid	Data_plane_port
NeighborUpdate		544	1	1		Finish	 		 		 

Time: 20.737342 sec
Send to Nid: 12
Packet_Type	Length	Src_nid	Src_port
Hello		80	1	1

Time: 20.870442 sec
Send to Nid: 12
Packet_Type		Length	Src_Nid	src_port	Option	Center_nid	Neighbor_nid	Data_plane_port
NeighborUpdate		544	1	1		New	1		2		1
 		 	 	 		 	 			3		1
 		 	 	 		 	 			5		1
 		 	 	 		 	 			6		1
 		 	 	 		 	 			4		1
 		 	 	 		 	 			8		1

Time: 20.870542 sec
Send to Nid: 12
Packet_Type		Length	Src_Nid	src_port	Option	Center_nid	Neighbor_nid	Data_plane_port
NeighborUpdate		544	1	1		Finish	 		 		 

Time: 21.210642 sec
Send to Nid: 12
Packet_Type		Length	Src_Nid	src_port	Option	Center_nid	Neighbor_nid	Data_plane_port
NeighborUpdate		544	1	1		New	1		2		1
 		 	 	 		 	 			3		1
 		 	 	 		 	 			5		1
 		 	 	 		 	 			6		1
 		 	 	 		 	 			4		1
 		 	 	 		 	 			8		1

Time: 21.210742 sec
Send to Nid: 12
Packet_Type		Length	Src_Nid	src_port	Option	Center_nid	Neighbor_nid	Data_plane_port
NeighborUpdate		544	1	1		Finish	 		 		 

Time: 22.034600 sec
Broadcast
Packet_Type	Length	Src_nid	Src_port
Hello		80	1	1

Time: 22.140842 sec
Send to Nid: 12
Packet_Type		Length	Src_Nid	src_port	Option	Center_nid	Neighbor_nid	Data_plane_port
NeighborUpdate		544	1	1		New	1		2		1
 		 	 	 		 	 			3		1
 		 	 	 		 	 			5		1
 		 	 	 		 	 			6		1
 		 	 	 		 	 			4		1
 		 	 	 		 	 			8		1

Time: 22.140942 sec
Send to Nid: 12
Packet_Type		Length	Src_Nid	src_port	Option	Center_nid	Neighbor_nid	Data_plane_port
NeighborUpdate		544	1	1		Finish	 		 		 

Time: 22.471042 sec
Send to Nid: 12
Packet_Type		Length	Src_Nid	src_port	Option	Center_nid	Neighbor_nid	Data_plane_port
NeighborUpdate		544	1	1		New	1		2		1
 		 	 	 		 	 			3		1
 		 	 	 		 	 			5		1
 		 	 	 		 	 			6		1
 		 	 	 		 	 			4		1
 		 	 	 		 	 			8		1

Time: 22.471142 sec
Send to Nid: 12
Packet_Type		Length	Src_Nid	src_port	Option	Center_nid	Neighbor_nid	Data_plane_port
NeighborUpdate		544	1	1		Finish	 		 		 

Time: 22.480242 sec
Send to Nid: 12
Packet_Type		Length	Src_Nid	src_port	Option	Center_nid	Neighbor_nid	Data_plane_port
NeighborUpdate		544	1	1		New	1		2		1
 		 	 	 		 	 			3		1
 		 	 	 		 	 			5		1
 		 	 	 		 	 			6		1
 		 	 	 		 	 			4		1
 		 	 	 		 	 			8		1

Time: 22.480342 sec
Send to Nid: 12
Packet_Type		Length	Src_Nid	src_port	Option	Center_nid	Neighbor_nid	Data_plane_port
NeighborUpdate		544	1	1		Finish	 		 		 

Time: 24.040900 sec
Broadcast
Packet_Type	Length	Src_nid	Src_port
Hello		80	1	1

Time: 24.410442 sec
Send to Nid: 12
Packet_Type		Length	Src_Nid	src_port	Option	Center_nid	Neighbor_nid	Data_plane_port
NeighborUpdate		544	1	1		New	1		2		1
 		 	 	 		 	 			3		1
 		 	 	 		 	 			5		1
 		 	 	 		 	 			6		1
 		 	 	 		 	 			4		1
 		 	 	 		 	 			8		1

Time: 24.410542 sec
Send to Nid: 12
Packet_Type		Length	Src_Nid	src_port	Option	Center_nid	Neighbor_nid	Data_plane_port
NeighborUpdate		544	1	1		Finish	 		 		 

Time: 24.510642 sec
Send to Nid: 12
Packet_Type		Length	Src_Nid	src_port	Option	Center_nid	Neighbor_nid	Data_plane_port
NeighborUpdate		544	1	1		New	1		2		1
 		 	 	 		 	 			3		1
 		 	 	 		 	 			5		1
 		 	 	 		 	 			6		1
 		 	 	 		 	 			4		1
 		 	 	 		 	 			8		1

Time: 24.510742 sec
Send to Nid: 12
Packet_Type		Length	Src_Nid	src_port	Option	Center_nid	Neighbor_nid	Data_plane_port
NeighborUpdate		544	1	1		Finish	 		 		 

Time: 24.750842 sec
Send to Nid: 12
Packet_Type		Length	Src_Nid	src_port	Option	Center_nid	Neighbor_nid	Data_plane_port
NeighborUpdate		544	1	1		New	1		2		1
 		 	 	 		 	 			3		1
 		 	 	 		 	 			5		1
 		 	 	 		 	 			6		1
 		 	 	 		 	 			4		1
 		 	 	 		 	 			8		1
 		 	 	 		 	 			11		1

Time: 26.051200 sec
Broadcast
Packet_Type	Length	Src_nid	Src_port
Hello		80	1	1

Time: 28.058400 sec
Broadcast
Packet_Type	Length	Src_nid	Src_port
Hello		80	1	1

Time: 30.064600 sec
Broadcast
Packet_Type	Length	Src_nid	Src_port
Hello		80	1	1

Time: 32.072900 sec
Broadcast
Packet_Type	Length	Src_nid	Src_port
Hello		80	1	1

Time: 34.079200 sec
Broadcast
Packet_Type	Length	Src_nid	Src_port
Hello		80	1	1

Time: 36.089500 sec
Broadcast
Packet_Type	Length	Src_nid	Src_port
Hello		80	1	1

Time: 38.099700 sec
Broadcast
Packet_Type	Length	Src_nid	Src_port
Hello		80	1	1

Time: 40.102000 sec
Broadcast
Packet_Type	Length	Src_nid	Src_port
Hello		80	1	1

Time: 42.107300 sec
Broadcast
Packet_Type	Length	Src_nid	Src_port
Hello		80	1	1

Time: 44.116500 sec
Broadcast
Packet_Type	Length	Src_nid	Src_port
Hello		80	1	1

Time: 46.124700 sec
Broadcast
Packet_Type	Length	Src_nid	Src_port
Hello		80	1	1

Time: 48.127900 sec
Broadcast
Packet_Type	Length	Src_nid	Src_port
Hello		80	1	1

Time: 50.134100 sec
Broadcast
Packet_Type	Length	Src_nid	Src_port
Hello		80	1	1

Time: 52.144300 sec
Broadcast
Packet_Type	Length	Src_nid	Src_port
Hello		80	1	1

Time: 54.150500 sec
Broadcast
Packet_Type	Length	Src_nid	Src_port
Hello		80	1	1

Time: 56.151700 sec
Broadcast
Packet_Type	Length	Src_nid	Src_port
Hello		80	1	1

Time: 58.161900 sec
Broadcast
Packet_Type	Length	Src_nid	Src_port
Hello		80	1	1

Time: 60.163100 sec
Broadcast
Packet_Type	Length	Src_nid	Src_port
Hello		80	1	1

Time: 62.164400 sec
Broadcast
Packet_Type	Length	Src_nid	Src_port
Hello		80	1	1

Time: 64.172600 sec
Broadcast
Packet_Type	Length	Src_nid	Src_port
Hello		80	1	1

Time: 66.181800 sec
Broadcast
Packet_Type	Length	Src_nid	Src_port
Hello		80	1	1

Time: 68.185000 sec
Broadcast
Packet_Type	Length	Src_nid	Src_port
Hello		80	1	1

Time: 70.194200 sec
Broadcast
Packet_Type	Length	Src_nid	Src_port
Hello		80	1	1

Time: 72.196400 sec
Broadcast
Packet_Type	Length	Src_nid	Src_port
Hello		80	1	1

Time: 74.201600 sec
Broadcast
Packet_Type	Length	Src_nid	Src_port
Hello		80	1	1

Time: 76.203800 sec
Broadcast
Packet_Type	Length	Src_nid	Src_port
Hello		80	1	1

Time: 78.206000 sec
Broadcast
Packet_Type	Length	Src_nid	Src_port
Hello		80	1	1

Time: 80.207200 sec
Broadcast
Packet_Type	Length	Src_nid	Src_port
Hello		80	1	1

Time: 82.215500 sec
Broadcast
Packet_Type	Length	Src_nid	Src_port
Hello		80	1	1

Time: 84.220900 sec
Broadcast
Packet_Type	Length	Src_nid	Src_port
Hello		80	1	1

Time: 86.223300 sec
Broadcast
Packet_Type	Length	Src_nid	Src_port
Hello		80	1	1

Time: 88.226700 sec
Broadcast
Packet_Type	Length	Src_nid	Src_port
Hello		80	1	1

Time: 90.231200 sec
Broadcast
Packet_Type	Length	Src_nid	Src_port
Hello		80	1	1

Time: 92.232700 sec
Broadcast
Packet_Type	Length	Src_nid	Src_port
Hello		80	1	1

Time: 94.237100 sec
Broadcast
Packet_Type	Length	Src_nid	Src_port
Hello		80	1	1

Time: 96.244500 sec
Broadcast
Packet_Type	Length	Src_nid	Src_port
Hello		80	1	1

Time: 98.253900 sec
Broadcast
Packet_Type	Length	Src_nid	Src_port
Hello		80	1	1

