Time: 2.014000 sec
Packet_Type	Length	Src_nid	Src_port
Hello		80	2	1

Time: 2.017100 sec
Packet_Type	Length	Src_nid	Src_port
Hello		80	3	1

Time: 2.032200 sec
Packet_Type	Length	Src_nid	Src_port
Hello		80	5	1

Time: 4.020300 sec
Packet_Type	Length	Src_nid	Src_port
Hello		80	3	1

Time: 4.038400 sec
Packet_Type	Length	Src_nid	Src_port
Hello		80	2	1

Time: 4.070500 sec
Packet_Type	Length	Src_nid	Src_port
Hello		80	5	1

Time: 6.032600 sec
Packet_Type	Length	Src_nid	Src_port
Hello		80	3	1

Time: 6.043700 sec
Packet_Type	Length	Src_nid	Src_port
Hello		80	2	1

Time: 6.189800 sec
Packet_Type	Length	Src_nid	Src_port
Hello		80	5	1

Time: 6.245900 sec
Packet_Type	Length	Src_nid	Src_port
Hello		80	6	1

Time: 8.038000 sec
Packet_Type	Length	Src_nid	Src_port
Hello		80	3	1

Time: 8.066100 sec
Packet_Type	Length	Src_nid	Src_port
Hello		80	4	1

Time: 8.093200 sec
Packet_Type	Length	Src_nid	Src_port
Hello		80	5	1

Time: 10.047300 sec
Packet_Type	Length	Src_nid	Src_port
Hello		80	3	1

Time: 10.074400 sec
Packet_Type	Length	Src_nid	Src_port
Hello		80	2	1

Time: 10.098500 sec
Packet_Type	Length	Src_nid	Src_port
Hello		80	4	1

Time: 10.184600 sec
Packet_Type	Length	Src_nid	Src_port
Hello		80	6	1

Time: 12.068700 sec
Packet_Type	Length	Src_nid	Src_port
Hello		80	3	1

Time: 12.112800 sec
Packet_Type	Length	Src_nid	Src_port
Hello		80	4	1

Time: 12.254900 sec
Packet_Type	Length	Src_nid	Src_port
Hello		80	8	1

Time: 12.422000 sec
Packet_Type	Length	Src_nid	Src_port
Hello		80	5	1

Time: 12.434100 sec
Packet_Type	Length	Src_nid	Src_port
Hello		80	6	1

Time: 14.096200 sec
Packet_Type	Length	Src_nid	Src_port
Hello		80	3	1

Time: 14.103300 sec
Packet_Type	Length	Src_nid	Src_port
Hello		80	2	1

Time: 14.148400 sec
Packet_Type	Length	Src_nid	Src_port
Hello		80	4	1

Time: 14.201500 sec
Packet_Type	Length	Src_nid	Src_port
Hello		80	5	1

Time: 14.250600 sec
Packet_Type	Length	Src_nid	Src_port
Hello		80	6	1

Time: 14.324700 sec
Packet_Type	Length	Src_nid	Src_port
Hello		80	8	1

Time: 16.104800 sec
Packet_Type	Length	Src_nid	Src_port
Hello		80	2	1

Time: 16.114900 sec
Packet_Type	Length	Src_nid	Src_port
Hello		80	3	1

Time: 16.177000 sec
Packet_Type	Length	Src_nid	Src_port
Hello		80	4	1

Time: 16.229100 sec
Packet_Type	Length	Src_nid	Src_port
Hello		80	5	1

Time: 16.370200 sec
Packet_Type	Length	Src_nid	Src_port
Hello		80	6	1

Time: 16.387300 sec
Packet_Type	Length	Src_nid	Src_port
Hello		80	8	1

Time: 18.112400 sec
Packet_Type	Length	Src_nid	Src_port
Hello		80	2	1

Time: 18.118500 sec
Packet_Type	Length	Src_nid	Src_port
Hello		80	3	1

Time: 18.206600 sec
Packet_Type	Length	Src_nid	Src_port
Hello		80	4	1

Time: 18.289700 sec
Packet_Type	Length	Src_nid	Src_port
Hello		80	5	1

Time: 18.419800 sec
Packet_Type	Length	Src_nid	Src_port
Hello		80	8	1

Time: 18.711900 sec
Packet_Type	Length	Src_nid	Src_port
Hello		80	6	1

Time: 19.364727 sec
Packet_Type		Length	Src_Nid	src_port	Option	Center_nid	Neighbor_nid	Data_plane_port
NeighborUpdate		544	12	1		Finish	 		 		 

Time: 19.462827 sec
Packet_Type		Length	Src_Nid	src_port	Option	Center_nid	Neighbor_nid	Data_plane_port
NeighborUpdate		544	12	1		New	10		8		1
 		 	 	 		 	 			7		1
 		 	 	 		 	 			11		1

Time: 19.467927 sec
Packet_Type		Length	Src_Nid	src_port	Option	Center_nid	Neighbor_nid	Data_plane_port
NeighborUpdate		544	12	1		Finish	 		 		 

Time: 19.470027 sec
Packet_Type		Length	Src_Nid	src_port	Option	Center_nid	Neighbor_nid	Data_plane_port
NeighborUpdate		544	12	1		New	10		8		1
 		 	 	 		 	 			7		1

Time: 19.474127 sec
Packet_Type		Length	Src_Nid	src_port	Option	Center_nid	Neighbor_nid	Data_plane_port
NeighborUpdate		544	12	1		Finish	 		 		 

Time: 19.478227 sec
Packet_Type		Length	Src_Nid	src_port	Option	Center_nid	Neighbor_nid	Data_plane_port
NeighborUpdate		544	12	1		New	10		8		1
 		 	 	 		 	 			7		1

Time: 19.535327 sec
Packet_Type		Length	Src_Nid	src_port	Option	Center_nid	Neighbor_nid	Data_plane_port
NeighborUpdate		544	12	1		New	2		1		1
 		 	 	 		 	 			3		1
 		 	 	 		 	 			5		1
 		 	 	 		 	 			6		1

Time: 20.120000 sec
Packet_Type	Length	Src_nid	Src_port
Hello		80	3	1

Time: 20.128100 sec
Packet_Type	Length	Src_nid	Src_port
Hello		80	2	1

Time: 20.233200 sec
Packet_Type	Length	Src_nid	Src_port
Hello		80	4	1

Time: 20.469300 sec
Packet_Type	Length	Src_nid	Src_port
Hello		80	8	1

Time: 20.637204 sec
Packet_Type		Length	Src_nid	Src_port	Option	Origin_nid	Destination_nid	Next_hop_nid
UpdateDataPlaneRouting	796	12	1		New	1		2		2
 		 	 	 		 		 		3		3
 		 	 	 		 		 		4		5
 		 	 	 		 		 		5		5
 		 	 	 		 		 		6		2
 		 	 	 		 		 		8		5

Time: 20.640304 sec
Packet_Type		Length	Src_nid	Src_port	Option	Origin_nid	Destination_nid	Next_hop_nid
UpdateDataPlaneRouting	796	12	1		Finish	 		 		 

Time: 20.864400 sec
Packet_Type	Length	Src_nid	Src_port
Hello		80	5	1

Time: 21.205500 sec
Packet_Type	Length	Src_nid	Src_port
Hello		80	6	1

Time: 22.139600 sec
Packet_Type	Length	Src_nid	Src_port
Hello		80	2	1

Time: 22.460700 sec
Packet_Type	Length	Src_nid	Src_port
Hello		80	6	1

Time: 22.478800 sec
Packet_Type	Length	Src_nid	Src_port
Hello		80	8	1

Time: 24.408900 sec
Packet_Type	Length	Src_nid	Src_port
Hello		80	6	1

Time: 24.506000 sec
Packet_Type	Length	Src_nid	Src_port
Hello		80	8	1

Time: 24.747100 sec
Packet_Type	Length	Src_nid	Src_port
Hello		80	11	1

Time: 26.365200 sec
Packet_Type	Length	Src_nid	Src_port
Hello		80	5	1

Time: 26.540300 sec
Packet_Type	Length	Src_nid	Src_port
Hello		80	8	1

Time: 28.593400 sec
Packet_Type	Length	Src_nid	Src_port
Hello		80	8	1

Time: 28.887500 sec
Packet_Type	Length	Src_nid	Src_port
Hello		80	11	1

Time: 30.399600 sec
Packet_Type	Length	Src_nid	Src_port
Hello		80	5	1

Time: 30.491700 sec
Packet_Type	Length	Src_nid	Src_port
Hello		80	6	1

Time: 30.661800 sec
Packet_Type	Length	Src_nid	Src_port
Hello		80	8	1

Time: 32.405900 sec
Packet_Type	Length	Src_nid	Src_port
Hello		80	5	1

Time: 32.540000 sec
Packet_Type	Length	Src_nid	Src_port
Hello		80	6	1

Time: 32.672100 sec
Packet_Type	Length	Src_nid	Src_port
Hello		80	8	1

Time: 34.453200 sec
Packet_Type	Length	Src_nid	Src_port
Hello		80	5	1

Time: 34.588300 sec
Packet_Type	Length	Src_nid	Src_port
Hello		80	6	1

Time: 34.678400 sec
Packet_Type	Length	Src_nid	Src_port
Hello		80	8	1

Time: 36.195500 sec
Packet_Type	Length	Src_nid	Src_port
Hello		80	2	1

Time: 36.606600 sec
Packet_Type	Length	Src_nid	Src_port
Hello		80	6	1

Time: 38.205700 sec
Packet_Type	Length	Src_nid	Src_port
Hello		80	2	1

Time: 38.496800 sec
Packet_Type	Length	Src_nid	Src_port
Hello		80	5	1

Time: 38.650900 sec
Packet_Type	Length	Src_nid	Src_port
Hello		80	6	1

Time: 40.223000 sec
Packet_Type	Length	Src_nid	Src_port
Hello		80	2	1

Time: 40.523100 sec
Packet_Type	Length	Src_nid	Src_port
Hello		80	5	1

Time: 40.700200 sec
Packet_Type	Length	Src_nid	Src_port
Hello		80	6	1

Time: 42.237300 sec
Packet_Type	Length	Src_nid	Src_port
Hello		80	2	1

Time: 42.753400 sec
Packet_Type	Length	Src_nid	Src_port
Hello		80	6	1

Time: 44.241500 sec
Packet_Type	Length	Src_nid	Src_port
Hello		80	2	1

Time: 44.798600 sec
Packet_Type	Length	Src_nid	Src_port
Hello		80	6	1

Time: 46.255700 sec
Packet_Type	Length	Src_nid	Src_port
Hello		80	2	1

Time: 46.801800 sec
Packet_Type	Length	Src_nid	Src_port
Hello		80	6	1

Time: 48.272900 sec
Packet_Type	Length	Src_nid	Src_port
Hello		80	2	1

Time: 48.852000 sec
Packet_Type	Length	Src_nid	Src_port
Hello		80	6	1

Time: 50.295100 sec
Packet_Type	Length	Src_nid	Src_port
Hello		80	2	1

Time: 50.896200 sec
Packet_Type	Length	Src_nid	Src_port
Hello		80	6	1

Time: 52.299300 sec
Packet_Type	Length	Src_nid	Src_port
Hello		80	2	1

Time: 52.930400 sec
Packet_Type	Length	Src_nid	Src_port
Hello		80	6	1

Time: 54.306500 sec
Packet_Type	Length	Src_nid	Src_port
Hello		80	2	1

Time: 54.939600 sec
Packet_Type	Length	Src_nid	Src_port
Hello		80	6	1

Time: 56.326700 sec
Packet_Type	Length	Src_nid	Src_port
Hello		80	2	1

Time: 56.989800 sec
Packet_Type	Length	Src_nid	Src_port
Hello		80	6	1

Time: 58.331900 sec
Packet_Type	Length	Src_nid	Src_port
Hello		80	2	1

Time: 59.031000 sec
Packet_Type	Length	Src_nid	Src_port
Hello		80	6	1

Time: 60.344100 sec
Packet_Type	Length	Src_nid	Src_port
Hello		80	2	1

Time: 60.466200 sec
Packet_Type	Length	Src_nid	Src_port
Hello		80	3	1

Time: 61.083300 sec
Packet_Type	Length	Src_nid	Src_port
Hello		80	6	1

Time: 62.354400 sec
Packet_Type	Length	Src_nid	Src_port
Hello		80	2	1

Time: 62.473500 sec
Packet_Type	Length	Src_nid	Src_port
Hello		80	3	1

Time: 64.371600 sec
Packet_Type	Length	Src_nid	Src_port
Hello		80	2	1

Time: 64.500700 sec
Packet_Type	Length	Src_nid	Src_port
Hello		80	3	1

Time: 66.388800 sec
Packet_Type	Length	Src_nid	Src_port
Hello		80	2	1

Time: 66.526900 sec
Packet_Type	Length	Src_nid	Src_port
Hello		80	3	1

Time: 68.392000 sec
Packet_Type	Length	Src_nid	Src_port
Hello		80	2	1

Time: 68.537100 sec
Packet_Type	Length	Src_nid	Src_port
Hello		80	3	1

Time: 70.397200 sec
Packet_Type	Length	Src_nid	Src_port
Hello		80	2	1

Time: 70.539300 sec
Packet_Type	Length	Src_nid	Src_port
Hello		80	3	1

Time: 72.402400 sec
Packet_Type	Length	Src_nid	Src_port
Hello		80	2	1

Time: 72.555500 sec
Packet_Type	Length	Src_nid	Src_port
Hello		80	3	1

Time: 74.421600 sec
Packet_Type	Length	Src_nid	Src_port
Hello		80	2	1

Time: 74.557700 sec
Packet_Type	Length	Src_nid	Src_port
Hello		80	3	1

Time: 76.428800 sec
Packet_Type	Length	Src_nid	Src_port
Hello		80	2	1

Time: 76.567900 sec
Packet_Type	Length	Src_nid	Src_port
Hello		80	3	1

Time: 78.434000 sec
Packet_Type	Length	Src_nid	Src_port
Hello		80	2	1

Time: 78.576100 sec
Packet_Type	Length	Src_nid	Src_port
Hello		80	3	1

Time: 80.451200 sec
Packet_Type	Length	Src_nid	Src_port
Hello		80	2	1

Time: 80.611300 sec
Packet_Type	Length	Src_nid	Src_port
Hello		80	3	1

Time: 81.367400 sec
Packet_Type	Length	Src_nid	Src_port
Hello		80	7	1

Time: 82.451500 sec
Packet_Type	Length	Src_nid	Src_port
Hello		80	2	1

Time: 82.633600 sec
Packet_Type	Length	Src_nid	Src_port
Hello		80	3	1

Time: 83.011700 sec
Packet_Type	Length	Src_nid	Src_port
Hello		80	5	1

Time: 83.418800 sec
Packet_Type	Length	Src_nid	Src_port
Hello		80	7	1

Time: 84.456900 sec
Packet_Type	Length	Src_nid	Src_port
Hello		80	2	1

Time: 84.643000 sec
Packet_Type	Length	Src_nid	Src_port
Hello		80	3	1

Time: 85.029100 sec
Packet_Type	Length	Src_nid	Src_port
Hello		80	5	1

Time: 85.451200 sec
Packet_Type	Length	Src_nid	Src_port
Hello		80	7	1

Time: 86.472300 sec
Packet_Type	Length	Src_nid	Src_port
Hello		80	2	1

Time: 86.646400 sec
Packet_Type	Length	Src_nid	Src_port
Hello		80	3	1

Time: 86.820500 sec
Packet_Type	Length	Src_nid	Src_port
Hello		80	4	1

Time: 87.459600 sec
Packet_Type	Length	Src_nid	Src_port
Hello		80	7	1

Time: 88.492700 sec
Packet_Type	Length	Src_nid	Src_port
Hello		80	2	1

Time: 88.681800 sec
Packet_Type	Length	Src_nid	Src_port
Hello		80	3	1

Time: 88.824900 sec
Packet_Type	Length	Src_nid	Src_port
Hello		80	4	1

Time: 89.089000 sec
Packet_Type	Length	Src_nid	Src_port
Hello		80	5	1

Time: 89.500100 sec
Packet_Type	Length	Src_nid	Src_port
Hello		80	7	1

Time: 90.498200 sec
Packet_Type	Length	Src_nid	Src_port
Hello		80	2	1

Time: 90.675300 sec
Packet_Type	Length	Src_nid	Src_port
Hello		80	3	1

Time: 90.850400 sec
Packet_Type	Length	Src_nid	Src_port
Hello		80	4	1

Time: 91.116500 sec
Packet_Type	Length	Src_nid	Src_port
Hello		80	5	1

Time: 91.510600 sec
Packet_Type	Length	Src_nid	Src_port
Hello		80	7	1

Time: 92.703700 sec
Packet_Type	Length	Src_nid	Src_port
Hello		80	3	1

Time: 92.870800 sec
Packet_Type	Length	Src_nid	Src_port
Hello		80	4	1

Time: 93.125900 sec
Packet_Type	Length	Src_nid	Src_port
Hello		80	5	1

Time: 93.545000 sec
Packet_Type	Length	Src_nid	Src_port
Hello		80	7	1

Time: 94.733100 sec
Packet_Type	Length	Src_nid	Src_port
Hello		80	3	1

Time: 94.874200 sec
Packet_Type	Length	Src_nid	Src_port
Hello		80	4	1

Time: 95.155300 sec
Packet_Type	Length	Src_nid	Src_port
Hello		80	5	1

Time: 95.589400 sec
Packet_Type	Length	Src_nid	Src_port
Hello		80	7	1

Time: 96.752500 sec
Packet_Type	Length	Src_nid	Src_port
Hello		80	3	1

Time: 96.901600 sec
Packet_Type	Length	Src_nid	Src_port
Hello		80	4	1

Time: 97.158700 sec
Packet_Type	Length	Src_nid	Src_port
Hello		80	5	1

Time: 97.628800 sec
Packet_Type	Length	Src_nid	Src_port
Hello		80	7	1

Time: 98.768900 sec
Packet_Type	Length	Src_nid	Src_port
Hello		80	3	1

Time: 98.904000 sec
Packet_Type	Length	Src_nid	Src_port
Hello		80	4	1

Time: 99.681100 sec
Packet_Type	Length	Src_nid	Src_port
Hello		80	7	1

