Time: 2.008000 sec
Packet_Type	Length	Src_nid	Src_port
Hello		80	8	1

Time: 2.010100 sec
Packet_Type	Length	Src_nid	Src_port
Hello		80	7	1

Time: 2.087200 sec
Packet_Type	Length	Src_nid	Src_port
Hello		80	10	1

Time: 4.019300 sec
Packet_Type	Length	Src_nid	Src_port
Hello		80	7	1

Time: 4.087400 sec
Packet_Type	Length	Src_nid	Src_port
Hello		80	8	1

Time: 4.171500 sec
Packet_Type	Length	Src_nid	Src_port
Hello		80	10	1

Time: 6.082600 sec
Packet_Type	Length	Src_nid	Src_port
Hello		80	7	1

Time: 6.137700 sec
Packet_Type	Length	Src_nid	Src_port
Hello		80	8	1

Time: 6.173800 sec
Packet_Type	Length	Src_nid	Src_port
Hello		80	10	1

Time: 7.153702 sec
Packet_Type		Length	Src_Nid	src_port	Option	Center_nid	Neighbor_nid	Data_plane_port
NeighborUpdate		544	12	1		Finish	 		 		 

Time: 8.152900 sec
Packet_Type	Length	Src_nid	Src_port
Hello		80	7	1

Time: 8.155000 sec
Packet_Type	Length	Src_nid	Src_port
Hello		80	8	1

Time: 8.196100 sec
Packet_Type	Length	Src_nid	Src_port
Hello		80	10	1

Time: 10.190200 sec
Packet_Type	Length	Src_nid	Src_port
Hello		80	7	1

Time: 10.204300 sec
Packet_Type	Length	Src_nid	Src_port
Hello		80	10	1

Time: 10.212400 sec
Packet_Type	Length	Src_nid	Src_port
Hello		80	8	1

Time: 12.194500 sec
Packet_Type	Length	Src_nid	Src_port
Hello		80	7	1

Time: 12.255600 sec
Packet_Type	Length	Src_nid	Src_port
Hello		80	8	1

Time: 12.366700 sec
Packet_Type	Length	Src_nid	Src_port
Hello		80	10	1

Time: 14.236800 sec
Packet_Type	Length	Src_nid	Src_port
Hello		80	7	1

Time: 14.324900 sec
Packet_Type	Length	Src_nid	Src_port
Hello		80	8	1

Time: 14.387000 sec
Packet_Type	Length	Src_nid	Src_port
Hello		80	10	1

Time: 16.275100 sec
Packet_Type	Length	Src_nid	Src_port
Hello		80	7	1

Time: 16.387200 sec
Packet_Type	Length	Src_nid	Src_port
Hello		80	8	1

Time: 16.399300 sec
Packet_Type	Length	Src_nid	Src_port
Hello		80	10	1

Time: 18.346400 sec
Packet_Type	Length	Src_nid	Src_port
Hello		80	7	1

Time: 18.414500 sec
Packet_Type	Length	Src_nid	Src_port
Hello		80	10	1

Time: 18.419600 sec
Packet_Type	Length	Src_nid	Src_port
Hello		80	8	1

Time: 20.395700 sec
Packet_Type	Length	Src_nid	Src_port
Hello		80	7	1

Time: 20.469800 sec
Packet_Type	Length	Src_nid	Src_port
Hello		80	8	1

Time: 20.533900 sec
Packet_Type	Length	Src_nid	Src_port
Hello		80	10	1

Time: 22.407000 sec
Packet_Type	Length	Src_nid	Src_port
Hello		80	7	1

Time: 22.478100 sec
Packet_Type	Length	Src_nid	Src_port
Hello		80	8	1

Time: 22.554200 sec
Packet_Type	Length	Src_nid	Src_port
Hello		80	10	1

Time: 24.435300 sec
Packet_Type	Length	Src_nid	Src_port
Hello		80	7	1

Time: 24.505400 sec
Packet_Type	Length	Src_nid	Src_port
Hello		80	8	1

Time: 24.550500 sec
Packet_Type	Length	Src_nid	Src_port
Hello		80	10	1

Time: 26.457600 sec
Packet_Type	Length	Src_nid	Src_port
Hello		80	7	1

Time: 26.540700 sec
Packet_Type	Length	Src_nid	Src_port
Hello		80	8	1

Time: 26.630800 sec
Packet_Type	Length	Src_nid	Src_port
Hello		80	10	1

Time: 28.388159 sec
Packet_Type		Length	Src_Nid	src_port	Option	Center_nid	Neighbor_nid	Data_plane_port
NeighborUpdate		544	12	1		Finish	 		 		 

Time: 28.390259 sec
Packet_Type		Length	Src_Nid	src_port	Option	Center_nid	Neighbor_nid	Data_plane_port
NeighborUpdate		544	12	1		New	11		8		1
 		 	 	 		 	 			7		1
 		 	 	 		 	 			10		1

Time: 28.477900 sec
Packet_Type	Length	Src_nid	Src_port
Hello		80	7	1

Time: 28.490559 sec
Packet_Type		Length	Src_nid	Src_port	Option	Origin_nid	Destination_nid	Next_hop_nid
UpdateDataPlaneRouting	796	12	1		New	11		2		8
 		 	 	 		 		 		3		8
 		 	 	 		 		 		4		8
 		 	 	 		 		 		5		8
 		 	 	 		 		 		6		8
 		 	 	 		 		 		8		8
 		 	 	 		 		 		10		10

Time: 28.492659 sec
Packet_Type		Length	Src_nid	Src_port	Option	Origin_nid	Destination_nid	Next_hop_nid
UpdateDataPlaneRouting	796	12	1		Finish	 		 		 

Time: 28.593000 sec
Packet_Type	Length	Src_nid	Src_port
Hello		80	8	1

Time: 29.354959 sec
Packet_Type		Length	Src_nid	Src_port	Option	Origin_nid	Destination_nid	Next_hop_nid
UpdateDataPlaneRouting	796	12	1		New	11		2		8
 		 	 	 		 		 		3		8
 		 	 	 		 		 		4		8
 		 	 	 		 		 		5		8
 		 	 	 		 		 		6		8
 		 	 	 		 		 		8		8
 		 	 	 		 		 		10		10

Time: 29.358059 sec
Packet_Type		Length	Src_nid	Src_port	Option	Origin_nid	Destination_nid	Next_hop_nid
UpdateDataPlaneRouting	796	12	1		Finish	 		 		 

Time: 29.424159 sec
Packet_Type		Length	Src_nid	Src_port	Option	Origin_nid	Destination_nid	Next_hop_nid
UpdateDataPlaneRouting	796	12	1		New	11		2		8
 		 	 	 		 		 		3		8
 		 	 	 		 		 		4		8
 		 	 	 		 		 		5		8
 		 	 	 		 		 		6		8
 		 	 	 		 		 		8		8
 		 	 	 		 		 		10		10

Time: 29.425259 sec
Packet_Type		Length	Src_nid	Src_port	Option	Origin_nid	Destination_nid	Next_hop_nid
UpdateDataPlaneRouting	796	12	1		Finish	 		 		 

Time: 29.532359 sec
Packet_Type		Length	Src_nid	Src_port	Option	Origin_nid	Destination_nid	Next_hop_nid
UpdateDataPlaneRouting	796	12	1		New	11		2		8
 		 	 	 		 		 		3		8
 		 	 	 		 		 		4		8
 		 	 	 		 		 		5		8
 		 	 	 		 		 		6		8
 		 	 	 		 		 		8		8
 		 	 	 		 		 		10		10

Time: 29.535459 sec
Packet_Type		Length	Src_nid	Src_port	Option	Origin_nid	Destination_nid	Next_hop_nid
UpdateDataPlaneRouting	796	12	1		Finish	 		 		 

Time: 30.518100 sec
Packet_Type	Length	Src_nid	Src_port
Hello		80	7	1

Time: 30.606003 sec
Packet_Type		Length	Src_nid	Src_port	Option	Origin_nid	Destination_nid	Next_hop_nid
UpdateDataPlaneRouting	796	12	1		New	11		2		8
 		 	 	 		 		 		3		8
 		 	 	 		 		 		4		8
 		 	 	 		 		 		5		8
 		 	 	 		 		 		6		8
 		 	 	 		 		 		8		8
 		 	 	 		 		 		10		10

Time: 30.607103 sec
Packet_Type		Length	Src_nid	Src_port	Option	Origin_nid	Destination_nid	Next_hop_nid
UpdateDataPlaneRouting	796	12	1		Finish	 		 		 

Time: 30.662200 sec
Packet_Type	Length	Src_nid	Src_port
Hello		80	8	1

Time: 30.768300 sec
Packet_Type	Length	Src_nid	Src_port
Hello		80	10	1

Time: 31.226603 sec
Packet_Type		Length	Src_nid	Src_port	Option	Origin_nid	Destination_nid	Next_hop_nid
UpdateDataPlaneRouting	796	12	1		New	11		2		8
 		 	 	 		 		 		3		8
 		 	 	 		 		 		4		8
 		 	 	 		 		 		5		8
 		 	 	 		 		 		6		8
 		 	 	 		 		 		7		7
 		 	 	 		 		 		8		8
 		 	 	 		 		 		10		10

Time: 31.227703 sec
Packet_Type		Length	Src_nid	Src_port	Option	Origin_nid	Destination_nid	Next_hop_nid
UpdateDataPlaneRouting	796	12	1		Finish	 		 		 

Time: 31.534803 sec
Packet_Type		Length	Src_nid	Src_port	Option	Origin_nid	Destination_nid	Next_hop_nid
UpdateDataPlaneRouting	796	12	1		New	11		2		8
 		 	 	 		 		 		3		8
 		 	 	 		 		 		4		8
 		 	 	 		 		 		5		8
 		 	 	 		 		 		6		8
 		 	 	 		 		 		7		7
 		 	 	 		 		 		8		8
 		 	 	 		 		 		10		10

Time: 31.538903 sec
Packet_Type		Length	Src_nid	Src_port	Option	Origin_nid	Destination_nid	Next_hop_nid
UpdateDataPlaneRouting	796	12	1		Finish	 		 		 

Time: 31.541003 sec
Packet_Type		Length	Src_nid	Src_port	Option	Origin_nid	Destination_nid	Next_hop_nid
UpdateDataPlaneRouting	796	12	1		New	11		2		7
 		 	 	 		 		 		3		8
 		 	 	 		 		 		4		8
 		 	 	 		 		 		5		7
 		 	 	 		 		 		6		7
 		 	 	 		 		 		7		7
 		 	 	 		 		 		8		8
 		 	 	 		 		 		10		10

Time: 31.542103 sec
Packet_Type		Length	Src_nid	Src_port	Option	Origin_nid	Destination_nid	Next_hop_nid
UpdateDataPlaneRouting	796	12	1		Finish	 		 		 

Time: 31.814203 sec
Packet_Type		Length	Src_nid	Src_port	Option	Origin_nid	Destination_nid	Next_hop_nid
UpdateDataPlaneRouting	796	12	1		New	11		2		7
 		 	 	 		 		 		3		8
 		 	 	 		 		 		4		8
 		 	 	 		 		 		5		7
 		 	 	 		 		 		6		7
 		 	 	 		 		 		7		7
 		 	 	 		 		 		8		8
 		 	 	 		 		 		10		10

Time: 31.817303 sec
Packet_Type		Length	Src_nid	Src_port	Option	Origin_nid	Destination_nid	Next_hop_nid
UpdateDataPlaneRouting	796	12	1		Finish	 		 		 

Time: 32.554400 sec
Packet_Type	Length	Src_nid	Src_port
Hello		80	7	1

Time: 32.671500 sec
Packet_Type	Length	Src_nid	Src_port
Hello		80	8	1

Time: 32.817600 sec
Packet_Type	Length	Src_nid	Src_port
Hello		80	10	1

Time: 34.453700 sec
Packet_Type	Length	Src_nid	Src_port
Hello		80	5	1

Time: 34.678800 sec
Packet_Type	Length	Src_nid	Src_port
Hello		80	8	1

Time: 34.829900 sec
Packet_Type	Length	Src_nid	Src_port
Hello		80	10	1

Time: 36.751000 sec
Packet_Type	Length	Src_nid	Src_port
Hello		80	8	1

Time: 36.832100 sec
Packet_Type	Length	Src_nid	Src_port
Hello		80	10	1

Time: 38.496200 sec
Packet_Type	Length	Src_nid	Src_port
Hello		80	5	1

Time: 38.774300 sec
Packet_Type	Length	Src_nid	Src_port
Hello		80	8	1

Time: 38.920400 sec
Packet_Type	Length	Src_nid	Src_port
Hello		80	10	1

Time: 40.523500 sec
Packet_Type	Length	Src_nid	Src_port
Hello		80	5	1

Time: 40.819600 sec
Packet_Type	Length	Src_nid	Src_port
Hello		80	8	1

Time: 40.999700 sec
Packet_Type	Length	Src_nid	Src_port
Hello		80	10	1

Time: 42.535800 sec
Packet_Type	Length	Src_nid	Src_port
Hello		80	5	1

Time: 42.883900 sec
Packet_Type	Length	Src_nid	Src_port
Hello		80	8	1

Time: 43.048000 sec
Packet_Type	Length	Src_nid	Src_port
Hello		80	10	1

Time: 44.909100 sec
Packet_Type	Length	Src_nid	Src_port
Hello		80	8	1

Time: 45.068200 sec
Packet_Type	Length	Src_nid	Src_port
Hello		80	10	1

Time: 46.582300 sec
Packet_Type	Length	Src_nid	Src_port
Hello		80	5	1

Time: 46.916400 sec
Packet_Type	Length	Src_nid	Src_port
Hello		80	8	1

Time: 47.069500 sec
Packet_Type	Length	Src_nid	Src_port
Hello		80	10	1

Time: 48.620600 sec
Packet_Type	Length	Src_nid	Src_port
Hello		80	5	1

Time: 48.971700 sec
Packet_Type	Length	Src_nid	Src_port
Hello		80	8	1

Time: 49.123800 sec
Packet_Type	Length	Src_nid	Src_port
Hello		80	10	1

Time: 50.624900 sec
Packet_Type	Length	Src_nid	Src_port
Hello		80	5	1

Time: 51.007000 sec
Packet_Type	Length	Src_nid	Src_port
Hello		80	8	1

Time: 51.204100 sec
Packet_Type	Length	Src_nid	Src_port
Hello		80	10	1

Time: 52.643200 sec
Packet_Type	Length	Src_nid	Src_port
Hello		80	5	1

Time: 53.045300 sec
Packet_Type	Length	Src_nid	Src_port
Hello		80	8	1

Time: 53.258400 sec
Packet_Type	Length	Src_nid	Src_port
Hello		80	10	1

Time: 55.089500 sec
Packet_Type	Length	Src_nid	Src_port
Hello		80	8	1

Time: 55.285600 sec
Packet_Type	Length	Src_nid	Src_port
Hello		80	10	1

Time: 56.691700 sec
Packet_Type	Length	Src_nid	Src_port
Hello		80	5	1

Time: 57.156800 sec
Packet_Type	Length	Src_nid	Src_port
Hello		80	8	1

Time: 57.359900 sec
Packet_Type	Length	Src_nid	Src_port
Hello		80	10	1

Time: 58.706000 sec
Packet_Type	Length	Src_nid	Src_port
Hello		80	5	1

Time: 59.198100 sec
Packet_Type	Length	Src_nid	Src_port
Hello		80	8	1

Time: 59.448200 sec
Packet_Type	Length	Src_nid	Src_port
Hello		80	10	1

Time: 61.208300 sec
Packet_Type	Length	Src_nid	Src_port
Hello		80	8	1

Time: 61.459400 sec
Packet_Type	Length	Src_nid	Src_port
Hello		80	10	1

Time: 63.230500 sec
Packet_Type	Length	Src_nid	Src_port
Hello		80	8	1

Time: 63.499600 sec
Packet_Type	Length	Src_nid	Src_port
Hello		80	10	1

Time: 65.298700 sec
Packet_Type	Length	Src_nid	Src_port
Hello		80	8	1

Time: 65.531800 sec
Packet_Type	Length	Src_nid	Src_port
Hello		80	10	1

Time: 67.326900 sec
Packet_Type	Length	Src_nid	Src_port
Hello		80	8	1

Time: 69.378000 sec
Packet_Type	Length	Src_nid	Src_port
Hello		80	8	1

Time: 69.641100 sec
Packet_Type	Length	Src_nid	Src_port
Hello		80	10	1

Time: 71.686200 sec
Packet_Type	Length	Src_nid	Src_port
Hello		80	10	1

Time: 73.430300 sec
Packet_Type	Length	Src_nid	Src_port
Hello		80	8	1

Time: 73.737400 sec
Packet_Type	Length	Src_nid	Src_port
Hello		80	10	1

Time: 75.488500 sec
Packet_Type	Length	Src_nid	Src_port
Hello		80	8	1

Time: 75.782600 sec
Packet_Type	Length	Src_nid	Src_port
Hello		80	10	1

Time: 77.500700 sec
Packet_Type	Length	Src_nid	Src_port
Hello		80	8	1

Time: 77.875800 sec
Packet_Type	Length	Src_nid	Src_port
Hello		80	10	1

Time: 79.527900 sec
Packet_Type	Length	Src_nid	Src_port
Hello		80	8	1

Time: 79.963000 sec
Packet_Type	Length	Src_nid	Src_port
Hello		80	10	1

Time: 81.545100 sec
Packet_Type	Length	Src_nid	Src_port
Hello		80	8	1

Time: 82.025200 sec
Packet_Type	Length	Src_nid	Src_port
Hello		80	10	1

Time: 83.564300 sec
Packet_Type	Length	Src_nid	Src_port
Hello		80	8	1

Time: 84.039400 sec
Packet_Type	Length	Src_nid	Src_port
Hello		80	10	1

Time: 85.576500 sec
Packet_Type	Length	Src_nid	Src_port
Hello		80	8	1

Time: 86.055600 sec
Packet_Type	Length	Src_nid	Src_port
Hello		80	10	1

Time: 87.625700 sec
Packet_Type	Length	Src_nid	Src_port
Hello		80	8	1

Time: 88.097800 sec
Packet_Type	Length	Src_nid	Src_port
Hello		80	10	1

Time: 89.650900 sec
Packet_Type	Length	Src_nid	Src_port
Hello		80	8	1

Time: 90.124000 sec
Packet_Type	Length	Src_nid	Src_port
Hello		80	10	1

Time: 91.697100 sec
Packet_Type	Length	Src_nid	Src_port
Hello		80	8	1

Time: 92.138200 sec
Packet_Type	Length	Src_nid	Src_port
Hello		80	10	1

Time: 93.746300 sec
Packet_Type	Length	Src_nid	Src_port
Hello		80	8	1

Time: 94.142400 sec
Packet_Type	Length	Src_nid	Src_port
Hello		80	10	1

Time: 95.820500 sec
Packet_Type	Length	Src_nid	Src_port
Hello		80	8	1

Time: 96.181600 sec
Packet_Type	Length	Src_nid	Src_port
Hello		80	10	1

Time: 97.836700 sec
Packet_Type	Length	Src_nid	Src_port
Hello		80	8	1

Time: 98.230800 sec
Packet_Type	Length	Src_nid	Src_port
Hello		80	10	1

Time: 99.926900 sec
Packet_Type	Length	Src_nid	Src_port
Hello		80	8	1

