Time: 1.009376 sec
Send to Nid: 12
Packet_Type	Length	Src_nid	Src_port
Hello		80	9	1

Time: 2.010476 sec
Send to Nid: 12
Packet_Type		Length	Src_Nid	src_port	Option	Center_nid	Neighbor_nid	Data_plane_port
NeighborUpdate		544	9	1		New	9		8		1

Time: 2.010576 sec
Send to Nid: 12
Packet_Type		Length	Src_Nid	src_port	Option	Center_nid	Neighbor_nid	Data_plane_port
NeighborUpdate		544	9	1		Finish	 		 		 

Time: 2.040676 sec
Send to Nid: 12
Packet_Type		Length	Src_Nid	src_port	Option	Center_nid	Neighbor_nid	Data_plane_port
NeighborUpdate		544	9	1		New	9		8		1
 		 	 	 		 	 			4		1

Time: 2.040776 sec
Send to Nid: 12
Packet_Type		Length	Src_Nid	src_port	Option	Center_nid	Neighbor_nid	Data_plane_port
NeighborUpdate		544	9	1		Finish	 		 		 

Time: 2.040876 sec
Send to Nid: 12
Packet_Type		Length	Src_Nid	src_port	Option	Center_nid	Neighbor_nid	Data_plane_port
NeighborUpdate		544	9	1		New	9		8		1
 		 	 	 		 	 			4		1
 		 	 	 		 	 			5		1

Time: 2.040976 sec
Send to Nid: 12
Packet_Type		Length	Src_Nid	src_port	Option	Center_nid	Neighbor_nid	Data_plane_port
NeighborUpdate		544	9	1		Finish	 		 		 

Time: 2.081300 sec
Broadcast
Packet_Type	Length	Src_nid	Src_port
Hello		80	9	1

Time: 2.092676 sec
Send to Nid: 12
Packet_Type		Length	Src_Nid	src_port	Option	Center_nid	Neighbor_nid	Data_plane_port
NeighborUpdate		544	9	1		New	9		8		1
 		 	 	 		 	 			4		1
 		 	 	 		 	 			5		1
 		 	 	 		 	 			10		1

Time: 2.092776 sec
Send to Nid: 12
Packet_Type		Length	Src_Nid	src_port	Option	Center_nid	Neighbor_nid	Data_plane_port
NeighborUpdate		544	9	1		Finish	 		 		 

Time: 3.165675 sec
Send to Nid: 12
Packet_Type	Length	Src_nid	Src_port
Hello		80	9	1

Time: 4.040375 sec
Send to Nid: 12
Packet_Type		Length	Src_Nid	src_port	Option	Center_nid	Neighbor_nid	Data_plane_port
NeighborUpdate		544	9	1		New	9		8		1
 		 	 	 		 	 			4		1
 		 	 	 		 	 			5		1
 		 	 	 		 	 			10		1

Time: 4.040475 sec
Send to Nid: 12
Packet_Type		Length	Src_Nid	src_port	Option	Center_nid	Neighbor_nid	Data_plane_port
NeighborUpdate		544	9	1		Finish	 		 		 

Time: 4.114700 sec
Broadcast
Packet_Type	Length	Src_nid	Src_port
Hello		80	9	1

Time: 4.171688 sec
Send to Nid: 12
Packet_Type	Length	Src_nid	Src_port
Hello		80	9	1

Time: 4.172788 sec
Send to Nid: 12
Packet_Type		Length	Src_Nid	src_port	Option	Center_nid	Neighbor_nid	Data_plane_port
NeighborUpdate		544	9	1		New	9		8		1
 		 	 	 		 	 			4		1
 		 	 	 		 	 			5		1
 		 	 	 		 	 			10		1

Time: 4.172888 sec
Send to Nid: 12
Packet_Type		Length	Src_Nid	src_port	Option	Center_nid	Neighbor_nid	Data_plane_port
NeighborUpdate		544	9	1		Finish	 		 		 

Time: 4.172988 sec
Send to Nid: 12
Packet_Type		Length	Src_Nid	src_port	Option	Center_nid	Neighbor_nid	Data_plane_port
NeighborUpdate		544	9	1		New	9		8		1
 		 	 	 		 	 			4		1
 		 	 	 		 	 			5		1
 		 	 	 		 	 			10		1

Time: 4.173088 sec
Send to Nid: 12
Packet_Type		Length	Src_Nid	src_port	Option	Center_nid	Neighbor_nid	Data_plane_port
NeighborUpdate		544	9	1		Finish	 		 		 

Time: 6.040988 sec
Send to Nid: 12
Packet_Type		Length	Src_Nid	src_port	Option	Center_nid	Neighbor_nid	Data_plane_port
NeighborUpdate		544	9	1		New	9		8		1
 		 	 	 		 	 			4		1
 		 	 	 		 	 			5		1
 		 	 	 		 	 			10		1

Time: 6.041088 sec
Send to Nid: 12
Packet_Type		Length	Src_Nid	src_port	Option	Center_nid	Neighbor_nid	Data_plane_port
NeighborUpdate		544	9	1		Finish	 		 		 

Time: 6.140188 sec
Send to Nid: 12
Packet_Type		Length	Src_Nid	src_port	Option	Center_nid	Neighbor_nid	Data_plane_port
NeighborUpdate		544	9	1		New	9		8		1
 		 	 	 		 	 			4		1
 		 	 	 		 	 			5		1
 		 	 	 		 	 			10		1

Time: 6.140288 sec
Send to Nid: 12
Packet_Type		Length	Src_Nid	src_port	Option	Center_nid	Neighbor_nid	Data_plane_port
NeighborUpdate		544	9	1		Finish	 		 		 

Time: 6.157900 sec
Broadcast
Packet_Type	Length	Src_nid	Src_port
Hello		80	9	1

Time: 7.090388 sec
Send to Nid: 12
Packet_Type		Length	Src_Nid	src_port	Option	Center_nid	Neighbor_nid	Data_plane_port
NeighborUpdate		544	9	1		New	9		8		1
 		 	 	 		 	 			4		1
 		 	 	 		 	 			5		1

Time: 7.090488 sec
Send to Nid: 12
Packet_Type		Length	Src_Nid	src_port	Option	Center_nid	Neighbor_nid	Data_plane_port
NeighborUpdate		544	9	1		Finish	 		 		 

Time: 8.070788 sec
Send to Nid: 12
Packet_Type		Length	Src_Nid	src_port	Option	Center_nid	Neighbor_nid	Data_plane_port
NeighborUpdate		544	9	1		New	9		8		1
 		 	 	 		 	 			4		1
 		 	 	 		 	 			5		1

Time: 8.070888 sec
Send to Nid: 12
Packet_Type		Length	Src_Nid	src_port	Option	Center_nid	Neighbor_nid	Data_plane_port
NeighborUpdate		544	9	1		Finish	 		 		 

Time: 8.160988 sec
Send to Nid: 12
Packet_Type		Length	Src_Nid	src_port	Option	Center_nid	Neighbor_nid	Data_plane_port
NeighborUpdate		544	9	1		New	9		8		1
 		 	 	 		 	 			4		1
 		 	 	 		 	 			5		1

Time: 8.161088 sec
Send to Nid: 12
Packet_Type		Length	Src_Nid	src_port	Option	Center_nid	Neighbor_nid	Data_plane_port
NeighborUpdate		544	9	1		Finish	 		 		 

Time: 8.225100 sec
Broadcast
Packet_Type	Length	Src_nid	Src_port
Hello		80	9	1

Time: 9.080388 sec
Send to Nid: 12
Packet_Type		Length	Src_Nid	src_port	Option	Center_nid	Neighbor_nid	Data_plane_port
NeighborUpdate		544	9	1		New	9		8		1
 		 	 	 		 	 			4		1

Time: 10.248300 sec
Broadcast
Packet_Type	Length	Src_nid	Src_port
Hello		80	9	1

Time: 12.329500 sec
Broadcast
Packet_Type	Length	Src_nid	Src_port
Hello		80	9	1

Time: 14.411800 sec
Broadcast
Packet_Type	Length	Src_nid	Src_port
Hello		80	9	1

Time: 16.502100 sec
Broadcast
Packet_Type	Length	Src_nid	Src_port
Hello		80	9	1

Time: 18.517500 sec
Broadcast
Packet_Type	Length	Src_nid	Src_port
Hello		80	9	1

Time: 20.587800 sec
Broadcast
Packet_Type	Length	Src_nid	Src_port
Hello		80	9	1

Time: 22.660100 sec
Broadcast
Packet_Type	Length	Src_nid	Src_port
Hello		80	9	1

Time: 24.699500 sec
Broadcast
Packet_Type	Length	Src_nid	Src_port
Hello		80	9	1

Time: 26.763900 sec
Broadcast
Packet_Type	Length	Src_nid	Src_port
Hello		80	9	1

Time: 28.830200 sec
Broadcast
Packet_Type	Length	Src_nid	Src_port
Hello		80	9	1

Time: 30.841500 sec
Broadcast
Packet_Type	Length	Src_nid	Src_port
Hello		80	9	1

Time: 32.906700 sec
Broadcast
Packet_Type	Length	Src_nid	Src_port
Hello		80	9	1

Time: 34.987100 sec
Broadcast
Packet_Type	Length	Src_nid	Src_port
Hello		80	9	1

Time: 37.051400 sec
Broadcast
Packet_Type	Length	Src_nid	Src_port
Hello		80	9	1

Time: 39.080800 sec
Broadcast
Packet_Type	Length	Src_nid	Src_port
Hello		80	9	1

Time: 41.132300 sec
Broadcast
Packet_Type	Length	Src_nid	Src_port
Hello		80	9	1

Time: 43.213700 sec
Broadcast
Packet_Type	Length	Src_nid	Src_port
Hello		80	9	1

Time: 45.262100 sec
Broadcast
Packet_Type	Length	Src_nid	Src_port
Hello		80	9	1

Time: 47.337500 sec
Broadcast
Packet_Type	Length	Src_nid	Src_port
Hello		80	9	1

Time: 49.372900 sec
Broadcast
Packet_Type	Length	Src_nid	Src_port
Hello		80	9	1

Time: 51.422200 sec
Broadcast
Packet_Type	Length	Src_nid	Src_port
Hello		80	9	1

Time: 53.506500 sec
Broadcast
Packet_Type	Length	Src_nid	Src_port
Hello		80	9	1

Time: 55.568700 sec
Broadcast
Packet_Type	Length	Src_nid	Src_port
Hello		80	9	1

Time: 57.640000 sec
Broadcast
Packet_Type	Length	Src_nid	Src_port
Hello		80	9	1

Time: 59.708200 sec
Broadcast
Packet_Type	Length	Src_nid	Src_port
Hello		80	9	1

Time: 61.714200 sec
Broadcast
Packet_Type	Length	Src_nid	Src_port
Hello		80	9	1

Time: 63.803200 sec
Broadcast
Packet_Type	Length	Src_nid	Src_port
Hello		80	9	1

Time: 65.810300 sec
Broadcast
Packet_Type	Length	Src_nid	Src_port
Hello		80	9	1

Time: 67.875500 sec
Broadcast
Packet_Type	Length	Src_nid	Src_port
Hello		80	9	1

Time: 69.938600 sec
Broadcast
Packet_Type	Length	Src_nid	Src_port
Hello		80	9	1

Time: 71.968700 sec
Broadcast
Packet_Type	Length	Src_nid	Src_port
Hello		80	9	1

Time: 74.049800 sec
Broadcast
Packet_Type	Length	Src_nid	Src_port
Hello		80	9	1

Time: 76.100900 sec
Broadcast
Packet_Type	Length	Src_nid	Src_port
Hello		80	9	1

Time: 78.114000 sec
Broadcast
Packet_Type	Length	Src_nid	Src_port
Hello		80	9	1

Time: 80.118100 sec
Broadcast
Packet_Type	Length	Src_nid	Src_port
Hello		80	9	1

Time: 82.167200 sec
Broadcast
Packet_Type	Length	Src_nid	Src_port
Hello		80	9	1

Time: 84.237300 sec
Broadcast
Packet_Type	Length	Src_nid	Src_port
Hello		80	9	1

Time: 86.298400 sec
Broadcast
Packet_Type	Length	Src_nid	Src_port
Hello		80	9	1

Time: 88.328500 sec
Broadcast
Packet_Type	Length	Src_nid	Src_port
Hello		80	9	1

Time: 90.395700 sec
Broadcast
Packet_Type	Length	Src_nid	Src_port
Hello		80	9	1

Time: 92.440900 sec
Broadcast
Packet_Type	Length	Src_nid	Src_port
Hello		80	9	1

Time: 94.528200 sec
Broadcast
Packet_Type	Length	Src_nid	Src_port
Hello		80	9	1

Time: 96.595400 sec
Broadcast
Packet_Type	Length	Src_nid	Src_port
Hello		80	9	1

Time: 98.662600 sec
Broadcast
Packet_Type	Length	Src_nid	Src_port
Hello		80	9	1

