Time: 2.008000 sec
Packet_Type	Length	Src_nid	Src_port
Hello		80	8	1

Time: 2.010100 sec
Packet_Type	Length	Src_nid	Src_port
Hello		80	7	1

Time: 2.107200 sec
Packet_Type	Length	Src_nid	Src_port
Hello		80	9	1

Time: 4.019300 sec
Packet_Type	Length	Src_nid	Src_port
Hello		80	7	1

Time: 4.087400 sec
Packet_Type	Length	Src_nid	Src_port
Hello		80	8	1

Time: 6.082500 sec
Packet_Type	Length	Src_nid	Src_port
Hello		80	7	1

Time: 6.137600 sec
Packet_Type	Length	Src_nid	Src_port
Hello		80	8	1

Time: 6.241700 sec
Packet_Type	Length	Src_nid	Src_port
Hello		80	11	1

Time: 8.152800 sec
Packet_Type	Length	Src_nid	Src_port
Hello		80	7	1

Time: 8.154900 sec
Packet_Type	Length	Src_nid	Src_port
Hello		80	8	1

Time: 8.256000 sec
Packet_Type	Length	Src_nid	Src_port
Hello		80	11	1

Time: 10.190100 sec
Packet_Type	Length	Src_nid	Src_port
Hello		80	7	1

Time: 10.212200 sec
Packet_Type	Length	Src_nid	Src_port
Hello		80	8	1

Time: 10.268300 sec
Packet_Type	Length	Src_nid	Src_port
Hello		80	11	1

Time: 12.194400 sec
Packet_Type	Length	Src_nid	Src_port
Hello		80	7	1

Time: 12.255500 sec
Packet_Type	Length	Src_nid	Src_port
Hello		80	8	1

Time: 12.376600 sec
Packet_Type	Length	Src_nid	Src_port
Hello		80	11	1

Time: 14.324700 sec
Packet_Type	Length	Src_nid	Src_port
Hello		80	8	1

Time: 16.274800 sec
Packet_Type	Length	Src_nid	Src_port
Hello		80	7	1

Time: 16.387900 sec
Packet_Type	Length	Src_nid	Src_port
Hello		80	8	1

Time: 18.346000 sec
Packet_Type	Length	Src_nid	Src_port
Hello		80	7	1

Time: 18.419100 sec
Packet_Type	Length	Src_nid	Src_port
Hello		80	8	1

Time: 18.516200 sec
Packet_Type	Length	Src_nid	Src_port
Hello		80	11	1

Time: 19.015771 sec
Packet_Type		Length	Src_Nid	src_port	Option	Center_nid	Neighbor_nid	Data_plane_port
NeighborUpdate		544	12	1		Finish	 		 		 

Time: 19.072871 sec
Packet_Type		Length	Src_Nid	src_port	Option	Center_nid	Neighbor_nid	Data_plane_port
NeighborUpdate		544	12	1		New	5		1		1
 		 	 	 		 	 			8		1
 		 	 	 		 	 			4		1
 		 	 	 		 	 			3		1
 		 	 	 		 	 			6		1
 		 	 	 		 	 			2		1

Time: 19.085971 sec
Packet_Type		Length	Src_Nid	src_port	Option	Center_nid	Neighbor_nid	Data_plane_port
NeighborUpdate		544	12	1		Finish	 		 		 

Time: 19.379071 sec
Packet_Type		Length	Src_Nid	src_port	Option	Center_nid	Neighbor_nid	Data_plane_port
NeighborUpdate		544	12	1		Finish	 		 		 

Time: 19.614528 sec
Packet_Type		Length	Src_nid	Src_port	Option	Origin_nid	Destination_nid	Next_hop_nid
UpdateDataPlaneRouting	796	12	1		New	10		1		8
 		 	 	 		 		 		2		8
 		 	 	 		 		 		3		8
 		 	 	 		 		 		4		8
 		 	 	 		 		 		5		8
 		 	 	 		 		 		6		8
 		 	 	 		 		 		8		8

Time: 19.616628 sec
Packet_Type		Length	Src_nid	Src_port	Option	Origin_nid	Destination_nid	Next_hop_nid
UpdateDataPlaneRouting	796	12	1		Finish	 		 		 

Time: 19.961728 sec
Packet_Type		Length	Src_nid	Src_port	Option	Origin_nid	Destination_nid	Next_hop_nid
UpdateDataPlaneRouting	796	12	1		New	10		1		8
 		 	 	 		 		 		2		8
 		 	 	 		 		 		3		8
 		 	 	 		 		 		4		8
 		 	 	 		 		 		5		8
 		 	 	 		 		 		6		8
 		 	 	 		 		 		8		8

Time: 19.967828 sec
Packet_Type		Length	Src_nid	Src_port	Option	Origin_nid	Destination_nid	Next_hop_nid
UpdateDataPlaneRouting	796	12	1		Finish	 		 		 

Time: 20.288928 sec
Packet_Type		Length	Src_nid	Src_port	Option	Origin_nid	Destination_nid	Next_hop_nid
UpdateDataPlaneRouting	796	12	1		New	10		1		8
 		 	 	 		 		 		2		8
 		 	 	 		 		 		3		8
 		 	 	 		 		 		4		8
 		 	 	 		 		 		5		8
 		 	 	 		 		 		6		8
 		 	 	 		 		 		8		8

Time: 20.292028 sec
Packet_Type		Length	Src_nid	Src_port	Option	Origin_nid	Destination_nid	Next_hop_nid
UpdateDataPlaneRouting	796	12	1		Finish	 		 		 

Time: 20.396300 sec
Packet_Type	Length	Src_nid	Src_port
Hello		80	7	1

Time: 20.439328 sec
Packet_Type		Length	Src_nid	Src_port	Option	Origin_nid	Destination_nid	Next_hop_nid
UpdateDataPlaneRouting	796	12	1		New	10		1		8
 		 	 	 		 		 		2		8
 		 	 	 		 		 		3		8
 		 	 	 		 		 		4		8
 		 	 	 		 		 		5		8
 		 	 	 		 		 		6		8
 		 	 	 		 		 		8		8

Time: 20.442428 sec
Packet_Type		Length	Src_nid	Src_port	Option	Origin_nid	Destination_nid	Next_hop_nid
UpdateDataPlaneRouting	796	12	1		Finish	 		 		 

Time: 20.469400 sec
Packet_Type	Length	Src_nid	Src_port
Hello		80	8	1

Time: 20.606500 sec
Packet_Type	Length	Src_nid	Src_port
Hello		80	11	1

Time: 20.699928 sec
Packet_Type		Length	Src_nid	Src_port	Option	Origin_nid	Destination_nid	Next_hop_nid
UpdateDataPlaneRouting	796	12	1		New	10		1		8
 		 	 	 		 		 		2		8
 		 	 	 		 		 		3		8
 		 	 	 		 		 		4		8
 		 	 	 		 		 		5		8
 		 	 	 		 		 		6		8
 		 	 	 		 		 		8		8
 		 	 	 		 		 		11		11

Time: 20.707028 sec
Packet_Type		Length	Src_nid	Src_port	Option	Origin_nid	Destination_nid	Next_hop_nid
UpdateDataPlaneRouting	796	12	1		Finish	 		 		 

Time: 20.767128 sec
Packet_Type		Length	Src_nid	Src_port	Option	Origin_nid	Destination_nid	Next_hop_nid
UpdateDataPlaneRouting	796	12	1		New	10		1		8
 		 	 	 		 		 		2		8
 		 	 	 		 		 		3		8
 		 	 	 		 		 		4		8
 		 	 	 		 		 		5		8
 		 	 	 		 		 		6		8
 		 	 	 		 		 		8		8
 		 	 	 		 		 		11		11

Time: 20.779228 sec
Packet_Type		Length	Src_nid	Src_port	Option	Origin_nid	Destination_nid	Next_hop_nid
UpdateDataPlaneRouting	796	12	1		Finish	 		 		 

Time: 20.995328 sec
Packet_Type		Length	Src_nid	Src_port	Option	Origin_nid	Destination_nid	Next_hop_nid
UpdateDataPlaneRouting	796	12	1		New	10		1		8
 		 	 	 		 		 		2		8
 		 	 	 		 		 		3		8
 		 	 	 		 		 		4		8
 		 	 	 		 		 		5		8
 		 	 	 		 		 		6		8
 		 	 	 		 		 		8		8
 		 	 	 		 		 		11		11

Time: 20.999428 sec
Packet_Type		Length	Src_nid	Src_port	Option	Origin_nid	Destination_nid	Next_hop_nid
UpdateDataPlaneRouting	796	12	1		Finish	 		 		 

Time: 21.593639 sec
Packet_Type		Length	Src_nid	Src_port	Option	Origin_nid	Destination_nid	Next_hop_nid
UpdateDataPlaneRouting	796	12	1		New	10		1		8
 		 	 	 		 		 		2		8
 		 	 	 		 		 		3		8
 		 	 	 		 		 		4		8
 		 	 	 		 		 		5		8
 		 	 	 		 		 		6		8
 		 	 	 		 		 		8		8
 		 	 	 		 		 		11		11

Time: 21.604739 sec
Packet_Type		Length	Src_nid	Src_port	Option	Origin_nid	Destination_nid	Next_hop_nid
UpdateDataPlaneRouting	796	12	1		Finish	 		 		 

Time: 22.407600 sec
Packet_Type	Length	Src_nid	Src_port
Hello		80	7	1

Time: 22.478700 sec
Packet_Type	Length	Src_nid	Src_port
Hello		80	8	1

Time: 22.688800 sec
Packet_Type	Length	Src_nid	Src_port
Hello		80	11	1

Time: 23.711008 sec
Packet_Type		Length	Src_nid	Src_port	Option	Origin_nid	Destination_nid	Next_hop_nid
UpdateDataPlaneRouting	796	12	1		New	10		1		8
 		 	 	 		 		 		2		8
 		 	 	 		 		 		3		8
 		 	 	 		 		 		4		8
 		 	 	 		 		 		5		8
 		 	 	 		 		 		6		8
 		 	 	 		 		 		8		8
 		 	 	 		 		 		11		11

Time: 23.712108 sec
Packet_Type		Length	Src_nid	Src_port	Option	Origin_nid	Destination_nid	Next_hop_nid
UpdateDataPlaneRouting	796	12	1		Finish	 		 		 

Time: 23.937208 sec
Packet_Type		Length	Src_nid	Src_port	Option	Origin_nid	Destination_nid	Next_hop_nid
UpdateDataPlaneRouting	796	12	1		New	10		1		8
 		 	 	 		 		 		2		8
 		 	 	 		 		 		3		8
 		 	 	 		 		 		4		8
 		 	 	 		 		 		5		8
 		 	 	 		 		 		6		8
 		 	 	 		 		 		8		8
 		 	 	 		 		 		11		11

Time: 23.939308 sec
Packet_Type		Length	Src_nid	Src_port	Option	Origin_nid	Destination_nid	Next_hop_nid
UpdateDataPlaneRouting	796	12	1		Finish	 		 		 

Time: 24.269408 sec
Packet_Type		Length	Src_nid	Src_port	Option	Origin_nid	Destination_nid	Next_hop_nid
UpdateDataPlaneRouting	796	12	1		New	10		1		8
 		 	 	 		 		 		2		8
 		 	 	 		 		 		3		8
 		 	 	 		 		 		4		8
 		 	 	 		 		 		5		8
 		 	 	 		 		 		6		8
 		 	 	 		 		 		8		8
 		 	 	 		 		 		11		11

Time: 24.270508 sec
Packet_Type		Length	Src_nid	Src_port	Option	Origin_nid	Destination_nid	Next_hop_nid
UpdateDataPlaneRouting	796	12	1		Finish	 		 		 

Time: 24.434900 sec
Packet_Type	Length	Src_nid	Src_port
Hello		80	7	1

Time: 24.506000 sec
Packet_Type	Length	Src_nid	Src_port
Hello		80	8	1

Time: 24.747100 sec
Packet_Type	Length	Src_nid	Src_port
Hello		80	11	1

Time: 25.093208 sec
Packet_Type		Length	Src_nid	Src_port	Option	Origin_nid	Destination_nid	Next_hop_nid
UpdateDataPlaneRouting	796	12	1		New	10		1		8
 		 	 	 		 		 		2		8
 		 	 	 		 		 		3		8
 		 	 	 		 		 		4		8
 		 	 	 		 		 		5		8
 		 	 	 		 		 		6		8
 		 	 	 		 		 		8		8
 		 	 	 		 		 		11		11

Time: 25.094308 sec
Packet_Type		Length	Src_nid	Src_port	Option	Origin_nid	Destination_nid	Next_hop_nid
UpdateDataPlaneRouting	796	12	1		Finish	 		 		 

Time: 25.177408 sec
Packet_Type		Length	Src_nid	Src_port	Option	Origin_nid	Destination_nid	Next_hop_nid
UpdateDataPlaneRouting	796	12	1		New	10		1		8
 		 	 	 		 		 		2		8
 		 	 	 		 		 		3		8
 		 	 	 		 		 		4		8
 		 	 	 		 		 		5		8
 		 	 	 		 		 		6		8
 		 	 	 		 		 		8		8
 		 	 	 		 		 		11		11

Time: 25.178508 sec
Packet_Type		Length	Src_nid	Src_port	Option	Origin_nid	Destination_nid	Next_hop_nid
UpdateDataPlaneRouting	796	12	1		Finish	 		 		 

Time: 25.201608 sec
Packet_Type		Length	Src_nid	Src_port	Option	Origin_nid	Destination_nid	Next_hop_nid
UpdateDataPlaneRouting	796	12	1		New	10		1		8
 		 	 	 		 		 		2		8
 		 	 	 		 		 		3		8
 		 	 	 		 		 		4		8
 		 	 	 		 		 		5		8
 		 	 	 		 		 		6		8
 		 	 	 		 		 		8		8
 		 	 	 		 		 		11		11

Time: 25.203708 sec
Packet_Type		Length	Src_nid	Src_port	Option	Origin_nid	Destination_nid	Next_hop_nid
UpdateDataPlaneRouting	796	12	1		Finish	 		 		 

Time: 25.315808 sec
Packet_Type		Length	Src_nid	Src_port	Option	Origin_nid	Destination_nid	Next_hop_nid
UpdateDataPlaneRouting	796	12	1		New	10		1		8
 		 	 	 		 		 		2		8
 		 	 	 		 		 		3		8
 		 	 	 		 		 		4		8
 		 	 	 		 		 		5		8
 		 	 	 		 		 		6		8
 		 	 	 		 		 		8		8
 		 	 	 		 		 		11		11

Time: 25.316908 sec
Packet_Type		Length	Src_nid	Src_port	Option	Origin_nid	Destination_nid	Next_hop_nid
UpdateDataPlaneRouting	796	12	1		Finish	 		 		 

Time: 25.826008 sec
Packet_Type		Length	Src_nid	Src_port	Option	Origin_nid	Destination_nid	Next_hop_nid
UpdateDataPlaneRouting	796	12	1		New	10		1		8
 		 	 	 		 		 		2		8
 		 	 	 		 		 		3		8
 		 	 	 		 		 		4		8
 		 	 	 		 		 		5		8
 		 	 	 		 		 		6		8
 		 	 	 		 		 		8		8
 		 	 	 		 		 		11		11

Time: 25.830108 sec
Packet_Type		Length	Src_nid	Src_port	Option	Origin_nid	Destination_nid	Next_hop_nid
UpdateDataPlaneRouting	796	12	1		Finish	 		 		 

Time: 26.006208 sec
Packet_Type		Length	Src_nid	Src_port	Option	Origin_nid	Destination_nid	Next_hop_nid
UpdateDataPlaneRouting	796	12	1		New	10		1		8
 		 	 	 		 		 		2		8
 		 	 	 		 		 		3		8
 		 	 	 		 		 		4		8
 		 	 	 		 		 		5		8
 		 	 	 		 		 		6		8
 		 	 	 		 		 		8		8
 		 	 	 		 		 		11		11

Time: 26.007308 sec
Packet_Type		Length	Src_nid	Src_port	Option	Origin_nid	Destination_nid	Next_hop_nid
UpdateDataPlaneRouting	796	12	1		Finish	 		 		 

Time: 26.458200 sec
Packet_Type	Length	Src_nid	Src_port
Hello		80	7	1

Time: 26.529608 sec
Packet_Type		Length	Src_nid	Src_port	Option	Origin_nid	Destination_nid	Next_hop_nid
UpdateDataPlaneRouting	796	12	1		New	10		1		8
 		 	 	 		 		 		2		8
 		 	 	 		 		 		3		8
 		 	 	 		 		 		4		8
 		 	 	 		 		 		5		8
 		 	 	 		 		 		6		8
 		 	 	 		 		 		8		8
 		 	 	 		 		 		11		11

Time: 26.530708 sec
Packet_Type		Length	Src_nid	Src_port	Option	Origin_nid	Destination_nid	Next_hop_nid
UpdateDataPlaneRouting	796	12	1		Finish	 		 		 

Time: 26.540300 sec
Packet_Type	Length	Src_nid	Src_port
Hello		80	8	1

Time: 26.571008 sec
Packet_Type		Length	Src_nid	Src_port	Option	Origin_nid	Destination_nid	Next_hop_nid
UpdateDataPlaneRouting	796	12	1		New	10		1		8
 		 	 	 		 		 		2		8
 		 	 	 		 		 		3		8
 		 	 	 		 		 		4		8
 		 	 	 		 		 		5		8
 		 	 	 		 		 		6		8
 		 	 	 		 		 		8		8
 		 	 	 		 		 		11		11

Time: 26.572108 sec
Packet_Type		Length	Src_nid	Src_port	Option	Origin_nid	Destination_nid	Next_hop_nid
UpdateDataPlaneRouting	796	12	1		Finish	 		 		 

Time: 27.367208 sec
Packet_Type		Length	Src_nid	Src_port	Option	Origin_nid	Destination_nid	Next_hop_nid
UpdateDataPlaneRouting	796	12	1		New	10		1		8
 		 	 	 		 		 		2		8
 		 	 	 		 		 		3		8
 		 	 	 		 		 		4		8
 		 	 	 		 		 		5		8
 		 	 	 		 		 		6		8
 		 	 	 		 		 		8		8
 		 	 	 		 		 		11		11

Time: 27.372308 sec
Packet_Type		Length	Src_nid	Src_port	Option	Origin_nid	Destination_nid	Next_hop_nid
UpdateDataPlaneRouting	796	12	1		Finish	 		 		 

Time: 28.288408 sec
Packet_Type		Length	Src_nid	Src_port	Option	Origin_nid	Destination_nid	Next_hop_nid
UpdateDataPlaneRouting	796	12	1		New	10		2		8
 		 	 	 		 		 		3		8
 		 	 	 		 		 		4		8
 		 	 	 		 		 		5		8
 		 	 	 		 		 		6		8
 		 	 	 		 		 		8		8
 		 	 	 		 		 		11		11

Time: 28.289508 sec
Packet_Type		Length	Src_nid	Src_port	Option	Origin_nid	Destination_nid	Next_hop_nid
UpdateDataPlaneRouting	796	12	1		Finish	 		 		 

Time: 28.478400 sec
Packet_Type	Length	Src_nid	Src_port
Hello		80	7	1

Time: 28.479608 sec
Packet_Type		Length	Src_nid	Src_port	Option	Origin_nid	Destination_nid	Next_hop_nid
UpdateDataPlaneRouting	796	12	1		New	10		2		8
 		 	 	 		 		 		3		8
 		 	 	 		 		 		4		8
 		 	 	 		 		 		5		8
 		 	 	 		 		 		6		8
 		 	 	 		 		 		8		8
 		 	 	 		 		 		11		11

Time: 28.486908 sec
Packet_Type		Length	Src_nid	Src_port	Option	Origin_nid	Destination_nid	Next_hop_nid
UpdateDataPlaneRouting	796	12	1		Finish	 		 		 

Time: 28.593500 sec
Packet_Type	Length	Src_nid	Src_port
Hello		80	8	1

Time: 28.887600 sec
Packet_Type	Length	Src_nid	Src_port
Hello		80	11	1

Time: 29.349408 sec
Packet_Type		Length	Src_nid	Src_port	Option	Origin_nid	Destination_nid	Next_hop_nid
UpdateDataPlaneRouting	796	12	1		New	10		2		8
 		 	 	 		 		 		3		8
 		 	 	 		 		 		4		8
 		 	 	 		 		 		5		8
 		 	 	 		 		 		6		8
 		 	 	 		 		 		8		8
 		 	 	 		 		 		11		11

Time: 29.350508 sec
Packet_Type		Length	Src_nid	Src_port	Option	Origin_nid	Destination_nid	Next_hop_nid
UpdateDataPlaneRouting	796	12	1		Finish	 		 		 

Time: 29.418608 sec
Packet_Type		Length	Src_nid	Src_port	Option	Origin_nid	Destination_nid	Next_hop_nid
UpdateDataPlaneRouting	796	12	1		New	10		2		8
 		 	 	 		 		 		3		8
 		 	 	 		 		 		4		8
 		 	 	 		 		 		5		8
 		 	 	 		 		 		6		8
 		 	 	 		 		 		8		8
 		 	 	 		 		 		11		11

Time: 29.419708 sec
Packet_Type		Length	Src_nid	Src_port	Option	Origin_nid	Destination_nid	Next_hop_nid
UpdateDataPlaneRouting	796	12	1		Finish	 		 		 

Time: 29.527808 sec
Packet_Type		Length	Src_nid	Src_port	Option	Origin_nid	Destination_nid	Next_hop_nid
UpdateDataPlaneRouting	796	12	1		New	10		2		8
 		 	 	 		 		 		3		8
 		 	 	 		 		 		4		8
 		 	 	 		 		 		5		8
 		 	 	 		 		 		6		8
 		 	 	 		 		 		8		8
 		 	 	 		 		 		11		11

Time: 29.528908 sec
Packet_Type		Length	Src_nid	Src_port	Option	Origin_nid	Destination_nid	Next_hop_nid
UpdateDataPlaneRouting	796	12	1		Finish	 		 		 

Time: 30.517700 sec
Packet_Type	Length	Src_nid	Src_port
Hello		80	7	1

Time: 30.551208 sec
Packet_Type		Length	Src_nid	Src_port	Option	Origin_nid	Destination_nid	Next_hop_nid
UpdateDataPlaneRouting	796	12	1		New	10		2		8
 		 	 	 		 		 		3		8
 		 	 	 		 		 		4		8
 		 	 	 		 		 		5		8
 		 	 	 		 		 		6		8
 		 	 	 		 		 		8		8
 		 	 	 		 		 		11		11

Time: 30.553308 sec
Packet_Type		Length	Src_nid	Src_port	Option	Origin_nid	Destination_nid	Next_hop_nid
UpdateDataPlaneRouting	796	12	1		Finish	 		 		 

Time: 30.661800 sec
Packet_Type	Length	Src_nid	Src_port
Hello		80	8	1

Time: 30.987900 sec
Packet_Type	Length	Src_nid	Src_port
Hello		80	11	1

Time: 31.052808 sec
Packet_Type		Length	Src_nid	Src_port	Option	Origin_nid	Destination_nid	Next_hop_nid
UpdateDataPlaneRouting	796	12	1		New	10		2		8
 		 	 	 		 		 		3		8
 		 	 	 		 		 		4		8
 		 	 	 		 		 		5		8
 		 	 	 		 		 		6		8
 		 	 	 		 		 		7		7
 		 	 	 		 		 		8		8
 		 	 	 		 		 		11		11

Time: 31.056908 sec
Packet_Type		Length	Src_nid	Src_port	Option	Origin_nid	Destination_nid	Next_hop_nid
UpdateDataPlaneRouting	796	12	1		Finish	 		 		 

Time: 31.124008 sec
Packet_Type		Length	Src_nid	Src_port	Option	Origin_nid	Destination_nid	Next_hop_nid
UpdateDataPlaneRouting	796	12	1		New	10		2		8
 		 	 	 		 		 		3		8
 		 	 	 		 		 		4		8
 		 	 	 		 		 		5		8
 		 	 	 		 		 		6		8
 		 	 	 		 		 		7		7
 		 	 	 		 		 		8		8
 		 	 	 		 		 		11		11

Time: 31.127108 sec
Packet_Type		Length	Src_nid	Src_port	Option	Origin_nid	Destination_nid	Next_hop_nid
UpdateDataPlaneRouting	796	12	1		Finish	 		 		 

Time: 31.180208 sec
Packet_Type		Length	Src_nid	Src_port	Option	Origin_nid	Destination_nid	Next_hop_nid
UpdateDataPlaneRouting	796	12	1		New	10		2		7
 		 	 	 		 		 		3		8
 		 	 	 		 		 		4		8
 		 	 	 		 		 		5		7
 		 	 	 		 		 		6		7
 		 	 	 		 		 		7		7
 		 	 	 		 		 		8		8
 		 	 	 		 		 		11		11

Time: 31.184308 sec
Packet_Type		Length	Src_nid	Src_port	Option	Origin_nid	Destination_nid	Next_hop_nid
UpdateDataPlaneRouting	796	12	1		Finish	 		 		 

Time: 31.689408 sec
Packet_Type		Length	Src_nid	Src_port	Option	Origin_nid	Destination_nid	Next_hop_nid
UpdateDataPlaneRouting	796	12	1		New	10		2		7
 		 	 	 		 		 		3		8
 		 	 	 		 		 		4		8
 		 	 	 		 		 		5		7
 		 	 	 		 		 		6		7
 		 	 	 		 		 		7		7
 		 	 	 		 		 		8		8
 		 	 	 		 		 		11		11

Time: 31.692508 sec
Packet_Type		Length	Src_nid	Src_port	Option	Origin_nid	Destination_nid	Next_hop_nid
UpdateDataPlaneRouting	796	12	1		Finish	 		 		 

Time: 31.763608 sec
Packet_Type		Length	Src_nid	Src_port	Option	Origin_nid	Destination_nid	Next_hop_nid
UpdateDataPlaneRouting	796	12	1		New	10		2		7
 		 	 	 		 		 		3		8
 		 	 	 		 		 		4		8
 		 	 	 		 		 		5		7
 		 	 	 		 		 		6		7
 		 	 	 		 		 		7		7
 		 	 	 		 		 		8		8
 		 	 	 		 		 		11		11

Time: 31.767708 sec
Packet_Type		Length	Src_nid	Src_port	Option	Origin_nid	Destination_nid	Next_hop_nid
UpdateDataPlaneRouting	796	12	1		Finish	 		 		 

Time: 32.555000 sec
Packet_Type	Length	Src_nid	Src_port
Hello		80	7	1

Time: 32.672100 sec
Packet_Type	Length	Src_nid	Src_port
Hello		80	8	1

Time: 32.889208 sec
Packet_Type		Length	Src_nid	Src_port	Option	Origin_nid	Destination_nid	Next_hop_nid
UpdateDataPlaneRouting	796	12	1		New	10		2		8
 		 	 	 		 		 		3		8
 		 	 	 		 		 		4		8
 		 	 	 		 		 		5		8
 		 	 	 		 		 		6		8
 		 	 	 		 		 		7		7
 		 	 	 		 		 		8		8
 		 	 	 		 		 		11		11

Time: 32.890308 sec
Packet_Type		Length	Src_nid	Src_port	Option	Origin_nid	Destination_nid	Next_hop_nid
UpdateDataPlaneRouting	796	12	1		Finish	 		 		 

Time: 32.992107 sec
Packet_Type		Length	Src_nid	Src_port	Option	Origin_nid	Destination_nid	Next_hop_nid
UpdateDataPlaneRouting	796	12	1		New	10		2		8
 		 	 	 		 		 		3		8
 		 	 	 		 		 		4		8
 		 	 	 		 		 		5		8
 		 	 	 		 		 		6		8
 		 	 	 		 		 		7		7
 		 	 	 		 		 		8		8
 		 	 	 		 		 		11		11

Time: 32.993207 sec
Packet_Type		Length	Src_nid	Src_port	Option	Origin_nid	Destination_nid	Next_hop_nid
UpdateDataPlaneRouting	796	12	1		Finish	 		 		 

Time: 33.473307 sec
Packet_Type		Length	Src_nid	Src_port	Option	Origin_nid	Destination_nid	Next_hop_nid
UpdateDataPlaneRouting	796	12	1		New	10		2		8
 		 	 	 		 		 		3		8
 		 	 	 		 		 		4		8
 		 	 	 		 		 		5		8
 		 	 	 		 		 		6		8
 		 	 	 		 		 		7		7
 		 	 	 		 		 		8		8
 		 	 	 		 		 		11		11

Time: 33.475407 sec
Packet_Type		Length	Src_nid	Src_port	Option	Origin_nid	Destination_nid	Next_hop_nid
UpdateDataPlaneRouting	796	12	1		Finish	 		 		 

Time: 33.539507 sec
Packet_Type		Length	Src_nid	Src_port	Option	Origin_nid	Destination_nid	Next_hop_nid
UpdateDataPlaneRouting	796	12	1		New	10		2		8
 		 	 	 		 		 		3		8
 		 	 	 		 		 		4		8
 		 	 	 		 		 		5		8
 		 	 	 		 		 		6		8
 		 	 	 		 		 		7		7
 		 	 	 		 		 		8		8
 		 	 	 		 		 		11		11

Time: 33.541607 sec
Packet_Type		Length	Src_nid	Src_port	Option	Origin_nid	Destination_nid	Next_hop_nid
UpdateDataPlaneRouting	796	12	1		Finish	 		 		 

Time: 33.649707 sec
Packet_Type		Length	Src_nid	Src_port	Option	Origin_nid	Destination_nid	Next_hop_nid
UpdateDataPlaneRouting	796	12	1		New	10		2		8
 		 	 	 		 		 		3		8
 		 	 	 		 		 		4		8
 		 	 	 		 		 		5		8
 		 	 	 		 		 		6		8
 		 	 	 		 		 		7		7
 		 	 	 		 		 		8		8
 		 	 	 		 		 		11		11

Time: 33.655807 sec
Packet_Type		Length	Src_nid	Src_port	Option	Origin_nid	Destination_nid	Next_hop_nid
UpdateDataPlaneRouting	796	12	1		Finish	 		 		 

Time: 34.007907 sec
Packet_Type		Length	Src_nid	Src_port	Option	Origin_nid	Destination_nid	Next_hop_nid
UpdateDataPlaneRouting	796	12	1		New	10		2		8
 		 	 	 		 		 		3		8
 		 	 	 		 		 		4		8
 		 	 	 		 		 		5		8
 		 	 	 		 		 		6		8
 		 	 	 		 		 		7		7
 		 	 	 		 		 		8		8
 		 	 	 		 		 		11		11

Time: 34.009007 sec
Packet_Type		Length	Src_nid	Src_port	Option	Origin_nid	Destination_nid	Next_hop_nid
UpdateDataPlaneRouting	796	12	1		Finish	 		 		 

Time: 34.560200 sec
Packet_Type	Length	Src_nid	Src_port
Hello		80	7	1

Time: 34.678300 sec
Packet_Type	Length	Src_nid	Src_port
Hello		80	8	1

Time: 35.648507 sec
Packet_Type		Length	Src_nid	Src_port	Option	Origin_nid	Destination_nid	Next_hop_nid
UpdateDataPlaneRouting	796	12	1		New	10		2		8
 		 	 	 		 		 		3		8
 		 	 	 		 		 		4		8
 		 	 	 		 		 		5		8
 		 	 	 		 		 		6		8
 		 	 	 		 		 		7		7
 		 	 	 		 		 		8		8
 		 	 	 		 		 		11		11

Time: 35.664607 sec
Packet_Type		Length	Src_nid	Src_port	Option	Origin_nid	Destination_nid	Next_hop_nid
UpdateDataPlaneRouting	796	12	1		Finish	 		 		 

Time: 36.034907 sec
Packet_Type		Length	Src_nid	Src_port	Option	Origin_nid	Destination_nid	Next_hop_nid
UpdateDataPlaneRouting	796	12	1		New	10		2		8
 		 	 	 		 		 		3		8
 		 	 	 		 		 		4		8
 		 	 	 		 		 		5		8
 		 	 	 		 		 		6		8
 		 	 	 		 		 		7		7
 		 	 	 		 		 		8		8
 		 	 	 		 		 		11		11

Time: 36.037007 sec
Packet_Type		Length	Src_nid	Src_port	Option	Origin_nid	Destination_nid	Next_hop_nid
UpdateDataPlaneRouting	796	12	1		Finish	 		 		 

Time: 36.080107 sec
Packet_Type		Length	Src_nid	Src_port	Option	Origin_nid	Destination_nid	Next_hop_nid
UpdateDataPlaneRouting	796	12	1		New	10		2		8
 		 	 	 		 		 		3		8
 		 	 	 		 		 		4		8
 		 	 	 		 		 		5		8
 		 	 	 		 		 		6		8
 		 	 	 		 		 		7		7
 		 	 	 		 		 		8		8

Time: 36.082207 sec
Packet_Type		Length	Src_nid	Src_port	Option	Origin_nid	Destination_nid	Next_hop_nid
UpdateDataPlaneRouting	796	12	1		Finish	 		 		 

Time: 36.722307 sec
Packet_Type		Length	Src_nid	Src_port	Option	Origin_nid	Destination_nid	Next_hop_nid
UpdateDataPlaneRouting	796	12	1		New	10		2		8
 		 	 	 		 		 		3		8
 		 	 	 		 		 		4		8
 		 	 	 		 		 		5		8
 		 	 	 		 		 		6		8
 		 	 	 		 		 		7		7
 		 	 	 		 		 		8		8

Time: 36.723407 sec
Packet_Type		Length	Src_nid	Src_port	Option	Origin_nid	Destination_nid	Next_hop_nid
UpdateDataPlaneRouting	796	12	1		Finish	 		 		 

Time: 36.750400 sec
Packet_Type	Length	Src_nid	Src_port
Hello		80	8	1

Time: 37.485707 sec
Packet_Type		Length	Src_nid	Src_port	Option	Origin_nid	Destination_nid	Next_hop_nid
UpdateDataPlaneRouting	796	12	1		New	10		2		8
 		 	 	 		 		 		3		8
 		 	 	 		 		 		4		8
 		 	 	 		 		 		5		8
 		 	 	 		 		 		6		8
 		 	 	 		 		 		7		7
 		 	 	 		 		 		8		8

Time: 37.488807 sec
Packet_Type		Length	Src_nid	Src_port	Option	Origin_nid	Destination_nid	Next_hop_nid
UpdateDataPlaneRouting	796	12	1		Finish	 		 		 

Time: 38.449907 sec
Packet_Type		Length	Src_nid	Src_port	Option	Origin_nid	Destination_nid	Next_hop_nid
UpdateDataPlaneRouting	796	12	1		New	10		2		8
 		 	 	 		 		 		3		8
 		 	 	 		 		 		4		8
 		 	 	 		 		 		5		8
 		 	 	 		 		 		6		8
 		 	 	 		 		 		7		7
 		 	 	 		 		 		8		8

Time: 38.452007 sec
Packet_Type		Length	Src_nid	Src_port	Option	Origin_nid	Destination_nid	Next_hop_nid
UpdateDataPlaneRouting	796	12	1		Finish	 		 		 

Time: 38.496500 sec
Packet_Type	Length	Src_nid	Src_port
Hello		80	5	1

Time: 38.547307 sec
Packet_Type		Length	Src_nid	Src_port	Option	Origin_nid	Destination_nid	Next_hop_nid
UpdateDataPlaneRouting	796	12	1		New	10		2		5
 		 	 	 		 		 		3		5
 		 	 	 		 		 		4		8
 		 	 	 		 		 		5		5
 		 	 	 		 		 		6		5
 		 	 	 		 		 		7		7
 		 	 	 		 		 		8		8

Time: 38.548407 sec
Packet_Type		Length	Src_nid	Src_port	Option	Origin_nid	Destination_nid	Next_hop_nid
UpdateDataPlaneRouting	796	12	1		Finish	 		 		 

Time: 38.586600 sec
Packet_Type	Length	Src_nid	Src_port
Hello		80	7	1

Time: 38.645707 sec
Packet_Type		Length	Src_nid	Src_port	Option	Origin_nid	Destination_nid	Next_hop_nid
UpdateDataPlaneRouting	796	12	1		New	10		2		5
 		 	 	 		 		 		3		5
 		 	 	 		 		 		4		8
 		 	 	 		 		 		5		5
 		 	 	 		 		 		6		5
 		 	 	 		 		 		7		7
 		 	 	 		 		 		8		8

Time: 38.646807 sec
Packet_Type		Length	Src_nid	Src_port	Option	Origin_nid	Destination_nid	Next_hop_nid
UpdateDataPlaneRouting	796	12	1		Finish	 		 		 

Time: 38.680907 sec
Packet_Type		Length	Src_nid	Src_port	Option	Origin_nid	Destination_nid	Next_hop_nid
UpdateDataPlaneRouting	796	12	1		New	10		2		5
 		 	 	 		 		 		3		5
 		 	 	 		 		 		4		8
 		 	 	 		 		 		5		5
 		 	 	 		 		 		6		5
 		 	 	 		 		 		7		7
 		 	 	 		 		 		8		8

Time: 38.683007 sec
Packet_Type		Length	Src_nid	Src_port	Option	Origin_nid	Destination_nid	Next_hop_nid
UpdateDataPlaneRouting	796	12	1		Finish	 		 		 

Time: 38.774700 sec
Packet_Type	Length	Src_nid	Src_port
Hello		80	8	1

Time: 39.357307 sec
Packet_Type		Length	Src_nid	Src_port	Option	Origin_nid	Destination_nid	Next_hop_nid
UpdateDataPlaneRouting	796	12	1		New	10		2		5
 		 	 	 		 		 		3		8
 		 	 	 		 		 		4		8
 		 	 	 		 		 		5		5
 		 	 	 		 		 		6		5
 		 	 	 		 		 		7		7
 		 	 	 		 		 		8		8

Time: 39.381407 sec
Packet_Type		Length	Src_nid	Src_port	Option	Origin_nid	Destination_nid	Next_hop_nid
UpdateDataPlaneRouting	796	12	1		Finish	 		 		 

Time: 40.513507 sec
Packet_Type		Length	Src_nid	Src_port	Option	Origin_nid	Destination_nid	Next_hop_nid
UpdateDataPlaneRouting	796	12	1		New	10		2		5
 		 	 	 		 		 		3		5
 		 	 	 		 		 		4		7
 		 	 	 		 		 		5		5
 		 	 	 		 		 		6		5
 		 	 	 		 		 		7		7
 		 	 	 		 		 		8		8

Time: 40.514607 sec
Packet_Type		Length	Src_nid	Src_port	Option	Origin_nid	Destination_nid	Next_hop_nid
UpdateDataPlaneRouting	796	12	1		Finish	 		 		 

Time: 40.523800 sec
Packet_Type	Length	Src_nid	Src_port
Hello		80	5	1

Time: 40.567907 sec
Packet_Type		Length	Src_nid	Src_port	Option	Origin_nid	Destination_nid	Next_hop_nid
UpdateDataPlaneRouting	796	12	1		New	10		2		5
 		 	 	 		 		 		3		5
 		 	 	 		 		 		4		7
 		 	 	 		 		 		5		5
 		 	 	 		 		 		6		5
 		 	 	 		 		 		7		7
 		 	 	 		 		 		8		8

Time: 40.590007 sec
Packet_Type		Length	Src_nid	Src_port	Option	Origin_nid	Destination_nid	Next_hop_nid
UpdateDataPlaneRouting	796	12	1		Finish	 		 		 

Time: 40.609900 sec
Packet_Type	Length	Src_nid	Src_port
Hello		80	7	1

Time: 40.637307 sec
Packet_Type		Length	Src_nid	Src_port	Option	Origin_nid	Destination_nid	Next_hop_nid
UpdateDataPlaneRouting	796	12	1		New	10		2		5
 		 	 	 		 		 		3		5
 		 	 	 		 		 		4		7
 		 	 	 		 		 		5		5
 		 	 	 		 		 		6		5
 		 	 	 		 		 		7		7
 		 	 	 		 		 		8		8

Time: 40.638407 sec
Packet_Type		Length	Src_nid	Src_port	Option	Origin_nid	Destination_nid	Next_hop_nid
UpdateDataPlaneRouting	796	12	1		Finish	 		 		 

Time: 40.665000 sec
Packet_Type		Length	Src_nid	Src_port	Option	Origin_nid	Destination_nid	Next_hop_nid
UpdateDataPlaneRouting	796	12	1		New	10		2		5
 		 	 	 		 		 		3		5
 		 	 	 		 		 		4		7
 		 	 	 		 		 		5		5
 		 	 	 		 		 		6		5
 		 	 	 		 		 		7		7
 		 	 	 		 		 		8		8

Time: 40.667100 sec
Packet_Type		Length	Src_nid	Src_port	Option	Origin_nid	Destination_nid	Next_hop_nid
UpdateDataPlaneRouting	796	12	1		Finish	 		 		 

Time: 40.820000 sec
Packet_Type	Length	Src_nid	Src_port
Hello		80	8	1

Time: 42.536100 sec
Packet_Type	Length	Src_nid	Src_port
Hello		80	5	1

Time: 42.860600 sec
Packet_Type		Length	Src_nid	Src_port	Option	Origin_nid	Destination_nid	Next_hop_nid
UpdateDataPlaneRouting	796	12	1		New	10		2		5
 		 	 	 		 		 		3		7
 		 	 	 		 		 		4		7
 		 	 	 		 		 		5		5
 		 	 	 		 		 		6		5
 		 	 	 		 		 		7		7
 		 	 	 		 		 		8		8

Time: 42.861700 sec
Packet_Type		Length	Src_nid	Src_port	Option	Origin_nid	Destination_nid	Next_hop_nid
UpdateDataPlaneRouting	796	12	1		Finish	 		 		 

Time: 42.884200 sec
Packet_Type	Length	Src_nid	Src_port
Hello		80	8	1

Time: 43.462000 sec
Packet_Type		Length	Src_nid	Src_port	Option	Origin_nid	Destination_nid	Next_hop_nid
UpdateDataPlaneRouting	796	12	1		New	10		2		5
 		 	 	 		 		 		3		7
 		 	 	 		 		 		4		7
 		 	 	 		 		 		5		5
 		 	 	 		 		 		6		5
 		 	 	 		 		 		7		7
 		 	 	 		 		 		8		8

Time: 43.466100 sec
Packet_Type		Length	Src_nid	Src_port	Option	Origin_nid	Destination_nid	Next_hop_nid
UpdateDataPlaneRouting	796	12	1		Finish	 		 		 

Time: 44.718300 sec
Packet_Type	Length	Src_nid	Src_port
Hello		80	7	1

Time: 44.733400 sec
Packet_Type		Length	Src_nid	Src_port	Option	Origin_nid	Destination_nid	Next_hop_nid
UpdateDataPlaneRouting	796	12	1		New	10		2		5
 		 	 	 		 		 		3		7
 		 	 	 		 		 		4		7
 		 	 	 		 		 		5		5
 		 	 	 		 		 		6		5
 		 	 	 		 		 		7		7
 		 	 	 		 		 		8		8

Time: 44.738500 sec
Packet_Type		Length	Src_nid	Src_port	Option	Origin_nid	Destination_nid	Next_hop_nid
UpdateDataPlaneRouting	796	12	1		Finish	 		 		 

Time: 44.909400 sec
Packet_Type	Length	Src_nid	Src_port
Hello		80	8	1

Time: 46.581500 sec
Packet_Type	Length	Src_nid	Src_port
Hello		80	5	1

Time: 46.916600 sec
Packet_Type	Length	Src_nid	Src_port
Hello		80	8	1

Time: 47.764200 sec
Packet_Type		Length	Src_nid	Src_port	Option	Origin_nid	Destination_nid	Next_hop_nid
UpdateDataPlaneRouting	796	12	1		New	10		2		5
 		 	 	 		 		 		3		7
 		 	 	 		 		 		4		7
 		 	 	 		 		 		5		5
 		 	 	 		 		 		6		5
 		 	 	 		 		 		7		7
 		 	 	 		 		 		8		8

Time: 47.765300 sec
Packet_Type		Length	Src_nid	Src_port	Option	Origin_nid	Destination_nid	Next_hop_nid
UpdateDataPlaneRouting	796	12	1		Finish	 		 		 

Time: 47.867400 sec
Packet_Type		Length	Src_nid	Src_port	Option	Origin_nid	Destination_nid	Next_hop_nid
UpdateDataPlaneRouting	796	12	1		New	10		2		5
 		 	 	 		 		 		3		7
 		 	 	 		 		 		4		7
 		 	 	 		 		 		5		5
 		 	 	 		 		 		6		5
 		 	 	 		 		 		7		7
 		 	 	 		 		 		8		8

Time: 47.873500 sec
Packet_Type		Length	Src_nid	Src_port	Option	Origin_nid	Destination_nid	Next_hop_nid
UpdateDataPlaneRouting	796	12	1		Finish	 		 		 

Time: 47.946600 sec
Packet_Type		Length	Src_nid	Src_port	Option	Origin_nid	Destination_nid	Next_hop_nid
UpdateDataPlaneRouting	796	12	1		New	10		2		8
 		 	 	 		 		 		3		7
 		 	 	 		 		 		4		7
 		 	 	 		 		 		5		5
 		 	 	 		 		 		6		8
 		 	 	 		 		 		7		7
 		 	 	 		 		 		8		8

Time: 47.948700 sec
Packet_Type		Length	Src_nid	Src_port	Option	Origin_nid	Destination_nid	Next_hop_nid
UpdateDataPlaneRouting	796	12	1		Finish	 		 		 

Time: 48.620700 sec
Packet_Type	Length	Src_nid	Src_port
Hello		80	5	1

Time: 48.843800 sec
Packet_Type	Length	Src_nid	Src_port
Hello		80	7	1

Time: 48.954200 sec
Packet_Type		Length	Src_nid	Src_port	Option	Origin_nid	Destination_nid	Next_hop_nid
UpdateDataPlaneRouting	796	12	1		New	10		2		8
 		 	 	 		 		 		3		7
 		 	 	 		 		 		4		7
 		 	 	 		 		 		5		5
 		 	 	 		 		 		6		8
 		 	 	 		 		 		7		7
 		 	 	 		 		 		8		8

Time: 48.957300 sec
Packet_Type		Length	Src_nid	Src_port	Option	Origin_nid	Destination_nid	Next_hop_nid
UpdateDataPlaneRouting	796	12	1		Finish	 		 		 

Time: 48.971900 sec
Packet_Type	Length	Src_nid	Src_port
Hello		80	8	1

Time: 49.550600 sec
Packet_Type		Length	Src_nid	Src_port	Option	Origin_nid	Destination_nid	Next_hop_nid
UpdateDataPlaneRouting	796	12	1		New	10		2		8
 		 	 	 		 		 		3		7
 		 	 	 		 		 		4		7
 		 	 	 		 		 		5		5
 		 	 	 		 		 		6		8
 		 	 	 		 		 		7		7
 		 	 	 		 		 		8		8

Time: 49.553700 sec
Packet_Type		Length	Src_nid	Src_port	Option	Origin_nid	Destination_nid	Next_hop_nid
UpdateDataPlaneRouting	796	12	1		Finish	 		 		 

Time: 50.625000 sec
Packet_Type	Length	Src_nid	Src_port
Hello		80	5	1

Time: 50.649000 sec
Packet_Type		Length	Src_nid	Src_port	Option	Origin_nid	Destination_nid	Next_hop_nid
UpdateDataPlaneRouting	796	12	1		New	10		2		8
 		 	 	 		 		 		3		7
 		 	 	 		 		 		4		7
 		 	 	 		 		 		5		5
 		 	 	 		 		 		6		8
 		 	 	 		 		 		7		7
 		 	 	 		 		 		8		8

Time: 50.653100 sec
Packet_Type		Length	Src_nid	Src_port	Option	Origin_nid	Destination_nid	Next_hop_nid
UpdateDataPlaneRouting	796	12	1		Finish	 		 		 

Time: 50.907100 sec
Packet_Type	Length	Src_nid	Src_port
Hello		80	7	1

Time: 51.007200 sec
Packet_Type	Length	Src_nid	Src_port
Hello		80	8	1

Time: 51.088092 sec
Packet_Type		Length	Src_nid	Src_port	Option	Origin_nid	Destination_nid	Next_hop_nid
UpdateDataPlaneRouting	796	12	1		New	10		2		8
 		 	 	 		 		 		3		7
 		 	 	 		 		 		4		7
 		 	 	 		 		 		5		5
 		 	 	 		 		 		6		8
 		 	 	 		 		 		7		7
 		 	 	 		 		 		8		8

Time: 51.095192 sec
Packet_Type		Length	Src_nid	Src_port	Option	Origin_nid	Destination_nid	Next_hop_nid
UpdateDataPlaneRouting	796	12	1		Finish	 		 		 

Time: 52.016292 sec
Packet_Type		Length	Src_nid	Src_port	Option	Origin_nid	Destination_nid	Next_hop_nid
UpdateDataPlaneRouting	796	12	1		New	10		2		8
 		 	 	 		 		 		3		7
 		 	 	 		 		 		4		7
 		 	 	 		 		 		5		5
 		 	 	 		 		 		6		8
 		 	 	 		 		 		7		7
 		 	 	 		 		 		8		8

Time: 52.017392 sec
Packet_Type		Length	Src_nid	Src_port	Option	Origin_nid	Destination_nid	Next_hop_nid
UpdateDataPlaneRouting	796	12	1		Finish	 		 		 

Time: 52.071492 sec
Packet_Type		Length	Src_nid	Src_port	Option	Origin_nid	Destination_nid	Next_hop_nid
UpdateDataPlaneRouting	796	12	1		New	10		2		7
 		 	 	 		 		 		3		7
 		 	 	 		 		 		4		7
 		 	 	 		 		 		5		5
 		 	 	 		 		 		6		7
 		 	 	 		 		 		7		7
 		 	 	 		 		 		8		8

Time: 52.072592 sec
Packet_Type		Length	Src_nid	Src_port	Option	Origin_nid	Destination_nid	Next_hop_nid
UpdateDataPlaneRouting	796	12	1		Finish	 		 		 

Time: 52.643300 sec
Packet_Type	Length	Src_nid	Src_port
Hello		80	5	1

Time: 53.045400 sec
Packet_Type	Length	Src_nid	Src_port
Hello		80	8	1

Time: 53.169092 sec
Packet_Type		Length	Src_nid	Src_port	Option	Origin_nid	Destination_nid	Next_hop_nid
UpdateDataPlaneRouting	796	12	1		New	10		2		7
 		 	 	 		 		 		3		7
 		 	 	 		 		 		4		7
 		 	 	 		 		 		5		5
 		 	 	 		 		 		6		7
 		 	 	 		 		 		7		7
 		 	 	 		 		 		8		8

Time: 53.171192 sec
Packet_Type		Length	Src_nid	Src_port	Option	Origin_nid	Destination_nid	Next_hop_nid
UpdateDataPlaneRouting	796	12	1		Finish	 		 		 

Time: 55.089500 sec
Packet_Type	Length	Src_nid	Src_port
Hello		80	8	1

Time: 55.372492 sec
Packet_Type		Length	Src_nid	Src_port	Option	Origin_nid	Destination_nid	Next_hop_nid
UpdateDataPlaneRouting	796	12	1		New	10		2		8
 		 	 	 		 		 		3		7
 		 	 	 		 		 		4		7
 		 	 	 		 		 		5		5
 		 	 	 		 		 		6		8
 		 	 	 		 		 		7		7
 		 	 	 		 		 		8		8

Time: 55.373592 sec
Packet_Type		Length	Src_nid	Src_port	Option	Origin_nid	Destination_nid	Next_hop_nid
UpdateDataPlaneRouting	796	12	1		Finish	 		 		 

Time: 55.556692 sec
Packet_Type		Length	Src_nid	Src_port	Option	Origin_nid	Destination_nid	Next_hop_nid
UpdateDataPlaneRouting	796	12	1		New	10		2		8
 		 	 	 		 		 		3		7
 		 	 	 		 		 		4		7
 		 	 	 		 		 		5		5
 		 	 	 		 		 		6		8
 		 	 	 		 		 		7		7
 		 	 	 		 		 		8		8

Time: 55.559792 sec
Packet_Type		Length	Src_nid	Src_port	Option	Origin_nid	Destination_nid	Next_hop_nid
UpdateDataPlaneRouting	796	12	1		Finish	 		 		 

Time: 55.662892 sec
Packet_Type		Length	Src_nid	Src_port	Option	Origin_nid	Destination_nid	Next_hop_nid
UpdateDataPlaneRouting	796	12	1		New	10		2		8
 		 	 	 		 		 		3		7
 		 	 	 		 		 		4		7
 		 	 	 		 		 		5		5
 		 	 	 		 		 		6		8
 		 	 	 		 		 		7		7
 		 	 	 		 		 		8		8

Time: 55.663992 sec
Packet_Type		Length	Src_nid	Src_port	Option	Origin_nid	Destination_nid	Next_hop_nid
UpdateDataPlaneRouting	796	12	1		Finish	 		 		 

Time: 55.983292 sec
Packet_Type		Length	Src_nid	Src_port	Option	Origin_nid	Destination_nid	Next_hop_nid
UpdateDataPlaneRouting	796	12	1		New	10		2		8
 		 	 	 		 		 		3		5
 		 	 	 		 		 		4		5
 		 	 	 		 		 		5		5
 		 	 	 		 		 		6		8
 		 	 	 		 		 		7		5
 		 	 	 		 		 		8		8

Time: 56.011392 sec
Packet_Type		Length	Src_nid	Src_port	Option	Origin_nid	Destination_nid	Next_hop_nid
UpdateDataPlaneRouting	796	12	1		Finish	 		 		 

Time: 56.082492 sec
Packet_Type		Length	Src_nid	Src_port	Option	Origin_nid	Destination_nid	Next_hop_nid
UpdateDataPlaneRouting	796	12	1		New	10		2		8
 		 	 	 		 		 		3		8
 		 	 	 		 		 		4		8
 		 	 	 		 		 		5		5
 		 	 	 		 		 		6		8
 		 	 	 		 		 		7		8
 		 	 	 		 		 		8		8

Time: 56.110592 sec
Packet_Type		Length	Src_nid	Src_port	Option	Origin_nid	Destination_nid	Next_hop_nid
UpdateDataPlaneRouting	796	12	1		Finish	 		 		 

Time: 56.175692 sec
Packet_Type		Length	Src_nid	Src_port	Option	Origin_nid	Destination_nid	Next_hop_nid
UpdateDataPlaneRouting	796	12	1		New	10		2		8
 		 	 	 		 		 		5		5
 		 	 	 		 		 		6		8
 		 	 	 		 		 		8		8

Time: 56.200792 sec
Packet_Type		Length	Src_nid	Src_port	Option	Origin_nid	Destination_nid	Next_hop_nid
UpdateDataPlaneRouting	796	12	1		Finish	 		 		 

Time: 56.671892 sec
Packet_Type		Length	Src_nid	Src_port	Option	Origin_nid	Destination_nid	Next_hop_nid
UpdateDataPlaneRouting	796	12	1		New	10		2		8
 		 	 	 		 		 		3		8
 		 	 	 		 		 		4		8
 		 	 	 		 		 		5		5
 		 	 	 		 		 		6		8
 		 	 	 		 		 		7		8
 		 	 	 		 		 		8		8

Time: 56.672992 sec
Packet_Type		Length	Src_nid	Src_port	Option	Origin_nid	Destination_nid	Next_hop_nid
UpdateDataPlaneRouting	796	12	1		Finish	 		 		 

Time: 56.691600 sec
Packet_Type	Length	Src_nid	Src_port
Hello		80	5	1

Time: 56.820292 sec
Packet_Type		Length	Src_nid	Src_port	Option	Origin_nid	Destination_nid	Next_hop_nid
UpdateDataPlaneRouting	796	12	1		New	10		2		8
 		 	 	 		 		 		3		8
 		 	 	 		 		 		4		8
 		 	 	 		 		 		5		5
 		 	 	 		 		 		6		8
 		 	 	 		 		 		7		8
 		 	 	 		 		 		8		8

Time: 56.824392 sec
Packet_Type		Length	Src_nid	Src_port	Option	Origin_nid	Destination_nid	Next_hop_nid
UpdateDataPlaneRouting	796	12	1		Finish	 		 		 

Time: 57.156700 sec
Packet_Type	Length	Src_nid	Src_port
Hello		80	8	1

Time: 58.143692 sec
Packet_Type		Length	Src_nid	Src_port	Option	Origin_nid	Destination_nid	Next_hop_nid
UpdateDataPlaneRouting	796	12	1		New	10		2		8
 		 	 	 		 		 		3		8
 		 	 	 		 		 		4		8
 		 	 	 		 		 		5		5
 		 	 	 		 		 		6		8
 		 	 	 		 		 		7		8
 		 	 	 		 		 		8		8

Time: 58.144792 sec
Packet_Type		Length	Src_nid	Src_port	Option	Origin_nid	Destination_nid	Next_hop_nid
UpdateDataPlaneRouting	796	12	1		Finish	 		 		 

Time: 58.685892 sec
Packet_Type		Length	Src_nid	Src_port	Option	Origin_nid	Destination_nid	Next_hop_nid
UpdateDataPlaneRouting	796	12	1		New	10		2		8
 		 	 	 		 		 		3		5
 		 	 	 		 		 		4		5
 		 	 	 		 		 		5		5
 		 	 	 		 		 		6		8
 		 	 	 		 		 		7		5
 		 	 	 		 		 		8		8

Time: 58.686992 sec
Packet_Type		Length	Src_nid	Src_port	Option	Origin_nid	Destination_nid	Next_hop_nid
UpdateDataPlaneRouting	796	12	1		Finish	 		 		 

Time: 58.705800 sec
Packet_Type	Length	Src_nid	Src_port
Hello		80	5	1

Time: 58.754292 sec
Packet_Type		Length	Src_nid	Src_port	Option	Origin_nid	Destination_nid	Next_hop_nid
UpdateDataPlaneRouting	796	12	1		New	10		2		8
 		 	 	 		 		 		3		5
 		 	 	 		 		 		4		5
 		 	 	 		 		 		5		5
 		 	 	 		 		 		6		8
 		 	 	 		 		 		7		5
 		 	 	 		 		 		8		8

Time: 58.761392 sec
Packet_Type		Length	Src_nid	Src_port	Option	Origin_nid	Destination_nid	Next_hop_nid
UpdateDataPlaneRouting	796	12	1		Finish	 		 		 

Time: 59.197900 sec
Packet_Type	Length	Src_nid	Src_port
Hello		80	8	1

Time: 60.743000 sec
Packet_Type	Length	Src_nid	Src_port
Hello		80	5	1

Time: 61.179892 sec
Packet_Type		Length	Src_nid	Src_port	Option	Origin_nid	Destination_nid	Next_hop_nid
UpdateDataPlaneRouting	796	12	1		New	10		2		8
 		 	 	 		 		 		3		5
 		 	 	 		 		 		4		5
 		 	 	 		 		 		5		5
 		 	 	 		 		 		6		8
 		 	 	 		 		 		7		5
 		 	 	 		 		 		8		8

Time: 61.181992 sec
Packet_Type		Length	Src_nid	Src_port	Option	Origin_nid	Destination_nid	Next_hop_nid
UpdateDataPlaneRouting	796	12	1		Finish	 		 		 

Time: 61.209100 sec
Packet_Type	Length	Src_nid	Src_port
Hello		80	8	1

Time: 61.362292 sec
Packet_Type		Length	Src_nid	Src_port	Option	Origin_nid	Destination_nid	Next_hop_nid
UpdateDataPlaneRouting	796	12	1		New	10		2		8
 		 	 	 		 		 		3		5
 		 	 	 		 		 		4		5
 		 	 	 		 		 		5		5
 		 	 	 		 		 		6		8
 		 	 	 		 		 		7		5
 		 	 	 		 		 		8		8

Time: 61.364392 sec
Packet_Type		Length	Src_nid	Src_port	Option	Origin_nid	Destination_nid	Next_hop_nid
UpdateDataPlaneRouting	796	12	1		Finish	 		 		 

Time: 62.560492 sec
Packet_Type		Length	Src_nid	Src_port	Option	Origin_nid	Destination_nid	Next_hop_nid
UpdateDataPlaneRouting	796	12	1		New	10		2		8
 		 	 	 		 		 		3		5
 		 	 	 		 		 		4		5
 		 	 	 		 		 		5		5
 		 	 	 		 		 		6		8
 		 	 	 		 		 		7		5
 		 	 	 		 		 		8		8

Time: 62.562592 sec
Packet_Type		Length	Src_nid	Src_port	Option	Origin_nid	Destination_nid	Next_hop_nid
UpdateDataPlaneRouting	796	12	1		Finish	 		 		 

Time: 62.750200 sec
Packet_Type	Length	Src_nid	Src_port
Hello		80	5	1

Time: 63.230300 sec
Packet_Type	Length	Src_nid	Src_port
Hello		80	8	1

Time: 63.703092 sec
Packet_Type		Length	Src_nid	Src_port	Option	Origin_nid	Destination_nid	Next_hop_nid
UpdateDataPlaneRouting	796	12	1		New	10		2		8
 		 	 	 		 		 		3		5
 		 	 	 		 		 		4		5
 		 	 	 		 		 		5		5
 		 	 	 		 		 		6		8
 		 	 	 		 		 		7		5
 		 	 	 		 		 		8		8

Time: 63.704192 sec
Packet_Type		Length	Src_nid	Src_port	Option	Origin_nid	Destination_nid	Next_hop_nid
UpdateDataPlaneRouting	796	12	1		Finish	 		 		 

Time: 64.777400 sec
Packet_Type	Length	Src_nid	Src_port
Hello		80	5	1

Time: 65.298500 sec
Packet_Type	Length	Src_nid	Src_port
Hello		80	8	1

Time: 66.247692 sec
Packet_Type		Length	Src_nid	Src_port	Option	Origin_nid	Destination_nid	Next_hop_nid
UpdateDataPlaneRouting	796	12	1		New	10		2		8
 		 	 	 		 		 		3		5
 		 	 	 		 		 		4		5
 		 	 	 		 		 		5		5
 		 	 	 		 		 		6		8
 		 	 	 		 		 		7		5
 		 	 	 		 		 		8		8

Time: 66.248792 sec
Packet_Type		Length	Src_nid	Src_port	Option	Origin_nid	Destination_nid	Next_hop_nid
UpdateDataPlaneRouting	796	12	1		Finish	 		 		 

Time: 66.783600 sec
Packet_Type	Length	Src_nid	Src_port
Hello		80	5	1

Time: 67.326700 sec
Packet_Type	Length	Src_nid	Src_port
Hello		80	8	1

Time: 68.274292 sec
Packet_Type		Length	Src_nid	Src_port	Option	Origin_nid	Destination_nid	Next_hop_nid
UpdateDataPlaneRouting	796	12	1		New	10		2		8
 		 	 	 		 		 		3		5
 		 	 	 		 		 		4		5
 		 	 	 		 		 		5		5
 		 	 	 		 		 		6		8
 		 	 	 		 		 		7		5
 		 	 	 		 		 		8		8

Time: 68.276392 sec
Packet_Type		Length	Src_nid	Src_port	Option	Origin_nid	Destination_nid	Next_hop_nid
UpdateDataPlaneRouting	796	12	1		Finish	 		 		 

Time: 68.427492 sec
Packet_Type		Length	Src_nid	Src_port	Option	Origin_nid	Destination_nid	Next_hop_nid
UpdateDataPlaneRouting	796	12	1		New	10		2		8
 		 	 	 		 		 		3		5
 		 	 	 		 		 		4		5
 		 	 	 		 		 		5		5
 		 	 	 		 		 		6		8
 		 	 	 		 		 		7		5
 		 	 	 		 		 		8		8

Time: 68.429592 sec
Packet_Type		Length	Src_nid	Src_port	Option	Origin_nid	Destination_nid	Next_hop_nid
UpdateDataPlaneRouting	796	12	1		Finish	 		 		 

Time: 68.727692 sec
Packet_Type		Length	Src_nid	Src_port	Option	Origin_nid	Destination_nid	Next_hop_nid
UpdateDataPlaneRouting	796	12	1		New	10		2		5
 		 	 	 		 		 		3		5
 		 	 	 		 		 		4		5
 		 	 	 		 		 		5		5
 		 	 	 		 		 		6		8
 		 	 	 		 		 		7		5
 		 	 	 		 		 		8		8

Time: 68.729792 sec
Packet_Type		Length	Src_nid	Src_port	Option	Origin_nid	Destination_nid	Next_hop_nid
UpdateDataPlaneRouting	796	12	1		Finish	 		 		 

Time: 69.377800 sec
Packet_Type	Length	Src_nid	Src_port
Hello		80	8	1

Time: 69.839092 sec
Packet_Type		Length	Src_nid	Src_port	Option	Origin_nid	Destination_nid	Next_hop_nid
UpdateDataPlaneRouting	796	12	1		New	10		2		5
 		 	 	 		 		 		3		5
 		 	 	 		 		 		4		5
 		 	 	 		 		 		5		5
 		 	 	 		 		 		6		8
 		 	 	 		 		 		7		5
 		 	 	 		 		 		8		8

Time: 69.840192 sec
Packet_Type		Length	Src_nid	Src_port	Option	Origin_nid	Destination_nid	Next_hop_nid
UpdateDataPlaneRouting	796	12	1		Finish	 		 		 

Time: 69.942292 sec
Packet_Type		Length	Src_nid	Src_port	Option	Origin_nid	Destination_nid	Next_hop_nid
UpdateDataPlaneRouting	796	12	1		New	10		2		5
 		 	 	 		 		 		3		5
 		 	 	 		 		 		4		5
 		 	 	 		 		 		5		5
 		 	 	 		 		 		6		8
 		 	 	 		 		 		7		5
 		 	 	 		 		 		8		8

Time: 69.943392 sec
Packet_Type		Length	Src_nid	Src_port	Option	Origin_nid	Destination_nid	Next_hop_nid
UpdateDataPlaneRouting	796	12	1		Finish	 		 		 

Time: 71.023492 sec
Packet_Type		Length	Src_nid	Src_port	Option	Origin_nid	Destination_nid	Next_hop_nid
UpdateDataPlaneRouting	796	12	1		New	10		2		5
 		 	 	 		 		 		3		5
 		 	 	 		 		 		4		5
 		 	 	 		 		 		5		5
 		 	 	 		 		 		6		8
 		 	 	 		 		 		7		5
 		 	 	 		 		 		8		8

Time: 71.024592 sec
Packet_Type		Length	Src_nid	Src_port	Option	Origin_nid	Destination_nid	Next_hop_nid
UpdateDataPlaneRouting	796	12	1		Finish	 		 		 

Time: 71.102692 sec
Packet_Type		Length	Src_nid	Src_port	Option	Origin_nid	Destination_nid	Next_hop_nid
UpdateDataPlaneRouting	796	12	1		New	10		2		5
 		 	 	 		 		 		3		5
 		 	 	 		 		 		4		5
 		 	 	 		 		 		5		5
 		 	 	 		 		 		6		8
 		 	 	 		 		 		7		5
 		 	 	 		 		 		8		8

Time: 71.104792 sec
Packet_Type		Length	Src_nid	Src_port	Option	Origin_nid	Destination_nid	Next_hop_nid
UpdateDataPlaneRouting	796	12	1		Finish	 		 		 

Time: 71.386900 sec
Packet_Type	Length	Src_nid	Src_port
Hello		80	8	1

Time: 71.966292 sec
Packet_Type		Length	Src_nid	Src_port	Option	Origin_nid	Destination_nid	Next_hop_nid
UpdateDataPlaneRouting	796	12	1		New	10		2		8
 		 	 	 		 		 		3		8
 		 	 	 		 		 		4		8
 		 	 	 		 		 		5		8
 		 	 	 		 		 		6		8
 		 	 	 		 		 		7		8
 		 	 	 		 		 		8		8

Time: 71.972392 sec
Packet_Type		Length	Src_nid	Src_port	Option	Origin_nid	Destination_nid	Next_hop_nid
UpdateDataPlaneRouting	796	12	1		Finish	 		 		 

Time: 72.661492 sec
Packet_Type		Length	Src_nid	Src_port	Option	Origin_nid	Destination_nid	Next_hop_nid
UpdateDataPlaneRouting	796	12	1		New	10		2		8
 		 	 	 		 		 		3		8
 		 	 	 		 		 		4		8
 		 	 	 		 		 		5		8
 		 	 	 		 		 		6		8
 		 	 	 		 		 		7		8
 		 	 	 		 		 		8		8

Time: 72.662592 sec
Packet_Type		Length	Src_nid	Src_port	Option	Origin_nid	Destination_nid	Next_hop_nid
UpdateDataPlaneRouting	796	12	1		Finish	 		 		 

Time: 72.849692 sec
Packet_Type		Length	Src_nid	Src_port	Option	Origin_nid	Destination_nid	Next_hop_nid
UpdateDataPlaneRouting	796	12	1		New	10		2		8
 		 	 	 		 		 		3		8
 		 	 	 		 		 		4		8
 		 	 	 		 		 		5		8
 		 	 	 		 		 		6		8
 		 	 	 		 		 		7		8
 		 	 	 		 		 		8		8

Time: 72.850792 sec
Packet_Type		Length	Src_nid	Src_port	Option	Origin_nid	Destination_nid	Next_hop_nid
UpdateDataPlaneRouting	796	12	1		Finish	 		 		 

Time: 73.353892 sec
Packet_Type		Length	Src_nid	Src_port	Option	Origin_nid	Destination_nid	Next_hop_nid
UpdateDataPlaneRouting	796	12	1		New	10		2		8
 		 	 	 		 		 		3		8
 		 	 	 		 		 		4		8
 		 	 	 		 		 		5		8
 		 	 	 		 		 		6		8
 		 	 	 		 		 		7		8
 		 	 	 		 		 		8		8

Time: 73.359992 sec
Packet_Type		Length	Src_nid	Src_port	Option	Origin_nid	Destination_nid	Next_hop_nid
UpdateDataPlaneRouting	796	12	1		Finish	 		 		 

Time: 73.409092 sec
Packet_Type		Length	Src_nid	Src_port	Option	Origin_nid	Destination_nid	Next_hop_nid
UpdateDataPlaneRouting	796	12	1		New	10		2		8
 		 	 	 		 		 		3		8
 		 	 	 		 		 		4		8
 		 	 	 		 		 		5		8
 		 	 	 		 		 		6		8
 		 	 	 		 		 		7		8
 		 	 	 		 		 		8		8

Time: 73.411192 sec
Packet_Type		Length	Src_nid	Src_port	Option	Origin_nid	Destination_nid	Next_hop_nid
UpdateDataPlaneRouting	796	12	1		Finish	 		 		 

Time: 73.431000 sec
Packet_Type	Length	Src_nid	Src_port
Hello		80	8	1

Time: 75.489100 sec
Packet_Type	Length	Src_nid	Src_port
Hello		80	8	1

Time: 77.500200 sec
Packet_Type	Length	Src_nid	Src_port
Hello		80	8	1

Time: 78.560892 sec
Packet_Type		Length	Src_nid	Src_port	Option	Origin_nid	Destination_nid	Next_hop_nid
UpdateDataPlaneRouting	796	12	1		New	10		2		8
 		 	 	 		 		 		3		8
 		 	 	 		 		 		4		8
 		 	 	 		 		 		5		8
 		 	 	 		 		 		6		8
 		 	 	 		 		 		7		8
 		 	 	 		 		 		8		8

Time: 78.563992 sec
Packet_Type		Length	Src_nid	Src_port	Option	Origin_nid	Destination_nid	Next_hop_nid
UpdateDataPlaneRouting	796	12	1		Finish	 		 		 

Time: 79.527300 sec
Packet_Type	Length	Src_nid	Src_port
Hello		80	8	1

Time: 80.382292 sec
Packet_Type		Length	Src_nid	Src_port	Option	Origin_nid	Destination_nid	Next_hop_nid
UpdateDataPlaneRouting	796	12	1		New	10		2		8
 		 	 	 		 		 		3		8
 		 	 	 		 		 		4		8
 		 	 	 		 		 		5		8
 		 	 	 		 		 		6		8
 		 	 	 		 		 		7		8
 		 	 	 		 		 		8		8

Time: 80.384392 sec
Packet_Type		Length	Src_nid	Src_port	Option	Origin_nid	Destination_nid	Next_hop_nid
UpdateDataPlaneRouting	796	12	1		Finish	 		 		 

Time: 80.537492 sec
Packet_Type		Length	Src_nid	Src_port	Option	Origin_nid	Destination_nid	Next_hop_nid
UpdateDataPlaneRouting	796	12	1		New	10		2		8
 		 	 	 		 		 		3		8
 		 	 	 		 		 		4		8
 		 	 	 		 		 		5		8
 		 	 	 		 		 		6		8
 		 	 	 		 		 		7		8
 		 	 	 		 		 		8		8

Time: 80.541592 sec
Packet_Type		Length	Src_nid	Src_port	Option	Origin_nid	Destination_nid	Next_hop_nid
UpdateDataPlaneRouting	796	12	1		Finish	 		 		 

Time: 80.776692 sec
Packet_Type		Length	Src_nid	Src_port	Option	Origin_nid	Destination_nid	Next_hop_nid
UpdateDataPlaneRouting	796	12	1		New	10		2		8
 		 	 	 		 		 		3		8
 		 	 	 		 		 		4		8
 		 	 	 		 		 		5		8
 		 	 	 		 		 		6		8
 		 	 	 		 		 		8		8

Time: 80.778792 sec
Packet_Type		Length	Src_nid	Src_port	Option	Origin_nid	Destination_nid	Next_hop_nid
UpdateDataPlaneRouting	796	12	1		Finish	 		 		 

Time: 81.427892 sec
Packet_Type		Length	Src_nid	Src_port	Option	Origin_nid	Destination_nid	Next_hop_nid
UpdateDataPlaneRouting	796	12	1		New	10		2		8
 		 	 	 		 		 		3		8
 		 	 	 		 		 		4		8
 		 	 	 		 		 		5		8
 		 	 	 		 		 		6		8
 		 	 	 		 		 		7		8
 		 	 	 		 		 		8		8

Time: 81.428992 sec
Packet_Type		Length	Src_nid	Src_port	Option	Origin_nid	Destination_nid	Next_hop_nid
UpdateDataPlaneRouting	796	12	1		Finish	 		 		 

Time: 81.448092 sec
Packet_Type		Length	Src_nid	Src_port	Option	Origin_nid	Destination_nid	Next_hop_nid
UpdateDataPlaneRouting	796	12	1		New	10		2		8
 		 	 	 		 		 		3		8
 		 	 	 		 		 		4		8
 		 	 	 		 		 		5		8
 		 	 	 		 		 		6		8
 		 	 	 		 		 		7		8
 		 	 	 		 		 		8		8

Time: 81.449192 sec
Packet_Type		Length	Src_nid	Src_port	Option	Origin_nid	Destination_nid	Next_hop_nid
UpdateDataPlaneRouting	796	12	1		Finish	 		 		 

Time: 81.544400 sec
Packet_Type	Length	Src_nid	Src_port
Hello		80	8	1

Time: 81.605492 sec
Packet_Type		Length	Src_nid	Src_port	Option	Origin_nid	Destination_nid	Next_hop_nid
UpdateDataPlaneRouting	796	12	1		New	10		2		8
 		 	 	 		 		 		3		8
 		 	 	 		 		 		4		8
 		 	 	 		 		 		5		8
 		 	 	 		 		 		6		8
 		 	 	 		 		 		7		8
 		 	 	 		 		 		8		8

Time: 81.607592 sec
Packet_Type		Length	Src_nid	Src_port	Option	Origin_nid	Destination_nid	Next_hop_nid
UpdateDataPlaneRouting	796	12	1		Finish	 		 		 

Time: 82.495692 sec
Packet_Type		Length	Src_nid	Src_port	Option	Origin_nid	Destination_nid	Next_hop_nid
UpdateDataPlaneRouting	796	12	1		New	10		2		8
 		 	 	 		 		 		3		8
 		 	 	 		 		 		4		8
 		 	 	 		 		 		5		8
 		 	 	 		 		 		6		8
 		 	 	 		 		 		7		8
 		 	 	 		 		 		8		8

Time: 82.499792 sec
Packet_Type		Length	Src_nid	Src_port	Option	Origin_nid	Destination_nid	Next_hop_nid
UpdateDataPlaneRouting	796	12	1		Finish	 		 		 

Time: 82.542892 sec
Packet_Type		Length	Src_nid	Src_port	Option	Origin_nid	Destination_nid	Next_hop_nid
UpdateDataPlaneRouting	796	12	1		New	10		2		8
 		 	 	 		 		 		3		8
 		 	 	 		 		 		4		8
 		 	 	 		 		 		5		8
 		 	 	 		 		 		6		8
 		 	 	 		 		 		7		8
 		 	 	 		 		 		8		8

Time: 82.544992 sec
Packet_Type		Length	Src_nid	Src_port	Option	Origin_nid	Destination_nid	Next_hop_nid
UpdateDataPlaneRouting	796	12	1		Finish	 		 		 

Time: 82.562092 sec
Packet_Type		Length	Src_nid	Src_port	Option	Origin_nid	Destination_nid	Next_hop_nid
UpdateDataPlaneRouting	796	12	1		New	10		2		8
 		 	 	 		 		 		3		8
 		 	 	 		 		 		4		8
 		 	 	 		 		 		5		8
 		 	 	 		 		 		6		8
 		 	 	 		 		 		7		8
 		 	 	 		 		 		8		8

Time: 82.564192 sec
Packet_Type		Length	Src_nid	Src_port	Option	Origin_nid	Destination_nid	Next_hop_nid
UpdateDataPlaneRouting	796	12	1		Finish	 		 		 

Time: 82.720292 sec
Packet_Type		Length	Src_nid	Src_port	Option	Origin_nid	Destination_nid	Next_hop_nid
UpdateDataPlaneRouting	796	12	1		New	10		2		8
 		 	 	 		 		 		3		8
 		 	 	 		 		 		4		8
 		 	 	 		 		 		5		8
 		 	 	 		 		 		6		8
 		 	 	 		 		 		7		8
 		 	 	 		 		 		8		8

Time: 82.722392 sec
Packet_Type		Length	Src_nid	Src_port	Option	Origin_nid	Destination_nid	Next_hop_nid
UpdateDataPlaneRouting	796	12	1		Finish	 		 		 

Time: 83.564500 sec
Packet_Type	Length	Src_nid	Src_port
Hello		80	8	1

Time: 83.611692 sec
Packet_Type		Length	Src_nid	Src_port	Option	Origin_nid	Destination_nid	Next_hop_nid
UpdateDataPlaneRouting	796	12	1		New	10		2		8
 		 	 	 		 		 		3		8
 		 	 	 		 		 		4		8
 		 	 	 		 		 		5		8
 		 	 	 		 		 		6		8
 		 	 	 		 		 		7		8
 		 	 	 		 		 		8		8

Time: 83.612792 sec
Packet_Type		Length	Src_nid	Src_port	Option	Origin_nid	Destination_nid	Next_hop_nid
UpdateDataPlaneRouting	796	12	1		Finish	 		 		 

Time: 85.576600 sec
Packet_Type	Length	Src_nid	Src_port
Hello		80	8	1

Time: 85.940092 sec
Packet_Type		Length	Src_nid	Src_port	Option	Origin_nid	Destination_nid	Next_hop_nid
UpdateDataPlaneRouting	796	12	1		New	10		2		8
 		 	 	 		 		 		3		8
 		 	 	 		 		 		4		8
 		 	 	 		 		 		5		8
 		 	 	 		 		 		6		8
 		 	 	 		 		 		7		8
 		 	 	 		 		 		8		8

Time: 85.946192 sec
Packet_Type		Length	Src_nid	Src_port	Option	Origin_nid	Destination_nid	Next_hop_nid
UpdateDataPlaneRouting	796	12	1		Finish	 		 		 

Time: 86.000292 sec
Packet_Type		Length	Src_nid	Src_port	Option	Origin_nid	Destination_nid	Next_hop_nid
UpdateDataPlaneRouting	796	12	1		New	10		2		8
 		 	 	 		 		 		3		8
 		 	 	 		 		 		4		8
 		 	 	 		 		 		5		8
 		 	 	 		 		 		6		8
 		 	 	 		 		 		7		8
 		 	 	 		 		 		8		8

Time: 86.001392 sec
Packet_Type		Length	Src_nid	Src_port	Option	Origin_nid	Destination_nid	Next_hop_nid
UpdateDataPlaneRouting	796	12	1		Finish	 		 		 

Time: 86.162492 sec
Packet_Type		Length	Src_nid	Src_port	Option	Origin_nid	Destination_nid	Next_hop_nid
UpdateDataPlaneRouting	796	12	1		New	10		2		8
 		 	 	 		 		 		3		8
 		 	 	 		 		 		4		8
 		 	 	 		 		 		5		8
 		 	 	 		 		 		6		8
 		 	 	 		 		 		7		8
 		 	 	 		 		 		8		8

Time: 86.163592 sec
Packet_Type		Length	Src_nid	Src_port	Option	Origin_nid	Destination_nid	Next_hop_nid
UpdateDataPlaneRouting	796	12	1		Finish	 		 		 

Time: 86.443692 sec
Packet_Type		Length	Src_nid	Src_port	Option	Origin_nid	Destination_nid	Next_hop_nid
UpdateDataPlaneRouting	796	12	1		New	10		2		8
 		 	 	 		 		 		3		8
 		 	 	 		 		 		4		8
 		 	 	 		 		 		5		8
 		 	 	 		 		 		6		8
 		 	 	 		 		 		7		8
 		 	 	 		 		 		8		8

Time: 86.445792 sec
Packet_Type		Length	Src_nid	Src_port	Option	Origin_nid	Destination_nid	Next_hop_nid
UpdateDataPlaneRouting	796	12	1		Finish	 		 		 

Time: 87.032892 sec
Packet_Type		Length	Src_nid	Src_port	Option	Origin_nid	Destination_nid	Next_hop_nid
UpdateDataPlaneRouting	796	12	1		New	10		2		8
 		 	 	 		 		 		3		8
 		 	 	 		 		 		4		8
 		 	 	 		 		 		5		8
 		 	 	 		 		 		6		8
 		 	 	 		 		 		7		8
 		 	 	 		 		 		8		8

Time: 87.034992 sec
Packet_Type		Length	Src_nid	Src_port	Option	Origin_nid	Destination_nid	Next_hop_nid
UpdateDataPlaneRouting	796	12	1		Finish	 		 		 

Time: 87.625700 sec
Packet_Type	Length	Src_nid	Src_port
Hello		80	8	1

Time: 88.486292 sec
Packet_Type		Length	Src_nid	Src_port	Option	Origin_nid	Destination_nid	Next_hop_nid
UpdateDataPlaneRouting	796	12	1		New	10		2		8
 		 	 	 		 		 		3		8
 		 	 	 		 		 		4		8
 		 	 	 		 		 		5		8
 		 	 	 		 		 		6		8
 		 	 	 		 		 		7		8
 		 	 	 		 		 		8		8

Time: 88.545392 sec
Packet_Type		Length	Src_nid	Src_port	Option	Origin_nid	Destination_nid	Next_hop_nid
UpdateDataPlaneRouting	796	12	1		Finish	 		 		 

Time: 89.650800 sec
Packet_Type	Length	Src_nid	Src_port
Hello		80	8	1

Time: 90.310692 sec
Packet_Type		Length	Src_nid	Src_port	Option	Origin_nid	Destination_nid	Next_hop_nid
UpdateDataPlaneRouting	796	12	1		New	10		2		8
 		 	 	 		 		 		3		8
 		 	 	 		 		 		4		8
 		 	 	 		 		 		5		8
 		 	 	 		 		 		6		8
 		 	 	 		 		 		7		8
 		 	 	 		 		 		8		8

Time: 90.380792 sec
Packet_Type		Length	Src_nid	Src_port	Option	Origin_nid	Destination_nid	Next_hop_nid
UpdateDataPlaneRouting	796	12	1		Finish	 		 		 

Time: 91.696900 sec
Packet_Type	Length	Src_nid	Src_port
Hello		80	8	1

Time: 93.703092 sec
Packet_Type		Length	Src_nid	Src_port	Option	Origin_nid	Destination_nid	Next_hop_nid
UpdateDataPlaneRouting	796	12	1		New	10		2		8
 		 	 	 		 		 		3		8
 		 	 	 		 		 		4		8
 		 	 	 		 		 		5		8
 		 	 	 		 		 		6		8
 		 	 	 		 		 		7		8
 		 	 	 		 		 		8		8

Time: 93.705192 sec
Packet_Type		Length	Src_nid	Src_port	Option	Origin_nid	Destination_nid	Next_hop_nid
UpdateDataPlaneRouting	796	12	1		Finish	 		 		 

Time: 93.747000 sec
Packet_Type	Length	Src_nid	Src_port
Hello		80	8	1

Time: 95.158492 sec
Packet_Type		Length	Src_nid	Src_port	Option	Origin_nid	Destination_nid	Next_hop_nid
UpdateDataPlaneRouting	796	12	1		New	10		2		8
 		 	 	 		 		 		3		8
 		 	 	 		 		 		4		8
 		 	 	 		 		 		5		8
 		 	 	 		 		 		6		8
 		 	 	 		 		 		7		8
 		 	 	 		 		 		8		8

Time: 95.189592 sec
Packet_Type		Length	Src_nid	Src_port	Option	Origin_nid	Destination_nid	Next_hop_nid
UpdateDataPlaneRouting	796	12	1		Finish	 		 		 

Time: 95.820100 sec
Packet_Type	Length	Src_nid	Src_port
Hello		80	8	1

Time: 96.014892 sec
Packet_Type		Length	Src_nid	Src_port	Option	Origin_nid	Destination_nid	Next_hop_nid
UpdateDataPlaneRouting	796	12	1		New	10		2		8
 		 	 	 		 		 		3		8
 		 	 	 		 		 		4		8
 		 	 	 		 		 		5		8
 		 	 	 		 		 		6		8
 		 	 	 		 		 		7		8
 		 	 	 		 		 		8		8

Time: 96.016992 sec
Packet_Type		Length	Src_nid	Src_port	Option	Origin_nid	Destination_nid	Next_hop_nid
UpdateDataPlaneRouting	796	12	1		Finish	 		 		 

Time: 96.244092 sec
Packet_Type		Length	Src_nid	Src_port	Option	Origin_nid	Destination_nid	Next_hop_nid
UpdateDataPlaneRouting	796	12	1		New	10		2		8
 		 	 	 		 		 		3		8
 		 	 	 		 		 		4		8
 		 	 	 		 		 		5		8
 		 	 	 		 		 		6		8
 		 	 	 		 		 		7		8
 		 	 	 		 		 		8		8

Time: 96.249192 sec
Packet_Type		Length	Src_nid	Src_port	Option	Origin_nid	Destination_nid	Next_hop_nid
UpdateDataPlaneRouting	796	12	1		Finish	 		 		 

Time: 97.837200 sec
Packet_Type	Length	Src_nid	Src_port
Hello		80	8	1

Time: 97.963492 sec
Packet_Type		Length	Src_nid	Src_port	Option	Origin_nid	Destination_nid	Next_hop_nid
UpdateDataPlaneRouting	796	12	1		New	10		2		8
 		 	 	 		 		 		3		8
 		 	 	 		 		 		4		8
 		 	 	 		 		 		5		8
 		 	 	 		 		 		6		8
 		 	 	 		 		 		7		8
 		 	 	 		 		 		8		8

Time: 97.965592 sec
Packet_Type		Length	Src_nid	Src_port	Option	Origin_nid	Destination_nid	Next_hop_nid
UpdateDataPlaneRouting	796	12	1		Finish	 		 		 

Time: 98.203692 sec
Packet_Type		Length	Src_nid	Src_port	Option	Origin_nid	Destination_nid	Next_hop_nid
UpdateDataPlaneRouting	796	12	1		New	10		2		8
 		 	 	 		 		 		3		8
 		 	 	 		 		 		4		8
 		 	 	 		 		 		5		8
 		 	 	 		 		 		6		8
 		 	 	 		 		 		7		8
 		 	 	 		 		 		8		8

Time: 98.204792 sec
Packet_Type		Length	Src_nid	Src_port	Option	Origin_nid	Destination_nid	Next_hop_nid
UpdateDataPlaneRouting	796	12	1		Finish	 		 		 

Time: 98.656892 sec
Packet_Type		Length	Src_nid	Src_port	Option	Origin_nid	Destination_nid	Next_hop_nid
UpdateDataPlaneRouting	796	12	1		New	10		1		8
 		 	 	 		 		 		2		8
 		 	 	 		 		 		3		8
 		 	 	 		 		 		4		8
 		 	 	 		 		 		5		8
 		 	 	 		 		 		6		8
 		 	 	 		 		 		7		8
 		 	 	 		 		 		8		8

Time: 98.660992 sec
Packet_Type		Length	Src_nid	Src_port	Option	Origin_nid	Destination_nid	Next_hop_nid
UpdateDataPlaneRouting	796	12	1		Finish	 		 		 

Time: 98.773092 sec
Packet_Type		Length	Src_nid	Src_port	Option	Origin_nid	Destination_nid	Next_hop_nid
UpdateDataPlaneRouting	796	12	1		New	10		1		8
 		 	 	 		 		 		2		8
 		 	 	 		 		 		3		8
 		 	 	 		 		 		4		8
 		 	 	 		 		 		5		8
 		 	 	 		 		 		6		8
 		 	 	 		 		 		7		8
 		 	 	 		 		 		8		8

Time: 98.775192 sec
Packet_Type		Length	Src_nid	Src_port	Option	Origin_nid	Destination_nid	Next_hop_nid
UpdateDataPlaneRouting	796	12	1		Finish	 		 		 

Time: 99.155292 sec
Packet_Type		Length	Src_nid	Src_port	Option	Origin_nid	Destination_nid	Next_hop_nid
UpdateDataPlaneRouting	796	12	1		New	10		1		8
 		 	 	 		 		 		2		8
 		 	 	 		 		 		3		8
 		 	 	 		 		 		4		8
 		 	 	 		 		 		5		8
 		 	 	 		 		 		6		8
 		 	 	 		 		 		7		8
 		 	 	 		 		 		8		8

Time: 99.157392 sec
Packet_Type		Length	Src_nid	Src_port	Option	Origin_nid	Destination_nid	Next_hop_nid
UpdateDataPlaneRouting	796	12	1		Finish	 		 		 

Time: 99.245492 sec
Packet_Type		Length	Src_nid	Src_port	Option	Origin_nid	Destination_nid	Next_hop_nid
UpdateDataPlaneRouting	796	12	1		New	10		1		8
 		 	 	 		 		 		2		8
 		 	 	 		 		 		3		8
 		 	 	 		 		 		4		8
 		 	 	 		 		 		5		8
 		 	 	 		 		 		6		8
 		 	 	 		 		 		7		8
 		 	 	 		 		 		8		8

Time: 99.247592 sec
Packet_Type		Length	Src_nid	Src_port	Option	Origin_nid	Destination_nid	Next_hop_nid
UpdateDataPlaneRouting	796	12	1		Finish	 		 		 

Time: 99.874692 sec
Packet_Type		Length	Src_nid	Src_port	Option	Origin_nid	Destination_nid	Next_hop_nid
UpdateDataPlaneRouting	796	12	1		New	10		1		8
 		 	 	 		 		 		2		8
 		 	 	 		 		 		3		8
 		 	 	 		 		 		4		8
 		 	 	 		 		 		5		8
 		 	 	 		 		 		6		8
 		 	 	 		 		 		7		8
 		 	 	 		 		 		8		8

Time: 99.875792 sec
Packet_Type		Length	Src_nid	Src_port	Option	Origin_nid	Destination_nid	Next_hop_nid
UpdateDataPlaneRouting	796	12	1		Finish	 		 		 

Time: 99.927300 sec
Packet_Type	Length	Src_nid	Src_port
Hello		80	8	1

