Time: 2.008000 sec
Packet_Type	Length	Src_nid	Src_port
Hello		80	8	1

Time: 2.030100 sec
Packet_Type	Length	Src_nid	Src_port
Hello		80	4	1

Time: 2.032200 sec
Packet_Type	Length	Src_nid	Src_port
Hello		80	5	1

Time: 2.059076 sec
Packet_Type		Length	Src_nid	Src_port	Option	Origin_nid	Destination_nid	Next_hop_nid
UpdateDataPlaneRouting	796	12	1		New	9		8		8

Time: 2.060176 sec
Packet_Type		Length	Src_nid	Src_port	Option	Origin_nid	Destination_nid	Next_hop_nid
UpdateDataPlaneRouting	796	12	1		Finish	 		 		 

Time: 2.077276 sec
Packet_Type		Length	Src_nid	Src_port	Option	Origin_nid	Destination_nid	Next_hop_nid
UpdateDataPlaneRouting	796	12	1		New	9		4		8
 		 	 	 		 		 		8		8

Time: 2.078376 sec
Packet_Type		Length	Src_nid	Src_port	Option	Origin_nid	Destination_nid	Next_hop_nid
UpdateDataPlaneRouting	796	12	1		Finish	 		 		 

Time: 2.087300 sec
Packet_Type	Length	Src_nid	Src_port
Hello		80	10	1

Time: 2.089476 sec
Packet_Type		Length	Src_nid	Src_port	Option	Origin_nid	Destination_nid	Next_hop_nid
UpdateDataPlaneRouting	796	12	1		New	9		4		8
 		 	 	 		 		 		8		8

Time: 2.091576 sec
Packet_Type		Length	Src_nid	Src_port	Option	Origin_nid	Destination_nid	Next_hop_nid
UpdateDataPlaneRouting	796	12	1		Finish	 		 		 

Time: 2.128876 sec
Packet_Type		Length	Src_nid	Src_port	Option	Origin_nid	Destination_nid	Next_hop_nid
UpdateDataPlaneRouting	796	12	1		New	9		4		4
 		 	 	 		 		 		8		8

Time: 2.129976 sec
Packet_Type		Length	Src_nid	Src_port	Option	Origin_nid	Destination_nid	Next_hop_nid
UpdateDataPlaneRouting	796	12	1		Finish	 		 		 

Time: 2.136076 sec
Packet_Type		Length	Src_nid	Src_port	Option	Origin_nid	Destination_nid	Next_hop_nid
UpdateDataPlaneRouting	796	12	1		New	9		4		4
 		 	 	 		 		 		8		8

Time: 2.138176 sec
Packet_Type		Length	Src_nid	Src_port	Option	Origin_nid	Destination_nid	Next_hop_nid
UpdateDataPlaneRouting	796	12	1		Finish	 		 		 

Time: 2.155276 sec
Packet_Type		Length	Src_nid	Src_port	Option	Origin_nid	Destination_nid	Next_hop_nid
UpdateDataPlaneRouting	796	12	1		New	9		4		4
 		 	 	 		 		 		6		8
 		 	 	 		 		 		8		8

Time: 2.158376 sec
Packet_Type		Length	Src_nid	Src_port	Option	Origin_nid	Destination_nid	Next_hop_nid
UpdateDataPlaneRouting	796	12	1		Finish	 		 		 

Time: 3.169775 sec
Packet_Type		Length	Src_nid	Src_port	Option	Origin_nid	Destination_nid	Next_hop_nid
UpdateDataPlaneRouting	796	12	1		New	9		4		4
 		 	 	 		 		 		6		8
 		 	 	 		 		 		8		8

Time: 3.170875 sec
Packet_Type		Length	Src_nid	Src_port	Option	Origin_nid	Destination_nid	Next_hop_nid
UpdateDataPlaneRouting	796	12	1		Finish	 		 		 

Time: 3.958975 sec
Packet_Type		Length	Src_nid	Src_port	Option	Origin_nid	Destination_nid	Next_hop_nid
UpdateDataPlaneRouting	796	12	1		New	9		4		4
 		 	 	 		 		 		5		5
 		 	 	 		 		 		6		8
 		 	 	 		 		 		8		8

Time: 3.960075 sec
Packet_Type		Length	Src_nid	Src_port	Option	Origin_nid	Destination_nid	Next_hop_nid
UpdateDataPlaneRouting	796	12	1		Finish	 		 		 

Time: 3.988175 sec
Packet_Type		Length	Src_nid	Src_port	Option	Origin_nid	Destination_nid	Next_hop_nid
UpdateDataPlaneRouting	796	12	1		New	9		4		4
 		 	 	 		 		 		5		5
 		 	 	 		 		 		6		8
 		 	 	 		 		 		8		8

Time: 3.990275 sec
Packet_Type		Length	Src_nid	Src_port	Option	Origin_nid	Destination_nid	Next_hop_nid
UpdateDataPlaneRouting	796	12	1		Finish	 		 		 

Time: 4.036400 sec
Packet_Type	Length	Src_nid	Src_port
Hello		80	4	1

Time: 4.062575 sec
Packet_Type		Length	Src_nid	Src_port	Option	Origin_nid	Destination_nid	Next_hop_nid
UpdateDataPlaneRouting	796	12	1		New	9		4		4
 		 	 	 		 		 		5		5
 		 	 	 		 		 		6		8
 		 	 	 		 		 		8		8

Time: 4.064675 sec
Packet_Type		Length	Src_nid	Src_port	Option	Origin_nid	Destination_nid	Next_hop_nid
UpdateDataPlaneRouting	796	12	1		Finish	 		 		 

Time: 4.070500 sec
Packet_Type	Length	Src_nid	Src_port
Hello		80	5	1

Time: 4.087600 sec
Packet_Type	Length	Src_nid	Src_port
Hello		80	8	1

Time: 4.182188 sec
Packet_Type		Length	Src_nid	Src_port	Option	Origin_nid	Destination_nid	Next_hop_nid
UpdateDataPlaneRouting	796	12	1		New	9		2		5
 		 	 	 		 		 		4		4
 		 	 	 		 		 		5		5
 		 	 	 		 		 		6		5
 		 	 	 		 		 		8		8

Time: 4.187288 sec
Packet_Type		Length	Src_nid	Src_port	Option	Origin_nid	Destination_nid	Next_hop_nid
UpdateDataPlaneRouting	796	12	1		Finish	 		 		 

Time: 4.211388 sec
Packet_Type		Length	Src_nid	Src_port	Option	Origin_nid	Destination_nid	Next_hop_nid
UpdateDataPlaneRouting	796	12	1		New	9		2		5
 		 	 	 		 		 		4		4
 		 	 	 		 		 		5		5
 		 	 	 		 		 		6		5
 		 	 	 		 		 		8		8

Time: 4.213488 sec
Packet_Type		Length	Src_nid	Src_port	Option	Origin_nid	Destination_nid	Next_hop_nid
UpdateDataPlaneRouting	796	12	1		Finish	 		 		 

Time: 4.225588 sec
Packet_Type		Length	Src_nid	Src_port	Option	Origin_nid	Destination_nid	Next_hop_nid
UpdateDataPlaneRouting	796	12	1		New	9		2		5
 		 	 	 		 		 		4		4
 		 	 	 		 		 		5		5
 		 	 	 		 		 		6		5
 		 	 	 		 		 		8		8

Time: 4.227688 sec
Packet_Type		Length	Src_nid	Src_port	Option	Origin_nid	Destination_nid	Next_hop_nid
UpdateDataPlaneRouting	796	12	1		Finish	 		 		 

Time: 4.255788 sec
Packet_Type		Length	Src_nid	Src_port	Option	Origin_nid	Destination_nid	Next_hop_nid
UpdateDataPlaneRouting	796	12	1		New	9		2		5
 		 	 	 		 		 		4		4
 		 	 	 		 		 		5		5
 		 	 	 		 		 		6		5
 		 	 	 		 		 		8		8

Time: 4.257888 sec
Packet_Type		Length	Src_nid	Src_port	Option	Origin_nid	Destination_nid	Next_hop_nid
UpdateDataPlaneRouting	796	12	1		Finish	 		 		 

Time: 6.036700 sec
Packet_Type	Length	Src_nid	Src_port
Hello		80	4	1

Time: 6.137800 sec
Packet_Type	Length	Src_nid	Src_port
Hello		80	8	1

Time: 7.255588 sec
Packet_Type		Length	Src_nid	Src_port	Option	Origin_nid	Destination_nid	Next_hop_nid
UpdateDataPlaneRouting	796	12	1		New	9		2		5
 		 	 	 		 		 		4		4
 		 	 	 		 		 		5		5
 		 	 	 		 		 		6		5
 		 	 	 		 		 		8		8

Time: 7.256688 sec
Packet_Type		Length	Src_nid	Src_port	Option	Origin_nid	Destination_nid	Next_hop_nid
UpdateDataPlaneRouting	796	12	1		Finish	 		 		 

Time: 8.065900 sec
Packet_Type	Length	Src_nid	Src_port
Hello		80	4	1

Time: 8.155000 sec
Packet_Type	Length	Src_nid	Src_port
Hello		80	8	1

Time: 8.297188 sec
Packet_Type		Length	Src_nid	Src_port	Option	Origin_nid	Destination_nid	Next_hop_nid
UpdateDataPlaneRouting	796	12	1		New	9		2		5
 		 	 	 		 		 		4		4
 		 	 	 		 		 		5		5
 		 	 	 		 		 		6		5
 		 	 	 		 		 		8		8
 		 	 	 		 		 		11		8

Time: 8.298288 sec
Packet_Type		Length	Src_nid	Src_port	Option	Origin_nid	Destination_nid	Next_hop_nid
UpdateDataPlaneRouting	796	12	1		Finish	 		 		 

Time: 10.099100 sec
Packet_Type	Length	Src_nid	Src_port
Hello		80	4	1

Time: 10.212200 sec
Packet_Type	Length	Src_nid	Src_port
Hello		80	8	1

Time: 12.112300 sec
Packet_Type	Length	Src_nid	Src_port
Hello		80	4	1

Time: 12.255400 sec
Packet_Type	Length	Src_nid	Src_port
Hello		80	8	1

Time: 14.148500 sec
Packet_Type	Length	Src_nid	Src_port
Hello		80	4	1

Time: 14.324600 sec
Packet_Type	Length	Src_nid	Src_port
Hello		80	8	1

Time: 14.386700 sec
Packet_Type	Length	Src_nid	Src_port
Hello		80	10	1

Time: 16.176800 sec
Packet_Type	Length	Src_nid	Src_port
Hello		80	4	1

Time: 16.274900 sec
Packet_Type	Length	Src_nid	Src_port
Hello		80	7	1

Time: 16.388000 sec
Packet_Type	Length	Src_nid	Src_port
Hello		80	8	1

Time: 18.207100 sec
Packet_Type	Length	Src_nid	Src_port
Hello		80	4	1

Time: 18.346200 sec
Packet_Type	Length	Src_nid	Src_port
Hello		80	7	1

Time: 18.414300 sec
Packet_Type	Length	Src_nid	Src_port
Hello		80	10	1

Time: 18.419400 sec
Packet_Type	Length	Src_nid	Src_port
Hello		80	8	1

Time: 20.233500 sec
Packet_Type	Length	Src_nid	Src_port
Hello		80	4	1

Time: 20.469600 sec
Packet_Type	Length	Src_nid	Src_port
Hello		80	8	1

Time: 20.533700 sec
Packet_Type	Length	Src_nid	Src_port
Hello		80	10	1

Time: 22.407800 sec
Packet_Type	Length	Src_nid	Src_port
Hello		80	7	1

Time: 22.478900 sec
Packet_Type	Length	Src_nid	Src_port
Hello		80	8	1

Time: 22.555000 sec
Packet_Type	Length	Src_nid	Src_port
Hello		80	10	1

Time: 22.689100 sec
Packet_Type	Length	Src_nid	Src_port
Hello		80	11	1

Time: 24.435200 sec
Packet_Type	Length	Src_nid	Src_port
Hello		80	7	1

Time: 24.505300 sec
Packet_Type	Length	Src_nid	Src_port
Hello		80	8	1

Time: 24.550400 sec
Packet_Type	Length	Src_nid	Src_port
Hello		80	10	1

Time: 24.747500 sec
Packet_Type	Length	Src_nid	Src_port
Hello		80	11	1

Time: 26.457600 sec
Packet_Type	Length	Src_nid	Src_port
Hello		80	7	1

Time: 26.540700 sec
Packet_Type	Length	Src_nid	Src_port
Hello		80	8	1

Time: 26.630800 sec
Packet_Type	Length	Src_nid	Src_port
Hello		80	10	1

Time: 28.477900 sec
Packet_Type	Length	Src_nid	Src_port
Hello		80	7	1

Time: 28.593000 sec
Packet_Type	Length	Src_nid	Src_port
Hello		80	8	1

Time: 28.686100 sec
Packet_Type	Length	Src_nid	Src_port
Hello		80	10	1

Time: 28.888200 sec
Packet_Type	Length	Src_nid	Src_port
Hello		80	11	1

Time: 30.400300 sec
Packet_Type	Length	Src_nid	Src_port
Hello		80	5	1

Time: 30.662400 sec
Packet_Type	Length	Src_nid	Src_port
Hello		80	8	1

Time: 32.671500 sec
Packet_Type	Length	Src_nid	Src_port
Hello		80	8	1

Time: 32.817600 sec
Packet_Type	Length	Src_nid	Src_port
Hello		80	10	1

Time: 34.453700 sec
Packet_Type	Length	Src_nid	Src_port
Hello		80	5	1

Time: 34.559800 sec
Packet_Type	Length	Src_nid	Src_port
Hello		80	7	1

Time: 34.678900 sec
Packet_Type	Length	Src_nid	Src_port
Hello		80	8	1

Time: 34.830000 sec
Packet_Type	Length	Src_nid	Src_port
Hello		80	10	1

Time: 36.607100 sec
Packet_Type	Length	Src_nid	Src_port
Hello		80	6	1

Time: 36.751200 sec
Packet_Type	Length	Src_nid	Src_port
Hello		80	8	1

Time: 36.831300 sec
Packet_Type	Length	Src_nid	Src_port
Hello		80	10	1

Time: 38.496400 sec
Packet_Type	Length	Src_nid	Src_port
Hello		80	5	1

Time: 38.586500 sec
Packet_Type	Length	Src_nid	Src_port
Hello		80	7	1

Time: 38.774600 sec
Packet_Type	Length	Src_nid	Src_port
Hello		80	8	1

Time: 38.919700 sec
Packet_Type	Length	Src_nid	Src_port
Hello		80	10	1

Time: 40.523800 sec
Packet_Type	Length	Src_nid	Src_port
Hello		80	5	1

Time: 40.609900 sec
Packet_Type	Length	Src_nid	Src_port
Hello		80	7	1

Time: 40.700000 sec
Packet_Type	Length	Src_nid	Src_port
Hello		80	6	1

Time: 40.820100 sec
Packet_Type	Length	Src_nid	Src_port
Hello		80	8	1

Time: 40.999200 sec
Packet_Type	Length	Src_nid	Src_port
Hello		80	10	1

Time: 42.535300 sec
Packet_Type	Length	Src_nid	Src_port
Hello		80	5	1

Time: 42.753400 sec
Packet_Type	Length	Src_nid	Src_port
Hello		80	6	1

Time: 42.883500 sec
Packet_Type	Length	Src_nid	Src_port
Hello		80	8	1

Time: 43.048600 sec
Packet_Type	Length	Src_nid	Src_port
Hello		80	10	1

Time: 44.718700 sec
Packet_Type	Length	Src_nid	Src_port
Hello		80	7	1

Time: 44.798800 sec
Packet_Type	Length	Src_nid	Src_port
Hello		80	6	1

Time: 44.908900 sec
Packet_Type	Length	Src_nid	Src_port
Hello		80	8	1

Time: 45.068000 sec
Packet_Type	Length	Src_nid	Src_port
Hello		80	10	1

Time: 46.582100 sec
Packet_Type	Length	Src_nid	Src_port
Hello		80	5	1

Time: 46.802200 sec
Packet_Type	Length	Src_nid	Src_port
Hello		80	6	1

Time: 46.916300 sec
Packet_Type	Length	Src_nid	Src_port
Hello		80	8	1

Time: 47.069400 sec
Packet_Type	Length	Src_nid	Src_port
Hello		80	10	1

Time: 48.620500 sec
Packet_Type	Length	Src_nid	Src_port
Hello		80	5	1

Time: 48.843600 sec
Packet_Type	Length	Src_nid	Src_port
Hello		80	7	1

Time: 48.971700 sec
Packet_Type	Length	Src_nid	Src_port
Hello		80	8	1

Time: 49.123800 sec
Packet_Type	Length	Src_nid	Src_port
Hello		80	10	1

Time: 50.624900 sec
Packet_Type	Length	Src_nid	Src_port
Hello		80	5	1

Time: 51.007000 sec
Packet_Type	Length	Src_nid	Src_port
Hello		80	8	1

Time: 51.204100 sec
Packet_Type	Length	Src_nid	Src_port
Hello		80	10	1

Time: 52.643200 sec
Packet_Type	Length	Src_nid	Src_port
Hello		80	5	1

Time: 53.045300 sec
Packet_Type	Length	Src_nid	Src_port
Hello		80	8	1

Time: 53.258400 sec
Packet_Type	Length	Src_nid	Src_port
Hello		80	10	1

Time: 55.089500 sec
Packet_Type	Length	Src_nid	Src_port
Hello		80	8	1

Time: 55.285600 sec
Packet_Type	Length	Src_nid	Src_port
Hello		80	10	1

Time: 56.691700 sec
Packet_Type	Length	Src_nid	Src_port
Hello		80	5	1

Time: 57.156800 sec
Packet_Type	Length	Src_nid	Src_port
Hello		80	8	1

Time: 57.359900 sec
Packet_Type	Length	Src_nid	Src_port
Hello		80	10	1

Time: 59.198000 sec
Packet_Type	Length	Src_nid	Src_port
Hello		80	8	1

Time: 59.448100 sec
Packet_Type	Length	Src_nid	Src_port
Hello		80	10	1

Time: 65.299200 sec
Packet_Type	Length	Src_nid	Src_port
Hello		80	8	1

Time: 67.148300 sec
Packet_Type	Length	Src_nid	Src_port
Hello		80	6	1

Time: 67.326400 sec
Packet_Type	Length	Src_nid	Src_port
Hello		80	8	1

Time: 69.203500 sec
Packet_Type	Length	Src_nid	Src_port
Hello		80	6	1

Time: 71.229600 sec
Packet_Type	Length	Src_nid	Src_port
Hello		80	6	1

Time: 73.259700 sec
Packet_Type	Length	Src_nid	Src_port
Hello		80	6	1

Time: 75.271800 sec
Packet_Type	Length	Src_nid	Src_port
Hello		80	6	1

Time: 77.303900 sec
Packet_Type	Length	Src_nid	Src_port
Hello		80	6	1

Time: 79.349000 sec
Packet_Type	Length	Src_nid	Src_port
Hello		80	6	1

Time: 81.367100 sec
Packet_Type	Length	Src_nid	Src_port
Hello		80	6	1

Time: 83.422200 sec
Packet_Type	Length	Src_nid	Src_port
Hello		80	6	1

Time: 85.452300 sec
Packet_Type	Length	Src_nid	Src_port
Hello		80	6	1

Time: 87.451400 sec
Packet_Type	Length	Src_nid	Src_port
Hello		80	6	1

Time: 88.493500 sec
Packet_Type	Length	Src_nid	Src_port
Hello		80	2	1

Time: 89.465600 sec
Packet_Type	Length	Src_nid	Src_port
Hello		80	6	1

Time: 90.497700 sec
Packet_Type	Length	Src_nid	Src_port
Hello		80	2	1

Time: 91.503800 sec
Packet_Type	Length	Src_nid	Src_port
Hello		80	6	1

Time: 92.501900 sec
Packet_Type	Length	Src_nid	Src_port
Hello		80	2	1

Time: 93.554000 sec
Packet_Type	Length	Src_nid	Src_port
Hello		80	6	1

Time: 94.509100 sec
Packet_Type	Length	Src_nid	Src_port
Hello		80	2	1

Time: 95.567200 sec
Packet_Type	Length	Src_nid	Src_port
Hello		80	6	1

Time: 96.515300 sec
Packet_Type	Length	Src_nid	Src_port
Hello		80	2	1

Time: 97.599400 sec
Packet_Type	Length	Src_nid	Src_port
Hello		80	6	1

Time: 98.516500 sec
Packet_Type	Length	Src_nid	Src_port
Hello		80	2	1

Time: 99.281600 sec
Packet_Type	Length	Src_nid	Src_port
Hello		80	5	1

Time: 99.600700 sec
Packet_Type	Length	Src_nid	Src_port
Hello		80	6	1

