Time: 2.101300 sec
Broadcast
Packet_Type	Length	Src_nid	Src_port
Hello		80	11	1

Time: 3.910207 sec
Send to Nid: 12
Packet_Type	Length	Src_nid	Src_port
Hello		80	11	1

Time: 3.910307 sec
Send to Nid: 12
Packet_Type		Length	Src_Nid	src_port	Option	Center_nid	Neighbor_nid	Data_plane_port
NeighborUpdate		544	11	1		New	11		8		1

Time: 3.910407 sec
Send to Nid: 12
Packet_Type		Length	Src_Nid	src_port	Option	Center_nid	Neighbor_nid	Data_plane_port
NeighborUpdate		544	11	1		Finish	 		 		 

Time: 3.910507 sec
Send to Nid: 12
Packet_Type		Length	Src_Nid	src_port	Option	Center_nid	Neighbor_nid	Data_plane_port
NeighborUpdate		544	11	1		New	11		8		1
 		 	 	 		 	 			7		1

Time: 3.910607 sec
Send to Nid: 12
Packet_Type		Length	Src_Nid	src_port	Option	Center_nid	Neighbor_nid	Data_plane_port
NeighborUpdate		544	11	1		Finish	 		 		 

Time: 3.910707 sec
Send to Nid: 12
Packet_Type		Length	Src_Nid	src_port	Option	Center_nid	Neighbor_nid	Data_plane_port
NeighborUpdate		544	11	1		New	11		8		1
 		 	 	 		 	 			7		1
 		 	 	 		 	 			10		1

Time: 3.910807 sec
Send to Nid: 12
Packet_Type		Length	Src_Nid	src_port	Option	Center_nid	Neighbor_nid	Data_plane_port
NeighborUpdate		544	11	1		Finish	 		 		 

Time: 4.020907 sec
Send to Nid: 12
Packet_Type		Length	Src_Nid	src_port	Option	Center_nid	Neighbor_nid	Data_plane_port
NeighborUpdate		544	11	1		New	11		8		1
 		 	 	 		 	 			7		1
 		 	 	 		 	 			10		1

Time: 4.021007 sec
Send to Nid: 12
Packet_Type		Length	Src_Nid	src_port	Option	Center_nid	Neighbor_nid	Data_plane_port
NeighborUpdate		544	11	1		Finish	 		 		 

Time: 4.090107 sec
Send to Nid: 12
Packet_Type		Length	Src_Nid	src_port	Option	Center_nid	Neighbor_nid	Data_plane_port
NeighborUpdate		544	11	1		New	11		8		1
 		 	 	 		 	 			7		1
 		 	 	 		 	 			10		1

Time: 4.090207 sec
Send to Nid: 12
Packet_Type		Length	Src_Nid	src_port	Option	Center_nid	Neighbor_nid	Data_plane_port
NeighborUpdate		544	11	1		Finish	 		 		 

Time: 4.180307 sec
Send to Nid: 12
Packet_Type		Length	Src_Nid	src_port	Option	Center_nid	Neighbor_nid	Data_plane_port
NeighborUpdate		544	11	1		New	11		8		1
 		 	 	 		 	 			7		1
 		 	 	 		 	 			10		1

Time: 4.180407 sec
Send to Nid: 12
Packet_Type		Length	Src_Nid	src_port	Option	Center_nid	Neighbor_nid	Data_plane_port
NeighborUpdate		544	11	1		Finish	 		 		 

Time: 4.196600 sec
Broadcast
Packet_Type	Length	Src_nid	Src_port
Hello		80	11	1

Time: 6.090507 sec
Send to Nid: 12
Packet_Type		Length	Src_Nid	src_port	Option	Center_nid	Neighbor_nid	Data_plane_port
NeighborUpdate		544	11	1		New	11		8		1
 		 	 	 		 	 			7		1
 		 	 	 		 	 			10		1

Time: 6.240900 sec
Broadcast
Packet_Type	Length	Src_nid	Src_port
Hello		80	11	1

Time: 7.130102 sec
Send to Nid: 12
Packet_Type		Length	Src_Nid	src_port	Option	Center_nid	Neighbor_nid	Data_plane_port
NeighborUpdate		544	11	1		Finish	 		 		 

Time: 7.130202 sec
Send to Nid: 12
Packet_Type	Length	Src_nid	Src_port
Hello		80	11	1

Time: 7.130302 sec
Send to Nid: 12
Packet_Type		Length	Src_Nid	src_port	Option	Center_nid	Neighbor_nid	Data_plane_port
NeighborUpdate		544	11	1		New	11		8		1
 		 	 	 		 	 			7		1
 		 	 	 		 	 			10		1

Time: 7.130402 sec
Send to Nid: 12
Packet_Type		Length	Src_Nid	src_port	Option	Center_nid	Neighbor_nid	Data_plane_port
NeighborUpdate		544	11	1		Finish	 		 		 

Time: 7.130502 sec
Send to Nid: 12
Packet_Type		Length	Src_Nid	src_port	Option	Center_nid	Neighbor_nid	Data_plane_port
NeighborUpdate		544	11	1		New	11		8		1
 		 	 	 		 	 			7		1
 		 	 	 		 	 			10		1

Time: 7.130602 sec
Send to Nid: 12
Packet_Type		Length	Src_Nid	src_port	Option	Center_nid	Neighbor_nid	Data_plane_port
NeighborUpdate		544	11	1		Finish	 		 		 

Time: 7.274095 sec
Send to Nid: 12
Packet_Type	Length	Src_nid	Src_port
Hello		80	11	1

Time: 8.160195 sec
Send to Nid: 12
Packet_Type		Length	Src_Nid	src_port	Option	Center_nid	Neighbor_nid	Data_plane_port
NeighborUpdate		544	11	1		New	11		8		1
 		 	 	 		 	 			7		1
 		 	 	 		 	 			10		1

Time: 8.160295 sec
Send to Nid: 12
Packet_Type		Length	Src_Nid	src_port	Option	Center_nid	Neighbor_nid	Data_plane_port
NeighborUpdate		544	11	1		Finish	 		 		 

Time: 8.160395 sec
Send to Nid: 12
Packet_Type		Length	Src_Nid	src_port	Option	Center_nid	Neighbor_nid	Data_plane_port
NeighborUpdate		544	11	1		New	11		8		1
 		 	 	 		 	 			7		1
 		 	 	 		 	 			10		1

Time: 8.160495 sec
Send to Nid: 12
Packet_Type		Length	Src_Nid	src_port	Option	Center_nid	Neighbor_nid	Data_plane_port
NeighborUpdate		544	11	1		Finish	 		 		 

Time: 8.200595 sec
Send to Nid: 12
Packet_Type		Length	Src_Nid	src_port	Option	Center_nid	Neighbor_nid	Data_plane_port
NeighborUpdate		544	11	1		New	11		8		1
 		 	 	 		 	 			7		1
 		 	 	 		 	 			10		1

Time: 8.200695 sec
Send to Nid: 12
Packet_Type		Length	Src_Nid	src_port	Option	Center_nid	Neighbor_nid	Data_plane_port
NeighborUpdate		544	11	1		Finish	 		 		 

Time: 8.255200 sec
Broadcast
Packet_Type	Length	Src_nid	Src_port
Hello		80	11	1

Time: 10.200795 sec
Send to Nid: 12
Packet_Type		Length	Src_Nid	src_port	Option	Center_nid	Neighbor_nid	Data_plane_port
NeighborUpdate		544	11	1		New	11		8		1
 		 	 	 		 	 			7		1
 		 	 	 		 	 			10		1

Time: 10.200895 sec
Send to Nid: 12
Packet_Type		Length	Src_Nid	src_port	Option	Center_nid	Neighbor_nid	Data_plane_port
NeighborUpdate		544	11	1		Finish	 		 		 

Time: 10.210995 sec
Send to Nid: 12
Packet_Type		Length	Src_Nid	src_port	Option	Center_nid	Neighbor_nid	Data_plane_port
NeighborUpdate		544	11	1		New	11		8		1
 		 	 	 		 	 			7		1
 		 	 	 		 	 			10		1

Time: 10.211095 sec
Send to Nid: 12
Packet_Type		Length	Src_Nid	src_port	Option	Center_nid	Neighbor_nid	Data_plane_port
NeighborUpdate		544	11	1		Finish	 		 		 

Time: 10.220195 sec
Send to Nid: 12
Packet_Type		Length	Src_Nid	src_port	Option	Center_nid	Neighbor_nid	Data_plane_port
NeighborUpdate		544	11	1		New	11		8		1
 		 	 	 		 	 			7		1
 		 	 	 		 	 			10		1

Time: 10.220295 sec
Send to Nid: 12
Packet_Type		Length	Src_Nid	src_port	Option	Center_nid	Neighbor_nid	Data_plane_port
NeighborUpdate		544	11	1		Finish	 		 		 

Time: 10.267500 sec
Broadcast
Packet_Type	Length	Src_nid	Src_port
Hello		80	11	1

Time: 12.200395 sec
Send to Nid: 12
Packet_Type		Length	Src_Nid	src_port	Option	Center_nid	Neighbor_nid	Data_plane_port
NeighborUpdate		544	11	1		New	11		8		1
 		 	 	 		 	 			7		1
 		 	 	 		 	 			10		1

Time: 12.375800 sec
Broadcast
Packet_Type	Length	Src_nid	Src_port
Hello		80	11	1

Time: 14.414100 sec
Broadcast
Packet_Type	Length	Src_nid	Src_port
Hello		80	11	1

Time: 16.501400 sec
Broadcast
Packet_Type	Length	Src_nid	Src_port
Hello		80	11	1

Time: 18.515700 sec
Broadcast
Packet_Type	Length	Src_nid	Src_port
Hello		80	11	1

Time: 20.606000 sec
Broadcast
Packet_Type	Length	Src_nid	Src_port
Hello		80	11	1

Time: 22.688300 sec
Broadcast
Packet_Type	Length	Src_nid	Src_port
Hello		80	11	1

Time: 24.746600 sec
Broadcast
Packet_Type	Length	Src_nid	Src_port
Hello		80	11	1

Time: 26.819900 sec
Broadcast
Packet_Type	Length	Src_nid	Src_port
Hello		80	11	1

Time: 27.218564 sec
Send to Nid: 12
Packet_Type		Length	Src_Nid	src_port	Option	Center_nid	Neighbor_nid	Data_plane_port
NeighborUpdate		544	11	1		Finish	 		 		 

Time: 27.218664 sec
Send to Nid: 12
Packet_Type	Length	Src_nid	Src_port
Hello		80	11	1

Time: 27.218764 sec
Send to Nid: 12
Packet_Type		Length	Src_Nid	src_port	Option	Center_nid	Neighbor_nid	Data_plane_port
NeighborUpdate		544	11	1		New	11		8		1
 		 	 	 		 	 			7		1
 		 	 	 		 	 			10		1

Time: 27.218864 sec
Send to Nid: 12
Packet_Type		Length	Src_Nid	src_port	Option	Center_nid	Neighbor_nid	Data_plane_port
NeighborUpdate		544	11	1		Finish	 		 		 

Time: 27.218964 sec
Send to Nid: 12
Packet_Type		Length	Src_Nid	src_port	Option	Center_nid	Neighbor_nid	Data_plane_port
NeighborUpdate		544	11	1		New	11		8		1
 		 	 	 		 	 			7		1
 		 	 	 		 	 			10		1

Time: 27.219064 sec
Send to Nid: 12
Packet_Type		Length	Src_Nid	src_port	Option	Center_nid	Neighbor_nid	Data_plane_port
NeighborUpdate		544	11	1		Finish	 		 		 

Time: 27.219164 sec
Send to Nid: 12
Packet_Type		Length	Src_Nid	src_port	Option	Center_nid	Neighbor_nid	Data_plane_port
NeighborUpdate		544	11	1		New	11		8		1
 		 	 	 		 	 			7		1
 		 	 	 		 	 			10		1

Time: 27.219264 sec
Send to Nid: 12
Packet_Type		Length	Src_Nid	src_port	Option	Center_nid	Neighbor_nid	Data_plane_port
NeighborUpdate		544	11	1		Finish	 		 		 

Time: 27.219364 sec
Send to Nid: 12
Packet_Type		Length	Src_Nid	src_port	Option	Center_nid	Neighbor_nid	Data_plane_port
NeighborUpdate		544	11	1		New	11		8		1
 		 	 	 		 	 			7		1
 		 	 	 		 	 			10		1

Time: 27.219464 sec
Send to Nid: 12
Packet_Type		Length	Src_Nid	src_port	Option	Center_nid	Neighbor_nid	Data_plane_port
NeighborUpdate		544	11	1		Finish	 		 		 

Time: 27.220564 sec
Send to Nid: 12
Packet_Type		Length	Src_Nid	src_port	Option	Center_nid	Neighbor_nid	Data_plane_port
NeighborUpdate		544	11	1		New	11		8		1
 		 	 	 		 	 			7		1
 		 	 	 		 	 			10		1

Time: 27.220664 sec
Send to Nid: 12
Packet_Type		Length	Src_Nid	src_port	Option	Center_nid	Neighbor_nid	Data_plane_port
NeighborUpdate		544	11	1		Finish	 		 		 

Time: 27.220764 sec
Send to Nid: 12
Packet_Type		Length	Src_Nid	src_port	Option	Center_nid	Neighbor_nid	Data_plane_port
NeighborUpdate		544	11	1		New	11		8		1
 		 	 	 		 	 			7		1
 		 	 	 		 	 			10		1

Time: 27.220864 sec
Send to Nid: 12
Packet_Type		Length	Src_Nid	src_port	Option	Center_nid	Neighbor_nid	Data_plane_port
NeighborUpdate		544	11	1		Finish	 		 		 

Time: 27.220964 sec
Send to Nid: 12
Packet_Type		Length	Src_Nid	src_port	Option	Center_nid	Neighbor_nid	Data_plane_port
NeighborUpdate		544	11	1		New	11		8		1
 		 	 	 		 	 			7		1
 		 	 	 		 	 			10		1

Time: 27.251210 sec
Send to Nid: 12
Packet_Type		Length	Src_Nid	src_port	Option	Center_nid	Neighbor_nid	Data_plane_port
NeighborUpdate		544	11	1		Finish	 		 		 

Time: 27.251310 sec
Send to Nid: 12
Packet_Type		Length	Src_Nid	src_port	Option	Center_nid	Neighbor_nid	Data_plane_port
NeighborUpdate		544	11	1		New	11		8		1
 		 	 	 		 	 			7		1
 		 	 	 		 	 			10		1

Time: 27.251410 sec
Send to Nid: 12
Packet_Type		Length	Src_Nid	src_port	Option	Center_nid	Neighbor_nid	Data_plane_port
NeighborUpdate		544	11	1		Finish	 		 		 

Time: 27.251510 sec
Send to Nid: 12
Packet_Type		Length	Src_Nid	src_port	Option	Center_nid	Neighbor_nid	Data_plane_port
NeighborUpdate		544	11	1		New	11		8		1
 		 	 	 		 	 			7		1
 		 	 	 		 	 			10		1

Time: 27.251610 sec
Send to Nid: 12
Packet_Type		Length	Src_Nid	src_port	Option	Center_nid	Neighbor_nid	Data_plane_port
NeighborUpdate		544	11	1		Finish	 		 		 

Time: 27.251710 sec
Send to Nid: 12
Packet_Type		Length	Src_Nid	src_port	Option	Center_nid	Neighbor_nid	Data_plane_port
NeighborUpdate		544	11	1		New	11		8		1
 		 	 	 		 	 			7		1
 		 	 	 		 	 			10		1

Time: 27.251810 sec
Send to Nid: 12
Packet_Type		Length	Src_Nid	src_port	Option	Center_nid	Neighbor_nid	Data_plane_port
NeighborUpdate		544	11	1		Finish	 		 		 

Time: 27.251910 sec
Send to Nid: 12
Packet_Type	Length	Src_nid	Src_port
Hello		80	11	1

Time: 27.252010 sec
Send to Nid: 12
Packet_Type		Length	Src_Nid	src_port	Option	Center_nid	Neighbor_nid	Data_plane_port
NeighborUpdate		544	11	1		New	11		8		1
 		 	 	 		 	 			7		1
 		 	 	 		 	 			10		1

Time: 27.252110 sec
Send to Nid: 12
Packet_Type		Length	Src_Nid	src_port	Option	Center_nid	Neighbor_nid	Data_plane_port
NeighborUpdate		544	11	1		Finish	 		 		 

Time: 27.253210 sec
Send to Nid: 12
Packet_Type		Length	Src_Nid	src_port	Option	Center_nid	Neighbor_nid	Data_plane_port
NeighborUpdate		544	11	1		New	11		8		1
 		 	 	 		 	 			7		1
 		 	 	 		 	 			10		1

Time: 27.253310 sec
Send to Nid: 12
Packet_Type		Length	Src_Nid	src_port	Option	Center_nid	Neighbor_nid	Data_plane_port
NeighborUpdate		544	11	1		Finish	 		 		 

Time: 27.253410 sec
Send to Nid: 12
Packet_Type		Length	Src_Nid	src_port	Option	Center_nid	Neighbor_nid	Data_plane_port
NeighborUpdate		544	11	1		New	11		8		1
 		 	 	 		 	 			7		1
 		 	 	 		 	 			10		1

Time: 27.253510 sec
Send to Nid: 12
Packet_Type		Length	Src_Nid	src_port	Option	Center_nid	Neighbor_nid	Data_plane_port
NeighborUpdate		544	11	1		Finish	 		 		 

Time: 27.253610 sec
Send to Nid: 12
Packet_Type		Length	Src_Nid	src_port	Option	Center_nid	Neighbor_nid	Data_plane_port
NeighborUpdate		544	11	1		New	11		8		1
 		 	 	 		 	 			7		1
 		 	 	 		 	 			10		1

Time: 27.417859 sec
Send to Nid: 12
Packet_Type		Length	Src_Nid	src_port	Option	Center_nid	Neighbor_nid	Data_plane_port
NeighborUpdate		544	11	1		Finish	 		 		 

Time: 27.417959 sec
Send to Nid: 12
Packet_Type		Length	Src_Nid	src_port	Option	Center_nid	Neighbor_nid	Data_plane_port
NeighborUpdate		544	11	1		New	11		8		1
 		 	 	 		 	 			7		1
 		 	 	 		 	 			10		1

Time: 27.418059 sec
Send to Nid: 12
Packet_Type	Length	Src_nid	Src_port
Hello		80	11	1

Time: 28.480359 sec
Send to Nid: 12
Packet_Type		Length	Src_Nid	src_port	Option	Center_nid	Neighbor_nid	Data_plane_port
NeighborUpdate		544	11	1		New	11		8		1
 		 	 	 		 	 			7		1
 		 	 	 		 	 			10		1

Time: 28.480459 sec
Send to Nid: 12
Packet_Type		Length	Src_Nid	src_port	Option	Center_nid	Neighbor_nid	Data_plane_port
NeighborUpdate		544	11	1		Finish	 		 		 

Time: 28.600759 sec
Send to Nid: 12
Packet_Type		Length	Src_Nid	src_port	Option	Center_nid	Neighbor_nid	Data_plane_port
NeighborUpdate		544	11	1		New	11		8		1
 		 	 	 		 	 			7		1
 		 	 	 		 	 			10		1

Time: 28.600859 sec
Send to Nid: 12
Packet_Type		Length	Src_Nid	src_port	Option	Center_nid	Neighbor_nid	Data_plane_port
NeighborUpdate		544	11	1		Finish	 		 		 

Time: 28.884100 sec
Broadcast
Packet_Type	Length	Src_nid	Src_port
Hello		80	11	1

Time: 30.520559 sec
Send to Nid: 12
Packet_Type		Length	Src_Nid	src_port	Option	Center_nid	Neighbor_nid	Data_plane_port
NeighborUpdate		544	11	1		New	11		8		1
 		 	 	 		 	 			7		1
 		 	 	 		 	 			10		1

Time: 30.520659 sec
Send to Nid: 12
Packet_Type		Length	Src_Nid	src_port	Option	Center_nid	Neighbor_nid	Data_plane_port
NeighborUpdate		544	11	1		Finish	 		 		 

Time: 30.583903 sec
Send to Nid: 12
Packet_Type	Length	Src_nid	Src_port
Hello		80	11	1

Time: 30.670203 sec
Send to Nid: 12
Packet_Type		Length	Src_Nid	src_port	Option	Center_nid	Neighbor_nid	Data_plane_port
NeighborUpdate		544	11	1		New	11		8		1
 		 	 	 		 	 			7		1
 		 	 	 		 	 			10		1

Time: 30.670303 sec
Send to Nid: 12
Packet_Type		Length	Src_Nid	src_port	Option	Center_nid	Neighbor_nid	Data_plane_port
NeighborUpdate		544	11	1		Finish	 		 		 

Time: 30.770403 sec
Send to Nid: 12
Packet_Type		Length	Src_Nid	src_port	Option	Center_nid	Neighbor_nid	Data_plane_port
NeighborUpdate		544	11	1		New	11		8		1
 		 	 	 		 	 			7		1
 		 	 	 		 	 			10		1

Time: 30.770503 sec
Send to Nid: 12
Packet_Type		Length	Src_Nid	src_port	Option	Center_nid	Neighbor_nid	Data_plane_port
NeighborUpdate		544	11	1		Finish	 		 		 

Time: 30.985400 sec
Broadcast
Packet_Type	Length	Src_nid	Src_port
Hello		80	11	1

Time: 33.063700 sec
Broadcast
Packet_Type	Length	Src_nid	Src_port
Hello		80	11	1

Time: 35.095000 sec
Broadcast
Packet_Type	Length	Src_nid	Src_port
Hello		80	11	1

Time: 37.200200 sec
Broadcast
Packet_Type	Length	Src_nid	Src_port
Hello		80	11	1

Time: 39.241500 sec
Broadcast
Packet_Type	Length	Src_nid	Src_port
Hello		80	11	1

Time: 41.242800 sec
Broadcast
Packet_Type	Length	Src_nid	Src_port
Hello		80	11	1

Time: 43.294100 sec
Broadcast
Packet_Type	Length	Src_nid	Src_port
Hello		80	11	1

Time: 45.396300 sec
Broadcast
Packet_Type	Length	Src_nid	Src_port
Hello		80	11	1

Time: 47.400600 sec
Broadcast
Packet_Type	Length	Src_nid	Src_port
Hello		80	11	1

Time: 49.447900 sec
Broadcast
Packet_Type	Length	Src_nid	Src_port
Hello		80	11	1

Time: 51.488200 sec
Broadcast
Packet_Type	Length	Src_nid	Src_port
Hello		80	11	1

Time: 53.533500 sec
Broadcast
Packet_Type	Length	Src_nid	Src_port
Hello		80	11	1

Time: 55.581700 sec
Broadcast
Packet_Type	Length	Src_nid	Src_port
Hello		80	11	1

Time: 57.677000 sec
Broadcast
Packet_Type	Length	Src_nid	Src_port
Hello		80	11	1

Time: 59.719300 sec
Broadcast
Packet_Type	Length	Src_nid	Src_port
Hello		80	11	1

Time: 61.817500 sec
Broadcast
Packet_Type	Length	Src_nid	Src_port
Hello		80	11	1

Time: 63.863700 sec
Broadcast
Packet_Type	Length	Src_nid	Src_port
Hello		80	11	1

Time: 65.870900 sec
Broadcast
Packet_Type	Length	Src_nid	Src_port
Hello		80	11	1

Time: 67.905000 sec
Broadcast
Packet_Type	Length	Src_nid	Src_port
Hello		80	11	1

Time: 69.978200 sec
Broadcast
Packet_Type	Length	Src_nid	Src_port
Hello		80	11	1

Time: 71.991300 sec
Broadcast
Packet_Type	Length	Src_nid	Src_port
Hello		80	11	1

Time: 74.056500 sec
Broadcast
Packet_Type	Length	Src_nid	Src_port
Hello		80	11	1

Time: 76.125700 sec
Broadcast
Packet_Type	Length	Src_nid	Src_port
Hello		80	11	1

Time: 78.195900 sec
Broadcast
Packet_Type	Length	Src_nid	Src_port
Hello		80	11	1

Time: 80.246100 sec
Broadcast
Packet_Type	Length	Src_nid	Src_port
Hello		80	11	1

Time: 82.252300 sec
Broadcast
Packet_Type	Length	Src_nid	Src_port
Hello		80	11	1

Time: 84.258500 sec
Broadcast
Packet_Type	Length	Src_nid	Src_port
Hello		80	11	1

Time: 86.317700 sec
Broadcast
Packet_Type	Length	Src_nid	Src_port
Hello		80	11	1

Time: 88.327900 sec
Broadcast
Packet_Type	Length	Src_nid	Src_port
Hello		80	11	1

Time: 90.383100 sec
Broadcast
Packet_Type	Length	Src_nid	Src_port
Hello		80	11	1

Time: 92.493300 sec
Broadcast
Packet_Type	Length	Src_nid	Src_port
Hello		80	11	1

Time: 94.535500 sec
Broadcast
Packet_Type	Length	Src_nid	Src_port
Hello		80	11	1

Time: 96.635700 sec
Broadcast
Packet_Type	Length	Src_nid	Src_port
Hello		80	11	1

Time: 98.736900 sec
Broadcast
Packet_Type	Length	Src_nid	Src_port
Hello		80	11	1

