Time: 2.009100 sec
Broadcast
Packet_Type	Length	Src_nid	Src_port
Hello		80	7	1

Time: 4.018400 sec
Broadcast
Packet_Type	Length	Src_nid	Src_port
Hello		80	7	1

Time: 6.081700 sec
Broadcast
Packet_Type	Length	Src_nid	Src_port
Hello		80	7	1

Time: 8.152200 sec
Broadcast
Packet_Type	Length	Src_nid	Src_port
Hello		80	7	1

Time: 10.189600 sec
Broadcast
Packet_Type	Length	Src_nid	Src_port
Hello		80	7	1

Time: 12.192900 sec
Broadcast
Packet_Type	Length	Src_nid	Src_port
Hello		80	7	1

Time: 14.235200 sec
Broadcast
Packet_Type	Length	Src_nid	Src_port
Hello		80	7	1

Time: 16.273500 sec
Broadcast
Packet_Type	Length	Src_nid	Src_port
Hello		80	7	1

Time: 18.339700 sec
Broadcast
Packet_Type	Length	Src_nid	Src_port
Hello		80	7	1

Time: 20.391000 sec
Broadcast
Packet_Type	Length	Src_nid	Src_port
Hello		80	7	1

Time: 22.404300 sec
Broadcast
Packet_Type	Length	Src_nid	Src_port
Hello		80	7	1

Time: 24.434600 sec
Broadcast
Packet_Type	Length	Src_nid	Src_port
Hello		80	7	1

Time: 26.456900 sec
Broadcast
Packet_Type	Length	Src_nid	Src_port
Hello		80	7	1

Time: 28.477100 sec
Broadcast
Packet_Type	Length	Src_nid	Src_port
Hello		80	7	1

Time: 30.515400 sec
Broadcast
Packet_Type	Length	Src_nid	Src_port
Hello		80	7	1

Time: 31.002551 sec
Send to Nid: 12
Packet_Type	Length	Src_nid	Src_port
Hello		80	7	1

Time: 31.002651 sec
Send to Nid: 12
Packet_Type		Length	Src_Nid	src_port	Option	Center_nid	Neighbor_nid	Data_plane_port
NeighborUpdate		544	7	1		New	7		8		1

Time: 31.002751 sec
Send to Nid: 12
Packet_Type		Length	Src_Nid	src_port	Option	Center_nid	Neighbor_nid	Data_plane_port
NeighborUpdate		544	7	1		Finish	 		 		 

Time: 31.002851 sec
Send to Nid: 12
Packet_Type		Length	Src_Nid	src_port	Option	Center_nid	Neighbor_nid	Data_plane_port
NeighborUpdate		544	7	1		New	7		8		1
 		 	 	 		 	 			5		1

Time: 31.002951 sec
Send to Nid: 12
Packet_Type		Length	Src_Nid	src_port	Option	Center_nid	Neighbor_nid	Data_plane_port
NeighborUpdate		544	7	1		Finish	 		 		 

Time: 31.003051 sec
Send to Nid: 12
Packet_Type		Length	Src_Nid	src_port	Option	Center_nid	Neighbor_nid	Data_plane_port
NeighborUpdate		544	7	1		New	7		8		1
 		 	 	 		 	 			5		1
 		 	 	 		 	 			6		1

Time: 31.003151 sec
Send to Nid: 12
Packet_Type		Length	Src_Nid	src_port	Option	Center_nid	Neighbor_nid	Data_plane_port
NeighborUpdate		544	7	1		Finish	 		 		 

Time: 31.003251 sec
Send to Nid: 12
Packet_Type		Length	Src_Nid	src_port	Option	Center_nid	Neighbor_nid	Data_plane_port
NeighborUpdate		544	7	1		New	7		8		1
 		 	 	 		 	 			5		1
 		 	 	 		 	 			6		1
 		 	 	 		 	 			11		1

Time: 31.003351 sec
Send to Nid: 12
Packet_Type		Length	Src_Nid	src_port	Option	Center_nid	Neighbor_nid	Data_plane_port
NeighborUpdate		544	7	1		Finish	 		 		 

Time: 31.003451 sec
Send to Nid: 12
Packet_Type		Length	Src_Nid	src_port	Option	Center_nid	Neighbor_nid	Data_plane_port
NeighborUpdate		544	7	1		New	7		8		1
 		 	 	 		 	 			5		1
 		 	 	 		 	 			6		1
 		 	 	 		 	 			11		1

Time: 31.004551 sec
Send to Nid: 12
Packet_Type		Length	Src_Nid	src_port	Option	Center_nid	Neighbor_nid	Data_plane_port
NeighborUpdate		544	7	1		Finish	 		 		 

Time: 31.004651 sec
Send to Nid: 12
Packet_Type		Length	Src_Nid	src_port	Option	Center_nid	Neighbor_nid	Data_plane_port
NeighborUpdate		544	7	1		New	7		8		1
 		 	 	 		 	 			5		1
 		 	 	 		 	 			6		1
 		 	 	 		 	 			11		1

Time: 31.004751 sec
Send to Nid: 12
Packet_Type		Length	Src_Nid	src_port	Option	Center_nid	Neighbor_nid	Data_plane_port
NeighborUpdate		544	7	1		Finish	 		 		 

Time: 31.004851 sec
Send to Nid: 12
Packet_Type		Length	Src_Nid	src_port	Option	Center_nid	Neighbor_nid	Data_plane_port
NeighborUpdate		544	7	1		New	7		8		1
 		 	 	 		 	 			5		1
 		 	 	 		 	 			6		1
 		 	 	 		 	 			11		1
 		 	 	 		 	 			10		1

Time: 31.004951 sec
Send to Nid: 12
Packet_Type		Length	Src_Nid	src_port	Option	Center_nid	Neighbor_nid	Data_plane_port
NeighborUpdate		544	7	1		Finish	 		 		 

Time: 31.005051 sec
Send to Nid: 12
Packet_Type		Length	Src_Nid	src_port	Option	Center_nid	Neighbor_nid	Data_plane_port
NeighborUpdate		544	7	1		New	7		8		1
 		 	 	 		 	 			5		1
 		 	 	 		 	 			6		1
 		 	 	 		 	 			11		1
 		 	 	 		 	 			10		1

Time: 31.041509 sec
Send to Nid: 12
Packet_Type		Length	Src_Nid	src_port	Option	Center_nid	Neighbor_nid	Data_plane_port
NeighborUpdate		544	7	1		Finish	 		 		 

Time: 31.041609 sec
Send to Nid: 12
Packet_Type		Length	Src_Nid	src_port	Option	Center_nid	Neighbor_nid	Data_plane_port
NeighborUpdate		544	7	1		New	7		8		1
 		 	 	 		 	 			5		1
 		 	 	 		 	 			6		1
 		 	 	 		 	 			11		1
 		 	 	 		 	 			10		1

Time: 31.041709 sec
Send to Nid: 12
Packet_Type		Length	Src_Nid	src_port	Option	Center_nid	Neighbor_nid	Data_plane_port
NeighborUpdate		544	7	1		Finish	 		 		 

Time: 31.041809 sec
Send to Nid: 12
Packet_Type		Length	Src_Nid	src_port	Option	Center_nid	Neighbor_nid	Data_plane_port
NeighborUpdate		544	7	1		New	7		8		1
 		 	 	 		 	 			5		1
 		 	 	 		 	 			6		1
 		 	 	 		 	 			11		1
 		 	 	 		 	 			10		1

Time: 31.041909 sec
Send to Nid: 12
Packet_Type		Length	Src_Nid	src_port	Option	Center_nid	Neighbor_nid	Data_plane_port
NeighborUpdate		544	7	1		Finish	 		 		 

Time: 31.042009 sec
Send to Nid: 12
Packet_Type	Length	Src_nid	Src_port
Hello		80	7	1

Time: 31.042109 sec
Send to Nid: 12
Packet_Type		Length	Src_Nid	src_port	Option	Center_nid	Neighbor_nid	Data_plane_port
NeighborUpdate		544	7	1		New	7		8		1
 		 	 	 		 	 			5		1
 		 	 	 		 	 			6		1
 		 	 	 		 	 			11		1
 		 	 	 		 	 			10		1

Time: 31.042209 sec
Send to Nid: 12
Packet_Type		Length	Src_Nid	src_port	Option	Center_nid	Neighbor_nid	Data_plane_port
NeighborUpdate		544	7	1		Finish	 		 		 

Time: 31.042309 sec
Send to Nid: 12
Packet_Type		Length	Src_Nid	src_port	Option	Center_nid	Neighbor_nid	Data_plane_port
NeighborUpdate		544	7	1		New	7		8		1
 		 	 	 		 	 			5		1
 		 	 	 		 	 			6		1
 		 	 	 		 	 			11		1
 		 	 	 		 	 			10		1

Time: 31.042409 sec
Send to Nid: 12
Packet_Type		Length	Src_Nid	src_port	Option	Center_nid	Neighbor_nid	Data_plane_port
NeighborUpdate		544	7	1		Finish	 		 		 

Time: 31.043509 sec
Send to Nid: 12
Packet_Type		Length	Src_Nid	src_port	Option	Center_nid	Neighbor_nid	Data_plane_port
NeighborUpdate		544	7	1		New	7		8		1
 		 	 	 		 	 			5		1
 		 	 	 		 	 			6		1
 		 	 	 		 	 			11		1
 		 	 	 		 	 			10		1

Time: 31.043609 sec
Send to Nid: 12
Packet_Type		Length	Src_Nid	src_port	Option	Center_nid	Neighbor_nid	Data_plane_port
NeighborUpdate		544	7	1		Finish	 		 		 

Time: 31.043709 sec
Send to Nid: 12
Packet_Type		Length	Src_Nid	src_port	Option	Center_nid	Neighbor_nid	Data_plane_port
NeighborUpdate		544	7	1		New	7		8		1
 		 	 	 		 	 			5		1
 		 	 	 		 	 			6		1
 		 	 	 		 	 			11		1
 		 	 	 		 	 			10		1

Time: 31.043809 sec
Send to Nid: 12
Packet_Type		Length	Src_Nid	src_port	Option	Center_nid	Neighbor_nid	Data_plane_port
NeighborUpdate		544	7	1		Finish	 		 		 

Time: 31.043909 sec
Send to Nid: 12
Packet_Type		Length	Src_Nid	src_port	Option	Center_nid	Neighbor_nid	Data_plane_port
NeighborUpdate		544	7	1		New	7		8		1
 		 	 	 		 	 			5		1
 		 	 	 		 	 			6		1
 		 	 	 		 	 			11		1
 		 	 	 		 	 			10		1

Time: 31.557492 sec
Send to Nid: 12
Packet_Type	Length	Src_nid	Src_port
Hello		80	7	1

Time: 32.553700 sec
Broadcast
Packet_Type	Length	Src_nid	Src_port
Hello		80	7	1

Time: 32.680792 sec
Send to Nid: 12
Packet_Type		Length	Src_Nid	src_port	Option	Center_nid	Neighbor_nid	Data_plane_port
NeighborUpdate		544	7	1		New	7		8		1
 		 	 	 		 	 			11		1
 		 	 	 		 	 			10		1

Time: 32.680892 sec
Send to Nid: 12
Packet_Type		Length	Src_Nid	src_port	Option	Center_nid	Neighbor_nid	Data_plane_port
NeighborUpdate		544	7	1		Finish	 		 		 

Time: 32.820992 sec
Send to Nid: 12
Packet_Type		Length	Src_Nid	src_port	Option	Center_nid	Neighbor_nid	Data_plane_port
NeighborUpdate		544	7	1		New	7		8		1
 		 	 	 		 	 			11		1
 		 	 	 		 	 			10		1

Time: 32.821092 sec
Send to Nid: 12
Packet_Type		Length	Src_Nid	src_port	Option	Center_nid	Neighbor_nid	Data_plane_port
NeighborUpdate		544	7	1		Finish	 		 		 

Time: 34.558900 sec
Broadcast
Packet_Type	Length	Src_nid	Src_port
Hello		80	7	1

Time: 34.680392 sec
Send to Nid: 12
Packet_Type		Length	Src_Nid	src_port	Option	Center_nid	Neighbor_nid	Data_plane_port
NeighborUpdate		544	7	1		New	7		8		1
 		 	 	 		 	 			11		1
 		 	 	 		 	 			10		1

Time: 34.680492 sec
Send to Nid: 12
Packet_Type		Length	Src_Nid	src_port	Option	Center_nid	Neighbor_nid	Data_plane_port
NeighborUpdate		544	7	1		Finish	 		 		 

Time: 34.830592 sec
Send to Nid: 12
Packet_Type		Length	Src_Nid	src_port	Option	Center_nid	Neighbor_nid	Data_plane_port
NeighborUpdate		544	7	1		New	7		8		1
 		 	 	 		 	 			11		1
 		 	 	 		 	 			10		1

Time: 34.830692 sec
Send to Nid: 12
Packet_Type		Length	Src_Nid	src_port	Option	Center_nid	Neighbor_nid	Data_plane_port
NeighborUpdate		544	7	1		Finish	 		 		 

Time: 35.990992 sec
Send to Nid: 12
Packet_Type		Length	Src_Nid	src_port	Option	Center_nid	Neighbor_nid	Data_plane_port
NeighborUpdate		544	7	1		New	7		8		1
 		 	 	 		 	 			10		1

Time: 35.991092 sec
Send to Nid: 12
Packet_Type		Length	Src_Nid	src_port	Option	Center_nid	Neighbor_nid	Data_plane_port
NeighborUpdate		544	7	1		Finish	 		 		 

Time: 36.581100 sec
Broadcast
Packet_Type	Length	Src_nid	Src_port
Hello		80	7	1

Time: 36.760792 sec
Send to Nid: 12
Packet_Type		Length	Src_Nid	src_port	Option	Center_nid	Neighbor_nid	Data_plane_port
NeighborUpdate		544	7	1		New	7		8		1
 		 	 	 		 	 			10		1

Time: 36.760892 sec
Send to Nid: 12
Packet_Type		Length	Src_Nid	src_port	Option	Center_nid	Neighbor_nid	Data_plane_port
NeighborUpdate		544	7	1		Finish	 		 		 

Time: 36.840992 sec
Send to Nid: 12
Packet_Type		Length	Src_Nid	src_port	Option	Center_nid	Neighbor_nid	Data_plane_port
NeighborUpdate		544	7	1		New	7		8		1
 		 	 	 		 	 			10		1

Time: 36.841092 sec
Send to Nid: 12
Packet_Type		Length	Src_Nid	src_port	Option	Center_nid	Neighbor_nid	Data_plane_port
NeighborUpdate		544	7	1		Finish	 		 		 

Time: 38.585300 sec
Broadcast
Packet_Type	Length	Src_nid	Src_port
Hello		80	7	1

Time: 38.780192 sec
Send to Nid: 12
Packet_Type		Length	Src_Nid	src_port	Option	Center_nid	Neighbor_nid	Data_plane_port
NeighborUpdate		544	7	1		New	7		8		1
 		 	 	 		 	 			10		1

Time: 38.780292 sec
Send to Nid: 12
Packet_Type		Length	Src_Nid	src_port	Option	Center_nid	Neighbor_nid	Data_plane_port
NeighborUpdate		544	7	1		Finish	 		 		 

Time: 38.930392 sec
Send to Nid: 12
Packet_Type		Length	Src_Nid	src_port	Option	Center_nid	Neighbor_nid	Data_plane_port
NeighborUpdate		544	7	1		New	7		8		1
 		 	 	 		 	 			10		1

Time: 38.930492 sec
Send to Nid: 12
Packet_Type		Length	Src_Nid	src_port	Option	Center_nid	Neighbor_nid	Data_plane_port
NeighborUpdate		544	7	1		Finish	 		 		 

Time: 40.440792 sec
Send to Nid: 12
Packet_Type		Length	Src_Nid	src_port	Option	Center_nid	Neighbor_nid	Data_plane_port
NeighborUpdate		544	7	1		New	7		8		1
 		 	 	 		 	 			10		1
 		 	 	 		 	 			4		1

Time: 40.440892 sec
Send to Nid: 12
Packet_Type		Length	Src_Nid	src_port	Option	Center_nid	Neighbor_nid	Data_plane_port
NeighborUpdate		544	7	1		Finish	 		 		 

Time: 40.530192 sec
Send to Nid: 12
Packet_Type		Length	Src_Nid	src_port	Option	Center_nid	Neighbor_nid	Data_plane_port
NeighborUpdate		544	7	1		New	7		8		1
 		 	 	 		 	 			10		1
 		 	 	 		 	 			4		1
 		 	 	 		 	 			5		1

Time: 40.530292 sec
Send to Nid: 12
Packet_Type		Length	Src_Nid	src_port	Option	Center_nid	Neighbor_nid	Data_plane_port
NeighborUpdate		544	7	1		Finish	 		 		 

Time: 40.607700 sec
Broadcast
Packet_Type	Length	Src_nid	Src_port
Hello		80	7	1

Time: 40.820792 sec
Send to Nid: 12
Packet_Type		Length	Src_Nid	src_port	Option	Center_nid	Neighbor_nid	Data_plane_port
NeighborUpdate		544	7	1		New	7		8		1
 		 	 	 		 	 			10		1
 		 	 	 		 	 			4		1
 		 	 	 		 	 			5		1

Time: 40.820892 sec
Send to Nid: 12
Packet_Type		Length	Src_Nid	src_port	Option	Center_nid	Neighbor_nid	Data_plane_port
NeighborUpdate		544	7	1		Finish	 		 		 

Time: 41.000992 sec
Send to Nid: 12
Packet_Type		Length	Src_Nid	src_port	Option	Center_nid	Neighbor_nid	Data_plane_port
NeighborUpdate		544	7	1		New	7		8		1
 		 	 	 		 	 			10		1
 		 	 	 		 	 			4		1
 		 	 	 		 	 			5		1

Time: 41.001092 sec
Send to Nid: 12
Packet_Type		Length	Src_Nid	src_port	Option	Center_nid	Neighbor_nid	Data_plane_port
NeighborUpdate		544	7	1		Finish	 		 		 

Time: 42.470192 sec
Send to Nid: 12
Packet_Type		Length	Src_Nid	src_port	Option	Center_nid	Neighbor_nid	Data_plane_port
NeighborUpdate		544	7	1		New	7		8		1
 		 	 	 		 	 			10		1
 		 	 	 		 	 			4		1
 		 	 	 		 	 			5		1

Time: 42.470292 sec
Send to Nid: 12
Packet_Type		Length	Src_Nid	src_port	Option	Center_nid	Neighbor_nid	Data_plane_port
NeighborUpdate		544	7	1		Finish	 		 		 

Time: 42.540392 sec
Send to Nid: 12
Packet_Type		Length	Src_Nid	src_port	Option	Center_nid	Neighbor_nid	Data_plane_port
NeighborUpdate		544	7	1		New	7		8		1
 		 	 	 		 	 			10		1
 		 	 	 		 	 			4		1
 		 	 	 		 	 			5		1

Time: 42.540492 sec
Send to Nid: 12
Packet_Type		Length	Src_Nid	src_port	Option	Center_nid	Neighbor_nid	Data_plane_port
NeighborUpdate		544	7	1		Finish	 		 		 

Time: 42.664100 sec
Broadcast
Packet_Type	Length	Src_nid	Src_port
Hello		80	7	1

Time: 42.890792 sec
Send to Nid: 12
Packet_Type		Length	Src_Nid	src_port	Option	Center_nid	Neighbor_nid	Data_plane_port
NeighborUpdate		544	7	1		New	7		8		1
 		 	 	 		 	 			10		1
 		 	 	 		 	 			4		1
 		 	 	 		 	 			5		1

Time: 42.890892 sec
Send to Nid: 12
Packet_Type		Length	Src_Nid	src_port	Option	Center_nid	Neighbor_nid	Data_plane_port
NeighborUpdate		544	7	1		Finish	 		 		 

Time: 43.050992 sec
Send to Nid: 12
Packet_Type		Length	Src_Nid	src_port	Option	Center_nid	Neighbor_nid	Data_plane_port
NeighborUpdate		544	7	1		New	7		8		1
 		 	 	 		 	 			10		1
 		 	 	 		 	 			4		1
 		 	 	 		 	 			5		1

Time: 43.051092 sec
Send to Nid: 12
Packet_Type		Length	Src_Nid	src_port	Option	Center_nid	Neighbor_nid	Data_plane_port
NeighborUpdate		544	7	1		Finish	 		 		 

Time: 44.490392 sec
Send to Nid: 12
Packet_Type		Length	Src_Nid	src_port	Option	Center_nid	Neighbor_nid	Data_plane_port
NeighborUpdate		544	7	1		New	7		8		1
 		 	 	 		 	 			10		1
 		 	 	 		 	 			4		1
 		 	 	 		 	 			5		1

Time: 44.490492 sec
Send to Nid: 12
Packet_Type		Length	Src_Nid	src_port	Option	Center_nid	Neighbor_nid	Data_plane_port
NeighborUpdate		544	7	1		Finish	 		 		 

Time: 44.717400 sec
Broadcast
Packet_Type	Length	Src_nid	Src_port
Hello		80	7	1

Time: 44.910792 sec
Send to Nid: 12
Packet_Type		Length	Src_Nid	src_port	Option	Center_nid	Neighbor_nid	Data_plane_port
NeighborUpdate		544	7	1		New	7		8		1
 		 	 	 		 	 			10		1
 		 	 	 		 	 			4		1
 		 	 	 		 	 			5		1

Time: 44.910892 sec
Send to Nid: 12
Packet_Type		Length	Src_Nid	src_port	Option	Center_nid	Neighbor_nid	Data_plane_port
NeighborUpdate		544	7	1		Finish	 		 		 

Time: 45.070992 sec
Send to Nid: 12
Packet_Type		Length	Src_Nid	src_port	Option	Center_nid	Neighbor_nid	Data_plane_port
NeighborUpdate		544	7	1		New	7		8		1
 		 	 	 		 	 			10		1
 		 	 	 		 	 			4		1
 		 	 	 		 	 			5		1

Time: 45.071092 sec
Send to Nid: 12
Packet_Type		Length	Src_Nid	src_port	Option	Center_nid	Neighbor_nid	Data_plane_port
NeighborUpdate		544	7	1		Finish	 		 		 

Time: 46.784600 sec
Broadcast
Packet_Type	Length	Src_nid	Src_port
Hello		80	7	1

Time: 47.540192 sec
Send to Nid: 12
Packet_Type		Length	Src_Nid	src_port	Option	Center_nid	Neighbor_nid	Data_plane_port
NeighborUpdate		544	7	1		New	7		8		1
 		 	 	 		 	 			10		1
 		 	 	 		 	 			4		1

Time: 47.540292 sec
Send to Nid: 12
Packet_Type		Length	Src_Nid	src_port	Option	Center_nid	Neighbor_nid	Data_plane_port
NeighborUpdate		544	7	1		Finish	 		 		 

Time: 48.520992 sec
Send to Nid: 12
Packet_Type		Length	Src_Nid	src_port	Option	Center_nid	Neighbor_nid	Data_plane_port
NeighborUpdate		544	7	1		New	7		8		1
 		 	 	 		 	 			10		1
 		 	 	 		 	 			4		1

Time: 48.521092 sec
Send to Nid: 12
Packet_Type		Length	Src_Nid	src_port	Option	Center_nid	Neighbor_nid	Data_plane_port
NeighborUpdate		544	7	1		Finish	 		 		 

Time: 48.630192 sec
Send to Nid: 12
Packet_Type		Length	Src_Nid	src_port	Option	Center_nid	Neighbor_nid	Data_plane_port
NeighborUpdate		544	7	1		New	7		8		1
 		 	 	 		 	 			10		1
 		 	 	 		 	 			4		1
 		 	 	 		 	 			5		1

Time: 48.630292 sec
Send to Nid: 12
Packet_Type		Length	Src_Nid	src_port	Option	Center_nid	Neighbor_nid	Data_plane_port
NeighborUpdate		544	7	1		Finish	 		 		 

Time: 48.653532 sec
Send to Nid: 12
Packet_Type	Length	Src_nid	Src_port
Hello		80	7	1

Time: 48.842800 sec
Broadcast
Packet_Type	Length	Src_nid	Src_port
Hello		80	7	1

Time: 48.981032 sec
Send to Nid: 12
Packet_Type		Length	Src_Nid	src_port	Option	Center_nid	Neighbor_nid	Data_plane_port
NeighborUpdate		544	7	1		New	7		8		1
 		 	 	 		 	 			10		1
 		 	 	 		 	 			4		1
 		 	 	 		 	 			5		1

Time: 48.981132 sec
Send to Nid: 12
Packet_Type		Length	Src_Nid	src_port	Option	Center_nid	Neighbor_nid	Data_plane_port
NeighborUpdate		544	7	1		Finish	 		 		 

Time: 49.130232 sec
Send to Nid: 12
Packet_Type		Length	Src_Nid	src_port	Option	Center_nid	Neighbor_nid	Data_plane_port
NeighborUpdate		544	7	1		New	7		8		1
 		 	 	 		 	 			10		1
 		 	 	 		 	 			4		1
 		 	 	 		 	 			5		1

Time: 49.130332 sec
Send to Nid: 12
Packet_Type		Length	Src_Nid	src_port	Option	Center_nid	Neighbor_nid	Data_plane_port
NeighborUpdate		544	7	1		Finish	 		 		 

Time: 50.530632 sec
Send to Nid: 12
Packet_Type		Length	Src_Nid	src_port	Option	Center_nid	Neighbor_nid	Data_plane_port
NeighborUpdate		544	7	1		New	7		8		1
 		 	 	 		 	 			10		1
 		 	 	 		 	 			4		1
 		 	 	 		 	 			5		1

Time: 50.530732 sec
Send to Nid: 12
Packet_Type		Length	Src_Nid	src_port	Option	Center_nid	Neighbor_nid	Data_plane_port
NeighborUpdate		544	7	1		Finish	 		 		 

Time: 50.632032 sec
Send to Nid: 12
Packet_Type		Length	Src_Nid	src_port	Option	Center_nid	Neighbor_nid	Data_plane_port
NeighborUpdate		544	7	1		New	7		8		1
 		 	 	 		 	 			10		1
 		 	 	 		 	 			4		1
 		 	 	 		 	 			5		1

Time: 50.632132 sec
Send to Nid: 12
Packet_Type		Length	Src_Nid	src_port	Option	Center_nid	Neighbor_nid	Data_plane_port
NeighborUpdate		544	7	1		Finish	 		 		 

Time: 50.906200 sec
Broadcast
Packet_Type	Length	Src_nid	Src_port
Hello		80	7	1

Time: 51.010232 sec
Send to Nid: 12
Packet_Type		Length	Src_Nid	src_port	Option	Center_nid	Neighbor_nid	Data_plane_port
NeighborUpdate		544	7	1		New	7		8		1
 		 	 	 		 	 			10		1
 		 	 	 		 	 			4		1
 		 	 	 		 	 			5		1

Time: 51.010332 sec
Send to Nid: 12
Packet_Type		Length	Src_Nid	src_port	Option	Center_nid	Neighbor_nid	Data_plane_port
NeighborUpdate		544	7	1		Finish	 		 		 

Time: 51.210432 sec
Send to Nid: 12
Packet_Type		Length	Src_Nid	src_port	Option	Center_nid	Neighbor_nid	Data_plane_port
NeighborUpdate		544	7	1		New	7		8		1
 		 	 	 		 	 			10		1
 		 	 	 		 	 			4		1
 		 	 	 		 	 			5		1

Time: 51.210532 sec
Send to Nid: 12
Packet_Type		Length	Src_Nid	src_port	Option	Center_nid	Neighbor_nid	Data_plane_port
NeighborUpdate		544	7	1		Finish	 		 		 

Time: 52.541032 sec
Send to Nid: 12
Packet_Type		Length	Src_Nid	src_port	Option	Center_nid	Neighbor_nid	Data_plane_port
NeighborUpdate		544	7	1		New	7		8		1
 		 	 	 		 	 			10		1
 		 	 	 		 	 			4		1
 		 	 	 		 	 			5		1

Time: 52.541132 sec
Send to Nid: 12
Packet_Type		Length	Src_Nid	src_port	Option	Center_nid	Neighbor_nid	Data_plane_port
NeighborUpdate		544	7	1		Finish	 		 		 

Time: 52.650232 sec
Send to Nid: 12
Packet_Type		Length	Src_Nid	src_port	Option	Center_nid	Neighbor_nid	Data_plane_port
NeighborUpdate		544	7	1		New	7		8		1
 		 	 	 		 	 			10		1
 		 	 	 		 	 			4		1
 		 	 	 		 	 			5		1

Time: 52.650332 sec
Send to Nid: 12
Packet_Type		Length	Src_Nid	src_port	Option	Center_nid	Neighbor_nid	Data_plane_port
NeighborUpdate		544	7	1		Finish	 		 		 

Time: 52.954600 sec
Broadcast
Packet_Type	Length	Src_nid	Src_port
Hello		80	7	1

Time: 53.050432 sec
Send to Nid: 12
Packet_Type		Length	Src_Nid	src_port	Option	Center_nid	Neighbor_nid	Data_plane_port
NeighborUpdate		544	7	1		New	7		8		1
 		 	 	 		 	 			10		1
 		 	 	 		 	 			4		1
 		 	 	 		 	 			5		1

Time: 53.050532 sec
Send to Nid: 12
Packet_Type		Length	Src_Nid	src_port	Option	Center_nid	Neighbor_nid	Data_plane_port
NeighborUpdate		544	7	1		Finish	 		 		 

Time: 53.260832 sec
Send to Nid: 12
Packet_Type		Length	Src_Nid	src_port	Option	Center_nid	Neighbor_nid	Data_plane_port
NeighborUpdate		544	7	1		New	7		8		1
 		 	 	 		 	 			10		1
 		 	 	 		 	 			4		1
 		 	 	 		 	 			5		1

Time: 53.260932 sec
Send to Nid: 12
Packet_Type		Length	Src_Nid	src_port	Option	Center_nid	Neighbor_nid	Data_plane_port
NeighborUpdate		544	7	1		Finish	 		 		 

Time: 54.551032 sec
Send to Nid: 12
Packet_Type		Length	Src_Nid	src_port	Option	Center_nid	Neighbor_nid	Data_plane_port
NeighborUpdate		544	7	1		New	7		8		1
 		 	 	 		 	 			10		1
 		 	 	 		 	 			4		1
 		 	 	 		 	 			5		1

Time: 54.551132 sec
Send to Nid: 12
Packet_Type		Length	Src_Nid	src_port	Option	Center_nid	Neighbor_nid	Data_plane_port
NeighborUpdate		544	7	1		Finish	 		 		 

Time: 55.021900 sec
Broadcast
Packet_Type	Length	Src_nid	Src_port
Hello		80	7	1

Time: 55.090232 sec
Send to Nid: 12
Packet_Type		Length	Src_Nid	src_port	Option	Center_nid	Neighbor_nid	Data_plane_port
NeighborUpdate		544	7	1		New	7		8		1
 		 	 	 		 	 			10		1
 		 	 	 		 	 			4		1
 		 	 	 		 	 			5		1

Time: 55.090332 sec
Send to Nid: 12
Packet_Type		Length	Src_Nid	src_port	Option	Center_nid	Neighbor_nid	Data_plane_port
NeighborUpdate		544	7	1		Finish	 		 		 

Time: 57.055000 sec
Broadcast
Packet_Type	Length	Src_nid	Src_port
Hello		80	7	1

Time: 57.650632 sec
Send to Nid: 12
Packet_Type		Length	Src_Nid	src_port	Option	Center_nid	Neighbor_nid	Data_plane_port
NeighborUpdate		544	7	1		New	7		8		1
 		 	 	 		 	 			10		1
 		 	 	 		 	 			4		1

Time: 57.650732 sec
Send to Nid: 12
Packet_Type		Length	Src_Nid	src_port	Option	Center_nid	Neighbor_nid	Data_plane_port
NeighborUpdate		544	7	1		Finish	 		 		 

Time: 58.260832 sec
Send to Nid: 12
Packet_Type		Length	Src_Nid	src_port	Option	Center_nid	Neighbor_nid	Data_plane_port
NeighborUpdate		544	7	1		New	7		8		1
 		 	 	 		 	 			4		1

Time: 58.260932 sec
Send to Nid: 12
Packet_Type		Length	Src_Nid	src_port	Option	Center_nid	Neighbor_nid	Data_plane_port
NeighborUpdate		544	7	1		Finish	 		 		 

Time: 59.111000 sec
Broadcast
Packet_Type	Length	Src_nid	Src_port
Hello		80	7	1

Time: 59.201032 sec
Send to Nid: 12
Packet_Type		Length	Src_Nid	src_port	Option	Center_nid	Neighbor_nid	Data_plane_port
NeighborUpdate		544	7	1		New	7		8		1
 		 	 	 		 	 			4		1

Time: 59.201132 sec
Send to Nid: 12
Packet_Type		Length	Src_Nid	src_port	Option	Center_nid	Neighbor_nid	Data_plane_port
NeighborUpdate		544	7	1		Finish	 		 		 

Time: 59.550232 sec
Send to Nid: 12
Packet_Type		Length	Src_Nid	src_port	Option	Center_nid	Neighbor_nid	Data_plane_port
NeighborUpdate		544	7	1		New	7		8		1

Time: 59.550332 sec
Send to Nid: 12
Packet_Type		Length	Src_Nid	src_port	Option	Center_nid	Neighbor_nid	Data_plane_port
NeighborUpdate		544	7	1		Finish	 		 		 

Time: 60.470432 sec
Send to Nid: 12
Packet_Type		Length	Src_Nid	src_port	Option	Center_nid	Neighbor_nid	Data_plane_port
NeighborUpdate		544	7	1		New	7		8		1
 		 	 	 		 	 			3		1

Time: 60.470532 sec
Send to Nid: 12
Packet_Type		Length	Src_Nid	src_port	Option	Center_nid	Neighbor_nid	Data_plane_port
NeighborUpdate		544	7	1		Finish	 		 		 

Time: 60.590632 sec
Send to Nid: 12
Packet_Type		Length	Src_Nid	src_port	Option	Center_nid	Neighbor_nid	Data_plane_port
NeighborUpdate		544	7	1		New	7		8		1
 		 	 	 		 	 			3		1
 		 	 	 		 	 			4		1

Time: 60.590732 sec
Send to Nid: 12
Packet_Type		Length	Src_Nid	src_port	Option	Center_nid	Neighbor_nid	Data_plane_port
NeighborUpdate		544	7	1		Finish	 		 		 

Time: 60.750832 sec
Send to Nid: 12
Packet_Type		Length	Src_Nid	src_port	Option	Center_nid	Neighbor_nid	Data_plane_port
NeighborUpdate		544	7	1		New	7		8		1
 		 	 	 		 	 			3		1
 		 	 	 		 	 			4		1
 		 	 	 		 	 			5		1

Time: 60.750932 sec
Send to Nid: 12
Packet_Type		Length	Src_Nid	src_port	Option	Center_nid	Neighbor_nid	Data_plane_port
NeighborUpdate		544	7	1		Finish	 		 		 

Time: 61.112400 sec
Broadcast
Packet_Type	Length	Src_nid	Src_port
Hello		80	7	1

Time: 61.211032 sec
Send to Nid: 12
Packet_Type		Length	Src_Nid	src_port	Option	Center_nid	Neighbor_nid	Data_plane_port
NeighborUpdate		544	7	1		New	7		8		1
 		 	 	 		 	 			3		1
 		 	 	 		 	 			4		1
 		 	 	 		 	 			5		1

Time: 61.219526 sec
Send to Nid: 12
Packet_Type		Length	Src_Nid	src_port	Option	Center_nid	Neighbor_nid	Data_plane_port
NeighborUpdate		544	7	1		Finish	 		 		 

Time: 61.219626 sec
Send to Nid: 12
Packet_Type	Length	Src_nid	Src_port
Hello		80	7	1

Time: 62.481026 sec
Send to Nid: 12
Packet_Type		Length	Src_Nid	src_port	Option	Center_nid	Neighbor_nid	Data_plane_port
NeighborUpdate		544	7	1		New	7		8		1
 		 	 	 		 	 			3		1
 		 	 	 		 	 			4		1
 		 	 	 		 	 			5		1

Time: 62.481126 sec
Send to Nid: 12
Packet_Type		Length	Src_Nid	src_port	Option	Center_nid	Neighbor_nid	Data_plane_port
NeighborUpdate		544	7	1		Finish	 		 		 

Time: 62.610426 sec
Send to Nid: 12
Packet_Type		Length	Src_Nid	src_port	Option	Center_nid	Neighbor_nid	Data_plane_port
NeighborUpdate		544	7	1		New	7		8		1
 		 	 	 		 	 			3		1
 		 	 	 		 	 			4		1
 		 	 	 		 	 			5		1

Time: 62.610526 sec
Send to Nid: 12
Packet_Type		Length	Src_Nid	src_port	Option	Center_nid	Neighbor_nid	Data_plane_port
NeighborUpdate		544	7	1		Finish	 		 		 

Time: 62.750626 sec
Send to Nid: 12
Packet_Type		Length	Src_Nid	src_port	Option	Center_nid	Neighbor_nid	Data_plane_port
NeighborUpdate		544	7	1		New	7		8		1
 		 	 	 		 	 			3		1
 		 	 	 		 	 			4		1
 		 	 	 		 	 			5		1

Time: 62.750726 sec
Send to Nid: 12
Packet_Type		Length	Src_Nid	src_port	Option	Center_nid	Neighbor_nid	Data_plane_port
NeighborUpdate		544	7	1		Finish	 		 		 

Time: 63.163800 sec
Broadcast
Packet_Type	Length	Src_nid	Src_port
Hello		80	7	1

Time: 63.240826 sec
Send to Nid: 12
Packet_Type		Length	Src_Nid	src_port	Option	Center_nid	Neighbor_nid	Data_plane_port
NeighborUpdate		544	7	1		New	7		8		1
 		 	 	 		 	 			3		1
 		 	 	 		 	 			4		1
 		 	 	 		 	 			5		1

Time: 63.240926 sec
Send to Nid: 12
Packet_Type		Length	Src_Nid	src_port	Option	Center_nid	Neighbor_nid	Data_plane_port
NeighborUpdate		544	7	1		Finish	 		 		 

Time: 64.510226 sec
Send to Nid: 12
Packet_Type		Length	Src_Nid	src_port	Option	Center_nid	Neighbor_nid	Data_plane_port
NeighborUpdate		544	7	1		New	7		8		1
 		 	 	 		 	 			3		1
 		 	 	 		 	 			4		1
 		 	 	 		 	 			5		1

Time: 64.510326 sec
Send to Nid: 12
Packet_Type		Length	Src_Nid	src_port	Option	Center_nid	Neighbor_nid	Data_plane_port
NeighborUpdate		544	7	1		Finish	 		 		 

Time: 64.620426 sec
Send to Nid: 12
Packet_Type		Length	Src_Nid	src_port	Option	Center_nid	Neighbor_nid	Data_plane_port
NeighborUpdate		544	7	1		New	7		8		1
 		 	 	 		 	 			3		1
 		 	 	 		 	 			4		1
 		 	 	 		 	 			5		1

Time: 64.620526 sec
Send to Nid: 12
Packet_Type		Length	Src_Nid	src_port	Option	Center_nid	Neighbor_nid	Data_plane_port
NeighborUpdate		544	7	1		Finish	 		 		 

Time: 64.780626 sec
Send to Nid: 12
Packet_Type		Length	Src_Nid	src_port	Option	Center_nid	Neighbor_nid	Data_plane_port
NeighborUpdate		544	7	1		New	7		8		1
 		 	 	 		 	 			3		1
 		 	 	 		 	 			4		1
 		 	 	 		 	 			5		1

Time: 64.780726 sec
Send to Nid: 12
Packet_Type		Length	Src_Nid	src_port	Option	Center_nid	Neighbor_nid	Data_plane_port
NeighborUpdate		544	7	1		Finish	 		 		 

Time: 65.206200 sec
Broadcast
Packet_Type	Length	Src_nid	Src_port
Hello		80	7	1

Time: 66.531026 sec
Send to Nid: 12
Packet_Type		Length	Src_Nid	src_port	Option	Center_nid	Neighbor_nid	Data_plane_port
NeighborUpdate		544	7	1		New	7		8		1
 		 	 	 		 	 			3		1
 		 	 	 		 	 			4		1
 		 	 	 		 	 			5		1

Time: 66.531126 sec
Send to Nid: 12
Packet_Type		Length	Src_Nid	src_port	Option	Center_nid	Neighbor_nid	Data_plane_port
NeighborUpdate		544	7	1		Finish	 		 		 

Time: 66.640226 sec
Send to Nid: 12
Packet_Type		Length	Src_Nid	src_port	Option	Center_nid	Neighbor_nid	Data_plane_port
NeighborUpdate		544	7	1		New	7		8		1
 		 	 	 		 	 			3		1
 		 	 	 		 	 			4		1
 		 	 	 		 	 			5		1

Time: 66.640326 sec
Send to Nid: 12
Packet_Type		Length	Src_Nid	src_port	Option	Center_nid	Neighbor_nid	Data_plane_port
NeighborUpdate		544	7	1		Finish	 		 		 

Time: 66.790426 sec
Send to Nid: 12
Packet_Type		Length	Src_Nid	src_port	Option	Center_nid	Neighbor_nid	Data_plane_port
NeighborUpdate		544	7	1		New	7		8		1
 		 	 	 		 	 			3		1
 		 	 	 		 	 			4		1
 		 	 	 		 	 			5		1

Time: 66.790526 sec
Send to Nid: 12
Packet_Type		Length	Src_Nid	src_port	Option	Center_nid	Neighbor_nid	Data_plane_port
NeighborUpdate		544	7	1		Finish	 		 		 

Time: 67.211500 sec
Broadcast
Packet_Type	Length	Src_nid	Src_port
Hello		80	7	1

Time: 68.240626 sec
Send to Nid: 12
Packet_Type		Length	Src_Nid	src_port	Option	Center_nid	Neighbor_nid	Data_plane_port
NeighborUpdate		544	7	1		New	7		3		1
 		 	 	 		 	 			4		1
 		 	 	 		 	 			5		1

Time: 68.240726 sec
Send to Nid: 12
Packet_Type		Length	Src_Nid	src_port	Option	Center_nid	Neighbor_nid	Data_plane_port
NeighborUpdate		544	7	1		Finish	 		 		 

Time: 68.540226 sec
Send to Nid: 12
Packet_Type		Length	Src_Nid	src_port	Option	Center_nid	Neighbor_nid	Data_plane_port
NeighborUpdate		544	7	1		New	7		3		1
 		 	 	 		 	 			4		1
 		 	 	 		 	 			5		1

Time: 68.540326 sec
Send to Nid: 12
Packet_Type		Length	Src_Nid	src_port	Option	Center_nid	Neighbor_nid	Data_plane_port
NeighborUpdate		544	7	1		Finish	 		 		 

Time: 68.650426 sec
Send to Nid: 12
Packet_Type		Length	Src_Nid	src_port	Option	Center_nid	Neighbor_nid	Data_plane_port
NeighborUpdate		544	7	1		New	7		3		1
 		 	 	 		 	 			4		1
 		 	 	 		 	 			5		1

Time: 68.650526 sec
Send to Nid: 12
Packet_Type		Length	Src_Nid	src_port	Option	Center_nid	Neighbor_nid	Data_plane_port
NeighborUpdate		544	7	1		Finish	 		 		 

Time: 68.840826 sec
Send to Nid: 12
Packet_Type		Length	Src_Nid	src_port	Option	Center_nid	Neighbor_nid	Data_plane_port
NeighborUpdate		544	7	1		New	7		3		1
 		 	 	 		 	 			4		1
 		 	 	 		 	 			5		1

Time: 68.840926 sec
Send to Nid: 12
Packet_Type		Length	Src_Nid	src_port	Option	Center_nid	Neighbor_nid	Data_plane_port
NeighborUpdate		544	7	1		Finish	 		 		 

Time: 69.239800 sec
Broadcast
Packet_Type	Length	Src_nid	Src_port
Hello		80	7	1

Time: 70.540426 sec
Send to Nid: 12
Packet_Type		Length	Src_Nid	src_port	Option	Center_nid	Neighbor_nid	Data_plane_port
NeighborUpdate		544	7	1		New	7		3		1
 		 	 	 		 	 			4		1
 		 	 	 		 	 			5		1

Time: 70.540526 sec
Send to Nid: 12
Packet_Type		Length	Src_Nid	src_port	Option	Center_nid	Neighbor_nid	Data_plane_port
NeighborUpdate		544	7	1		Finish	 		 		 

Time: 70.680626 sec
Send to Nid: 12
Packet_Type		Length	Src_Nid	src_port	Option	Center_nid	Neighbor_nid	Data_plane_port
NeighborUpdate		544	7	1		New	7		3		1
 		 	 	 		 	 			4		1
 		 	 	 		 	 			5		1

Time: 70.680726 sec
Send to Nid: 12
Packet_Type		Length	Src_Nid	src_port	Option	Center_nid	Neighbor_nid	Data_plane_port
NeighborUpdate		544	7	1		Finish	 		 		 

Time: 70.850826 sec
Send to Nid: 12
Packet_Type		Length	Src_Nid	src_port	Option	Center_nid	Neighbor_nid	Data_plane_port
NeighborUpdate		544	7	1		New	7		3		1
 		 	 	 		 	 			4		1
 		 	 	 		 	 			5		1

Time: 70.850926 sec
Send to Nid: 12
Packet_Type		Length	Src_Nid	src_port	Option	Center_nid	Neighbor_nid	Data_plane_port
NeighborUpdate		544	7	1		Finish	 		 		 

Time: 71.309100 sec
Broadcast
Packet_Type	Length	Src_nid	Src_port
Hello		80	7	1

Time: 72.560626 sec
Send to Nid: 12
Packet_Type		Length	Src_Nid	src_port	Option	Center_nid	Neighbor_nid	Data_plane_port
NeighborUpdate		544	7	1		New	7		3		1
 		 	 	 		 	 			4		1
 		 	 	 		 	 			5		1

Time: 72.560726 sec
Send to Nid: 12
Packet_Type		Length	Src_Nid	src_port	Option	Center_nid	Neighbor_nid	Data_plane_port
NeighborUpdate		544	7	1		Finish	 		 		 

Time: 72.711026 sec
Send to Nid: 12
Packet_Type		Length	Src_Nid	src_port	Option	Center_nid	Neighbor_nid	Data_plane_port
NeighborUpdate		544	7	1		New	7		3		1
 		 	 	 		 	 			4		1
 		 	 	 		 	 			5		1

Time: 72.711126 sec
Send to Nid: 12
Packet_Type		Length	Src_Nid	src_port	Option	Center_nid	Neighbor_nid	Data_plane_port
NeighborUpdate		544	7	1		Finish	 		 		 

Time: 72.870426 sec
Send to Nid: 12
Packet_Type		Length	Src_Nid	src_port	Option	Center_nid	Neighbor_nid	Data_plane_port
NeighborUpdate		544	7	1		New	7		3		1
 		 	 	 		 	 			4		1
 		 	 	 		 	 			5		1

Time: 72.870526 sec
Send to Nid: 12
Packet_Type		Length	Src_Nid	src_port	Option	Center_nid	Neighbor_nid	Data_plane_port
NeighborUpdate		544	7	1		Finish	 		 		 

Time: 73.313400 sec
Broadcast
Packet_Type	Length	Src_nid	Src_port
Hello		80	7	1

Time: 74.561026 sec
Send to Nid: 12
Packet_Type		Length	Src_Nid	src_port	Option	Center_nid	Neighbor_nid	Data_plane_port
NeighborUpdate		544	7	1		New	7		3		1
 		 	 	 		 	 			4		1
 		 	 	 		 	 			5		1

Time: 74.561126 sec
Send to Nid: 12
Packet_Type		Length	Src_Nid	src_port	Option	Center_nid	Neighbor_nid	Data_plane_port
NeighborUpdate		544	7	1		Finish	 		 		 

Time: 74.710226 sec
Send to Nid: 12
Packet_Type		Length	Src_Nid	src_port	Option	Center_nid	Neighbor_nid	Data_plane_port
NeighborUpdate		544	7	1		New	7		3		1
 		 	 	 		 	 			4		1
 		 	 	 		 	 			5		1

Time: 74.710326 sec
Send to Nid: 12
Packet_Type		Length	Src_Nid	src_port	Option	Center_nid	Neighbor_nid	Data_plane_port
NeighborUpdate		544	7	1		Finish	 		 		 

Time: 74.870426 sec
Send to Nid: 12
Packet_Type		Length	Src_Nid	src_port	Option	Center_nid	Neighbor_nid	Data_plane_port
NeighborUpdate		544	7	1		New	7		3		1
 		 	 	 		 	 			4		1
 		 	 	 		 	 			5		1

Time: 74.870526 sec
Send to Nid: 12
Packet_Type		Length	Src_Nid	src_port	Option	Center_nid	Neighbor_nid	Data_plane_port
NeighborUpdate		544	7	1		Finish	 		 		 

Time: 75.319700 sec
Broadcast
Packet_Type	Length	Src_nid	Src_port
Hello		80	7	1

Time: 76.570626 sec
Send to Nid: 12
Packet_Type		Length	Src_Nid	src_port	Option	Center_nid	Neighbor_nid	Data_plane_port
NeighborUpdate		544	7	1		New	7		3		1
 		 	 	 		 	 			4		1
 		 	 	 		 	 			5		1

Time: 76.570726 sec
Send to Nid: 12
Packet_Type		Length	Src_Nid	src_port	Option	Center_nid	Neighbor_nid	Data_plane_port
NeighborUpdate		544	7	1		Finish	 		 		 

Time: 76.750826 sec
Send to Nid: 12
Packet_Type		Length	Src_Nid	src_port	Option	Center_nid	Neighbor_nid	Data_plane_port
NeighborUpdate		544	7	1		New	7		3		1
 		 	 	 		 	 			4		1
 		 	 	 		 	 			5		1

Time: 76.750926 sec
Send to Nid: 12
Packet_Type		Length	Src_Nid	src_port	Option	Center_nid	Neighbor_nid	Data_plane_port
NeighborUpdate		544	7	1		Finish	 		 		 

Time: 76.881026 sec
Send to Nid: 12
Packet_Type		Length	Src_Nid	src_port	Option	Center_nid	Neighbor_nid	Data_plane_port
NeighborUpdate		544	7	1		New	7		3		1
 		 	 	 		 	 			4		1
 		 	 	 		 	 			5		1

Time: 76.881126 sec
Send to Nid: 12
Packet_Type		Length	Src_Nid	src_port	Option	Center_nid	Neighbor_nid	Data_plane_port
NeighborUpdate		544	7	1		Finish	 		 		 

Time: 77.321000 sec
Broadcast
Packet_Type	Length	Src_nid	Src_port
Hello		80	7	1

Time: 78.580226 sec
Send to Nid: 12
Packet_Type		Length	Src_Nid	src_port	Option	Center_nid	Neighbor_nid	Data_plane_port
NeighborUpdate		544	7	1		New	7		3		1
 		 	 	 		 	 			4		1
 		 	 	 		 	 			5		1

Time: 78.580326 sec
Send to Nid: 12
Packet_Type		Length	Src_Nid	src_port	Option	Center_nid	Neighbor_nid	Data_plane_port
NeighborUpdate		544	7	1		Finish	 		 		 

Time: 79.349100 sec
Broadcast
Packet_Type	Length	Src_nid	Src_port
Hello		80	7	1

Time: 80.620426 sec
Send to Nid: 12
Packet_Type		Length	Src_Nid	src_port	Option	Center_nid	Neighbor_nid	Data_plane_port
NeighborUpdate		544	7	1		New	7		3		1
 		 	 	 		 	 			4		1
 		 	 	 		 	 			5		1

Time: 80.620526 sec
Send to Nid: 12
Packet_Type		Length	Src_Nid	src_port	Option	Center_nid	Neighbor_nid	Data_plane_port
NeighborUpdate		544	7	1		Finish	 		 		 

Time: 81.361300 sec
Broadcast
Packet_Type	Length	Src_nid	Src_port
Hello		80	7	1

Time: 83.417500 sec
Broadcast
Packet_Type	Length	Src_nid	Src_port
Hello		80	7	1

Time: 84.033777 sec
Send to Nid: 12
Packet_Type	Length	Src_nid	Src_port
Hello		80	7	1

Time: 84.034877 sec
Send to Nid: 12
Packet_Type		Length	Src_Nid	src_port	Option	Center_nid	Neighbor_nid	Data_plane_port
NeighborUpdate		544	7	1		New	7		3		1
 		 	 	 		 	 			4		1
 		 	 	 		 	 			5		1

Time: 84.034977 sec
Send to Nid: 12
Packet_Type		Length	Src_Nid	src_port	Option	Center_nid	Neighbor_nid	Data_plane_port
NeighborUpdate		544	7	1		Finish	 		 		 

Time: 84.035077 sec
Send to Nid: 12
Packet_Type		Length	Src_Nid	src_port	Option	Center_nid	Neighbor_nid	Data_plane_port
NeighborUpdate		544	7	1		New	7		3		1
 		 	 	 		 	 			4		1

Time: 84.035177 sec
Send to Nid: 12
Packet_Type		Length	Src_Nid	src_port	Option	Center_nid	Neighbor_nid	Data_plane_port
NeighborUpdate		544	7	1		Finish	 		 		 

Time: 84.035277 sec
Send to Nid: 12
Packet_Type		Length	Src_Nid	src_port	Option	Center_nid	Neighbor_nid	Data_plane_port
NeighborUpdate		544	7	1		New	7		3		1
 		 	 	 		 	 			4		1

Time: 84.035377 sec
Send to Nid: 12
Packet_Type		Length	Src_Nid	src_port	Option	Center_nid	Neighbor_nid	Data_plane_port
NeighborUpdate		544	7	1		Finish	 		 		 

Time: 84.035477 sec
Send to Nid: 12
Packet_Type		Length	Src_Nid	src_port	Option	Center_nid	Neighbor_nid	Data_plane_port
NeighborUpdate		544	7	1		New	7		3		1
 		 	 	 		 	 			4		1
 		 	 	 		 	 			5		1

Time: 84.035577 sec
Send to Nid: 12
Packet_Type		Length	Src_Nid	src_port	Option	Center_nid	Neighbor_nid	Data_plane_port
NeighborUpdate		544	7	1		Finish	 		 		 

Time: 84.337029 sec
Send to Nid: 12
Packet_Type	Length	Src_nid	Src_port
Hello		80	7	1

Time: 84.650329 sec
Send to Nid: 12
Packet_Type		Length	Src_Nid	src_port	Option	Center_nid	Neighbor_nid	Data_plane_port
NeighborUpdate		544	7	1		New	7		3		1
 		 	 	 		 	 			4		1
 		 	 	 		 	 			5		1

Time: 84.650429 sec
Send to Nid: 12
Packet_Type		Length	Src_Nid	src_port	Option	Center_nid	Neighbor_nid	Data_plane_port
NeighborUpdate		544	7	1		Finish	 		 		 

Time: 85.030529 sec
Send to Nid: 12
Packet_Type		Length	Src_Nid	src_port	Option	Center_nid	Neighbor_nid	Data_plane_port
NeighborUpdate		544	7	1		New	7		3		1
 		 	 	 		 	 			4		1
 		 	 	 		 	 			5		1

Time: 85.030629 sec
Send to Nid: 12
Packet_Type		Length	Src_Nid	src_port	Option	Center_nid	Neighbor_nid	Data_plane_port
NeighborUpdate		544	7	1		Finish	 		 		 

Time: 85.448700 sec
Broadcast
Packet_Type	Length	Src_nid	Src_port
Hello		80	7	1

Time: 85.780729 sec
Send to Nid: 12
Packet_Type		Length	Src_Nid	src_port	Option	Center_nid	Neighbor_nid	Data_plane_port
NeighborUpdate		544	7	1		New	7		3		1
 		 	 	 		 	 			5		1

Time: 85.780829 sec
Send to Nid: 12
Packet_Type		Length	Src_Nid	src_port	Option	Center_nid	Neighbor_nid	Data_plane_port
NeighborUpdate		544	7	1		Finish	 		 		 

Time: 86.650729 sec
Send to Nid: 12
Packet_Type		Length	Src_Nid	src_port	Option	Center_nid	Neighbor_nid	Data_plane_port
NeighborUpdate		544	7	1		New	7		3		1
 		 	 	 		 	 			5		1

Time: 86.650829 sec
Send to Nid: 12
Packet_Type		Length	Src_Nid	src_port	Option	Center_nid	Neighbor_nid	Data_plane_port
NeighborUpdate		544	7	1		Finish	 		 		 

Time: 86.830929 sec
Send to Nid: 12
Packet_Type		Length	Src_Nid	src_port	Option	Center_nid	Neighbor_nid	Data_plane_port
NeighborUpdate		544	7	1		New	7		3		1
 		 	 	 		 	 			5		1
 		 	 	 		 	 			4		1

Time: 86.831029 sec
Send to Nid: 12
Packet_Type		Length	Src_Nid	src_port	Option	Center_nid	Neighbor_nid	Data_plane_port
NeighborUpdate		544	7	1		Finish	 		 		 

Time: 87.004280 sec
Send to Nid: 12
Packet_Type	Length	Src_nid	Src_port
Hello		80	7	1

Time: 87.456900 sec
Broadcast
Packet_Type	Length	Src_nid	Src_port
Hello		80	7	1

Time: 88.690580 sec
Send to Nid: 12
Packet_Type		Length	Src_Nid	src_port	Option	Center_nid	Neighbor_nid	Data_plane_port
NeighborUpdate		544	7	1		New	7		3		1
 		 	 	 		 	 			5		1
 		 	 	 		 	 			4		1

Time: 88.690680 sec
Send to Nid: 12
Packet_Type		Length	Src_Nid	src_port	Option	Center_nid	Neighbor_nid	Data_plane_port
NeighborUpdate		544	7	1		Finish	 		 		 

Time: 88.830780 sec
Send to Nid: 12
Packet_Type		Length	Src_Nid	src_port	Option	Center_nid	Neighbor_nid	Data_plane_port
NeighborUpdate		544	7	1		New	7		3		1
 		 	 	 		 	 			5		1
 		 	 	 		 	 			4		1

Time: 88.830880 sec
Send to Nid: 12
Packet_Type		Length	Src_Nid	src_port	Option	Center_nid	Neighbor_nid	Data_plane_port
NeighborUpdate		544	7	1		Finish	 		 		 

Time: 89.090980 sec
Send to Nid: 12
Packet_Type		Length	Src_Nid	src_port	Option	Center_nid	Neighbor_nid	Data_plane_port
NeighborUpdate		544	7	1		New	7		3		1
 		 	 	 		 	 			5		1
 		 	 	 		 	 			4		1

Time: 89.091080 sec
Send to Nid: 12
Packet_Type		Length	Src_Nid	src_port	Option	Center_nid	Neighbor_nid	Data_plane_port
NeighborUpdate		544	7	1		Finish	 		 		 

Time: 89.497200 sec
Broadcast
Packet_Type	Length	Src_nid	Src_port
Hello		80	7	1

Time: 90.680180 sec
Send to Nid: 12
Packet_Type		Length	Src_Nid	src_port	Option	Center_nid	Neighbor_nid	Data_plane_port
NeighborUpdate		544	7	1		New	7		3		1
 		 	 	 		 	 			5		1
 		 	 	 		 	 			4		1

Time: 90.680280 sec
Send to Nid: 12
Packet_Type		Length	Src_Nid	src_port	Option	Center_nid	Neighbor_nid	Data_plane_port
NeighborUpdate		544	7	1		Finish	 		 		 

Time: 90.860380 sec
Send to Nid: 12
Packet_Type		Length	Src_Nid	src_port	Option	Center_nid	Neighbor_nid	Data_plane_port
NeighborUpdate		544	7	1		New	7		3		1
 		 	 	 		 	 			5		1
 		 	 	 		 	 			4		1

Time: 90.860480 sec
Send to Nid: 12
Packet_Type		Length	Src_Nid	src_port	Option	Center_nid	Neighbor_nid	Data_plane_port
NeighborUpdate		544	7	1		Finish	 		 		 

Time: 91.120580 sec
Send to Nid: 12
Packet_Type		Length	Src_Nid	src_port	Option	Center_nid	Neighbor_nid	Data_plane_port
NeighborUpdate		544	7	1		New	7		3		1
 		 	 	 		 	 			5		1
 		 	 	 		 	 			4		1

Time: 91.120680 sec
Send to Nid: 12
Packet_Type		Length	Src_Nid	src_port	Option	Center_nid	Neighbor_nid	Data_plane_port
NeighborUpdate		544	7	1		Finish	 		 		 

Time: 91.509500 sec
Broadcast
Packet_Type	Length	Src_nid	Src_port
Hello		80	7	1

Time: 92.710780 sec
Send to Nid: 12
Packet_Type		Length	Src_Nid	src_port	Option	Center_nid	Neighbor_nid	Data_plane_port
NeighborUpdate		544	7	1		New	7		3		1
 		 	 	 		 	 			5		1
 		 	 	 		 	 			4		1

Time: 92.710880 sec
Send to Nid: 12
Packet_Type		Length	Src_Nid	src_port	Option	Center_nid	Neighbor_nid	Data_plane_port
NeighborUpdate		544	7	1		Finish	 		 		 

Time: 92.880980 sec
Send to Nid: 12
Packet_Type		Length	Src_Nid	src_port	Option	Center_nid	Neighbor_nid	Data_plane_port
NeighborUpdate		544	7	1		New	7		3		1
 		 	 	 		 	 			5		1
 		 	 	 		 	 			4		1

Time: 92.881080 sec
Send to Nid: 12
Packet_Type		Length	Src_Nid	src_port	Option	Center_nid	Neighbor_nid	Data_plane_port
NeighborUpdate		544	7	1		Finish	 		 		 

Time: 93.130180 sec
Send to Nid: 12
Packet_Type		Length	Src_Nid	src_port	Option	Center_nid	Neighbor_nid	Data_plane_port
NeighborUpdate		544	7	1		New	7		3		1
 		 	 	 		 	 			5		1
 		 	 	 		 	 			4		1

Time: 93.542800 sec
Broadcast
Packet_Type	Length	Src_nid	Src_port
Hello		80	7	1

Time: 95.588000 sec
Broadcast
Packet_Type	Length	Src_nid	Src_port
Hello		80	7	1

Time: 95.671199 sec
Send to Nid: 12
Packet_Type		Length	Src_Nid	src_port	Option	Center_nid	Neighbor_nid	Data_plane_port
NeighborUpdate		544	7	1		Finish	 		 		 

Time: 95.671299 sec
Send to Nid: 12
Packet_Type	Length	Src_nid	Src_port
Hello		80	7	1

Time: 95.671399 sec
Send to Nid: 12
Packet_Type		Length	Src_Nid	src_port	Option	Center_nid	Neighbor_nid	Data_plane_port
NeighborUpdate		544	7	1		New	7		3		1
 		 	 	 		 	 			5		1
 		 	 	 		 	 			4		1

Time: 95.671499 sec
Send to Nid: 12
Packet_Type		Length	Src_Nid	src_port	Option	Center_nid	Neighbor_nid	Data_plane_port
NeighborUpdate		544	7	1		Finish	 		 		 

Time: 95.671599 sec
Send to Nid: 12
Packet_Type		Length	Src_Nid	src_port	Option	Center_nid	Neighbor_nid	Data_plane_port
NeighborUpdate		544	7	1		New	7		3		1
 		 	 	 		 	 			5		1
 		 	 	 		 	 			4		1

Time: 95.671699 sec
Send to Nid: 12
Packet_Type		Length	Src_Nid	src_port	Option	Center_nid	Neighbor_nid	Data_plane_port
NeighborUpdate		544	7	1		Finish	 		 		 

Time: 96.027201 sec
Send to Nid: 12
Packet_Type	Length	Src_nid	Src_port
Hello		80	7	1

Time: 96.760701 sec
Send to Nid: 12
Packet_Type		Length	Src_Nid	src_port	Option	Center_nid	Neighbor_nid	Data_plane_port
NeighborUpdate		544	7	1		New	7		3		1
 		 	 	 		 	 			5		1
 		 	 	 		 	 			4		1

Time: 96.760801 sec
Send to Nid: 12
Packet_Type		Length	Src_Nid	src_port	Option	Center_nid	Neighbor_nid	Data_plane_port
NeighborUpdate		544	7	1		Finish	 		 		 

Time: 96.910901 sec
Send to Nid: 12
Packet_Type		Length	Src_Nid	src_port	Option	Center_nid	Neighbor_nid	Data_plane_port
NeighborUpdate		544	7	1		New	7		3		1
 		 	 	 		 	 			5		1
 		 	 	 		 	 			4		1

Time: 96.911001 sec
Send to Nid: 12
Packet_Type		Length	Src_Nid	src_port	Option	Center_nid	Neighbor_nid	Data_plane_port
NeighborUpdate		544	7	1		Finish	 		 		 

Time: 97.628200 sec
Broadcast
Packet_Type	Length	Src_nid	Src_port
Hello		80	7	1

Time: 98.130301 sec
Send to Nid: 12
Packet_Type		Length	Src_Nid	src_port	Option	Center_nid	Neighbor_nid	Data_plane_port
NeighborUpdate		544	7	1		New	7		3		1
 		 	 	 		 	 			4		1

Time: 98.130401 sec
Send to Nid: 12
Packet_Type		Length	Src_Nid	src_port	Option	Center_nid	Neighbor_nid	Data_plane_port
NeighborUpdate		544	7	1		Finish	 		 		 

Time: 98.340701 sec
Send to Nid: 12
Packet_Type		Length	Src_Nid	src_port	Option	Center_nid	Neighbor_nid	Data_plane_port
NeighborUpdate		544	7	1		New	7		3		1
 		 	 	 		 	 			4		1
 		 	 	 		 	 			1		1

Time: 98.340801 sec
Send to Nid: 12
Packet_Type		Length	Src_Nid	src_port	Option	Center_nid	Neighbor_nid	Data_plane_port
NeighborUpdate		544	7	1		Finish	 		 		 

Time: 98.770301 sec
Send to Nid: 12
Packet_Type		Length	Src_Nid	src_port	Option	Center_nid	Neighbor_nid	Data_plane_port
NeighborUpdate		544	7	1		New	7		3		1
 		 	 	 		 	 			4		1
 		 	 	 		 	 			1		1

Time: 98.770401 sec
Send to Nid: 12
Packet_Type		Length	Src_Nid	src_port	Option	Center_nid	Neighbor_nid	Data_plane_port
NeighborUpdate		544	7	1		Finish	 		 		 

Time: 98.910501 sec
Send to Nid: 12
Packet_Type		Length	Src_Nid	src_port	Option	Center_nid	Neighbor_nid	Data_plane_port
NeighborUpdate		544	7	1		New	7		3		1
 		 	 	 		 	 			4		1
 		 	 	 		 	 			1		1

Time: 98.910601 sec
Send to Nid: 12
Packet_Type		Length	Src_Nid	src_port	Option	Center_nid	Neighbor_nid	Data_plane_port
NeighborUpdate		544	7	1		Finish	 		 		 

Time: 99.675500 sec
Broadcast
Packet_Type	Length	Src_nid	Src_port
Hello		80	7	1

