Time: 2.008000 sec
Packet_Type	Length	Src_nid	Src_port
Hello		80	8	1

Time: 2.032100 sec
Packet_Type	Length	Src_nid	Src_port
Hello		80	5	1

Time: 2.041200 sec
Packet_Type	Length	Src_nid	Src_port
Hello		80	6	1

Time: 2.102300 sec
Packet_Type	Length	Src_nid	Src_port
Hello		80	11	1

Time: 4.070400 sec
Packet_Type	Length	Src_nid	Src_port
Hello		80	5	1

Time: 4.087500 sec
Packet_Type	Length	Src_nid	Src_port
Hello		80	8	1

Time: 4.171600 sec
Packet_Type	Length	Src_nid	Src_port
Hello		80	10	1

Time: 6.137700 sec
Packet_Type	Length	Src_nid	Src_port
Hello		80	8	1

Time: 6.173800 sec
Packet_Type	Length	Src_nid	Src_port
Hello		80	10	1

Time: 6.241900 sec
Packet_Type	Length	Src_nid	Src_port
Hello		80	11	1

Time: 6.246000 sec
Packet_Type	Length	Src_nid	Src_port
Hello		80	6	1

Time: 8.123100 sec
Packet_Type	Length	Src_nid	Src_port
Hello		80	6	1

Time: 8.154200 sec
Packet_Type	Length	Src_nid	Src_port
Hello		80	8	1

Time: 8.196300 sec
Packet_Type	Length	Src_nid	Src_port
Hello		80	10	1

Time: 8.256400 sec
Packet_Type	Length	Src_nid	Src_port
Hello		80	11	1

Time: 10.184500 sec
Packet_Type	Length	Src_nid	Src_port
Hello		80	6	1

Time: 10.203600 sec
Packet_Type	Length	Src_nid	Src_port
Hello		80	10	1

Time: 10.211700 sec
Packet_Type	Length	Src_nid	Src_port
Hello		80	8	1

Time: 10.267800 sec
Packet_Type	Length	Src_nid	Src_port
Hello		80	11	1

Time: 12.254900 sec
Packet_Type	Length	Src_nid	Src_port
Hello		80	8	1

Time: 12.367000 sec
Packet_Type	Length	Src_nid	Src_port
Hello		80	10	1

Time: 12.377100 sec
Packet_Type	Length	Src_nid	Src_port
Hello		80	11	1

Time: 14.324200 sec
Packet_Type	Length	Src_nid	Src_port
Hello		80	8	1

Time: 14.386300 sec
Packet_Type	Length	Src_nid	Src_port
Hello		80	10	1

Time: 14.415400 sec
Packet_Type	Length	Src_nid	Src_port
Hello		80	11	1

Time: 16.387500 sec
Packet_Type	Length	Src_nid	Src_port
Hello		80	8	1

Time: 16.398600 sec
Packet_Type	Length	Src_nid	Src_port
Hello		80	10	1

Time: 18.414700 sec
Packet_Type	Length	Src_nid	Src_port
Hello		80	10	1

Time: 18.419800 sec
Packet_Type	Length	Src_nid	Src_port
Hello		80	8	1

Time: 18.516900 sec
Packet_Type	Length	Src_nid	Src_port
Hello		80	11	1

Time: 20.470000 sec
Packet_Type	Length	Src_nid	Src_port
Hello		80	8	1

Time: 20.534100 sec
Packet_Type	Length	Src_nid	Src_port
Hello		80	10	1

Time: 20.607200 sec
Packet_Type	Length	Src_nid	Src_port
Hello		80	11	1

Time: 22.478300 sec
Packet_Type	Length	Src_nid	Src_port
Hello		80	8	1

Time: 22.554400 sec
Packet_Type	Length	Src_nid	Src_port
Hello		80	10	1

Time: 22.689500 sec
Packet_Type	Length	Src_nid	Src_port
Hello		80	11	1

Time: 24.505600 sec
Packet_Type	Length	Src_nid	Src_port
Hello		80	8	1

Time: 24.550700 sec
Packet_Type	Length	Src_nid	Src_port
Hello		80	10	1

Time: 24.747800 sec
Packet_Type	Length	Src_nid	Src_port
Hello		80	11	1

Time: 26.539900 sec
Packet_Type	Length	Src_nid	Src_port
Hello		80	8	1

Time: 26.631000 sec
Packet_Type	Length	Src_nid	Src_port
Hello		80	10	1

Time: 28.593100 sec
Packet_Type	Length	Src_nid	Src_port
Hello		80	8	1

Time: 28.685200 sec
Packet_Type	Length	Src_nid	Src_port
Hello		80	10	1

Time: 28.888300 sec
Packet_Type	Length	Src_nid	Src_port
Hello		80	11	1

Time: 30.662400 sec
Packet_Type	Length	Src_nid	Src_port
Hello		80	8	1

Time: 30.767500 sec
Packet_Type	Length	Src_nid	Src_port
Hello		80	10	1

Time: 30.987600 sec
Packet_Type	Length	Src_nid	Src_port
Hello		80	11	1

Time: 31.087009 sec
Packet_Type		Length	Src_Nid	src_port	Option	Center_nid	Neighbor_nid	Data_plane_port
NeighborUpdate		544	12	1		Finish	 		 		 

Time: 31.843592 sec
Packet_Type		Length	Src_nid	Src_port	Option	Origin_nid	Destination_nid	Next_hop_nid
UpdateDataPlaneRouting	796	12	1		New	7		2		5
 		 	 	 		 		 		3		5
 		 	 	 		 		 		4		8
 		 	 	 		 		 		5		5
 		 	 	 		 		 		6		6
 		 	 	 		 		 		8		8
 		 	 	 		 		 		10		10
 		 	 	 		 		 		11		11

Time: 31.857692 sec
Packet_Type		Length	Src_nid	Src_port	Option	Origin_nid	Destination_nid	Next_hop_nid
UpdateDataPlaneRouting	796	12	1		Finish	 		 		 

Time: 32.671700 sec
Packet_Type	Length	Src_nid	Src_port
Hello		80	8	1

Time: 32.817800 sec
Packet_Type	Length	Src_nid	Src_port
Hello		80	10	1

Time: 32.899192 sec
Packet_Type		Length	Src_nid	Src_port	Option	Origin_nid	Destination_nid	Next_hop_nid
UpdateDataPlaneRouting	796	12	1		New	7		2		8
 		 	 	 		 		 		3		8
 		 	 	 		 		 		4		8
 		 	 	 		 		 		5		8
 		 	 	 		 		 		6		8
 		 	 	 		 		 		8		8
 		 	 	 		 		 		10		10
 		 	 	 		 		 		11		11

Time: 32.900292 sec
Packet_Type		Length	Src_nid	Src_port	Option	Origin_nid	Destination_nid	Next_hop_nid
UpdateDataPlaneRouting	796	12	1		Finish	 		 		 

Time: 32.937392 sec
Packet_Type		Length	Src_nid	Src_port	Option	Origin_nid	Destination_nid	Next_hop_nid
UpdateDataPlaneRouting	796	12	1		New	7		2		8
 		 	 	 		 		 		3		8
 		 	 	 		 		 		4		8
 		 	 	 		 		 		5		8
 		 	 	 		 		 		6		8
 		 	 	 		 		 		8		8
 		 	 	 		 		 		10		10
 		 	 	 		 		 		11		11

Time: 32.939492 sec
Packet_Type		Length	Src_nid	Src_port	Option	Origin_nid	Destination_nid	Next_hop_nid
UpdateDataPlaneRouting	796	12	1		Finish	 		 		 

Time: 33.428592 sec
Packet_Type		Length	Src_nid	Src_port	Option	Origin_nid	Destination_nid	Next_hop_nid
UpdateDataPlaneRouting	796	12	1		New	7		2		8
 		 	 	 		 		 		3		8
 		 	 	 		 		 		4		8
 		 	 	 		 		 		5		8
 		 	 	 		 		 		6		8
 		 	 	 		 		 		8		8
 		 	 	 		 		 		10		10
 		 	 	 		 		 		11		11

Time: 33.429692 sec
Packet_Type		Length	Src_nid	Src_port	Option	Origin_nid	Destination_nid	Next_hop_nid
UpdateDataPlaneRouting	796	12	1		Finish	 		 		 

Time: 33.514792 sec
Packet_Type		Length	Src_nid	Src_port	Option	Origin_nid	Destination_nid	Next_hop_nid
UpdateDataPlaneRouting	796	12	1		New	7		2		8
 		 	 	 		 		 		3		8
 		 	 	 		 		 		4		8
 		 	 	 		 		 		5		8
 		 	 	 		 		 		6		8
 		 	 	 		 		 		8		8
 		 	 	 		 		 		10		10
 		 	 	 		 		 		11		11

Time: 33.516892 sec
Packet_Type		Length	Src_nid	Src_port	Option	Origin_nid	Destination_nid	Next_hop_nid
UpdateDataPlaneRouting	796	12	1		Finish	 		 		 

Time: 33.605992 sec
Packet_Type		Length	Src_nid	Src_port	Option	Origin_nid	Destination_nid	Next_hop_nid
UpdateDataPlaneRouting	796	12	1		New	7		2		8
 		 	 	 		 		 		3		8
 		 	 	 		 		 		4		8
 		 	 	 		 		 		5		8
 		 	 	 		 		 		6		8
 		 	 	 		 		 		8		8
 		 	 	 		 		 		10		10
 		 	 	 		 		 		11		11

Time: 33.609092 sec
Packet_Type		Length	Src_nid	Src_port	Option	Origin_nid	Destination_nid	Next_hop_nid
UpdateDataPlaneRouting	796	12	1		Finish	 		 		 

Time: 33.967192 sec
Packet_Type		Length	Src_nid	Src_port	Option	Origin_nid	Destination_nid	Next_hop_nid
UpdateDataPlaneRouting	796	12	1		New	7		2		8
 		 	 	 		 		 		3		8
 		 	 	 		 		 		4		8
 		 	 	 		 		 		5		8
 		 	 	 		 		 		6		8
 		 	 	 		 		 		8		8
 		 	 	 		 		 		10		10
 		 	 	 		 		 		11		11

Time: 33.969292 sec
Packet_Type		Length	Src_nid	Src_port	Option	Origin_nid	Destination_nid	Next_hop_nid
UpdateDataPlaneRouting	796	12	1		Finish	 		 		 

Time: 34.678900 sec
Packet_Type	Length	Src_nid	Src_port
Hello		80	8	1

Time: 34.830000 sec
Packet_Type	Length	Src_nid	Src_port
Hello		80	10	1

Time: 35.628792 sec
Packet_Type		Length	Src_nid	Src_port	Option	Origin_nid	Destination_nid	Next_hop_nid
UpdateDataPlaneRouting	796	12	1		New	7		2		8
 		 	 	 		 		 		3		8
 		 	 	 		 		 		4		8
 		 	 	 		 		 		5		8
 		 	 	 		 		 		6		8
 		 	 	 		 		 		8		8
 		 	 	 		 		 		10		10
 		 	 	 		 		 		11		11

Time: 35.630892 sec
Packet_Type		Length	Src_nid	Src_port	Option	Origin_nid	Destination_nid	Next_hop_nid
UpdateDataPlaneRouting	796	12	1		Finish	 		 		 

Time: 36.028192 sec
Packet_Type		Length	Src_nid	Src_port	Option	Origin_nid	Destination_nid	Next_hop_nid
UpdateDataPlaneRouting	796	12	1		New	7		2		8
 		 	 	 		 		 		3		8
 		 	 	 		 		 		4		8
 		 	 	 		 		 		5		8
 		 	 	 		 		 		6		8
 		 	 	 		 		 		8		8
 		 	 	 		 		 		10		10
 		 	 	 		 		 		11		10

Time: 36.030292 sec
Packet_Type		Length	Src_nid	Src_port	Option	Origin_nid	Destination_nid	Next_hop_nid
UpdateDataPlaneRouting	796	12	1		Finish	 		 		 

Time: 36.074392 sec
Packet_Type		Length	Src_nid	Src_port	Option	Origin_nid	Destination_nid	Next_hop_nid
UpdateDataPlaneRouting	796	12	1		New	7		2		8
 		 	 	 		 		 		3		8
 		 	 	 		 		 		4		8
 		 	 	 		 		 		5		8
 		 	 	 		 		 		6		8
 		 	 	 		 		 		8		8
 		 	 	 		 		 		10		10

Time: 36.075492 sec
Packet_Type		Length	Src_nid	Src_port	Option	Origin_nid	Destination_nid	Next_hop_nid
UpdateDataPlaneRouting	796	12	1		Finish	 		 		 

Time: 36.707592 sec
Packet_Type		Length	Src_nid	Src_port	Option	Origin_nid	Destination_nid	Next_hop_nid
UpdateDataPlaneRouting	796	12	1		New	7		2		8
 		 	 	 		 		 		3		8
 		 	 	 		 		 		4		8
 		 	 	 		 		 		5		8
 		 	 	 		 		 		6		8
 		 	 	 		 		 		8		8
 		 	 	 		 		 		10		10

Time: 36.708692 sec
Packet_Type		Length	Src_nid	Src_port	Option	Origin_nid	Destination_nid	Next_hop_nid
UpdateDataPlaneRouting	796	12	1		Finish	 		 		 

Time: 36.751100 sec
Packet_Type	Length	Src_nid	Src_port
Hello		80	8	1

Time: 36.831200 sec
Packet_Type	Length	Src_nid	Src_port
Hello		80	10	1

Time: 37.480192 sec
Packet_Type		Length	Src_nid	Src_port	Option	Origin_nid	Destination_nid	Next_hop_nid
UpdateDataPlaneRouting	796	12	1		New	7		2		8
 		 	 	 		 		 		3		8
 		 	 	 		 		 		4		8
 		 	 	 		 		 		5		8
 		 	 	 		 		 		6		8
 		 	 	 		 		 		8		8
 		 	 	 		 		 		10		10

Time: 37.482292 sec
Packet_Type		Length	Src_nid	Src_port	Option	Origin_nid	Destination_nid	Next_hop_nid
UpdateDataPlaneRouting	796	12	1		Finish	 		 		 

Time: 38.437392 sec
Packet_Type		Length	Src_nid	Src_port	Option	Origin_nid	Destination_nid	Next_hop_nid
UpdateDataPlaneRouting	796	12	1		New	7		2		8
 		 	 	 		 		 		3		8
 		 	 	 		 		 		4		8
 		 	 	 		 		 		5		8
 		 	 	 		 		 		6		8
 		 	 	 		 		 		8		8
 		 	 	 		 		 		10		10

Time: 38.439492 sec
Packet_Type		Length	Src_nid	Src_port	Option	Origin_nid	Destination_nid	Next_hop_nid
UpdateDataPlaneRouting	796	12	1		Finish	 		 		 

Time: 38.540592 sec
Packet_Type		Length	Src_nid	Src_port	Option	Origin_nid	Destination_nid	Next_hop_nid
UpdateDataPlaneRouting	796	12	1		New	7		2		8
 		 	 	 		 		 		3		8
 		 	 	 		 		 		4		8
 		 	 	 		 		 		5		8
 		 	 	 		 		 		6		8
 		 	 	 		 		 		8		8
 		 	 	 		 		 		10		10

Time: 38.541692 sec
Packet_Type		Length	Src_nid	Src_port	Option	Origin_nid	Destination_nid	Next_hop_nid
UpdateDataPlaneRouting	796	12	1		Finish	 		 		 

Time: 38.631792 sec
Packet_Type		Length	Src_nid	Src_port	Option	Origin_nid	Destination_nid	Next_hop_nid
UpdateDataPlaneRouting	796	12	1		New	7		2		8
 		 	 	 		 		 		3		8
 		 	 	 		 		 		4		8
 		 	 	 		 		 		5		8
 		 	 	 		 		 		6		8
 		 	 	 		 		 		8		8
 		 	 	 		 		 		10		10

Time: 38.632892 sec
Packet_Type		Length	Src_nid	Src_port	Option	Origin_nid	Destination_nid	Next_hop_nid
UpdateDataPlaneRouting	796	12	1		Finish	 		 		 

Time: 38.671992 sec
Packet_Type		Length	Src_nid	Src_port	Option	Origin_nid	Destination_nid	Next_hop_nid
UpdateDataPlaneRouting	796	12	1		New	7		2		8
 		 	 	 		 		 		3		8
 		 	 	 		 		 		4		8
 		 	 	 		 		 		5		8
 		 	 	 		 		 		6		8
 		 	 	 		 		 		8		8
 		 	 	 		 		 		10		10

Time: 38.673092 sec
Packet_Type		Length	Src_nid	Src_port	Option	Origin_nid	Destination_nid	Next_hop_nid
UpdateDataPlaneRouting	796	12	1		Finish	 		 		 

Time: 38.774300 sec
Packet_Type	Length	Src_nid	Src_port
Hello		80	8	1

Time: 38.920400 sec
Packet_Type	Length	Src_nid	Src_port
Hello		80	10	1

Time: 39.349592 sec
Packet_Type		Length	Src_nid	Src_port	Option	Origin_nid	Destination_nid	Next_hop_nid
UpdateDataPlaneRouting	796	12	1		New	7		2		8
 		 	 	 		 		 		3		8
 		 	 	 		 		 		4		8
 		 	 	 		 		 		5		8
 		 	 	 		 		 		6		8
 		 	 	 		 		 		8		8
 		 	 	 		 		 		10		10

Time: 39.350692 sec
Packet_Type		Length	Src_nid	Src_port	Option	Origin_nid	Destination_nid	Next_hop_nid
UpdateDataPlaneRouting	796	12	1		Finish	 		 		 

Time: 40.431500 sec
Packet_Type	Length	Src_nid	Src_port
Hello		80	4	1

Time: 40.498992 sec
Packet_Type		Length	Src_nid	Src_port	Option	Origin_nid	Destination_nid	Next_hop_nid
UpdateDataPlaneRouting	796	12	1		New	7		2		4
 		 	 	 		 		 		3		4
 		 	 	 		 		 		4		4
 		 	 	 		 		 		5		8
 		 	 	 		 		 		6		8
 		 	 	 		 		 		8		8
 		 	 	 		 		 		10		10

Time: 40.501092 sec
Packet_Type		Length	Src_nid	Src_port	Option	Origin_nid	Destination_nid	Next_hop_nid
UpdateDataPlaneRouting	796	12	1		Finish	 		 		 

Time: 40.523600 sec
Packet_Type	Length	Src_nid	Src_port
Hello		80	5	1

Time: 40.540392 sec
Packet_Type		Length	Src_nid	Src_port	Option	Origin_nid	Destination_nid	Next_hop_nid
UpdateDataPlaneRouting	796	12	1		New	7		2		4
 		 	 	 		 		 		3		4
 		 	 	 		 		 		4		4
 		 	 	 		 		 		5		8
 		 	 	 		 		 		6		8
 		 	 	 		 		 		8		8
 		 	 	 		 		 		10		10

Time: 40.548492 sec
Packet_Type		Length	Src_nid	Src_port	Option	Origin_nid	Destination_nid	Next_hop_nid
UpdateDataPlaneRouting	796	12	1		Finish	 		 		 

Time: 40.629592 sec
Packet_Type		Length	Src_nid	Src_port	Option	Origin_nid	Destination_nid	Next_hop_nid
UpdateDataPlaneRouting	796	12	1		New	7		2		5
 		 	 	 		 		 		3		4
 		 	 	 		 		 		4		4
 		 	 	 		 		 		5		5
 		 	 	 		 		 		6		5
 		 	 	 		 		 		8		8
 		 	 	 		 		 		10		10

Time: 40.630692 sec
Packet_Type		Length	Src_nid	Src_port	Option	Origin_nid	Destination_nid	Next_hop_nid
UpdateDataPlaneRouting	796	12	1		Finish	 		 		 

Time: 40.819700 sec
Packet_Type	Length	Src_nid	Src_port
Hello		80	8	1

Time: 40.999800 sec
Packet_Type	Length	Src_nid	Src_port
Hello		80	10	1

Time: 42.464900 sec
Packet_Type	Length	Src_nid	Src_port
Hello		80	4	1

Time: 42.536000 sec
Packet_Type	Length	Src_nid	Src_port
Hello		80	5	1

Time: 42.853592 sec
Packet_Type		Length	Src_nid	Src_port	Option	Origin_nid	Destination_nid	Next_hop_nid
UpdateDataPlaneRouting	796	12	1		New	7		2		4
 		 	 	 		 		 		3		4
 		 	 	 		 		 		4		4
 		 	 	 		 		 		5		5
 		 	 	 		 		 		6		5
 		 	 	 		 		 		8		8
 		 	 	 		 		 		10		10

Time: 42.854692 sec
Packet_Type		Length	Src_nid	Src_port	Option	Origin_nid	Destination_nid	Next_hop_nid
UpdateDataPlaneRouting	796	12	1		Finish	 		 		 

Time: 42.884100 sec
Packet_Type	Length	Src_nid	Src_port
Hello		80	8	1

Time: 43.048200 sec
Packet_Type	Length	Src_nid	Src_port
Hello		80	10	1

Time: 43.449192 sec
Packet_Type		Length	Src_nid	Src_port	Option	Origin_nid	Destination_nid	Next_hop_nid
UpdateDataPlaneRouting	796	12	1		New	7		2		4
 		 	 	 		 		 		3		4
 		 	 	 		 		 		4		4
 		 	 	 		 		 		5		5
 		 	 	 		 		 		6		5
 		 	 	 		 		 		8		8
 		 	 	 		 		 		10		10

Time: 43.450292 sec
Packet_Type		Length	Src_nid	Src_port	Option	Origin_nid	Destination_nid	Next_hop_nid
UpdateDataPlaneRouting	796	12	1		Finish	 		 		 

Time: 44.489300 sec
Packet_Type	Length	Src_nid	Src_port
Hello		80	4	1

Time: 44.721592 sec
Packet_Type		Length	Src_nid	Src_port	Option	Origin_nid	Destination_nid	Next_hop_nid
UpdateDataPlaneRouting	796	12	1		New	7		2		4
 		 	 	 		 		 		3		4
 		 	 	 		 		 		4		4
 		 	 	 		 		 		5		5
 		 	 	 		 		 		6		5
 		 	 	 		 		 		8		8
 		 	 	 		 		 		10		10

Time: 44.725692 sec
Packet_Type		Length	Src_nid	Src_port	Option	Origin_nid	Destination_nid	Next_hop_nid
UpdateDataPlaneRouting	796	12	1		Finish	 		 		 

Time: 44.909400 sec
Packet_Type	Length	Src_nid	Src_port
Hello		80	8	1

Time: 45.068500 sec
Packet_Type	Length	Src_nid	Src_port
Hello		80	10	1

Time: 47.730392 sec
Packet_Type		Length	Src_nid	Src_port	Option	Origin_nid	Destination_nid	Next_hop_nid
UpdateDataPlaneRouting	796	12	1		New	7		2		4
 		 	 	 		 		 		3		4
 		 	 	 		 		 		4		4
 		 	 	 		 		 		5		5
 		 	 	 		 		 		6		5
 		 	 	 		 		 		8		8
 		 	 	 		 		 		10		10

Time: 47.732492 sec
Packet_Type		Length	Src_nid	Src_port	Option	Origin_nid	Destination_nid	Next_hop_nid
UpdateDataPlaneRouting	796	12	1		Finish	 		 		 

Time: 47.840592 sec
Packet_Type		Length	Src_nid	Src_port	Option	Origin_nid	Destination_nid	Next_hop_nid
UpdateDataPlaneRouting	796	12	1		New	7		2		4
 		 	 	 		 		 		3		4
 		 	 	 		 		 		4		4
 		 	 	 		 		 		5		8
 		 	 	 		 		 		6		8
 		 	 	 		 		 		8		8
 		 	 	 		 		 		10		10

Time: 47.842692 sec
Packet_Type		Length	Src_nid	Src_port	Option	Origin_nid	Destination_nid	Next_hop_nid
UpdateDataPlaneRouting	796	12	1		Finish	 		 		 

Time: 47.919792 sec
Packet_Type		Length	Src_nid	Src_port	Option	Origin_nid	Destination_nid	Next_hop_nid
UpdateDataPlaneRouting	796	12	1		New	7		2		4
 		 	 	 		 		 		3		4
 		 	 	 		 		 		4		4
 		 	 	 		 		 		5		8
 		 	 	 		 		 		6		8
 		 	 	 		 		 		8		8
 		 	 	 		 		 		10		10

Time: 47.921892 sec
Packet_Type		Length	Src_nid	Src_port	Option	Origin_nid	Destination_nid	Next_hop_nid
UpdateDataPlaneRouting	796	12	1		Finish	 		 		 

Time: 48.517600 sec
Packet_Type	Length	Src_nid	Src_port
Hello		80	4	1

Time: 48.620700 sec
Packet_Type	Length	Src_nid	Src_port
Hello		80	5	1

Time: 48.656632 sec
Packet_Type		Length	Src_nid	Src_port	Option	Origin_nid	Destination_nid	Next_hop_nid
UpdateDataPlaneRouting	796	12	1		New	7		2		4
 		 	 	 		 		 		3		4
 		 	 	 		 		 		4		4
 		 	 	 		 		 		5		8
 		 	 	 		 		 		6		8
 		 	 	 		 		 		8		8
 		 	 	 		 		 		10		10

Time: 48.658732 sec
Packet_Type		Length	Src_nid	Src_port	Option	Origin_nid	Destination_nid	Next_hop_nid
UpdateDataPlaneRouting	796	12	1		Finish	 		 		 

Time: 48.944832 sec
Packet_Type		Length	Src_nid	Src_port	Option	Origin_nid	Destination_nid	Next_hop_nid
UpdateDataPlaneRouting	796	12	1		New	7		2		4
 		 	 	 		 		 		3		4
 		 	 	 		 		 		4		4
 		 	 	 		 		 		5		5
 		 	 	 		 		 		6		8
 		 	 	 		 		 		8		8
 		 	 	 		 		 		10		10

Time: 48.945932 sec
Packet_Type		Length	Src_nid	Src_port	Option	Origin_nid	Destination_nid	Next_hop_nid
UpdateDataPlaneRouting	796	12	1		Finish	 		 		 

Time: 48.971800 sec
Packet_Type	Length	Src_nid	Src_port
Hello		80	8	1

Time: 49.123900 sec
Packet_Type	Length	Src_nid	Src_port
Hello		80	10	1

Time: 49.544432 sec
Packet_Type		Length	Src_nid	Src_port	Option	Origin_nid	Destination_nid	Next_hop_nid
UpdateDataPlaneRouting	796	12	1		New	7		2		4
 		 	 	 		 		 		3		4
 		 	 	 		 		 		4		4
 		 	 	 		 		 		5		5
 		 	 	 		 		 		6		8
 		 	 	 		 		 		8		8
 		 	 	 		 		 		10		10

Time: 49.546532 sec
Packet_Type		Length	Src_nid	Src_port	Option	Origin_nid	Destination_nid	Next_hop_nid
UpdateDataPlaneRouting	796	12	1		Finish	 		 		 

Time: 50.526000 sec
Packet_Type	Length	Src_nid	Src_port
Hello		80	4	1

Time: 50.625100 sec
Packet_Type	Length	Src_nid	Src_port
Hello		80	5	1

Time: 50.628832 sec
Packet_Type		Length	Src_nid	Src_port	Option	Origin_nid	Destination_nid	Next_hop_nid
UpdateDataPlaneRouting	796	12	1		New	7		2		4
 		 	 	 		 		 		3		4
 		 	 	 		 		 		4		4
 		 	 	 		 		 		5		5
 		 	 	 		 		 		6		8
 		 	 	 		 		 		8		8
 		 	 	 		 		 		10		10

Time: 50.629932 sec
Packet_Type		Length	Src_nid	Src_port	Option	Origin_nid	Destination_nid	Next_hop_nid
UpdateDataPlaneRouting	796	12	1		Finish	 		 		 

Time: 51.007200 sec
Packet_Type	Length	Src_nid	Src_port
Hello		80	8	1

Time: 51.204300 sec
Packet_Type	Length	Src_nid	Src_port
Hello		80	10	1

Time: 51.971632 sec
Packet_Type		Length	Src_nid	Src_port	Option	Origin_nid	Destination_nid	Next_hop_nid
UpdateDataPlaneRouting	796	12	1		New	7		2		4
 		 	 	 		 		 		3		4
 		 	 	 		 		 		4		4
 		 	 	 		 		 		5		5
 		 	 	 		 		 		6		8
 		 	 	 		 		 		8		8
 		 	 	 		 		 		10		10

Time: 51.972732 sec
Packet_Type		Length	Src_nid	Src_port	Option	Origin_nid	Destination_nid	Next_hop_nid
UpdateDataPlaneRouting	796	12	1		Finish	 		 		 

Time: 52.058832 sec
Packet_Type		Length	Src_nid	Src_port	Option	Origin_nid	Destination_nid	Next_hop_nid
UpdateDataPlaneRouting	796	12	1		New	7		2		4
 		 	 	 		 		 		3		4
 		 	 	 		 		 		4		4
 		 	 	 		 		 		5		5
 		 	 	 		 		 		6		4
 		 	 	 		 		 		8		8
 		 	 	 		 		 		10		10

Time: 52.059932 sec
Packet_Type		Length	Src_nid	Src_port	Option	Origin_nid	Destination_nid	Next_hop_nid
UpdateDataPlaneRouting	796	12	1		Finish	 		 		 

Time: 52.537400 sec
Packet_Type	Length	Src_nid	Src_port
Hello		80	4	1

Time: 52.643500 sec
Packet_Type	Length	Src_nid	Src_port
Hello		80	5	1

Time: 53.045600 sec
Packet_Type	Length	Src_nid	Src_port
Hello		80	8	1

Time: 53.159632 sec
Packet_Type		Length	Src_nid	Src_port	Option	Origin_nid	Destination_nid	Next_hop_nid
UpdateDataPlaneRouting	796	12	1		New	7		2		4
 		 	 	 		 		 		3		4
 		 	 	 		 		 		4		4
 		 	 	 		 		 		5		5
 		 	 	 		 		 		6		4
 		 	 	 		 		 		8		8
 		 	 	 		 		 		10		10

Time: 53.161732 sec
Packet_Type		Length	Src_nid	Src_port	Option	Origin_nid	Destination_nid	Next_hop_nid
UpdateDataPlaneRouting	796	12	1		Finish	 		 		 

Time: 53.258700 sec
Packet_Type	Length	Src_nid	Src_port
Hello		80	10	1

Time: 54.544800 sec
Packet_Type	Length	Src_nid	Src_port
Hello		80	4	1

Time: 55.088900 sec
Packet_Type	Length	Src_nid	Src_port
Hello		80	8	1

Time: 55.342432 sec
Packet_Type		Length	Src_nid	Src_port	Option	Origin_nid	Destination_nid	Next_hop_nid
UpdateDataPlaneRouting	796	12	1		New	7		2		4
 		 	 	 		 		 		3		4
 		 	 	 		 		 		4		4
 		 	 	 		 		 		5		5
 		 	 	 		 		 		6		8
 		 	 	 		 		 		8		8
 		 	 	 		 		 		10		10

Time: 55.343532 sec
Packet_Type		Length	Src_nid	Src_port	Option	Origin_nid	Destination_nid	Next_hop_nid
UpdateDataPlaneRouting	796	12	1		Finish	 		 		 

Time: 55.531632 sec
Packet_Type		Length	Src_nid	Src_port	Option	Origin_nid	Destination_nid	Next_hop_nid
UpdateDataPlaneRouting	796	12	1		New	7		2		4
 		 	 	 		 		 		3		4
 		 	 	 		 		 		4		4
 		 	 	 		 		 		5		5
 		 	 	 		 		 		6		8
 		 	 	 		 		 		8		8
 		 	 	 		 		 		10		10

Time: 55.533732 sec
Packet_Type		Length	Src_nid	Src_port	Option	Origin_nid	Destination_nid	Next_hop_nid
UpdateDataPlaneRouting	796	12	1		Finish	 		 		 

Time: 55.606832 sec
Packet_Type		Length	Src_nid	Src_port	Option	Origin_nid	Destination_nid	Next_hop_nid
UpdateDataPlaneRouting	796	12	1		New	7		2		4
 		 	 	 		 		 		3		4
 		 	 	 		 		 		4		4
 		 	 	 		 		 		5		5
 		 	 	 		 		 		6		8
 		 	 	 		 		 		8		8
 		 	 	 		 		 		10		10

Time: 55.608932 sec
Packet_Type		Length	Src_nid	Src_port	Option	Origin_nid	Destination_nid	Next_hop_nid
UpdateDataPlaneRouting	796	12	1		Finish	 		 		 

Time: 55.954032 sec
Packet_Type		Length	Src_nid	Src_port	Option	Origin_nid	Destination_nid	Next_hop_nid
UpdateDataPlaneRouting	796	12	1		New	7		2		4
 		 	 	 		 		 		3		4
 		 	 	 		 		 		4		4
 		 	 	 		 		 		5		5
 		 	 	 		 		 		6		8
 		 	 	 		 		 		8		8
 		 	 	 		 		 		10		10

Time: 55.955132 sec
Packet_Type		Length	Src_nid	Src_port	Option	Origin_nid	Destination_nid	Next_hop_nid
UpdateDataPlaneRouting	796	12	1		Finish	 		 		 

Time: 56.060232 sec
Packet_Type		Length	Src_nid	Src_port	Option	Origin_nid	Destination_nid	Next_hop_nid
UpdateDataPlaneRouting	796	12	1		New	7		2		4
 		 	 	 		 		 		3		4
 		 	 	 		 		 		4		4
 		 	 	 		 		 		5		5
 		 	 	 		 		 		6		8
 		 	 	 		 		 		8		8
 		 	 	 		 		 		10		10

Time: 56.062332 sec
Packet_Type		Length	Src_nid	Src_port	Option	Origin_nid	Destination_nid	Next_hop_nid
UpdateDataPlaneRouting	796	12	1		Finish	 		 		 

Time: 56.161432 sec
Packet_Type		Length	Src_nid	Src_port	Option	Origin_nid	Destination_nid	Next_hop_nid
UpdateDataPlaneRouting	796	12	1		New	7		2		4
 		 	 	 		 		 		3		4
 		 	 	 		 		 		4		4
 		 	 	 		 		 		5		5
 		 	 	 		 		 		6		8
 		 	 	 		 		 		8		8
 		 	 	 		 		 		10		10

Time: 56.163532 sec
Packet_Type		Length	Src_nid	Src_port	Option	Origin_nid	Destination_nid	Next_hop_nid
UpdateDataPlaneRouting	796	12	1		Finish	 		 		 

Time: 59.198000 sec
Packet_Type	Length	Src_nid	Src_port
Hello		80	8	1

Time: 60.467100 sec
Packet_Type	Length	Src_nid	Src_port
Hello		80	3	1

Time: 60.580200 sec
Packet_Type	Length	Src_nid	Src_port
Hello		80	4	1

Time: 60.742300 sec
Packet_Type	Length	Src_nid	Src_port
Hello		80	5	1

Time: 61.208400 sec
Packet_Type	Length	Src_nid	Src_port
Hello		80	8	1

Time: 61.228726 sec
Packet_Type		Length	Src_Nid	src_port	Option	Center_nid	Neighbor_nid	Data_plane_port
NeighborUpdate		544	12	1		New	6		2		1
 		 	 	 		 	 			8		1

Time: 61.232826 sec
Packet_Type		Length	Src_Nid	src_port	Option	Center_nid	Neighbor_nid	Data_plane_port
NeighborUpdate		544	12	1		Finish	 		 		 

Time: 61.365926 sec
Packet_Type		Length	Src_Nid	src_port	Option	Center_nid	Neighbor_nid	Data_plane_port
NeighborUpdate		544	12	1		Finish	 		 		 

Time: 62.473500 sec
Packet_Type	Length	Src_nid	Src_port
Hello		80	3	1

Time: 62.548226 sec
Packet_Type		Length	Src_nid	Src_port	Option	Origin_nid	Destination_nid	Next_hop_nid
UpdateDataPlaneRouting	796	12	1		New	7		2		3
 		 	 	 		 		 		3		3
 		 	 	 		 		 		4		4
 		 	 	 		 		 		5		5
 		 	 	 		 		 		6		8
 		 	 	 		 		 		8		8
 		 	 	 		 		 		10		5

Time: 62.550326 sec
Packet_Type		Length	Src_nid	Src_port	Option	Origin_nid	Destination_nid	Next_hop_nid
UpdateDataPlaneRouting	796	12	1		Finish	 		 		 

Time: 62.602600 sec
Packet_Type	Length	Src_nid	Src_port
Hello		80	4	1

Time: 62.749700 sec
Packet_Type	Length	Src_nid	Src_port
Hello		80	5	1

Time: 63.230800 sec
Packet_Type	Length	Src_nid	Src_port
Hello		80	8	1

Time: 63.696026 sec
Packet_Type		Length	Src_nid	Src_port	Option	Origin_nid	Destination_nid	Next_hop_nid
UpdateDataPlaneRouting	796	12	1		New	7		2		3
 		 	 	 		 		 		3		3
 		 	 	 		 		 		4		4
 		 	 	 		 		 		5		5
 		 	 	 		 		 		6		8
 		 	 	 		 		 		8		8
 		 	 	 		 		 		10		5

Time: 63.698126 sec
Packet_Type		Length	Src_nid	Src_port	Option	Origin_nid	Destination_nid	Next_hop_nid
UpdateDataPlaneRouting	796	12	1		Finish	 		 		 

Time: 64.500900 sec
Packet_Type	Length	Src_nid	Src_port
Hello		80	3	1

Time: 64.615000 sec
Packet_Type	Length	Src_nid	Src_port
Hello		80	4	1

Time: 64.777100 sec
Packet_Type	Length	Src_nid	Src_port
Hello		80	5	1

Time: 66.210826 sec
Packet_Type		Length	Src_nid	Src_port	Option	Origin_nid	Destination_nid	Next_hop_nid
UpdateDataPlaneRouting	796	12	1		New	7		2		3
 		 	 	 		 		 		3		3
 		 	 	 		 		 		4		4
 		 	 	 		 		 		5		5
 		 	 	 		 		 		6		8
 		 	 	 		 		 		8		8
 		 	 	 		 		 		10		5

Time: 66.212926 sec
Packet_Type		Length	Src_nid	Src_port	Option	Origin_nid	Destination_nid	Next_hop_nid
UpdateDataPlaneRouting	796	12	1		Finish	 		 		 

Time: 66.527200 sec
Packet_Type	Length	Src_nid	Src_port
Hello		80	3	1

Time: 66.630300 sec
Packet_Type	Length	Src_nid	Src_port
Hello		80	4	1

Time: 66.783400 sec
Packet_Type	Length	Src_nid	Src_port
Hello		80	5	1

Time: 68.262826 sec
Packet_Type		Length	Src_nid	Src_port	Option	Origin_nid	Destination_nid	Next_hop_nid
UpdateDataPlaneRouting	796	12	1		New	7		2		3
 		 	 	 		 		 		3		3
 		 	 	 		 		 		4		4
 		 	 	 		 		 		5		5
 		 	 	 		 		 		6		8
 		 	 	 		 		 		8		8
 		 	 	 		 		 		10		5

Time: 68.265926 sec
Packet_Type		Length	Src_nid	Src_port	Option	Origin_nid	Destination_nid	Next_hop_nid
UpdateDataPlaneRouting	796	12	1		Finish	 		 		 

Time: 68.417026 sec
Packet_Type		Length	Src_nid	Src_port	Option	Origin_nid	Destination_nid	Next_hop_nid
UpdateDataPlaneRouting	796	12	1		New	7		2		3
 		 	 	 		 		 		3		3
 		 	 	 		 		 		4		4
 		 	 	 		 		 		5		5
 		 	 	 		 		 		6		4
 		 	 	 		 		 		8		4
 		 	 	 		 		 		10		5

Time: 68.418126 sec
Packet_Type		Length	Src_nid	Src_port	Option	Origin_nid	Destination_nid	Next_hop_nid
UpdateDataPlaneRouting	796	12	1		Finish	 		 		 

Time: 68.536500 sec
Packet_Type	Length	Src_nid	Src_port
Hello		80	3	1

Time: 68.644600 sec
Packet_Type	Length	Src_nid	Src_port
Hello		80	4	1

Time: 68.716626 sec
Packet_Type		Length	Src_nid	Src_port	Option	Origin_nid	Destination_nid	Next_hop_nid
UpdateDataPlaneRouting	796	12	1		New	7		2		3
 		 	 	 		 		 		3		3
 		 	 	 		 		 		4		4
 		 	 	 		 		 		5		5
 		 	 	 		 		 		6		4
 		 	 	 		 		 		8		4
 		 	 	 		 		 		10		5

Time: 68.718726 sec
Packet_Type		Length	Src_nid	Src_port	Option	Origin_nid	Destination_nid	Next_hop_nid
UpdateDataPlaneRouting	796	12	1		Finish	 		 		 

Time: 68.832700 sec
Packet_Type	Length	Src_nid	Src_port
Hello		80	5	1

Time: 69.820026 sec
Packet_Type		Length	Src_nid	Src_port	Option	Origin_nid	Destination_nid	Next_hop_nid
UpdateDataPlaneRouting	796	12	1		New	7		2		3
 		 	 	 		 		 		3		3
 		 	 	 		 		 		4		4
 		 	 	 		 		 		5		5
 		 	 	 		 		 		6		4
 		 	 	 		 		 		8		4
 		 	 	 		 		 		10		5

Time: 69.821126 sec
Packet_Type		Length	Src_nid	Src_port	Option	Origin_nid	Destination_nid	Next_hop_nid
UpdateDataPlaneRouting	796	12	1		Finish	 		 		 

Time: 69.921226 sec
Packet_Type		Length	Src_nid	Src_port	Option	Origin_nid	Destination_nid	Next_hop_nid
UpdateDataPlaneRouting	796	12	1		New	7		2		3
 		 	 	 		 		 		3		3
 		 	 	 		 		 		4		4
 		 	 	 		 		 		5		5
 		 	 	 		 		 		6		4
 		 	 	 		 		 		8		4
 		 	 	 		 		 		10		5

Time: 69.922326 sec
Packet_Type		Length	Src_nid	Src_port	Option	Origin_nid	Destination_nid	Next_hop_nid
UpdateDataPlaneRouting	796	12	1		Finish	 		 		 

Time: 70.538800 sec
Packet_Type	Length	Src_nid	Src_port
Hello		80	3	1

Time: 70.673900 sec
Packet_Type	Length	Src_nid	Src_port
Hello		80	4	1

Time: 70.843000 sec
Packet_Type	Length	Src_nid	Src_port
Hello		80	5	1

Time: 71.004026 sec
Packet_Type		Length	Src_nid	Src_port	Option	Origin_nid	Destination_nid	Next_hop_nid
UpdateDataPlaneRouting	796	12	1		New	7		2		3
 		 	 	 		 		 		3		3
 		 	 	 		 		 		4		4
 		 	 	 		 		 		5		5
 		 	 	 		 		 		6		4
 		 	 	 		 		 		8		4
 		 	 	 		 		 		10		5

Time: 71.006126 sec
Packet_Type		Length	Src_nid	Src_port	Option	Origin_nid	Destination_nid	Next_hop_nid
UpdateDataPlaneRouting	796	12	1		Finish	 		 		 

Time: 71.094226 sec
Packet_Type		Length	Src_nid	Src_port	Option	Origin_nid	Destination_nid	Next_hop_nid
UpdateDataPlaneRouting	796	12	1		New	7		2		3
 		 	 	 		 		 		3		3
 		 	 	 		 		 		4		4
 		 	 	 		 		 		5		5
 		 	 	 		 		 		6		4
 		 	 	 		 		 		8		4
 		 	 	 		 		 		10		5

Time: 71.096326 sec
Packet_Type		Length	Src_nid	Src_port	Option	Origin_nid	Destination_nid	Next_hop_nid
UpdateDataPlaneRouting	796	12	1		Finish	 		 		 

Time: 71.943426 sec
Packet_Type		Length	Src_nid	Src_port	Option	Origin_nid	Destination_nid	Next_hop_nid
UpdateDataPlaneRouting	796	12	1		New	7		2		3
 		 	 	 		 		 		3		3
 		 	 	 		 		 		4		4
 		 	 	 		 		 		5		5
 		 	 	 		 		 		6		4
 		 	 	 		 		 		8		4
 		 	 	 		 		 		10		5

Time: 71.944526 sec
Packet_Type		Length	Src_nid	Src_port	Option	Origin_nid	Destination_nid	Next_hop_nid
UpdateDataPlaneRouting	796	12	1		Finish	 		 		 

Time: 72.555100 sec
Packet_Type	Length	Src_nid	Src_port
Hello		80	3	1

Time: 72.648826 sec
Packet_Type		Length	Src_nid	Src_port	Option	Origin_nid	Destination_nid	Next_hop_nid
UpdateDataPlaneRouting	796	12	1		New	7		2		3
 		 	 	 		 		 		3		3
 		 	 	 		 		 		4		4
 		 	 	 		 		 		5		5
 		 	 	 		 		 		6		4
 		 	 	 		 		 		8		4
 		 	 	 		 		 		10		4

Time: 72.651926 sec
Packet_Type		Length	Src_nid	Src_port	Option	Origin_nid	Destination_nid	Next_hop_nid
UpdateDataPlaneRouting	796	12	1		Finish	 		 		 

Time: 72.702200 sec
Packet_Type	Length	Src_nid	Src_port
Hello		80	4	1

Time: 72.840226 sec
Packet_Type		Length	Src_nid	Src_port	Option	Origin_nid	Destination_nid	Next_hop_nid
UpdateDataPlaneRouting	796	12	1		New	7		2		3
 		 	 	 		 		 		3		3
 		 	 	 		 		 		4		4
 		 	 	 		 		 		5		5
 		 	 	 		 		 		6		4
 		 	 	 		 		 		8		4
 		 	 	 		 		 		10		4

Time: 72.841326 sec
Packet_Type		Length	Src_nid	Src_port	Option	Origin_nid	Destination_nid	Next_hop_nid
UpdateDataPlaneRouting	796	12	1		Finish	 		 		 

Time: 72.865300 sec
Packet_Type	Length	Src_nid	Src_port
Hello		80	5	1

Time: 73.345626 sec
Packet_Type		Length	Src_nid	Src_port	Option	Origin_nid	Destination_nid	Next_hop_nid
UpdateDataPlaneRouting	796	12	1		New	7		2		3
 		 	 	 		 		 		3		3
 		 	 	 		 		 		4		4
 		 	 	 		 		 		5		5
 		 	 	 		 		 		6		5
 		 	 	 		 		 		8		4
 		 	 	 		 		 		10		4

Time: 73.347726 sec
Packet_Type		Length	Src_nid	Src_port	Option	Origin_nid	Destination_nid	Next_hop_nid
UpdateDataPlaneRouting	796	12	1		Finish	 		 		 

Time: 73.398826 sec
Packet_Type		Length	Src_nid	Src_port	Option	Origin_nid	Destination_nid	Next_hop_nid
UpdateDataPlaneRouting	796	12	1		New	7		2		3
 		 	 	 		 		 		3		3
 		 	 	 		 		 		4		4
 		 	 	 		 		 		5		5
 		 	 	 		 		 		6		5
 		 	 	 		 		 		8		4
 		 	 	 		 		 		10		4

Time: 73.400926 sec
Packet_Type		Length	Src_nid	Src_port	Option	Origin_nid	Destination_nid	Next_hop_nid
UpdateDataPlaneRouting	796	12	1		Finish	 		 		 

Time: 74.558400 sec
Packet_Type	Length	Src_nid	Src_port
Hello		80	3	1

Time: 74.705500 sec
Packet_Type	Length	Src_nid	Src_port
Hello		80	4	1

Time: 74.867600 sec
Packet_Type	Length	Src_nid	Src_port
Hello		80	5	1

Time: 76.567700 sec
Packet_Type	Length	Src_nid	Src_port
Hello		80	3	1

Time: 76.741800 sec
Packet_Type	Length	Src_nid	Src_port
Hello		80	4	1

Time: 76.879900 sec
Packet_Type	Length	Src_nid	Src_port
Hello		80	5	1

Time: 78.576000 sec
Packet_Type	Length	Src_nid	Src_port
Hello		80	3	1

Time: 80.611100 sec
Packet_Type	Length	Src_nid	Src_port
Hello		80	3	1

Time: 80.667626 sec
Packet_Type		Length	Src_nid	Src_port	Option	Origin_nid	Destination_nid	Next_hop_nid
UpdateDataPlaneRouting	796	12	1		New	7		2		3
 		 	 	 		 		 		3		3
 		 	 	 		 		 		4		4
 		 	 	 		 		 		5		5
 		 	 	 		 		 		6		5
 		 	 	 		 		 		8		4
 		 	 	 		 		 		10		4

Time: 80.672726 sec
Packet_Type		Length	Src_nid	Src_port	Option	Origin_nid	Destination_nid	Next_hop_nid
UpdateDataPlaneRouting	796	12	1		Finish	 		 		 

Time: 80.673826 sec
Packet_Type		Length	Src_nid	Src_port	Option	Origin_nid	Destination_nid	Next_hop_nid
UpdateDataPlaneRouting	796	12	1		New	7		2		3
 		 	 	 		 		 		3		3
 		 	 	 		 		 		4		4
 		 	 	 		 		 		5		5
 		 	 	 		 		 		6		5
 		 	 	 		 		 		8		4
 		 	 	 		 		 		10		4

Time: 80.676926 sec
Packet_Type		Length	Src_nid	Src_port	Option	Origin_nid	Destination_nid	Next_hop_nid
UpdateDataPlaneRouting	796	12	1		Finish	 		 		 

Time: 80.680026 sec
Packet_Type		Length	Src_nid	Src_port	Option	Origin_nid	Destination_nid	Next_hop_nid
UpdateDataPlaneRouting	796	12	1		New	7		2		3
 		 	 	 		 		 		3		3
 		 	 	 		 		 		4		4
 		 	 	 		 		 		5		5
 		 	 	 		 		 		6		5
 		 	 	 		 		 		8		4
 		 	 	 		 		 		10		4

Time: 80.681126 sec
Packet_Type		Length	Src_nid	Src_port	Option	Origin_nid	Destination_nid	Next_hop_nid
UpdateDataPlaneRouting	796	12	1		Finish	 		 		 

Time: 80.774200 sec
Packet_Type	Length	Src_nid	Src_port
Hello		80	4	1

Time: 82.633300 sec
Packet_Type	Length	Src_nid	Src_port
Hello		80	3	1

Time: 83.012400 sec
Packet_Type	Length	Src_nid	Src_port
Hello		80	5	1

Time: 84.177677 sec
Packet_Type		Length	Src_nid	Src_port	Option	Origin_nid	Destination_nid	Next_hop_nid
UpdateDataPlaneRouting	796	12	1		New	7		2		3
 		 	 	 		 		 		3		3
 		 	 	 		 		 		4		4
 		 	 	 		 		 		5		5
 		 	 	 		 		 		6		4
 		 	 	 		 		 		8		4
 		 	 	 		 		 		10		4

Time: 84.178777 sec
Packet_Type		Length	Src_nid	Src_port	Option	Origin_nid	Destination_nid	Next_hop_nid
UpdateDataPlaneRouting	796	12	1		Finish	 		 		 

Time: 84.351129 sec
Packet_Type		Length	Src_nid	Src_port	Option	Origin_nid	Destination_nid	Next_hop_nid
UpdateDataPlaneRouting	796	12	1		New	7		2		3
 		 	 	 		 		 		3		3
 		 	 	 		 		 		4		4
 		 	 	 		 		 		5		5
 		 	 	 		 		 		6		4
 		 	 	 		 		 		8		4
 		 	 	 		 		 		10		4

Time: 84.356229 sec
Packet_Type		Length	Src_nid	Src_port	Option	Origin_nid	Destination_nid	Next_hop_nid
UpdateDataPlaneRouting	796	12	1		Finish	 		 		 

Time: 84.642500 sec
Packet_Type	Length	Src_nid	Src_port
Hello		80	3	1

Time: 85.029600 sec
Packet_Type	Length	Src_nid	Src_port
Hello		80	5	1

Time: 85.936929 sec
Packet_Type		Length	Src_nid	Src_port	Option	Origin_nid	Destination_nid	Next_hop_nid
UpdateDataPlaneRouting	796	12	1		New	7		2		3
 		 	 	 		 		 		3		3
 		 	 	 		 		 		4		4
 		 	 	 		 		 		5		5
 		 	 	 		 		 		6		4
 		 	 	 		 		 		8		4
 		 	 	 		 		 		10		4

Time: 85.939029 sec
Packet_Type		Length	Src_nid	Src_port	Option	Origin_nid	Destination_nid	Next_hop_nid
UpdateDataPlaneRouting	796	12	1		Finish	 		 		 

Time: 85.998129 sec
Packet_Type		Length	Src_nid	Src_port	Option	Origin_nid	Destination_nid	Next_hop_nid
UpdateDataPlaneRouting	796	12	1		New	7		2		3
 		 	 	 		 		 		3		3
 		 	 	 		 		 		4		4
 		 	 	 		 		 		5		5
 		 	 	 		 		 		6		4
 		 	 	 		 		 		8		4
 		 	 	 		 		 		10		4

Time: 86.004229 sec
Packet_Type		Length	Src_nid	Src_port	Option	Origin_nid	Destination_nid	Next_hop_nid
UpdateDataPlaneRouting	796	12	1		Finish	 		 		 

Time: 86.145329 sec
Packet_Type		Length	Src_nid	Src_port	Option	Origin_nid	Destination_nid	Next_hop_nid
UpdateDataPlaneRouting	796	12	1		New	7		2		3
 		 	 	 		 		 		3		3
 		 	 	 		 		 		5		5

Time: 86.149429 sec
Packet_Type		Length	Src_nid	Src_port	Option	Origin_nid	Destination_nid	Next_hop_nid
UpdateDataPlaneRouting	796	12	1		Finish	 		 		 

Time: 86.579529 sec
Packet_Type		Length	Src_nid	Src_port	Option	Origin_nid	Destination_nid	Next_hop_nid
UpdateDataPlaneRouting	796	12	1		New	7		2		3
 		 	 	 		 		 		3		3
 		 	 	 		 		 		5		5

Time: 86.584629 sec
Packet_Type		Length	Src_nid	Src_port	Option	Origin_nid	Destination_nid	Next_hop_nid
UpdateDataPlaneRouting	796	12	1		Finish	 		 		 

Time: 86.646700 sec
Packet_Type	Length	Src_nid	Src_port
Hello		80	3	1

Time: 86.820800 sec
Packet_Type	Length	Src_nid	Src_port
Hello		80	4	1

Time: 87.042380 sec
Packet_Type		Length	Src_nid	Src_port	Option	Origin_nid	Destination_nid	Next_hop_nid
UpdateDataPlaneRouting	796	12	1		New	7		2		3
 		 	 	 		 		 		3		3
 		 	 	 		 		 		4		4
 		 	 	 		 		 		5		5
 		 	 	 		 		 		6		4
 		 	 	 		 		 		8		4
 		 	 	 		 		 		10		4

Time: 87.047480 sec
Packet_Type		Length	Src_nid	Src_port	Option	Origin_nid	Destination_nid	Next_hop_nid
UpdateDataPlaneRouting	796	12	1		Finish	 		 		 

Time: 88.680900 sec
Packet_Type	Length	Src_nid	Src_port
Hello		80	3	1

Time: 88.825000 sec
Packet_Type	Length	Src_nid	Src_port
Hello		80	4	1

Time: 89.089100 sec
Packet_Type	Length	Src_nid	Src_port
Hello		80	5	1

Time: 90.675200 sec
Packet_Type	Length	Src_nid	Src_port
Hello		80	3	1

Time: 90.850300 sec
Packet_Type	Length	Src_nid	Src_port
Hello		80	4	1

Time: 91.116400 sec
Packet_Type	Length	Src_nid	Src_port
Hello		80	5	1

Time: 92.703500 sec
Packet_Type	Length	Src_nid	Src_port
Hello		80	3	1

Time: 92.870600 sec
Packet_Type	Length	Src_nid	Src_port
Hello		80	4	1

Time: 93.125700 sec
Packet_Type	Length	Src_nid	Src_port
Hello		80	5	1

Time: 94.732800 sec
Packet_Type	Length	Src_nid	Src_port
Hello		80	3	1

Time: 94.873900 sec
Packet_Type	Length	Src_nid	Src_port
Hello		80	4	1

Time: 96.128301 sec
Packet_Type		Length	Src_nid	Src_port	Option	Origin_nid	Destination_nid	Next_hop_nid
UpdateDataPlaneRouting	796	12	1		New	7		3		3
 		 	 	 		 		 		4		4
 		 	 	 		 		 		5		5

Time: 96.129401 sec
Packet_Type		Length	Src_nid	Src_port	Option	Origin_nid	Destination_nid	Next_hop_nid
UpdateDataPlaneRouting	796	12	1		Finish	 		 		 

Time: 96.225501 sec
Packet_Type		Length	Src_nid	Src_port	Option	Origin_nid	Destination_nid	Next_hop_nid
UpdateDataPlaneRouting	796	12	1		New	7		3		3
 		 	 	 		 		 		4		4
 		 	 	 		 		 		5		5

Time: 96.235601 sec
Packet_Type		Length	Src_nid	Src_port	Option	Origin_nid	Destination_nid	Next_hop_nid
UpdateDataPlaneRouting	796	12	1		Finish	 		 		 

Time: 96.752000 sec
Packet_Type	Length	Src_nid	Src_port
Hello		80	3	1

Time: 96.901100 sec
Packet_Type	Length	Src_nid	Src_port
Hello		80	4	1

Time: 97.949101 sec
Packet_Type		Length	Src_nid	Src_port	Option	Origin_nid	Destination_nid	Next_hop_nid
UpdateDataPlaneRouting	796	12	1		New	7		3		3
 		 	 	 		 		 		4		4
 		 	 	 		 		 		5		5

Time: 97.953201 sec
Packet_Type		Length	Src_nid	Src_port	Option	Origin_nid	Destination_nid	Next_hop_nid
UpdateDataPlaneRouting	796	12	1		Finish	 		 		 

Time: 98.190501 sec
Packet_Type		Length	Src_nid	Src_port	Option	Origin_nid	Destination_nid	Next_hop_nid
UpdateDataPlaneRouting	796	12	1		New	7		3		3
 		 	 	 		 		 		4		4
 		 	 	 		 		 		5		3

Time: 98.191601 sec
Packet_Type		Length	Src_nid	Src_port	Option	Origin_nid	Destination_nid	Next_hop_nid
UpdateDataPlaneRouting	796	12	1		Finish	 		 		 

Time: 98.333200 sec
Packet_Type	Length	Src_nid	Src_port
Hello		80	1	1

Time: 98.635901 sec
Packet_Type		Length	Src_nid	Src_port	Option	Origin_nid	Destination_nid	Next_hop_nid
UpdateDataPlaneRouting	796	12	1		New	7		1		1
 		 	 	 		 		 		2		1
 		 	 	 		 		 		3		3
 		 	 	 		 		 		4		4
 		 	 	 		 		 		5		1
 		 	 	 		 		 		6		1
 		 	 	 		 		 		8		1
 		 	 	 		 		 		10		1

Time: 98.658001 sec
Packet_Type		Length	Src_nid	Src_port	Option	Origin_nid	Destination_nid	Next_hop_nid
UpdateDataPlaneRouting	796	12	1		Finish	 		 		 

Time: 98.741101 sec
Packet_Type		Length	Src_nid	Src_port	Option	Origin_nid	Destination_nid	Next_hop_nid
UpdateDataPlaneRouting	796	12	1		New	7		1		1
 		 	 	 		 		 		2		1
 		 	 	 		 		 		3		3
 		 	 	 		 		 		4		4
 		 	 	 		 		 		5		1
 		 	 	 		 		 		6		1
 		 	 	 		 		 		8		1
 		 	 	 		 		 		10		1

Time: 98.748201 sec
Packet_Type		Length	Src_nid	Src_port	Option	Origin_nid	Destination_nid	Next_hop_nid
UpdateDataPlaneRouting	796	12	1		Finish	 		 		 

Time: 98.769300 sec
Packet_Type	Length	Src_nid	Src_port
Hello		80	3	1

Time: 98.903400 sec
Packet_Type	Length	Src_nid	Src_port
Hello		80	4	1

Time: 99.145701 sec
Packet_Type		Length	Src_nid	Src_port	Option	Origin_nid	Destination_nid	Next_hop_nid
UpdateDataPlaneRouting	796	12	1		New	7		1		1
 		 	 	 		 		 		2		1
 		 	 	 		 		 		3		3
 		 	 	 		 		 		4		4
 		 	 	 		 		 		5		1
 		 	 	 		 		 		6		1
 		 	 	 		 		 		8		1
 		 	 	 		 		 		10		1

Time: 99.147801 sec
Packet_Type		Length	Src_nid	Src_port	Option	Origin_nid	Destination_nid	Next_hop_nid
UpdateDataPlaneRouting	796	12	1		Finish	 		 		 

Time: 99.267901 sec
Packet_Type		Length	Src_nid	Src_port	Option	Origin_nid	Destination_nid	Next_hop_nid
UpdateDataPlaneRouting	796	12	1		New	7		1		1
 		 	 	 		 		 		2		1
 		 	 	 		 		 		3		3
 		 	 	 		 		 		4		4
 		 	 	 		 		 		5		1
 		 	 	 		 		 		6		1
 		 	 	 		 		 		8		1
 		 	 	 		 		 		10		1

Time: 99.273001 sec
Packet_Type		Length	Src_nid	Src_port	Option	Origin_nid	Destination_nid	Next_hop_nid
UpdateDataPlaneRouting	796	12	1		Finish	 		 		 

Time: 99.852101 sec
Packet_Type		Length	Src_nid	Src_port	Option	Origin_nid	Destination_nid	Next_hop_nid
UpdateDataPlaneRouting	796	12	1		New	7		1		1
 		 	 	 		 		 		2		1
 		 	 	 		 		 		3		3
 		 	 	 		 		 		4		4
 		 	 	 		 		 		5		1
 		 	 	 		 		 		6		1
 		 	 	 		 		 		8		1
 		 	 	 		 		 		10		1

Time: 99.854201 sec
Packet_Type		Length	Src_nid	Src_port	Option	Origin_nid	Destination_nid	Next_hop_nid
UpdateDataPlaneRouting	796	12	1		Finish	 		 		 

