Time: 2.007000 sec
Broadcast
Packet_Type	Length	Src_nid	Src_port
Hello		80	1	1

Time: 2.020482 sec
Send to Nid: 12
Packet_Type		Length	Src_Nid	src_port	Option	Center_nid	Neighbor_nid	Data_plane_port
NeighborUpdate		544	1	1		New	1		2		1

Time: 2.020582 sec
Send to Nid: 12
Packet_Type		Length	Src_Nid	src_port	Option	Center_nid	Neighbor_nid	Data_plane_port
NeighborUpdate		544	1	1		Finish	 		 		 

Time: 2.020682 sec
Send to Nid: 12
Packet_Type		Length	Src_Nid	src_port	Option	Center_nid	Neighbor_nid	Data_plane_port
NeighborUpdate		544	1	1		New	1		2		1
 		 	 	 		 	 			3		1

Time: 2.020782 sec
Send to Nid: 12
Packet_Type		Length	Src_Nid	src_port	Option	Center_nid	Neighbor_nid	Data_plane_port
NeighborUpdate		544	1	1		Finish	 		 		 

Time: 3.677255 sec
Send to Nid: 12
Packet_Type	Length	Src_nid	Src_port
Hello		80	1	1

Time: 4.013200 sec
Broadcast
Packet_Type	Length	Src_nid	Src_port
Hello		80	1	1

Time: 4.040755 sec
Send to Nid: 12
Packet_Type		Length	Src_Nid	src_port	Option	Center_nid	Neighbor_nid	Data_plane_port
NeighborUpdate		544	1	1		New	1		2		1
 		 	 	 		 	 			3		1

Time: 4.040855 sec
Send to Nid: 12
Packet_Type		Length	Src_Nid	src_port	Option	Center_nid	Neighbor_nid	Data_plane_port
NeighborUpdate		544	1	1		Finish	 		 		 

Time: 4.050955 sec
Send to Nid: 12
Packet_Type		Length	Src_Nid	src_port	Option	Center_nid	Neighbor_nid	Data_plane_port
NeighborUpdate		544	1	1		New	1		2		1
 		 	 	 		 	 			3		1

Time: 4.051055 sec
Send to Nid: 12
Packet_Type		Length	Src_Nid	src_port	Option	Center_nid	Neighbor_nid	Data_plane_port
NeighborUpdate		544	1	1		Finish	 		 		 

Time: 6.018585 sec
Send to Nid: 12
Packet_Type	Length	Src_nid	Src_port
Hello		80	1	1

Time: 6.021400 sec
Broadcast
Packet_Type	Length	Src_nid	Src_port
Hello		80	1	1

Time: 6.050885 sec
Send to Nid: 12
Packet_Type		Length	Src_Nid	src_port	Option	Center_nid	Neighbor_nid	Data_plane_port
NeighborUpdate		544	1	1		New	1		2		1
 		 	 	 		 	 			3		1

Time: 6.050985 sec
Send to Nid: 12
Packet_Type		Length	Src_Nid	src_port	Option	Center_nid	Neighbor_nid	Data_plane_port
NeighborUpdate		544	1	1		Finish	 		 		 

Time: 6.081085 sec
Send to Nid: 12
Packet_Type		Length	Src_Nid	src_port	Option	Center_nid	Neighbor_nid	Data_plane_port
NeighborUpdate		544	1	1		New	1		2		1
 		 	 	 		 	 			3		1

Time: 6.081185 sec
Send to Nid: 12
Packet_Type		Length	Src_Nid	src_port	Option	Center_nid	Neighbor_nid	Data_plane_port
NeighborUpdate		544	1	1		Finish	 		 		 

Time: 8.028600 sec
Broadcast
Packet_Type	Length	Src_nid	Src_port
Hello		80	1	1

Time: 8.050285 sec
Send to Nid: 12
Packet_Type		Length	Src_Nid	src_port	Option	Center_nid	Neighbor_nid	Data_plane_port
NeighborUpdate		544	1	1		New	1		2		1
 		 	 	 		 	 			3		1

Time: 8.050385 sec
Send to Nid: 12
Packet_Type		Length	Src_Nid	src_port	Option	Center_nid	Neighbor_nid	Data_plane_port
NeighborUpdate		544	1	1		Finish	 		 		 

Time: 8.100685 sec
Send to Nid: 12
Packet_Type		Length	Src_Nid	src_port	Option	Center_nid	Neighbor_nid	Data_plane_port
NeighborUpdate		544	1	1		New	1		2		1
 		 	 	 		 	 			3		1

Time: 8.100785 sec
Send to Nid: 12
Packet_Type		Length	Src_Nid	src_port	Option	Center_nid	Neighbor_nid	Data_plane_port
NeighborUpdate		544	1	1		Finish	 		 		 

Time: 10.035800 sec
Broadcast
Packet_Type	Length	Src_nid	Src_port
Hello		80	1	1

Time: 12.041800 sec
Broadcast
Packet_Type	Length	Src_nid	Src_port
Hello		80	1	1

Time: 12.170685 sec
Send to Nid: 12
Packet_Type		Length	Src_Nid	src_port	Option	Center_nid	Neighbor_nid	Data_plane_port
NeighborUpdate		544	1	1		New	1		2		1
 		 	 	 		 	 			3		1
 		 	 	 		 	 			4		1

Time: 12.170785 sec
Send to Nid: 12
Packet_Type		Length	Src_Nid	src_port	Option	Center_nid	Neighbor_nid	Data_plane_port
NeighborUpdate		544	1	1		Finish	 		 		 

Time: 12.210885 sec
Send to Nid: 12
Packet_Type		Length	Src_Nid	src_port	Option	Center_nid	Neighbor_nid	Data_plane_port
NeighborUpdate		544	1	1		New	1		2		1
 		 	 	 		 	 			3		1
 		 	 	 		 	 			4		1
 		 	 	 		 	 			7		1

Time: 12.210985 sec
Send to Nid: 12
Packet_Type		Length	Src_Nid	src_port	Option	Center_nid	Neighbor_nid	Data_plane_port
NeighborUpdate		544	1	1		Finish	 		 		 

Time: 13.051085 sec
Send to Nid: 12
Packet_Type		Length	Src_Nid	src_port	Option	Center_nid	Neighbor_nid	Data_plane_port
NeighborUpdate		544	1	1		New	1		3		1
 		 	 	 		 	 			4		1
 		 	 	 		 	 			7		1

Time: 13.051185 sec
Send to Nid: 12
Packet_Type		Length	Src_Nid	src_port	Option	Center_nid	Neighbor_nid	Data_plane_port
NeighborUpdate		544	1	1		Finish	 		 		 

Time: 13.100285 sec
Send to Nid: 12
Packet_Type		Length	Src_Nid	src_port	Option	Center_nid	Neighbor_nid	Data_plane_port
NeighborUpdate		544	1	1		New	1		4		1
 		 	 	 		 	 			7		1

Time: 13.100385 sec
Send to Nid: 12
Packet_Type		Length	Src_Nid	src_port	Option	Center_nid	Neighbor_nid	Data_plane_port
NeighborUpdate		544	1	1		Finish	 		 		 

Time: 14.052000 sec
Broadcast
Packet_Type	Length	Src_nid	Src_port
Hello		80	1	1

Time: 14.090485 sec
Send to Nid: 12
Packet_Type		Length	Src_Nid	src_port	Option	Center_nid	Neighbor_nid	Data_plane_port
NeighborUpdate		544	1	1		New	1		4		1
 		 	 	 		 	 			7		1
 		 	 	 		 	 			2		1

Time: 14.090585 sec
Send to Nid: 12
Packet_Type		Length	Src_Nid	src_port	Option	Center_nid	Neighbor_nid	Data_plane_port
NeighborUpdate		544	1	1		Finish	 		 		 

Time: 14.210685 sec
Send to Nid: 12
Packet_Type		Length	Src_Nid	src_port	Option	Center_nid	Neighbor_nid	Data_plane_port
NeighborUpdate		544	1	1		New	1		4		1
 		 	 	 		 	 			7		1
 		 	 	 		 	 			2		1

Time: 16.058300 sec
Broadcast
Packet_Type	Length	Src_nid	Src_port
Hello		80	1	1

Time: 18.067600 sec
Broadcast
Packet_Type	Length	Src_nid	Src_port
Hello		80	1	1

Time: 20.073800 sec
Broadcast
Packet_Type	Length	Src_nid	Src_port
Hello		80	1	1

Time: 22.082100 sec
Broadcast
Packet_Type	Length	Src_nid	Src_port
Hello		80	1	1

Time: 24.088300 sec
Broadcast
Packet_Type	Length	Src_nid	Src_port
Hello		80	1	1

