Time: 2.109200 sec
Broadcast
Packet_Type	Length	Src_nid	Src_port
Hello		80	11	1

Time: 3.380169 sec
Send to Nid: 12
Packet_Type	Length	Src_nid	Src_port
Hello		80	11	1

Time: 3.380269 sec
Send to Nid: 12
Packet_Type		Length	Src_Nid	src_port	Option	Center_nid	Neighbor_nid	Data_plane_port
NeighborUpdate		544	11	1		New	11		7		1

Time: 3.380369 sec
Send to Nid: 12
Packet_Type		Length	Src_Nid	src_port	Option	Center_nid	Neighbor_nid	Data_plane_port
NeighborUpdate		544	11	1		Finish	 		 		 

Time: 3.380469 sec
Send to Nid: 12
Packet_Type		Length	Src_Nid	src_port	Option	Center_nid	Neighbor_nid	Data_plane_port
NeighborUpdate		544	11	1		New	11		7		1
 		 	 	 		 	 			8		1

Time: 3.380569 sec
Send to Nid: 12
Packet_Type		Length	Src_Nid	src_port	Option	Center_nid	Neighbor_nid	Data_plane_port
NeighborUpdate		544	11	1		Finish	 		 		 

Time: 3.380669 sec
Send to Nid: 12
Packet_Type		Length	Src_Nid	src_port	Option	Center_nid	Neighbor_nid	Data_plane_port
NeighborUpdate		544	11	1		New	11		7		1
 		 	 	 		 	 			8		1
 		 	 	 		 	 			10		1

Time: 3.380769 sec
Send to Nid: 12
Packet_Type		Length	Src_Nid	src_port	Option	Center_nid	Neighbor_nid	Data_plane_port
NeighborUpdate		544	11	1		Finish	 		 		 

Time: 3.441750 sec
Send to Nid: 12
Packet_Type	Length	Src_nid	Src_port
Hello		80	11	1

Time: 4.040250 sec
Send to Nid: 12
Packet_Type		Length	Src_Nid	src_port	Option	Center_nid	Neighbor_nid	Data_plane_port
NeighborUpdate		544	11	1		New	11		7		1
 		 	 	 		 	 			8		1
 		 	 	 		 	 			10		1

Time: 4.040350 sec
Send to Nid: 12
Packet_Type		Length	Src_Nid	src_port	Option	Center_nid	Neighbor_nid	Data_plane_port
NeighborUpdate		544	11	1		Finish	 		 		 

Time: 4.070450 sec
Send to Nid: 12
Packet_Type		Length	Src_Nid	src_port	Option	Center_nid	Neighbor_nid	Data_plane_port
NeighborUpdate		544	11	1		New	11		7		1
 		 	 	 		 	 			8		1
 		 	 	 		 	 			10		1

Time: 4.070550 sec
Send to Nid: 12
Packet_Type		Length	Src_Nid	src_port	Option	Center_nid	Neighbor_nid	Data_plane_port
NeighborUpdate		544	11	1		Finish	 		 		 

Time: 4.115500 sec
Broadcast
Packet_Type	Length	Src_nid	Src_port
Hello		80	11	1

Time: 4.440650 sec
Send to Nid: 12
Packet_Type		Length	Src_Nid	src_port	Option	Center_nid	Neighbor_nid	Data_plane_port
NeighborUpdate		544	11	1		New	11		7		1
 		 	 	 		 	 			8		1
 		 	 	 		 	 			10		1

Time: 4.440750 sec
Send to Nid: 12
Packet_Type		Length	Src_Nid	src_port	Option	Center_nid	Neighbor_nid	Data_plane_port
NeighborUpdate		544	11	1		Finish	 		 		 

Time: 6.080250 sec
Send to Nid: 12
Packet_Type		Length	Src_Nid	src_port	Option	Center_nid	Neighbor_nid	Data_plane_port
NeighborUpdate		544	11	1		New	11		7		1
 		 	 	 		 	 			8		1
 		 	 	 		 	 			10		1

Time: 6.080350 sec
Send to Nid: 12
Packet_Type		Length	Src_Nid	src_port	Option	Center_nid	Neighbor_nid	Data_plane_port
NeighborUpdate		544	11	1		Finish	 		 		 

Time: 6.139800 sec
Broadcast
Packet_Type	Length	Src_nid	Src_port
Hello		80	11	1

Time: 6.140450 sec
Send to Nid: 12
Packet_Type		Length	Src_Nid	src_port	Option	Center_nid	Neighbor_nid	Data_plane_port
NeighborUpdate		544	11	1		New	11		7		1
 		 	 	 		 	 			8		1
 		 	 	 		 	 			10		1

Time: 6.140550 sec
Send to Nid: 12
Packet_Type		Length	Src_Nid	src_port	Option	Center_nid	Neighbor_nid	Data_plane_port
NeighborUpdate		544	11	1		Finish	 		 		 

Time: 6.210650 sec
Send to Nid: 12
Packet_Type		Length	Src_Nid	src_port	Option	Center_nid	Neighbor_nid	Data_plane_port
NeighborUpdate		544	11	1		New	11		7		1
 		 	 	 		 	 			8		1
 		 	 	 		 	 			10		1

Time: 8.201900 sec
Broadcast
Packet_Type	Length	Src_nid	Src_port
Hello		80	11	1

Time: 10.291200 sec
Broadcast
Packet_Type	Length	Src_nid	Src_port
Hello		80	11	1

Time: 12.341500 sec
Broadcast
Packet_Type	Length	Src_nid	Src_port
Hello		80	11	1

Time: 14.384600 sec
Broadcast
Packet_Type	Length	Src_nid	Src_port
Hello		80	11	1

Time: 16.466700 sec
Broadcast
Packet_Type	Length	Src_nid	Src_port
Hello		80	11	1

Time: 18.518800 sec
Broadcast
Packet_Type	Length	Src_nid	Src_port
Hello		80	11	1

Time: 20.612900 sec
Broadcast
Packet_Type	Length	Src_nid	Src_port
Hello		80	11	1

Time: 22.723000 sec
Broadcast
Packet_Type	Length	Src_nid	Src_port
Hello		80	11	1

Time: 24.788200 sec
Broadcast
Packet_Type	Length	Src_nid	Src_port
Hello		80	11	1

