Time: 1.924964 sec
Send to Nid: 12
Packet_Type	Length	Src_nid	Src_port
Hello		80	2	1

Time: 2.011064 sec
Send to Nid: 12
Packet_Type		Length	Src_Nid	src_port	Option	Center_nid	Neighbor_nid	Data_plane_port
NeighborUpdate		544	2	1		New	2		1		1

Time: 2.011164 sec
Send to Nid: 12
Packet_Type		Length	Src_Nid	src_port	Option	Center_nid	Neighbor_nid	Data_plane_port
NeighborUpdate		544	2	1		Finish	 		 		 

Time: 2.013100 sec
Broadcast
Packet_Type	Length	Src_nid	Src_port
Hello		80	2	1

Time: 2.020264 sec
Send to Nid: 12
Packet_Type		Length	Src_Nid	src_port	Option	Center_nid	Neighbor_nid	Data_plane_port
NeighborUpdate		544	2	1		New	2		1		1
 		 	 	 		 	 			6		1

Time: 2.020364 sec
Send to Nid: 12
Packet_Type		Length	Src_Nid	src_port	Option	Center_nid	Neighbor_nid	Data_plane_port
NeighborUpdate		544	2	1		Finish	 		 		 

Time: 2.020464 sec
Send to Nid: 12
Packet_Type		Length	Src_Nid	src_port	Option	Center_nid	Neighbor_nid	Data_plane_port
NeighborUpdate		544	2	1		New	2		1		1
 		 	 	 		 	 			6		1
 		 	 	 		 	 			3		1

Time: 2.020564 sec
Send to Nid: 12
Packet_Type		Length	Src_Nid	src_port	Option	Center_nid	Neighbor_nid	Data_plane_port
NeighborUpdate		544	2	1		Finish	 		 		 

Time: 2.110664 sec
Send to Nid: 12
Packet_Type		Length	Src_Nid	src_port	Option	Center_nid	Neighbor_nid	Data_plane_port
NeighborUpdate		544	2	1		New	2		1		1
 		 	 	 		 	 			6		1
 		 	 	 		 	 			3		1
 		 	 	 		 	 			5		1

Time: 2.110764 sec
Send to Nid: 12
Packet_Type		Length	Src_Nid	src_port	Option	Center_nid	Neighbor_nid	Data_plane_port
NeighborUpdate		544	2	1		Finish	 		 		 

Time: 4.030864 sec
Send to Nid: 12
Packet_Type		Length	Src_Nid	src_port	Option	Center_nid	Neighbor_nid	Data_plane_port
NeighborUpdate		544	2	1		New	2		1		1
 		 	 	 		 	 			6		1
 		 	 	 		 	 			3		1
 		 	 	 		 	 			5		1

Time: 4.030964 sec
Send to Nid: 12
Packet_Type		Length	Src_Nid	src_port	Option	Center_nid	Neighbor_nid	Data_plane_port
NeighborUpdate		544	2	1		Finish	 		 		 

Time: 4.032500 sec
Broadcast
Packet_Type	Length	Src_nid	Src_port
Hello		80	2	1

Time: 4.574036 sec
Send to Nid: 12
Packet_Type		Length	Src_Nid	src_port	Option	Center_nid	Neighbor_nid	Data_plane_port
NeighborUpdate		544	2	1		New	2		1		1
 		 	 	 		 	 			6		1
 		 	 	 		 	 			3		1
 		 	 	 		 	 			5		1

Time: 4.574136 sec
Send to Nid: 12
Packet_Type		Length	Src_Nid	src_port	Option	Center_nid	Neighbor_nid	Data_plane_port
NeighborUpdate		544	2	1		Finish	 		 		 

Time: 4.574236 sec
Send to Nid: 12
Packet_Type	Length	Src_nid	Src_port
Hello		80	2	1

Time: 6.030336 sec
Send to Nid: 12
Packet_Type		Length	Src_Nid	src_port	Option	Center_nid	Neighbor_nid	Data_plane_port
NeighborUpdate		544	2	1		New	2		1		1
 		 	 	 		 	 			6		1
 		 	 	 		 	 			3		1
 		 	 	 		 	 			5		1

Time: 6.030436 sec
Send to Nid: 12
Packet_Type		Length	Src_Nid	src_port	Option	Center_nid	Neighbor_nid	Data_plane_port
NeighborUpdate		544	2	1		Finish	 		 		 

Time: 6.039700 sec
Broadcast
Packet_Type	Length	Src_nid	Src_port
Hello		80	2	1

Time: 6.070536 sec
Send to Nid: 12
Packet_Type		Length	Src_Nid	src_port	Option	Center_nid	Neighbor_nid	Data_plane_port
NeighborUpdate		544	2	1		New	2		1		1
 		 	 	 		 	 			6		1
 		 	 	 		 	 			3		1
 		 	 	 		 	 			5		1

Time: 6.070636 sec
Send to Nid: 12
Packet_Type		Length	Src_Nid	src_port	Option	Center_nid	Neighbor_nid	Data_plane_port
NeighborUpdate		544	2	1		Finish	 		 		 

Time: 6.070736 sec
Send to Nid: 12
Packet_Type		Length	Src_Nid	src_port	Option	Center_nid	Neighbor_nid	Data_plane_port
NeighborUpdate		544	2	1		New	2		1		1
 		 	 	 		 	 			6		1
 		 	 	 		 	 			3		1
 		 	 	 		 	 			5		1

Time: 6.070836 sec
Send to Nid: 12
Packet_Type		Length	Src_Nid	src_port	Option	Center_nid	Neighbor_nid	Data_plane_port
NeighborUpdate		544	2	1		Finish	 		 		 

Time: 7.020936 sec
Send to Nid: 12
Packet_Type		Length	Src_Nid	src_port	Option	Center_nid	Neighbor_nid	Data_plane_port
NeighborUpdate		544	2	1		New	2		1		1
 		 	 	 		 	 			6		1
 		 	 	 		 	 			5		1

Time: 7.021036 sec
Send to Nid: 12
Packet_Type		Length	Src_Nid	src_port	Option	Center_nid	Neighbor_nid	Data_plane_port
NeighborUpdate		544	2	1		Finish	 		 		 

Time: 7.255368 sec
Send to Nid: 12
Packet_Type	Length	Src_nid	Src_port
Hello		80	2	1

Time: 8.030668 sec
Send to Nid: 12
Packet_Type		Length	Src_Nid	src_port	Option	Center_nid	Neighbor_nid	Data_plane_port
NeighborUpdate		544	2	1		New	2		1		1
 		 	 	 		 	 			6		1
 		 	 	 		 	 			5		1

Time: 8.030768 sec
Send to Nid: 12
Packet_Type		Length	Src_Nid	src_port	Option	Center_nid	Neighbor_nid	Data_plane_port
NeighborUpdate		544	2	1		Finish	 		 		 

Time: 8.045000 sec
Broadcast
Packet_Type	Length	Src_nid	Src_port
Hello		80	2	1

Time: 8.100868 sec
Send to Nid: 12
Packet_Type		Length	Src_Nid	src_port	Option	Center_nid	Neighbor_nid	Data_plane_port
NeighborUpdate		544	2	1		New	2		1		1
 		 	 	 		 	 			6		1
 		 	 	 		 	 			5		1

Time: 8.100968 sec
Send to Nid: 12
Packet_Type		Length	Src_Nid	src_port	Option	Center_nid	Neighbor_nid	Data_plane_port
NeighborUpdate		544	2	1		Finish	 		 		 

Time: 8.112268 sec
Send to Nid: 12
Packet_Type		Length	Src_Nid	src_port	Option	Center_nid	Neighbor_nid	Data_plane_port
NeighborUpdate		544	2	1		New	2		1		1
 		 	 	 		 	 			6		1
 		 	 	 		 	 			5		1

Time: 8.112368 sec
Send to Nid: 12
Packet_Type		Length	Src_Nid	src_port	Option	Center_nid	Neighbor_nid	Data_plane_port
NeighborUpdate		544	2	1		Finish	 		 		 

Time: 8.305387 sec
Send to Nid: 12
Packet_Type	Length	Src_nid	Src_port
Hello		80	2	1

Time: 10.054200 sec
Broadcast
Packet_Type	Length	Src_nid	Src_port
Hello		80	2	1

Time: 10.120887 sec
Send to Nid: 12
Packet_Type		Length	Src_Nid	src_port	Option	Center_nid	Neighbor_nid	Data_plane_port
NeighborUpdate		544	2	1		New	2		1		1
 		 	 	 		 	 			6		1
 		 	 	 		 	 			5		1

Time: 10.120987 sec
Send to Nid: 12
Packet_Type		Length	Src_Nid	src_port	Option	Center_nid	Neighbor_nid	Data_plane_port
NeighborUpdate		544	2	1		Finish	 		 		 

Time: 10.151087 sec
Send to Nid: 12
Packet_Type		Length	Src_Nid	src_port	Option	Center_nid	Neighbor_nid	Data_plane_port
NeighborUpdate		544	2	1		New	2		1		1
 		 	 	 		 	 			6		1
 		 	 	 		 	 			5		1

Time: 10.151187 sec
Send to Nid: 12
Packet_Type		Length	Src_Nid	src_port	Option	Center_nid	Neighbor_nid	Data_plane_port
NeighborUpdate		544	2	1		Finish	 		 		 

Time: 10.180287 sec
Send to Nid: 12
Packet_Type		Length	Src_Nid	src_port	Option	Center_nid	Neighbor_nid	Data_plane_port
NeighborUpdate		544	2	1		New	2		1		1
 		 	 	 		 	 			6		1
 		 	 	 		 	 			5		1
 		 	 	 		 	 			7		1

Time: 10.180387 sec
Send to Nid: 12
Packet_Type		Length	Src_Nid	src_port	Option	Center_nid	Neighbor_nid	Data_plane_port
NeighborUpdate		544	2	1		Finish	 		 		 

Time: 12.067500 sec
Broadcast
Packet_Type	Length	Src_nid	Src_port
Hello		80	2	1

Time: 14.081700 sec
Broadcast
Packet_Type	Length	Src_nid	Src_port
Hello		80	2	1

Time: 16.086800 sec
Broadcast
Packet_Type	Length	Src_nid	Src_port
Hello		80	2	1

Time: 18.102800 sec
Broadcast
Packet_Type	Length	Src_nid	Src_port
Hello		80	2	1

Time: 20.108900 sec
Broadcast
Packet_Type	Length	Src_nid	Src_port
Hello		80	2	1

Time: 22.127100 sec
Broadcast
Packet_Type	Length	Src_nid	Src_port
Hello		80	2	1

Time: 24.143300 sec
Broadcast
Packet_Type	Length	Src_nid	Src_port
Hello		80	2	1

