Time: 1.009500 sec
Packet_Type	Length	Src_nid	Src_port
Hello		80	6	1

Time: 2.014000 sec
Packet_Type	Length	Src_nid	Src_port
Hello		80	6	1

Time: 2.024600 sec
Packet_Type		Length	Src_Nid	src_port	Option	Center_nid	Neighbor_nid	Data_plane_port
NeighborUpdate		544	7	1		New	7		6		1

Time: 2.027700 sec
Packet_Type		Length	Src_Nid	src_port	Option	Center_nid	Neighbor_nid	Data_plane_port
NeighborUpdate		544	6	1		New	6		2		1

Time: 2.028800 sec
Packet_Type		Length	Src_Nid	src_port	Option	Center_nid	Neighbor_nid	Data_plane_port
NeighborUpdate		544	7	1		Finish	 		 		 

Time: 2.044100 sec
Packet_Type	Length	Src_nid	Src_port
Hello		80	8	1

Time: 2.086300 sec
Packet_Type		Length	Src_Nid	src_port	Option	Center_nid	Neighbor_nid	Data_plane_port
NeighborUpdate		544	7	1		New	7		6		1
 		 	 	 		 	 			8		1

Time: 2.105400 sec
Packet_Type		Length	Src_Nid	src_port	Option	Center_nid	Neighbor_nid	Data_plane_port
NeighborUpdate		544	5	1		New	5		6		1

Time: 2.107500 sec
Packet_Type		Length	Src_Nid	src_port	Option	Center_nid	Neighbor_nid	Data_plane_port
NeighborUpdate		544	5	1		Finish	 		 		 

Time: 2.108200 sec
Packet_Type	Length	Src_nid	Src_port
Hello		80	5	1

Time: 2.108600 sec
Packet_Type		Length	Src_Nid	src_port	Option	Center_nid	Neighbor_nid	Data_plane_port
NeighborUpdate		544	5	1		New	5		6		1
 		 	 	 		 	 			2		1

Time: 2.119200 sec
Packet_Type		Length	Src_Nid	src_port	Option	Center_nid	Neighbor_nid	Data_plane_port
NeighborUpdate		544	7	1		Finish	 		 		 

Time: 2.120300 sec
Packet_Type		Length	Src_Nid	src_port	Option	Center_nid	Neighbor_nid	Data_plane_port
NeighborUpdate		544	7	1		New	7		6		1
 		 	 	 		 	 			8		1
 		 	 	 		 	 			5		1

Time: 2.121400 sec
Packet_Type		Length	Src_Nid	src_port	Option	Center_nid	Neighbor_nid	Data_plane_port
NeighborUpdate		544	7	1		Finish	 		 		 

Time: 2.145800 sec
Packet_Type		Length	Src_Nid	src_port	Option	Center_nid	Neighbor_nid	Data_plane_port
NeighborUpdate		544	6	1		Finish	 		 		 

Time: 2.146900 sec
Packet_Type		Length	Src_Nid	src_port	Option	Center_nid	Neighbor_nid	Data_plane_port
NeighborUpdate		544	6	1		New	6		2		1
 		 	 	 		 	 			7		1

Time: 2.148000 sec
Packet_Type		Length	Src_Nid	src_port	Option	Center_nid	Neighbor_nid	Data_plane_port
NeighborUpdate		544	6	1		Finish	 		 		 

Time: 2.175300 sec
Packet_Type	Length	Src_nid	Src_port
Hello		80	7	1

Time: 2.184600 sec
Packet_Type	Length	Src_nid	Src_port
Hello		80	5	1

Time: 2.233900 sec
Packet_Type		Length	Src_Nid	src_port	Option	Center_nid	Neighbor_nid	Data_plane_port
NeighborUpdate		544	9	1		New	9		4		1

Time: 2.262000 sec
Packet_Type		Length	Src_Nid	src_port	Option	Center_nid	Neighbor_nid	Data_plane_port
NeighborUpdate		544	9	1		Finish	 		 		 

Time: 2.263100 sec
Packet_Type		Length	Src_Nid	src_port	Option	Center_nid	Neighbor_nid	Data_plane_port
NeighborUpdate		544	9	1		New	9		4		1
 		 	 	 		 	 			8		1

Time: 2.264200 sec
Packet_Type		Length	Src_Nid	src_port	Option	Center_nid	Neighbor_nid	Data_plane_port
NeighborUpdate		544	9	1		Finish	 		 		 

Time: 2.265300 sec
Packet_Type		Length	Src_Nid	src_port	Option	Center_nid	Neighbor_nid	Data_plane_port
NeighborUpdate		544	9	1		New	9		4		1
 		 	 	 		 	 			8		1
 		 	 	 		 	 			5		1

Time: 2.266400 sec
Packet_Type		Length	Src_Nid	src_port	Option	Center_nid	Neighbor_nid	Data_plane_port
NeighborUpdate		544	9	1		Finish	 		 		 

Time: 2.267500 sec
Packet_Type		Length	Src_Nid	src_port	Option	Center_nid	Neighbor_nid	Data_plane_port
NeighborUpdate		544	9	1		New	9		4		1
 		 	 	 		 	 			8		1
 		 	 	 		 	 			5		1
 		 	 	 		 	 			12		1

Time: 2.268600 sec
Packet_Type		Length	Src_Nid	src_port	Option	Center_nid	Neighbor_nid	Data_plane_port
NeighborUpdate		544	9	1		Finish	 		 		 

Time: 2.275000 sec
Packet_Type		Length	Src_Nid	src_port	Option	Center_nid	Neighbor_nid	Data_plane_port
NeighborUpdate		544	10	1		New	10		7		1

Time: 2.276100 sec
Packet_Type		Length	Src_Nid	src_port	Option	Center_nid	Neighbor_nid	Data_plane_port
NeighborUpdate		544	9	1		New	9		4		1
 		 	 	 		 	 			8		1
 		 	 	 		 	 			5		1
 		 	 	 		 	 			12		1
 		 	 	 		 	 			10		1

Time: 2.277200 sec
Packet_Type		Length	Src_Nid	src_port	Option	Center_nid	Neighbor_nid	Data_plane_port
NeighborUpdate		544	9	1		Finish	 		 		 

Time: 2.345200 sec
Packet_Type	Length	Src_nid	Src_port
Hello		80	5	1

Time: 2.396500 sec
Packet_Type	Length	Src_nid	Src_port
Hello		80	7	1

Time: 2.446800 sec
Packet_Type		Length	Src_Nid	src_port	Option	Center_nid	Neighbor_nid	Data_plane_port
NeighborUpdate		544	10	1		Finish	 		 		 

Time: 2.447900 sec
Packet_Type		Length	Src_Nid	src_port	Option	Center_nid	Neighbor_nid	Data_plane_port
NeighborUpdate		544	10	1		New	10		7		1
 		 	 	 		 	 			8		1

Time: 2.449000 sec
Packet_Type		Length	Src_Nid	src_port	Option	Center_nid	Neighbor_nid	Data_plane_port
NeighborUpdate		544	10	1		Finish	 		 		 

Time: 2.450100 sec
Packet_Type		Length	Src_Nid	src_port	Option	Center_nid	Neighbor_nid	Data_plane_port
NeighborUpdate		544	10	1		New	10		7		1
 		 	 	 		 	 			8		1
 		 	 	 		 	 			11		1

Time: 2.451200 sec
Packet_Type		Length	Src_Nid	src_port	Option	Center_nid	Neighbor_nid	Data_plane_port
NeighborUpdate		544	10	1		Finish	 		 		 

Time: 2.452300 sec
Packet_Type		Length	Src_Nid	src_port	Option	Center_nid	Neighbor_nid	Data_plane_port
NeighborUpdate		544	10	1		New	10		7		1
 		 	 	 		 	 			8		1
 		 	 	 		 	 			11		1
 		 	 	 		 	 			12		1

Time: 2.453400 sec
Packet_Type		Length	Src_Nid	src_port	Option	Center_nid	Neighbor_nid	Data_plane_port
NeighborUpdate		544	10	1		Finish	 		 		 

Time: 2.459800 sec
Packet_Type	Length	Src_nid	Src_port
Hello		80	2	1

Time: 2.462700 sec
Packet_Type	Length	Src_nid	Src_port
Hello		80	6	1

Time: 2.609500 sec
Packet_Type	Length	Src_nid	Src_port
Hello		80	10	1

Time: 2.623800 sec
Packet_Type	Length	Src_nid	Src_port
Hello		80	9	1

Time: 2.639100 sec
Packet_Type	Length	Src_nid	Src_port
Hello		80	7	1

Time: 2.642400 sec
Packet_Type		Length	Src_Nid	src_port	Option	Center_nid	Neighbor_nid	Data_plane_port
NeighborUpdate		544	2	1		New	2		1		1

Time: 2.643500 sec
Packet_Type		Length	Src_Nid	src_port	Option	Center_nid	Neighbor_nid	Data_plane_port
NeighborUpdate		544	2	1		Finish	 		 		 

Time: 3.018700 sec
Packet_Type	Length	Src_nid	Src_port
Hello		80	8	1

Time: 3.070800 sec
Packet_Type		Length	Src_Nid	src_port	Option	Center_nid	Neighbor_nid	Data_plane_port
NeighborUpdate		544	8	1		New	8		6		1

Time: 3.071900 sec
Packet_Type		Length	Src_Nid	src_port	Option	Center_nid	Neighbor_nid	Data_plane_port
NeighborUpdate		544	8	1		Finish	 		 		 

Time: 3.073000 sec
Packet_Type		Length	Src_Nid	src_port	Option	Center_nid	Neighbor_nid	Data_plane_port
NeighborUpdate		544	8	1		New	8		6		1
 		 	 	 		 	 			7		1

Time: 3.074100 sec
Packet_Type		Length	Src_Nid	src_port	Option	Center_nid	Neighbor_nid	Data_plane_port
NeighborUpdate		544	8	1		Finish	 		 		 

Time: 3.075200 sec
Packet_Type		Length	Src_Nid	src_port	Option	Center_nid	Neighbor_nid	Data_plane_port
NeighborUpdate		544	8	1		New	8		6		1
 		 	 	 		 	 			7		1
 		 	 	 		 	 			5		1

Time: 3.381900 sec
Packet_Type	Length	Src_nid	Src_port
Hello		80	11	1

Time: 3.390000 sec
Packet_Type		Length	Src_Nid	src_port	Option	Center_nid	Neighbor_nid	Data_plane_port
NeighborUpdate		544	11	1		New	11		7		1

Time: 3.391100 sec
Packet_Type		Length	Src_Nid	src_port	Option	Center_nid	Neighbor_nid	Data_plane_port
NeighborUpdate		544	11	1		Finish	 		 		 

Time: 3.445500 sec
Packet_Type	Length	Src_nid	Src_port
Hello		80	11	1

Time: 3.639800 sec
Packet_Type	Length	Src_nid	Src_port
Hello		80	1	1

Time: 3.640900 sec
Packet_Type		Length	Src_Nid	src_port	Option	Center_nid	Neighbor_nid	Data_plane_port
NeighborUpdate		544	1	1		New	1		2		1

Time: 3.642000 sec
Packet_Type		Length	Src_Nid	src_port	Option	Center_nid	Neighbor_nid	Data_plane_port
NeighborUpdate		544	1	1		Finish	 		 		 

Time: 3.678400 sec
Packet_Type	Length	Src_nid	Src_port
Hello		80	1	1

Time: 3.964700 sec
Packet_Type	Length	Src_nid	Src_port
Hello		80	4	1

Time: 3.967800 sec
Packet_Type		Length	Src_Nid	src_port	Option	Center_nid	Neighbor_nid	Data_plane_port
NeighborUpdate		544	4	1		New	4		3		1

Time: 3.968900 sec
Packet_Type		Length	Src_Nid	src_port	Option	Center_nid	Neighbor_nid	Data_plane_port
NeighborUpdate		544	4	1		Finish	 		 		 

Time: 4.057300 sec
Packet_Type	Length	Src_nid	Src_port
Hello		80	5	1

Time: 4.060400 sec
Packet_Type	Length	Src_nid	Src_port
Hello		80	8	1

Time: 4.061500 sec
Packet_Type		Length	Src_Nid	src_port	Option	Center_nid	Neighbor_nid	Data_plane_port
NeighborUpdate		544	1	1		New	1		2		1
 		 	 	 		 	 			3		1

Time: 4.089600 sec
Packet_Type		Length	Src_Nid	src_port	Option	Center_nid	Neighbor_nid	Data_plane_port
NeighborUpdate		544	5	1		New	5		6		1
 		 	 	 		 	 			2		1
 		 	 	 		 	 			8		1
 		 	 	 		 	 			12		1

Time: 4.298700 sec
Packet_Type		Length	Src_Nid	src_port	Option	Center_nid	Neighbor_nid	Data_plane_port
NeighborUpdate		544	5	1		Finish	 		 		 

Time: 4.342500 sec
Packet_Type	Length	Src_nid	Src_port
Hello		80	4	1

Time: 4.427400 sec
Packet_Type		Length	Src_Nid	src_port	Option	Center_nid	Neighbor_nid	Data_plane_port
NeighborUpdate		544	10	1		New	10		7		1
 		 	 	 		 	 			8		1
 		 	 	 		 	 			11		1
 		 	 	 		 	 			12		1

Time: 4.521500 sec
Packet_Type		Length	Src_Nid	src_port	Option	Center_nid	Neighbor_nid	Data_plane_port
NeighborUpdate		544	7	1		New	7		6		1
 		 	 	 		 	 			8		1
 		 	 	 		 	 			5		1
 		 	 	 		 	 			11		1
 		 	 	 		 	 			12		1

Time: 4.522600 sec
Packet_Type		Length	Src_Nid	src_port	Option	Center_nid	Neighbor_nid	Data_plane_port
NeighborUpdate		544	7	1		Finish	 		 		 

Time: 4.582900 sec
Packet_Type		Length	Src_Nid	src_port	Option	Center_nid	Neighbor_nid	Data_plane_port
NeighborUpdate		544	5	1		New	5		6		1
 		 	 	 		 	 			2		1
 		 	 	 		 	 			8		1
 		 	 	 		 	 			12		1
 		 	 	 		 	 			4		1

Time: 4.584000 sec
Packet_Type		Length	Src_Nid	src_port	Option	Center_nid	Neighbor_nid	Data_plane_port
NeighborUpdate		544	5	1		Finish	 		 		 

Time: 4.911100 sec
Packet_Type	Length	Src_nid	Src_port
Hello		80	4	1

Time: 4.913200 sec
Packet_Type		Length	Src_Nid	src_port	Option	Center_nid	Neighbor_nid	Data_plane_port
NeighborUpdate		544	4	1		New	4		3		1
 		 	 	 		 	 			8		1
 		 	 	 		 	 			5		1
 		 	 	 		 	 			12		1
 		 	 	 		 	 			9		1

Time: 4.914300 sec
Packet_Type		Length	Src_Nid	src_port	Option	Center_nid	Neighbor_nid	Data_plane_port
NeighborUpdate		544	4	1		Finish	 		 		 

Time: 5.220500 sec
Packet_Type	Length	Src_nid	Src_port
Hello		80	5	1

Time: 5.226800 sec
Packet_Type	Length	Src_nid	Src_port
Hello		80	6	1

Time: 6.021100 sec
Packet_Type	Length	Src_nid	Src_port
Hello		80	1	1

Time: 6.053400 sec
Packet_Type		Length	Src_Nid	src_port	Option	Center_nid	Neighbor_nid	Data_plane_port
NeighborUpdate		544	6	1		New	6		2		1
 		 	 	 		 	 			7		1
 		 	 	 		 	 			8		1
 		 	 	 		 	 			5		1
 		 	 	 		 	 			12		1

Time: 6.056500 sec
Packet_Type		Length	Src_Nid	src_port	Option	Center_nid	Neighbor_nid	Data_plane_port
NeighborUpdate		544	1	1		New	1		2		1
 		 	 	 		 	 			3		1

Time: 6.060600 sec
Packet_Type	Length	Src_nid	Src_port
Hello		80	6	1

Time: 6.063700 sec
Packet_Type	Length	Src_nid	Src_port
Hello		80	5	1

Time: 6.071600 sec
Packet_Type		Length	Src_Nid	src_port	Option	Center_nid	Neighbor_nid	Data_plane_port
NeighborUpdate		544	5	1		New	5		6		1
 		 	 	 		 	 			2		1
 		 	 	 		 	 			8		1
 		 	 	 		 	 			12		1
 		 	 	 		 	 			4		1

Time: 6.079800 sec
Packet_Type	Length	Src_nid	Src_port
Hello		80	7	1

Time: 6.084300 sec
Packet_Type		Length	Src_Nid	src_port	Option	Center_nid	Neighbor_nid	Data_plane_port
NeighborUpdate		544	5	1		Finish	 		 		 

Time: 6.085400 sec
Packet_Type		Length	Src_Nid	src_port	Option	Center_nid	Neighbor_nid	Data_plane_port
NeighborUpdate		544	5	1		New	5		6		1
 		 	 	 		 	 			2		1
 		 	 	 		 	 			8		1
 		 	 	 		 	 			12		1
 		 	 	 		 	 			4		1
 		 	 	 		 	 			7		1

Time: 6.109600 sec
Packet_Type		Length	Src_Nid	src_port	Option	Center_nid	Neighbor_nid	Data_plane_port
NeighborUpdate		544	6	1		Finish	 		 		 

Time: 6.110700 sec
Packet_Type		Length	Src_Nid	src_port	Option	Center_nid	Neighbor_nid	Data_plane_port
NeighborUpdate		544	6	1		New	6		2		1
 		 	 	 		 	 			7		1
 		 	 	 		 	 			8		1
 		 	 	 		 	 			5		1
 		 	 	 		 	 			12		1

Time: 6.111800 sec
Packet_Type		Length	Src_Nid	src_port	Option	Center_nid	Neighbor_nid	Data_plane_port
NeighborUpdate		544	6	1		Finish	 		 		 

Time: 6.112900 sec
Packet_Type		Length	Src_Nid	src_port	Option	Center_nid	Neighbor_nid	Data_plane_port
NeighborUpdate		544	6	1		New	6		2		1
 		 	 	 		 	 			7		1
 		 	 	 		 	 			8		1
 		 	 	 		 	 			5		1
 		 	 	 		 	 			12		1

Time: 6.114000 sec
Packet_Type		Length	Src_Nid	src_port	Option	Center_nid	Neighbor_nid	Data_plane_port
NeighborUpdate		544	6	1		Finish	 		 		 

Time: 6.117500 sec
Packet_Type	Length	Src_nid	Src_port
Hello		80	5	1

Time: 6.131900 sec
Packet_Type	Length	Src_nid	Src_port
Hello		80	8	1

Time: 6.142800 sec
Packet_Type		Length	Src_Nid	src_port	Option	Center_nid	Neighbor_nid	Data_plane_port
NeighborUpdate		544	6	1		New	6		2		1
 		 	 	 		 	 			7		1
 		 	 	 		 	 			8		1
 		 	 	 		 	 			5		1
 		 	 	 		 	 			12		1

Time: 6.144900 sec
Packet_Type		Length	Src_Nid	src_port	Option	Center_nid	Neighbor_nid	Data_plane_port
NeighborUpdate		544	1	1		Finish	 		 		 

Time: 6.146000 sec
Packet_Type		Length	Src_Nid	src_port	Option	Center_nid	Neighbor_nid	Data_plane_port
NeighborUpdate		544	1	1		New	1		2		1
 		 	 	 		 	 			3		1

Time: 6.147100 sec
Packet_Type		Length	Src_Nid	src_port	Option	Center_nid	Neighbor_nid	Data_plane_port
NeighborUpdate		544	1	1		Finish	 		 		 

Time: 6.149200 sec
Packet_Type		Length	Src_Nid	src_port	Option	Center_nid	Neighbor_nid	Data_plane_port
NeighborUpdate		544	5	1		New	5		6		1
 		 	 	 		 	 			2		1
 		 	 	 		 	 			8		1
 		 	 	 		 	 			12		1
 		 	 	 		 	 			4		1
 		 	 	 		 	 			7		1

Time: 6.201000 sec
Packet_Type	Length	Src_nid	Src_port
Hello		80	10	1

Time: 6.203300 sec
Packet_Type		Length	Src_Nid	src_port	Option	Center_nid	Neighbor_nid	Data_plane_port
NeighborUpdate		544	6	1		Finish	 		 		 

Time: 6.205400 sec
Packet_Type		Length	Src_Nid	src_port	Option	Center_nid	Neighbor_nid	Data_plane_port
NeighborUpdate		544	5	1		Finish	 		 		 

Time: 6.243100 sec
Packet_Type		Length	Src_Nid	src_port	Option	Center_nid	Neighbor_nid	Data_plane_port
NeighborUpdate		544	5	1		New	5		6		1
 		 	 	 		 	 			2		1
 		 	 	 		 	 			8		1
 		 	 	 		 	 			12		1
 		 	 	 		 	 			4		1
 		 	 	 		 	 			7		1

Time: 6.244200 sec
Packet_Type		Length	Src_Nid	src_port	Option	Center_nid	Neighbor_nid	Data_plane_port
NeighborUpdate		544	6	1		New	6		2		1
 		 	 	 		 	 			7		1
 		 	 	 		 	 			8		1
 		 	 	 		 	 			5		1
 		 	 	 		 	 			12		1

Time: 6.286300 sec
Packet_Type		Length	Src_Nid	src_port	Option	Center_nid	Neighbor_nid	Data_plane_port
NeighborUpdate		544	6	1		Finish	 		 		 

Time: 6.302400 sec
Packet_Type		Length	Src_Nid	src_port	Option	Center_nid	Neighbor_nid	Data_plane_port
NeighborUpdate		544	5	1		Finish	 		 		 

Time: 7.022500 sec
Packet_Type		Length	Src_Nid	src_port	Option	Center_nid	Neighbor_nid	Data_plane_port
NeighborUpdate		544	5	1		New	5		6		1
 		 	 	 		 	 			8		1
 		 	 	 		 	 			12		1
 		 	 	 		 	 			4		1
 		 	 	 		 	 			7		1

Time: 7.038700 sec
Packet_Type		Length	Src_Nid	src_port	Option	Center_nid	Neighbor_nid	Data_plane_port
NeighborUpdate		544	2	1		New	2		1		1
 		 	 	 		 	 			6		1
 		 	 	 		 	 			3		1
 		 	 	 		 	 			5		1

Time: 7.039800 sec
Packet_Type		Length	Src_Nid	src_port	Option	Center_nid	Neighbor_nid	Data_plane_port
NeighborUpdate		544	2	1		Finish	 		 		 

Time: 7.040900 sec
Packet_Type	Length	Src_nid	Src_port
Hello		80	2	1

Time: 7.042000 sec
Packet_Type		Length	Src_Nid	src_port	Option	Center_nid	Neighbor_nid	Data_plane_port
NeighborUpdate		544	2	1		New	2		1		1
 		 	 	 		 	 			6		1
 		 	 	 		 	 			3		1
 		 	 	 		 	 			5		1

Time: 7.043100 sec
Packet_Type		Length	Src_Nid	src_port	Option	Center_nid	Neighbor_nid	Data_plane_port
NeighborUpdate		544	2	1		Finish	 		 		 

Time: 7.044200 sec
Packet_Type		Length	Src_Nid	src_port	Option	Center_nid	Neighbor_nid	Data_plane_port
NeighborUpdate		544	2	1		New	2		1		1
 		 	 	 		 	 			6		1
 		 	 	 		 	 			3		1
 		 	 	 		 	 			5		1

Time: 7.045300 sec
Packet_Type		Length	Src_Nid	src_port	Option	Center_nid	Neighbor_nid	Data_plane_port
NeighborUpdate		544	2	1		Finish	 		 		 

Time: 7.046400 sec
Packet_Type		Length	Src_Nid	src_port	Option	Center_nid	Neighbor_nid	Data_plane_port
NeighborUpdate		544	2	1		New	2		1		1
 		 	 	 		 	 			6		1
 		 	 	 		 	 			3		1
 		 	 	 		 	 			5		1

Time: 7.047500 sec
Packet_Type		Length	Src_Nid	src_port	Option	Center_nid	Neighbor_nid	Data_plane_port
NeighborUpdate		544	2	1		Finish	 		 		 

Time: 7.048600 sec
Packet_Type		Length	Src_Nid	src_port	Option	Center_nid	Neighbor_nid	Data_plane_port
NeighborUpdate		544	5	1		Finish	 		 		 

Time: 7.258400 sec
Packet_Type	Length	Src_nid	Src_port
Hello		80	2	1

Time: 8.033700 sec
Packet_Type		Length	Src_Nid	src_port	Option	Center_nid	Neighbor_nid	Data_plane_port
NeighborUpdate		544	2	1		New	2		1		1
 		 	 	 		 	 			6		1
 		 	 	 		 	 			5		1

Time: 8.052800 sec
Packet_Type		Length	Src_Nid	src_port	Option	Center_nid	Neighbor_nid	Data_plane_port
NeighborUpdate		544	5	1		New	5		6		1
 		 	 	 		 	 			8		1
 		 	 	 		 	 			12		1
 		 	 	 		 	 			4		1
 		 	 	 		 	 			7		1
 		 	 	 		 	 			2		1

Time: 8.067900 sec
Packet_Type		Length	Src_Nid	src_port	Option	Center_nid	Neighbor_nid	Data_plane_port
NeighborUpdate		544	1	1		New	1		2		1
 		 	 	 		 	 			3		1

Time: 8.069000 sec
Packet_Type		Length	Src_Nid	src_port	Option	Center_nid	Neighbor_nid	Data_plane_port
NeighborUpdate		544	6	1		New	6		2		1
 		 	 	 		 	 			7		1
 		 	 	 		 	 			8		1
 		 	 	 		 	 			5		1
 		 	 	 		 	 			12		1

Time: 8.073100 sec
Packet_Type		Length	Src_Nid	src_port	Option	Center_nid	Neighbor_nid	Data_plane_port
NeighborUpdate		544	1	1		Finish	 		 		 

Time: 8.074200 sec
Packet_Type		Length	Src_Nid	src_port	Option	Center_nid	Neighbor_nid	Data_plane_port
NeighborUpdate		544	6	1		Finish	 		 		 

Time: 8.082300 sec
Packet_Type		Length	Src_Nid	src_port	Option	Center_nid	Neighbor_nid	Data_plane_port
NeighborUpdate		544	2	1		Finish	 		 		 

Time: 8.091100 sec
Packet_Type	Length	Src_nid	Src_port
Hello		80	6	1

Time: 8.098200 sec
Packet_Type	Length	Src_nid	Src_port
Hello		80	3	1

Time: 8.101300 sec
Packet_Type	Length	Src_nid	Src_port
Hello		80	5	1

Time: 8.107000 sec
Packet_Type		Length	Src_Nid	src_port	Option	Center_nid	Neighbor_nid	Data_plane_port
NeighborUpdate		544	5	1		Finish	 		 		 

Time: 8.108100 sec
Packet_Type		Length	Src_Nid	src_port	Option	Center_nid	Neighbor_nid	Data_plane_port
NeighborUpdate		544	5	1		New	5		6		1
 		 	 	 		 	 			8		1
 		 	 	 		 	 			12		1
 		 	 	 		 	 			4		1
 		 	 	 		 	 			7		1
 		 	 	 		 	 			2		1

Time: 8.124000 sec
Packet_Type		Length	Src_Nid	src_port	Option	Center_nid	Neighbor_nid	Data_plane_port
NeighborUpdate		544	1	1		New	1		2		1
 		 	 	 		 	 			3		1

Time: 8.126100 sec
Packet_Type		Length	Src_Nid	src_port	Option	Center_nid	Neighbor_nid	Data_plane_port
NeighborUpdate		544	2	1		New	2		1		1
 		 	 	 		 	 			6		1
 		 	 	 		 	 			5		1

Time: 8.136200 sec
Packet_Type		Length	Src_Nid	src_port	Option	Center_nid	Neighbor_nid	Data_plane_port
NeighborUpdate		544	5	1		Finish	 		 		 

Time: 8.137300 sec
Packet_Type		Length	Src_Nid	src_port	Option	Center_nid	Neighbor_nid	Data_plane_port
NeighborUpdate		544	5	1		New	5		6		1
 		 	 	 		 	 			8		1
 		 	 	 		 	 			12		1
 		 	 	 		 	 			4		1
 		 	 	 		 	 			7		1
 		 	 	 		 	 			2		1

Time: 8.142500 sec
Packet_Type		Length	Src_Nid	src_port	Option	Center_nid	Neighbor_nid	Data_plane_port
NeighborUpdate		544	2	1		Finish	 		 		 

Time: 8.143600 sec
Packet_Type		Length	Src_Nid	src_port	Option	Center_nid	Neighbor_nid	Data_plane_port
NeighborUpdate		544	2	1		New	2		1		1
 		 	 	 		 	 			6		1
 		 	 	 		 	 			5		1

Time: 8.153800 sec
Packet_Type		Length	Src_Nid	src_port	Option	Center_nid	Neighbor_nid	Data_plane_port
NeighborUpdate		544	6	1		New	6		2		1
 		 	 	 		 	 			7		1
 		 	 	 		 	 			8		1
 		 	 	 		 	 			5		1
 		 	 	 		 	 			12		1

Time: 8.156900 sec
Packet_Type		Length	Src_Nid	src_port	Option	Center_nid	Neighbor_nid	Data_plane_port
NeighborUpdate		544	6	1		Finish	 		 		 

Time: 8.158000 sec
Packet_Type		Length	Src_Nid	src_port	Option	Center_nid	Neighbor_nid	Data_plane_port
NeighborUpdate		544	6	1		New	6		2		1
 		 	 	 		 	 			7		1
 		 	 	 		 	 			8		1
 		 	 	 		 	 			5		1
 		 	 	 		 	 			12		1

Time: 8.244200 sec
Packet_Type	Length	Src_nid	Src_port
Hello		80	5	1

Time: 8.246500 sec
Packet_Type	Length	Src_nid	Src_port
Hello		80	6	1

Time: 8.275800 sec
Packet_Type		Length	Src_Nid	src_port	Option	Center_nid	Neighbor_nid	Data_plane_port
NeighborUpdate		544	1	1		Finish	 		 		 

Time: 8.283900 sec
Packet_Type		Length	Src_Nid	src_port	Option	Center_nid	Neighbor_nid	Data_plane_port
NeighborUpdate		544	6	1		New	6		2		1
 		 	 	 		 	 			7		1
 		 	 	 		 	 			8		1
 		 	 	 		 	 			5		1
 		 	 	 		 	 			12		1

Time: 8.285000 sec
Packet_Type		Length	Src_Nid	src_port	Option	Center_nid	Neighbor_nid	Data_plane_port
NeighborUpdate		544	5	1		New	5		6		1
 		 	 	 		 	 			8		1
 		 	 	 		 	 			12		1
 		 	 	 		 	 			4		1
 		 	 	 		 	 			7		1
 		 	 	 		 	 			2		1

Time: 8.322100 sec
Packet_Type	Length	Src_nid	Src_port
Hello		80	2	1

Time: 8.330400 sec
Packet_Type		Length	Src_Nid	src_port	Option	Center_nid	Neighbor_nid	Data_plane_port
NeighborUpdate		544	5	1		Finish	 		 		 

Time: 8.344600 sec
Packet_Type		Length	Src_Nid	src_port	Option	Center_nid	Neighbor_nid	Data_plane_port
NeighborUpdate		544	6	1		Finish	 		 		 

Time: 8.356800 sec
Packet_Type		Length	Src_Nid	src_port	Option	Center_nid	Neighbor_nid	Data_plane_port
NeighborUpdate		544	7	1		Finish	 		 		 

Time: 8.357900 sec
Packet_Type	Length	Src_nid	Src_port
Hello		80	7	1

Time: 9.311100 sec
Packet_Type	Length	Src_nid	Src_port
Hello		80	3	1

Time: 9.314200 sec
Packet_Type		Length	Src_Nid	src_port	Option	Center_nid	Neighbor_nid	Data_plane_port
NeighborUpdate		544	3	1		New	3		1		1

Time: 9.315300 sec
Packet_Type		Length	Src_Nid	src_port	Option	Center_nid	Neighbor_nid	Data_plane_port
NeighborUpdate		544	3	1		Finish	 		 		 

Time: 9.420900 sec
Packet_Type		Length	Src_Nid	src_port	Option	Center_nid	Neighbor_nid	Data_plane_port
NeighborUpdate		544	5	1		New	5		6		1
 		 	 	 		 	 			8		1
 		 	 	 		 	 			12		1
 		 	 	 		 	 			7		1
 		 	 	 		 	 			2		1

Time: 9.719100 sec
Packet_Type		Length	Src_Nid	src_port	Option	Center_nid	Neighbor_nid	Data_plane_port
NeighborUpdate		544	5	1		Finish	 		 		 

Time: 10.111400 sec
Packet_Type	Length	Src_nid	Src_port
Hello		80	6	1

Time: 10.118300 sec
Packet_Type		Length	Src_Nid	src_port	Option	Center_nid	Neighbor_nid	Data_plane_port
NeighborUpdate		544	8	1		Finish	 		 		 

Time: 10.122100 sec
Packet_Type	Length	Src_nid	Src_port
Hello		80	8	1

Time: 10.123200 sec
Packet_Type		Length	Src_Nid	src_port	Option	Center_nid	Neighbor_nid	Data_plane_port
NeighborUpdate		544	8	1		New	8		7		1
 		 	 	 		 	 			12		1
 		 	 	 		 	 			10		1

Time: 10.124300 sec
Packet_Type		Length	Src_Nid	src_port	Option	Center_nid	Neighbor_nid	Data_plane_port
NeighborUpdate		544	8	1		Finish	 		 		 

Time: 10.125400 sec
Packet_Type		Length	Src_Nid	src_port	Option	Center_nid	Neighbor_nid	Data_plane_port
NeighborUpdate		544	7	1		New	7		8		1
 		 	 	 		 	 			12		1
 		 	 	 		 	 			6		1
 		 	 	 		 	 			5		1

Time: 10.126500 sec
Packet_Type		Length	Src_Nid	src_port	Option	Center_nid	Neighbor_nid	Data_plane_port
NeighborUpdate		544	5	1		New	5		6		1
 		 	 	 		 	 			8		1
 		 	 	 		 	 			12		1
 		 	 	 		 	 			7		1
 		 	 	 		 	 			2		1

Time: 10.145700 sec
Packet_Type		Length	Src_Nid	src_port	Option	Center_nid	Neighbor_nid	Data_plane_port
NeighborUpdate		544	7	1		Finish	 		 		 

Time: 10.147500 sec
Packet_Type	Length	Src_nid	Src_port
Hello		80	5	1

Time: 10.156600 sec
Packet_Type		Length	Src_Nid	src_port	Option	Center_nid	Neighbor_nid	Data_plane_port
NeighborUpdate		544	6	1		New	6		2		1
 		 	 	 		 	 			7		1
 		 	 	 		 	 			8		1
 		 	 	 		 	 			5		1
 		 	 	 		 	 			12		1

Time: 10.177600 sec
Packet_Type	Length	Src_nid	Src_port
Hello		80	7	1

Time: 10.180700 sec
Packet_Type		Length	Src_Nid	src_port	Option	Center_nid	Neighbor_nid	Data_plane_port
NeighborUpdate		544	5	1		Finish	 		 		 

Time: 10.184800 sec
Packet_Type		Length	Src_Nid	src_port	Option	Center_nid	Neighbor_nid	Data_plane_port
NeighborUpdate		544	6	1		Finish	 		 		 

Time: 10.185900 sec
Packet_Type		Length	Src_Nid	src_port	Option	Center_nid	Neighbor_nid	Data_plane_port
NeighborUpdate		544	6	1		New	6		2		1
 		 	 	 		 	 			7		1
 		 	 	 		 	 			8		1
 		 	 	 		 	 			5		1
 		 	 	 		 	 			12		1

Time: 10.224100 sec
Packet_Type		Length	Src_Nid	src_port	Option	Center_nid	Neighbor_nid	Data_plane_port
NeighborUpdate		544	7	1		New	7		8		1
 		 	 	 		 	 			12		1
 		 	 	 		 	 			6		1
 		 	 	 		 	 			5		1

Time: 10.225200 sec
Packet_Type		Length	Src_Nid	src_port	Option	Center_nid	Neighbor_nid	Data_plane_port
NeighborUpdate		544	7	1		Finish	 		 		 

Time: 10.260300 sec
Packet_Type		Length	Src_Nid	src_port	Option	Center_nid	Neighbor_nid	Data_plane_port
NeighborUpdate		544	5	1		New	5		6		1
 		 	 	 		 	 			8		1
 		 	 	 		 	 			12		1
 		 	 	 		 	 			7		1
 		 	 	 		 	 			2		1

Time: 10.261400 sec
Packet_Type		Length	Src_Nid	src_port	Option	Center_nid	Neighbor_nid	Data_plane_port
NeighborUpdate		544	5	1		Finish	 		 		 

Time: 10.265500 sec
Packet_Type	Length	Src_nid	Src_port
Hello		80	8	1

Time: 10.267800 sec
Packet_Type	Length	Src_nid	Src_port
Hello		80	6	1

Time: 10.342100 sec
Packet_Type		Length	Src_Nid	src_port	Option	Center_nid	Neighbor_nid	Data_plane_port
NeighborUpdate		544	8	1		New	8		7		1
 		 	 	 		 	 			12		1
 		 	 	 		 	 			10		1
 		 	 	 		 	 			6		1

Time: 10.345200 sec
Packet_Type		Length	Src_Nid	src_port	Option	Center_nid	Neighbor_nid	Data_plane_port
NeighborUpdate		544	6	1		New	6		2		1
 		 	 	 		 	 			7		1
 		 	 	 		 	 			8		1
 		 	 	 		 	 			5		1
 		 	 	 		 	 			12		1

Time: 10.346300 sec
Packet_Type		Length	Src_Nid	src_port	Option	Center_nid	Neighbor_nid	Data_plane_port
NeighborUpdate		544	7	1		New	7		8		1
 		 	 	 		 	 			12		1
 		 	 	 		 	 			6		1
 		 	 	 		 	 			5		1

Time: 10.347400 sec
Packet_Type		Length	Src_Nid	src_port	Option	Center_nid	Neighbor_nid	Data_plane_port
NeighborUpdate		544	7	1		Finish	 		 		 

Time: 10.349500 sec
Packet_Type		Length	Src_Nid	src_port	Option	Center_nid	Neighbor_nid	Data_plane_port
NeighborUpdate		544	5	1		New	5		6		1
 		 	 	 		 	 			8		1
 		 	 	 		 	 			12		1
 		 	 	 		 	 			7		1
 		 	 	 		 	 			2		1

Time: 10.350600 sec
Packet_Type		Length	Src_Nid	src_port	Option	Center_nid	Neighbor_nid	Data_plane_port
NeighborUpdate		544	5	1		Finish	 		 		 

Time: 10.360700 sec
Packet_Type		Length	Src_Nid	src_port	Option	Center_nid	Neighbor_nid	Data_plane_port
NeighborUpdate		544	10	1		New	10		8		1
 		 	 	 		 	 			12		1

Time: 10.365900 sec
Packet_Type		Length	Src_Nid	src_port	Option	Center_nid	Neighbor_nid	Data_plane_port
NeighborUpdate		544	10	1		Finish	 		 		 

Time: 10.367000 sec
Packet_Type	Length	Src_nid	Src_port
Hello		80	10	1

Time: 10.377200 sec
Packet_Type		Length	Src_Nid	src_port	Option	Center_nid	Neighbor_nid	Data_plane_port
NeighborUpdate		544	6	1		Finish	 		 		 

Time: 10.383300 sec
Packet_Type		Length	Src_Nid	src_port	Option	Center_nid	Neighbor_nid	Data_plane_port
NeighborUpdate		544	8	1		Finish	 		 		 

Time: 11.144400 sec
Packet_Type		Length	Src_Nid	src_port	Option	Center_nid	Neighbor_nid	Data_plane_port
NeighborUpdate		544	6	1		New	6		2		1
 		 	 	 		 	 			7		1
 		 	 	 		 	 			5		1
 		 	 	 		 	 			12		1

Time: 11.149500 sec
Packet_Type		Length	Src_Nid	src_port	Option	Center_nid	Neighbor_nid	Data_plane_port
NeighborUpdate		544	7	1		New	7		12		1
 		 	 	 		 	 			6		1
 		 	 	 		 	 			5		1

Time: 11.157600 sec
Packet_Type		Length	Src_Nid	src_port	Option	Center_nid	Neighbor_nid	Data_plane_port
NeighborUpdate		544	10	1		New	10		12		1

Time: 11.182700 sec
Packet_Type		Length	Src_Nid	src_port	Option	Center_nid	Neighbor_nid	Data_plane_port
NeighborUpdate		544	5	1		New	5		6		1
 		 	 	 		 	 			12		1
 		 	 	 		 	 			7		1
 		 	 	 		 	 			2		1

Time: 11.197800 sec
Packet_Type		Length	Src_Nid	src_port	Option	Center_nid	Neighbor_nid	Data_plane_port
NeighborUpdate		544	6	1		Finish	 		 		 

Time: 11.201800 sec
Packet_Type		Length	Src_Nid	src_port	Option	Center_nid	Neighbor_nid	Data_plane_port
NeighborUpdate		544	7	1		Finish	 		 		 

Time: 11.211000 sec
Packet_Type		Length	Src_Nid	src_port	Option	Center_nid	Neighbor_nid	Data_plane_port
NeighborUpdate		544	5	1		Finish	 		 		 

Time: 11.215800 sec
Packet_Type		Length	Src_Nid	src_port	Option	Center_nid	Neighbor_nid	Data_plane_port
NeighborUpdate		544	8	1		New	8		7		1
 		 	 	 		 	 			12		1
 		 	 	 		 	 			6		1

Time: 11.305700 sec
Packet_Type	Length	Src_nid	Src_port
Hello		80	5	1

Time: 11.308000 sec
Packet_Type	Length	Src_nid	Src_port
Hello		80	8	1

Time: 11.345300 sec
Packet_Type	Length	Src_nid	Src_port
Hello		80	10	1

Time: 12.119700 sec
Packet_Type	Length	Src_nid	Src_port
Hello		80	6	1

Time: 12.122600 sec
Packet_Type		Length	Src_Nid	src_port	Option	Center_nid	Neighbor_nid	Data_plane_port
NeighborUpdate		544	8	1		New	8		7		1
 		 	 	 		 	 			12		1
 		 	 	 		 	 			6		1

Time: 12.126700 sec
Packet_Type		Length	Src_Nid	src_port	Option	Center_nid	Neighbor_nid	Data_plane_port
NeighborUpdate		544	7	1		New	7		12		1
 		 	 	 		 	 			6		1
 		 	 	 		 	 			5		1

Time: 12.160800 sec
Packet_Type	Length	Src_nid	Src_port
Hello		80	4	1

Time: 12.168800 sec
Packet_Type		Length	Src_Nid	src_port	Option	Center_nid	Neighbor_nid	Data_plane_port
NeighborUpdate		544	7	1		Finish	 		 		 

Time: 12.179900 sec
Packet_Type		Length	Src_Nid	src_port	Option	Center_nid	Neighbor_nid	Data_plane_port
NeighborUpdate		544	7	1		New	7		12		1
 		 	 	 		 	 			6		1
 		 	 	 		 	 			5		1
 		 	 	 		 	 			4		1

Time: 12.181000 sec
Packet_Type		Length	Src_Nid	src_port	Option	Center_nid	Neighbor_nid	Data_plane_port
NeighborUpdate		544	7	1		Finish	 		 		 

Time: 12.187100 sec
Packet_Type		Length	Src_Nid	src_port	Option	Center_nid	Neighbor_nid	Data_plane_port
NeighborUpdate		544	8	1		Finish	 		 		 

Time: 12.208900 sec
Packet_Type	Length	Src_nid	Src_port
Hello		80	7	1

Time: 12.213200 sec
Packet_Type		Length	Src_Nid	src_port	Option	Center_nid	Neighbor_nid	Data_plane_port
NeighborUpdate		544	6	1		New	6		2		1
 		 	 	 		 	 			7		1
 		 	 	 		 	 			5		1
 		 	 	 		 	 			12		1

Time: 12.258000 sec
Packet_Type	Length	Src_nid	Src_port
Hello		80	8	1

Time: 14.201100 sec
Packet_Type	Length	Src_nid	Src_port
Hello		80	4	1

Time: 14.258200 sec
Packet_Type	Length	Src_nid	Src_port
Hello		80	7	1

Time: 16.217300 sec
Packet_Type	Length	Src_nid	Src_port
Hello		80	4	1

Time: 16.384400 sec
Packet_Type	Length	Src_nid	Src_port
Hello		80	8	1

Time: 18.167500 sec
Packet_Type	Length	Src_nid	Src_port
Hello		80	3	1

Time: 20.179600 sec
Packet_Type	Length	Src_nid	Src_port
Hello		80	3	1

Time: 20.248700 sec
Packet_Type	Length	Src_nid	Src_port
Hello		80	4	1

Time: 22.199800 sec
Packet_Type	Length	Src_nid	Src_port
Hello		80	3	1

Time: 22.277900 sec
Packet_Type	Length	Src_nid	Src_port
Hello		80	4	1

Time: 24.205000 sec
Packet_Type	Length	Src_nid	Src_port
Hello		80	3	1

Time: 24.319100 sec
Packet_Type	Length	Src_nid	Src_port
Hello		80	4	1

Time: 24.486200 sec
Packet_Type	Length	Src_nid	Src_port
Hello		80	7	1

Time: 24.629300 sec
Packet_Type	Length	Src_nid	Src_port
Hello		80	8	1

