Time: 2.030100 sec
Broadcast
Packet_Type	Length	Src_nid	Src_port
Hello		80	4	1

Time: 3.108599 sec
Send to Nid: 12
Packet_Type	Length	Src_nid	Src_port
Hello		80	4	1

Time: 3.108699 sec
Send to Nid: 12
Packet_Type		Length	Src_Nid	src_port	Option	Center_nid	Neighbor_nid	Data_plane_port
NeighborUpdate		544	4	1		New	4		3		1

Time: 3.108799 sec
Send to Nid: 12
Packet_Type		Length	Src_Nid	src_port	Option	Center_nid	Neighbor_nid	Data_plane_port
NeighborUpdate		544	4	1		Finish	 		 		 

Time: 3.108899 sec
Send to Nid: 12
Packet_Type		Length	Src_Nid	src_port	Option	Center_nid	Neighbor_nid	Data_plane_port
NeighborUpdate		544	4	1		New	4		3		1
 		 	 	 		 	 			8		1

Time: 3.108999 sec
Send to Nid: 12
Packet_Type		Length	Src_Nid	src_port	Option	Center_nid	Neighbor_nid	Data_plane_port
NeighborUpdate		544	4	1		Finish	 		 		 

Time: 3.109099 sec
Send to Nid: 12
Packet_Type		Length	Src_Nid	src_port	Option	Center_nid	Neighbor_nid	Data_plane_port
NeighborUpdate		544	4	1		New	4		3		1
 		 	 	 		 	 			8		1
 		 	 	 		 	 			5		1

Time: 3.109199 sec
Send to Nid: 12
Packet_Type		Length	Src_Nid	src_port	Option	Center_nid	Neighbor_nid	Data_plane_port
NeighborUpdate		544	4	1		Finish	 		 		 

Time: 3.109299 sec
Send to Nid: 12
Packet_Type		Length	Src_Nid	src_port	Option	Center_nid	Neighbor_nid	Data_plane_port
NeighborUpdate		544	4	1		New	4		3		1
 		 	 	 		 	 			8		1
 		 	 	 		 	 			5		1
 		 	 	 		 	 			12		1

Time: 3.109399 sec
Send to Nid: 12
Packet_Type		Length	Src_Nid	src_port	Option	Center_nid	Neighbor_nid	Data_plane_port
NeighborUpdate		544	4	1		Finish	 		 		 

Time: 3.109499 sec
Send to Nid: 12
Packet_Type		Length	Src_Nid	src_port	Option	Center_nid	Neighbor_nid	Data_plane_port
NeighborUpdate		544	4	1		New	4		3		1
 		 	 	 		 	 			8		1
 		 	 	 		 	 			5		1
 		 	 	 		 	 			12		1
 		 	 	 		 	 			9		1

Time: 3.110599 sec
Send to Nid: 12
Packet_Type		Length	Src_Nid	src_port	Option	Center_nid	Neighbor_nid	Data_plane_port
NeighborUpdate		544	4	1		Finish	 		 		 

Time: 4.063800 sec
Broadcast
Packet_Type	Length	Src_nid	Src_port
Hello		80	4	1

Time: 4.909460 sec
Send to Nid: 12
Packet_Type	Length	Src_nid	Src_port
Hello		80	4	1

Time: 4.910560 sec
Send to Nid: 12
Packet_Type		Length	Src_Nid	src_port	Option	Center_nid	Neighbor_nid	Data_plane_port
NeighborUpdate		544	4	1		New	4		3		1
 		 	 	 		 	 			8		1
 		 	 	 		 	 			5		1
 		 	 	 		 	 			12		1
 		 	 	 		 	 			9		1

Time: 4.910660 sec
Send to Nid: 12
Packet_Type		Length	Src_Nid	src_port	Option	Center_nid	Neighbor_nid	Data_plane_port
NeighborUpdate		544	4	1		Finish	 		 		 

Time: 4.910760 sec
Send to Nid: 12
Packet_Type		Length	Src_Nid	src_port	Option	Center_nid	Neighbor_nid	Data_plane_port
NeighborUpdate		544	4	1		New	4		3		1
 		 	 	 		 	 			8		1
 		 	 	 		 	 			5		1
 		 	 	 		 	 			12		1
 		 	 	 		 	 			9		1

Time: 4.910860 sec
Send to Nid: 12
Packet_Type		Length	Src_Nid	src_port	Option	Center_nid	Neighbor_nid	Data_plane_port
NeighborUpdate		544	4	1		Finish	 		 		 

Time: 4.910960 sec
Send to Nid: 12
Packet_Type		Length	Src_Nid	src_port	Option	Center_nid	Neighbor_nid	Data_plane_port
NeighborUpdate		544	4	1		New	4		3		1
 		 	 	 		 	 			8		1
 		 	 	 		 	 			5		1
 		 	 	 		 	 			12		1
 		 	 	 		 	 			9		1

Time: 4.911060 sec
Send to Nid: 12
Packet_Type		Length	Src_Nid	src_port	Option	Center_nid	Neighbor_nid	Data_plane_port
NeighborUpdate		544	4	1		Finish	 		 		 

Time: 4.911160 sec
Send to Nid: 12
Packet_Type		Length	Src_Nid	src_port	Option	Center_nid	Neighbor_nid	Data_plane_port
NeighborUpdate		544	4	1		New	4		3		1
 		 	 	 		 	 			8		1
 		 	 	 		 	 			5		1
 		 	 	 		 	 			12		1
 		 	 	 		 	 			9		1

Time: 4.911260 sec
Send to Nid: 12
Packet_Type		Length	Src_Nid	src_port	Option	Center_nid	Neighbor_nid	Data_plane_port
NeighborUpdate		544	4	1		Finish	 		 		 

Time: 6.103900 sec
Broadcast
Packet_Type	Length	Src_nid	Src_port
Hello		80	4	1

Time: 7.220360 sec
Send to Nid: 12
Packet_Type		Length	Src_Nid	src_port	Option	Center_nid	Neighbor_nid	Data_plane_port
NeighborUpdate		544	4	1		New	4		3		1
 		 	 	 		 	 			8		1
 		 	 	 		 	 			5		1
 		 	 	 		 	 			12		1

Time: 7.220460 sec
Send to Nid: 12
Packet_Type		Length	Src_Nid	src_port	Option	Center_nid	Neighbor_nid	Data_plane_port
NeighborUpdate		544	4	1		Finish	 		 		 

Time: 8.121900 sec
Broadcast
Packet_Type	Length	Src_nid	Src_port
Hello		80	4	1

Time: 10.124900 sec
Broadcast
Packet_Type	Length	Src_nid	Src_port
Hello		80	4	1

Time: 12.158900 sec
Broadcast
Packet_Type	Length	Src_nid	Src_port
Hello		80	4	1

Time: 14.199100 sec
Broadcast
Packet_Type	Length	Src_nid	Src_port
Hello		80	4	1

Time: 16.215200 sec
Broadcast
Packet_Type	Length	Src_nid	Src_port
Hello		80	4	1

Time: 18.234500 sec
Broadcast
Packet_Type	Length	Src_nid	Src_port
Hello		80	4	1

Time: 20.246600 sec
Broadcast
Packet_Type	Length	Src_nid	Src_port
Hello		80	4	1

Time: 22.273700 sec
Broadcast
Packet_Type	Length	Src_nid	Src_port
Hello		80	4	1

Time: 24.313800 sec
Broadcast
Packet_Type	Length	Src_nid	Src_port
Hello		80	4	1

