Time: 2.040617 sec
Send to Nid: 12
Packet_Type		Length	Src_Nid	src_port	Option	Center_nid	Neighbor_nid	Data_plane_port
NeighborUpdate		544	9	1		New	9		4		1

Time: 2.040717 sec
Send to Nid: 12
Packet_Type		Length	Src_Nid	src_port	Option	Center_nid	Neighbor_nid	Data_plane_port
NeighborUpdate		544	9	1		Finish	 		 		 

Time: 2.050817 sec
Send to Nid: 12
Packet_Type		Length	Src_Nid	src_port	Option	Center_nid	Neighbor_nid	Data_plane_port
NeighborUpdate		544	9	1		New	9		4		1
 		 	 	 		 	 			8		1

Time: 2.050917 sec
Send to Nid: 12
Packet_Type		Length	Src_Nid	src_port	Option	Center_nid	Neighbor_nid	Data_plane_port
NeighborUpdate		544	9	1		Finish	 		 		 

Time: 2.086200 sec
Broadcast
Packet_Type	Length	Src_nid	Src_port
Hello		80	9	1

Time: 2.111017 sec
Send to Nid: 12
Packet_Type		Length	Src_Nid	src_port	Option	Center_nid	Neighbor_nid	Data_plane_port
NeighborUpdate		544	9	1		New	9		4		1
 		 	 	 		 	 			8		1
 		 	 	 		 	 			5		1

Time: 2.111117 sec
Send to Nid: 12
Packet_Type		Length	Src_Nid	src_port	Option	Center_nid	Neighbor_nid	Data_plane_port
NeighborUpdate		544	9	1		Finish	 		 		 

Time: 2.140217 sec
Send to Nid: 12
Packet_Type		Length	Src_Nid	src_port	Option	Center_nid	Neighbor_nid	Data_plane_port
NeighborUpdate		544	9	1		New	9		4		1
 		 	 	 		 	 			8		1
 		 	 	 		 	 			5		1
 		 	 	 		 	 			12		1

Time: 2.140317 sec
Send to Nid: 12
Packet_Type		Length	Src_Nid	src_port	Option	Center_nid	Neighbor_nid	Data_plane_port
NeighborUpdate		544	9	1		Finish	 		 		 

Time: 2.170417 sec
Send to Nid: 12
Packet_Type		Length	Src_Nid	src_port	Option	Center_nid	Neighbor_nid	Data_plane_port
NeighborUpdate		544	9	1		New	9		4		1
 		 	 	 		 	 			8		1
 		 	 	 		 	 			5		1
 		 	 	 		 	 			12		1
 		 	 	 		 	 			10		1

Time: 2.170517 sec
Send to Nid: 12
Packet_Type		Length	Src_Nid	src_port	Option	Center_nid	Neighbor_nid	Data_plane_port
NeighborUpdate		544	9	1		Finish	 		 		 

Time: 2.622911 sec
Send to Nid: 12
Packet_Type	Length	Src_nid	Src_port
Hello		80	9	1

Time: 4.060411 sec
Send to Nid: 12
Packet_Type		Length	Src_Nid	src_port	Option	Center_nid	Neighbor_nid	Data_plane_port
NeighborUpdate		544	9	1		New	9		4		1
 		 	 	 		 	 			8		1
 		 	 	 		 	 			5		1
 		 	 	 		 	 			12		1
 		 	 	 		 	 			10		1

Time: 4.060511 sec
Send to Nid: 12
Packet_Type		Length	Src_Nid	src_port	Option	Center_nid	Neighbor_nid	Data_plane_port
NeighborUpdate		544	9	1		Finish	 		 		 

Time: 4.070611 sec
Send to Nid: 12
Packet_Type		Length	Src_Nid	src_port	Option	Center_nid	Neighbor_nid	Data_plane_port
NeighborUpdate		544	9	1		New	9		4		1
 		 	 	 		 	 			8		1
 		 	 	 		 	 			5		1
 		 	 	 		 	 			12		1
 		 	 	 		 	 			10		1

Time: 4.070711 sec
Send to Nid: 12
Packet_Type		Length	Src_Nid	src_port	Option	Center_nid	Neighbor_nid	Data_plane_port
NeighborUpdate		544	9	1		Finish	 		 		 

Time: 4.161700 sec
Broadcast
Packet_Type	Length	Src_nid	Src_port
Hello		80	9	1

Time: 4.350811 sec
Send to Nid: 12
Packet_Type		Length	Src_Nid	src_port	Option	Center_nid	Neighbor_nid	Data_plane_port
NeighborUpdate		544	9	1		New	9		4		1
 		 	 	 		 	 			8		1
 		 	 	 		 	 			5		1
 		 	 	 		 	 			12		1
 		 	 	 		 	 			10		1

Time: 4.350911 sec
Send to Nid: 12
Packet_Type		Length	Src_Nid	src_port	Option	Center_nid	Neighbor_nid	Data_plane_port
NeighborUpdate		544	9	1		Finish	 		 		 

Time: 4.441011 sec
Send to Nid: 12
Packet_Type		Length	Src_Nid	src_port	Option	Center_nid	Neighbor_nid	Data_plane_port
NeighborUpdate		544	9	1		New	9		4		1
 		 	 	 		 	 			8		1
 		 	 	 		 	 			5		1
 		 	 	 		 	 			12		1
 		 	 	 		 	 			10		1

Time: 4.441111 sec
Send to Nid: 12
Packet_Type		Length	Src_Nid	src_port	Option	Center_nid	Neighbor_nid	Data_plane_port
NeighborUpdate		544	9	1		Finish	 		 		 

Time: 4.530211 sec
Send to Nid: 12
Packet_Type		Length	Src_Nid	src_port	Option	Center_nid	Neighbor_nid	Data_plane_port
NeighborUpdate		544	9	1		New	9		4		1
 		 	 	 		 	 			8		1
 		 	 	 		 	 			5		1
 		 	 	 		 	 			12		1
 		 	 	 		 	 			10		1

Time: 4.530311 sec
Send to Nid: 12
Packet_Type		Length	Src_Nid	src_port	Option	Center_nid	Neighbor_nid	Data_plane_port
NeighborUpdate		544	9	1		Finish	 		 		 

Time: 6.165400 sec
Broadcast
Packet_Type	Length	Src_nid	Src_port
Hello		80	9	1

Time: 8.191800 sec
Broadcast
Packet_Type	Length	Src_nid	Src_port
Hello		80	9	1

Time: 10.232200 sec
Broadcast
Packet_Type	Length	Src_nid	Src_port
Hello		80	9	1

Time: 12.299700 sec
Broadcast
Packet_Type	Length	Src_nid	Src_port
Hello		80	9	1

Time: 14.363900 sec
Broadcast
Packet_Type	Length	Src_nid	Src_port
Hello		80	9	1

Time: 16.425100 sec
Broadcast
Packet_Type	Length	Src_nid	Src_port
Hello		80	9	1

Time: 18.468400 sec
Broadcast
Packet_Type	Length	Src_nid	Src_port
Hello		80	9	1

Time: 20.475700 sec
Broadcast
Packet_Type	Length	Src_nid	Src_port
Hello		80	9	1

Time: 22.492900 sec
Broadcast
Packet_Type	Length	Src_nid	Src_port
Hello		80	9	1

Time: 24.522200 sec
Broadcast
Packet_Type	Length	Src_nid	Src_port
Hello		80	9	1

