Time: 2.016200 sec
Broadcast
Packet_Type	Length	Src_nid	Src_port
Hello		80	3	1

Time: 4.042700 sec
Broadcast
Packet_Type	Length	Src_nid	Src_port
Hello		80	3	1

Time: 6.073000 sec
Broadcast
Packet_Type	Length	Src_nid	Src_port
Hello		80	3	1

Time: 8.095300 sec
Broadcast
Packet_Type	Length	Src_nid	Src_port
Hello		80	3	1

Time: 9.310340 sec
Send to Nid: 12
Packet_Type	Length	Src_nid	Src_port
Hello		80	3	1

Time: 9.310440 sec
Send to Nid: 12
Packet_Type		Length	Src_Nid	src_port	Option	Center_nid	Neighbor_nid	Data_plane_port
NeighborUpdate		544	3	1		New	3		1		1

Time: 9.310540 sec
Send to Nid: 12
Packet_Type		Length	Src_Nid	src_port	Option	Center_nid	Neighbor_nid	Data_plane_port
NeighborUpdate		544	3	1		Finish	 		 		 

Time: 9.310640 sec
Send to Nid: 12
Packet_Type		Length	Src_Nid	src_port	Option	Center_nid	Neighbor_nid	Data_plane_port
NeighborUpdate		544	3	1		New	3		1		1
 		 	 	 		 	 			2		1

Time: 9.310740 sec
Send to Nid: 12
Packet_Type		Length	Src_Nid	src_port	Option	Center_nid	Neighbor_nid	Data_plane_port
NeighborUpdate		544	3	1		Finish	 		 		 

Time: 9.310840 sec
Send to Nid: 12
Packet_Type		Length	Src_Nid	src_port	Option	Center_nid	Neighbor_nid	Data_plane_port
NeighborUpdate		544	3	1		New	3		1		1
 		 	 	 		 	 			2		1
 		 	 	 		 	 			4		1

Time: 9.310940 sec
Send to Nid: 12
Packet_Type		Length	Src_Nid	src_port	Option	Center_nid	Neighbor_nid	Data_plane_port
NeighborUpdate		544	3	1		Finish	 		 		 

Time: 9.311040 sec
Send to Nid: 12
Packet_Type		Length	Src_Nid	src_port	Option	Center_nid	Neighbor_nid	Data_plane_port
NeighborUpdate		544	3	1		New	3		1		1
 		 	 	 		 	 			2		1
 		 	 	 		 	 			4		1
 		 	 	 		 	 			5		1

Time: 9.311140 sec
Send to Nid: 12
Packet_Type		Length	Src_Nid	src_port	Option	Center_nid	Neighbor_nid	Data_plane_port
NeighborUpdate		544	3	1		Finish	 		 		 

Time: 9.311240 sec
Send to Nid: 12
Packet_Type		Length	Src_Nid	src_port	Option	Center_nid	Neighbor_nid	Data_plane_port
NeighborUpdate		544	3	1		New	3		1		1
 		 	 	 		 	 			2		1
 		 	 	 		 	 			4		1
 		 	 	 		 	 			5		1
 		 	 	 		 	 			12		1

Time: 9.312340 sec
Send to Nid: 12
Packet_Type		Length	Src_Nid	src_port	Option	Center_nid	Neighbor_nid	Data_plane_port
NeighborUpdate		544	3	1		Finish	 		 		 

Time: 9.312440 sec
Send to Nid: 12
Packet_Type		Length	Src_Nid	src_port	Option	Center_nid	Neighbor_nid	Data_plane_port
NeighborUpdate		544	3	1		New	3		1		1
 		 	 	 		 	 			2		1
 		 	 	 		 	 			4		1
 		 	 	 		 	 			5		1
 		 	 	 		 	 			12		1

Time: 9.312540 sec
Send to Nid: 12
Packet_Type		Length	Src_Nid	src_port	Option	Center_nid	Neighbor_nid	Data_plane_port
NeighborUpdate		544	3	1		Finish	 		 		 

Time: 9.312640 sec
Send to Nid: 12
Packet_Type		Length	Src_Nid	src_port	Option	Center_nid	Neighbor_nid	Data_plane_port
NeighborUpdate		544	3	1		New	3		1		1
 		 	 	 		 	 			2		1
 		 	 	 		 	 			4		1
 		 	 	 		 	 			5		1
 		 	 	 		 	 			12		1

Time: 9.312740 sec
Send to Nid: 12
Packet_Type		Length	Src_Nid	src_port	Option	Center_nid	Neighbor_nid	Data_plane_port
NeighborUpdate		544	3	1		Finish	 		 		 

Time: 9.312840 sec
Send to Nid: 12
Packet_Type		Length	Src_Nid	src_port	Option	Center_nid	Neighbor_nid	Data_plane_port
NeighborUpdate		544	3	1		New	3		1		1
 		 	 	 		 	 			2		1
 		 	 	 		 	 			4		1
 		 	 	 		 	 			5		1
 		 	 	 		 	 			12		1

Time: 10.114500 sec
Broadcast
Packet_Type	Length	Src_nid	Src_port
Hello		80	3	1

Time: 12.117500 sec
Broadcast
Packet_Type	Length	Src_nid	Src_port
Hello		80	3	1

Time: 14.120500 sec
Broadcast
Packet_Type	Length	Src_nid	Src_port
Hello		80	3	1

Time: 16.144500 sec
Broadcast
Packet_Type	Length	Src_nid	Src_port
Hello		80	3	1

Time: 18.163600 sec
Broadcast
Packet_Type	Length	Src_nid	Src_port
Hello		80	3	1

Time: 20.178700 sec
Broadcast
Packet_Type	Length	Src_nid	Src_port
Hello		80	3	1

Time: 22.193800 sec
Broadcast
Packet_Type	Length	Src_nid	Src_port
Hello		80	3	1

Time: 24.202900 sec
Broadcast
Packet_Type	Length	Src_nid	Src_port
Hello		80	3	1

