Time: 1.008637 sec
Send to Nid: 12
Packet_Type	Length	Src_nid	Src_port
Hello		80	6	1

Time: 2.013000 sec
Broadcast
Packet_Type	Length	Src_nid	Src_port
Hello		80	6	1

Time: 2.020737 sec
Send to Nid: 12
Packet_Type		Length	Src_Nid	src_port	Option	Center_nid	Neighbor_nid	Data_plane_port
NeighborUpdate		544	6	1		New	6		2		1

Time: 2.020837 sec
Send to Nid: 12
Packet_Type		Length	Src_Nid	src_port	Option	Center_nid	Neighbor_nid	Data_plane_port
NeighborUpdate		544	6	1		Finish	 		 		 

Time: 2.020937 sec
Send to Nid: 12
Packet_Type		Length	Src_Nid	src_port	Option	Center_nid	Neighbor_nid	Data_plane_port
NeighborUpdate		544	6	1		New	6		2		1
 		 	 	 		 	 			7		1

Time: 2.021037 sec
Send to Nid: 12
Packet_Type		Length	Src_Nid	src_port	Option	Center_nid	Neighbor_nid	Data_plane_port
NeighborUpdate		544	6	1		Finish	 		 		 

Time: 2.050137 sec
Send to Nid: 12
Packet_Type		Length	Src_Nid	src_port	Option	Center_nid	Neighbor_nid	Data_plane_port
NeighborUpdate		544	6	1		New	6		2		1
 		 	 	 		 	 			7		1
 		 	 	 		 	 			8		1

Time: 2.050237 sec
Send to Nid: 12
Packet_Type		Length	Src_Nid	src_port	Option	Center_nid	Neighbor_nid	Data_plane_port
NeighborUpdate		544	6	1		Finish	 		 		 

Time: 2.110337 sec
Send to Nid: 12
Packet_Type		Length	Src_Nid	src_port	Option	Center_nid	Neighbor_nid	Data_plane_port
NeighborUpdate		544	6	1		New	6		2		1
 		 	 	 		 	 			7		1
 		 	 	 		 	 			8		1
 		 	 	 		 	 			5		1

Time: 2.110437 sec
Send to Nid: 12
Packet_Type		Length	Src_Nid	src_port	Option	Center_nid	Neighbor_nid	Data_plane_port
NeighborUpdate		544	6	1		Finish	 		 		 

Time: 2.140537 sec
Send to Nid: 12
Packet_Type		Length	Src_Nid	src_port	Option	Center_nid	Neighbor_nid	Data_plane_port
NeighborUpdate		544	6	1		New	6		2		1
 		 	 	 		 	 			7		1
 		 	 	 		 	 			8		1
 		 	 	 		 	 			5		1
 		 	 	 		 	 			12		1

Time: 2.140637 sec
Send to Nid: 12
Packet_Type		Length	Src_Nid	src_port	Option	Center_nid	Neighbor_nid	Data_plane_port
NeighborUpdate		544	6	1		Finish	 		 		 

Time: 2.421567 sec
Send to Nid: 12
Packet_Type	Length	Src_nid	Src_port
Hello		80	6	1

Time: 4.022500 sec
Broadcast
Packet_Type	Length	Src_nid	Src_port
Hello		80	6	1

Time: 4.041067 sec
Send to Nid: 12
Packet_Type		Length	Src_Nid	src_port	Option	Center_nid	Neighbor_nid	Data_plane_port
NeighborUpdate		544	6	1		New	6		2		1
 		 	 	 		 	 			7		1
 		 	 	 		 	 			8		1
 		 	 	 		 	 			5		1
 		 	 	 		 	 			12		1

Time: 4.041167 sec
Send to Nid: 12
Packet_Type		Length	Src_Nid	src_port	Option	Center_nid	Neighbor_nid	Data_plane_port
NeighborUpdate		544	6	1		Finish	 		 		 

Time: 4.041267 sec
Send to Nid: 12
Packet_Type		Length	Src_Nid	src_port	Option	Center_nid	Neighbor_nid	Data_plane_port
NeighborUpdate		544	6	1		New	6		2		1
 		 	 	 		 	 			7		1
 		 	 	 		 	 			8		1
 		 	 	 		 	 			5		1
 		 	 	 		 	 			12		1

Time: 4.041367 sec
Send to Nid: 12
Packet_Type		Length	Src_Nid	src_port	Option	Center_nid	Neighbor_nid	Data_plane_port
NeighborUpdate		544	6	1		Finish	 		 		 

Time: 4.060467 sec
Send to Nid: 12
Packet_Type		Length	Src_Nid	src_port	Option	Center_nid	Neighbor_nid	Data_plane_port
NeighborUpdate		544	6	1		New	6		2		1
 		 	 	 		 	 			7		1
 		 	 	 		 	 			8		1
 		 	 	 		 	 			5		1
 		 	 	 		 	 			12		1

Time: 4.060567 sec
Send to Nid: 12
Packet_Type		Length	Src_Nid	src_port	Option	Center_nid	Neighbor_nid	Data_plane_port
NeighborUpdate		544	6	1		Finish	 		 		 

Time: 4.070667 sec
Send to Nid: 12
Packet_Type		Length	Src_Nid	src_port	Option	Center_nid	Neighbor_nid	Data_plane_port
NeighborUpdate		544	6	1		New	6		2		1
 		 	 	 		 	 			7		1
 		 	 	 		 	 			8		1
 		 	 	 		 	 			5		1
 		 	 	 		 	 			12		1

Time: 4.070767 sec
Send to Nid: 12
Packet_Type		Length	Src_Nid	src_port	Option	Center_nid	Neighbor_nid	Data_plane_port
NeighborUpdate		544	6	1		Finish	 		 		 

Time: 5.225593 sec
Send to Nid: 12
Packet_Type	Length	Src_nid	Src_port
Hello		80	6	1

Time: 6.050893 sec
Send to Nid: 12
Packet_Type		Length	Src_Nid	src_port	Option	Center_nid	Neighbor_nid	Data_plane_port
NeighborUpdate		544	6	1		New	6		2		1
 		 	 	 		 	 			7		1
 		 	 	 		 	 			8		1
 		 	 	 		 	 			5		1
 		 	 	 		 	 			12		1

Time: 6.050993 sec
Send to Nid: 12
Packet_Type		Length	Src_Nid	src_port	Option	Center_nid	Neighbor_nid	Data_plane_port
NeighborUpdate		544	6	1		Finish	 		 		 

Time: 6.060000 sec
Broadcast
Packet_Type	Length	Src_nid	Src_port
Hello		80	6	1

Time: 6.071093 sec
Send to Nid: 12
Packet_Type		Length	Src_Nid	src_port	Option	Center_nid	Neighbor_nid	Data_plane_port
NeighborUpdate		544	6	1		New	6		2		1
 		 	 	 		 	 			7		1
 		 	 	 		 	 			8		1
 		 	 	 		 	 			5		1
 		 	 	 		 	 			12		1

Time: 6.071193 sec
Send to Nid: 12
Packet_Type		Length	Src_Nid	src_port	Option	Center_nid	Neighbor_nid	Data_plane_port
NeighborUpdate		544	6	1		Finish	 		 		 

Time: 6.080293 sec
Send to Nid: 12
Packet_Type		Length	Src_Nid	src_port	Option	Center_nid	Neighbor_nid	Data_plane_port
NeighborUpdate		544	6	1		New	6		2		1
 		 	 	 		 	 			7		1
 		 	 	 		 	 			8		1
 		 	 	 		 	 			5		1
 		 	 	 		 	 			12		1

Time: 6.080393 sec
Send to Nid: 12
Packet_Type		Length	Src_Nid	src_port	Option	Center_nid	Neighbor_nid	Data_plane_port
NeighborUpdate		544	6	1		Finish	 		 		 

Time: 6.140893 sec
Send to Nid: 12
Packet_Type		Length	Src_Nid	src_port	Option	Center_nid	Neighbor_nid	Data_plane_port
NeighborUpdate		544	6	1		New	6		2		1
 		 	 	 		 	 			7		1
 		 	 	 		 	 			8		1
 		 	 	 		 	 			5		1
 		 	 	 		 	 			12		1

Time: 6.140993 sec
Send to Nid: 12
Packet_Type		Length	Src_Nid	src_port	Option	Center_nid	Neighbor_nid	Data_plane_port
NeighborUpdate		544	6	1		Finish	 		 		 

Time: 6.240293 sec
Send to Nid: 12
Packet_Type		Length	Src_Nid	src_port	Option	Center_nid	Neighbor_nid	Data_plane_port
NeighborUpdate		544	6	1		New	6		2		1
 		 	 	 		 	 			7		1
 		 	 	 		 	 			8		1
 		 	 	 		 	 			5		1
 		 	 	 		 	 			12		1

Time: 6.240393 sec
Send to Nid: 12
Packet_Type		Length	Src_Nid	src_port	Option	Center_nid	Neighbor_nid	Data_plane_port
NeighborUpdate		544	6	1		Finish	 		 		 

Time: 8.050893 sec
Send to Nid: 12
Packet_Type		Length	Src_Nid	src_port	Option	Center_nid	Neighbor_nid	Data_plane_port
NeighborUpdate		544	6	1		New	6		2		1
 		 	 	 		 	 			7		1
 		 	 	 		 	 			8		1
 		 	 	 		 	 			5		1
 		 	 	 		 	 			12		1

Time: 8.050993 sec
Send to Nid: 12
Packet_Type		Length	Src_Nid	src_port	Option	Center_nid	Neighbor_nid	Data_plane_port
NeighborUpdate		544	6	1		Finish	 		 		 

Time: 8.090500 sec
Broadcast
Packet_Type	Length	Src_nid	Src_port
Hello		80	6	1

Time: 8.111093 sec
Send to Nid: 12
Packet_Type		Length	Src_Nid	src_port	Option	Center_nid	Neighbor_nid	Data_plane_port
NeighborUpdate		544	6	1		New	6		2		1
 		 	 	 		 	 			7		1
 		 	 	 		 	 			8		1
 		 	 	 		 	 			5		1
 		 	 	 		 	 			12		1

Time: 8.111193 sec
Send to Nid: 12
Packet_Type		Length	Src_Nid	src_port	Option	Center_nid	Neighbor_nid	Data_plane_port
NeighborUpdate		544	6	1		Finish	 		 		 

Time: 8.131393 sec
Send to Nid: 12
Packet_Type		Length	Src_Nid	src_port	Option	Center_nid	Neighbor_nid	Data_plane_port
NeighborUpdate		544	6	1		New	6		2		1
 		 	 	 		 	 			7		1
 		 	 	 		 	 			8		1
 		 	 	 		 	 			5		1
 		 	 	 		 	 			12		1

Time: 8.131493 sec
Send to Nid: 12
Packet_Type		Length	Src_Nid	src_port	Option	Center_nid	Neighbor_nid	Data_plane_port
NeighborUpdate		544	6	1		Finish	 		 		 

Time: 8.244511 sec
Send to Nid: 12
Packet_Type	Length	Src_nid	Src_port
Hello		80	6	1

Time: 8.250611 sec
Send to Nid: 12
Packet_Type		Length	Src_Nid	src_port	Option	Center_nid	Neighbor_nid	Data_plane_port
NeighborUpdate		544	6	1		New	6		2		1
 		 	 	 		 	 			7		1
 		 	 	 		 	 			8		1
 		 	 	 		 	 			5		1
 		 	 	 		 	 			12		1

Time: 8.250711 sec
Send to Nid: 12
Packet_Type		Length	Src_Nid	src_port	Option	Center_nid	Neighbor_nid	Data_plane_port
NeighborUpdate		544	6	1		Finish	 		 		 

Time: 10.108800 sec
Broadcast
Packet_Type	Length	Src_nid	Src_port
Hello		80	6	1

Time: 10.151011 sec
Send to Nid: 12
Packet_Type		Length	Src_Nid	src_port	Option	Center_nid	Neighbor_nid	Data_plane_port
NeighborUpdate		544	6	1		New	6		2		1
 		 	 	 		 	 			7		1
 		 	 	 		 	 			8		1
 		 	 	 		 	 			5		1
 		 	 	 		 	 			12		1

Time: 10.151111 sec
Send to Nid: 12
Packet_Type		Length	Src_Nid	src_port	Option	Center_nid	Neighbor_nid	Data_plane_port
NeighborUpdate		544	6	1		Finish	 		 		 

Time: 10.180211 sec
Send to Nid: 12
Packet_Type		Length	Src_Nid	src_port	Option	Center_nid	Neighbor_nid	Data_plane_port
NeighborUpdate		544	6	1		New	6		2		1
 		 	 	 		 	 			7		1
 		 	 	 		 	 			8		1
 		 	 	 		 	 			5		1
 		 	 	 		 	 			12		1

Time: 10.180311 sec
Send to Nid: 12
Packet_Type		Length	Src_Nid	src_port	Option	Center_nid	Neighbor_nid	Data_plane_port
NeighborUpdate		544	6	1		Finish	 		 		 

Time: 10.266522 sec
Send to Nid: 12
Packet_Type	Length	Src_nid	Src_port
Hello		80	6	1

Time: 10.340822 sec
Send to Nid: 12
Packet_Type		Length	Src_Nid	src_port	Option	Center_nid	Neighbor_nid	Data_plane_port
NeighborUpdate		544	6	1		New	6		2		1
 		 	 	 		 	 			7		1
 		 	 	 		 	 			8		1
 		 	 	 		 	 			5		1
 		 	 	 		 	 			12		1

Time: 10.340922 sec
Send to Nid: 12
Packet_Type		Length	Src_Nid	src_port	Option	Center_nid	Neighbor_nid	Data_plane_port
NeighborUpdate		544	6	1		Finish	 		 		 

Time: 11.140422 sec
Send to Nid: 12
Packet_Type		Length	Src_Nid	src_port	Option	Center_nid	Neighbor_nid	Data_plane_port
NeighborUpdate		544	6	1		New	6		2		1
 		 	 	 		 	 			7		1
 		 	 	 		 	 			5		1
 		 	 	 		 	 			12		1

Time: 11.140522 sec
Send to Nid: 12
Packet_Type		Length	Src_Nid	src_port	Option	Center_nid	Neighbor_nid	Data_plane_port
NeighborUpdate		544	6	1		Finish	 		 		 

Time: 12.115100 sec
Broadcast
Packet_Type	Length	Src_nid	Src_port
Hello		80	6	1

Time: 12.210622 sec
Send to Nid: 12
Packet_Type		Length	Src_Nid	src_port	Option	Center_nid	Neighbor_nid	Data_plane_port
NeighborUpdate		544	6	1		New	6		2		1
 		 	 	 		 	 			7		1
 		 	 	 		 	 			5		1
 		 	 	 		 	 			12		1

Time: 12.210722 sec
Send to Nid: 12
Packet_Type		Length	Src_Nid	src_port	Option	Center_nid	Neighbor_nid	Data_plane_port
NeighborUpdate		544	6	1		Finish	 		 		 

Time: 12.260822 sec
Send to Nid: 12
Packet_Type		Length	Src_Nid	src_port	Option	Center_nid	Neighbor_nid	Data_plane_port
NeighborUpdate		544	6	1		New	6		2		1
 		 	 	 		 	 			7		1
 		 	 	 		 	 			5		1
 		 	 	 		 	 			12		1
 		 	 	 		 	 			8		1

Time: 12.260922 sec
Send to Nid: 12
Packet_Type		Length	Src_Nid	src_port	Option	Center_nid	Neighbor_nid	Data_plane_port
NeighborUpdate		544	6	1		Finish	 		 		 

Time: 13.050222 sec
Send to Nid: 12
Packet_Type		Length	Src_Nid	src_port	Option	Center_nid	Neighbor_nid	Data_plane_port
NeighborUpdate		544	6	1		New	6		7		1
 		 	 	 		 	 			5		1
 		 	 	 		 	 			12		1
 		 	 	 		 	 			8		1

Time: 13.050322 sec
Send to Nid: 12
Packet_Type		Length	Src_Nid	src_port	Option	Center_nid	Neighbor_nid	Data_plane_port
NeighborUpdate		544	6	1		Finish	 		 		 

Time: 14.170300 sec
Broadcast
Packet_Type	Length	Src_nid	Src_port
Hello		80	6	1

Time: 15.150422 sec
Send to Nid: 12
Packet_Type		Length	Src_Nid	src_port	Option	Center_nid	Neighbor_nid	Data_plane_port
NeighborUpdate		544	6	1		New	6		7		1
 		 	 	 		 	 			12		1
 		 	 	 		 	 			8		1

Time: 15.150522 sec
Send to Nid: 12
Packet_Type		Length	Src_Nid	src_port	Option	Center_nid	Neighbor_nid	Data_plane_port
NeighborUpdate		544	6	1		Finish	 		 		 

Time: 15.340622 sec
Send to Nid: 12
Packet_Type		Length	Src_Nid	src_port	Option	Center_nid	Neighbor_nid	Data_plane_port
NeighborUpdate		544	6	1		New	6		7		1
 		 	 	 		 	 			8		1

Time: 15.340722 sec
Send to Nid: 12
Packet_Type		Length	Src_Nid	src_port	Option	Center_nid	Neighbor_nid	Data_plane_port
NeighborUpdate		544	6	1		Finish	 		 		 

Time: 16.175300 sec
Broadcast
Packet_Type	Length	Src_nid	Src_port
Hello		80	6	1

Time: 17.210822 sec
Send to Nid: 12
Packet_Type		Length	Src_Nid	src_port	Option	Center_nid	Neighbor_nid	Data_plane_port
NeighborUpdate		544	6	1		New	6		8		1

Time: 18.205300 sec
Broadcast
Packet_Type	Length	Src_nid	Src_port
Hello		80	6	1

Time: 20.221400 sec
Broadcast
Packet_Type	Length	Src_nid	Src_port
Hello		80	6	1

Time: 22.248400 sec
Broadcast
Packet_Type	Length	Src_nid	Src_port
Hello		80	6	1

Time: 24.277500 sec
Broadcast
Packet_Type	Length	Src_nid	Src_port
Hello		80	6	1

