Time: 2.007000 sec
Packet_Type	Length	Src_nid	Src_port
Hello		80	1	1

Time: 2.007100 sec
Packet_Type	Length	Src_nid	Src_port
Hello		80	5	1

Time: 2.009200 sec
Packet_Type	Length	Src_nid	Src_port
Hello		80	2	1

Time: 2.026300 sec
Packet_Type	Length	Src_nid	Src_port
Hello		80	3	1

Time: 2.029400 sec
Packet_Type	Length	Src_nid	Src_port
Hello		80	4	1

Time: 2.059500 sec
Packet_Type	Length	Src_nid	Src_port
Hello		80	6	1

Time: 2.063600 sec
Packet_Type	Length	Src_nid	Src_port
Hello		80	7	1

Time: 2.077700 sec
Packet_Type	Length	Src_nid	Src_port
Hello		80	9	1

Time: 4.012800 sec
Packet_Type	Length	Src_nid	Src_port
Hello		80	1	1

Time: 4.028900 sec
Packet_Type	Length	Src_nid	Src_port
Hello		80	5	1

Time: 4.030000 sec
Packet_Type	Length	Src_nid	Src_port
Hello		80	2	1

Time: 4.049100 sec
Packet_Type	Length	Src_nid	Src_port
Hello		80	3	1

Time: 4.050200 sec
Packet_Type	Length	Src_nid	Src_port
Hello		80	4	1

Time: 4.106300 sec
Packet_Type	Length	Src_nid	Src_port
Hello		80	6	1

Time: 4.112400 sec
Packet_Type	Length	Src_nid	Src_port
Hello		80	7	1

Time: 4.115500 sec
Packet_Type	Length	Src_nid	Src_port
Hello		80	9	1

Time: 6.016600 sec
Packet_Type	Length	Src_nid	Src_port
Hello		80	1	1

Time: 6.038700 sec
Packet_Type	Length	Src_nid	Src_port
Hello		80	2	1

Time: 6.041800 sec
Packet_Type	Length	Src_nid	Src_port
Hello		80	5	1

Time: 6.053900 sec
Packet_Type	Length	Src_nid	Src_port
Hello		80	3	1

Time: 6.091000 sec
Packet_Type	Length	Src_nid	Src_port
Hello		80	4	1

Time: 6.140100 sec
Packet_Type	Length	Src_nid	Src_port
Hello		80	6	1

Time: 6.162200 sec
Packet_Type	Length	Src_nid	Src_port
Hello		80	7	1

Time: 6.169300 sec
Packet_Type	Length	Src_nid	Src_port
Hello		80	9	1

Time: 8.022400 sec
Packet_Type	Length	Src_nid	Src_port
Hello		80	1	1

Time: 8.051500 sec
Packet_Type	Length	Src_nid	Src_port
Hello		80	5	1

Time: 8.059600 sec
Packet_Type	Length	Src_nid	Src_port
Hello		80	2	1

Time: 8.075700 sec
Packet_Type	Length	Src_nid	Src_port
Hello		80	3	1

Time: 8.111800 sec
Packet_Type	Length	Src_nid	Src_port
Hello		80	4	1

Time: 8.175900 sec
Packet_Type	Length	Src_nid	Src_port
Hello		80	6	1

Time: 8.218000 sec
Packet_Type	Length	Src_nid	Src_port
Hello		80	9	1

Time: 10.026100 sec
Packet_Type	Length	Src_nid	Src_port
Hello		80	1	1

Time: 10.078200 sec
Packet_Type	Length	Src_nid	Src_port
Hello		80	3	1

Time: 10.080300 sec
Packet_Type	Length	Src_nid	Src_port
Hello		80	2	1

Time: 10.099400 sec
Packet_Type	Length	Src_nid	Src_port
Hello		80	5	1

Time: 10.229500 sec
Packet_Type	Length	Src_nid	Src_port
Hello		80	9	1

Time: 10.233600 sec
Packet_Type	Length	Src_nid	Src_port
Hello		80	6	1

Time: 10.245700 sec
Packet_Type	Length	Src_nid	Src_port
Hello		80	7	1

Time: 12.034800 sec
Packet_Type	Length	Src_nid	Src_port
Hello		80	1	1

Time: 12.093900 sec
Packet_Type	Length	Src_nid	Src_port
Hello		80	3	1

Time: 12.095000 sec
Packet_Type	Length	Src_nid	Src_port
Hello		80	2	1

Time: 12.103100 sec
Packet_Type	Length	Src_nid	Src_port
Hello		80	5	1

Time: 12.149200 sec
Packet_Type	Length	Src_nid	Src_port
Hello		80	4	1

Time: 12.252300 sec
Packet_Type	Length	Src_nid	Src_port
Hello		80	9	1

Time: 12.273400 sec
Packet_Type	Length	Src_nid	Src_port
Hello		80	7	1

Time: 12.292500 sec
Packet_Type	Length	Src_nid	Src_port
Hello		80	6	1

Time: 14.042600 sec
Packet_Type	Length	Src_nid	Src_port
Hello		80	1	1

Time: 14.118700 sec
Packet_Type	Length	Src_nid	Src_port
Hello		80	3	1

Time: 14.149800 sec
Packet_Type	Length	Src_nid	Src_port
Hello		80	5	1

Time: 14.184900 sec
Packet_Type	Length	Src_nid	Src_port
Hello		80	4	1

Time: 14.291000 sec
Packet_Type	Length	Src_nid	Src_port
Hello		80	7	1

Time: 14.303100 sec
Packet_Type	Length	Src_nid	Src_port
Hello		80	6	1

Time: 14.327200 sec
Packet_Type	Length	Src_nid	Src_port
Hello		80	9	1

Time: 16.052300 sec
Packet_Type	Length	Src_nid	Src_port
Hello		80	1	1

Time: 16.134400 sec
Packet_Type	Length	Src_nid	Src_port
Hello		80	2	1

Time: 16.148500 sec
Packet_Type	Length	Src_nid	Src_port
Hello		80	3	1

Time: 16.155600 sec
Packet_Type	Length	Src_nid	Src_port
Hello		80	5	1

Time: 16.198700 sec
Packet_Type	Length	Src_nid	Src_port
Hello		80	4	1

Time: 16.321800 sec
Packet_Type	Length	Src_nid	Src_port
Hello		80	6	1

Time: 16.329900 sec
Packet_Type	Length	Src_nid	Src_port
Hello		80	9	1

Time: 18.145000 sec
Packet_Type	Length	Src_nid	Src_port
Hello		80	2	1

Time: 18.159100 sec
Packet_Type	Length	Src_nid	Src_port
Hello		80	5	1

Time: 18.178200 sec
Packet_Type	Length	Src_nid	Src_port
Hello		80	3	1

Time: 18.215300 sec
Packet_Type	Length	Src_nid	Src_port
Hello		80	4	1

Time: 18.356400 sec
Packet_Type	Length	Src_nid	Src_port
Hello		80	9	1

Time: 18.375500 sec
Packet_Type	Length	Src_nid	Src_port
Hello		80	6	1

Time: 18.401600 sec
Packet_Type	Length	Src_nid	Src_port
Hello		80	7	1

Time: 18.597625 sec
Packet_Type		Length	Src_Nid	src_port	Option	Center_nid	Neighbor_nid	Data_plane_port
NeighborUpdate		544	10	1		Finish	 		 		 

Time: 18.608725 sec
Packet_Type		Length	Src_Nid	src_port	Option	Center_nid	Neighbor_nid	Data_plane_port
NeighborUpdate		544	10	1		New	8		1		1
 		 	 	 		 	 			5		1
 		 	 	 		 	 			2		1
 		 	 	 		 	 			3		1
 		 	 	 		 	 			4		1
 		 	 	 		 	 			6		1
 		 	 	 		 	 			7		1
 		 	 	 		 	 			9		1

Time: 19.827825 sec
Packet_Type		Length	Src_nid	Src_port	Option	Origin_nid	Destination_nid	Next_hop_nid
UpdateDataPlaneRouting	796	10	1		New	8		3		3
 		 	 	 		 		 		4		4
 		 	 	 		 		 		7		7

Time: 19.828925 sec
Packet_Type		Length	Src_nid	Src_port	Option	Origin_nid	Destination_nid	Next_hop_nid
UpdateDataPlaneRouting	796	10	1		Finish	 		 		 

Time: 19.839025 sec
Packet_Type		Length	Src_nid	Src_port	Option	Origin_nid	Destination_nid	Next_hop_nid
UpdateDataPlaneRouting	796	10	1		New	8		3		3
 		 	 	 		 		 		4		4
 		 	 	 		 		 		7		7

Time: 19.841125 sec
Packet_Type		Length	Src_nid	Src_port	Option	Origin_nid	Destination_nid	Next_hop_nid
UpdateDataPlaneRouting	796	10	1		Finish	 		 		 

Time: 19.858225 sec
Packet_Type		Length	Src_nid	Src_port	Option	Origin_nid	Destination_nid	Next_hop_nid
UpdateDataPlaneRouting	796	10	1		New	8		3		3
 		 	 	 		 		 		4		4
 		 	 	 		 		 		7		7

Time: 20.066700 sec
Packet_Type	Length	Src_nid	Src_port
Hello		80	1	1

Time: 20.161800 sec
Packet_Type	Length	Src_nid	Src_port
Hello		80	2	1

Time: 20.177900 sec
Packet_Type	Length	Src_nid	Src_port
Hello		80	5	1

Time: 20.195000 sec
Packet_Type	Length	Src_nid	Src_port
Hello		80	3	1

Time: 20.236100 sec
Packet_Type	Length	Src_nid	Src_port
Hello		80	4	1

Time: 20.380200 sec
Packet_Type	Length	Src_nid	Src_port
Hello		80	6	1

Time: 20.394300 sec
Packet_Type	Length	Src_nid	Src_port
Hello		80	9	1

Time: 20.422400 sec
Packet_Type	Length	Src_nid	Src_port
Hello		80	7	1

Time: 20.429359 sec
Packet_Type		Length	Src_Nid	src_port	Option	Center_nid	Neighbor_nid	Data_plane_port
NeighborUpdate		544	10	1		New	8		1		1
 		 	 	 		 	 			5		1
 		 	 	 		 	 			2		1
 		 	 	 		 	 			3		1
 		 	 	 		 	 			4		1
 		 	 	 		 	 			6		1
 		 	 	 		 	 			7		1
 		 	 	 		 	 			9		1

Time: 20.436659 sec
Packet_Type		Length	Src_Nid	src_port	Option	Center_nid	Neighbor_nid	Data_plane_port
NeighborUpdate		544	10	1		Finish	 		 		 

Time: 22.072500 sec
Packet_Type	Length	Src_nid	Src_port
Hello		80	1	1

Time: 22.167600 sec
Packet_Type	Length	Src_nid	Src_port
Hello		80	2	1

Time: 22.217700 sec
Packet_Type	Length	Src_nid	Src_port
Hello		80	5	1

Time: 22.218800 sec
Packet_Type	Length	Src_nid	Src_port
Hello		80	3	1

Time: 22.263900 sec
Packet_Type	Length	Src_nid	Src_port
Hello		80	4	1

Time: 22.398000 sec
Packet_Type	Length	Src_nid	Src_port
Hello		80	6	1

Time: 22.487100 sec
Packet_Type	Length	Src_nid	Src_port
Hello		80	7	1

Time: 22.875603 sec
Packet_Type		Length	Src_Nid	src_port	Option	Center_nid	Neighbor_nid	Data_plane_port
NeighborUpdate		544	10	1		New	7		1		1
 		 	 	 		 	 			5		1
 		 	 	 		 	 			2		1
 		 	 	 		 	 			3		1
 		 	 	 		 	 			6		1
 		 	 	 		 	 			8		1
 		 	 	 		 	 			9		1
 		 	 	 		 	 			4		1

Time: 23.066452 sec
Packet_Type		Length	Src_nid	Src_port	Option	Origin_nid	Destination_nid	Next_hop_nid
UpdateDataPlaneRouting	796	10	1		New	8		3		3
 		 	 	 		 		 		4		4
 		 	 	 		 		 		5		5
 		 	 	 		 		 		6		6
 		 	 	 		 		 		7		7
 		 	 	 		 		 		9		9

Time: 23.067552 sec
Packet_Type		Length	Src_nid	Src_port	Option	Origin_nid	Destination_nid	Next_hop_nid
UpdateDataPlaneRouting	796	10	1		Finish	 		 		 

Time: 24.081200 sec
Packet_Type	Length	Src_nid	Src_port
Hello		80	1	1

Time: 24.178300 sec
Packet_Type	Length	Src_nid	Src_port
Hello		80	2	1

Time: 24.248400 sec
Packet_Type	Length	Src_nid	Src_port
Hello		80	3	1

Time: 24.268500 sec
Packet_Type	Length	Src_nid	Src_port
Hello		80	5	1

Time: 24.289600 sec
Packet_Type	Length	Src_nid	Src_port
Hello		80	4	1

Time: 24.406700 sec
Packet_Type	Length	Src_nid	Src_port
Hello		80	6	1

Time: 24.489800 sec
Packet_Type	Length	Src_nid	Src_port
Hello		80	7	1

Time: 25.495252 sec
Packet_Type		Length	Src_nid	Src_port	Option	Origin_nid	Destination_nid	Next_hop_nid
UpdateDataPlaneRouting	796	10	1		New	8		3		3
 		 	 	 		 		 		4		4
 		 	 	 		 		 		5		5
 		 	 	 		 		 		6		6
 		 	 	 		 		 		7		7
 		 	 	 		 		 		9		9

Time: 25.496352 sec
Packet_Type		Length	Src_nid	Src_port	Option	Origin_nid	Destination_nid	Next_hop_nid
UpdateDataPlaneRouting	796	10	1		Finish	 		 		 

Time: 25.514452 sec
Packet_Type		Length	Src_nid	Src_port	Option	Origin_nid	Destination_nid	Next_hop_nid
UpdateDataPlaneRouting	796	10	1		New	8		3		3
 		 	 	 		 		 		4		4
 		 	 	 		 		 		5		5
 		 	 	 		 		 		6		6
 		 	 	 		 		 		7		7
 		 	 	 		 		 		9		4

Time: 25.515552 sec
Packet_Type		Length	Src_nid	Src_port	Option	Origin_nid	Destination_nid	Next_hop_nid
UpdateDataPlaneRouting	796	10	1		Finish	 		 		 

Time: 25.530652 sec
Packet_Type		Length	Src_nid	Src_port	Option	Origin_nid	Destination_nid	Next_hop_nid
UpdateDataPlaneRouting	796	10	1		New	8		3		3
 		 	 	 		 		 		4		4
 		 	 	 		 		 		5		5
 		 	 	 		 		 		6		6
 		 	 	 		 		 		7		7
 		 	 	 		 		 		9		6

Time: 25.532752 sec
Packet_Type		Length	Src_nid	Src_port	Option	Origin_nid	Destination_nid	Next_hop_nid
UpdateDataPlaneRouting	796	10	1		Finish	 		 		 

Time: 25.742009 sec
Packet_Type		Length	Src_nid	Src_port	Option	Origin_nid	Destination_nid	Next_hop_nid
UpdateDataPlaneRouting	796	10	1		New	8		3		3
 		 	 	 		 		 		4		4
 		 	 	 		 		 		5		5
 		 	 	 		 		 		6		6
 		 	 	 		 		 		7		7

Time: 25.743109 sec
Packet_Type		Length	Src_nid	Src_port	Option	Origin_nid	Destination_nid	Next_hop_nid
UpdateDataPlaneRouting	796	10	1		Finish	 		 		 

Time: 26.083900 sec
Packet_Type	Length	Src_nid	Src_port
Hello		80	1	1

Time: 26.194000 sec
Packet_Type	Length	Src_nid	Src_port
Hello		80	2	1

Time: 26.273100 sec
Packet_Type	Length	Src_nid	Src_port
Hello		80	3	1

Time: 26.310200 sec
Packet_Type	Length	Src_nid	Src_port
Hello		80	4	1

Time: 26.316300 sec
Packet_Type	Length	Src_nid	Src_port
Hello		80	5	1

Time: 26.348675 sec
Packet_Type		Length	Src_nid	Src_port	Option	Origin_nid	Destination_nid	Next_hop_nid
UpdateDataPlaneRouting	796	10	1		New	8		3		3
 		 	 	 		 		 		4		4
 		 	 	 		 		 		5		5
 		 	 	 		 		 		6		6
 		 	 	 		 		 		7		7

Time: 26.349775 sec
Packet_Type		Length	Src_nid	Src_port	Option	Origin_nid	Destination_nid	Next_hop_nid
UpdateDataPlaneRouting	796	10	1		Finish	 		 		 

Time: 26.549400 sec
Packet_Type	Length	Src_nid	Src_port
Hello		80	7	1

Time: 28.095500 sec
Packet_Type	Length	Src_nid	Src_port
Hello		80	1	1

Time: 28.218600 sec
Packet_Type	Length	Src_nid	Src_port
Hello		80	2	1

Time: 28.296700 sec
Packet_Type	Length	Src_nid	Src_port
Hello		80	3	1

Time: 28.350800 sec
Packet_Type	Length	Src_nid	Src_port
Hello		80	4	1

Time: 28.358900 sec
Packet_Type	Length	Src_nid	Src_port
Hello		80	5	1

Time: 28.423192 sec
Packet_Type		Length	Src_nid	Src_port	Option	Origin_nid	Destination_nid	Next_hop_nid
UpdateDataPlaneRouting	796	10	1		New	8		3		3
 		 	 	 		 		 		4		4
 		 	 	 		 		 		5		5
 		 	 	 		 		 		6		6
 		 	 	 		 		 		7		7

Time: 28.425292 sec
Packet_Type		Length	Src_nid	Src_port	Option	Origin_nid	Destination_nid	Next_hop_nid
UpdateDataPlaneRouting	796	10	1		Finish	 		 		 

Time: 28.603000 sec
Packet_Type	Length	Src_nid	Src_port
Hello		80	7	1

Time: 28.627100 sec
Packet_Type	Length	Src_nid	Src_port
Hello		80	9	1

Time: 28.743106 sec
Packet_Type		Length	Src_nid	Src_port	Option	Origin_nid	Destination_nid	Next_hop_nid
UpdateDataPlaneRouting	796	10	1		New	8		3		3
 		 	 	 		 		 		4		4
 		 	 	 		 		 		5		5
 		 	 	 		 		 		6		6
 		 	 	 		 		 		7		7
 		 	 	 		 		 		9		9

Time: 28.744206 sec
Packet_Type		Length	Src_nid	Src_port	Option	Origin_nid	Destination_nid	Next_hop_nid
UpdateDataPlaneRouting	796	10	1		Finish	 		 		 

Time: 28.872306 sec
Packet_Type		Length	Src_nid	Src_port	Option	Origin_nid	Destination_nid	Next_hop_nid
UpdateDataPlaneRouting	796	10	1		New	8		3		3
 		 	 	 		 		 		4		4
 		 	 	 		 		 		5		5
 		 	 	 		 		 		6		6
 		 	 	 		 		 		7		7
 		 	 	 		 		 		9		9

Time: 28.876406 sec
Packet_Type		Length	Src_nid	Src_port	Option	Origin_nid	Destination_nid	Next_hop_nid
UpdateDataPlaneRouting	796	10	1		Finish	 		 		 

Time: 28.900506 sec
Packet_Type		Length	Src_nid	Src_port	Option	Origin_nid	Destination_nid	Next_hop_nid
UpdateDataPlaneRouting	796	10	1		New	8		3		3
 		 	 	 		 		 		4		4
 		 	 	 		 		 		5		5
 		 	 	 		 		 		6		6
 		 	 	 		 		 		7		7
 		 	 	 		 		 		9		9

Time: 28.904606 sec
Packet_Type		Length	Src_nid	Src_port	Option	Origin_nid	Destination_nid	Next_hop_nid
UpdateDataPlaneRouting	796	10	1		Finish	 		 		 

Time: 28.931706 sec
Packet_Type		Length	Src_nid	Src_port	Option	Origin_nid	Destination_nid	Next_hop_nid
UpdateDataPlaneRouting	796	10	1		New	8		3		3
 		 	 	 		 		 		4		4
 		 	 	 		 		 		5		5
 		 	 	 		 		 		6		6
 		 	 	 		 		 		7		7
 		 	 	 		 		 		9		9

Time: 28.932806 sec
Packet_Type		Length	Src_nid	Src_port	Option	Origin_nid	Destination_nid	Next_hop_nid
UpdateDataPlaneRouting	796	10	1		Finish	 		 		 

Time: 28.988906 sec
Packet_Type		Length	Src_nid	Src_port	Option	Origin_nid	Destination_nid	Next_hop_nid
UpdateDataPlaneRouting	796	10	1		New	8		3		3
 		 	 	 		 		 		4		4
 		 	 	 		 		 		5		5
 		 	 	 		 		 		6		6
 		 	 	 		 		 		7		7
 		 	 	 		 		 		9		9

Time: 28.994006 sec
Packet_Type		Length	Src_nid	Src_port	Option	Origin_nid	Destination_nid	Next_hop_nid
UpdateDataPlaneRouting	796	10	1		Finish	 		 		 

Time: 29.755306 sec
Packet_Type		Length	Src_nid	Src_port	Option	Origin_nid	Destination_nid	Next_hop_nid
UpdateDataPlaneRouting	796	10	1		New	8		3		3
 		 	 	 		 		 		4		4
 		 	 	 		 		 		5		5
 		 	 	 		 		 		6		6
 		 	 	 		 		 		7		7
 		 	 	 		 		 		9		9

Time: 29.759406 sec
Packet_Type		Length	Src_nid	Src_port	Option	Origin_nid	Destination_nid	Next_hop_nid
UpdateDataPlaneRouting	796	10	1		Finish	 		 		 

Time: 29.794506 sec
Packet_Type		Length	Src_nid	Src_port	Option	Origin_nid	Destination_nid	Next_hop_nid
UpdateDataPlaneRouting	796	10	1		New	8		3		3
 		 	 	 		 		 		4		4
 		 	 	 		 		 		5		5
 		 	 	 		 		 		6		6
 		 	 	 		 		 		7		7
 		 	 	 		 		 		9		9

Time: 29.795606 sec
Packet_Type		Length	Src_nid	Src_port	Option	Origin_nid	Destination_nid	Next_hop_nid
UpdateDataPlaneRouting	796	10	1		Finish	 		 		 

Time: 29.822706 sec
Packet_Type		Length	Src_nid	Src_port	Option	Origin_nid	Destination_nid	Next_hop_nid
UpdateDataPlaneRouting	796	10	1		New	8		3		3
 		 	 	 		 		 		4		4
 		 	 	 		 		 		5		5
 		 	 	 		 		 		6		6
 		 	 	 		 		 		7		7
 		 	 	 		 		 		9		9

Time: 29.826806 sec
Packet_Type		Length	Src_nid	Src_port	Option	Origin_nid	Destination_nid	Next_hop_nid
UpdateDataPlaneRouting	796	10	1		Finish	 		 		 

Time: 30.099200 sec
Packet_Type	Length	Src_nid	Src_port
Hello		80	1	1

Time: 30.192089 sec
Packet_Type		Length	Src_nid	Src_port	Option	Origin_nid	Destination_nid	Next_hop_nid
UpdateDataPlaneRouting	796	10	1		New	8		3		3
 		 	 	 		 		 		4		4
 		 	 	 		 		 		5		5
 		 	 	 		 		 		7		7
 		 	 	 		 		 		9		9

Time: 30.197189 sec
Packet_Type		Length	Src_nid	Src_port	Option	Origin_nid	Destination_nid	Next_hop_nid
UpdateDataPlaneRouting	796	10	1		Finish	 		 		 

Time: 30.321300 sec
Packet_Type	Length	Src_nid	Src_port
Hello		80	3	1

Time: 30.380400 sec
Packet_Type	Length	Src_nid	Src_port
Hello		80	5	1

Time: 30.603500 sec
Packet_Type	Length	Src_nid	Src_port
Hello		80	7	1

Time: 30.641600 sec
Packet_Type	Length	Src_nid	Src_port
Hello		80	9	1

Time: 30.974442 sec
Packet_Type		Length	Src_nid	Src_port	Option	Origin_nid	Destination_nid	Next_hop_nid
UpdateDataPlaneRouting	796	10	1		New	8		3		3
 		 	 	 		 		 		4		4
 		 	 	 		 		 		5		5
 		 	 	 		 		 		7		7
 		 	 	 		 		 		9		9

Time: 30.976542 sec
Packet_Type		Length	Src_nid	Src_port	Option	Origin_nid	Destination_nid	Next_hop_nid
UpdateDataPlaneRouting	796	10	1		Finish	 		 		 

Time: 32.109700 sec
Packet_Type	Length	Src_nid	Src_port
Hello		80	1	1

Time: 32.228800 sec
Packet_Type	Length	Src_nid	Src_port
Hello		80	2	1

Time: 32.327900 sec
Packet_Type	Length	Src_nid	Src_port
Hello		80	3	1

Time: 32.376000 sec
Packet_Type	Length	Src_nid	Src_port
Hello		80	4	1

Time: 32.424100 sec
Packet_Type	Length	Src_nid	Src_port
Hello		80	5	1

Time: 32.653200 sec
Packet_Type	Length	Src_nid	Src_port
Hello		80	9	1

Time: 32.673300 sec
Packet_Type	Length	Src_nid	Src_port
Hello		80	7	1

Time: 34.110400 sec
Packet_Type	Length	Src_nid	Src_port
Hello		80	1	1

Time: 34.343500 sec
Packet_Type	Length	Src_nid	Src_port
Hello		80	3	1

Time: 34.417600 sec
Packet_Type	Length	Src_nid	Src_port
Hello		80	4	1

Time: 34.468700 sec
Packet_Type	Length	Src_nid	Src_port
Hello		80	5	1

Time: 34.737800 sec
Packet_Type	Length	Src_nid	Src_port
Hello		80	9	1

Time: 36.118900 sec
Packet_Type	Length	Src_nid	Src_port
Hello		80	1	1

Time: 36.368000 sec
Packet_Type	Length	Src_nid	Src_port
Hello		80	3	1

Time: 36.484100 sec
Packet_Type	Length	Src_nid	Src_port
Hello		80	5	1

Time: 36.756200 sec
Packet_Type	Length	Src_nid	Src_port
Hello		80	9	1

Time: 38.125300 sec
Packet_Type	Length	Src_nid	Src_port
Hello		80	1	1

Time: 38.264400 sec
Packet_Type	Length	Src_nid	Src_port
Hello		80	2	1

Time: 38.381500 sec
Packet_Type	Length	Src_nid	Src_port
Hello		80	3	1

Time: 38.468600 sec
Packet_Type	Length	Src_nid	Src_port
Hello		80	4	1

Time: 38.534700 sec
Packet_Type	Length	Src_nid	Src_port
Hello		80	5	1

Time: 38.789800 sec
Packet_Type	Length	Src_nid	Src_port
Hello		80	9	1

Time: 40.137900 sec
Packet_Type	Length	Src_nid	Src_port
Hello		80	1	1

Time: 40.281000 sec
Packet_Type	Length	Src_nid	Src_port
Hello		80	2	1

Time: 40.401100 sec
Packet_Type	Length	Src_nid	Src_port
Hello		80	3	1

Time: 40.548200 sec
Packet_Type	Length	Src_nid	Src_port
Hello		80	5	1

Time: 40.776300 sec
Packet_Type	Length	Src_nid	Src_port
Hello		80	7	1

Time: 40.798400 sec
Packet_Type	Length	Src_nid	Src_port
Hello		80	9	1

Time: 42.034558 sec
Packet_Type		Length	Src_Nid	src_port	Option	Center_nid	Neighbor_nid	Data_plane_port
NeighborUpdate		544	10	1		Finish	 		 		 

Time: 42.145500 sec
Packet_Type	Length	Src_nid	Src_port
Hello		80	1	1

Time: 42.289600 sec
Packet_Type	Length	Src_nid	Src_port
Hello		80	2	1

Time: 42.420700 sec
Packet_Type	Length	Src_nid	Src_port
Hello		80	3	1

Time: 42.423058 sec
Packet_Type		Length	Src_nid	Src_port	Option	Origin_nid	Destination_nid	Next_hop_nid
UpdateDataPlaneRouting	796	10	1		New	8		3		3
 		 	 	 		 		 		4		4
 		 	 	 		 		 		5		5
 		 	 	 		 		 		7		4
 		 	 	 		 		 		9		9

Time: 42.428158 sec
Packet_Type		Length	Src_nid	Src_port	Option	Origin_nid	Destination_nid	Next_hop_nid
UpdateDataPlaneRouting	796	10	1		Finish	 		 		 

Time: 42.513800 sec
Packet_Type	Length	Src_nid	Src_port
Hello		80	4	1

Time: 42.555900 sec
Packet_Type	Length	Src_nid	Src_port
Hello		80	5	1

Time: 42.714858 sec
Packet_Type		Length	Src_nid	Src_port	Option	Origin_nid	Destination_nid	Next_hop_nid
UpdateDataPlaneRouting	796	10	1		New	8		3		3
 		 	 	 		 		 		4		4
 		 	 	 		 		 		5		5
 		 	 	 		 		 		7		3
 		 	 	 		 		 		9		9

Time: 42.715958 sec
Packet_Type		Length	Src_nid	Src_port	Option	Origin_nid	Destination_nid	Next_hop_nid
UpdateDataPlaneRouting	796	10	1		Finish	 		 		 

Time: 42.824000 sec
Packet_Type	Length	Src_nid	Src_port
Hello		80	7	1

Time: 42.833100 sec
Packet_Type	Length	Src_nid	Src_port
Hello		80	9	1

Time: 44.146200 sec
Packet_Type	Length	Src_nid	Src_port
Hello		80	1	1

Time: 44.292300 sec
Packet_Type	Length	Src_nid	Src_port
Hello		80	2	1

Time: 44.439400 sec
Packet_Type	Length	Src_nid	Src_port
Hello		80	3	1

Time: 44.545500 sec
Packet_Type	Length	Src_nid	Src_port
Hello		80	4	1

Time: 44.829538 sec
Packet_Type		Length	Src_nid	Src_port	Option	Origin_nid	Destination_nid	Next_hop_nid
UpdateDataPlaneRouting	796	10	1		New	8		3		3
 		 	 	 		 		 		4		4
 		 	 	 		 		 		5		5
 		 	 	 		 		 		7		7
 		 	 	 		 		 		9		9

Time: 44.833638 sec
Packet_Type		Length	Src_nid	Src_port	Option	Origin_nid	Destination_nid	Next_hop_nid
UpdateDataPlaneRouting	796	10	1		Finish	 		 		 

Time: 44.865600 sec
Packet_Type	Length	Src_nid	Src_port
Hello		80	7	1

Time: 44.881700 sec
Packet_Type	Length	Src_nid	Src_port
Hello		80	9	1

Time: 45.437304 sec
Packet_Type		Length	Src_nid	Src_port	Option	Origin_nid	Destination_nid	Next_hop_nid
UpdateDataPlaneRouting	796	10	1		New	8		3		3
 		 	 	 		 		 		4		4
 		 	 	 		 		 		5		5
 		 	 	 		 		 		7		7
 		 	 	 		 		 		9		9

Time: 45.438404 sec
Packet_Type		Length	Src_nid	Src_port	Option	Origin_nid	Destination_nid	Next_hop_nid
UpdateDataPlaneRouting	796	10	1		Finish	 		 		 

Time: 45.555918 sec
Packet_Type		Length	Src_nid	Src_port	Option	Origin_nid	Destination_nid	Next_hop_nid
UpdateDataPlaneRouting	796	10	1		New	8		3		3
 		 	 	 		 		 		4		4
 		 	 	 		 		 		5		5
 		 	 	 		 		 		7		7
 		 	 	 		 		 		9		9

Time: 45.558018 sec
Packet_Type		Length	Src_nid	Src_port	Option	Origin_nid	Destination_nid	Next_hop_nid
UpdateDataPlaneRouting	796	10	1		Finish	 		 		 

Time: 46.153800 sec
Packet_Type	Length	Src_nid	Src_port
Hello		80	1	1

Time: 46.311900 sec
Packet_Type	Length	Src_nid	Src_port
Hello		80	2	1

Time: 46.448000 sec
Packet_Type	Length	Src_nid	Src_port
Hello		80	3	1

Time: 46.555100 sec
Packet_Type	Length	Src_nid	Src_port
Hello		80	4	1

Time: 46.880200 sec
Packet_Type	Length	Src_nid	Src_port
Hello		80	7	1

Time: 46.904300 sec
Packet_Type	Length	Src_nid	Src_port
Hello		80	9	1

Time: 47.592518 sec
Packet_Type		Length	Src_nid	Src_port	Option	Origin_nid	Destination_nid	Next_hop_nid
UpdateDataPlaneRouting	796	10	1		New	8		3		3
 		 	 	 		 		 		4		4
 		 	 	 		 		 		5		5
 		 	 	 		 		 		7		7
 		 	 	 		 		 		9		9

Time: 47.595618 sec
Packet_Type		Length	Src_nid	Src_port	Option	Origin_nid	Destination_nid	Next_hop_nid
UpdateDataPlaneRouting	796	10	1		Finish	 		 		 

Time: 47.622718 sec
Packet_Type		Length	Src_nid	Src_port	Option	Origin_nid	Destination_nid	Next_hop_nid
UpdateDataPlaneRouting	796	10	1		New	8		3		3
 		 	 	 		 		 		4		4
 		 	 	 		 		 		5		5
 		 	 	 		 		 		7		7
 		 	 	 		 		 		9		9

Time: 47.626818 sec
Packet_Type		Length	Src_nid	Src_port	Option	Origin_nid	Destination_nid	Next_hop_nid
UpdateDataPlaneRouting	796	10	1		Finish	 		 		 

Time: 47.663918 sec
Packet_Type		Length	Src_nid	Src_port	Option	Origin_nid	Destination_nid	Next_hop_nid
UpdateDataPlaneRouting	796	10	1		New	8		3		3
 		 	 	 		 		 		4		4
 		 	 	 		 		 		5		7
 		 	 	 		 		 		7		7
 		 	 	 		 		 		9		9

Time: 47.666018 sec
Packet_Type		Length	Src_nid	Src_port	Option	Origin_nid	Destination_nid	Next_hop_nid
UpdateDataPlaneRouting	796	10	1		Finish	 		 		 

Time: 47.742064 sec
Packet_Type		Length	Src_nid	Src_port	Option	Origin_nid	Destination_nid	Next_hop_nid
UpdateDataPlaneRouting	796	10	1		New	8		3		3
 		 	 	 		 		 		4		4
 		 	 	 		 		 		5		7
 		 	 	 		 		 		7		7
 		 	 	 		 		 		9		9

Time: 47.748164 sec
Packet_Type		Length	Src_nid	Src_port	Option	Origin_nid	Destination_nid	Next_hop_nid
UpdateDataPlaneRouting	796	10	1		Finish	 		 		 

Time: 48.160400 sec
Packet_Type	Length	Src_nid	Src_port
Hello		80	1	1

Time: 48.331500 sec
Packet_Type	Length	Src_nid	Src_port
Hello		80	2	1

Time: 48.467600 sec
Packet_Type	Length	Src_nid	Src_port
Hello		80	3	1

Time: 48.592700 sec
Packet_Type	Length	Src_nid	Src_port
Hello		80	4	1

Time: 48.620800 sec
Packet_Type	Length	Src_nid	Src_port
Hello		80	5	1

Time: 48.668264 sec
Packet_Type		Length	Src_nid	Src_port	Option	Origin_nid	Destination_nid	Next_hop_nid
UpdateDataPlaneRouting	796	10	1		New	8		3		3
 		 	 	 		 		 		4		4
 		 	 	 		 		 		5		4
 		 	 	 		 		 		7		7
 		 	 	 		 		 		9		9

Time: 48.671364 sec
Packet_Type		Length	Src_nid	Src_port	Option	Origin_nid	Destination_nid	Next_hop_nid
UpdateDataPlaneRouting	796	10	1		Finish	 		 		 

Time: 48.707464 sec
Packet_Type		Length	Src_nid	Src_port	Option	Origin_nid	Destination_nid	Next_hop_nid
UpdateDataPlaneRouting	796	10	1		New	8		3		3
 		 	 	 		 		 		4		4
 		 	 	 		 		 		5		5
 		 	 	 		 		 		7		7
 		 	 	 		 		 		9		9

Time: 48.712564 sec
Packet_Type		Length	Src_nid	Src_port	Option	Origin_nid	Destination_nid	Next_hop_nid
UpdateDataPlaneRouting	796	10	1		Finish	 		 		 

Time: 48.741664 sec
Packet_Type		Length	Src_nid	Src_port	Option	Origin_nid	Destination_nid	Next_hop_nid
UpdateDataPlaneRouting	796	10	1		New	8		3		3
 		 	 	 		 		 		4		4
 		 	 	 		 		 		5		5
 		 	 	 		 		 		7		7
 		 	 	 		 		 		9		9

Time: 48.743764 sec
Packet_Type		Length	Src_nid	Src_port	Option	Origin_nid	Destination_nid	Next_hop_nid
UpdateDataPlaneRouting	796	10	1		Finish	 		 		 

Time: 48.766864 sec
Packet_Type		Length	Src_nid	Src_port	Option	Origin_nid	Destination_nid	Next_hop_nid
UpdateDataPlaneRouting	796	10	1		New	8		3		3
 		 	 	 		 		 		4		4
 		 	 	 		 		 		5		5
 		 	 	 		 		 		7		7
 		 	 	 		 		 		9		9

Time: 48.772964 sec
Packet_Type		Length	Src_nid	Src_port	Option	Origin_nid	Destination_nid	Next_hop_nid
UpdateDataPlaneRouting	796	10	1		Finish	 		 		 

Time: 48.894900 sec
Packet_Type	Length	Src_nid	Src_port
Hello		80	7	1

Time: 48.943000 sec
Packet_Type	Length	Src_nid	Src_port
Hello		80	9	1

Time: 50.172100 sec
Packet_Type	Length	Src_nid	Src_port
Hello		80	1	1

Time: 50.337200 sec
Packet_Type	Length	Src_nid	Src_port
Hello		80	2	1

Time: 50.468300 sec
Packet_Type	Length	Src_nid	Src_port
Hello		80	3	1

Time: 50.624400 sec
Packet_Type	Length	Src_nid	Src_port
Hello		80	4	1

Time: 50.669500 sec
Packet_Type	Length	Src_nid	Src_port
Hello		80	5	1

Time: 50.755820 sec
Packet_Type		Length	Src_nid	Src_port	Option	Origin_nid	Destination_nid	Next_hop_nid
UpdateDataPlaneRouting	796	10	1		New	8		3		3
 		 	 	 		 		 		4		4
 		 	 	 		 		 		5		5
 		 	 	 		 		 		7		7
 		 	 	 		 		 		9		9

Time: 50.756920 sec
Packet_Type		Length	Src_nid	Src_port	Option	Origin_nid	Destination_nid	Next_hop_nid
UpdateDataPlaneRouting	796	10	1		Finish	 		 		 

Time: 50.958600 sec
Packet_Type	Length	Src_nid	Src_port
Hello		80	7	1

Time: 51.011700 sec
Packet_Type	Length	Src_nid	Src_port
Hello		80	9	1

Time: 52.173800 sec
Packet_Type	Length	Src_nid	Src_port
Hello		80	1	1

Time: 52.351900 sec
Packet_Type	Length	Src_nid	Src_port
Hello		80	2	1

Time: 52.501000 sec
Packet_Type	Length	Src_nid	Src_port
Hello		80	3	1

Time: 52.646100 sec
Packet_Type	Length	Src_nid	Src_port
Hello		80	4	1

Time: 52.717200 sec
Packet_Type	Length	Src_nid	Src_port
Hello		80	5	1

Time: 52.975300 sec
Packet_Type	Length	Src_nid	Src_port
Hello		80	7	1

Time: 53.044400 sec
Packet_Type	Length	Src_nid	Src_port
Hello		80	9	1

Time: 54.360500 sec
Packet_Type	Length	Src_nid	Src_port
Hello		80	2	1

Time: 54.529600 sec
Packet_Type	Length	Src_nid	Src_port
Hello		80	3	1

Time: 54.719700 sec
Packet_Type	Length	Src_nid	Src_port
Hello		80	5	1

Time: 54.986800 sec
Packet_Type	Length	Src_nid	Src_port
Hello		80	7	1

Time: 55.074900 sec
Packet_Type	Length	Src_nid	Src_port
Hello		80	9	1

Time: 56.192000 sec
Packet_Type	Length	Src_nid	Src_port
Hello		80	1	1

Time: 56.557100 sec
Packet_Type	Length	Src_nid	Src_port
Hello		80	3	1

Time: 56.679200 sec
Packet_Type	Length	Src_nid	Src_port
Hello		80	4	1

Time: 56.722300 sec
Packet_Type	Length	Src_nid	Src_port
Hello		80	5	1

Time: 57.006400 sec
Packet_Type	Length	Src_nid	Src_port
Hello		80	7	1

Time: 57.138500 sec
Packet_Type	Length	Src_nid	Src_port
Hello		80	9	1

Time: 58.194600 sec
Packet_Type	Length	Src_nid	Src_port
Hello		80	1	1

Time: 58.386700 sec
Packet_Type	Length	Src_nid	Src_port
Hello		80	2	1

Time: 58.569800 sec
Packet_Type	Length	Src_nid	Src_port
Hello		80	3	1

Time: 58.681900 sec
Packet_Type	Length	Src_nid	Src_port
Hello		80	4	1

Time: 58.751000 sec
Packet_Type	Length	Src_nid	Src_port
Hello		80	5	1

Time: 59.026100 sec
Packet_Type	Length	Src_nid	Src_port
Hello		80	7	1

Time: 60.172292 sec
Packet_Type		Length	Src_Nid	src_port	Option	Center_nid	Neighbor_nid	Data_plane_port
NeighborUpdate		544	10	1		Finish	 		 		 

Time: 60.200200 sec
Packet_Type	Length	Src_nid	Src_port
Hello		80	1	1

Time: 60.406300 sec
Packet_Type	Length	Src_nid	Src_port
Hello		80	2	1

Time: 60.585400 sec
Packet_Type	Length	Src_nid	Src_port
Hello		80	3	1

Time: 60.666747 sec
Packet_Type		Length	Src_nid	Src_port	Option	Origin_nid	Destination_nid	Next_hop_nid
UpdateDataPlaneRouting	796	10	1		New	8		3		3
 		 	 	 		 		 		4		4
 		 	 	 		 		 		5		5
 		 	 	 		 		 		7		7
 		 	 	 		 		 		9		9

Time: 60.667847 sec
Packet_Type		Length	Src_nid	Src_port	Option	Origin_nid	Destination_nid	Next_hop_nid
UpdateDataPlaneRouting	796	10	1		Finish	 		 		 

Time: 60.705500 sec
Packet_Type	Length	Src_nid	Src_port
Hello		80	4	1

Time: 60.759147 sec
Packet_Type		Length	Src_nid	Src_port	Option	Origin_nid	Destination_nid	Next_hop_nid
UpdateDataPlaneRouting	796	10	1		New	8		2		2
 		 	 	 		 		 		3		3
 		 	 	 		 		 		4		4
 		 	 	 		 		 		5		5
 		 	 	 		 		 		6		2
 		 	 	 		 		 		7		7
 		 	 	 		 		 		9		9

Time: 60.761247 sec
Packet_Type		Length	Src_nid	Src_port	Option	Origin_nid	Destination_nid	Next_hop_nid
UpdateDataPlaneRouting	796	10	1		Finish	 		 		 

Time: 60.771600 sec
Packet_Type	Length	Src_nid	Src_port
Hello		80	5	1

Time: 61.069700 sec
Packet_Type	Length	Src_nid	Src_port
Hello		80	7	1

Time: 61.581890 sec
Packet_Type		Length	Src_nid	Src_port	Option	Origin_nid	Destination_nid	Next_hop_nid
UpdateDataPlaneRouting	796	10	1		New	8		2		2
 		 	 	 		 		 		3		3
 		 	 	 		 		 		4		4
 		 	 	 		 		 		5		5
 		 	 	 		 		 		7		7
 		 	 	 		 		 		9		9

Time: 61.583990 sec
Packet_Type		Length	Src_nid	Src_port	Option	Origin_nid	Destination_nid	Next_hop_nid
UpdateDataPlaneRouting	796	10	1		Finish	 		 		 

Time: 62.202800 sec
Packet_Type	Length	Src_nid	Src_port
Hello		80	1	1

Time: 62.603900 sec
Packet_Type	Length	Src_nid	Src_port
Hello		80	3	1

Time: 62.710000 sec
Packet_Type	Length	Src_nid	Src_port
Hello		80	4	1

Time: 62.796100 sec
Packet_Type	Length	Src_nid	Src_port
Hello		80	5	1

Time: 63.100200 sec
Packet_Type	Length	Src_nid	Src_port
Hello		80	7	1

Time: 64.205300 sec
Packet_Type	Length	Src_nid	Src_port
Hello		80	1	1

Time: 64.623400 sec
Packet_Type	Length	Src_nid	Src_port
Hello		80	3	1

Time: 64.824500 sec
Packet_Type	Length	Src_nid	Src_port
Hello		80	5	1

Time: 65.065600 sec
Packet_Type	Length	Src_nid	Src_port
Hello		80	4	1

Time: 65.299700 sec
Packet_Type	Length	Src_nid	Src_port
Hello		80	9	1

Time: 66.213800 sec
Packet_Type	Length	Src_nid	Src_port
Hello		80	1	1

Time: 66.642900 sec
Packet_Type	Length	Src_nid	Src_port
Hello		80	3	1

Time: 66.779000 sec
Packet_Type	Length	Src_nid	Src_port
Hello		80	4	1

Time: 66.850100 sec
Packet_Type	Length	Src_nid	Src_port
Hello		80	5	1

Time: 67.173200 sec
Packet_Type	Length	Src_nid	Src_port
Hello		80	7	1

Time: 67.366300 sec
Packet_Type	Length	Src_nid	Src_port
Hello		80	9	1

Time: 68.652400 sec
Packet_Type	Length	Src_nid	Src_port
Hello		80	3	1

Time: 68.819500 sec
Packet_Type	Length	Src_nid	Src_port
Hello		80	4	1

Time: 69.236600 sec
Packet_Type	Length	Src_nid	Src_port
Hello		80	7	1

Time: 69.376700 sec
Packet_Type	Length	Src_nid	Src_port
Hello		80	9	1

Time: 70.223800 sec
Packet_Type	Length	Src_nid	Src_port
Hello		80	1	1

Time: 70.663900 sec
Packet_Type	Length	Src_nid	Src_port
Hello		80	3	1

Time: 70.912000 sec
Packet_Type	Length	Src_nid	Src_port
Hello		80	5	1

Time: 71.294100 sec
Packet_Type	Length	Src_nid	Src_port
Hello		80	7	1

Time: 71.469200 sec
Packet_Type	Length	Src_nid	Src_port
Hello		80	9	1

Time: 72.941300 sec
Packet_Type	Length	Src_nid	Src_port
Hello		80	5	1

Time: 73.346400 sec
Packet_Type	Length	Src_nid	Src_port
Hello		80	7	1

Time: 73.494500 sec
Packet_Type	Length	Src_nid	Src_port
Hello		80	9	1

Time: 74.240600 sec
Packet_Type	Length	Src_nid	Src_port
Hello		80	1	1

Time: 74.700700 sec
Packet_Type	Length	Src_nid	Src_port
Hello		80	3	1

Time: 74.988800 sec
Packet_Type	Length	Src_nid	Src_port
Hello		80	5	1

Time: 75.363900 sec
Packet_Type	Length	Src_nid	Src_port
Hello		80	7	1

Time: 75.544000 sec
Packet_Type	Length	Src_nid	Src_port
Hello		80	9	1

Time: 76.252100 sec
Packet_Type	Length	Src_nid	Src_port
Hello		80	1	1

Time: 76.706200 sec
Packet_Type	Length	Src_nid	Src_port
Hello		80	3	1

Time: 76.905300 sec
Packet_Type	Length	Src_nid	Src_port
Hello		80	4	1

Time: 77.009400 sec
Packet_Type	Length	Src_nid	Src_port
Hello		80	5	1

Time: 77.367500 sec
Packet_Type	Length	Src_nid	Src_port
Hello		80	7	1

Time: 77.570600 sec
Packet_Type	Length	Src_nid	Src_port
Hello		80	9	1

Time: 78.252700 sec
Packet_Type	Length	Src_nid	Src_port
Hello		80	1	1

Time: 78.721800 sec
Packet_Type	Length	Src_nid	Src_port
Hello		80	3	1

Time: 78.914900 sec
Packet_Type	Length	Src_nid	Src_port
Hello		80	4	1

Time: 79.053000 sec
Packet_Type	Length	Src_nid	Src_port
Hello		80	5	1

Time: 79.391100 sec
Packet_Type	Length	Src_nid	Src_port
Hello		80	7	1

Time: 79.607200 sec
Packet_Type	Length	Src_nid	Src_port
Hello		80	9	1

Time: 80.254300 sec
Packet_Type	Length	Src_nid	Src_port
Hello		80	1	1

Time: 80.726400 sec
Packet_Type	Length	Src_nid	Src_port
Hello		80	3	1

Time: 80.917500 sec
Packet_Type	Length	Src_nid	Src_port
Hello		80	4	1

Time: 81.085600 sec
Packet_Type	Length	Src_nid	Src_port
Hello		80	5	1

Time: 81.669700 sec
Packet_Type	Length	Src_nid	Src_port
Hello		80	9	1

Time: 82.265800 sec
Packet_Type	Length	Src_nid	Src_port
Hello		80	1	1

Time: 82.748900 sec
Packet_Type	Length	Src_nid	Src_port
Hello		80	3	1

Time: 83.311000 sec
Packet_Type	Length	Src_nid	Src_port
Hello		80	4	1

Time: 83.720100 sec
Packet_Type	Length	Src_nid	Src_port
Hello		80	9	1

Time: 84.266200 sec
Packet_Type	Length	Src_nid	Src_port
Hello		80	1	1

Time: 84.761300 sec
Packet_Type	Length	Src_nid	Src_port
Hello		80	3	1

Time: 84.945400 sec
Packet_Type	Length	Src_nid	Src_port
Hello		80	4	1

Time: 85.145500 sec
Packet_Type	Length	Src_nid	Src_port
Hello		80	5	1

Time: 85.477600 sec
Packet_Type	Length	Src_nid	Src_port
Hello		80	7	1

Time: 85.806700 sec
Packet_Type	Length	Src_nid	Src_port
Hello		80	9	1

Time: 86.276800 sec
Packet_Type	Length	Src_nid	Src_port
Hello		80	1	1

Time: 86.783900 sec
Packet_Type	Length	Src_nid	Src_port
Hello		80	3	1

Time: 86.961000 sec
Packet_Type	Length	Src_nid	Src_port
Hello		80	4	1

Time: 87.199100 sec
Packet_Type	Length	Src_nid	Src_port
Hello		80	5	1

Time: 87.902200 sec
Packet_Type	Length	Src_nid	Src_port
Hello		80	9	1

Time: 88.288300 sec
Packet_Type	Length	Src_nid	Src_port
Hello		80	1	1

Time: 89.202400 sec
Packet_Type	Length	Src_nid	Src_port
Hello		80	5	1

Time: 89.577500 sec
Packet_Type	Length	Src_nid	Src_port
Hello		80	7	1

Time: 89.983600 sec
Packet_Type	Length	Src_nid	Src_port
Hello		80	9	1

Time: 90.293700 sec
Packet_Type	Length	Src_nid	Src_port
Hello		80	1	1

Time: 90.795800 sec
Packet_Type	Length	Src_nid	Src_port
Hello		80	3	1

Time: 91.026900 sec
Packet_Type	Length	Src_nid	Src_port
Hello		80	4	1

Time: 91.228000 sec
Packet_Type	Length	Src_nid	Src_port
Hello		80	5	1

Time: 91.644100 sec
Packet_Type	Length	Src_nid	Src_port
Hello		80	7	1

Time: 92.294200 sec
Packet_Type	Length	Src_nid	Src_port
Hello		80	1	1

Time: 92.827300 sec
Packet_Type	Length	Src_nid	Src_port
Hello		80	3	1

Time: 93.047400 sec
Packet_Type	Length	Src_nid	Src_port
Hello		80	4	1

Time: 93.248500 sec
Packet_Type	Length	Src_nid	Src_port
Hello		80	5	1

Time: 93.650600 sec
Packet_Type	Length	Src_nid	Src_port
Hello		80	7	1

Time: 94.304700 sec
Packet_Type	Length	Src_nid	Src_port
Hello		80	1	1

Time: 94.855800 sec
Packet_Type	Length	Src_nid	Src_port
Hello		80	3	1

Time: 95.054900 sec
Packet_Type	Length	Src_nid	Src_port
Hello		80	4	1

Time: 95.296000 sec
Packet_Type	Length	Src_nid	Src_port
Hello		80	5	1

Time: 95.708100 sec
Packet_Type	Length	Src_nid	Src_port
Hello		80	7	1

Time: 96.113200 sec
Packet_Type	Length	Src_nid	Src_port
Hello		80	9	1

Time: 96.316300 sec
Packet_Type	Length	Src_nid	Src_port
Hello		80	1	1

Time: 96.879400 sec
Packet_Type	Length	Src_nid	Src_port
Hello		80	3	1

Time: 97.090500 sec
Packet_Type	Length	Src_nid	Src_port
Hello		80	4	1

Time: 97.298600 sec
Packet_Type	Length	Src_nid	Src_port
Hello		80	5	1

Time: 97.773700 sec
Packet_Type	Length	Src_nid	Src_port
Hello		80	7	1

Time: 98.152800 sec
Packet_Type	Length	Src_nid	Src_port
Hello		80	9	1

Time: 98.318900 sec
Packet_Type	Length	Src_nid	Src_port
Hello		80	1	1

Time: 98.888000 sec
Packet_Type	Length	Src_nid	Src_port
Hello		80	3	1

Time: 99.333100 sec
Packet_Type	Length	Src_nid	Src_port
Hello		80	5	1

Time: 99.787200 sec
Packet_Type	Length	Src_nid	Src_port
Hello		80	7	1

