Time: 2.008200 sec
Broadcast
Packet_Type	Length	Src_nid	Src_port
Hello		80	2	1

Time: 4.028900 sec
Broadcast
Packet_Type	Length	Src_nid	Src_port
Hello		80	2	1

Time: 6.037700 sec
Broadcast
Packet_Type	Length	Src_nid	Src_port
Hello		80	2	1

Time: 8.058600 sec
Broadcast
Packet_Type	Length	Src_nid	Src_port
Hello		80	2	1

Time: 10.079300 sec
Broadcast
Packet_Type	Length	Src_nid	Src_port
Hello		80	2	1

Time: 12.093900 sec
Broadcast
Packet_Type	Length	Src_nid	Src_port
Hello		80	2	1

Time: 14.112600 sec
Broadcast
Packet_Type	Length	Src_nid	Src_port
Hello		80	2	1

Time: 16.133300 sec
Broadcast
Packet_Type	Length	Src_nid	Src_port
Hello		80	2	1

Time: 18.144000 sec
Broadcast
Packet_Type	Length	Src_nid	Src_port
Hello		80	2	1

Time: 20.160800 sec
Broadcast
Packet_Type	Length	Src_nid	Src_port
Hello		80	2	1

Time: 22.166600 sec
Broadcast
Packet_Type	Length	Src_nid	Src_port
Hello		80	2	1

Time: 24.177300 sec
Broadcast
Packet_Type	Length	Src_nid	Src_port
Hello		80	2	1

Time: 26.193000 sec
Broadcast
Packet_Type	Length	Src_nid	Src_port
Hello		80	2	1

Time: 28.212600 sec
Broadcast
Packet_Type	Length	Src_nid	Src_port
Hello		80	2	1

Time: 30.225300 sec
Broadcast
Packet_Type	Length	Src_nid	Src_port
Hello		80	2	1

Time: 32.226900 sec
Broadcast
Packet_Type	Length	Src_nid	Src_port
Hello		80	2	1

Time: 34.243500 sec
Broadcast
Packet_Type	Length	Src_nid	Src_port
Hello		80	2	1

Time: 36.262000 sec
Broadcast
Packet_Type	Length	Src_nid	Src_port
Hello		80	2	1

Time: 38.263500 sec
Broadcast
Packet_Type	Length	Src_nid	Src_port
Hello		80	2	1

Time: 40.278100 sec
Broadcast
Packet_Type	Length	Src_nid	Src_port
Hello		80	2	1

Time: 42.287700 sec
Broadcast
Packet_Type	Length	Src_nid	Src_port
Hello		80	2	1

Time: 44.290400 sec
Broadcast
Packet_Type	Length	Src_nid	Src_port
Hello		80	2	1

Time: 46.305100 sec
Broadcast
Packet_Type	Length	Src_nid	Src_port
Hello		80	2	1

Time: 48.324800 sec
Broadcast
Packet_Type	Length	Src_nid	Src_port
Hello		80	2	1

Time: 50.333500 sec
Broadcast
Packet_Type	Length	Src_nid	Src_port
Hello		80	2	1

Time: 52.349200 sec
Broadcast
Packet_Type	Length	Src_nid	Src_port
Hello		80	2	1

Time: 54.358900 sec
Broadcast
Packet_Type	Length	Src_nid	Src_port
Hello		80	2	1

Time: 56.367500 sec
Broadcast
Packet_Type	Length	Src_nid	Src_port
Hello		80	2	1

Time: 58.386200 sec
Broadcast
Packet_Type	Length	Src_nid	Src_port
Hello		80	2	1

Time: 59.754165 sec
Send to Nid: 10
Packet_Type	Length	Src_nid	Src_port
Hello		80	2	1

Time: 59.754265 sec
Send to Nid: 10
Packet_Type		Length	Src_Nid	src_port	Option	Center_nid	Neighbor_nid	Data_plane_port
NeighborUpdate		544	2	1		New	2		1		1

Time: 59.754365 sec
Send to Nid: 10
Packet_Type		Length	Src_Nid	src_port	Option	Center_nid	Neighbor_nid	Data_plane_port
NeighborUpdate		544	2	1		Finish	 		 		 

Time: 59.754465 sec
Send to Nid: 10
Packet_Type		Length	Src_Nid	src_port	Option	Center_nid	Neighbor_nid	Data_plane_port
NeighborUpdate		544	2	1		New	2		1		1
 		 	 	 		 	 			5		1

Time: 59.754565 sec
Send to Nid: 10
Packet_Type		Length	Src_Nid	src_port	Option	Center_nid	Neighbor_nid	Data_plane_port
NeighborUpdate		544	2	1		Finish	 		 		 

Time: 59.754665 sec
Send to Nid: 10
Packet_Type		Length	Src_Nid	src_port	Option	Center_nid	Neighbor_nid	Data_plane_port
NeighborUpdate		544	2	1		New	2		1		1
 		 	 	 		 	 			5		1
 		 	 	 		 	 			3		1

Time: 59.754765 sec
Send to Nid: 10
Packet_Type		Length	Src_Nid	src_port	Option	Center_nid	Neighbor_nid	Data_plane_port
NeighborUpdate		544	2	1		Finish	 		 		 

Time: 59.754865 sec
Send to Nid: 10
Packet_Type		Length	Src_Nid	src_port	Option	Center_nid	Neighbor_nid	Data_plane_port
NeighborUpdate		544	2	1		New	2		1		1
 		 	 	 		 	 			5		1
 		 	 	 		 	 			3		1
 		 	 	 		 	 			4		1

Time: 59.754965 sec
Send to Nid: 10
Packet_Type		Length	Src_Nid	src_port	Option	Center_nid	Neighbor_nid	Data_plane_port
NeighborUpdate		544	2	1		Finish	 		 		 

Time: 59.755065 sec
Send to Nid: 10
Packet_Type		Length	Src_Nid	src_port	Option	Center_nid	Neighbor_nid	Data_plane_port
NeighborUpdate		544	2	1		New	2		1		1
 		 	 	 		 	 			5		1
 		 	 	 		 	 			3		1
 		 	 	 		 	 			4		1
 		 	 	 		 	 			6		1

Time: 59.756165 sec
Send to Nid: 10
Packet_Type		Length	Src_Nid	src_port	Option	Center_nid	Neighbor_nid	Data_plane_port
NeighborUpdate		544	2	1		Finish	 		 		 

Time: 59.756265 sec
Send to Nid: 10
Packet_Type		Length	Src_Nid	src_port	Option	Center_nid	Neighbor_nid	Data_plane_port
NeighborUpdate		544	2	1		New	2		1		1
 		 	 	 		 	 			5		1
 		 	 	 		 	 			3		1
 		 	 	 		 	 			4		1
 		 	 	 		 	 			6		1
 		 	 	 		 	 			7		1

Time: 59.756365 sec
Send to Nid: 10
Packet_Type		Length	Src_Nid	src_port	Option	Center_nid	Neighbor_nid	Data_plane_port
NeighborUpdate		544	2	1		Finish	 		 		 

Time: 59.756465 sec
Send to Nid: 10
Packet_Type		Length	Src_Nid	src_port	Option	Center_nid	Neighbor_nid	Data_plane_port
NeighborUpdate		544	2	1		New	2		1		1
 		 	 	 		 	 			5		1
 		 	 	 		 	 			3		1
 		 	 	 		 	 			4		1
 		 	 	 		 	 			6		1
 		 	 	 		 	 			7		1
 		 	 	 		 	 			8		1

Time: 60.189466 sec
Send to Nid: 10
Packet_Type		Length	Src_Nid	src_port	Option	Center_nid	Neighbor_nid	Data_plane_port
NeighborUpdate		544	2	1		Finish	 		 		 

Time: 60.189566 sec
Send to Nid: 10
Packet_Type		Length	Src_Nid	src_port	Option	Center_nid	Neighbor_nid	Data_plane_port
NeighborUpdate		544	2	1		New	2		1		1
 		 	 	 		 	 			5		1
 		 	 	 		 	 			3		1
 		 	 	 		 	 			4		1
 		 	 	 		 	 			6		1
 		 	 	 		 	 			7		1
 		 	 	 		 	 			8		1
 		 	 	 		 	 			9		1

Time: 60.189666 sec
Send to Nid: 10
Packet_Type		Length	Src_Nid	src_port	Option	Center_nid	Neighbor_nid	Data_plane_port
NeighborUpdate		544	2	1		Finish	 		 		 

Time: 60.189766 sec
Send to Nid: 10
Packet_Type		Length	Src_Nid	src_port	Option	Center_nid	Neighbor_nid	Data_plane_port
NeighborUpdate		544	2	1		New	2		1		1
 		 	 	 		 	 			5		1
 		 	 	 		 	 			3		1
 		 	 	 		 	 			4		1
 		 	 	 		 	 			6		1
 		 	 	 		 	 			7		1
 		 	 	 		 	 			8		1
 		 	 	 		 	 			9		1

Time: 60.189866 sec
Send to Nid: 10
Packet_Type		Length	Src_Nid	src_port	Option	Center_nid	Neighbor_nid	Data_plane_port
NeighborUpdate		544	2	1		Finish	 		 		 

Time: 60.189966 sec
Send to Nid: 10
Packet_Type		Length	Src_Nid	src_port	Option	Center_nid	Neighbor_nid	Data_plane_port
NeighborUpdate		544	2	1		New	2		1		1
 		 	 	 		 	 			5		1
 		 	 	 		 	 			3		1
 		 	 	 		 	 			4		1
 		 	 	 		 	 			6		1
 		 	 	 		 	 			7		1
 		 	 	 		 	 			8		1
 		 	 	 		 	 			9		1

Time: 60.190066 sec
Send to Nid: 10
Packet_Type		Length	Src_Nid	src_port	Option	Center_nid	Neighbor_nid	Data_plane_port
NeighborUpdate		544	2	1		Finish	 		 		 

Time: 60.190166 sec
Send to Nid: 10
Packet_Type	Length	Src_nid	Src_port
Hello		80	2	1

Time: 60.190266 sec
Send to Nid: 10
Packet_Type		Length	Src_Nid	src_port	Option	Center_nid	Neighbor_nid	Data_plane_port
NeighborUpdate		544	2	1		New	2		1		1
 		 	 	 		 	 			5		1
 		 	 	 		 	 			3		1
 		 	 	 		 	 			4		1
 		 	 	 		 	 			6		1
 		 	 	 		 	 			7		1
 		 	 	 		 	 			8		1
 		 	 	 		 	 			9		1

Time: 60.190366 sec
Send to Nid: 10
Packet_Type		Length	Src_Nid	src_port	Option	Center_nid	Neighbor_nid	Data_plane_port
NeighborUpdate		544	2	1		Finish	 		 		 

Time: 60.191466 sec
Send to Nid: 10
Packet_Type		Length	Src_Nid	src_port	Option	Center_nid	Neighbor_nid	Data_plane_port
NeighborUpdate		544	2	1		New	2		1		1
 		 	 	 		 	 			5		1
 		 	 	 		 	 			3		1
 		 	 	 		 	 			4		1
 		 	 	 		 	 			6		1
 		 	 	 		 	 			7		1
 		 	 	 		 	 			8		1
 		 	 	 		 	 			9		1

Time: 60.191566 sec
Send to Nid: 10
Packet_Type		Length	Src_Nid	src_port	Option	Center_nid	Neighbor_nid	Data_plane_port
NeighborUpdate		544	2	1		Finish	 		 		 

Time: 60.191666 sec
Send to Nid: 10
Packet_Type		Length	Src_Nid	src_port	Option	Center_nid	Neighbor_nid	Data_plane_port
NeighborUpdate		544	2	1		New	2		1		1
 		 	 	 		 	 			5		1
 		 	 	 		 	 			3		1
 		 	 	 		 	 			4		1
 		 	 	 		 	 			6		1
 		 	 	 		 	 			7		1
 		 	 	 		 	 			8		1
 		 	 	 		 	 			9		1

Time: 60.191766 sec
Send to Nid: 10
Packet_Type		Length	Src_Nid	src_port	Option	Center_nid	Neighbor_nid	Data_plane_port
NeighborUpdate		544	2	1		Finish	 		 		 

Time: 60.191866 sec
Send to Nid: 10
Packet_Type		Length	Src_Nid	src_port	Option	Center_nid	Neighbor_nid	Data_plane_port
NeighborUpdate		544	2	1		New	2		1		1
 		 	 	 		 	 			5		1
 		 	 	 		 	 			3		1
 		 	 	 		 	 			4		1
 		 	 	 		 	 			6		1
 		 	 	 		 	 			7		1
 		 	 	 		 	 			8		1
 		 	 	 		 	 			9		1

Time: 60.405800 sec
Broadcast
Packet_Type	Length	Src_nid	Src_port
Hello		80	2	1

Time: 60.767859 sec
Send to Nid: 10
Packet_Type		Length	Src_Nid	src_port	Option	Center_nid	Neighbor_nid	Data_plane_port
NeighborUpdate		544	2	1		Finish	 		 		 

Time: 60.767959 sec
Send to Nid: 10
Packet_Type		Length	Src_Nid	src_port	Option	Center_nid	Neighbor_nid	Data_plane_port
NeighborUpdate		544	2	1		New	2		1		1
 		 	 	 		 	 			5		1
 		 	 	 		 	 			3		1
 		 	 	 		 	 			4		1
 		 	 	 		 	 			6		1
 		 	 	 		 	 			7		1
 		 	 	 		 	 			8		1
 		 	 	 		 	 			9		1

Time: 60.768059 sec
Send to Nid: 10
Packet_Type	Length	Src_nid	Src_port
Hello		80	2	1

Time: 60.768159 sec
Send to Nid: 10
Packet_Type		Length	Src_Nid	src_port	Option	Center_nid	Neighbor_nid	Data_plane_port
NeighborUpdate		544	2	1		New	2		1		1
 		 	 	 		 	 			5		1
 		 	 	 		 	 			3		1
 		 	 	 		 	 			4		1
 		 	 	 		 	 			9		1
 		 	 	 		 	 			8		1
 		 	 	 		 	 			7		1

Time: 60.768259 sec
Send to Nid: 10
Packet_Type		Length	Src_Nid	src_port	Option	Center_nid	Neighbor_nid	Data_plane_port
NeighborUpdate		544	2	1		Finish	 		 		 

Time: 60.768359 sec
Send to Nid: 10
Packet_Type		Length	Src_Nid	src_port	Option	Center_nid	Neighbor_nid	Data_plane_port
NeighborUpdate		544	2	1		New	2		1		1
 		 	 	 		 	 			5		1
 		 	 	 		 	 			3		1
 		 	 	 		 	 			4		1
 		 	 	 		 	 			9		1
 		 	 	 		 	 			8		1
 		 	 	 		 	 			7		1

Time: 60.768459 sec
Send to Nid: 10
Packet_Type		Length	Src_Nid	src_port	Option	Center_nid	Neighbor_nid	Data_plane_port
NeighborUpdate		544	2	1		Finish	 		 		 

Time: 60.768559 sec
Send to Nid: 10
Packet_Type		Length	Src_Nid	src_port	Option	Center_nid	Neighbor_nid	Data_plane_port
NeighborUpdate		544	2	1		New	2		1		1
 		 	 	 		 	 			5		1
 		 	 	 		 	 			3		1
 		 	 	 		 	 			4		1
 		 	 	 		 	 			9		1
 		 	 	 		 	 			8		1
 		 	 	 		 	 			7		1

Time: 60.768659 sec
Send to Nid: 10
Packet_Type		Length	Src_Nid	src_port	Option	Center_nid	Neighbor_nid	Data_plane_port
NeighborUpdate		544	2	1		Finish	 		 		 

Time: 60.780759 sec
Send to Nid: 10
Packet_Type		Length	Src_Nid	src_port	Option	Center_nid	Neighbor_nid	Data_plane_port
NeighborUpdate		544	2	1		New	2		1		1
 		 	 	 		 	 			5		1
 		 	 	 		 	 			3		1
 		 	 	 		 	 			4		1
 		 	 	 		 	 			9		1
 		 	 	 		 	 			8		1
 		 	 	 		 	 			7		1

Time: 60.780859 sec
Send to Nid: 10
Packet_Type		Length	Src_Nid	src_port	Option	Center_nid	Neighbor_nid	Data_plane_port
NeighborUpdate		544	2	1		Finish	 		 		 

Time: 61.570169 sec
Send to Nid: 10
Packet_Type	Length	Src_nid	Src_port
Hello		80	2	1

Time: 61.571269 sec
Send to Nid: 10
Packet_Type		Length	Src_Nid	src_port	Option	Center_nid	Neighbor_nid	Data_plane_port
NeighborUpdate		544	2	1		New	2		1		1
 		 	 	 		 	 			5		1
 		 	 	 		 	 			3		1
 		 	 	 		 	 			4		1
 		 	 	 		 	 			9		1
 		 	 	 		 	 			8		1
 		 	 	 		 	 			7		1

Time: 61.571369 sec
Send to Nid: 10
Packet_Type		Length	Src_Nid	src_port	Option	Center_nid	Neighbor_nid	Data_plane_port
NeighborUpdate		544	2	1		Finish	 		 		 

Time: 61.571469 sec
Send to Nid: 10
Packet_Type		Length	Src_Nid	src_port	Option	Center_nid	Neighbor_nid	Data_plane_port
NeighborUpdate		544	2	1		New	2		1		1
 		 	 	 		 	 			5		1
 		 	 	 		 	 			3		1
 		 	 	 		 	 			4		1
 		 	 	 		 	 			9		1
 		 	 	 		 	 			8		1
 		 	 	 		 	 			7		1

Time: 61.571569 sec
Send to Nid: 10
Packet_Type		Length	Src_Nid	src_port	Option	Center_nid	Neighbor_nid	Data_plane_port
NeighborUpdate		544	2	1		Finish	 		 		 

Time: 62.409400 sec
Broadcast
Packet_Type	Length	Src_nid	Src_port
Hello		80	2	1

Time: 64.417000 sec
Broadcast
Packet_Type	Length	Src_nid	Src_port
Hello		80	2	1

Time: 66.422600 sec
Broadcast
Packet_Type	Length	Src_nid	Src_port
Hello		80	2	1

Time: 68.436100 sec
Broadcast
Packet_Type	Length	Src_nid	Src_port
Hello		80	2	1

Time: 69.358131 sec
Send to Nid: 10
Packet_Type	Length	Src_nid	Src_port
Hello		80	2	1

Time: 69.359231 sec
Send to Nid: 10
Packet_Type		Length	Src_Nid	src_port	Option	Center_nid	Neighbor_nid	Data_plane_port
NeighborUpdate		544	2	1		New	2		1		1
 		 	 	 		 	 			5		1
 		 	 	 		 	 			3		1
 		 	 	 		 	 			4		1
 		 	 	 		 	 			8		1
 		 	 	 		 	 			7		1

Time: 69.359331 sec
Send to Nid: 10
Packet_Type		Length	Src_Nid	src_port	Option	Center_nid	Neighbor_nid	Data_plane_port
NeighborUpdate		544	2	1		Finish	 		 		 

Time: 69.359431 sec
Send to Nid: 10
Packet_Type		Length	Src_Nid	src_port	Option	Center_nid	Neighbor_nid	Data_plane_port
NeighborUpdate		544	2	1		New	2		1		1
 		 	 	 		 	 			5		1
 		 	 	 		 	 			3		1
 		 	 	 		 	 			4		1
 		 	 	 		 	 			8		1
 		 	 	 		 	 			7		1

Time: 69.359531 sec
Send to Nid: 10
Packet_Type		Length	Src_Nid	src_port	Option	Center_nid	Neighbor_nid	Data_plane_port
NeighborUpdate		544	2	1		Finish	 		 		 

Time: 69.359631 sec
Send to Nid: 10
Packet_Type		Length	Src_Nid	src_port	Option	Center_nid	Neighbor_nid	Data_plane_port
NeighborUpdate		544	2	1		New	2		1		1
 		 	 	 		 	 			5		1
 		 	 	 		 	 			3		1
 		 	 	 		 	 			4		1
 		 	 	 		 	 			8		1
 		 	 	 		 	 			7		1

Time: 69.359731 sec
Send to Nid: 10
Packet_Type		Length	Src_Nid	src_port	Option	Center_nid	Neighbor_nid	Data_plane_port
NeighborUpdate		544	2	1		Finish	 		 		 

Time: 69.359831 sec
Send to Nid: 10
Packet_Type		Length	Src_Nid	src_port	Option	Center_nid	Neighbor_nid	Data_plane_port
NeighborUpdate		544	2	1		New	2		1		1
 		 	 	 		 	 			5		1
 		 	 	 		 	 			3		1
 		 	 	 		 	 			4		1
 		 	 	 		 	 			8		1
 		 	 	 		 	 			7		1

Time: 69.359931 sec
Send to Nid: 10
Packet_Type		Length	Src_Nid	src_port	Option	Center_nid	Neighbor_nid	Data_plane_port
NeighborUpdate		544	2	1		Finish	 		 		 

Time: 69.360031 sec
Send to Nid: 10
Packet_Type		Length	Src_Nid	src_port	Option	Center_nid	Neighbor_nid	Data_plane_port
NeighborUpdate		544	2	1		New	2		1		1
 		 	 	 		 	 			5		1
 		 	 	 		 	 			3		1
 		 	 	 		 	 			4		1
 		 	 	 		 	 			8		1
 		 	 	 		 	 			7		1

Time: 69.360131 sec
Send to Nid: 10
Packet_Type		Length	Src_Nid	src_port	Option	Center_nid	Neighbor_nid	Data_plane_port
NeighborUpdate		544	2	1		Finish	 		 		 

Time: 69.361231 sec
Send to Nid: 10
Packet_Type		Length	Src_Nid	src_port	Option	Center_nid	Neighbor_nid	Data_plane_port
NeighborUpdate		544	2	1		New	2		1		1
 		 	 	 		 	 			5		1
 		 	 	 		 	 			3		1
 		 	 	 		 	 			4		1
 		 	 	 		 	 			8		1
 		 	 	 		 	 			7		1

Time: 69.361331 sec
Send to Nid: 10
Packet_Type		Length	Src_Nid	src_port	Option	Center_nid	Neighbor_nid	Data_plane_port
NeighborUpdate		544	2	1		Finish	 		 		 

Time: 69.361431 sec
Send to Nid: 10
Packet_Type		Length	Src_Nid	src_port	Option	Center_nid	Neighbor_nid	Data_plane_port
NeighborUpdate		544	2	1		New	2		1		1
 		 	 	 		 	 			5		1
 		 	 	 		 	 			3		1
 		 	 	 		 	 			4		1
 		 	 	 		 	 			8		1
 		 	 	 		 	 			7		1

Time: 70.441700 sec
Broadcast
Packet_Type	Length	Src_nid	Src_port
Hello		80	2	1

Time: 72.444100 sec
Broadcast
Packet_Type	Length	Src_nid	Src_port
Hello		80	2	1

Time: 74.447700 sec
Broadcast
Packet_Type	Length	Src_nid	Src_port
Hello		80	2	1

Time: 76.455300 sec
Broadcast
Packet_Type	Length	Src_nid	Src_port
Hello		80	2	1

Time: 78.473000 sec
Broadcast
Packet_Type	Length	Src_nid	Src_port
Hello		80	2	1

Time: 80.476700 sec
Broadcast
Packet_Type	Length	Src_nid	Src_port
Hello		80	2	1

Time: 82.491200 sec
Broadcast
Packet_Type	Length	Src_nid	Src_port
Hello		80	2	1

Time: 84.502700 sec
Broadcast
Packet_Type	Length	Src_nid	Src_port
Hello		80	2	1

Time: 86.510400 sec
Broadcast
Packet_Type	Length	Src_nid	Src_port
Hello		80	2	1

Time: 88.516000 sec
Broadcast
Packet_Type	Length	Src_nid	Src_port
Hello		80	2	1

Time: 90.525500 sec
Broadcast
Packet_Type	Length	Src_nid	Src_port
Hello		80	2	1

Time: 92.536100 sec
Broadcast
Packet_Type	Length	Src_nid	Src_port
Hello		80	2	1

Time: 94.551700 sec
Broadcast
Packet_Type	Length	Src_nid	Src_port
Hello		80	2	1

Time: 96.558400 sec
Broadcast
Packet_Type	Length	Src_nid	Src_port
Hello		80	2	1

Time: 98.560100 sec
Broadcast
Packet_Type	Length	Src_nid	Src_port
Hello		80	2	1

