Time: 2.007000 sec
Packet_Type	Length	Src_nid	Src_port
Hello		80	1	1

Time: 2.007100 sec
Packet_Type	Length	Src_nid	Src_port
Hello		80	5	1

Time: 2.009200 sec
Packet_Type	Length	Src_nid	Src_port
Hello		80	2	1

Time: 2.026300 sec
Packet_Type	Length	Src_nid	Src_port
Hello		80	3	1

Time: 2.059400 sec
Packet_Type	Length	Src_nid	Src_port
Hello		80	6	1

Time: 2.063500 sec
Packet_Type	Length	Src_nid	Src_port
Hello		80	7	1

Time: 2.075600 sec
Packet_Type	Length	Src_nid	Src_port
Hello		80	8	1

Time: 2.077700 sec
Packet_Type	Length	Src_nid	Src_port
Hello		80	9	1

Time: 4.012800 sec
Packet_Type	Length	Src_nid	Src_port
Hello		80	1	1

Time: 4.028900 sec
Packet_Type	Length	Src_nid	Src_port
Hello		80	5	1

Time: 4.030000 sec
Packet_Type	Length	Src_nid	Src_port
Hello		80	2	1

Time: 4.049100 sec
Packet_Type	Length	Src_nid	Src_port
Hello		80	3	1

Time: 4.095200 sec
Packet_Type	Length	Src_nid	Src_port
Hello		80	8	1

Time: 4.106300 sec
Packet_Type	Length	Src_nid	Src_port
Hello		80	6	1

Time: 4.112400 sec
Packet_Type	Length	Src_nid	Src_port
Hello		80	7	1

Time: 4.115500 sec
Packet_Type	Length	Src_nid	Src_port
Hello		80	9	1

Time: 6.016600 sec
Packet_Type	Length	Src_nid	Src_port
Hello		80	1	1

Time: 6.038700 sec
Packet_Type	Length	Src_nid	Src_port
Hello		80	2	1

Time: 6.041800 sec
Packet_Type	Length	Src_nid	Src_port
Hello		80	5	1

Time: 6.053900 sec
Packet_Type	Length	Src_nid	Src_port
Hello		80	3	1

Time: 6.121000 sec
Packet_Type	Length	Src_nid	Src_port
Hello		80	8	1

Time: 6.140100 sec
Packet_Type	Length	Src_nid	Src_port
Hello		80	6	1

Time: 6.162200 sec
Packet_Type	Length	Src_nid	Src_port
Hello		80	7	1

Time: 6.169300 sec
Packet_Type	Length	Src_nid	Src_port
Hello		80	9	1

Time: 8.022400 sec
Packet_Type	Length	Src_nid	Src_port
Hello		80	1	1

Time: 8.051500 sec
Packet_Type	Length	Src_nid	Src_port
Hello		80	5	1

Time: 8.059600 sec
Packet_Type	Length	Src_nid	Src_port
Hello		80	2	1

Time: 8.075700 sec
Packet_Type	Length	Src_nid	Src_port
Hello		80	3	1

Time: 8.175800 sec
Packet_Type	Length	Src_nid	Src_port
Hello		80	6	1

Time: 8.184900 sec
Packet_Type	Length	Src_nid	Src_port
Hello		80	8	1

Time: 8.218000 sec
Packet_Type	Length	Src_nid	Src_port
Hello		80	9	1

Time: 12.035100 sec
Packet_Type	Length	Src_nid	Src_port
Hello		80	1	1

Time: 12.094200 sec
Packet_Type	Length	Src_nid	Src_port
Hello		80	3	1

Time: 12.095300 sec
Packet_Type	Length	Src_nid	Src_port
Hello		80	2	1

Time: 12.103400 sec
Packet_Type	Length	Src_nid	Src_port
Hello		80	5	1

Time: 12.231500 sec
Packet_Type	Length	Src_nid	Src_port
Hello		80	8	1

Time: 12.252600 sec
Packet_Type	Length	Src_nid	Src_port
Hello		80	9	1

Time: 12.273700 sec
Packet_Type	Length	Src_nid	Src_port
Hello		80	7	1

Time: 12.292800 sec
Packet_Type	Length	Src_nid	Src_port
Hello		80	6	1

Time: 14.041900 sec
Packet_Type	Length	Src_nid	Src_port
Hello		80	1	1

Time: 14.113000 sec
Packet_Type	Length	Src_nid	Src_port
Hello		80	2	1

Time: 14.119100 sec
Packet_Type	Length	Src_nid	Src_port
Hello		80	3	1

Time: 14.149200 sec
Packet_Type	Length	Src_nid	Src_port
Hello		80	5	1

Time: 14.291300 sec
Packet_Type	Length	Src_nid	Src_port
Hello		80	7	1

Time: 14.303400 sec
Packet_Type	Length	Src_nid	Src_port
Hello		80	6	1

Time: 14.306500 sec
Packet_Type	Length	Src_nid	Src_port
Hello		80	8	1

Time: 14.327600 sec
Packet_Type	Length	Src_nid	Src_port
Hello		80	9	1

Time: 16.052700 sec
Packet_Type	Length	Src_nid	Src_port
Hello		80	1	1

Time: 16.133800 sec
Packet_Type	Length	Src_nid	Src_port
Hello		80	2	1

Time: 16.147900 sec
Packet_Type	Length	Src_nid	Src_port
Hello		80	3	1

Time: 16.155000 sec
Packet_Type	Length	Src_nid	Src_port
Hello		80	5	1

Time: 16.322100 sec
Packet_Type	Length	Src_nid	Src_port
Hello		80	6	1

Time: 16.330200 sec
Packet_Type	Length	Src_nid	Src_port
Hello		80	9	1

Time: 16.360300 sec
Packet_Type	Length	Src_nid	Src_port
Hello		80	8	1

Time: 18.061400 sec
Packet_Type	Length	Src_nid	Src_port
Hello		80	1	1

Time: 18.144500 sec
Packet_Type	Length	Src_nid	Src_port
Hello		80	2	1

Time: 18.159600 sec
Packet_Type	Length	Src_nid	Src_port
Hello		80	5	1

Time: 18.178700 sec
Packet_Type	Length	Src_nid	Src_port
Hello		80	3	1

Time: 18.356800 sec
Packet_Type	Length	Src_nid	Src_port
Hello		80	9	1

Time: 18.375900 sec
Packet_Type	Length	Src_nid	Src_port
Hello		80	6	1

Time: 18.399000 sec
Packet_Type	Length	Src_nid	Src_port
Hello		80	8	1

Time: 18.401100 sec
Packet_Type	Length	Src_nid	Src_port
Hello		80	7	1

Time: 19.874653 sec
Packet_Type		Length	Src_Nid	src_port	Option	Center_nid	Neighbor_nid	Data_plane_port
NeighborUpdate		544	10	1		Finish	 		 		 

Time: 19.905753 sec
Packet_Type		Length	Src_Nid	src_port	Option	Center_nid	Neighbor_nid	Data_plane_port
NeighborUpdate		544	10	1		New	4		1		1
 		 	 	 		 	 			5		1
 		 	 	 		 	 			2		1
 		 	 	 		 	 			3		1
 		 	 	 		 	 			6		1
 		 	 	 		 	 			7		1
 		 	 	 		 	 			8		1
 		 	 	 		 	 			9		1

Time: 20.066200 sec
Packet_Type	Length	Src_nid	Src_port
Hello		80	1	1

Time: 20.162300 sec
Packet_Type	Length	Src_nid	Src_port
Hello		80	2	1

Time: 20.178400 sec
Packet_Type	Length	Src_nid	Src_port
Hello		80	5	1

Time: 20.195500 sec
Packet_Type	Length	Src_nid	Src_port
Hello		80	3	1

Time: 20.226171 sec
Packet_Type		Length	Src_nid	Src_port	Option	Origin_nid	Destination_nid	Next_hop_nid
UpdateDataPlaneRouting	796	10	1		New	4		3		3
 		 	 	 		 		 		5		5
 		 	 	 		 		 		7		7
 		 	 	 		 		 		8		8

Time: 20.228271 sec
Packet_Type		Length	Src_nid	Src_port	Option	Origin_nid	Destination_nid	Next_hop_nid
UpdateDataPlaneRouting	796	10	1		Finish	 		 		 

Time: 20.379600 sec
Packet_Type	Length	Src_nid	Src_port
Hello		80	6	1

Time: 20.394700 sec
Packet_Type	Length	Src_nid	Src_port
Hello		80	9	1

Time: 20.422800 sec
Packet_Type	Length	Src_nid	Src_port
Hello		80	7	1

Time: 20.469900 sec
Packet_Type	Length	Src_nid	Src_port
Hello		80	8	1

Time: 22.072000 sec
Packet_Type	Length	Src_nid	Src_port
Hello		80	1	1

Time: 22.167100 sec
Packet_Type	Length	Src_nid	Src_port
Hello		80	2	1

Time: 22.218200 sec
Packet_Type	Length	Src_nid	Src_port
Hello		80	5	1

Time: 22.219300 sec
Packet_Type	Length	Src_nid	Src_port
Hello		80	3	1

Time: 22.398400 sec
Packet_Type	Length	Src_nid	Src_port
Hello		80	6	1

Time: 22.486500 sec
Packet_Type	Length	Src_nid	Src_port
Hello		80	7	1

Time: 22.497600 sec
Packet_Type	Length	Src_nid	Src_port
Hello		80	8	1

Time: 23.063270 sec
Packet_Type		Length	Src_nid	Src_port	Option	Origin_nid	Destination_nid	Next_hop_nid
UpdateDataPlaneRouting	796	10	1		New	4		3		3
 		 	 	 		 		 		5		5
 		 	 	 		 		 		6		6
 		 	 	 		 		 		7		7
 		 	 	 		 		 		8		8
 		 	 	 		 		 		9		9

Time: 23.064370 sec
Packet_Type		Length	Src_nid	Src_port	Option	Origin_nid	Destination_nid	Next_hop_nid
UpdateDataPlaneRouting	796	10	1		Finish	 		 		 

Time: 24.080700 sec
Packet_Type	Length	Src_nid	Src_port
Hello		80	1	1

Time: 24.177800 sec
Packet_Type	Length	Src_nid	Src_port
Hello		80	2	1

Time: 24.247900 sec
Packet_Type	Length	Src_nid	Src_port
Hello		80	3	1

Time: 24.268000 sec
Packet_Type	Length	Src_nid	Src_port
Hello		80	5	1

Time: 24.407100 sec
Packet_Type	Length	Src_nid	Src_port
Hello		80	6	1

Time: 24.489200 sec
Packet_Type	Length	Src_nid	Src_port
Hello		80	7	1

Time: 24.549300 sec
Packet_Type	Length	Src_nid	Src_port
Hello		80	8	1

Time: 25.480070 sec
Packet_Type		Length	Src_nid	Src_port	Option	Origin_nid	Destination_nid	Next_hop_nid
UpdateDataPlaneRouting	796	10	1		New	4		3		3
 		 	 	 		 		 		5		5
 		 	 	 		 		 		6		6
 		 	 	 		 		 		7		7
 		 	 	 		 		 		8		8
 		 	 	 		 		 		9		9

Time: 25.481170 sec
Packet_Type		Length	Src_nid	Src_port	Option	Origin_nid	Destination_nid	Next_hop_nid
UpdateDataPlaneRouting	796	10	1		Finish	 		 		 

Time: 25.502270 sec
Packet_Type		Length	Src_nid	Src_port	Option	Origin_nid	Destination_nid	Next_hop_nid
UpdateDataPlaneRouting	796	10	1		New	4		3		3
 		 	 	 		 		 		5		5
 		 	 	 		 		 		6		6
 		 	 	 		 		 		7		7
 		 	 	 		 		 		8		8
 		 	 	 		 		 		9		9

Time: 25.504370 sec
Packet_Type		Length	Src_nid	Src_port	Option	Origin_nid	Destination_nid	Next_hop_nid
UpdateDataPlaneRouting	796	10	1		Finish	 		 		 

Time: 25.520470 sec
Packet_Type		Length	Src_nid	Src_port	Option	Origin_nid	Destination_nid	Next_hop_nid
UpdateDataPlaneRouting	796	10	1		New	4		3		3
 		 	 	 		 		 		5		5
 		 	 	 		 		 		6		6
 		 	 	 		 		 		7		7
 		 	 	 		 		 		8		8
 		 	 	 		 		 		9		6

Time: 25.523570 sec
Packet_Type		Length	Src_nid	Src_port	Option	Origin_nid	Destination_nid	Next_hop_nid
UpdateDataPlaneRouting	796	10	1		Finish	 		 		 

Time: 25.747101 sec
Packet_Type		Length	Src_nid	Src_port	Option	Origin_nid	Destination_nid	Next_hop_nid
UpdateDataPlaneRouting	796	10	1		New	4		3		3
 		 	 	 		 		 		5		5
 		 	 	 		 		 		6		6
 		 	 	 		 		 		7		7
 		 	 	 		 		 		8		8

Time: 25.750201 sec
Packet_Type		Length	Src_nid	Src_port	Option	Origin_nid	Destination_nid	Next_hop_nid
UpdateDataPlaneRouting	796	10	1		Finish	 		 		 

Time: 26.084400 sec
Packet_Type	Length	Src_nid	Src_port
Hello		80	1	1

Time: 26.193500 sec
Packet_Type	Length	Src_nid	Src_port
Hello		80	2	1

Time: 26.273600 sec
Packet_Type	Length	Src_nid	Src_port
Hello		80	3	1

Time: 26.315700 sec
Packet_Type	Length	Src_nid	Src_port
Hello		80	5	1

Time: 26.548800 sec
Packet_Type	Length	Src_nid	Src_port
Hello		80	7	1

Time: 26.610900 sec
Packet_Type	Length	Src_nid	Src_port
Hello		80	8	1

Time: 28.096000 sec
Packet_Type	Length	Src_nid	Src_port
Hello		80	1	1

Time: 28.219100 sec
Packet_Type	Length	Src_nid	Src_port
Hello		80	2	1

Time: 28.296200 sec
Packet_Type	Length	Src_nid	Src_port
Hello		80	3	1

Time: 28.359300 sec
Packet_Type	Length	Src_nid	Src_port
Hello		80	5	1

Time: 28.603400 sec
Packet_Type	Length	Src_nid	Src_port
Hello		80	7	1

Time: 28.627500 sec
Packet_Type	Length	Src_nid	Src_port
Hello		80	9	1

Time: 28.655701 sec
Packet_Type		Length	Src_nid	Src_port	Option	Origin_nid	Destination_nid	Next_hop_nid
UpdateDataPlaneRouting	796	10	1		New	4		3		3
 		 	 	 		 		 		5		5
 		 	 	 		 		 		6		6
 		 	 	 		 		 		7		7
 		 	 	 		 		 		8		8
 		 	 	 		 		 		9		9

Time: 28.658801 sec
Packet_Type		Length	Src_nid	Src_port	Option	Origin_nid	Destination_nid	Next_hop_nid
UpdateDataPlaneRouting	796	10	1		Finish	 		 		 

Time: 28.659600 sec
Packet_Type	Length	Src_nid	Src_port
Hello		80	8	1

Time: 28.683101 sec
Packet_Type		Length	Src_nid	Src_port	Option	Origin_nid	Destination_nid	Next_hop_nid
UpdateDataPlaneRouting	796	10	1		New	4		3		3
 		 	 	 		 		 		5		5
 		 	 	 		 		 		6		6
 		 	 	 		 		 		7		7
 		 	 	 		 		 		8		8
 		 	 	 		 		 		9		9

Time: 28.685201 sec
Packet_Type		Length	Src_nid	Src_port	Option	Origin_nid	Destination_nid	Next_hop_nid
UpdateDataPlaneRouting	796	10	1		Finish	 		 		 

Time: 28.709301 sec
Packet_Type		Length	Src_nid	Src_port	Option	Origin_nid	Destination_nid	Next_hop_nid
UpdateDataPlaneRouting	796	10	1		New	4		3		3
 		 	 	 		 		 		5		5
 		 	 	 		 		 		6		6
 		 	 	 		 		 		7		7
 		 	 	 		 		 		8		8
 		 	 	 		 		 		9		9

Time: 28.710401 sec
Packet_Type		Length	Src_nid	Src_port	Option	Origin_nid	Destination_nid	Next_hop_nid
UpdateDataPlaneRouting	796	10	1		Finish	 		 		 

Time: 28.848501 sec
Packet_Type		Length	Src_nid	Src_port	Option	Origin_nid	Destination_nid	Next_hop_nid
UpdateDataPlaneRouting	796	10	1		New	4		3		3
 		 	 	 		 		 		5		5
 		 	 	 		 		 		6		6
 		 	 	 		 		 		7		7
 		 	 	 		 		 		8		8
 		 	 	 		 		 		9		9

Time: 28.856601 sec
Packet_Type		Length	Src_nid	Src_port	Option	Origin_nid	Destination_nid	Next_hop_nid
UpdateDataPlaneRouting	796	10	1		Finish	 		 		 

Time: 28.885701 sec
Packet_Type		Length	Src_nid	Src_port	Option	Origin_nid	Destination_nid	Next_hop_nid
UpdateDataPlaneRouting	796	10	1		New	4		3		3
 		 	 	 		 		 		5		5
 		 	 	 		 		 		6		6
 		 	 	 		 		 		7		7
 		 	 	 		 		 		8		8
 		 	 	 		 		 		9		9

Time: 28.888801 sec
Packet_Type		Length	Src_nid	Src_port	Option	Origin_nid	Destination_nid	Next_hop_nid
UpdateDataPlaneRouting	796	10	1		Finish	 		 		 

Time: 28.916901 sec
Packet_Type		Length	Src_nid	Src_port	Option	Origin_nid	Destination_nid	Next_hop_nid
UpdateDataPlaneRouting	796	10	1		New	4		3		3
 		 	 	 		 		 		5		5
 		 	 	 		 		 		6		6
 		 	 	 		 		 		7		7
 		 	 	 		 		 		8		8
 		 	 	 		 		 		9		9

Time: 28.919001 sec
Packet_Type		Length	Src_nid	Src_port	Option	Origin_nid	Destination_nid	Next_hop_nid
UpdateDataPlaneRouting	796	10	1		Finish	 		 		 

Time: 28.980101 sec
Packet_Type		Length	Src_nid	Src_port	Option	Origin_nid	Destination_nid	Next_hop_nid
UpdateDataPlaneRouting	796	10	1		New	4		3		3
 		 	 	 		 		 		5		5
 		 	 	 		 		 		6		6
 		 	 	 		 		 		7		7
 		 	 	 		 		 		8		8
 		 	 	 		 		 		9		9

Time: 28.983201 sec
Packet_Type		Length	Src_nid	Src_port	Option	Origin_nid	Destination_nid	Next_hop_nid
UpdateDataPlaneRouting	796	10	1		Finish	 		 		 

Time: 29.743501 sec
Packet_Type		Length	Src_nid	Src_port	Option	Origin_nid	Destination_nid	Next_hop_nid
UpdateDataPlaneRouting	796	10	1		New	4		3		3
 		 	 	 		 		 		5		5
 		 	 	 		 		 		6		3
 		 	 	 		 		 		7		7
 		 	 	 		 		 		8		8
 		 	 	 		 		 		9		9

Time: 29.747601 sec
Packet_Type		Length	Src_nid	Src_port	Option	Origin_nid	Destination_nid	Next_hop_nid
UpdateDataPlaneRouting	796	10	1		Finish	 		 		 

Time: 29.781701 sec
Packet_Type		Length	Src_nid	Src_port	Option	Origin_nid	Destination_nid	Next_hop_nid
UpdateDataPlaneRouting	796	10	1		New	4		3		3
 		 	 	 		 		 		5		5
 		 	 	 		 		 		6		3
 		 	 	 		 		 		7		7
 		 	 	 		 		 		8		8
 		 	 	 		 		 		9		9

Time: 29.783801 sec
Packet_Type		Length	Src_nid	Src_port	Option	Origin_nid	Destination_nid	Next_hop_nid
UpdateDataPlaneRouting	796	10	1		Finish	 		 		 

Time: 29.809901 sec
Packet_Type		Length	Src_nid	Src_port	Option	Origin_nid	Destination_nid	Next_hop_nid
UpdateDataPlaneRouting	796	10	1		New	4		3		3
 		 	 	 		 		 		5		5
 		 	 	 		 		 		6		8
 		 	 	 		 		 		7		7
 		 	 	 		 		 		8		8
 		 	 	 		 		 		9		9

Time: 29.812001 sec
Packet_Type		Length	Src_nid	Src_port	Option	Origin_nid	Destination_nid	Next_hop_nid
UpdateDataPlaneRouting	796	10	1		Finish	 		 		 

Time: 30.098700 sec
Packet_Type	Length	Src_nid	Src_port
Hello		80	1	1

Time: 30.202637 sec
Packet_Type		Length	Src_nid	Src_port	Option	Origin_nid	Destination_nid	Next_hop_nid
UpdateDataPlaneRouting	796	10	1		New	4		3		3
 		 	 	 		 		 		5		5
 		 	 	 		 		 		7		7
 		 	 	 		 		 		8		8
 		 	 	 		 		 		9		9

Time: 30.204737 sec
Packet_Type		Length	Src_nid	Src_port	Option	Origin_nid	Destination_nid	Next_hop_nid
UpdateDataPlaneRouting	796	10	1		Finish	 		 		 

Time: 30.320800 sec
Packet_Type	Length	Src_nid	Src_port
Hello		80	3	1

Time: 30.380900 sec
Packet_Type	Length	Src_nid	Src_port
Hello		80	5	1

Time: 30.604000 sec
Packet_Type	Length	Src_nid	Src_port
Hello		80	7	1

Time: 30.641100 sec
Packet_Type	Length	Src_nid	Src_port
Hello		80	9	1

Time: 30.699200 sec
Packet_Type	Length	Src_nid	Src_port
Hello		80	8	1

Time: 32.110300 sec
Packet_Type	Length	Src_nid	Src_port
Hello		80	1	1

Time: 32.229400 sec
Packet_Type	Length	Src_nid	Src_port
Hello		80	2	1

Time: 32.328500 sec
Packet_Type	Length	Src_nid	Src_port
Hello		80	3	1

Time: 32.424600 sec
Packet_Type	Length	Src_nid	Src_port
Hello		80	5	1

Time: 32.652700 sec
Packet_Type	Length	Src_nid	Src_port
Hello		80	9	1

Time: 32.673800 sec
Packet_Type	Length	Src_nid	Src_port
Hello		80	7	1

Time: 32.752900 sec
Packet_Type	Length	Src_nid	Src_port
Hello		80	8	1

Time: 34.110000 sec
Packet_Type	Length	Src_nid	Src_port
Hello		80	1	1

Time: 34.246100 sec
Packet_Type	Length	Src_nid	Src_port
Hello		80	2	1

Time: 34.468200 sec
Packet_Type	Length	Src_nid	Src_port
Hello		80	5	1

Time: 34.737300 sec
Packet_Type	Length	Src_nid	Src_port
Hello		80	9	1

Time: 34.820400 sec
Packet_Type	Length	Src_nid	Src_port
Hello		80	8	1

Time: 38.124500 sec
Packet_Type	Length	Src_nid	Src_port
Hello		80	1	1

Time: 38.264600 sec
Packet_Type	Length	Src_nid	Src_port
Hello		80	2	1

Time: 38.381700 sec
Packet_Type	Length	Src_nid	Src_port
Hello		80	3	1

Time: 38.533800 sec
Packet_Type	Length	Src_nid	Src_port
Hello		80	5	1

Time: 38.789900 sec
Packet_Type	Length	Src_nid	Src_port
Hello		80	9	1

Time: 38.898000 sec
Packet_Type	Length	Src_nid	Src_port
Hello		80	8	1

Time: 40.138100 sec
Packet_Type	Length	Src_nid	Src_port
Hello		80	1	1

Time: 40.281200 sec
Packet_Type	Length	Src_nid	Src_port
Hello		80	2	1

Time: 40.401300 sec
Packet_Type	Length	Src_nid	Src_port
Hello		80	3	1

Time: 40.548400 sec
Packet_Type	Length	Src_nid	Src_port
Hello		80	5	1

Time: 40.776500 sec
Packet_Type	Length	Src_nid	Src_port
Hello		80	7	1

Time: 40.797600 sec
Packet_Type	Length	Src_nid	Src_port
Hello		80	9	1

Time: 40.907700 sec
Packet_Type	Length	Src_nid	Src_port
Hello		80	8	1

Time: 41.995401 sec
Packet_Type		Length	Src_Nid	src_port	Option	Center_nid	Neighbor_nid	Data_plane_port
NeighborUpdate		544	10	1		Finish	 		 		 

Time: 42.145800 sec
Packet_Type	Length	Src_nid	Src_port
Hello		80	1	1

Time: 42.289900 sec
Packet_Type	Length	Src_nid	Src_port
Hello		80	2	1

Time: 42.420000 sec
Packet_Type	Length	Src_nid	Src_port
Hello		80	3	1

Time: 42.556100 sec
Packet_Type	Length	Src_nid	Src_port
Hello		80	5	1

Time: 42.824200 sec
Packet_Type	Length	Src_nid	Src_port
Hello		80	7	1

Time: 42.833300 sec
Packet_Type	Length	Src_nid	Src_port
Hello		80	9	1

Time: 42.910400 sec
Packet_Type	Length	Src_nid	Src_port
Hello		80	8	1

Time: 44.146500 sec
Packet_Type	Length	Src_nid	Src_port
Hello		80	1	1

Time: 44.291600 sec
Packet_Type	Length	Src_nid	Src_port
Hello		80	2	1

Time: 44.438700 sec
Packet_Type	Length	Src_nid	Src_port
Hello		80	3	1

Time: 44.865800 sec
Packet_Type	Length	Src_nid	Src_port
Hello		80	7	1

Time: 44.881900 sec
Packet_Type	Length	Src_nid	Src_port
Hello		80	9	1

Time: 44.979000 sec
Packet_Type	Length	Src_nid	Src_port
Hello		80	8	1

Time: 46.154100 sec
Packet_Type	Length	Src_nid	Src_port
Hello		80	1	1

Time: 46.194166 sec
Packet_Type		Length	Src_Nid	src_port	Option	Center_nid	Neighbor_nid	Data_plane_port
NeighborUpdate		544	10	1		Finish	 		 		 

Time: 46.197266 sec
Packet_Type		Length	Src_nid	Src_port	Option	Origin_nid	Destination_nid	Next_hop_nid
UpdateDataPlaneRouting	796	10	1		New	4		3		3
 		 	 	 		 		 		5		5
 		 	 	 		 		 		7		7
 		 	 	 		 		 		8		8
 		 	 	 		 		 		9		9

Time: 46.198366 sec
Packet_Type		Length	Src_nid	Src_port	Option	Origin_nid	Destination_nid	Next_hop_nid
UpdateDataPlaneRouting	796	10	1		Finish	 		 		 

Time: 46.312200 sec
Packet_Type	Length	Src_nid	Src_port
Hello		80	2	1

Time: 46.448300 sec
Packet_Type	Length	Src_nid	Src_port
Hello		80	3	1

Time: 46.879400 sec
Packet_Type	Length	Src_nid	Src_port
Hello		80	7	1

Time: 46.904500 sec
Packet_Type	Length	Src_nid	Src_port
Hello		80	9	1

Time: 46.985600 sec
Packet_Type	Length	Src_nid	Src_port
Hello		80	8	1

Time: 47.583666 sec
Packet_Type		Length	Src_nid	Src_port	Option	Origin_nid	Destination_nid	Next_hop_nid
UpdateDataPlaneRouting	796	10	1		New	4		3		3
 		 	 	 		 		 		5		3
 		 	 	 		 		 		7		7
 		 	 	 		 		 		8		8
 		 	 	 		 		 		9		9

Time: 47.584766 sec
Packet_Type		Length	Src_nid	Src_port	Option	Origin_nid	Destination_nid	Next_hop_nid
UpdateDataPlaneRouting	796	10	1		Finish	 		 		 

Time: 47.610866 sec
Packet_Type		Length	Src_nid	Src_port	Option	Origin_nid	Destination_nid	Next_hop_nid
UpdateDataPlaneRouting	796	10	1		New	4		3		3
 		 	 	 		 		 		5		7
 		 	 	 		 		 		7		7
 		 	 	 		 		 		8		8
 		 	 	 		 		 		9		9

Time: 47.615966 sec
Packet_Type		Length	Src_nid	Src_port	Option	Origin_nid	Destination_nid	Next_hop_nid
UpdateDataPlaneRouting	796	10	1		Finish	 		 		 

Time: 47.650066 sec
Packet_Type		Length	Src_nid	Src_port	Option	Origin_nid	Destination_nid	Next_hop_nid
UpdateDataPlaneRouting	796	10	1		New	4		3		3
 		 	 	 		 		 		5		7
 		 	 	 		 		 		7		7
 		 	 	 		 		 		8		8
 		 	 	 		 		 		9		9

Time: 47.652166 sec
Packet_Type		Length	Src_nid	Src_port	Option	Origin_nid	Destination_nid	Next_hop_nid
UpdateDataPlaneRouting	796	10	1		Finish	 		 		 

Time: 47.733447 sec
Packet_Type		Length	Src_nid	Src_port	Option	Origin_nid	Destination_nid	Next_hop_nid
UpdateDataPlaneRouting	796	10	1		New	4		3		3
 		 	 	 		 		 		5		7
 		 	 	 		 		 		7		7
 		 	 	 		 		 		8		8
 		 	 	 		 		 		9		9

Time: 47.735547 sec
Packet_Type		Length	Src_nid	Src_port	Option	Origin_nid	Destination_nid	Next_hop_nid
UpdateDataPlaneRouting	796	10	1		Finish	 		 		 

Time: 48.160700 sec
Packet_Type	Length	Src_nid	Src_port
Hello		80	1	1

Time: 48.331800 sec
Packet_Type	Length	Src_nid	Src_port
Hello		80	2	1

Time: 48.466900 sec
Packet_Type	Length	Src_nid	Src_port
Hello		80	3	1

Time: 48.621000 sec
Packet_Type	Length	Src_nid	Src_port
Hello		80	5	1

Time: 48.655447 sec
Packet_Type		Length	Src_nid	Src_port	Option	Origin_nid	Destination_nid	Next_hop_nid
UpdateDataPlaneRouting	796	10	1		New	4		3		3
 		 	 	 		 		 		5		5
 		 	 	 		 		 		7		7
 		 	 	 		 		 		8		8
 		 	 	 		 		 		9		9

Time: 48.660547 sec
Packet_Type		Length	Src_nid	Src_port	Option	Origin_nid	Destination_nid	Next_hop_nid
UpdateDataPlaneRouting	796	10	1		Finish	 		 		 

Time: 48.690647 sec
Packet_Type		Length	Src_nid	Src_port	Option	Origin_nid	Destination_nid	Next_hop_nid
UpdateDataPlaneRouting	796	10	1		New	4		3		3
 		 	 	 		 		 		5		5
 		 	 	 		 		 		7		7
 		 	 	 		 		 		8		8
 		 	 	 		 		 		9		9

Time: 48.693747 sec
Packet_Type		Length	Src_nid	Src_port	Option	Origin_nid	Destination_nid	Next_hop_nid
UpdateDataPlaneRouting	796	10	1		Finish	 		 		 

Time: 48.727847 sec
Packet_Type		Length	Src_nid	Src_port	Option	Origin_nid	Destination_nid	Next_hop_nid
UpdateDataPlaneRouting	796	10	1		New	4		3		3
 		 	 	 		 		 		5		5
 		 	 	 		 		 		7		7
 		 	 	 		 		 		8		8
 		 	 	 		 		 		9		9

Time: 48.728947 sec
Packet_Type		Length	Src_nid	Src_port	Option	Origin_nid	Destination_nid	Next_hop_nid
UpdateDataPlaneRouting	796	10	1		Finish	 		 		 

Time: 48.757047 sec
Packet_Type		Length	Src_nid	Src_port	Option	Origin_nid	Destination_nid	Next_hop_nid
UpdateDataPlaneRouting	796	10	1		New	4		3		3
 		 	 	 		 		 		5		5
 		 	 	 		 		 		7		7
 		 	 	 		 		 		8		8
 		 	 	 		 		 		9		9

Time: 48.761147 sec
Packet_Type		Length	Src_nid	Src_port	Option	Origin_nid	Destination_nid	Next_hop_nid
UpdateDataPlaneRouting	796	10	1		Finish	 		 		 

Time: 48.895100 sec
Packet_Type	Length	Src_nid	Src_port
Hello		80	7	1

Time: 48.942200 sec
Packet_Type	Length	Src_nid	Src_port
Hello		80	9	1

Time: 49.050300 sec
Packet_Type	Length	Src_nid	Src_port
Hello		80	8	1

Time: 50.172400 sec
Packet_Type	Length	Src_nid	Src_port
Hello		80	1	1

Time: 50.337500 sec
Packet_Type	Length	Src_nid	Src_port
Hello		80	2	1

Time: 50.468600 sec
Packet_Type	Length	Src_nid	Src_port
Hello		80	3	1

Time: 50.668700 sec
Packet_Type	Length	Src_nid	Src_port
Hello		80	5	1

Time: 50.958800 sec
Packet_Type	Length	Src_nid	Src_port
Hello		80	7	1

Time: 51.010900 sec
Packet_Type	Length	Src_nid	Src_port
Hello		80	9	1

Time: 51.058377 sec
Packet_Type		Length	Src_nid	Src_port	Option	Origin_nid	Destination_nid	Next_hop_nid
UpdateDataPlaneRouting	796	10	1		New	4		3		3
 		 	 	 		 		 		5		5
 		 	 	 		 		 		7		7
 		 	 	 		 		 		8		8
 		 	 	 		 		 		9		9

Time: 51.059000 sec
Packet_Type	Length	Src_nid	Src_port
Hello		80	8	1

Time: 51.061677 sec
Packet_Type		Length	Src_nid	Src_port	Option	Origin_nid	Destination_nid	Next_hop_nid
UpdateDataPlaneRouting	796	10	1		Finish	 		 		 

Time: 52.174100 sec
Packet_Type	Length	Src_nid	Src_port
Hello		80	1	1

Time: 52.352200 sec
Packet_Type	Length	Src_nid	Src_port
Hello		80	2	1

Time: 52.501300 sec
Packet_Type	Length	Src_nid	Src_port
Hello		80	3	1

Time: 52.716400 sec
Packet_Type	Length	Src_nid	Src_port
Hello		80	5	1

Time: 52.975500 sec
Packet_Type	Length	Src_nid	Src_port
Hello		80	7	1

Time: 55.074600 sec
Packet_Type	Length	Src_nid	Src_port
Hello		80	9	1

Time: 55.138700 sec
Packet_Type	Length	Src_nid	Src_port
Hello		80	8	1

Time: 56.192800 sec
Packet_Type	Length	Src_nid	Src_port
Hello		80	1	1

Time: 56.556900 sec
Packet_Type	Length	Src_nid	Src_port
Hello		80	3	1

Time: 56.722000 sec
Packet_Type	Length	Src_nid	Src_port
Hello		80	5	1

Time: 57.006100 sec
Packet_Type	Length	Src_nid	Src_port
Hello		80	7	1

Time: 57.139200 sec
Packet_Type	Length	Src_nid	Src_port
Hello		80	9	1

Time: 57.189300 sec
Packet_Type	Length	Src_nid	Src_port
Hello		80	8	1

Time: 58.194400 sec
Packet_Type	Length	Src_nid	Src_port
Hello		80	1	1

Time: 58.387500 sec
Packet_Type	Length	Src_nid	Src_port
Hello		80	2	1

Time: 58.569600 sec
Packet_Type	Length	Src_nid	Src_port
Hello		80	3	1

Time: 58.751700 sec
Packet_Type	Length	Src_nid	Src_port
Hello		80	5	1

Time: 59.025800 sec
Packet_Type	Length	Src_nid	Src_port
Hello		80	7	1

Time: 59.200900 sec
Packet_Type	Length	Src_nid	Src_port
Hello		80	8	1

Time: 60.200000 sec
Packet_Type	Length	Src_nid	Src_port
Hello		80	1	1

Time: 60.407100 sec
Packet_Type	Length	Src_nid	Src_port
Hello		80	2	1

Time: 60.585200 sec
Packet_Type	Length	Src_nid	Src_port
Hello		80	3	1

Time: 60.772300 sec
Packet_Type	Length	Src_nid	Src_port
Hello		80	5	1

Time: 61.069400 sec
Packet_Type	Length	Src_nid	Src_port
Hello		80	7	1

Time: 61.217500 sec
Packet_Type	Length	Src_nid	Src_port
Hello		80	8	1

Time: 62.202600 sec
Packet_Type	Length	Src_nid	Src_port
Hello		80	1	1

Time: 62.603700 sec
Packet_Type	Length	Src_nid	Src_port
Hello		80	3	1

Time: 62.795800 sec
Packet_Type	Length	Src_nid	Src_port
Hello		80	5	1

Time: 63.100900 sec
Packet_Type	Length	Src_nid	Src_port
Hello		80	7	1

Time: 63.281000 sec
Packet_Type	Length	Src_nid	Src_port
Hello		80	8	1

Time: 64.206100 sec
Packet_Type	Length	Src_nid	Src_port
Hello		80	1	1

Time: 64.623200 sec
Packet_Type	Length	Src_nid	Src_port
Hello		80	3	1

Time: 64.824300 sec
Packet_Type	Length	Src_nid	Src_port
Hello		80	5	1

Time: 65.299400 sec
Packet_Type	Length	Src_nid	Src_port
Hello		80	8	1

Time: 66.213500 sec
Packet_Type	Length	Src_nid	Src_port
Hello		80	1	1

Time: 66.643600 sec
Packet_Type	Length	Src_nid	Src_port
Hello		80	3	1

Time: 66.850700 sec
Packet_Type	Length	Src_nid	Src_port
Hello		80	5	1

Time: 67.172800 sec
Packet_Type	Length	Src_nid	Src_port
Hello		80	7	1

Time: 67.363900 sec
Packet_Type	Length	Src_nid	Src_port
Hello		80	8	1

Time: 68.653000 sec
Packet_Type	Length	Src_nid	Src_port
Hello		80	3	1

Time: 68.887100 sec
Packet_Type	Length	Src_nid	Src_port
Hello		80	5	1

Time: 71.294200 sec
Packet_Type	Length	Src_nid	Src_port
Hello		80	7	1

Time: 71.455300 sec
Packet_Type	Length	Src_nid	Src_port
Hello		80	8	1

Time: 72.941400 sec
Packet_Type	Length	Src_nid	Src_port
Hello		80	5	1

Time: 73.346500 sec
Packet_Type	Length	Src_nid	Src_port
Hello		80	7	1

Time: 73.527600 sec
Packet_Type	Length	Src_nid	Src_port
Hello		80	8	1

Time: 74.240700 sec
Packet_Type	Length	Src_nid	Src_port
Hello		80	1	1

Time: 74.988800 sec
Packet_Type	Length	Src_nid	Src_port
Hello		80	5	1

Time: 75.363900 sec
Packet_Type	Length	Src_nid	Src_port
Hello		80	7	1

Time: 75.531000 sec
Packet_Type	Length	Src_nid	Src_port
Hello		80	8	1

Time: 76.252100 sec
Packet_Type	Length	Src_nid	Src_port
Hello		80	1	1

Time: 76.706200 sec
Packet_Type	Length	Src_nid	Src_port
Hello		80	3	1

Time: 77.009300 sec
Packet_Type	Length	Src_nid	Src_port
Hello		80	5	1

Time: 77.367400 sec
Packet_Type	Length	Src_nid	Src_port
Hello		80	7	1

Time: 77.609500 sec
Packet_Type	Length	Src_nid	Src_port
Hello		80	8	1

Time: 78.252600 sec
Packet_Type	Length	Src_nid	Src_port
Hello		80	1	1

Time: 78.722700 sec
Packet_Type	Length	Src_nid	Src_port
Hello		80	3	1

Time: 79.052800 sec
Packet_Type	Length	Src_nid	Src_port
Hello		80	5	1

Time: 79.390900 sec
Packet_Type	Length	Src_nid	Src_port
Hello		80	7	1

Time: 79.647000 sec
Packet_Type	Length	Src_nid	Src_port
Hello		80	8	1

Time: 80.254100 sec
Packet_Type	Length	Src_nid	Src_port
Hello		80	1	1

Time: 80.726200 sec
Packet_Type	Length	Src_nid	Src_port
Hello		80	3	1

Time: 81.086300 sec
Packet_Type	Length	Src_nid	Src_port
Hello		80	5	1

Time: 82.266400 sec
Packet_Type	Length	Src_nid	Src_port
Hello		80	1	1

Time: 82.749500 sec
Packet_Type	Length	Src_nid	Src_port
Hello		80	3	1

Time: 83.117600 sec
Packet_Type	Length	Src_nid	Src_port
Hello		80	5	1

Time: 83.679700 sec
Packet_Type	Length	Src_nid	Src_port
Hello		80	8	1

Time: 84.265800 sec
Packet_Type	Length	Src_nid	Src_port
Hello		80	1	1

Time: 84.760900 sec
Packet_Type	Length	Src_nid	Src_port
Hello		80	3	1

Time: 85.145000 sec
Packet_Type	Length	Src_nid	Src_port
Hello		80	5	1

Time: 85.477100 sec
Packet_Type	Length	Src_nid	Src_port
Hello		80	7	1

Time: 85.746200 sec
Packet_Type	Length	Src_nid	Src_port
Hello		80	8	1

Time: 86.277300 sec
Packet_Type	Length	Src_nid	Src_port
Hello		80	1	1

Time: 86.783400 sec
Packet_Type	Length	Src_nid	Src_port
Hello		80	3	1

Time: 89.202500 sec
Packet_Type	Length	Src_nid	Src_port
Hello		80	5	1

Time: 89.577600 sec
Packet_Type	Length	Src_nid	Src_port
Hello		80	7	1

Time: 89.798700 sec
Packet_Type	Length	Src_nid	Src_port
Hello		80	8	1

Time: 90.293800 sec
Packet_Type	Length	Src_nid	Src_port
Hello		80	1	1

Time: 90.794900 sec
Packet_Type	Length	Src_nid	Src_port
Hello		80	3	1

Time: 91.228000 sec
Packet_Type	Length	Src_nid	Src_port
Hello		80	5	1

Time: 91.644100 sec
Packet_Type	Length	Src_nid	Src_port
Hello		80	7	1

Time: 91.897200 sec
Packet_Type	Length	Src_nid	Src_port
Hello		80	8	1

Time: 92.294300 sec
Packet_Type	Length	Src_nid	Src_port
Hello		80	1	1

Time: 92.826400 sec
Packet_Type	Length	Src_nid	Src_port
Hello		80	3	1

Time: 93.248500 sec
Packet_Type	Length	Src_nid	Src_port
Hello		80	5	1

Time: 93.650600 sec
Packet_Type	Length	Src_nid	Src_port
Hello		80	7	1

Time: 93.920700 sec
Packet_Type	Length	Src_nid	Src_port
Hello		80	8	1

Time: 94.304800 sec
Packet_Type	Length	Src_nid	Src_port
Hello		80	1	1

Time: 94.855900 sec
Packet_Type	Length	Src_nid	Src_port
Hello		80	3	1

Time: 95.296000 sec
Packet_Type	Length	Src_nid	Src_port
Hello		80	5	1

Time: 95.708100 sec
Packet_Type	Length	Src_nid	Src_port
Hello		80	7	1

Time: 95.999200 sec
Packet_Type	Length	Src_nid	Src_port
Hello		80	8	1

Time: 96.316300 sec
Packet_Type	Length	Src_nid	Src_port
Hello		80	1	1

Time: 96.879400 sec
Packet_Type	Length	Src_nid	Src_port
Hello		80	3	1

Time: 97.298500 sec
Packet_Type	Length	Src_nid	Src_port
Hello		80	5	1

Time: 97.773600 sec
Packet_Type	Length	Src_nid	Src_port
Hello		80	7	1

Time: 98.040700 sec
Packet_Type	Length	Src_nid	Src_port
Hello		80	8	1

Time: 98.318800 sec
Packet_Type	Length	Src_nid	Src_port
Hello		80	1	1

Time: 98.887900 sec
Packet_Type	Length	Src_nid	Src_port
Hello		80	3	1

Time: 99.333000 sec
Packet_Type	Length	Src_nid	Src_port
Hello		80	5	1

Time: 99.787100 sec
Packet_Type	Length	Src_nid	Src_port
Hello		80	7	1

