Time: 2.006000 sec
Broadcast
Packet_Type	Length	Src_nid	Src_port
Hello		80	5	1

Time: 4.027900 sec
Broadcast
Packet_Type	Length	Src_nid	Src_port
Hello		80	5	1

Time: 6.040800 sec
Broadcast
Packet_Type	Length	Src_nid	Src_port
Hello		80	5	1

Time: 8.050500 sec
Broadcast
Packet_Type	Length	Src_nid	Src_port
Hello		80	5	1

Time: 10.098400 sec
Broadcast
Packet_Type	Length	Src_nid	Src_port
Hello		80	5	1

Time: 12.102100 sec
Broadcast
Packet_Type	Length	Src_nid	Src_port
Hello		80	5	1

Time: 14.148900 sec
Broadcast
Packet_Type	Length	Src_nid	Src_port
Hello		80	5	1

Time: 16.154700 sec
Broadcast
Packet_Type	Length	Src_nid	Src_port
Hello		80	5	1

Time: 18.158300 sec
Broadcast
Packet_Type	Length	Src_nid	Src_port
Hello		80	5	1

Time: 19.322913 sec
Send to Nid: 10
Packet_Type	Length	Src_nid	Src_port
Hello		80	5	1

Time: 19.323013 sec
Send to Nid: 10
Packet_Type		Length	Src_Nid	src_port	Option	Center_nid	Neighbor_nid	Data_plane_port
NeighborUpdate		544	5	1		New	5		1		1

Time: 19.323113 sec
Send to Nid: 10
Packet_Type		Length	Src_Nid	src_port	Option	Center_nid	Neighbor_nid	Data_plane_port
NeighborUpdate		544	5	1		Finish	 		 		 

Time: 19.323213 sec
Send to Nid: 10
Packet_Type		Length	Src_Nid	src_port	Option	Center_nid	Neighbor_nid	Data_plane_port
NeighborUpdate		544	5	1		New	5		1		1
 		 	 	 		 	 			2		1

Time: 19.323313 sec
Send to Nid: 10
Packet_Type		Length	Src_Nid	src_port	Option	Center_nid	Neighbor_nid	Data_plane_port
NeighborUpdate		544	5	1		Finish	 		 		 

Time: 19.323413 sec
Send to Nid: 10
Packet_Type		Length	Src_Nid	src_port	Option	Center_nid	Neighbor_nid	Data_plane_port
NeighborUpdate		544	5	1		New	5		1		1
 		 	 	 		 	 			2		1
 		 	 	 		 	 			3		1

Time: 19.323513 sec
Send to Nid: 10
Packet_Type		Length	Src_Nid	src_port	Option	Center_nid	Neighbor_nid	Data_plane_port
NeighborUpdate		544	5	1		Finish	 		 		 

Time: 19.323613 sec
Send to Nid: 10
Packet_Type		Length	Src_Nid	src_port	Option	Center_nid	Neighbor_nid	Data_plane_port
NeighborUpdate		544	5	1		New	5		1		1
 		 	 	 		 	 			2		1
 		 	 	 		 	 			3		1
 		 	 	 		 	 			4		1

Time: 19.323713 sec
Send to Nid: 10
Packet_Type		Length	Src_Nid	src_port	Option	Center_nid	Neighbor_nid	Data_plane_port
NeighborUpdate		544	5	1		Finish	 		 		 

Time: 19.323813 sec
Send to Nid: 10
Packet_Type		Length	Src_Nid	src_port	Option	Center_nid	Neighbor_nid	Data_plane_port
NeighborUpdate		544	5	1		New	5		1		1
 		 	 	 		 	 			2		1
 		 	 	 		 	 			3		1
 		 	 	 		 	 			4		1
 		 	 	 		 	 			6		1

Time: 19.324913 sec
Send to Nid: 10
Packet_Type		Length	Src_Nid	src_port	Option	Center_nid	Neighbor_nid	Data_plane_port
NeighborUpdate		544	5	1		Finish	 		 		 

Time: 19.325013 sec
Send to Nid: 10
Packet_Type		Length	Src_Nid	src_port	Option	Center_nid	Neighbor_nid	Data_plane_port
NeighborUpdate		544	5	1		New	5		1		1
 		 	 	 		 	 			2		1
 		 	 	 		 	 			3		1
 		 	 	 		 	 			4		1
 		 	 	 		 	 			6		1
 		 	 	 		 	 			7		1

Time: 19.325113 sec
Send to Nid: 10
Packet_Type		Length	Src_Nid	src_port	Option	Center_nid	Neighbor_nid	Data_plane_port
NeighborUpdate		544	5	1		Finish	 		 		 

Time: 19.325213 sec
Send to Nid: 10
Packet_Type		Length	Src_Nid	src_port	Option	Center_nid	Neighbor_nid	Data_plane_port
NeighborUpdate		544	5	1		New	5		1		1
 		 	 	 		 	 			2		1
 		 	 	 		 	 			3		1
 		 	 	 		 	 			4		1
 		 	 	 		 	 			6		1
 		 	 	 		 	 			7		1
 		 	 	 		 	 			8		1

Time: 19.783034 sec
Send to Nid: 10
Packet_Type		Length	Src_Nid	src_port	Option	Center_nid	Neighbor_nid	Data_plane_port
NeighborUpdate		544	5	1		Finish	 		 		 

Time: 19.783134 sec
Send to Nid: 10
Packet_Type		Length	Src_Nid	src_port	Option	Center_nid	Neighbor_nid	Data_plane_port
NeighborUpdate		544	5	1		New	5		1		1
 		 	 	 		 	 			2		1
 		 	 	 		 	 			3		1
 		 	 	 		 	 			4		1
 		 	 	 		 	 			6		1
 		 	 	 		 	 			7		1
 		 	 	 		 	 			8		1
 		 	 	 		 	 			9		1

Time: 19.783234 sec
Send to Nid: 10
Packet_Type		Length	Src_Nid	src_port	Option	Center_nid	Neighbor_nid	Data_plane_port
NeighborUpdate		544	5	1		Finish	 		 		 

Time: 19.783334 sec
Send to Nid: 10
Packet_Type		Length	Src_Nid	src_port	Option	Center_nid	Neighbor_nid	Data_plane_port
NeighborUpdate		544	5	1		New	5		1		1
 		 	 	 		 	 			2		1
 		 	 	 		 	 			3		1
 		 	 	 		 	 			4		1
 		 	 	 		 	 			6		1
 		 	 	 		 	 			7		1
 		 	 	 		 	 			8		1
 		 	 	 		 	 			9		1

Time: 19.783434 sec
Send to Nid: 10
Packet_Type		Length	Src_Nid	src_port	Option	Center_nid	Neighbor_nid	Data_plane_port
NeighborUpdate		544	5	1		Finish	 		 		 

Time: 19.783534 sec
Send to Nid: 10
Packet_Type		Length	Src_Nid	src_port	Option	Center_nid	Neighbor_nid	Data_plane_port
NeighborUpdate		544	5	1		New	5		1		1
 		 	 	 		 	 			2		1
 		 	 	 		 	 			3		1
 		 	 	 		 	 			4		1
 		 	 	 		 	 			6		1
 		 	 	 		 	 			7		1
 		 	 	 		 	 			8		1
 		 	 	 		 	 			9		1

Time: 19.783634 sec
Send to Nid: 10
Packet_Type		Length	Src_Nid	src_port	Option	Center_nid	Neighbor_nid	Data_plane_port
NeighborUpdate		544	5	1		Finish	 		 		 

Time: 19.783734 sec
Send to Nid: 10
Packet_Type	Length	Src_nid	Src_port
Hello		80	5	1

Time: 19.783834 sec
Send to Nid: 10
Packet_Type		Length	Src_Nid	src_port	Option	Center_nid	Neighbor_nid	Data_plane_port
NeighborUpdate		544	5	1		New	5		1		1
 		 	 	 		 	 			2		1
 		 	 	 		 	 			3		1
 		 	 	 		 	 			4		1
 		 	 	 		 	 			6		1
 		 	 	 		 	 			7		1
 		 	 	 		 	 			8		1
 		 	 	 		 	 			9		1

Time: 19.783934 sec
Send to Nid: 10
Packet_Type		Length	Src_Nid	src_port	Option	Center_nid	Neighbor_nid	Data_plane_port
NeighborUpdate		544	5	1		Finish	 		 		 

Time: 19.785034 sec
Send to Nid: 10
Packet_Type		Length	Src_Nid	src_port	Option	Center_nid	Neighbor_nid	Data_plane_port
NeighborUpdate		544	5	1		New	5		1		1
 		 	 	 		 	 			2		1
 		 	 	 		 	 			3		1
 		 	 	 		 	 			4		1
 		 	 	 		 	 			6		1
 		 	 	 		 	 			7		1
 		 	 	 		 	 			8		1
 		 	 	 		 	 			9		1

Time: 19.785134 sec
Send to Nid: 10
Packet_Type		Length	Src_Nid	src_port	Option	Center_nid	Neighbor_nid	Data_plane_port
NeighborUpdate		544	5	1		Finish	 		 		 

Time: 19.785234 sec
Send to Nid: 10
Packet_Type		Length	Src_Nid	src_port	Option	Center_nid	Neighbor_nid	Data_plane_port
NeighborUpdate		544	5	1		New	5		1		1
 		 	 	 		 	 			2		1
 		 	 	 		 	 			3		1
 		 	 	 		 	 			4		1
 		 	 	 		 	 			6		1
 		 	 	 		 	 			7		1
 		 	 	 		 	 			8		1
 		 	 	 		 	 			9		1

Time: 19.785334 sec
Send to Nid: 10
Packet_Type		Length	Src_Nid	src_port	Option	Center_nid	Neighbor_nid	Data_plane_port
NeighborUpdate		544	5	1		Finish	 		 		 

Time: 19.785434 sec
Send to Nid: 10
Packet_Type		Length	Src_Nid	src_port	Option	Center_nid	Neighbor_nid	Data_plane_port
NeighborUpdate		544	5	1		New	5		1		1
 		 	 	 		 	 			2		1
 		 	 	 		 	 			3		1
 		 	 	 		 	 			4		1
 		 	 	 		 	 			6		1
 		 	 	 		 	 			7		1
 		 	 	 		 	 			8		1
 		 	 	 		 	 			9		1

Time: 20.177100 sec
Broadcast
Packet_Type	Length	Src_nid	Src_port
Hello		80	5	1

Time: 20.736861 sec
Send to Nid: 10
Packet_Type		Length	Src_Nid	src_port	Option	Center_nid	Neighbor_nid	Data_plane_port
NeighborUpdate		544	5	1		Finish	 		 		 

Time: 20.736961 sec
Send to Nid: 10
Packet_Type		Length	Src_Nid	src_port	Option	Center_nid	Neighbor_nid	Data_plane_port
NeighborUpdate		544	5	1		New	5		1		1
 		 	 	 		 	 			2		1
 		 	 	 		 	 			3		1
 		 	 	 		 	 			4		1
 		 	 	 		 	 			6		1
 		 	 	 		 	 			7		1
 		 	 	 		 	 			8		1
 		 	 	 		 	 			9		1

Time: 20.737061 sec
Send to Nid: 10
Packet_Type	Length	Src_nid	Src_port
Hello		80	5	1

Time: 20.737161 sec
Send to Nid: 10
Packet_Type		Length	Src_Nid	src_port	Option	Center_nid	Neighbor_nid	Data_plane_port
NeighborUpdate		544	5	1		New	5		1		1
 		 	 	 		 	 			2		1
 		 	 	 		 	 			3		1
 		 	 	 		 	 			4		1
 		 	 	 		 	 			6		1
 		 	 	 		 	 			7		1
 		 	 	 		 	 			8		1
 		 	 	 		 	 			9		1

Time: 20.737261 sec
Send to Nid: 10
Packet_Type		Length	Src_Nid	src_port	Option	Center_nid	Neighbor_nid	Data_plane_port
NeighborUpdate		544	5	1		Finish	 		 		 

Time: 20.737361 sec
Send to Nid: 10
Packet_Type		Length	Src_Nid	src_port	Option	Center_nid	Neighbor_nid	Data_plane_port
NeighborUpdate		544	5	1		New	5		1		1
 		 	 	 		 	 			2		1
 		 	 	 		 	 			3		1
 		 	 	 		 	 			4		1
 		 	 	 		 	 			6		1
 		 	 	 		 	 			7		1
 		 	 	 		 	 			8		1
 		 	 	 		 	 			9		1

Time: 20.737461 sec
Send to Nid: 10
Packet_Type		Length	Src_Nid	src_port	Option	Center_nid	Neighbor_nid	Data_plane_port
NeighborUpdate		544	5	1		Finish	 		 		 

Time: 20.737561 sec
Send to Nid: 10
Packet_Type		Length	Src_Nid	src_port	Option	Center_nid	Neighbor_nid	Data_plane_port
NeighborUpdate		544	5	1		New	5		1		1
 		 	 	 		 	 			2		1
 		 	 	 		 	 			3		1
 		 	 	 		 	 			4		1
 		 	 	 		 	 			6		1
 		 	 	 		 	 			7		1
 		 	 	 		 	 			8		1
 		 	 	 		 	 			9		1

Time: 20.737661 sec
Send to Nid: 10
Packet_Type		Length	Src_Nid	src_port	Option	Center_nid	Neighbor_nid	Data_plane_port
NeighborUpdate		544	5	1		Finish	 		 		 

Time: 20.737761 sec
Send to Nid: 10
Packet_Type		Length	Src_Nid	src_port	Option	Center_nid	Neighbor_nid	Data_plane_port
NeighborUpdate		544	5	1		New	5		1		1
 		 	 	 		 	 			2		1
 		 	 	 		 	 			3		1
 		 	 	 		 	 			4		1
 		 	 	 		 	 			6		1
 		 	 	 		 	 			7		1
 		 	 	 		 	 			8		1
 		 	 	 		 	 			9		1

Time: 20.738861 sec
Send to Nid: 10
Packet_Type		Length	Src_Nid	src_port	Option	Center_nid	Neighbor_nid	Data_plane_port
NeighborUpdate		544	5	1		Finish	 		 		 

Time: 20.738961 sec
Send to Nid: 10
Packet_Type		Length	Src_Nid	src_port	Option	Center_nid	Neighbor_nid	Data_plane_port
NeighborUpdate		544	5	1		New	5		1		1
 		 	 	 		 	 			2		1
 		 	 	 		 	 			3		1
 		 	 	 		 	 			4		1
 		 	 	 		 	 			6		1
 		 	 	 		 	 			7		1
 		 	 	 		 	 			8		1
 		 	 	 		 	 			9		1

Time: 20.739061 sec
Send to Nid: 10
Packet_Type		Length	Src_Nid	src_port	Option	Center_nid	Neighbor_nid	Data_plane_port
NeighborUpdate		544	5	1		Finish	 		 		 

Time: 20.739161 sec
Send to Nid: 10
Packet_Type		Length	Src_Nid	src_port	Option	Center_nid	Neighbor_nid	Data_plane_port
NeighborUpdate		544	5	1		New	5		1		1
 		 	 	 		 	 			2		1
 		 	 	 		 	 			3		1
 		 	 	 		 	 			4		1
 		 	 	 		 	 			6		1
 		 	 	 		 	 			7		1
 		 	 	 		 	 			8		1
 		 	 	 		 	 			9		1

Time: 20.739261 sec
Send to Nid: 10
Packet_Type		Length	Src_Nid	src_port	Option	Center_nid	Neighbor_nid	Data_plane_port
NeighborUpdate		544	5	1		Finish	 		 		 

Time: 22.216900 sec
Broadcast
Packet_Type	Length	Src_nid	Src_port
Hello		80	5	1

Time: 24.267700 sec
Broadcast
Packet_Type	Length	Src_nid	Src_port
Hello		80	5	1

Time: 26.313500 sec
Broadcast
Packet_Type	Length	Src_nid	Src_port
Hello		80	5	1

Time: 28.357100 sec
Broadcast
Packet_Type	Length	Src_nid	Src_port
Hello		80	5	1

Time: 30.377700 sec
Broadcast
Packet_Type	Length	Src_nid	Src_port
Hello		80	5	1

Time: 32.422400 sec
Broadcast
Packet_Type	Length	Src_nid	Src_port
Hello		80	5	1

Time: 34.467100 sec
Broadcast
Packet_Type	Length	Src_nid	Src_port
Hello		80	5	1

Time: 36.481600 sec
Broadcast
Packet_Type	Length	Src_nid	Src_port
Hello		80	5	1

Time: 38.526200 sec
Broadcast
Packet_Type	Length	Src_nid	Src_port
Hello		80	5	1

Time: 40.544700 sec
Broadcast
Packet_Type	Length	Src_nid	Src_port
Hello		80	5	1

Time: 42.555400 sec
Broadcast
Packet_Type	Length	Src_nid	Src_port
Hello		80	5	1

Time: 44.559100 sec
Broadcast
Packet_Type	Length	Src_nid	Src_port
Hello		80	5	1

Time: 46.582800 sec
Broadcast
Packet_Type	Length	Src_nid	Src_port
Hello		80	5	1

Time: 48.617500 sec
Broadcast
Packet_Type	Length	Src_nid	Src_port
Hello		80	5	1

Time: 50.667200 sec
Broadcast
Packet_Type	Length	Src_nid	Src_port
Hello		80	5	1

Time: 52.713900 sec
Broadcast
Packet_Type	Length	Src_nid	Src_port
Hello		80	5	1

Time: 54.715500 sec
Broadcast
Packet_Type	Length	Src_nid	Src_port
Hello		80	5	1

Time: 56.718100 sec
Broadcast
Packet_Type	Length	Src_nid	Src_port
Hello		80	5	1

Time: 58.747800 sec
Broadcast
Packet_Type	Length	Src_nid	Src_port
Hello		80	5	1

Time: 60.769400 sec
Broadcast
Packet_Type	Length	Src_nid	Src_port
Hello		80	5	1

Time: 62.793900 sec
Broadcast
Packet_Type	Length	Src_nid	Src_port
Hello		80	5	1

Time: 64.820300 sec
Broadcast
Packet_Type	Length	Src_nid	Src_port
Hello		80	5	1

Time: 66.842900 sec
Broadcast
Packet_Type	Length	Src_nid	Src_port
Hello		80	5	1

Time: 68.882400 sec
Broadcast
Packet_Type	Length	Src_nid	Src_port
Hello		80	5	1

Time: 70.906900 sec
Broadcast
Packet_Type	Length	Src_nid	Src_port
Hello		80	5	1

Time: 72.938300 sec
Broadcast
Packet_Type	Length	Src_nid	Src_port
Hello		80	5	1

Time: 74.986800 sec
Broadcast
Packet_Type	Length	Src_nid	Src_port
Hello		80	5	1

Time: 77.004400 sec
Broadcast
Packet_Type	Length	Src_nid	Src_port
Hello		80	5	1

Time: 79.050000 sec
Broadcast
Packet_Type	Length	Src_nid	Src_port
Hello		80	5	1

Time: 81.081600 sec
Broadcast
Packet_Type	Length	Src_nid	Src_port
Hello		80	5	1

Time: 83.104900 sec
Broadcast
Packet_Type	Length	Src_nid	Src_port
Hello		80	5	1

Time: 85.144500 sec
Broadcast
Packet_Type	Length	Src_nid	Src_port
Hello		80	5	1

Time: 87.192100 sec
Broadcast
Packet_Type	Length	Src_nid	Src_port
Hello		80	5	1

Time: 89.196500 sec
Broadcast
Packet_Type	Length	Src_nid	Src_port
Hello		80	5	1

Time: 91.225100 sec
Broadcast
Packet_Type	Length	Src_nid	Src_port
Hello		80	5	1

Time: 93.246600 sec
Broadcast
Packet_Type	Length	Src_nid	Src_port
Hello		80	5	1

Time: 95.294100 sec
Broadcast
Packet_Type	Length	Src_nid	Src_port
Hello		80	5	1

Time: 97.297700 sec
Broadcast
Packet_Type	Length	Src_nid	Src_port
Hello		80	5	1

Time: 99.331300 sec
Broadcast
Packet_Type	Length	Src_nid	Src_port
Hello		80	5	1

