Time: 2.062600 sec
Broadcast
Packet_Type	Length	Src_nid	Src_port
Hello		80	7	1

Time: 4.111500 sec
Broadcast
Packet_Type	Length	Src_nid	Src_port
Hello		80	7	1

Time: 6.161300 sec
Broadcast
Packet_Type	Length	Src_nid	Src_port
Hello		80	7	1

Time: 8.213400 sec
Broadcast
Packet_Type	Length	Src_nid	Src_port
Hello		80	7	1

Time: 10.245100 sec
Broadcast
Packet_Type	Length	Src_nid	Src_port
Hello		80	7	1

Time: 12.272800 sec
Broadcast
Packet_Type	Length	Src_nid	Src_port
Hello		80	7	1

Time: 14.290400 sec
Broadcast
Packet_Type	Length	Src_nid	Src_port
Hello		80	7	1

Time: 16.338700 sec
Broadcast
Packet_Type	Length	Src_nid	Src_port
Hello		80	7	1

Time: 17.861883 sec
Send to Nid: 10
Packet_Type	Length	Src_nid	Src_port
Hello		80	7	1

Time: 17.861983 sec
Send to Nid: 10
Packet_Type		Length	Src_Nid	src_port	Option	Center_nid	Neighbor_nid	Data_plane_port
NeighborUpdate		544	7	1		New	7		1		1

Time: 17.862083 sec
Send to Nid: 10
Packet_Type		Length	Src_Nid	src_port	Option	Center_nid	Neighbor_nid	Data_plane_port
NeighborUpdate		544	7	1		Finish	 		 		 

Time: 17.862183 sec
Send to Nid: 10
Packet_Type		Length	Src_Nid	src_port	Option	Center_nid	Neighbor_nid	Data_plane_port
NeighborUpdate		544	7	1		New	7		1		1
 		 	 	 		 	 			5		1

Time: 17.862283 sec
Send to Nid: 10
Packet_Type		Length	Src_Nid	src_port	Option	Center_nid	Neighbor_nid	Data_plane_port
NeighborUpdate		544	7	1		Finish	 		 		 

Time: 17.862383 sec
Send to Nid: 10
Packet_Type		Length	Src_Nid	src_port	Option	Center_nid	Neighbor_nid	Data_plane_port
NeighborUpdate		544	7	1		New	7		1		1
 		 	 	 		 	 			5		1
 		 	 	 		 	 			2		1

Time: 17.862483 sec
Send to Nid: 10
Packet_Type		Length	Src_Nid	src_port	Option	Center_nid	Neighbor_nid	Data_plane_port
NeighborUpdate		544	7	1		Finish	 		 		 

Time: 17.862583 sec
Send to Nid: 10
Packet_Type		Length	Src_Nid	src_port	Option	Center_nid	Neighbor_nid	Data_plane_port
NeighborUpdate		544	7	1		New	7		1		1
 		 	 	 		 	 			5		1
 		 	 	 		 	 			2		1
 		 	 	 		 	 			3		1

Time: 17.862683 sec
Send to Nid: 10
Packet_Type		Length	Src_Nid	src_port	Option	Center_nid	Neighbor_nid	Data_plane_port
NeighborUpdate		544	7	1		Finish	 		 		 

Time: 17.862783 sec
Send to Nid: 10
Packet_Type		Length	Src_Nid	src_port	Option	Center_nid	Neighbor_nid	Data_plane_port
NeighborUpdate		544	7	1		New	7		1		1
 		 	 	 		 	 			5		1
 		 	 	 		 	 			2		1
 		 	 	 		 	 			3		1
 		 	 	 		 	 			4		1

Time: 17.863883 sec
Send to Nid: 10
Packet_Type		Length	Src_Nid	src_port	Option	Center_nid	Neighbor_nid	Data_plane_port
NeighborUpdate		544	7	1		Finish	 		 		 

Time: 17.863983 sec
Send to Nid: 10
Packet_Type		Length	Src_Nid	src_port	Option	Center_nid	Neighbor_nid	Data_plane_port
NeighborUpdate		544	7	1		New	7		1		1
 		 	 	 		 	 			5		1
 		 	 	 		 	 			2		1
 		 	 	 		 	 			3		1
 		 	 	 		 	 			4		1
 		 	 	 		 	 			6		1

Time: 17.864083 sec
Send to Nid: 10
Packet_Type		Length	Src_Nid	src_port	Option	Center_nid	Neighbor_nid	Data_plane_port
NeighborUpdate		544	7	1		Finish	 		 		 

Time: 17.864183 sec
Send to Nid: 10
Packet_Type		Length	Src_Nid	src_port	Option	Center_nid	Neighbor_nid	Data_plane_port
NeighborUpdate		544	7	1		New	7		1		1
 		 	 	 		 	 			5		1
 		 	 	 		 	 			2		1
 		 	 	 		 	 			3		1
 		 	 	 		 	 			4		1
 		 	 	 		 	 			6		1
 		 	 	 		 	 			8		1

Time: 18.226245 sec
Send to Nid: 10
Packet_Type		Length	Src_Nid	src_port	Option	Center_nid	Neighbor_nid	Data_plane_port
NeighborUpdate		544	7	1		Finish	 		 		 

Time: 18.226345 sec
Send to Nid: 10
Packet_Type		Length	Src_Nid	src_port	Option	Center_nid	Neighbor_nid	Data_plane_port
NeighborUpdate		544	7	1		New	7		1		1
 		 	 	 		 	 			5		1
 		 	 	 		 	 			2		1
 		 	 	 		 	 			3		1
 		 	 	 		 	 			4		1
 		 	 	 		 	 			6		1
 		 	 	 		 	 			8		1
 		 	 	 		 	 			9		1

Time: 18.226445 sec
Send to Nid: 10
Packet_Type		Length	Src_Nid	src_port	Option	Center_nid	Neighbor_nid	Data_plane_port
NeighborUpdate		544	7	1		Finish	 		 		 

Time: 18.226545 sec
Send to Nid: 10
Packet_Type		Length	Src_Nid	src_port	Option	Center_nid	Neighbor_nid	Data_plane_port
NeighborUpdate		544	7	1		New	7		1		1
 		 	 	 		 	 			5		1
 		 	 	 		 	 			2		1
 		 	 	 		 	 			3		1
 		 	 	 		 	 			4		1
 		 	 	 		 	 			6		1
 		 	 	 		 	 			8		1
 		 	 	 		 	 			9		1

Time: 18.226645 sec
Send to Nid: 10
Packet_Type		Length	Src_Nid	src_port	Option	Center_nid	Neighbor_nid	Data_plane_port
NeighborUpdate		544	7	1		Finish	 		 		 

Time: 18.226745 sec
Send to Nid: 10
Packet_Type		Length	Src_Nid	src_port	Option	Center_nid	Neighbor_nid	Data_plane_port
NeighborUpdate		544	7	1		New	7		1		1
 		 	 	 		 	 			5		1
 		 	 	 		 	 			2		1
 		 	 	 		 	 			3		1
 		 	 	 		 	 			4		1
 		 	 	 		 	 			6		1
 		 	 	 		 	 			8		1
 		 	 	 		 	 			9		1

Time: 18.226845 sec
Send to Nid: 10
Packet_Type		Length	Src_Nid	src_port	Option	Center_nid	Neighbor_nid	Data_plane_port
NeighborUpdate		544	7	1		Finish	 		 		 

Time: 18.226945 sec
Send to Nid: 10
Packet_Type	Length	Src_nid	Src_port
Hello		80	7	1

Time: 18.227045 sec
Send to Nid: 10
Packet_Type		Length	Src_Nid	src_port	Option	Center_nid	Neighbor_nid	Data_plane_port
NeighborUpdate		544	7	1		New	7		1		1
 		 	 	 		 	 			5		1
 		 	 	 		 	 			2		1
 		 	 	 		 	 			3		1
 		 	 	 		 	 			4		1
 		 	 	 		 	 			6		1
 		 	 	 		 	 			8		1
 		 	 	 		 	 			9		1

Time: 18.227145 sec
Send to Nid: 10
Packet_Type		Length	Src_Nid	src_port	Option	Center_nid	Neighbor_nid	Data_plane_port
NeighborUpdate		544	7	1		Finish	 		 		 

Time: 18.228245 sec
Send to Nid: 10
Packet_Type		Length	Src_Nid	src_port	Option	Center_nid	Neighbor_nid	Data_plane_port
NeighborUpdate		544	7	1		New	7		1		1
 		 	 	 		 	 			5		1
 		 	 	 		 	 			2		1
 		 	 	 		 	 			3		1
 		 	 	 		 	 			4		1
 		 	 	 		 	 			6		1
 		 	 	 		 	 			8		1
 		 	 	 		 	 			9		1

Time: 18.228345 sec
Send to Nid: 10
Packet_Type		Length	Src_Nid	src_port	Option	Center_nid	Neighbor_nid	Data_plane_port
NeighborUpdate		544	7	1		Finish	 		 		 

Time: 18.228445 sec
Send to Nid: 10
Packet_Type		Length	Src_Nid	src_port	Option	Center_nid	Neighbor_nid	Data_plane_port
NeighborUpdate		544	7	1		New	7		1		1
 		 	 	 		 	 			5		1
 		 	 	 		 	 			2		1
 		 	 	 		 	 			3		1
 		 	 	 		 	 			4		1
 		 	 	 		 	 			6		1
 		 	 	 		 	 			8		1
 		 	 	 		 	 			9		1

Time: 18.228545 sec
Send to Nid: 10
Packet_Type		Length	Src_Nid	src_port	Option	Center_nid	Neighbor_nid	Data_plane_port
NeighborUpdate		544	7	1		Finish	 		 		 

Time: 18.228645 sec
Send to Nid: 10
Packet_Type		Length	Src_Nid	src_port	Option	Center_nid	Neighbor_nid	Data_plane_port
NeighborUpdate		544	7	1		New	7		1		1
 		 	 	 		 	 			5		1
 		 	 	 		 	 			2		1
 		 	 	 		 	 			3		1
 		 	 	 		 	 			4		1
 		 	 	 		 	 			6		1
 		 	 	 		 	 			8		1
 		 	 	 		 	 			9		1

Time: 18.400500 sec
Broadcast
Packet_Type	Length	Src_nid	Src_port
Hello		80	7	1

Time: 18.448467 sec
Send to Nid: 10
Packet_Type		Length	Src_Nid	src_port	Option	Center_nid	Neighbor_nid	Data_plane_port
NeighborUpdate		544	7	1		Finish	 		 		 

Time: 18.448567 sec
Send to Nid: 10
Packet_Type		Length	Src_Nid	src_port	Option	Center_nid	Neighbor_nid	Data_plane_port
NeighborUpdate		544	7	1		New	7		1		1
 		 	 	 		 	 			5		1
 		 	 	 		 	 			2		1
 		 	 	 		 	 			3		1
 		 	 	 		 	 			4		1
 		 	 	 		 	 			6		1
 		 	 	 		 	 			8		1
 		 	 	 		 	 			9		1

Time: 18.448667 sec
Send to Nid: 10
Packet_Type		Length	Src_Nid	src_port	Option	Center_nid	Neighbor_nid	Data_plane_port
NeighborUpdate		544	7	1		New	7		1		1
 		 	 	 		 	 			5		1
 		 	 	 		 	 			2		1
 		 	 	 		 	 			3		1
 		 	 	 		 	 			6		1
 		 	 	 		 	 			8		1
 		 	 	 		 	 			9		1
 		 	 	 		 	 			4		1

Time: 18.448767 sec
Send to Nid: 10
Packet_Type		Length	Src_Nid	src_port	Option	Center_nid	Neighbor_nid	Data_plane_port
NeighborUpdate		544	7	1		Finish	 		 		 

Time: 18.448867 sec
Send to Nid: 10
Packet_Type		Length	Src_Nid	src_port	Option	Center_nid	Neighbor_nid	Data_plane_port
NeighborUpdate		544	7	1		New	7		1		1
 		 	 	 		 	 			5		1
 		 	 	 		 	 			2		1
 		 	 	 		 	 			3		1
 		 	 	 		 	 			6		1
 		 	 	 		 	 			8		1
 		 	 	 		 	 			9		1
 		 	 	 		 	 			4		1

Time: 18.448967 sec
Send to Nid: 10
Packet_Type		Length	Src_Nid	src_port	Option	Center_nid	Neighbor_nid	Data_plane_port
NeighborUpdate		544	7	1		Finish	 		 		 

Time: 18.449067 sec
Send to Nid: 10
Packet_Type		Length	Src_Nid	src_port	Option	Center_nid	Neighbor_nid	Data_plane_port
NeighborUpdate		544	7	1		New	7		1		1
 		 	 	 		 	 			5		1
 		 	 	 		 	 			2		1
 		 	 	 		 	 			3		1
 		 	 	 		 	 			6		1
 		 	 	 		 	 			8		1
 		 	 	 		 	 			9		1
 		 	 	 		 	 			4		1

Time: 18.449167 sec
Send to Nid: 10
Packet_Type		Length	Src_Nid	src_port	Option	Center_nid	Neighbor_nid	Data_plane_port
NeighborUpdate		544	7	1		Finish	 		 		 

Time: 18.449267 sec
Send to Nid: 10
Packet_Type		Length	Src_Nid	src_port	Option	Center_nid	Neighbor_nid	Data_plane_port
NeighborUpdate		544	7	1		New	7		1		1
 		 	 	 		 	 			5		1
 		 	 	 		 	 			2		1
 		 	 	 		 	 			3		1
 		 	 	 		 	 			6		1
 		 	 	 		 	 			8		1
 		 	 	 		 	 			9		1
 		 	 	 		 	 			4		1

Time: 18.449367 sec
Send to Nid: 10
Packet_Type		Length	Src_Nid	src_port	Option	Center_nid	Neighbor_nid	Data_plane_port
NeighborUpdate		544	7	1		Finish	 		 		 

Time: 18.450467 sec
Send to Nid: 10
Packet_Type		Length	Src_Nid	src_port	Option	Center_nid	Neighbor_nid	Data_plane_port
NeighborUpdate		544	7	1		New	7		1		1
 		 	 	 		 	 			5		1
 		 	 	 		 	 			2		1
 		 	 	 		 	 			3		1
 		 	 	 		 	 			6		1
 		 	 	 		 	 			8		1
 		 	 	 		 	 			9		1
 		 	 	 		 	 			4		1

Time: 18.450567 sec
Send to Nid: 10
Packet_Type		Length	Src_Nid	src_port	Option	Center_nid	Neighbor_nid	Data_plane_port
NeighborUpdate		544	7	1		Finish	 		 		 

Time: 18.450667 sec
Send to Nid: 10
Packet_Type	Length	Src_nid	Src_port
Hello		80	7	1

Time: 18.450767 sec
Send to Nid: 10
Packet_Type		Length	Src_Nid	src_port	Option	Center_nid	Neighbor_nid	Data_plane_port
NeighborUpdate		544	7	1		New	7		1		1
 		 	 	 		 	 			5		1
 		 	 	 		 	 			2		1
 		 	 	 		 	 			3		1
 		 	 	 		 	 			6		1
 		 	 	 		 	 			8		1
 		 	 	 		 	 			9		1
 		 	 	 		 	 			4		1

Time: 18.450867 sec
Send to Nid: 10
Packet_Type		Length	Src_Nid	src_port	Option	Center_nid	Neighbor_nid	Data_plane_port
NeighborUpdate		544	7	1		Finish	 		 		 

Time: 18.527961 sec
Send to Nid: 10
Packet_Type		Length	Src_Nid	src_port	Option	Center_nid	Neighbor_nid	Data_plane_port
NeighborUpdate		544	7	1		New	7		1		1
 		 	 	 		 	 			5		1
 		 	 	 		 	 			2		1
 		 	 	 		 	 			3		1
 		 	 	 		 	 			6		1
 		 	 	 		 	 			8		1
 		 	 	 		 	 			9		1
 		 	 	 		 	 			4		1

Time: 18.528061 sec
Send to Nid: 10
Packet_Type		Length	Src_Nid	src_port	Option	Center_nid	Neighbor_nid	Data_plane_port
NeighborUpdate		544	7	1		Finish	 		 		 

Time: 18.528161 sec
Send to Nid: 10
Packet_Type		Length	Src_Nid	src_port	Option	Center_nid	Neighbor_nid	Data_plane_port
NeighborUpdate		544	7	1		New	7		1		1
 		 	 	 		 	 			5		1
 		 	 	 		 	 			2		1
 		 	 	 		 	 			3		1
 		 	 	 		 	 			6		1
 		 	 	 		 	 			8		1
 		 	 	 		 	 			9		1
 		 	 	 		 	 			4		1

Time: 18.528261 sec
Send to Nid: 10
Packet_Type		Length	Src_Nid	src_port	Option	Center_nid	Neighbor_nid	Data_plane_port
NeighborUpdate		544	7	1		Finish	 		 		 

Time: 18.528361 sec
Send to Nid: 10
Packet_Type	Length	Src_nid	Src_port
Hello		80	7	1

Time: 18.587162 sec
Send to Nid: 10
Packet_Type	Length	Src_nid	Src_port
Hello		80	7	1

Time: 19.883722 sec
Send to Nid: 10
Packet_Type	Length	Src_nid	Src_port
Hello		80	7	1

Time: 20.071022 sec
Send to Nid: 10
Packet_Type		Length	Src_Nid	src_port	Option	Center_nid	Neighbor_nid	Data_plane_port
NeighborUpdate		544	7	1		New	7		1		1
 		 	 	 		 	 			5		1
 		 	 	 		 	 			2		1
 		 	 	 		 	 			3		1
 		 	 	 		 	 			6		1
 		 	 	 		 	 			8		1
 		 	 	 		 	 			9		1
 		 	 	 		 	 			4		1

Time: 20.071122 sec
Send to Nid: 10
Packet_Type		Length	Src_Nid	src_port	Option	Center_nid	Neighbor_nid	Data_plane_port
NeighborUpdate		544	7	1		Finish	 		 		 

Time: 20.170222 sec
Send to Nid: 10
Packet_Type		Length	Src_Nid	src_port	Option	Center_nid	Neighbor_nid	Data_plane_port
NeighborUpdate		544	7	1		New	7		1		1
 		 	 	 		 	 			5		1
 		 	 	 		 	 			2		1
 		 	 	 		 	 			3		1
 		 	 	 		 	 			6		1
 		 	 	 		 	 			8		1
 		 	 	 		 	 			9		1
 		 	 	 		 	 			4		1

Time: 20.170322 sec
Send to Nid: 10
Packet_Type		Length	Src_Nid	src_port	Option	Center_nid	Neighbor_nid	Data_plane_port
NeighborUpdate		544	7	1		Finish	 		 		 

Time: 20.180422 sec
Send to Nid: 10
Packet_Type		Length	Src_Nid	src_port	Option	Center_nid	Neighbor_nid	Data_plane_port
NeighborUpdate		544	7	1		New	7		1		1
 		 	 	 		 	 			5		1
 		 	 	 		 	 			2		1
 		 	 	 		 	 			3		1
 		 	 	 		 	 			6		1
 		 	 	 		 	 			8		1
 		 	 	 		 	 			9		1
 		 	 	 		 	 			4		1

Time: 20.180522 sec
Send to Nid: 10
Packet_Type		Length	Src_Nid	src_port	Option	Center_nid	Neighbor_nid	Data_plane_port
NeighborUpdate		544	7	1		Finish	 		 		 

Time: 20.200622 sec
Send to Nid: 10
Packet_Type		Length	Src_Nid	src_port	Option	Center_nid	Neighbor_nid	Data_plane_port
NeighborUpdate		544	7	1		New	7		1		1
 		 	 	 		 	 			5		1
 		 	 	 		 	 			2		1
 		 	 	 		 	 			3		1
 		 	 	 		 	 			6		1
 		 	 	 		 	 			8		1
 		 	 	 		 	 			9		1
 		 	 	 		 	 			4		1

Time: 20.200722 sec
Send to Nid: 10
Packet_Type		Length	Src_Nid	src_port	Option	Center_nid	Neighbor_nid	Data_plane_port
NeighborUpdate		544	7	1		Finish	 		 		 

Time: 20.240822 sec
Send to Nid: 10
Packet_Type		Length	Src_Nid	src_port	Option	Center_nid	Neighbor_nid	Data_plane_port
NeighborUpdate		544	7	1		New	7		1		1
 		 	 	 		 	 			5		1
 		 	 	 		 	 			2		1
 		 	 	 		 	 			3		1
 		 	 	 		 	 			6		1
 		 	 	 		 	 			8		1
 		 	 	 		 	 			9		1
 		 	 	 		 	 			4		1

Time: 20.240922 sec
Send to Nid: 10
Packet_Type		Length	Src_Nid	src_port	Option	Center_nid	Neighbor_nid	Data_plane_port
NeighborUpdate		544	7	1		Finish	 		 		 

Time: 20.381022 sec
Send to Nid: 10
Packet_Type		Length	Src_Nid	src_port	Option	Center_nid	Neighbor_nid	Data_plane_port
NeighborUpdate		544	7	1		New	7		1		1
 		 	 	 		 	 			5		1
 		 	 	 		 	 			2		1
 		 	 	 		 	 			3		1
 		 	 	 		 	 			6		1
 		 	 	 		 	 			8		1
 		 	 	 		 	 			9		1
 		 	 	 		 	 			4		1

Time: 20.381122 sec
Send to Nid: 10
Packet_Type		Length	Src_Nid	src_port	Option	Center_nid	Neighbor_nid	Data_plane_port
NeighborUpdate		544	7	1		Finish	 		 		 

Time: 20.400222 sec
Send to Nid: 10
Packet_Type		Length	Src_Nid	src_port	Option	Center_nid	Neighbor_nid	Data_plane_port
NeighborUpdate		544	7	1		New	7		1		1
 		 	 	 		 	 			5		1
 		 	 	 		 	 			2		1
 		 	 	 		 	 			3		1
 		 	 	 		 	 			6		1
 		 	 	 		 	 			8		1
 		 	 	 		 	 			9		1
 		 	 	 		 	 			4		1

Time: 20.400322 sec
Send to Nid: 10
Packet_Type		Length	Src_Nid	src_port	Option	Center_nid	Neighbor_nid	Data_plane_port
NeighborUpdate		544	7	1		Finish	 		 		 

Time: 20.420200 sec
Broadcast
Packet_Type	Length	Src_nid	Src_port
Hello		80	7	1

Time: 20.480422 sec
Send to Nid: 10
Packet_Type		Length	Src_Nid	src_port	Option	Center_nid	Neighbor_nid	Data_plane_port
NeighborUpdate		544	7	1		New	7		1		1
 		 	 	 		 	 			5		1
 		 	 	 		 	 			2		1
 		 	 	 		 	 			3		1
 		 	 	 		 	 			6		1
 		 	 	 		 	 			8		1
 		 	 	 		 	 			9		1
 		 	 	 		 	 			4		1

Time: 20.480522 sec
Send to Nid: 10
Packet_Type		Length	Src_Nid	src_port	Option	Center_nid	Neighbor_nid	Data_plane_port
NeighborUpdate		544	7	1		Finish	 		 		 

Time: 22.080622 sec
Send to Nid: 10
Packet_Type		Length	Src_Nid	src_port	Option	Center_nid	Neighbor_nid	Data_plane_port
NeighborUpdate		544	7	1		New	7		1		1
 		 	 	 		 	 			5		1
 		 	 	 		 	 			2		1
 		 	 	 		 	 			3		1
 		 	 	 		 	 			6		1
 		 	 	 		 	 			8		1
 		 	 	 		 	 			9		1
 		 	 	 		 	 			4		1

Time: 22.080722 sec
Send to Nid: 10
Packet_Type		Length	Src_Nid	src_port	Option	Center_nid	Neighbor_nid	Data_plane_port
NeighborUpdate		544	7	1		Finish	 		 		 

Time: 22.170822 sec
Send to Nid: 10
Packet_Type		Length	Src_Nid	src_port	Option	Center_nid	Neighbor_nid	Data_plane_port
NeighborUpdate		544	7	1		New	7		1		1
 		 	 	 		 	 			5		1
 		 	 	 		 	 			2		1
 		 	 	 		 	 			3		1
 		 	 	 		 	 			6		1
 		 	 	 		 	 			8		1
 		 	 	 		 	 			9		1
 		 	 	 		 	 			4		1

Time: 22.170922 sec
Send to Nid: 10
Packet_Type		Length	Src_Nid	src_port	Option	Center_nid	Neighbor_nid	Data_plane_port
NeighborUpdate		544	7	1		Finish	 		 		 

Time: 22.221022 sec
Send to Nid: 10
Packet_Type		Length	Src_Nid	src_port	Option	Center_nid	Neighbor_nid	Data_plane_port
NeighborUpdate		544	7	1		New	7		1		1
 		 	 	 		 	 			5		1
 		 	 	 		 	 			2		1
 		 	 	 		 	 			3		1
 		 	 	 		 	 			6		1
 		 	 	 		 	 			8		1
 		 	 	 		 	 			9		1
 		 	 	 		 	 			4		1

Time: 22.221122 sec
Send to Nid: 10
Packet_Type		Length	Src_Nid	src_port	Option	Center_nid	Neighbor_nid	Data_plane_port
NeighborUpdate		544	7	1		Finish	 		 		 

Time: 22.221222 sec
Send to Nid: 10
Packet_Type		Length	Src_Nid	src_port	Option	Center_nid	Neighbor_nid	Data_plane_port
NeighborUpdate		544	7	1		New	7		1		1
 		 	 	 		 	 			5		1
 		 	 	 		 	 			2		1
 		 	 	 		 	 			3		1
 		 	 	 		 	 			6		1
 		 	 	 		 	 			8		1
 		 	 	 		 	 			9		1
 		 	 	 		 	 			4		1

Time: 22.221322 sec
Send to Nid: 10
Packet_Type		Length	Src_Nid	src_port	Option	Center_nid	Neighbor_nid	Data_plane_port
NeighborUpdate		544	7	1		Finish	 		 		 

Time: 22.270422 sec
Send to Nid: 10
Packet_Type		Length	Src_Nid	src_port	Option	Center_nid	Neighbor_nid	Data_plane_port
NeighborUpdate		544	7	1		New	7		1		1
 		 	 	 		 	 			5		1
 		 	 	 		 	 			2		1
 		 	 	 		 	 			3		1
 		 	 	 		 	 			6		1
 		 	 	 		 	 			8		1
 		 	 	 		 	 			9		1
 		 	 	 		 	 			4		1

Time: 22.270522 sec
Send to Nid: 10
Packet_Type		Length	Src_Nid	src_port	Option	Center_nid	Neighbor_nid	Data_plane_port
NeighborUpdate		544	7	1		Finish	 		 		 

Time: 22.485900 sec
Broadcast
Packet_Type	Length	Src_nid	Src_port
Hello		80	7	1

Time: 22.751794 sec
Send to Nid: 10
Packet_Type		Length	Src_Nid	src_port	Option	Center_nid	Neighbor_nid	Data_plane_port
NeighborUpdate		544	7	1		New	7		1		1
 		 	 	 		 	 			5		1
 		 	 	 		 	 			2		1
 		 	 	 		 	 			3		1
 		 	 	 		 	 			6		1
 		 	 	 		 	 			8		1
 		 	 	 		 	 			9		1
 		 	 	 		 	 			4		1

Time: 22.751894 sec
Send to Nid: 10
Packet_Type		Length	Src_Nid	src_port	Option	Center_nid	Neighbor_nid	Data_plane_port
NeighborUpdate		544	7	1		Finish	 		 		 

Time: 22.751994 sec
Send to Nid: 10
Packet_Type	Length	Src_nid	Src_port
Hello		80	7	1

Time: 22.752094 sec
Send to Nid: 10
Packet_Type		Length	Src_Nid	src_port	Option	Center_nid	Neighbor_nid	Data_plane_port
NeighborUpdate		544	7	1		New	7		1		1
 		 	 	 		 	 			5		1
 		 	 	 		 	 			2		1
 		 	 	 		 	 			3		1
 		 	 	 		 	 			6		1
 		 	 	 		 	 			8		1
 		 	 	 		 	 			9		1
 		 	 	 		 	 			4		1

Time: 22.752194 sec
Send to Nid: 10
Packet_Type		Length	Src_Nid	src_port	Option	Center_nid	Neighbor_nid	Data_plane_port
NeighborUpdate		544	7	1		Finish	 		 		 

Time: 22.968797 sec
Send to Nid: 10
Packet_Type	Length	Src_nid	Src_port
Hello		80	7	1

Time: 24.091097 sec
Send to Nid: 10
Packet_Type		Length	Src_Nid	src_port	Option	Center_nid	Neighbor_nid	Data_plane_port
NeighborUpdate		544	7	1		New	7		1		1
 		 	 	 		 	 			5		1
 		 	 	 		 	 			2		1
 		 	 	 		 	 			3		1
 		 	 	 		 	 			6		1
 		 	 	 		 	 			8		1
 		 	 	 		 	 			9		1
 		 	 	 		 	 			4		1

Time: 24.091197 sec
Send to Nid: 10
Packet_Type		Length	Src_Nid	src_port	Option	Center_nid	Neighbor_nid	Data_plane_port
NeighborUpdate		544	7	1		Finish	 		 		 

Time: 24.180297 sec
Send to Nid: 10
Packet_Type		Length	Src_Nid	src_port	Option	Center_nid	Neighbor_nid	Data_plane_port
NeighborUpdate		544	7	1		New	7		1		1
 		 	 	 		 	 			5		1
 		 	 	 		 	 			2		1
 		 	 	 		 	 			3		1
 		 	 	 		 	 			6		1
 		 	 	 		 	 			8		1
 		 	 	 		 	 			9		1
 		 	 	 		 	 			4		1

Time: 24.180397 sec
Send to Nid: 10
Packet_Type		Length	Src_Nid	src_port	Option	Center_nid	Neighbor_nid	Data_plane_port
NeighborUpdate		544	7	1		Finish	 		 		 

Time: 24.250497 sec
Send to Nid: 10
Packet_Type		Length	Src_Nid	src_port	Option	Center_nid	Neighbor_nid	Data_plane_port
NeighborUpdate		544	7	1		New	7		1		1
 		 	 	 		 	 			5		1
 		 	 	 		 	 			2		1
 		 	 	 		 	 			3		1
 		 	 	 		 	 			6		1
 		 	 	 		 	 			8		1
 		 	 	 		 	 			9		1
 		 	 	 		 	 			4		1

Time: 24.250597 sec
Send to Nid: 10
Packet_Type		Length	Src_Nid	src_port	Option	Center_nid	Neighbor_nid	Data_plane_port
NeighborUpdate		544	7	1		Finish	 		 		 

Time: 24.270697 sec
Send to Nid: 10
Packet_Type		Length	Src_Nid	src_port	Option	Center_nid	Neighbor_nid	Data_plane_port
NeighborUpdate		544	7	1		New	7		1		1
 		 	 	 		 	 			5		1
 		 	 	 		 	 			2		1
 		 	 	 		 	 			3		1
 		 	 	 		 	 			6		1
 		 	 	 		 	 			8		1
 		 	 	 		 	 			9		1
 		 	 	 		 	 			4		1

Time: 24.270797 sec
Send to Nid: 10
Packet_Type		Length	Src_Nid	src_port	Option	Center_nid	Neighbor_nid	Data_plane_port
NeighborUpdate		544	7	1		Finish	 		 		 

Time: 24.300897 sec
Send to Nid: 10
Packet_Type		Length	Src_Nid	src_port	Option	Center_nid	Neighbor_nid	Data_plane_port
NeighborUpdate		544	7	1		New	7		1		1
 		 	 	 		 	 			5		1
 		 	 	 		 	 			2		1
 		 	 	 		 	 			3		1
 		 	 	 		 	 			6		1
 		 	 	 		 	 			8		1
 		 	 	 		 	 			9		1
 		 	 	 		 	 			4		1

Time: 24.300997 sec
Send to Nid: 10
Packet_Type		Length	Src_Nid	src_port	Option	Center_nid	Neighbor_nid	Data_plane_port
NeighborUpdate		544	7	1		Finish	 		 		 

Time: 24.411097 sec
Send to Nid: 10
Packet_Type		Length	Src_Nid	src_port	Option	Center_nid	Neighbor_nid	Data_plane_port
NeighborUpdate		544	7	1		New	7		1		1
 		 	 	 		 	 			5		1
 		 	 	 		 	 			2		1
 		 	 	 		 	 			3		1
 		 	 	 		 	 			6		1
 		 	 	 		 	 			8		1
 		 	 	 		 	 			9		1
 		 	 	 		 	 			4		1

Time: 24.411197 sec
Send to Nid: 10
Packet_Type		Length	Src_Nid	src_port	Option	Center_nid	Neighbor_nid	Data_plane_port
NeighborUpdate		544	7	1		Finish	 		 		 

Time: 24.488600 sec
Broadcast
Packet_Type	Length	Src_nid	Src_port
Hello		80	7	1

Time: 24.550297 sec
Send to Nid: 10
Packet_Type		Length	Src_Nid	src_port	Option	Center_nid	Neighbor_nid	Data_plane_port
NeighborUpdate		544	7	1		New	7		1		1
 		 	 	 		 	 			5		1
 		 	 	 		 	 			2		1
 		 	 	 		 	 			3		1
 		 	 	 		 	 			6		1
 		 	 	 		 	 			8		1
 		 	 	 		 	 			9		1
 		 	 	 		 	 			4		1

Time: 24.550397 sec
Send to Nid: 10
Packet_Type		Length	Src_Nid	src_port	Option	Center_nid	Neighbor_nid	Data_plane_port
NeighborUpdate		544	7	1		Finish	 		 		 

Time: 25.400497 sec
Send to Nid: 10
Packet_Type		Length	Src_Nid	src_port	Option	Center_nid	Neighbor_nid	Data_plane_port
NeighborUpdate		544	7	1		New	7		1		1
 		 	 	 		 	 			5		1
 		 	 	 		 	 			2		1
 		 	 	 		 	 			3		1
 		 	 	 		 	 			6		1
 		 	 	 		 	 			8		1
 		 	 	 		 	 			4		1

Time: 25.400597 sec
Send to Nid: 10
Packet_Type		Length	Src_Nid	src_port	Option	Center_nid	Neighbor_nid	Data_plane_port
NeighborUpdate		544	7	1		Finish	 		 		 

Time: 25.648835 sec
Send to Nid: 10
Packet_Type	Length	Src_nid	Src_port
Hello		80	7	1

Time: 26.090135 sec
Send to Nid: 10
Packet_Type		Length	Src_Nid	src_port	Option	Center_nid	Neighbor_nid	Data_plane_port
NeighborUpdate		544	7	1		New	7		1		1
 		 	 	 		 	 			5		1
 		 	 	 		 	 			2		1
 		 	 	 		 	 			3		1
 		 	 	 		 	 			6		1
 		 	 	 		 	 			8		1
 		 	 	 		 	 			4		1

Time: 26.090235 sec
Send to Nid: 10
Packet_Type		Length	Src_Nid	src_port	Option	Center_nid	Neighbor_nid	Data_plane_port
NeighborUpdate		544	7	1		Finish	 		 		 

Time: 26.200335 sec
Send to Nid: 10
Packet_Type		Length	Src_Nid	src_port	Option	Center_nid	Neighbor_nid	Data_plane_port
NeighborUpdate		544	7	1		New	7		1		1
 		 	 	 		 	 			5		1
 		 	 	 		 	 			2		1
 		 	 	 		 	 			3		1
 		 	 	 		 	 			6		1
 		 	 	 		 	 			8		1
 		 	 	 		 	 			4		1

Time: 26.200435 sec
Send to Nid: 10
Packet_Type		Length	Src_Nid	src_port	Option	Center_nid	Neighbor_nid	Data_plane_port
NeighborUpdate		544	7	1		Finish	 		 		 

Time: 26.280535 sec
Send to Nid: 10
Packet_Type		Length	Src_Nid	src_port	Option	Center_nid	Neighbor_nid	Data_plane_port
NeighborUpdate		544	7	1		New	7		1		1
 		 	 	 		 	 			5		1
 		 	 	 		 	 			2		1
 		 	 	 		 	 			3		1
 		 	 	 		 	 			6		1
 		 	 	 		 	 			8		1
 		 	 	 		 	 			4		1

Time: 26.280635 sec
Send to Nid: 10
Packet_Type		Length	Src_Nid	src_port	Option	Center_nid	Neighbor_nid	Data_plane_port
NeighborUpdate		544	7	1		Finish	 		 		 

Time: 26.320735 sec
Send to Nid: 10
Packet_Type		Length	Src_Nid	src_port	Option	Center_nid	Neighbor_nid	Data_plane_port
NeighborUpdate		544	7	1		New	7		1		1
 		 	 	 		 	 			5		1
 		 	 	 		 	 			2		1
 		 	 	 		 	 			3		1
 		 	 	 		 	 			6		1
 		 	 	 		 	 			8		1
 		 	 	 		 	 			4		1

Time: 26.320835 sec
Send to Nid: 10
Packet_Type		Length	Src_Nid	src_port	Option	Center_nid	Neighbor_nid	Data_plane_port
NeighborUpdate		544	7	1		Finish	 		 		 

Time: 26.320935 sec
Send to Nid: 10
Packet_Type		Length	Src_Nid	src_port	Option	Center_nid	Neighbor_nid	Data_plane_port
NeighborUpdate		544	7	1		New	7		1		1
 		 	 	 		 	 			5		1
 		 	 	 		 	 			2		1
 		 	 	 		 	 			3		1
 		 	 	 		 	 			6		1
 		 	 	 		 	 			8		1
 		 	 	 		 	 			4		1

Time: 26.321035 sec
Send to Nid: 10
Packet_Type		Length	Src_Nid	src_port	Option	Center_nid	Neighbor_nid	Data_plane_port
NeighborUpdate		544	7	1		Finish	 		 		 

Time: 26.340822 sec
Send to Nid: 10
Packet_Type	Length	Src_nid	Src_port
Hello		80	7	1

Time: 26.548200 sec
Broadcast
Packet_Type	Length	Src_nid	Src_port
Hello		80	7	1

Time: 26.620122 sec
Send to Nid: 10
Packet_Type		Length	Src_Nid	src_port	Option	Center_nid	Neighbor_nid	Data_plane_port
NeighborUpdate		544	7	1		New	7		1		1
 		 	 	 		 	 			5		1
 		 	 	 		 	 			2		1
 		 	 	 		 	 			3		1
 		 	 	 		 	 			6		1
 		 	 	 		 	 			8		1
 		 	 	 		 	 			4		1

Time: 26.620222 sec
Send to Nid: 10
Packet_Type		Length	Src_Nid	src_port	Option	Center_nid	Neighbor_nid	Data_plane_port
NeighborUpdate		544	7	1		Finish	 		 		 

Time: 28.100322 sec
Send to Nid: 10
Packet_Type		Length	Src_Nid	src_port	Option	Center_nid	Neighbor_nid	Data_plane_port
NeighborUpdate		544	7	1		New	7		1		1
 		 	 	 		 	 			5		1
 		 	 	 		 	 			2		1
 		 	 	 		 	 			3		1
 		 	 	 		 	 			6		1
 		 	 	 		 	 			8		1
 		 	 	 		 	 			4		1

Time: 28.100422 sec
Send to Nid: 10
Packet_Type		Length	Src_Nid	src_port	Option	Center_nid	Neighbor_nid	Data_plane_port
NeighborUpdate		544	7	1		Finish	 		 		 

Time: 28.220522 sec
Send to Nid: 10
Packet_Type		Length	Src_Nid	src_port	Option	Center_nid	Neighbor_nid	Data_plane_port
NeighborUpdate		544	7	1		New	7		1		1
 		 	 	 		 	 			5		1
 		 	 	 		 	 			2		1
 		 	 	 		 	 			3		1
 		 	 	 		 	 			6		1
 		 	 	 		 	 			8		1
 		 	 	 		 	 			4		1

Time: 28.220622 sec
Send to Nid: 10
Packet_Type		Length	Src_Nid	src_port	Option	Center_nid	Neighbor_nid	Data_plane_port
NeighborUpdate		544	7	1		Finish	 		 		 

Time: 28.300722 sec
Send to Nid: 10
Packet_Type		Length	Src_Nid	src_port	Option	Center_nid	Neighbor_nid	Data_plane_port
NeighborUpdate		544	7	1		New	7		1		1
 		 	 	 		 	 			5		1
 		 	 	 		 	 			2		1
 		 	 	 		 	 			3		1
 		 	 	 		 	 			6		1
 		 	 	 		 	 			8		1
 		 	 	 		 	 			4		1

Time: 28.300822 sec
Send to Nid: 10
Packet_Type		Length	Src_Nid	src_port	Option	Center_nid	Neighbor_nid	Data_plane_port
NeighborUpdate		544	7	1		Finish	 		 		 

Time: 28.360922 sec
Send to Nid: 10
Packet_Type		Length	Src_Nid	src_port	Option	Center_nid	Neighbor_nid	Data_plane_port
NeighborUpdate		544	7	1		New	7		1		1
 		 	 	 		 	 			5		1
 		 	 	 		 	 			2		1
 		 	 	 		 	 			3		1
 		 	 	 		 	 			6		1
 		 	 	 		 	 			8		1
 		 	 	 		 	 			4		1

Time: 28.361022 sec
Send to Nid: 10
Packet_Type		Length	Src_Nid	src_port	Option	Center_nid	Neighbor_nid	Data_plane_port
NeighborUpdate		544	7	1		Finish	 		 		 

Time: 28.361122 sec
Send to Nid: 10
Packet_Type		Length	Src_Nid	src_port	Option	Center_nid	Neighbor_nid	Data_plane_port
NeighborUpdate		544	7	1		New	7		1		1
 		 	 	 		 	 			5		1
 		 	 	 		 	 			2		1
 		 	 	 		 	 			3		1
 		 	 	 		 	 			6		1
 		 	 	 		 	 			8		1
 		 	 	 		 	 			4		1

Time: 28.361222 sec
Send to Nid: 10
Packet_Type		Length	Src_Nid	src_port	Option	Center_nid	Neighbor_nid	Data_plane_port
NeighborUpdate		544	7	1		Finish	 		 		 

Time: 28.419978 sec
Send to Nid: 10
Packet_Type	Length	Src_nid	Src_port
Hello		80	7	1

Time: 28.597800 sec
Broadcast
Packet_Type	Length	Src_nid	Src_port
Hello		80	7	1

Time: 28.630278 sec
Send to Nid: 10
Packet_Type		Length	Src_Nid	src_port	Option	Center_nid	Neighbor_nid	Data_plane_port
NeighborUpdate		544	7	1		New	7		1		1
 		 	 	 		 	 			5		1
 		 	 	 		 	 			2		1
 		 	 	 		 	 			3		1
 		 	 	 		 	 			6		1
 		 	 	 		 	 			8		1
 		 	 	 		 	 			4		1
 		 	 	 		 	 			9		1

Time: 28.630378 sec
Send to Nid: 10
Packet_Type		Length	Src_Nid	src_port	Option	Center_nid	Neighbor_nid	Data_plane_port
NeighborUpdate		544	7	1		Finish	 		 		 

Time: 28.660478 sec
Send to Nid: 10
Packet_Type		Length	Src_Nid	src_port	Option	Center_nid	Neighbor_nid	Data_plane_port
NeighborUpdate		544	7	1		New	7		1		1
 		 	 	 		 	 			5		1
 		 	 	 		 	 			2		1
 		 	 	 		 	 			3		1
 		 	 	 		 	 			6		1
 		 	 	 		 	 			8		1
 		 	 	 		 	 			4		1
 		 	 	 		 	 			9		1

Time: 28.660578 sec
Send to Nid: 10
Packet_Type		Length	Src_Nid	src_port	Option	Center_nid	Neighbor_nid	Data_plane_port
NeighborUpdate		544	7	1		Finish	 		 		 

Time: 29.411078 sec
Send to Nid: 10
Packet_Type		Length	Src_Nid	src_port	Option	Center_nid	Neighbor_nid	Data_plane_port
NeighborUpdate		544	7	1		New	7		1		1
 		 	 	 		 	 			5		1
 		 	 	 		 	 			2		1
 		 	 	 		 	 			3		1
 		 	 	 		 	 			8		1
 		 	 	 		 	 			4		1
 		 	 	 		 	 			9		1

Time: 29.411178 sec
Send to Nid: 10
Packet_Type		Length	Src_Nid	src_port	Option	Center_nid	Neighbor_nid	Data_plane_port
NeighborUpdate		544	7	1		Finish	 		 		 

Time: 30.058296 sec
Send to Nid: 10
Packet_Type	Length	Src_nid	Src_port
Hello		80	7	1

Time: 30.100396 sec
Send to Nid: 10
Packet_Type		Length	Src_Nid	src_port	Option	Center_nid	Neighbor_nid	Data_plane_port
NeighborUpdate		544	7	1		New	7		1		1
 		 	 	 		 	 			5		1
 		 	 	 		 	 			2		1
 		 	 	 		 	 			3		1
 		 	 	 		 	 			8		1
 		 	 	 		 	 			4		1
 		 	 	 		 	 			9		1

Time: 30.100496 sec
Send to Nid: 10
Packet_Type		Length	Src_Nid	src_port	Option	Center_nid	Neighbor_nid	Data_plane_port
NeighborUpdate		544	7	1		Finish	 		 		 

Time: 30.230796 sec
Send to Nid: 10
Packet_Type		Length	Src_Nid	src_port	Option	Center_nid	Neighbor_nid	Data_plane_port
NeighborUpdate		544	7	1		New	7		1		1
 		 	 	 		 	 			5		1
 		 	 	 		 	 			2		1
 		 	 	 		 	 			3		1
 		 	 	 		 	 			8		1
 		 	 	 		 	 			4		1
 		 	 	 		 	 			9		1

Time: 30.230896 sec
Send to Nid: 10
Packet_Type		Length	Src_Nid	src_port	Option	Center_nid	Neighbor_nid	Data_plane_port
NeighborUpdate		544	7	1		Finish	 		 		 

Time: 30.330996 sec
Send to Nid: 10
Packet_Type		Length	Src_Nid	src_port	Option	Center_nid	Neighbor_nid	Data_plane_port
NeighborUpdate		544	7	1		New	7		1		1
 		 	 	 		 	 			5		1
 		 	 	 		 	 			2		1
 		 	 	 		 	 			3		1
 		 	 	 		 	 			8		1
 		 	 	 		 	 			4		1
 		 	 	 		 	 			9		1

Time: 30.331096 sec
Send to Nid: 10
Packet_Type		Length	Src_Nid	src_port	Option	Center_nid	Neighbor_nid	Data_plane_port
NeighborUpdate		544	7	1		Finish	 		 		 

Time: 30.380196 sec
Send to Nid: 10
Packet_Type		Length	Src_Nid	src_port	Option	Center_nid	Neighbor_nid	Data_plane_port
NeighborUpdate		544	7	1		New	7		1		1
 		 	 	 		 	 			5		1
 		 	 	 		 	 			2		1
 		 	 	 		 	 			3		1
 		 	 	 		 	 			8		1
 		 	 	 		 	 			4		1
 		 	 	 		 	 			9		1

Time: 30.380296 sec
Send to Nid: 10
Packet_Type		Length	Src_Nid	src_port	Option	Center_nid	Neighbor_nid	Data_plane_port
NeighborUpdate		544	7	1		Finish	 		 		 

Time: 30.390396 sec
Send to Nid: 10
Packet_Type		Length	Src_Nid	src_port	Option	Center_nid	Neighbor_nid	Data_plane_port
NeighborUpdate		544	7	1		New	7		1		1
 		 	 	 		 	 			5		1
 		 	 	 		 	 			2		1
 		 	 	 		 	 			3		1
 		 	 	 		 	 			8		1
 		 	 	 		 	 			4		1
 		 	 	 		 	 			9		1

Time: 30.390496 sec
Send to Nid: 10
Packet_Type		Length	Src_Nid	src_port	Option	Center_nid	Neighbor_nid	Data_plane_port
NeighborUpdate		544	7	1		Finish	 		 		 

Time: 30.602500 sec
Broadcast
Packet_Type	Length	Src_nid	Src_port
Hello		80	7	1

Time: 30.911298 sec
Send to Nid: 10
Packet_Type	Length	Src_nid	Src_port
Hello		80	7	1

Time: 30.912398 sec
Send to Nid: 10
Packet_Type		Length	Src_Nid	src_port	Option	Center_nid	Neighbor_nid	Data_plane_port
NeighborUpdate		544	7	1		New	7		1		1
 		 	 	 		 	 			5		1
 		 	 	 		 	 			2		1
 		 	 	 		 	 			3		1
 		 	 	 		 	 			8		1
 		 	 	 		 	 			4		1
 		 	 	 		 	 			9		1

Time: 30.912498 sec
Send to Nid: 10
Packet_Type		Length	Src_Nid	src_port	Option	Center_nid	Neighbor_nid	Data_plane_port
NeighborUpdate		544	7	1		Finish	 		 		 

Time: 30.912598 sec
Send to Nid: 10
Packet_Type		Length	Src_Nid	src_port	Option	Center_nid	Neighbor_nid	Data_plane_port
NeighborUpdate		544	7	1		New	7		1		1
 		 	 	 		 	 			5		1
 		 	 	 		 	 			2		1
 		 	 	 		 	 			3		1
 		 	 	 		 	 			8		1
 		 	 	 		 	 			4		1
 		 	 	 		 	 			9		1

Time: 30.912698 sec
Send to Nid: 10
Packet_Type		Length	Src_Nid	src_port	Option	Center_nid	Neighbor_nid	Data_plane_port
NeighborUpdate		544	7	1		Finish	 		 		 

Time: 31.039944 sec
Send to Nid: 10
Packet_Type	Length	Src_nid	Src_port
Hello		80	7	1

Time: 32.111044 sec
Send to Nid: 10
Packet_Type		Length	Src_Nid	src_port	Option	Center_nid	Neighbor_nid	Data_plane_port
NeighborUpdate		544	7	1		New	7		1		1
 		 	 	 		 	 			5		1
 		 	 	 		 	 			2		1
 		 	 	 		 	 			3		1
 		 	 	 		 	 			8		1
 		 	 	 		 	 			4		1
 		 	 	 		 	 			9		1

Time: 32.111144 sec
Send to Nid: 10
Packet_Type		Length	Src_Nid	src_port	Option	Center_nid	Neighbor_nid	Data_plane_port
NeighborUpdate		544	7	1		Finish	 		 		 

Time: 32.230244 sec
Send to Nid: 10
Packet_Type		Length	Src_Nid	src_port	Option	Center_nid	Neighbor_nid	Data_plane_port
NeighborUpdate		544	7	1		New	7		1		1
 		 	 	 		 	 			5		1
 		 	 	 		 	 			2		1
 		 	 	 		 	 			3		1
 		 	 	 		 	 			8		1
 		 	 	 		 	 			4		1
 		 	 	 		 	 			9		1

Time: 32.230344 sec
Send to Nid: 10
Packet_Type		Length	Src_Nid	src_port	Option	Center_nid	Neighbor_nid	Data_plane_port
NeighborUpdate		544	7	1		Finish	 		 		 

Time: 32.330444 sec
Send to Nid: 10
Packet_Type		Length	Src_Nid	src_port	Option	Center_nid	Neighbor_nid	Data_plane_port
NeighborUpdate		544	7	1		New	7		1		1
 		 	 	 		 	 			5		1
 		 	 	 		 	 			2		1
 		 	 	 		 	 			3		1
 		 	 	 		 	 			8		1
 		 	 	 		 	 			4		1
 		 	 	 		 	 			9		1

Time: 32.330544 sec
Send to Nid: 10
Packet_Type		Length	Src_Nid	src_port	Option	Center_nid	Neighbor_nid	Data_plane_port
NeighborUpdate		544	7	1		Finish	 		 		 

Time: 32.380644 sec
Send to Nid: 10
Packet_Type		Length	Src_Nid	src_port	Option	Center_nid	Neighbor_nid	Data_plane_port
NeighborUpdate		544	7	1		New	7		1		1
 		 	 	 		 	 			5		1
 		 	 	 		 	 			2		1
 		 	 	 		 	 			3		1
 		 	 	 		 	 			8		1
 		 	 	 		 	 			4		1
 		 	 	 		 	 			9		1

Time: 32.380744 sec
Send to Nid: 10
Packet_Type		Length	Src_Nid	src_port	Option	Center_nid	Neighbor_nid	Data_plane_port
NeighborUpdate		544	7	1		Finish	 		 		 

Time: 32.430844 sec
Send to Nid: 10
Packet_Type		Length	Src_Nid	src_port	Option	Center_nid	Neighbor_nid	Data_plane_port
NeighborUpdate		544	7	1		New	7		1		1
 		 	 	 		 	 			5		1
 		 	 	 		 	 			2		1
 		 	 	 		 	 			3		1
 		 	 	 		 	 			8		1
 		 	 	 		 	 			4		1
 		 	 	 		 	 			9		1

Time: 32.430944 sec
Send to Nid: 10
Packet_Type		Length	Src_Nid	src_port	Option	Center_nid	Neighbor_nid	Data_plane_port
NeighborUpdate		544	7	1		Finish	 		 		 

Time: 32.661044 sec
Send to Nid: 10
Packet_Type		Length	Src_Nid	src_port	Option	Center_nid	Neighbor_nid	Data_plane_port
NeighborUpdate		544	7	1		New	7		1		1
 		 	 	 		 	 			5		1
 		 	 	 		 	 			2		1
 		 	 	 		 	 			3		1
 		 	 	 		 	 			8		1
 		 	 	 		 	 			4		1
 		 	 	 		 	 			9		1

Time: 32.661144 sec
Send to Nid: 10
Packet_Type		Length	Src_Nid	src_port	Option	Center_nid	Neighbor_nid	Data_plane_port
NeighborUpdate		544	7	1		Finish	 		 		 

Time: 32.671300 sec
Broadcast
Packet_Type	Length	Src_nid	Src_port
Hello		80	7	1

Time: 32.760244 sec
Send to Nid: 10
Packet_Type		Length	Src_Nid	src_port	Option	Center_nid	Neighbor_nid	Data_plane_port
NeighborUpdate		544	7	1		New	7		1		1
 		 	 	 		 	 			5		1
 		 	 	 		 	 			2		1
 		 	 	 		 	 			3		1
 		 	 	 		 	 			8		1
 		 	 	 		 	 			4		1
 		 	 	 		 	 			9		1

Time: 34.682400 sec
Broadcast
Packet_Type	Length	Src_nid	Src_port
Hello		80	7	1

Time: 36.738400 sec
Broadcast
Packet_Type	Length	Src_nid	Src_port
Hello		80	7	1

Time: 38.745900 sec
Broadcast
Packet_Type	Length	Src_nid	Src_port
Hello		80	7	1

Time: 40.775600 sec
Broadcast
Packet_Type	Length	Src_nid	Src_port
Hello		80	7	1

Time: 41.281495 sec
Send to Nid: 10
Packet_Type		Length	Src_Nid	src_port	Option	Center_nid	Neighbor_nid	Data_plane_port
NeighborUpdate		544	7	1		Finish	 		 		 

Time: 41.281595 sec
Send to Nid: 10
Packet_Type	Length	Src_nid	Src_port
Hello		80	7	1

Time: 41.281695 sec
Send to Nid: 10
Packet_Type		Length	Src_Nid	src_port	Option	Center_nid	Neighbor_nid	Data_plane_port
NeighborUpdate		544	7	1		New	7		5		1
 		 	 	 		 	 			2		1
 		 	 	 		 	 			3		1
 		 	 	 		 	 			8		1
 		 	 	 		 	 			4		1
 		 	 	 		 	 			9		1

Time: 41.281795 sec
Send to Nid: 10
Packet_Type		Length	Src_Nid	src_port	Option	Center_nid	Neighbor_nid	Data_plane_port
NeighborUpdate		544	7	1		Finish	 		 		 

Time: 41.281895 sec
Send to Nid: 10
Packet_Type		Length	Src_Nid	src_port	Option	Center_nid	Neighbor_nid	Data_plane_port
NeighborUpdate		544	7	1		New	7		5		1
 		 	 	 		 	 			3		1
 		 	 	 		 	 			8		1
 		 	 	 		 	 			4		1
 		 	 	 		 	 			9		1

Time: 41.281995 sec
Send to Nid: 10
Packet_Type		Length	Src_Nid	src_port	Option	Center_nid	Neighbor_nid	Data_plane_port
NeighborUpdate		544	7	1		Finish	 		 		 

Time: 41.282095 sec
Send to Nid: 10
Packet_Type		Length	Src_Nid	src_port	Option	Center_nid	Neighbor_nid	Data_plane_port
NeighborUpdate		544	7	1		New	7		5		1
 		 	 	 		 	 			8		1
 		 	 	 		 	 			4		1
 		 	 	 		 	 			9		1

Time: 41.282195 sec
Send to Nid: 10
Packet_Type		Length	Src_Nid	src_port	Option	Center_nid	Neighbor_nid	Data_plane_port
NeighborUpdate		544	7	1		Finish	 		 		 

Time: 41.282295 sec
Send to Nid: 10
Packet_Type		Length	Src_Nid	src_port	Option	Center_nid	Neighbor_nid	Data_plane_port
NeighborUpdate		544	7	1		New	7		5		1
 		 	 	 		 	 			8		1
 		 	 	 		 	 			9		1

Time: 41.282395 sec
Send to Nid: 10
Packet_Type		Length	Src_Nid	src_port	Option	Center_nid	Neighbor_nid	Data_plane_port
NeighborUpdate		544	7	1		Finish	 		 		 

Time: 41.283495 sec
Send to Nid: 10
Packet_Type		Length	Src_Nid	src_port	Option	Center_nid	Neighbor_nid	Data_plane_port
NeighborUpdate		544	7	1		New	7		8		1
 		 	 	 		 	 			9		1

Time: 41.283595 sec
Send to Nid: 10
Packet_Type		Length	Src_Nid	src_port	Option	Center_nid	Neighbor_nid	Data_plane_port
NeighborUpdate		544	7	1		Finish	 		 		 

Time: 41.283695 sec
Send to Nid: 10
Packet_Type		Length	Src_Nid	src_port	Option	Center_nid	Neighbor_nid	Data_plane_port
NeighborUpdate		544	7	1		New	7		8		1

Time: 41.283795 sec
Send to Nid: 10
Packet_Type		Length	Src_Nid	src_port	Option	Center_nid	Neighbor_nid	Data_plane_port
NeighborUpdate		544	7	1		Finish	 		 		 

Time: 41.283895 sec
Send to Nid: 10
Packet_Type		Length	Src_Nid	src_port	Option	Center_nid	Neighbor_nid	Data_plane_port
NeighborUpdate		544	7	1		New	7		0		0

Time: 41.431396 sec
Send to Nid: 10
Packet_Type		Length	Src_Nid	src_port	Option	Center_nid	Neighbor_nid	Data_plane_port
NeighborUpdate		544	7	1		Finish	 		 		 

Time: 41.431496 sec
Send to Nid: 10
Packet_Type		Length	Src_Nid	src_port	Option	Center_nid	Neighbor_nid	Data_plane_port
NeighborUpdate		544	7	1		New	7		1		1

Time: 41.431596 sec
Send to Nid: 10
Packet_Type		Length	Src_Nid	src_port	Option	Center_nid	Neighbor_nid	Data_plane_port
NeighborUpdate		544	7	1		Finish	 		 		 

Time: 41.431696 sec
Send to Nid: 10
Packet_Type		Length	Src_Nid	src_port	Option	Center_nid	Neighbor_nid	Data_plane_port
NeighborUpdate		544	7	1		New	7		1		1
 		 	 	 		 	 			2		1

Time: 41.431796 sec
Send to Nid: 10
Packet_Type		Length	Src_Nid	src_port	Option	Center_nid	Neighbor_nid	Data_plane_port
NeighborUpdate		544	7	1		Finish	 		 		 

Time: 41.431896 sec
Send to Nid: 10
Packet_Type		Length	Src_Nid	src_port	Option	Center_nid	Neighbor_nid	Data_plane_port
NeighborUpdate		544	7	1		New	7		1		1
 		 	 	 		 	 			2		1
 		 	 	 		 	 			3		1

Time: 41.431996 sec
Send to Nid: 10
Packet_Type		Length	Src_Nid	src_port	Option	Center_nid	Neighbor_nid	Data_plane_port
NeighborUpdate		544	7	1		Finish	 		 		 

Time: 41.432096 sec
Send to Nid: 10
Packet_Type	Length	Src_nid	Src_port
Hello		80	7	1

Time: 41.432196 sec
Send to Nid: 10
Packet_Type		Length	Src_Nid	src_port	Option	Center_nid	Neighbor_nid	Data_plane_port
NeighborUpdate		544	7	1		New	7		1		1
 		 	 	 		 	 			2		1
 		 	 	 		 	 			3		1
 		 	 	 		 	 			4		1

Time: 41.432296 sec
Send to Nid: 10
Packet_Type		Length	Src_Nid	src_port	Option	Center_nid	Neighbor_nid	Data_plane_port
NeighborUpdate		544	7	1		Finish	 		 		 

Time: 41.433396 sec
Send to Nid: 10
Packet_Type		Length	Src_Nid	src_port	Option	Center_nid	Neighbor_nid	Data_plane_port
NeighborUpdate		544	7	1		New	7		1		1
 		 	 	 		 	 			2		1
 		 	 	 		 	 			3		1
 		 	 	 		 	 			4		1
 		 	 	 		 	 			5		1

Time: 41.433496 sec
Send to Nid: 10
Packet_Type		Length	Src_Nid	src_port	Option	Center_nid	Neighbor_nid	Data_plane_port
NeighborUpdate		544	7	1		Finish	 		 		 

Time: 41.433596 sec
Send to Nid: 10
Packet_Type		Length	Src_Nid	src_port	Option	Center_nid	Neighbor_nid	Data_plane_port
NeighborUpdate		544	7	1		New	7		1		1
 		 	 	 		 	 			2		1
 		 	 	 		 	 			3		1
 		 	 	 		 	 			4		1
 		 	 	 		 	 			5		1
 		 	 	 		 	 			9		1

Time: 41.433696 sec
Send to Nid: 10
Packet_Type		Length	Src_Nid	src_port	Option	Center_nid	Neighbor_nid	Data_plane_port
NeighborUpdate		544	7	1		Finish	 		 		 

Time: 41.433796 sec
Send to Nid: 10
Packet_Type		Length	Src_Nid	src_port	Option	Center_nid	Neighbor_nid	Data_plane_port
NeighborUpdate		544	7	1		New	7		1		1
 		 	 	 		 	 			2		1
 		 	 	 		 	 			3		1
 		 	 	 		 	 			4		1
 		 	 	 		 	 			5		1
 		 	 	 		 	 			9		1
 		 	 	 		 	 			8		1

Time: 42.820300 sec
Broadcast
Packet_Type	Length	Src_nid	Src_port
Hello		80	7	1

Time: 42.969811 sec
Send to Nid: 10
Packet_Type		Length	Src_Nid	src_port	Option	Center_nid	Neighbor_nid	Data_plane_port
NeighborUpdate		544	7	1		Finish	 		 		 

Time: 42.969911 sec
Send to Nid: 10
Packet_Type		Length	Src_Nid	src_port	Option	Center_nid	Neighbor_nid	Data_plane_port
NeighborUpdate		544	7	1		New	7		1		1
 		 	 	 		 	 			2		1
 		 	 	 		 	 			3		1
 		 	 	 		 	 			4		1
 		 	 	 		 	 			5		1
 		 	 	 		 	 			9		1
 		 	 	 		 	 			8		1

Time: 42.970011 sec
Send to Nid: 10
Packet_Type	Length	Src_nid	Src_port
Hello		80	7	1

Time: 42.970111 sec
Send to Nid: 10
Packet_Type		Length	Src_Nid	src_port	Option	Center_nid	Neighbor_nid	Data_plane_port
NeighborUpdate		544	7	1		New	7		1		1
 		 	 	 		 	 			2		1
 		 	 	 		 	 			3		1
 		 	 	 		 	 			4		1
 		 	 	 		 	 			5		1
 		 	 	 		 	 			9		1
 		 	 	 		 	 			8		1

Time: 42.970211 sec
Send to Nid: 10
Packet_Type		Length	Src_Nid	src_port	Option	Center_nid	Neighbor_nid	Data_plane_port
NeighborUpdate		544	7	1		Finish	 		 		 

Time: 42.970311 sec
Send to Nid: 10
Packet_Type		Length	Src_Nid	src_port	Option	Center_nid	Neighbor_nid	Data_plane_port
NeighborUpdate		544	7	1		New	7		1		1
 		 	 	 		 	 			2		1
 		 	 	 		 	 			3		1
 		 	 	 		 	 			4		1
 		 	 	 		 	 			5		1
 		 	 	 		 	 			9		1
 		 	 	 		 	 			8		1

Time: 42.970411 sec
Send to Nid: 10
Packet_Type		Length	Src_Nid	src_port	Option	Center_nid	Neighbor_nid	Data_plane_port
NeighborUpdate		544	7	1		Finish	 		 		 

Time: 42.970511 sec
Send to Nid: 10
Packet_Type		Length	Src_Nid	src_port	Option	Center_nid	Neighbor_nid	Data_plane_port
NeighborUpdate		544	7	1		New	7		1		1
 		 	 	 		 	 			2		1
 		 	 	 		 	 			3		1
 		 	 	 		 	 			4		1
 		 	 	 		 	 			5		1
 		 	 	 		 	 			9		1
 		 	 	 		 	 			8		1

Time: 42.970611 sec
Send to Nid: 10
Packet_Type		Length	Src_Nid	src_port	Option	Center_nid	Neighbor_nid	Data_plane_port
NeighborUpdate		544	7	1		Finish	 		 		 

Time: 42.970711 sec
Send to Nid: 10
Packet_Type		Length	Src_Nid	src_port	Option	Center_nid	Neighbor_nid	Data_plane_port
NeighborUpdate		544	7	1		New	7		1		1
 		 	 	 		 	 			2		1
 		 	 	 		 	 			3		1
 		 	 	 		 	 			4		1
 		 	 	 		 	 			5		1
 		 	 	 		 	 			9		1
 		 	 	 		 	 			8		1

Time: 42.971811 sec
Send to Nid: 10
Packet_Type		Length	Src_Nid	src_port	Option	Center_nid	Neighbor_nid	Data_plane_port
NeighborUpdate		544	7	1		Finish	 		 		 

Time: 42.971911 sec
Send to Nid: 10
Packet_Type		Length	Src_Nid	src_port	Option	Center_nid	Neighbor_nid	Data_plane_port
NeighborUpdate		544	7	1		New	7		1		1
 		 	 	 		 	 			2		1
 		 	 	 		 	 			3		1
 		 	 	 		 	 			4		1
 		 	 	 		 	 			5		1
 		 	 	 		 	 			9		1
 		 	 	 		 	 			8		1

Time: 42.972011 sec
Send to Nid: 10
Packet_Type		Length	Src_Nid	src_port	Option	Center_nid	Neighbor_nid	Data_plane_port
NeighborUpdate		544	7	1		Finish	 		 		 

Time: 42.972111 sec
Send to Nid: 10
Packet_Type		Length	Src_Nid	src_port	Option	Center_nid	Neighbor_nid	Data_plane_port
NeighborUpdate		544	7	1		New	7		1		1
 		 	 	 		 	 			2		1
 		 	 	 		 	 			3		1
 		 	 	 		 	 			4		1
 		 	 	 		 	 			5		1
 		 	 	 		 	 			9		1
 		 	 	 		 	 			8		1

Time: 42.972211 sec
Send to Nid: 10
Packet_Type		Length	Src_Nid	src_port	Option	Center_nid	Neighbor_nid	Data_plane_port
NeighborUpdate		544	7	1		Finish	 		 		 

Time: 44.401217 sec
Send to Nid: 10
Packet_Type		Length	Src_Nid	src_port	Option	Center_nid	Neighbor_nid	Data_plane_port
NeighborUpdate		544	7	1		New	7		1		1
 		 	 	 		 	 			2		1
 		 	 	 		 	 			3		1
 		 	 	 		 	 			4		1
 		 	 	 		 	 			5		1
 		 	 	 		 	 			9		1
 		 	 	 		 	 			8		1

Time: 44.401317 sec
Send to Nid: 10
Packet_Type		Length	Src_Nid	src_port	Option	Center_nid	Neighbor_nid	Data_plane_port
NeighborUpdate		544	7	1		Finish	 		 		 

Time: 44.401417 sec
Send to Nid: 10
Packet_Type	Length	Src_nid	Src_port
Hello		80	7	1

Time: 44.401517 sec
Send to Nid: 10
Packet_Type		Length	Src_Nid	src_port	Option	Center_nid	Neighbor_nid	Data_plane_port
NeighborUpdate		544	7	1		New	7		1		1
 		 	 	 		 	 			2		1
 		 	 	 		 	 			3		1
 		 	 	 		 	 			4		1
 		 	 	 		 	 			5		1
 		 	 	 		 	 			9		1
 		 	 	 		 	 			8		1

Time: 44.401617 sec
Send to Nid: 10
Packet_Type		Length	Src_Nid	src_port	Option	Center_nid	Neighbor_nid	Data_plane_port
NeighborUpdate		544	7	1		Finish	 		 		 

Time: 44.401717 sec
Send to Nid: 10
Packet_Type		Length	Src_Nid	src_port	Option	Center_nid	Neighbor_nid	Data_plane_port
NeighborUpdate		544	7	1		New	7		1		1
 		 	 	 		 	 			2		1
 		 	 	 		 	 			3		1
 		 	 	 		 	 			4		1
 		 	 	 		 	 			5		1
 		 	 	 		 	 			9		1
 		 	 	 		 	 			8		1

Time: 44.401817 sec
Send to Nid: 10
Packet_Type		Length	Src_Nid	src_port	Option	Center_nid	Neighbor_nid	Data_plane_port
NeighborUpdate		544	7	1		Finish	 		 		 

Time: 44.440917 sec
Send to Nid: 10
Packet_Type		Length	Src_Nid	src_port	Option	Center_nid	Neighbor_nid	Data_plane_port
NeighborUpdate		544	7	1		New	7		1		1
 		 	 	 		 	 			2		1
 		 	 	 		 	 			3		1
 		 	 	 		 	 			4		1
 		 	 	 		 	 			5		1
 		 	 	 		 	 			9		1
 		 	 	 		 	 			8		1

Time: 44.441017 sec
Send to Nid: 10
Packet_Type		Length	Src_Nid	src_port	Option	Center_nid	Neighbor_nid	Data_plane_port
NeighborUpdate		544	7	1		Finish	 		 		 

Time: 44.550117 sec
Send to Nid: 10
Packet_Type		Length	Src_Nid	src_port	Option	Center_nid	Neighbor_nid	Data_plane_port
NeighborUpdate		544	7	1		New	7		1		1
 		 	 	 		 	 			2		1
 		 	 	 		 	 			3		1
 		 	 	 		 	 			4		1
 		 	 	 		 	 			5		1
 		 	 	 		 	 			9		1
 		 	 	 		 	 			8		1

Time: 44.550217 sec
Send to Nid: 10
Packet_Type		Length	Src_Nid	src_port	Option	Center_nid	Neighbor_nid	Data_plane_port
NeighborUpdate		544	7	1		Finish	 		 		 

Time: 44.570317 sec
Send to Nid: 10
Packet_Type		Length	Src_Nid	src_port	Option	Center_nid	Neighbor_nid	Data_plane_port
NeighborUpdate		544	7	1		New	7		1		1
 		 	 	 		 	 			2		1
 		 	 	 		 	 			3		1
 		 	 	 		 	 			4		1
 		 	 	 		 	 			5		1
 		 	 	 		 	 			9		1
 		 	 	 		 	 			8		1

Time: 44.570417 sec
Send to Nid: 10
Packet_Type		Length	Src_Nid	src_port	Option	Center_nid	Neighbor_nid	Data_plane_port
NeighborUpdate		544	7	1		Finish	 		 		 

Time: 44.865000 sec
Broadcast
Packet_Type	Length	Src_nid	Src_port
Hello		80	7	1

Time: 45.424651 sec
Send to Nid: 10
Packet_Type	Length	Src_nid	Src_port
Hello		80	7	1

Time: 45.425751 sec
Send to Nid: 10
Packet_Type		Length	Src_Nid	src_port	Option	Center_nid	Neighbor_nid	Data_plane_port
NeighborUpdate		544	7	1		New	7		1		1
 		 	 	 		 	 			2		1
 		 	 	 		 	 			3		1
 		 	 	 		 	 			4		1
 		 	 	 		 	 			5		1
 		 	 	 		 	 			9		1
 		 	 	 		 	 			8		1

Time: 45.425851 sec
Send to Nid: 10
Packet_Type		Length	Src_Nid	src_port	Option	Center_nid	Neighbor_nid	Data_plane_port
NeighborUpdate		544	7	1		Finish	 		 		 

Time: 45.425951 sec
Send to Nid: 10
Packet_Type		Length	Src_Nid	src_port	Option	Center_nid	Neighbor_nid	Data_plane_port
NeighborUpdate		544	7	1		New	7		1		1
 		 	 	 		 	 			2		1
 		 	 	 		 	 			3		1
 		 	 	 		 	 			4		1
 		 	 	 		 	 			5		1
 		 	 	 		 	 			9		1
 		 	 	 		 	 			8		1

Time: 45.426051 sec
Send to Nid: 10
Packet_Type		Length	Src_Nid	src_port	Option	Center_nid	Neighbor_nid	Data_plane_port
NeighborUpdate		544	7	1		Finish	 		 		 

Time: 45.536557 sec
Send to Nid: 10
Packet_Type	Length	Src_nid	Src_port
Hello		80	7	1

Time: 46.160857 sec
Send to Nid: 10
Packet_Type		Length	Src_Nid	src_port	Option	Center_nid	Neighbor_nid	Data_plane_port
NeighborUpdate		544	7	1		New	7		1		1
 		 	 	 		 	 			2		1
 		 	 	 		 	 			3		1
 		 	 	 		 	 			4		1
 		 	 	 		 	 			5		1
 		 	 	 		 	 			9		1
 		 	 	 		 	 			8		1

Time: 46.160957 sec
Send to Nid: 10
Packet_Type		Length	Src_Nid	src_port	Option	Center_nid	Neighbor_nid	Data_plane_port
NeighborUpdate		544	7	1		Finish	 		 		 

Time: 46.321057 sec
Send to Nid: 10
Packet_Type		Length	Src_Nid	src_port	Option	Center_nid	Neighbor_nid	Data_plane_port
NeighborUpdate		544	7	1		New	7		1		1
 		 	 	 		 	 			2		1
 		 	 	 		 	 			3		1
 		 	 	 		 	 			4		1
 		 	 	 		 	 			5		1
 		 	 	 		 	 			9		1
 		 	 	 		 	 			8		1

Time: 46.321157 sec
Send to Nid: 10
Packet_Type		Length	Src_Nid	src_port	Option	Center_nid	Neighbor_nid	Data_plane_port
NeighborUpdate		544	7	1		Finish	 		 		 

Time: 46.450257 sec
Send to Nid: 10
Packet_Type		Length	Src_Nid	src_port	Option	Center_nid	Neighbor_nid	Data_plane_port
NeighborUpdate		544	7	1		New	7		1		1
 		 	 	 		 	 			2		1
 		 	 	 		 	 			3		1
 		 	 	 		 	 			4		1
 		 	 	 		 	 			5		1
 		 	 	 		 	 			9		1
 		 	 	 		 	 			8		1

Time: 46.450357 sec
Send to Nid: 10
Packet_Type		Length	Src_Nid	src_port	Option	Center_nid	Neighbor_nid	Data_plane_port
NeighborUpdate		544	7	1		Finish	 		 		 

Time: 46.560457 sec
Send to Nid: 10
Packet_Type		Length	Src_Nid	src_port	Option	Center_nid	Neighbor_nid	Data_plane_port
NeighborUpdate		544	7	1		New	7		1		1
 		 	 	 		 	 			2		1
 		 	 	 		 	 			3		1
 		 	 	 		 	 			4		1
 		 	 	 		 	 			5		1
 		 	 	 		 	 			9		1
 		 	 	 		 	 			8		1

Time: 46.560557 sec
Send to Nid: 10
Packet_Type		Length	Src_Nid	src_port	Option	Center_nid	Neighbor_nid	Data_plane_port
NeighborUpdate		544	7	1		Finish	 		 		 

Time: 46.590657 sec
Send to Nid: 10
Packet_Type		Length	Src_Nid	src_port	Option	Center_nid	Neighbor_nid	Data_plane_port
NeighborUpdate		544	7	1		New	7		1		1
 		 	 	 		 	 			2		1
 		 	 	 		 	 			3		1
 		 	 	 		 	 			4		1
 		 	 	 		 	 			5		1
 		 	 	 		 	 			9		1
 		 	 	 		 	 			8		1

Time: 46.590757 sec
Send to Nid: 10
Packet_Type		Length	Src_Nid	src_port	Option	Center_nid	Neighbor_nid	Data_plane_port
NeighborUpdate		544	7	1		Finish	 		 		 

Time: 46.876700 sec
Broadcast
Packet_Type	Length	Src_nid	Src_port
Hello		80	7	1

Time: 46.910857 sec
Send to Nid: 10
Packet_Type		Length	Src_Nid	src_port	Option	Center_nid	Neighbor_nid	Data_plane_port
NeighborUpdate		544	7	1		New	7		1		1
 		 	 	 		 	 			2		1
 		 	 	 		 	 			3		1
 		 	 	 		 	 			4		1
 		 	 	 		 	 			5		1
 		 	 	 		 	 			9		1
 		 	 	 		 	 			8		1

Time: 46.910957 sec
Send to Nid: 10
Packet_Type		Length	Src_Nid	src_port	Option	Center_nid	Neighbor_nid	Data_plane_port
NeighborUpdate		544	7	1		Finish	 		 		 

Time: 46.991057 sec
Send to Nid: 10
Packet_Type		Length	Src_Nid	src_port	Option	Center_nid	Neighbor_nid	Data_plane_port
NeighborUpdate		544	7	1		New	7		1		1
 		 	 	 		 	 			2		1
 		 	 	 		 	 			3		1
 		 	 	 		 	 			4		1
 		 	 	 		 	 			5		1
 		 	 	 		 	 			9		1
 		 	 	 		 	 			8		1

Time: 46.991157 sec
Send to Nid: 10
Packet_Type		Length	Src_Nid	src_port	Option	Center_nid	Neighbor_nid	Data_plane_port
NeighborUpdate		544	7	1		Finish	 		 		 

Time: 47.718421 sec
Send to Nid: 10
Packet_Type	Length	Src_nid	Src_port
Hello		80	7	1

Time: 48.160721 sec
Send to Nid: 10
Packet_Type		Length	Src_Nid	src_port	Option	Center_nid	Neighbor_nid	Data_plane_port
NeighborUpdate		544	7	1		New	7		1		1
 		 	 	 		 	 			2		1
 		 	 	 		 	 			3		1
 		 	 	 		 	 			4		1
 		 	 	 		 	 			5		1
 		 	 	 		 	 			9		1
 		 	 	 		 	 			8		1

Time: 48.160821 sec
Send to Nid: 10
Packet_Type		Length	Src_Nid	src_port	Option	Center_nid	Neighbor_nid	Data_plane_port
NeighborUpdate		544	7	1		Finish	 		 		 

Time: 48.340921 sec
Send to Nid: 10
Packet_Type		Length	Src_Nid	src_port	Option	Center_nid	Neighbor_nid	Data_plane_port
NeighborUpdate		544	7	1		New	7		1		1
 		 	 	 		 	 			2		1
 		 	 	 		 	 			3		1
 		 	 	 		 	 			4		1
 		 	 	 		 	 			5		1
 		 	 	 		 	 			9		1
 		 	 	 		 	 			8		1

Time: 48.341021 sec
Send to Nid: 10
Packet_Type		Length	Src_Nid	src_port	Option	Center_nid	Neighbor_nid	Data_plane_port
NeighborUpdate		544	7	1		Finish	 		 		 

Time: 48.470121 sec
Send to Nid: 10
Packet_Type		Length	Src_Nid	src_port	Option	Center_nid	Neighbor_nid	Data_plane_port
NeighborUpdate		544	7	1		New	7		1		1
 		 	 	 		 	 			2		1
 		 	 	 		 	 			3		1
 		 	 	 		 	 			4		1
 		 	 	 		 	 			5		1
 		 	 	 		 	 			9		1
 		 	 	 		 	 			8		1

Time: 48.470221 sec
Send to Nid: 10
Packet_Type		Length	Src_Nid	src_port	Option	Center_nid	Neighbor_nid	Data_plane_port
NeighborUpdate		544	7	1		Finish	 		 		 

Time: 48.600321 sec
Send to Nid: 10
Packet_Type		Length	Src_Nid	src_port	Option	Center_nid	Neighbor_nid	Data_plane_port
NeighborUpdate		544	7	1		New	7		1		1
 		 	 	 		 	 			2		1
 		 	 	 		 	 			3		1
 		 	 	 		 	 			4		1
 		 	 	 		 	 			5		1
 		 	 	 		 	 			9		1
 		 	 	 		 	 			8		1

Time: 48.600421 sec
Send to Nid: 10
Packet_Type		Length	Src_Nid	src_port	Option	Center_nid	Neighbor_nid	Data_plane_port
NeighborUpdate		544	7	1		Finish	 		 		 

Time: 48.630521 sec
Send to Nid: 10
Packet_Type		Length	Src_Nid	src_port	Option	Center_nid	Neighbor_nid	Data_plane_port
NeighborUpdate		544	7	1		New	7		1		1
 		 	 	 		 	 			2		1
 		 	 	 		 	 			3		1
 		 	 	 		 	 			4		1
 		 	 	 		 	 			5		1
 		 	 	 		 	 			9		1
 		 	 	 		 	 			8		1

Time: 48.630621 sec
Send to Nid: 10
Packet_Type		Length	Src_Nid	src_port	Option	Center_nid	Neighbor_nid	Data_plane_port
NeighborUpdate		544	7	1		Finish	 		 		 

Time: 48.893400 sec
Broadcast
Packet_Type	Length	Src_nid	Src_port
Hello		80	7	1

Time: 48.950521 sec
Send to Nid: 10
Packet_Type		Length	Src_Nid	src_port	Option	Center_nid	Neighbor_nid	Data_plane_port
NeighborUpdate		544	7	1		New	7		1		1
 		 	 	 		 	 			2		1
 		 	 	 		 	 			3		1
 		 	 	 		 	 			4		1
 		 	 	 		 	 			5		1
 		 	 	 		 	 			9		1
 		 	 	 		 	 			8		1

Time: 48.950621 sec
Send to Nid: 10
Packet_Type		Length	Src_Nid	src_port	Option	Center_nid	Neighbor_nid	Data_plane_port
NeighborUpdate		544	7	1		Finish	 		 		 

Time: 49.060721 sec
Send to Nid: 10
Packet_Type		Length	Src_Nid	src_port	Option	Center_nid	Neighbor_nid	Data_plane_port
NeighborUpdate		544	7	1		New	7		1		1
 		 	 	 		 	 			2		1
 		 	 	 		 	 			3		1
 		 	 	 		 	 			4		1
 		 	 	 		 	 			5		1
 		 	 	 		 	 			9		1
 		 	 	 		 	 			8		1

Time: 49.060821 sec
Send to Nid: 10
Packet_Type		Length	Src_Nid	src_port	Option	Center_nid	Neighbor_nid	Data_plane_port
NeighborUpdate		544	7	1		Finish	 		 		 

Time: 50.180921 sec
Send to Nid: 10
Packet_Type		Length	Src_Nid	src_port	Option	Center_nid	Neighbor_nid	Data_plane_port
NeighborUpdate		544	7	1		New	7		1		1
 		 	 	 		 	 			2		1
 		 	 	 		 	 			3		1
 		 	 	 		 	 			4		1
 		 	 	 		 	 			5		1
 		 	 	 		 	 			9		1
 		 	 	 		 	 			8		1

Time: 50.181021 sec
Send to Nid: 10
Packet_Type		Length	Src_Nid	src_port	Option	Center_nid	Neighbor_nid	Data_plane_port
NeighborUpdate		544	7	1		Finish	 		 		 

Time: 50.340121 sec
Send to Nid: 10
Packet_Type		Length	Src_Nid	src_port	Option	Center_nid	Neighbor_nid	Data_plane_port
NeighborUpdate		544	7	1		New	7		1		1
 		 	 	 		 	 			2		1
 		 	 	 		 	 			3		1
 		 	 	 		 	 			4		1
 		 	 	 		 	 			5		1
 		 	 	 		 	 			9		1
 		 	 	 		 	 			8		1

Time: 50.340221 sec
Send to Nid: 10
Packet_Type		Length	Src_Nid	src_port	Option	Center_nid	Neighbor_nid	Data_plane_port
NeighborUpdate		544	7	1		Finish	 		 		 

Time: 50.470321 sec
Send to Nid: 10
Packet_Type		Length	Src_Nid	src_port	Option	Center_nid	Neighbor_nid	Data_plane_port
NeighborUpdate		544	7	1		New	7		1		1
 		 	 	 		 	 			2		1
 		 	 	 		 	 			3		1
 		 	 	 		 	 			4		1
 		 	 	 		 	 			5		1
 		 	 	 		 	 			9		1
 		 	 	 		 	 			8		1

Time: 50.470421 sec
Send to Nid: 10
Packet_Type		Length	Src_Nid	src_port	Option	Center_nid	Neighbor_nid	Data_plane_port
NeighborUpdate		544	7	1		Finish	 		 		 

Time: 50.630521 sec
Send to Nid: 10
Packet_Type		Length	Src_Nid	src_port	Option	Center_nid	Neighbor_nid	Data_plane_port
NeighborUpdate		544	7	1		New	7		1		1
 		 	 	 		 	 			2		1
 		 	 	 		 	 			3		1
 		 	 	 		 	 			4		1
 		 	 	 		 	 			5		1
 		 	 	 		 	 			9		1
 		 	 	 		 	 			8		1

Time: 50.630621 sec
Send to Nid: 10
Packet_Type		Length	Src_Nid	src_port	Option	Center_nid	Neighbor_nid	Data_plane_port
NeighborUpdate		544	7	1		Finish	 		 		 

Time: 50.670721 sec
Send to Nid: 10
Packet_Type		Length	Src_Nid	src_port	Option	Center_nid	Neighbor_nid	Data_plane_port
NeighborUpdate		544	7	1		New	7		1		1
 		 	 	 		 	 			2		1
 		 	 	 		 	 			3		1
 		 	 	 		 	 			4		1
 		 	 	 		 	 			5		1
 		 	 	 		 	 			9		1
 		 	 	 		 	 			8		1

Time: 50.670821 sec
Send to Nid: 10
Packet_Type		Length	Src_Nid	src_port	Option	Center_nid	Neighbor_nid	Data_plane_port
NeighborUpdate		544	7	1		Finish	 		 		 

Time: 50.729798 sec
Send to Nid: 10
Packet_Type	Length	Src_nid	Src_port
Hello		80	7	1

Time: 50.956100 sec
Broadcast
Packet_Type	Length	Src_nid	Src_port
Hello		80	7	1

Time: 51.021098 sec
Send to Nid: 10
Packet_Type		Length	Src_Nid	src_port	Option	Center_nid	Neighbor_nid	Data_plane_port
NeighborUpdate		544	7	1		New	7		1		1
 		 	 	 		 	 			2		1
 		 	 	 		 	 			3		1
 		 	 	 		 	 			4		1
 		 	 	 		 	 			5		1
 		 	 	 		 	 			9		1
 		 	 	 		 	 			8		1

Time: 51.021198 sec
Send to Nid: 10
Packet_Type		Length	Src_Nid	src_port	Option	Center_nid	Neighbor_nid	Data_plane_port
NeighborUpdate		544	7	1		Finish	 		 		 

Time: 51.060298 sec
Send to Nid: 10
Packet_Type		Length	Src_Nid	src_port	Option	Center_nid	Neighbor_nid	Data_plane_port
NeighborUpdate		544	7	1		New	7		1		1
 		 	 	 		 	 			2		1
 		 	 	 		 	 			3		1
 		 	 	 		 	 			4		1
 		 	 	 		 	 			5		1
 		 	 	 		 	 			9		1
 		 	 	 		 	 			8		1

Time: 51.060398 sec
Send to Nid: 10
Packet_Type		Length	Src_Nid	src_port	Option	Center_nid	Neighbor_nid	Data_plane_port
NeighborUpdate		544	7	1		Finish	 		 		 

Time: 51.098435 sec
Send to Nid: 10
Packet_Type	Length	Src_nid	Src_port
Hello		80	7	1

Time: 52.180735 sec
Send to Nid: 10
Packet_Type		Length	Src_Nid	src_port	Option	Center_nid	Neighbor_nid	Data_plane_port
NeighborUpdate		544	7	1		New	7		1		1
 		 	 	 		 	 			2		1
 		 	 	 		 	 			3		1
 		 	 	 		 	 			4		1
 		 	 	 		 	 			5		1
 		 	 	 		 	 			9		1
 		 	 	 		 	 			8		1

Time: 52.180835 sec
Send to Nid: 10
Packet_Type		Length	Src_Nid	src_port	Option	Center_nid	Neighbor_nid	Data_plane_port
NeighborUpdate		544	7	1		Finish	 		 		 

Time: 52.360935 sec
Send to Nid: 10
Packet_Type		Length	Src_Nid	src_port	Option	Center_nid	Neighbor_nid	Data_plane_port
NeighborUpdate		544	7	1		New	7		1		1
 		 	 	 		 	 			2		1
 		 	 	 		 	 			3		1
 		 	 	 		 	 			4		1
 		 	 	 		 	 			5		1
 		 	 	 		 	 			9		1
 		 	 	 		 	 			8		1

Time: 52.361035 sec
Send to Nid: 10
Packet_Type		Length	Src_Nid	src_port	Option	Center_nid	Neighbor_nid	Data_plane_port
NeighborUpdate		544	7	1		Finish	 		 		 

Time: 52.510135 sec
Send to Nid: 10
Packet_Type		Length	Src_Nid	src_port	Option	Center_nid	Neighbor_nid	Data_plane_port
NeighborUpdate		544	7	1		New	7		1		1
 		 	 	 		 	 			2		1
 		 	 	 		 	 			3		1
 		 	 	 		 	 			4		1
 		 	 	 		 	 			5		1
 		 	 	 		 	 			9		1
 		 	 	 		 	 			8		1

Time: 52.510235 sec
Send to Nid: 10
Packet_Type		Length	Src_Nid	src_port	Option	Center_nid	Neighbor_nid	Data_plane_port
NeighborUpdate		544	7	1		Finish	 		 		 

Time: 52.650335 sec
Send to Nid: 10
Packet_Type		Length	Src_Nid	src_port	Option	Center_nid	Neighbor_nid	Data_plane_port
NeighborUpdate		544	7	1		New	7		1		1
 		 	 	 		 	 			2		1
 		 	 	 		 	 			3		1
 		 	 	 		 	 			4		1
 		 	 	 		 	 			5		1
 		 	 	 		 	 			9		1
 		 	 	 		 	 			8		1

Time: 52.650435 sec
Send to Nid: 10
Packet_Type		Length	Src_Nid	src_port	Option	Center_nid	Neighbor_nid	Data_plane_port
NeighborUpdate		544	7	1		Finish	 		 		 

Time: 52.720535 sec
Send to Nid: 10
Packet_Type		Length	Src_Nid	src_port	Option	Center_nid	Neighbor_nid	Data_plane_port
NeighborUpdate		544	7	1		New	7		1		1
 		 	 	 		 	 			2		1
 		 	 	 		 	 			3		1
 		 	 	 		 	 			4		1
 		 	 	 		 	 			5		1
 		 	 	 		 	 			9		1
 		 	 	 		 	 			8		1

Time: 52.720635 sec
Send to Nid: 10
Packet_Type		Length	Src_Nid	src_port	Option	Center_nid	Neighbor_nid	Data_plane_port
NeighborUpdate		544	7	1		Finish	 		 		 

Time: 52.973800 sec
Broadcast
Packet_Type	Length	Src_nid	Src_port
Hello		80	7	1

Time: 53.050735 sec
Send to Nid: 10
Packet_Type		Length	Src_Nid	src_port	Option	Center_nid	Neighbor_nid	Data_plane_port
NeighborUpdate		544	7	1		New	7		1		1
 		 	 	 		 	 			2		1
 		 	 	 		 	 			3		1
 		 	 	 		 	 			4		1
 		 	 	 		 	 			5		1
 		 	 	 		 	 			9		1
 		 	 	 		 	 			8		1

Time: 53.050835 sec
Send to Nid: 10
Packet_Type		Length	Src_Nid	src_port	Option	Center_nid	Neighbor_nid	Data_plane_port
NeighborUpdate		544	7	1		Finish	 		 		 

Time: 53.070935 sec
Send to Nid: 10
Packet_Type		Length	Src_Nid	src_port	Option	Center_nid	Neighbor_nid	Data_plane_port
NeighborUpdate		544	7	1		New	7		1		1
 		 	 	 		 	 			2		1
 		 	 	 		 	 			3		1
 		 	 	 		 	 			4		1
 		 	 	 		 	 			5		1
 		 	 	 		 	 			9		1
 		 	 	 		 	 			8		1

Time: 53.071035 sec
Send to Nid: 10
Packet_Type		Length	Src_Nid	src_port	Option	Center_nid	Neighbor_nid	Data_plane_port
NeighborUpdate		544	7	1		Finish	 		 		 

Time: 53.363811 sec
Send to Nid: 10
Packet_Type	Length	Src_nid	Src_port
Hello		80	7	1

Time: 54.180111 sec
Send to Nid: 10
Packet_Type		Length	Src_Nid	src_port	Option	Center_nid	Neighbor_nid	Data_plane_port
NeighborUpdate		544	7	1		New	7		1		1
 		 	 	 		 	 			2		1
 		 	 	 		 	 			3		1
 		 	 	 		 	 			4		1
 		 	 	 		 	 			5		1
 		 	 	 		 	 			9		1
 		 	 	 		 	 			8		1

Time: 54.180211 sec
Send to Nid: 10
Packet_Type		Length	Src_Nid	src_port	Option	Center_nid	Neighbor_nid	Data_plane_port
NeighborUpdate		544	7	1		Finish	 		 		 

Time: 54.370311 sec
Send to Nid: 10
Packet_Type		Length	Src_Nid	src_port	Option	Center_nid	Neighbor_nid	Data_plane_port
NeighborUpdate		544	7	1		New	7		1		1
 		 	 	 		 	 			2		1
 		 	 	 		 	 			3		1
 		 	 	 		 	 			4		1
 		 	 	 		 	 			5		1
 		 	 	 		 	 			9		1
 		 	 	 		 	 			8		1

Time: 54.370411 sec
Send to Nid: 10
Packet_Type		Length	Src_Nid	src_port	Option	Center_nid	Neighbor_nid	Data_plane_port
NeighborUpdate		544	7	1		Finish	 		 		 

Time: 54.530511 sec
Send to Nid: 10
Packet_Type		Length	Src_Nid	src_port	Option	Center_nid	Neighbor_nid	Data_plane_port
NeighborUpdate		544	7	1		New	7		1		1
 		 	 	 		 	 			2		1
 		 	 	 		 	 			3		1
 		 	 	 		 	 			4		1
 		 	 	 		 	 			5		1
 		 	 	 		 	 			9		1
 		 	 	 		 	 			8		1

Time: 54.530611 sec
Send to Nid: 10
Packet_Type		Length	Src_Nid	src_port	Option	Center_nid	Neighbor_nid	Data_plane_port
NeighborUpdate		544	7	1		Finish	 		 		 

Time: 54.720711 sec
Send to Nid: 10
Packet_Type		Length	Src_Nid	src_port	Option	Center_nid	Neighbor_nid	Data_plane_port
NeighborUpdate		544	7	1		New	7		1		1
 		 	 	 		 	 			2		1
 		 	 	 		 	 			3		1
 		 	 	 		 	 			4		1
 		 	 	 		 	 			5		1
 		 	 	 		 	 			9		1
 		 	 	 		 	 			8		1

Time: 54.720811 sec
Send to Nid: 10
Packet_Type		Length	Src_Nid	src_port	Option	Center_nid	Neighbor_nid	Data_plane_port
NeighborUpdate		544	7	1		Finish	 		 		 

Time: 54.982400 sec
Broadcast
Packet_Type	Length	Src_nid	Src_port
Hello		80	7	1

Time: 55.080911 sec
Send to Nid: 10
Packet_Type		Length	Src_Nid	src_port	Option	Center_nid	Neighbor_nid	Data_plane_port
NeighborUpdate		544	7	1		New	7		1		1
 		 	 	 		 	 			2		1
 		 	 	 		 	 			3		1
 		 	 	 		 	 			4		1
 		 	 	 		 	 			5		1
 		 	 	 		 	 			9		1
 		 	 	 		 	 			8		1

Time: 55.081011 sec
Send to Nid: 10
Packet_Type		Length	Src_Nid	src_port	Option	Center_nid	Neighbor_nid	Data_plane_port
NeighborUpdate		544	7	1		Finish	 		 		 

Time: 55.140111 sec
Send to Nid: 10
Packet_Type		Length	Src_Nid	src_port	Option	Center_nid	Neighbor_nid	Data_plane_port
NeighborUpdate		544	7	1		New	7		1		1
 		 	 	 		 	 			2		1
 		 	 	 		 	 			3		1
 		 	 	 		 	 			4		1
 		 	 	 		 	 			5		1
 		 	 	 		 	 			9		1
 		 	 	 		 	 			8		1

Time: 55.140211 sec
Send to Nid: 10
Packet_Type		Length	Src_Nid	src_port	Option	Center_nid	Neighbor_nid	Data_plane_port
NeighborUpdate		544	7	1		Finish	 		 		 

Time: 56.200311 sec
Send to Nid: 10
Packet_Type		Length	Src_Nid	src_port	Option	Center_nid	Neighbor_nid	Data_plane_port
NeighborUpdate		544	7	1		New	7		1		1
 		 	 	 		 	 			2		1
 		 	 	 		 	 			3		1
 		 	 	 		 	 			4		1
 		 	 	 		 	 			5		1
 		 	 	 		 	 			9		1
 		 	 	 		 	 			8		1

Time: 56.200411 sec
Send to Nid: 10
Packet_Type		Length	Src_Nid	src_port	Option	Center_nid	Neighbor_nid	Data_plane_port
NeighborUpdate		544	7	1		Finish	 		 		 

Time: 56.380511 sec
Send to Nid: 10
Packet_Type		Length	Src_Nid	src_port	Option	Center_nid	Neighbor_nid	Data_plane_port
NeighborUpdate		544	7	1		New	7		1		1
 		 	 	 		 	 			2		1
 		 	 	 		 	 			3		1
 		 	 	 		 	 			4		1
 		 	 	 		 	 			5		1
 		 	 	 		 	 			9		1
 		 	 	 		 	 			8		1

Time: 56.380611 sec
Send to Nid: 10
Packet_Type		Length	Src_Nid	src_port	Option	Center_nid	Neighbor_nid	Data_plane_port
NeighborUpdate		544	7	1		Finish	 		 		 

Time: 56.560711 sec
Send to Nid: 10
Packet_Type		Length	Src_Nid	src_port	Option	Center_nid	Neighbor_nid	Data_plane_port
NeighborUpdate		544	7	1		New	7		1		1
 		 	 	 		 	 			2		1
 		 	 	 		 	 			3		1
 		 	 	 		 	 			4		1
 		 	 	 		 	 			5		1
 		 	 	 		 	 			9		1
 		 	 	 		 	 			8		1

Time: 56.560811 sec
Send to Nid: 10
Packet_Type		Length	Src_Nid	src_port	Option	Center_nid	Neighbor_nid	Data_plane_port
NeighborUpdate		544	7	1		Finish	 		 		 

Time: 56.680911 sec
Send to Nid: 10
Packet_Type		Length	Src_Nid	src_port	Option	Center_nid	Neighbor_nid	Data_plane_port
NeighborUpdate		544	7	1		New	7		1		1
 		 	 	 		 	 			2		1
 		 	 	 		 	 			3		1
 		 	 	 		 	 			4		1
 		 	 	 		 	 			5		1
 		 	 	 		 	 			9		1
 		 	 	 		 	 			8		1

Time: 56.681011 sec
Send to Nid: 10
Packet_Type		Length	Src_Nid	src_port	Option	Center_nid	Neighbor_nid	Data_plane_port
NeighborUpdate		544	7	1		Finish	 		 		 

Time: 56.730111 sec
Send to Nid: 10
Packet_Type		Length	Src_Nid	src_port	Option	Center_nid	Neighbor_nid	Data_plane_port
NeighborUpdate		544	7	1		New	7		1		1
 		 	 	 		 	 			2		1
 		 	 	 		 	 			3		1
 		 	 	 		 	 			4		1
 		 	 	 		 	 			5		1
 		 	 	 		 	 			9		1
 		 	 	 		 	 			8		1

Time: 56.730211 sec
Send to Nid: 10
Packet_Type		Length	Src_Nid	src_port	Option	Center_nid	Neighbor_nid	Data_plane_port
NeighborUpdate		544	7	1		Finish	 		 		 

Time: 57.004100 sec
Broadcast
Packet_Type	Length	Src_nid	Src_port
Hello		80	7	1

Time: 59.024800 sec
Broadcast
Packet_Type	Length	Src_nid	Src_port
Hello		80	7	1

Time: 59.119552 sec
Send to Nid: 10
Packet_Type		Length	Src_Nid	src_port	Option	Center_nid	Neighbor_nid	Data_plane_port
NeighborUpdate		544	7	1		New	7		1		1
 		 	 	 		 	 			2		1
 		 	 	 		 	 			3		1
 		 	 	 		 	 			4		1
 		 	 	 		 	 			5		1
 		 	 	 		 	 			9		1
 		 	 	 		 	 			8		1

Time: 59.119652 sec
Send to Nid: 10
Packet_Type		Length	Src_Nid	src_port	Option	Center_nid	Neighbor_nid	Data_plane_port
NeighborUpdate		544	7	1		Finish	 		 		 

Time: 59.119752 sec
Send to Nid: 10
Packet_Type	Length	Src_nid	Src_port
Hello		80	7	1

Time: 59.119852 sec
Send to Nid: 10
Packet_Type		Length	Src_Nid	src_port	Option	Center_nid	Neighbor_nid	Data_plane_port
NeighborUpdate		544	7	1		New	7		1		1
 		 	 	 		 	 			2		1
 		 	 	 		 	 			3		1
 		 	 	 		 	 			4		1
 		 	 	 		 	 			5		1
 		 	 	 		 	 			9		1
 		 	 	 		 	 			8		1

Time: 59.119952 sec
Send to Nid: 10
Packet_Type		Length	Src_Nid	src_port	Option	Center_nid	Neighbor_nid	Data_plane_port
NeighborUpdate		544	7	1		Finish	 		 		 

Time: 59.120052 sec
Send to Nid: 10
Packet_Type		Length	Src_Nid	src_port	Option	Center_nid	Neighbor_nid	Data_plane_port
NeighborUpdate		544	7	1		New	7		1		1
 		 	 	 		 	 			2		1
 		 	 	 		 	 			3		1
 		 	 	 		 	 			4		1
 		 	 	 		 	 			5		1
 		 	 	 		 	 			9		1
 		 	 	 		 	 			8		1

Time: 59.120152 sec
Send to Nid: 10
Packet_Type		Length	Src_Nid	src_port	Option	Center_nid	Neighbor_nid	Data_plane_port
NeighborUpdate		544	7	1		Finish	 		 		 

Time: 59.120252 sec
Send to Nid: 10
Packet_Type		Length	Src_Nid	src_port	Option	Center_nid	Neighbor_nid	Data_plane_port
NeighborUpdate		544	7	1		New	7		1		1
 		 	 	 		 	 			2		1
 		 	 	 		 	 			3		1
 		 	 	 		 	 			4		1
 		 	 	 		 	 			5		1
 		 	 	 		 	 			9		1
 		 	 	 		 	 			8		1

Time: 59.120352 sec
Send to Nid: 10
Packet_Type		Length	Src_Nid	src_port	Option	Center_nid	Neighbor_nid	Data_plane_port
NeighborUpdate		544	7	1		Finish	 		 		 

Time: 59.120452 sec
Send to Nid: 10
Packet_Type		Length	Src_Nid	src_port	Option	Center_nid	Neighbor_nid	Data_plane_port
NeighborUpdate		544	7	1		New	7		1		1
 		 	 	 		 	 			2		1
 		 	 	 		 	 			3		1
 		 	 	 		 	 			4		1
 		 	 	 		 	 			5		1
 		 	 	 		 	 			9		1
 		 	 	 		 	 			8		1

Time: 59.121552 sec
Send to Nid: 10
Packet_Type		Length	Src_Nid	src_port	Option	Center_nid	Neighbor_nid	Data_plane_port
NeighborUpdate		544	7	1		Finish	 		 		 

Time: 59.121652 sec
Send to Nid: 10
Packet_Type		Length	Src_Nid	src_port	Option	Center_nid	Neighbor_nid	Data_plane_port
NeighborUpdate		544	7	1		New	7		1		1
 		 	 	 		 	 			2		1
 		 	 	 		 	 			3		1
 		 	 	 		 	 			4		1
 		 	 	 		 	 			5		1
 		 	 	 		 	 			9		1
 		 	 	 		 	 			8		1

Time: 59.121752 sec
Send to Nid: 10
Packet_Type		Length	Src_Nid	src_port	Option	Center_nid	Neighbor_nid	Data_plane_port
NeighborUpdate		544	7	1		Finish	 		 		 

Time: 59.121852 sec
Send to Nid: 10
Packet_Type		Length	Src_Nid	src_port	Option	Center_nid	Neighbor_nid	Data_plane_port
NeighborUpdate		544	7	1		New	7		1		1
 		 	 	 		 	 			2		1
 		 	 	 		 	 			3		1
 		 	 	 		 	 			4		1
 		 	 	 		 	 			5		1
 		 	 	 		 	 			9		1
 		 	 	 		 	 			8		1

Time: 59.121952 sec
Send to Nid: 10
Packet_Type		Length	Src_Nid	src_port	Option	Center_nid	Neighbor_nid	Data_plane_port
NeighborUpdate		544	7	1		Finish	 		 		 

Time: 59.703284 sec
Send to Nid: 10
Packet_Type		Length	Src_Nid	src_port	Option	Center_nid	Neighbor_nid	Data_plane_port
NeighborUpdate		544	7	1		New	7		1		1
 		 	 	 		 	 			2		1
 		 	 	 		 	 			3		1
 		 	 	 		 	 			4		1
 		 	 	 		 	 			5		1
 		 	 	 		 	 			9		1
 		 	 	 		 	 			8		1

Time: 59.703384 sec
Send to Nid: 10
Packet_Type		Length	Src_Nid	src_port	Option	Center_nid	Neighbor_nid	Data_plane_port
NeighborUpdate		544	7	1		Finish	 		 		 

Time: 59.703484 sec
Send to Nid: 10
Packet_Type	Length	Src_nid	Src_port
Hello		80	7	1

Time: 60.200584 sec
Send to Nid: 10
Packet_Type		Length	Src_Nid	src_port	Option	Center_nid	Neighbor_nid	Data_plane_port
NeighborUpdate		544	7	1		New	7		1		1
 		 	 	 		 	 			2		1
 		 	 	 		 	 			3		1
 		 	 	 		 	 			4		1
 		 	 	 		 	 			5		1
 		 	 	 		 	 			9		1
 		 	 	 		 	 			8		1

Time: 60.200684 sec
Send to Nid: 10
Packet_Type		Length	Src_Nid	src_port	Option	Center_nid	Neighbor_nid	Data_plane_port
NeighborUpdate		544	7	1		Finish	 		 		 

Time: 60.410784 sec
Send to Nid: 10
Packet_Type		Length	Src_Nid	src_port	Option	Center_nid	Neighbor_nid	Data_plane_port
NeighborUpdate		544	7	1		New	7		1		1
 		 	 	 		 	 			2		1
 		 	 	 		 	 			3		1
 		 	 	 		 	 			4		1
 		 	 	 		 	 			5		1
 		 	 	 		 	 			9		1
 		 	 	 		 	 			8		1

Time: 60.410884 sec
Send to Nid: 10
Packet_Type		Length	Src_Nid	src_port	Option	Center_nid	Neighbor_nid	Data_plane_port
NeighborUpdate		544	7	1		Finish	 		 		 

Time: 60.590984 sec
Send to Nid: 10
Packet_Type		Length	Src_Nid	src_port	Option	Center_nid	Neighbor_nid	Data_plane_port
NeighborUpdate		544	7	1		New	7		1		1
 		 	 	 		 	 			2		1
 		 	 	 		 	 			3		1
 		 	 	 		 	 			4		1
 		 	 	 		 	 			5		1
 		 	 	 		 	 			9		1
 		 	 	 		 	 			8		1

Time: 60.591084 sec
Send to Nid: 10
Packet_Type		Length	Src_Nid	src_port	Option	Center_nid	Neighbor_nid	Data_plane_port
NeighborUpdate		544	7	1		Finish	 		 		 

Time: 60.710184 sec
Send to Nid: 10
Packet_Type		Length	Src_Nid	src_port	Option	Center_nid	Neighbor_nid	Data_plane_port
NeighborUpdate		544	7	1		New	7		1		1
 		 	 	 		 	 			2		1
 		 	 	 		 	 			3		1
 		 	 	 		 	 			4		1
 		 	 	 		 	 			5		1
 		 	 	 		 	 			9		1
 		 	 	 		 	 			8		1

Time: 60.710284 sec
Send to Nid: 10
Packet_Type		Length	Src_Nid	src_port	Option	Center_nid	Neighbor_nid	Data_plane_port
NeighborUpdate		544	7	1		Finish	 		 		 

Time: 60.780584 sec
Send to Nid: 10
Packet_Type		Length	Src_Nid	src_port	Option	Center_nid	Neighbor_nid	Data_plane_port
NeighborUpdate		544	7	1		New	7		1		1
 		 	 	 		 	 			2		1
 		 	 	 		 	 			3		1
 		 	 	 		 	 			4		1
 		 	 	 		 	 			5		1
 		 	 	 		 	 			9		1
 		 	 	 		 	 			8		1

Time: 60.780684 sec
Send to Nid: 10
Packet_Type		Length	Src_Nid	src_port	Option	Center_nid	Neighbor_nid	Data_plane_port
NeighborUpdate		544	7	1		Finish	 		 		 

Time: 60.902171 sec
Send to Nid: 10
Packet_Type	Length	Src_nid	Src_port
Hello		80	7	1

Time: 61.068400 sec
Broadcast
Packet_Type	Length	Src_nid	Src_port
Hello		80	7	1

Time: 61.220271 sec
Send to Nid: 10
Packet_Type		Length	Src_Nid	src_port	Option	Center_nid	Neighbor_nid	Data_plane_port
NeighborUpdate		544	7	1		New	7		1		1
 		 	 	 		 	 			2		1
 		 	 	 		 	 			3		1
 		 	 	 		 	 			4		1
 		 	 	 		 	 			5		1
 		 	 	 		 	 			9		1
 		 	 	 		 	 			8		1

Time: 61.220371 sec
Send to Nid: 10
Packet_Type		Length	Src_Nid	src_port	Option	Center_nid	Neighbor_nid	Data_plane_port
NeighborUpdate		544	7	1		Finish	 		 		 

Time: 62.140671 sec
Send to Nid: 10
Packet_Type		Length	Src_Nid	src_port	Option	Center_nid	Neighbor_nid	Data_plane_port
NeighborUpdate		544	7	1		New	7		1		1
 		 	 	 		 	 			2		1
 		 	 	 		 	 			3		1
 		 	 	 		 	 			4		1
 		 	 	 		 	 			5		1
 		 	 	 		 	 			8		1

Time: 62.140771 sec
Send to Nid: 10
Packet_Type		Length	Src_Nid	src_port	Option	Center_nid	Neighbor_nid	Data_plane_port
NeighborUpdate		544	7	1		Finish	 		 		 

Time: 62.210871 sec
Send to Nid: 10
Packet_Type		Length	Src_Nid	src_port	Option	Center_nid	Neighbor_nid	Data_plane_port
NeighborUpdate		544	7	1		New	7		1		1
 		 	 	 		 	 			2		1
 		 	 	 		 	 			3		1
 		 	 	 		 	 			4		1
 		 	 	 		 	 			5		1
 		 	 	 		 	 			8		1

Time: 62.210971 sec
Send to Nid: 10
Packet_Type		Length	Src_Nid	src_port	Option	Center_nid	Neighbor_nid	Data_plane_port
NeighborUpdate		544	7	1		Finish	 		 		 

Time: 62.611071 sec
Send to Nid: 10
Packet_Type		Length	Src_Nid	src_port	Option	Center_nid	Neighbor_nid	Data_plane_port
NeighborUpdate		544	7	1		New	7		1		1
 		 	 	 		 	 			2		1
 		 	 	 		 	 			3		1
 		 	 	 		 	 			4		1
 		 	 	 		 	 			5		1
 		 	 	 		 	 			8		1

Time: 62.611171 sec
Send to Nid: 10
Packet_Type		Length	Src_Nid	src_port	Option	Center_nid	Neighbor_nid	Data_plane_port
NeighborUpdate		544	7	1		Finish	 		 		 

Time: 62.720271 sec
Send to Nid: 10
Packet_Type		Length	Src_Nid	src_port	Option	Center_nid	Neighbor_nid	Data_plane_port
NeighborUpdate		544	7	1		New	7		1		1
 		 	 	 		 	 			2		1
 		 	 	 		 	 			3		1
 		 	 	 		 	 			4		1
 		 	 	 		 	 			5		1
 		 	 	 		 	 			8		1

Time: 62.720371 sec
Send to Nid: 10
Packet_Type		Length	Src_Nid	src_port	Option	Center_nid	Neighbor_nid	Data_plane_port
NeighborUpdate		544	7	1		Finish	 		 		 

Time: 62.800471 sec
Send to Nid: 10
Packet_Type		Length	Src_Nid	src_port	Option	Center_nid	Neighbor_nid	Data_plane_port
NeighborUpdate		544	7	1		New	7		1		1
 		 	 	 		 	 			2		1
 		 	 	 		 	 			3		1
 		 	 	 		 	 			4		1
 		 	 	 		 	 			5		1
 		 	 	 		 	 			8		1

Time: 62.800571 sec
Send to Nid: 10
Packet_Type		Length	Src_Nid	src_port	Option	Center_nid	Neighbor_nid	Data_plane_port
NeighborUpdate		544	7	1		Finish	 		 		 

Time: 63.096900 sec
Broadcast
Packet_Type	Length	Src_nid	Src_port
Hello		80	7	1

Time: 65.162000 sec
Broadcast
Packet_Type	Length	Src_nid	Src_port
Hello		80	7	1

Time: 67.167400 sec
Broadcast
Packet_Type	Length	Src_nid	Src_port
Hello		80	7	1

Time: 69.235900 sec
Broadcast
Packet_Type	Length	Src_nid	Src_port
Hello		80	7	1

Time: 71.289400 sec
Broadcast
Packet_Type	Length	Src_nid	Src_port
Hello		80	7	1

Time: 73.345600 sec
Broadcast
Packet_Type	Length	Src_nid	Src_port
Hello		80	7	1

Time: 75.360000 sec
Broadcast
Packet_Type	Length	Src_nid	Src_port
Hello		80	7	1

Time: 77.364600 sec
Broadcast
Packet_Type	Length	Src_nid	Src_port
Hello		80	7	1

Time: 79.390200 sec
Broadcast
Packet_Type	Length	Src_nid	Src_port
Hello		80	7	1

Time: 81.398400 sec
Broadcast
Packet_Type	Length	Src_nid	Src_port
Hello		80	7	1

Time: 83.410400 sec
Broadcast
Packet_Type	Length	Src_nid	Src_port
Hello		80	7	1

Time: 85.475500 sec
Broadcast
Packet_Type	Length	Src_nid	Src_port
Hello		80	7	1

Time: 87.531100 sec
Broadcast
Packet_Type	Length	Src_nid	Src_port
Hello		80	7	1

Time: 89.573500 sec
Broadcast
Packet_Type	Length	Src_nid	Src_port
Hello		80	7	1

Time: 91.288738 sec
Send to Nid: 10
Packet_Type		Length	Src_Nid	src_port	Option	Center_nid	Neighbor_nid	Data_plane_port
NeighborUpdate		544	7	1		New	7		1		1
 		 	 	 		 	 			2		1
 		 	 	 		 	 			3		1
 		 	 	 		 	 			4		1
 		 	 	 		 	 			5		1
 		 	 	 		 	 			8		1

Time: 91.288838 sec
Send to Nid: 10
Packet_Type		Length	Src_Nid	src_port	Option	Center_nid	Neighbor_nid	Data_plane_port
NeighborUpdate		544	7	1		Finish	 		 		 

Time: 91.288938 sec
Send to Nid: 10
Packet_Type	Length	Src_nid	Src_port
Hello		80	7	1

Time: 91.289038 sec
Send to Nid: 10
Packet_Type		Length	Src_Nid	src_port	Option	Center_nid	Neighbor_nid	Data_plane_port
NeighborUpdate		544	7	1		New	7		1		1
 		 	 	 		 	 			3		1
 		 	 	 		 	 			4		1
 		 	 	 		 	 			5		1
 		 	 	 		 	 			8		1

Time: 91.289138 sec
Send to Nid: 10
Packet_Type		Length	Src_Nid	src_port	Option	Center_nid	Neighbor_nid	Data_plane_port
NeighborUpdate		544	7	1		Finish	 		 		 

Time: 91.289238 sec
Send to Nid: 10
Packet_Type		Length	Src_Nid	src_port	Option	Center_nid	Neighbor_nid	Data_plane_port
NeighborUpdate		544	7	1		New	7		1		1
 		 	 	 		 	 			3		1
 		 	 	 		 	 			4		1
 		 	 	 		 	 			5		1
 		 	 	 		 	 			8		1

Time: 91.289338 sec
Send to Nid: 10
Packet_Type		Length	Src_Nid	src_port	Option	Center_nid	Neighbor_nid	Data_plane_port
NeighborUpdate		544	7	1		Finish	 		 		 

Time: 91.289438 sec
Send to Nid: 10
Packet_Type		Length	Src_Nid	src_port	Option	Center_nid	Neighbor_nid	Data_plane_port
NeighborUpdate		544	7	1		New	7		1		1
 		 	 	 		 	 			3		1
 		 	 	 		 	 			4		1
 		 	 	 		 	 			5		1
 		 	 	 		 	 			8		1

Time: 91.289538 sec
Send to Nid: 10
Packet_Type		Length	Src_Nid	src_port	Option	Center_nid	Neighbor_nid	Data_plane_port
NeighborUpdate		544	7	1		Finish	 		 		 

Time: 91.289638 sec
Send to Nid: 10
Packet_Type		Length	Src_Nid	src_port	Option	Center_nid	Neighbor_nid	Data_plane_port
NeighborUpdate		544	7	1		New	7		1		1
 		 	 	 		 	 			3		1
 		 	 	 		 	 			4		1
 		 	 	 		 	 			5		1
 		 	 	 		 	 			8		1

Time: 91.290738 sec
Send to Nid: 10
Packet_Type		Length	Src_Nid	src_port	Option	Center_nid	Neighbor_nid	Data_plane_port
NeighborUpdate		544	7	1		Finish	 		 		 

Time: 91.290838 sec
Send to Nid: 10
Packet_Type		Length	Src_Nid	src_port	Option	Center_nid	Neighbor_nid	Data_plane_port
NeighborUpdate		544	7	1		New	7		1		1
 		 	 	 		 	 			3		1
 		 	 	 		 	 			4		1
 		 	 	 		 	 			5		1
 		 	 	 		 	 			8		1

Time: 91.290938 sec
Send to Nid: 10
Packet_Type		Length	Src_Nid	src_port	Option	Center_nid	Neighbor_nid	Data_plane_port
NeighborUpdate		544	7	1		Finish	 		 		 

Time: 91.291038 sec
Send to Nid: 10
Packet_Type		Length	Src_Nid	src_port	Option	Center_nid	Neighbor_nid	Data_plane_port
NeighborUpdate		544	7	1		New	7		1		1
 		 	 	 		 	 			3		1
 		 	 	 		 	 			4		1
 		 	 	 		 	 			5		1
 		 	 	 		 	 			8		1

Time: 91.291138 sec
Send to Nid: 10
Packet_Type		Length	Src_Nid	src_port	Option	Center_nid	Neighbor_nid	Data_plane_port
NeighborUpdate		544	7	1		Finish	 		 		 

Time: 91.638100 sec
Broadcast
Packet_Type	Length	Src_nid	Src_port
Hello		80	7	1

Time: 93.645600 sec
Broadcast
Packet_Type	Length	Src_nid	Src_port
Hello		80	7	1

Time: 95.707100 sec
Broadcast
Packet_Type	Length	Src_nid	Src_port
Hello		80	7	1

Time: 97.764700 sec
Broadcast
Packet_Type	Length	Src_nid	Src_port
Hello		80	7	1

Time: 98.647983 sec
Send to Nid: 10
Packet_Type		Length	Src_Nid	src_port	Option	Center_nid	Neighbor_nid	Data_plane_port
NeighborUpdate		544	7	1		New	7		1		1
 		 	 	 		 	 			3		1
 		 	 	 		 	 			4		1
 		 	 	 		 	 			5		1
 		 	 	 		 	 			8		1

Time: 98.648083 sec
Send to Nid: 10
Packet_Type		Length	Src_Nid	src_port	Option	Center_nid	Neighbor_nid	Data_plane_port
NeighborUpdate		544	7	1		Finish	 		 		 

Time: 98.648183 sec
Send to Nid: 10
Packet_Type		Length	Src_Nid	src_port	Option	Center_nid	Neighbor_nid	Data_plane_port
NeighborUpdate		544	7	1		New	7		1		1
 		 	 	 		 	 			3		1
 		 	 	 		 	 			4		1
 		 	 	 		 	 			5		1
 		 	 	 		 	 			8		1

Time: 98.648283 sec
Send to Nid: 10
Packet_Type		Length	Src_Nid	src_port	Option	Center_nid	Neighbor_nid	Data_plane_port
NeighborUpdate		544	7	1		Finish	 		 		 

Time: 98.648383 sec
Send to Nid: 10
Packet_Type		Length	Src_Nid	src_port	Option	Center_nid	Neighbor_nid	Data_plane_port
NeighborUpdate		544	7	1		New	7		1		1
 		 	 	 		 	 			3		1
 		 	 	 		 	 			4		1
 		 	 	 		 	 			5		1
 		 	 	 		 	 			8		1

Time: 98.648483 sec
Send to Nid: 10
Packet_Type		Length	Src_Nid	src_port	Option	Center_nid	Neighbor_nid	Data_plane_port
NeighborUpdate		544	7	1		Finish	 		 		 

Time: 98.648583 sec
Send to Nid: 10
Packet_Type		Length	Src_Nid	src_port	Option	Center_nid	Neighbor_nid	Data_plane_port
NeighborUpdate		544	7	1		New	7		1		1
 		 	 	 		 	 			3		1
 		 	 	 		 	 			4		1
 		 	 	 		 	 			5		1
 		 	 	 		 	 			8		1

Time: 98.648683 sec
Send to Nid: 10
Packet_Type		Length	Src_Nid	src_port	Option	Center_nid	Neighbor_nid	Data_plane_port
NeighborUpdate		544	7	1		Finish	 		 		 

Time: 98.648783 sec
Send to Nid: 10
Packet_Type	Length	Src_nid	Src_port
Hello		80	7	1

Time: 98.648883 sec
Send to Nid: 10
Packet_Type		Length	Src_Nid	src_port	Option	Center_nid	Neighbor_nid	Data_plane_port
NeighborUpdate		544	7	1		New	7		1		1
 		 	 	 		 	 			3		1
 		 	 	 		 	 			4		1
 		 	 	 		 	 			5		1
 		 	 	 		 	 			8		1
 		 	 	 		 	 			9		1

Time: 98.649983 sec
Send to Nid: 10
Packet_Type		Length	Src_Nid	src_port	Option	Center_nid	Neighbor_nid	Data_plane_port
NeighborUpdate		544	7	1		Finish	 		 		 

Time: 98.650083 sec
Send to Nid: 10
Packet_Type		Length	Src_Nid	src_port	Option	Center_nid	Neighbor_nid	Data_plane_port
NeighborUpdate		544	7	1		New	7		1		1
 		 	 	 		 	 			3		1
 		 	 	 		 	 			4		1
 		 	 	 		 	 			5		1
 		 	 	 		 	 			8		1
 		 	 	 		 	 			9		1

Time: 98.650183 sec
Send to Nid: 10
Packet_Type		Length	Src_Nid	src_port	Option	Center_nid	Neighbor_nid	Data_plane_port
NeighborUpdate		544	7	1		Finish	 		 		 

Time: 98.650283 sec
Send to Nid: 10
Packet_Type		Length	Src_Nid	src_port	Option	Center_nid	Neighbor_nid	Data_plane_port
NeighborUpdate		544	7	1		New	7		1		1
 		 	 	 		 	 			3		1
 		 	 	 		 	 			4		1
 		 	 	 		 	 			5		1
 		 	 	 		 	 			8		1
 		 	 	 		 	 			9		1

Time: 98.650383 sec
Send to Nid: 10
Packet_Type		Length	Src_Nid	src_port	Option	Center_nid	Neighbor_nid	Data_plane_port
NeighborUpdate		544	7	1		Finish	 		 		 

Time: 99.786200 sec
Broadcast
Packet_Type	Length	Src_nid	Src_port
Hello		80	7	1

