Time: 2.058500 sec
Broadcast
Packet_Type	Length	Src_nid	Src_port
Hello		80	6	1

Time: 4.105400 sec
Broadcast
Packet_Type	Length	Src_nid	Src_port
Hello		80	6	1

Time: 6.139200 sec
Broadcast
Packet_Type	Length	Src_nid	Src_port
Hello		80	6	1

Time: 8.174900 sec
Broadcast
Packet_Type	Length	Src_nid	Src_port
Hello		80	6	1

Time: 10.232700 sec
Broadcast
Packet_Type	Length	Src_nid	Src_port
Hello		80	6	1

Time: 12.291600 sec
Broadcast
Packet_Type	Length	Src_nid	Src_port
Hello		80	6	1

Time: 14.302200 sec
Broadcast
Packet_Type	Length	Src_nid	Src_port
Hello		80	6	1

Time: 16.320900 sec
Broadcast
Packet_Type	Length	Src_nid	Src_port
Hello		80	6	1

Time: 18.373600 sec
Broadcast
Packet_Type	Length	Src_nid	Src_port
Hello		80	6	1

Time: 20.375300 sec
Broadcast
Packet_Type	Length	Src_nid	Src_port
Hello		80	6	1

Time: 21.747197 sec
Send to Nid: 10
Packet_Type	Length	Src_nid	Src_port
Hello		80	6	1

Time: 21.747297 sec
Send to Nid: 10
Packet_Type		Length	Src_Nid	src_port	Option	Center_nid	Neighbor_nid	Data_plane_port
NeighborUpdate		544	6	1		New	6		1		1

Time: 21.747397 sec
Send to Nid: 10
Packet_Type		Length	Src_Nid	src_port	Option	Center_nid	Neighbor_nid	Data_plane_port
NeighborUpdate		544	6	1		Finish	 		 		 

Time: 21.747497 sec
Send to Nid: 10
Packet_Type		Length	Src_Nid	src_port	Option	Center_nid	Neighbor_nid	Data_plane_port
NeighborUpdate		544	6	1		New	6		1		1
 		 	 	 		 	 			5		1

Time: 21.747597 sec
Send to Nid: 10
Packet_Type		Length	Src_Nid	src_port	Option	Center_nid	Neighbor_nid	Data_plane_port
NeighborUpdate		544	6	1		Finish	 		 		 

Time: 21.747697 sec
Send to Nid: 10
Packet_Type		Length	Src_Nid	src_port	Option	Center_nid	Neighbor_nid	Data_plane_port
NeighborUpdate		544	6	1		New	6		1		1
 		 	 	 		 	 			5		1
 		 	 	 		 	 			2		1

Time: 21.747797 sec
Send to Nid: 10
Packet_Type		Length	Src_Nid	src_port	Option	Center_nid	Neighbor_nid	Data_plane_port
NeighborUpdate		544	6	1		Finish	 		 		 

Time: 21.747897 sec
Send to Nid: 10
Packet_Type		Length	Src_Nid	src_port	Option	Center_nid	Neighbor_nid	Data_plane_port
NeighborUpdate		544	6	1		New	6		1		1
 		 	 	 		 	 			5		1
 		 	 	 		 	 			2		1
 		 	 	 		 	 			3		1

Time: 21.747997 sec
Send to Nid: 10
Packet_Type		Length	Src_Nid	src_port	Option	Center_nid	Neighbor_nid	Data_plane_port
NeighborUpdate		544	6	1		Finish	 		 		 

Time: 21.748097 sec
Send to Nid: 10
Packet_Type		Length	Src_Nid	src_port	Option	Center_nid	Neighbor_nid	Data_plane_port
NeighborUpdate		544	6	1		New	6		1		1
 		 	 	 		 	 			5		1
 		 	 	 		 	 			2		1
 		 	 	 		 	 			3		1
 		 	 	 		 	 			4		1

Time: 21.749197 sec
Send to Nid: 10
Packet_Type		Length	Src_Nid	src_port	Option	Center_nid	Neighbor_nid	Data_plane_port
NeighborUpdate		544	6	1		Finish	 		 		 

Time: 21.749297 sec
Send to Nid: 10
Packet_Type		Length	Src_Nid	src_port	Option	Center_nid	Neighbor_nid	Data_plane_port
NeighborUpdate		544	6	1		New	6		1		1
 		 	 	 		 	 			5		1
 		 	 	 		 	 			2		1
 		 	 	 		 	 			3		1
 		 	 	 		 	 			4		1
 		 	 	 		 	 			7		1

Time: 21.749397 sec
Send to Nid: 10
Packet_Type		Length	Src_Nid	src_port	Option	Center_nid	Neighbor_nid	Data_plane_port
NeighborUpdate		544	6	1		Finish	 		 		 

Time: 21.749497 sec
Send to Nid: 10
Packet_Type		Length	Src_Nid	src_port	Option	Center_nid	Neighbor_nid	Data_plane_port
NeighborUpdate		544	6	1		New	6		1		1
 		 	 	 		 	 			5		1
 		 	 	 		 	 			2		1
 		 	 	 		 	 			3		1
 		 	 	 		 	 			4		1
 		 	 	 		 	 			7		1
 		 	 	 		 	 			8		1

Time: 21.800398 sec
Send to Nid: 10
Packet_Type		Length	Src_Nid	src_port	Option	Center_nid	Neighbor_nid	Data_plane_port
NeighborUpdate		544	6	1		Finish	 		 		 

Time: 21.800498 sec
Send to Nid: 10
Packet_Type		Length	Src_Nid	src_port	Option	Center_nid	Neighbor_nid	Data_plane_port
NeighborUpdate		544	6	1		New	6		1		1
 		 	 	 		 	 			5		1
 		 	 	 		 	 			2		1
 		 	 	 		 	 			3		1
 		 	 	 		 	 			4		1
 		 	 	 		 	 			7		1
 		 	 	 		 	 			8		1
 		 	 	 		 	 			9		1

Time: 21.800598 sec
Send to Nid: 10
Packet_Type		Length	Src_Nid	src_port	Option	Center_nid	Neighbor_nid	Data_plane_port
NeighborUpdate		544	6	1		Finish	 		 		 

Time: 21.800698 sec
Send to Nid: 10
Packet_Type		Length	Src_Nid	src_port	Option	Center_nid	Neighbor_nid	Data_plane_port
NeighborUpdate		544	6	1		New	6		1		1
 		 	 	 		 	 			5		1
 		 	 	 		 	 			2		1
 		 	 	 		 	 			3		1
 		 	 	 		 	 			4		1
 		 	 	 		 	 			7		1
 		 	 	 		 	 			8		1
 		 	 	 		 	 			9		1

Time: 21.800798 sec
Send to Nid: 10
Packet_Type		Length	Src_Nid	src_port	Option	Center_nid	Neighbor_nid	Data_plane_port
NeighborUpdate		544	6	1		Finish	 		 		 

Time: 21.800898 sec
Send to Nid: 10
Packet_Type		Length	Src_Nid	src_port	Option	Center_nid	Neighbor_nid	Data_plane_port
NeighborUpdate		544	6	1		New	6		1		1
 		 	 	 		 	 			5		1
 		 	 	 		 	 			2		1
 		 	 	 		 	 			3		1
 		 	 	 		 	 			4		1
 		 	 	 		 	 			7		1
 		 	 	 		 	 			8		1
 		 	 	 		 	 			9		1

Time: 21.800998 sec
Send to Nid: 10
Packet_Type		Length	Src_Nid	src_port	Option	Center_nid	Neighbor_nid	Data_plane_port
NeighborUpdate		544	6	1		Finish	 		 		 

Time: 21.801098 sec
Send to Nid: 10
Packet_Type	Length	Src_nid	Src_port
Hello		80	6	1

Time: 21.801198 sec
Send to Nid: 10
Packet_Type		Length	Src_Nid	src_port	Option	Center_nid	Neighbor_nid	Data_plane_port
NeighborUpdate		544	6	1		New	6		1		1
 		 	 	 		 	 			5		1
 		 	 	 		 	 			2		1
 		 	 	 		 	 			3		1
 		 	 	 		 	 			4		1
 		 	 	 		 	 			7		1
 		 	 	 		 	 			8		1
 		 	 	 		 	 			9		1

Time: 21.801298 sec
Send to Nid: 10
Packet_Type		Length	Src_Nid	src_port	Option	Center_nid	Neighbor_nid	Data_plane_port
NeighborUpdate		544	6	1		Finish	 		 		 

Time: 21.802398 sec
Send to Nid: 10
Packet_Type		Length	Src_Nid	src_port	Option	Center_nid	Neighbor_nid	Data_plane_port
NeighborUpdate		544	6	1		New	6		1		1
 		 	 	 		 	 			5		1
 		 	 	 		 	 			2		1
 		 	 	 		 	 			3		1
 		 	 	 		 	 			4		1
 		 	 	 		 	 			7		1
 		 	 	 		 	 			8		1
 		 	 	 		 	 			9		1

Time: 21.802498 sec
Send to Nid: 10
Packet_Type		Length	Src_Nid	src_port	Option	Center_nid	Neighbor_nid	Data_plane_port
NeighborUpdate		544	6	1		Finish	 		 		 

Time: 21.802598 sec
Send to Nid: 10
Packet_Type		Length	Src_Nid	src_port	Option	Center_nid	Neighbor_nid	Data_plane_port
NeighborUpdate		544	6	1		New	6		1		1
 		 	 	 		 	 			5		1
 		 	 	 		 	 			2		1
 		 	 	 		 	 			3		1
 		 	 	 		 	 			4		1
 		 	 	 		 	 			7		1
 		 	 	 		 	 			8		1
 		 	 	 		 	 			9		1

Time: 21.802698 sec
Send to Nid: 10
Packet_Type		Length	Src_Nid	src_port	Option	Center_nid	Neighbor_nid	Data_plane_port
NeighborUpdate		544	6	1		Finish	 		 		 

Time: 21.802798 sec
Send to Nid: 10
Packet_Type		Length	Src_Nid	src_port	Option	Center_nid	Neighbor_nid	Data_plane_port
NeighborUpdate		544	6	1		New	6		1		1
 		 	 	 		 	 			5		1
 		 	 	 		 	 			2		1
 		 	 	 		 	 			3		1
 		 	 	 		 	 			4		1
 		 	 	 		 	 			7		1
 		 	 	 		 	 			8		1
 		 	 	 		 	 			9		1

Time: 22.397100 sec
Broadcast
Packet_Type	Length	Src_nid	Src_port
Hello		80	6	1

Time: 22.902792 sec
Send to Nid: 10
Packet_Type		Length	Src_Nid	src_port	Option	Center_nid	Neighbor_nid	Data_plane_port
NeighborUpdate		544	6	1		Finish	 		 		 

Time: 22.902892 sec
Send to Nid: 10
Packet_Type		Length	Src_Nid	src_port	Option	Center_nid	Neighbor_nid	Data_plane_port
NeighborUpdate		544	6	1		New	6		1		1
 		 	 	 		 	 			5		1
 		 	 	 		 	 			2		1
 		 	 	 		 	 			3		1
 		 	 	 		 	 			4		1
 		 	 	 		 	 			7		1
 		 	 	 		 	 			8		1
 		 	 	 		 	 			9		1

Time: 22.902992 sec
Send to Nid: 10
Packet_Type	Length	Src_nid	Src_port
Hello		80	6	1

Time: 22.903092 sec
Send to Nid: 10
Packet_Type		Length	Src_Nid	src_port	Option	Center_nid	Neighbor_nid	Data_plane_port
NeighborUpdate		544	6	1		New	6		1		1
 		 	 	 		 	 			5		1
 		 	 	 		 	 			2		1
 		 	 	 		 	 			3		1
 		 	 	 		 	 			4		1
 		 	 	 		 	 			7		1
 		 	 	 		 	 			8		1
 		 	 	 		 	 			9		1

Time: 22.903192 sec
Send to Nid: 10
Packet_Type		Length	Src_Nid	src_port	Option	Center_nid	Neighbor_nid	Data_plane_port
NeighborUpdate		544	6	1		Finish	 		 		 

Time: 22.903292 sec
Send to Nid: 10
Packet_Type		Length	Src_Nid	src_port	Option	Center_nid	Neighbor_nid	Data_plane_port
NeighborUpdate		544	6	1		New	6		1		1
 		 	 	 		 	 			5		1
 		 	 	 		 	 			2		1
 		 	 	 		 	 			3		1
 		 	 	 		 	 			4		1
 		 	 	 		 	 			7		1
 		 	 	 		 	 			8		1
 		 	 	 		 	 			9		1

Time: 22.903392 sec
Send to Nid: 10
Packet_Type		Length	Src_Nid	src_port	Option	Center_nid	Neighbor_nid	Data_plane_port
NeighborUpdate		544	6	1		Finish	 		 		 

Time: 22.903492 sec
Send to Nid: 10
Packet_Type		Length	Src_Nid	src_port	Option	Center_nid	Neighbor_nid	Data_plane_port
NeighborUpdate		544	6	1		New	6		1		1
 		 	 	 		 	 			5		1
 		 	 	 		 	 			2		1
 		 	 	 		 	 			3		1
 		 	 	 		 	 			4		1
 		 	 	 		 	 			7		1
 		 	 	 		 	 			8		1
 		 	 	 		 	 			9		1

Time: 22.903592 sec
Send to Nid: 10
Packet_Type		Length	Src_Nid	src_port	Option	Center_nid	Neighbor_nid	Data_plane_port
NeighborUpdate		544	6	1		Finish	 		 		 

Time: 22.903692 sec
Send to Nid: 10
Packet_Type		Length	Src_Nid	src_port	Option	Center_nid	Neighbor_nid	Data_plane_port
NeighborUpdate		544	6	1		New	6		1		1
 		 	 	 		 	 			5		1
 		 	 	 		 	 			2		1
 		 	 	 		 	 			3		1
 		 	 	 		 	 			4		1
 		 	 	 		 	 			7		1
 		 	 	 		 	 			8		1
 		 	 	 		 	 			9		1

Time: 22.904792 sec
Send to Nid: 10
Packet_Type		Length	Src_Nid	src_port	Option	Center_nid	Neighbor_nid	Data_plane_port
NeighborUpdate		544	6	1		Finish	 		 		 

Time: 22.904892 sec
Send to Nid: 10
Packet_Type		Length	Src_Nid	src_port	Option	Center_nid	Neighbor_nid	Data_plane_port
NeighborUpdate		544	6	1		New	6		1		1
 		 	 	 		 	 			5		1
 		 	 	 		 	 			2		1
 		 	 	 		 	 			3		1
 		 	 	 		 	 			4		1
 		 	 	 		 	 			7		1
 		 	 	 		 	 			8		1
 		 	 	 		 	 			9		1

Time: 22.904992 sec
Send to Nid: 10
Packet_Type		Length	Src_Nid	src_port	Option	Center_nid	Neighbor_nid	Data_plane_port
NeighborUpdate		544	6	1		Finish	 		 		 

Time: 22.905092 sec
Send to Nid: 10
Packet_Type		Length	Src_Nid	src_port	Option	Center_nid	Neighbor_nid	Data_plane_port
NeighborUpdate		544	6	1		New	6		1		1
 		 	 	 		 	 			5		1
 		 	 	 		 	 			2		1
 		 	 	 		 	 			3		1
 		 	 	 		 	 			4		1
 		 	 	 		 	 			7		1
 		 	 	 		 	 			8		1
 		 	 	 		 	 			9		1

Time: 22.905192 sec
Send to Nid: 10
Packet_Type		Length	Src_Nid	src_port	Option	Center_nid	Neighbor_nid	Data_plane_port
NeighborUpdate		544	6	1		Finish	 		 		 

Time: 22.995196 sec
Send to Nid: 10
Packet_Type		Length	Src_Nid	src_port	Option	Center_nid	Neighbor_nid	Data_plane_port
NeighborUpdate		544	6	1		New	6		1		1
 		 	 	 		 	 			5		1
 		 	 	 		 	 			2		1
 		 	 	 		 	 			3		1
 		 	 	 		 	 			4		1
 		 	 	 		 	 			7		1
 		 	 	 		 	 			8		1
 		 	 	 		 	 			9		1

Time: 22.995296 sec
Send to Nid: 10
Packet_Type		Length	Src_Nid	src_port	Option	Center_nid	Neighbor_nid	Data_plane_port
NeighborUpdate		544	6	1		Finish	 		 		 

Time: 22.995396 sec
Send to Nid: 10
Packet_Type	Length	Src_nid	Src_port
Hello		80	6	1

Time: 24.090696 sec
Send to Nid: 10
Packet_Type		Length	Src_Nid	src_port	Option	Center_nid	Neighbor_nid	Data_plane_port
NeighborUpdate		544	6	1		New	6		1		1
 		 	 	 		 	 			5		1
 		 	 	 		 	 			2		1
 		 	 	 		 	 			3		1
 		 	 	 		 	 			4		1
 		 	 	 		 	 			7		1
 		 	 	 		 	 			8		1
 		 	 	 		 	 			9		1

Time: 24.090796 sec
Send to Nid: 10
Packet_Type		Length	Src_Nid	src_port	Option	Center_nid	Neighbor_nid	Data_plane_port
NeighborUpdate		544	6	1		Finish	 		 		 

Time: 24.180896 sec
Send to Nid: 10
Packet_Type		Length	Src_Nid	src_port	Option	Center_nid	Neighbor_nid	Data_plane_port
NeighborUpdate		544	6	1		New	6		1		1
 		 	 	 		 	 			5		1
 		 	 	 		 	 			2		1
 		 	 	 		 	 			3		1
 		 	 	 		 	 			4		1
 		 	 	 		 	 			7		1
 		 	 	 		 	 			8		1
 		 	 	 		 	 			9		1

Time: 24.180996 sec
Send to Nid: 10
Packet_Type		Length	Src_Nid	src_port	Option	Center_nid	Neighbor_nid	Data_plane_port
NeighborUpdate		544	6	1		Finish	 		 		 

Time: 24.251096 sec
Send to Nid: 10
Packet_Type		Length	Src_Nid	src_port	Option	Center_nid	Neighbor_nid	Data_plane_port
NeighborUpdate		544	6	1		New	6		1		1
 		 	 	 		 	 			5		1
 		 	 	 		 	 			2		1
 		 	 	 		 	 			3		1
 		 	 	 		 	 			4		1
 		 	 	 		 	 			7		1
 		 	 	 		 	 			8		1
 		 	 	 		 	 			9		1

Time: 24.251196 sec
Send to Nid: 10
Packet_Type		Length	Src_Nid	src_port	Option	Center_nid	Neighbor_nid	Data_plane_port
NeighborUpdate		544	6	1		Finish	 		 		 

Time: 24.270296 sec
Send to Nid: 10
Packet_Type		Length	Src_Nid	src_port	Option	Center_nid	Neighbor_nid	Data_plane_port
NeighborUpdate		544	6	1		New	6		1		1
 		 	 	 		 	 			5		1
 		 	 	 		 	 			2		1
 		 	 	 		 	 			3		1
 		 	 	 		 	 			4		1
 		 	 	 		 	 			7		1
 		 	 	 		 	 			8		1
 		 	 	 		 	 			9		1

Time: 24.270396 sec
Send to Nid: 10
Packet_Type		Length	Src_Nid	src_port	Option	Center_nid	Neighbor_nid	Data_plane_port
NeighborUpdate		544	6	1		Finish	 		 		 

Time: 24.290496 sec
Send to Nid: 10
Packet_Type		Length	Src_Nid	src_port	Option	Center_nid	Neighbor_nid	Data_plane_port
NeighborUpdate		544	6	1		New	6		1		1
 		 	 	 		 	 			5		1
 		 	 	 		 	 			2		1
 		 	 	 		 	 			3		1
 		 	 	 		 	 			4		1
 		 	 	 		 	 			7		1
 		 	 	 		 	 			8		1
 		 	 	 		 	 			9		1

Time: 24.290596 sec
Send to Nid: 10
Packet_Type		Length	Src_Nid	src_port	Option	Center_nid	Neighbor_nid	Data_plane_port
NeighborUpdate		544	6	1		Finish	 		 		 

Time: 24.405800 sec
Broadcast
Packet_Type	Length	Src_nid	Src_port
Hello		80	6	1

Time: 24.490696 sec
Send to Nid: 10
Packet_Type		Length	Src_Nid	src_port	Option	Center_nid	Neighbor_nid	Data_plane_port
NeighborUpdate		544	6	1		New	6		1		1
 		 	 	 		 	 			5		1
 		 	 	 		 	 			2		1
 		 	 	 		 	 			3		1
 		 	 	 		 	 			4		1
 		 	 	 		 	 			7		1
 		 	 	 		 	 			8		1
 		 	 	 		 	 			9		1

Time: 24.490796 sec
Send to Nid: 10
Packet_Type		Length	Src_Nid	src_port	Option	Center_nid	Neighbor_nid	Data_plane_port
NeighborUpdate		544	6	1		Finish	 		 		 

Time: 24.550896 sec
Send to Nid: 10
Packet_Type		Length	Src_Nid	src_port	Option	Center_nid	Neighbor_nid	Data_plane_port
NeighborUpdate		544	6	1		New	6		1		1
 		 	 	 		 	 			5		1
 		 	 	 		 	 			2		1
 		 	 	 		 	 			3		1
 		 	 	 		 	 			4		1
 		 	 	 		 	 			7		1
 		 	 	 		 	 			8		1
 		 	 	 		 	 			9		1

Time: 24.550996 sec
Send to Nid: 10
Packet_Type		Length	Src_Nid	src_port	Option	Center_nid	Neighbor_nid	Data_plane_port
NeighborUpdate		544	6	1		Finish	 		 		 

Time: 25.401096 sec
Send to Nid: 10
Packet_Type		Length	Src_Nid	src_port	Option	Center_nid	Neighbor_nid	Data_plane_port
NeighborUpdate		544	6	1		New	6		1		1
 		 	 	 		 	 			5		1
 		 	 	 		 	 			2		1
 		 	 	 		 	 			3		1
 		 	 	 		 	 			4		1
 		 	 	 		 	 			7		1
 		 	 	 		 	 			8		1

Time: 25.401196 sec
Send to Nid: 10
Packet_Type		Length	Src_Nid	src_port	Option	Center_nid	Neighbor_nid	Data_plane_port
NeighborUpdate		544	6	1		Finish	 		 		 

Time: 26.450500 sec
Broadcast
Packet_Type	Length	Src_nid	Src_port
Hello		80	6	1

Time: 28.477200 sec
Broadcast
Packet_Type	Length	Src_nid	Src_port
Hello		80	6	1

Time: 30.501800 sec
Broadcast
Packet_Type	Length	Src_nid	Src_port
Hello		80	6	1

Time: 32.535600 sec
Broadcast
Packet_Type	Length	Src_nid	Src_port
Hello		80	6	1

Time: 34.570300 sec
Broadcast
Packet_Type	Length	Src_nid	Src_port
Hello		80	6	1

Time: 36.592900 sec
Broadcast
Packet_Type	Length	Src_nid	Src_port
Hello		80	6	1

Time: 38.646600 sec
Broadcast
Packet_Type	Length	Src_nid	Src_port
Hello		80	6	1

Time: 40.677200 sec
Broadcast
Packet_Type	Length	Src_nid	Src_port
Hello		80	6	1

Time: 42.712000 sec
Broadcast
Packet_Type	Length	Src_nid	Src_port
Hello		80	6	1

Time: 44.770700 sec
Broadcast
Packet_Type	Length	Src_nid	Src_port
Hello		80	6	1

Time: 46.799400 sec
Broadcast
Packet_Type	Length	Src_nid	Src_port
Hello		80	6	1

Time: 48.845200 sec
Broadcast
Packet_Type	Length	Src_nid	Src_port
Hello		80	6	1

Time: 50.882000 sec
Broadcast
Packet_Type	Length	Src_nid	Src_port
Hello		80	6	1

Time: 52.912800 sec
Broadcast
Packet_Type	Length	Src_nid	Src_port
Hello		80	6	1

Time: 54.972400 sec
Broadcast
Packet_Type	Length	Src_nid	Src_port
Hello		80	6	1

Time: 56.974100 sec
Broadcast
Packet_Type	Length	Src_nid	Src_port
Hello		80	6	1

Time: 58.977900 sec
Broadcast
Packet_Type	Length	Src_nid	Src_port
Hello		80	6	1

Time: 61.011600 sec
Broadcast
Packet_Type	Length	Src_nid	Src_port
Hello		80	6	1

Time: 63.069100 sec
Broadcast
Packet_Type	Length	Src_nid	Src_port
Hello		80	6	1

Time: 65.086700 sec
Broadcast
Packet_Type	Length	Src_nid	Src_port
Hello		80	6	1

Time: 67.125300 sec
Broadcast
Packet_Type	Length	Src_nid	Src_port
Hello		80	6	1

Time: 69.151700 sec
Broadcast
Packet_Type	Length	Src_nid	Src_port
Hello		80	6	1

Time: 71.212300 sec
Broadcast
Packet_Type	Length	Src_nid	Src_port
Hello		80	6	1

Time: 73.256600 sec
Broadcast
Packet_Type	Length	Src_nid	Src_port
Hello		80	6	1

Time: 75.284100 sec
Broadcast
Packet_Type	Length	Src_nid	Src_port
Hello		80	6	1

Time: 77.305800 sec
Broadcast
Packet_Type	Length	Src_nid	Src_port
Hello		80	6	1

Time: 79.332500 sec
Broadcast
Packet_Type	Length	Src_nid	Src_port
Hello		80	6	1

Time: 81.367200 sec
Broadcast
Packet_Type	Length	Src_nid	Src_port
Hello		80	6	1

Time: 83.406600 sec
Broadcast
Packet_Type	Length	Src_nid	Src_port
Hello		80	6	1

Time: 85.413200 sec
Broadcast
Packet_Type	Length	Src_nid	Src_port
Hello		80	6	1

Time: 87.453900 sec
Broadcast
Packet_Type	Length	Src_nid	Src_port
Hello		80	6	1

Time: 89.500300 sec
Broadcast
Packet_Type	Length	Src_nid	Src_port
Hello		80	6	1

Time: 91.510000 sec
Broadcast
Packet_Type	Length	Src_nid	Src_port
Hello		80	6	1

Time: 93.562600 sec
Broadcast
Packet_Type	Length	Src_nid	Src_port
Hello		80	6	1

Time: 95.600200 sec
Broadcast
Packet_Type	Length	Src_nid	Src_port
Hello		80	6	1

Time: 97.632900 sec
Broadcast
Packet_Type	Length	Src_nid	Src_port
Hello		80	6	1

Time: 99.672500 sec
Broadcast
Packet_Type	Length	Src_nid	Src_port
Hello		80	6	1

