Time: 2.025300 sec
Broadcast
Packet_Type	Length	Src_nid	Src_port
Hello		80	3	1

Time: 4.048100 sec
Broadcast
Packet_Type	Length	Src_nid	Src_port
Hello		80	3	1

Time: 6.052900 sec
Broadcast
Packet_Type	Length	Src_nid	Src_port
Hello		80	3	1

Time: 8.074700 sec
Broadcast
Packet_Type	Length	Src_nid	Src_port
Hello		80	3	1

Time: 10.077200 sec
Broadcast
Packet_Type	Length	Src_nid	Src_port
Hello		80	3	1

Time: 12.092900 sec
Broadcast
Packet_Type	Length	Src_nid	Src_port
Hello		80	3	1

Time: 14.117800 sec
Broadcast
Packet_Type	Length	Src_nid	Src_port
Hello		80	3	1

Time: 16.147600 sec
Broadcast
Packet_Type	Length	Src_nid	Src_port
Hello		80	3	1

Time: 17.952283 sec
Send to Nid: 10
Packet_Type	Length	Src_nid	Src_port
Hello		80	3	1

Time: 17.952383 sec
Send to Nid: 10
Packet_Type		Length	Src_Nid	src_port	Option	Center_nid	Neighbor_nid	Data_plane_port
NeighborUpdate		544	3	1		New	3		1		1

Time: 17.952483 sec
Send to Nid: 10
Packet_Type		Length	Src_Nid	src_port	Option	Center_nid	Neighbor_nid	Data_plane_port
NeighborUpdate		544	3	1		Finish	 		 		 

Time: 17.952583 sec
Send to Nid: 10
Packet_Type		Length	Src_Nid	src_port	Option	Center_nid	Neighbor_nid	Data_plane_port
NeighborUpdate		544	3	1		New	3		1		1
 		 	 	 		 	 			5		1

Time: 17.952683 sec
Send to Nid: 10
Packet_Type		Length	Src_Nid	src_port	Option	Center_nid	Neighbor_nid	Data_plane_port
NeighborUpdate		544	3	1		Finish	 		 		 

Time: 17.952783 sec
Send to Nid: 10
Packet_Type		Length	Src_Nid	src_port	Option	Center_nid	Neighbor_nid	Data_plane_port
NeighborUpdate		544	3	1		New	3		1		1
 		 	 	 		 	 			5		1
 		 	 	 		 	 			2		1

Time: 17.952883 sec
Send to Nid: 10
Packet_Type		Length	Src_Nid	src_port	Option	Center_nid	Neighbor_nid	Data_plane_port
NeighborUpdate		544	3	1		Finish	 		 		 

Time: 17.952983 sec
Send to Nid: 10
Packet_Type		Length	Src_Nid	src_port	Option	Center_nid	Neighbor_nid	Data_plane_port
NeighborUpdate		544	3	1		New	3		1		1
 		 	 	 		 	 			5		1
 		 	 	 		 	 			2		1
 		 	 	 		 	 			4		1

Time: 17.953083 sec
Send to Nid: 10
Packet_Type		Length	Src_Nid	src_port	Option	Center_nid	Neighbor_nid	Data_plane_port
NeighborUpdate		544	3	1		Finish	 		 		 

Time: 17.953183 sec
Send to Nid: 10
Packet_Type		Length	Src_Nid	src_port	Option	Center_nid	Neighbor_nid	Data_plane_port
NeighborUpdate		544	3	1		New	3		1		1
 		 	 	 		 	 			5		1
 		 	 	 		 	 			2		1
 		 	 	 		 	 			4		1
 		 	 	 		 	 			6		1

Time: 17.954283 sec
Send to Nid: 10
Packet_Type		Length	Src_Nid	src_port	Option	Center_nid	Neighbor_nid	Data_plane_port
NeighborUpdate		544	3	1		Finish	 		 		 

Time: 17.954383 sec
Send to Nid: 10
Packet_Type		Length	Src_Nid	src_port	Option	Center_nid	Neighbor_nid	Data_plane_port
NeighborUpdate		544	3	1		New	3		1		1
 		 	 	 		 	 			5		1
 		 	 	 		 	 			2		1
 		 	 	 		 	 			4		1
 		 	 	 		 	 			6		1
 		 	 	 		 	 			7		1

Time: 17.954483 sec
Send to Nid: 10
Packet_Type		Length	Src_Nid	src_port	Option	Center_nid	Neighbor_nid	Data_plane_port
NeighborUpdate		544	3	1		Finish	 		 		 

Time: 17.954583 sec
Send to Nid: 10
Packet_Type		Length	Src_Nid	src_port	Option	Center_nid	Neighbor_nid	Data_plane_port
NeighborUpdate		544	3	1		New	3		1		1
 		 	 	 		 	 			5		1
 		 	 	 		 	 			2		1
 		 	 	 		 	 			4		1
 		 	 	 		 	 			6		1
 		 	 	 		 	 			7		1
 		 	 	 		 	 			8		1

Time: 18.164365 sec
Send to Nid: 10
Packet_Type		Length	Src_Nid	src_port	Option	Center_nid	Neighbor_nid	Data_plane_port
NeighborUpdate		544	3	1		Finish	 		 		 

Time: 18.164465 sec
Send to Nid: 10
Packet_Type		Length	Src_Nid	src_port	Option	Center_nid	Neighbor_nid	Data_plane_port
NeighborUpdate		544	3	1		New	3		1		1
 		 	 	 		 	 			5		1
 		 	 	 		 	 			2		1
 		 	 	 		 	 			4		1
 		 	 	 		 	 			6		1
 		 	 	 		 	 			7		1
 		 	 	 		 	 			8		1
 		 	 	 		 	 			9		1

Time: 18.164565 sec
Send to Nid: 10
Packet_Type		Length	Src_Nid	src_port	Option	Center_nid	Neighbor_nid	Data_plane_port
NeighborUpdate		544	3	1		Finish	 		 		 

Time: 18.164665 sec
Send to Nid: 10
Packet_Type		Length	Src_Nid	src_port	Option	Center_nid	Neighbor_nid	Data_plane_port
NeighborUpdate		544	3	1		New	3		1		1
 		 	 	 		 	 			5		1
 		 	 	 		 	 			2		1
 		 	 	 		 	 			4		1
 		 	 	 		 	 			6		1
 		 	 	 		 	 			7		1
 		 	 	 		 	 			8		1
 		 	 	 		 	 			9		1

Time: 18.164765 sec
Send to Nid: 10
Packet_Type		Length	Src_Nid	src_port	Option	Center_nid	Neighbor_nid	Data_plane_port
NeighborUpdate		544	3	1		Finish	 		 		 

Time: 18.164865 sec
Send to Nid: 10
Packet_Type		Length	Src_Nid	src_port	Option	Center_nid	Neighbor_nid	Data_plane_port
NeighborUpdate		544	3	1		New	3		1		1
 		 	 	 		 	 			5		1
 		 	 	 		 	 			2		1
 		 	 	 		 	 			4		1
 		 	 	 		 	 			6		1
 		 	 	 		 	 			7		1
 		 	 	 		 	 			8		1
 		 	 	 		 	 			9		1

Time: 18.164965 sec
Send to Nid: 10
Packet_Type		Length	Src_Nid	src_port	Option	Center_nid	Neighbor_nid	Data_plane_port
NeighborUpdate		544	3	1		Finish	 		 		 

Time: 18.165065 sec
Send to Nid: 10
Packet_Type	Length	Src_nid	Src_port
Hello		80	3	1

Time: 18.165165 sec
Send to Nid: 10
Packet_Type		Length	Src_Nid	src_port	Option	Center_nid	Neighbor_nid	Data_plane_port
NeighborUpdate		544	3	1		New	3		1		1
 		 	 	 		 	 			5		1
 		 	 	 		 	 			2		1
 		 	 	 		 	 			4		1
 		 	 	 		 	 			6		1
 		 	 	 		 	 			7		1
 		 	 	 		 	 			8		1
 		 	 	 		 	 			9		1

Time: 18.165265 sec
Send to Nid: 10
Packet_Type		Length	Src_Nid	src_port	Option	Center_nid	Neighbor_nid	Data_plane_port
NeighborUpdate		544	3	1		Finish	 		 		 

Time: 18.166365 sec
Send to Nid: 10
Packet_Type		Length	Src_Nid	src_port	Option	Center_nid	Neighbor_nid	Data_plane_port
NeighborUpdate		544	3	1		New	3		1		1
 		 	 	 		 	 			5		1
 		 	 	 		 	 			2		1
 		 	 	 		 	 			4		1
 		 	 	 		 	 			6		1
 		 	 	 		 	 			7		1
 		 	 	 		 	 			8		1
 		 	 	 		 	 			9		1

Time: 18.166465 sec
Send to Nid: 10
Packet_Type		Length	Src_Nid	src_port	Option	Center_nid	Neighbor_nid	Data_plane_port
NeighborUpdate		544	3	1		Finish	 		 		 

Time: 18.166565 sec
Send to Nid: 10
Packet_Type		Length	Src_Nid	src_port	Option	Center_nid	Neighbor_nid	Data_plane_port
NeighborUpdate		544	3	1		New	3		1		1
 		 	 	 		 	 			5		1
 		 	 	 		 	 			2		1
 		 	 	 		 	 			4		1
 		 	 	 		 	 			6		1
 		 	 	 		 	 			7		1
 		 	 	 		 	 			8		1
 		 	 	 		 	 			9		1

Time: 18.166665 sec
Send to Nid: 10
Packet_Type		Length	Src_Nid	src_port	Option	Center_nid	Neighbor_nid	Data_plane_port
NeighborUpdate		544	3	1		Finish	 		 		 

Time: 18.166765 sec
Send to Nid: 10
Packet_Type		Length	Src_Nid	src_port	Option	Center_nid	Neighbor_nid	Data_plane_port
NeighborUpdate		544	3	1		New	3		1		1
 		 	 	 		 	 			5		1
 		 	 	 		 	 			2		1
 		 	 	 		 	 			4		1
 		 	 	 		 	 			6		1
 		 	 	 		 	 			7		1
 		 	 	 		 	 			8		1
 		 	 	 		 	 			9		1

Time: 18.176300 sec
Broadcast
Packet_Type	Length	Src_nid	Src_port
Hello		80	3	1

Time: 18.382016 sec
Send to Nid: 10
Packet_Type		Length	Src_Nid	src_port	Option	Center_nid	Neighbor_nid	Data_plane_port
NeighborUpdate		544	3	1		Finish	 		 		 

Time: 18.382116 sec
Send to Nid: 10
Packet_Type		Length	Src_Nid	src_port	Option	Center_nid	Neighbor_nid	Data_plane_port
NeighborUpdate		544	3	1		New	3		1		1
 		 	 	 		 	 			5		1
 		 	 	 		 	 			2		1
 		 	 	 		 	 			4		1
 		 	 	 		 	 			6		1
 		 	 	 		 	 			7		1
 		 	 	 		 	 			8		1
 		 	 	 		 	 			9		1

Time: 18.382216 sec
Send to Nid: 10
Packet_Type		Length	Src_Nid	src_port	Option	Center_nid	Neighbor_nid	Data_plane_port
NeighborUpdate		544	3	1		New	3		1		1
 		 	 	 		 	 			5		1
 		 	 	 		 	 			2		1
 		 	 	 		 	 			4		1
 		 	 	 		 	 			6		1
 		 	 	 		 	 			7		1
 		 	 	 		 	 			8		1
 		 	 	 		 	 			9		1

Time: 18.382316 sec
Send to Nid: 10
Packet_Type		Length	Src_Nid	src_port	Option	Center_nid	Neighbor_nid	Data_plane_port
NeighborUpdate		544	3	1		Finish	 		 		 

Time: 18.382416 sec
Send to Nid: 10
Packet_Type		Length	Src_Nid	src_port	Option	Center_nid	Neighbor_nid	Data_plane_port
NeighborUpdate		544	3	1		New	3		1		1
 		 	 	 		 	 			5		1
 		 	 	 		 	 			2		1
 		 	 	 		 	 			4		1
 		 	 	 		 	 			6		1
 		 	 	 		 	 			7		1
 		 	 	 		 	 			8		1
 		 	 	 		 	 			9		1

Time: 18.382516 sec
Send to Nid: 10
Packet_Type		Length	Src_Nid	src_port	Option	Center_nid	Neighbor_nid	Data_plane_port
NeighborUpdate		544	3	1		Finish	 		 		 

Time: 18.382616 sec
Send to Nid: 10
Packet_Type	Length	Src_nid	Src_port
Hello		80	3	1

Time: 18.382716 sec
Send to Nid: 10
Packet_Type		Length	Src_Nid	src_port	Option	Center_nid	Neighbor_nid	Data_plane_port
NeighborUpdate		544	3	1		New	3		1		1
 		 	 	 		 	 			5		1
 		 	 	 		 	 			2		1
 		 	 	 		 	 			4		1
 		 	 	 		 	 			6		1
 		 	 	 		 	 			7		1
 		 	 	 		 	 			8		1
 		 	 	 		 	 			9		1

Time: 18.382816 sec
Send to Nid: 10
Packet_Type		Length	Src_Nid	src_port	Option	Center_nid	Neighbor_nid	Data_plane_port
NeighborUpdate		544	3	1		Finish	 		 		 

Time: 18.382916 sec
Send to Nid: 10
Packet_Type		Length	Src_Nid	src_port	Option	Center_nid	Neighbor_nid	Data_plane_port
NeighborUpdate		544	3	1		New	3		1		1
 		 	 	 		 	 			5		1
 		 	 	 		 	 			2		1
 		 	 	 		 	 			4		1
 		 	 	 		 	 			6		1
 		 	 	 		 	 			7		1
 		 	 	 		 	 			8		1
 		 	 	 		 	 			9		1

Time: 18.384016 sec
Send to Nid: 10
Packet_Type		Length	Src_Nid	src_port	Option	Center_nid	Neighbor_nid	Data_plane_port
NeighborUpdate		544	3	1		Finish	 		 		 

Time: 18.384116 sec
Send to Nid: 10
Packet_Type		Length	Src_Nid	src_port	Option	Center_nid	Neighbor_nid	Data_plane_port
NeighborUpdate		544	3	1		New	3		1		1
 		 	 	 		 	 			5		1
 		 	 	 		 	 			2		1
 		 	 	 		 	 			4		1
 		 	 	 		 	 			6		1
 		 	 	 		 	 			7		1
 		 	 	 		 	 			8		1
 		 	 	 		 	 			9		1

Time: 18.384216 sec
Send to Nid: 10
Packet_Type		Length	Src_Nid	src_port	Option	Center_nid	Neighbor_nid	Data_plane_port
NeighborUpdate		544	3	1		Finish	 		 		 

Time: 18.400316 sec
Send to Nid: 10
Packet_Type		Length	Src_Nid	src_port	Option	Center_nid	Neighbor_nid	Data_plane_port
NeighborUpdate		544	3	1		New	3		1		1
 		 	 	 		 	 			5		1
 		 	 	 		 	 			2		1
 		 	 	 		 	 			4		1
 		 	 	 		 	 			6		1
 		 	 	 		 	 			7		1
 		 	 	 		 	 			8		1
 		 	 	 		 	 			9		1

Time: 18.400416 sec
Send to Nid: 10
Packet_Type		Length	Src_Nid	src_port	Option	Center_nid	Neighbor_nid	Data_plane_port
NeighborUpdate		544	3	1		Finish	 		 		 

Time: 18.518013 sec
Send to Nid: 10
Packet_Type		Length	Src_Nid	src_port	Option	Center_nid	Neighbor_nid	Data_plane_port
NeighborUpdate		544	3	1		New	3		1		1
 		 	 	 		 	 			5		1
 		 	 	 		 	 			2		1
 		 	 	 		 	 			4		1
 		 	 	 		 	 			6		1
 		 	 	 		 	 			7		1
 		 	 	 		 	 			8		1
 		 	 	 		 	 			9		1

Time: 18.518113 sec
Send to Nid: 10
Packet_Type		Length	Src_Nid	src_port	Option	Center_nid	Neighbor_nid	Data_plane_port
NeighborUpdate		544	3	1		Finish	 		 		 

Time: 18.518213 sec
Send to Nid: 10
Packet_Type	Length	Src_nid	Src_port
Hello		80	3	1

Time: 18.605106 sec
Send to Nid: 10
Packet_Type	Length	Src_nid	Src_port
Hello		80	3	1

Time: 19.883422 sec
Send to Nid: 10
Packet_Type	Length	Src_nid	Src_port
Hello		80	3	1

Time: 20.070722 sec
Send to Nid: 10
Packet_Type		Length	Src_Nid	src_port	Option	Center_nid	Neighbor_nid	Data_plane_port
NeighborUpdate		544	3	1		New	3		1		1
 		 	 	 		 	 			5		1
 		 	 	 		 	 			2		1
 		 	 	 		 	 			4		1
 		 	 	 		 	 			6		1
 		 	 	 		 	 			7		1
 		 	 	 		 	 			8		1
 		 	 	 		 	 			9		1

Time: 20.070822 sec
Send to Nid: 10
Packet_Type		Length	Src_Nid	src_port	Option	Center_nid	Neighbor_nid	Data_plane_port
NeighborUpdate		544	3	1		Finish	 		 		 

Time: 20.170922 sec
Send to Nid: 10
Packet_Type		Length	Src_Nid	src_port	Option	Center_nid	Neighbor_nid	Data_plane_port
NeighborUpdate		544	3	1		New	3		1		1
 		 	 	 		 	 			5		1
 		 	 	 		 	 			2		1
 		 	 	 		 	 			4		1
 		 	 	 		 	 			6		1
 		 	 	 		 	 			7		1
 		 	 	 		 	 			8		1
 		 	 	 		 	 			9		1

Time: 20.171022 sec
Send to Nid: 10
Packet_Type		Length	Src_Nid	src_port	Option	Center_nid	Neighbor_nid	Data_plane_port
NeighborUpdate		544	3	1		Finish	 		 		 

Time: 20.180122 sec
Send to Nid: 10
Packet_Type		Length	Src_Nid	src_port	Option	Center_nid	Neighbor_nid	Data_plane_port
NeighborUpdate		544	3	1		New	3		1		1
 		 	 	 		 	 			5		1
 		 	 	 		 	 			2		1
 		 	 	 		 	 			4		1
 		 	 	 		 	 			6		1
 		 	 	 		 	 			7		1
 		 	 	 		 	 			8		1
 		 	 	 		 	 			9		1

Time: 20.180222 sec
Send to Nid: 10
Packet_Type		Length	Src_Nid	src_port	Option	Center_nid	Neighbor_nid	Data_plane_port
NeighborUpdate		544	3	1		Finish	 		 		 

Time: 20.194100 sec
Broadcast
Packet_Type	Length	Src_nid	Src_port
Hello		80	3	1

Time: 20.213511 sec
Send to Nid: 10
Packet_Type	Length	Src_nid	Src_port
Hello		80	3	1

Time: 20.240811 sec
Send to Nid: 10
Packet_Type		Length	Src_Nid	src_port	Option	Center_nid	Neighbor_nid	Data_plane_port
NeighborUpdate		544	3	1		New	3		1		1
 		 	 	 		 	 			5		1
 		 	 	 		 	 			2		1
 		 	 	 		 	 			4		1
 		 	 	 		 	 			6		1
 		 	 	 		 	 			7		1
 		 	 	 		 	 			8		1
 		 	 	 		 	 			9		1

Time: 20.240911 sec
Send to Nid: 10
Packet_Type		Length	Src_Nid	src_port	Option	Center_nid	Neighbor_nid	Data_plane_port
NeighborUpdate		544	3	1		Finish	 		 		 

Time: 20.391011 sec
Send to Nid: 10
Packet_Type		Length	Src_Nid	src_port	Option	Center_nid	Neighbor_nid	Data_plane_port
NeighborUpdate		544	3	1		New	3		1		1
 		 	 	 		 	 			5		1
 		 	 	 		 	 			2		1
 		 	 	 		 	 			4		1
 		 	 	 		 	 			6		1
 		 	 	 		 	 			7		1
 		 	 	 		 	 			8		1
 		 	 	 		 	 			9		1

Time: 20.391111 sec
Send to Nid: 10
Packet_Type		Length	Src_Nid	src_port	Option	Center_nid	Neighbor_nid	Data_plane_port
NeighborUpdate		544	3	1		Finish	 		 		 

Time: 20.400211 sec
Send to Nid: 10
Packet_Type		Length	Src_Nid	src_port	Option	Center_nid	Neighbor_nid	Data_plane_port
NeighborUpdate		544	3	1		New	3		1		1
 		 	 	 		 	 			5		1
 		 	 	 		 	 			2		1
 		 	 	 		 	 			4		1
 		 	 	 		 	 			6		1
 		 	 	 		 	 			7		1
 		 	 	 		 	 			8		1
 		 	 	 		 	 			9		1

Time: 20.400311 sec
Send to Nid: 10
Packet_Type		Length	Src_Nid	src_port	Option	Center_nid	Neighbor_nid	Data_plane_port
NeighborUpdate		544	3	1		Finish	 		 		 

Time: 20.430411 sec
Send to Nid: 10
Packet_Type		Length	Src_Nid	src_port	Option	Center_nid	Neighbor_nid	Data_plane_port
NeighborUpdate		544	3	1		New	3		1		1
 		 	 	 		 	 			5		1
 		 	 	 		 	 			2		1
 		 	 	 		 	 			4		1
 		 	 	 		 	 			6		1
 		 	 	 		 	 			7		1
 		 	 	 		 	 			8		1
 		 	 	 		 	 			9		1

Time: 20.430511 sec
Send to Nid: 10
Packet_Type		Length	Src_Nid	src_port	Option	Center_nid	Neighbor_nid	Data_plane_port
NeighborUpdate		544	3	1		Finish	 		 		 

Time: 20.470611 sec
Send to Nid: 10
Packet_Type		Length	Src_Nid	src_port	Option	Center_nid	Neighbor_nid	Data_plane_port
NeighborUpdate		544	3	1		New	3		1		1
 		 	 	 		 	 			5		1
 		 	 	 		 	 			2		1
 		 	 	 		 	 			4		1
 		 	 	 		 	 			6		1
 		 	 	 		 	 			7		1
 		 	 	 		 	 			8		1
 		 	 	 		 	 			9		1

Time: 20.470711 sec
Send to Nid: 10
Packet_Type		Length	Src_Nid	src_port	Option	Center_nid	Neighbor_nid	Data_plane_port
NeighborUpdate		544	3	1		Finish	 		 		 

Time: 22.080811 sec
Send to Nid: 10
Packet_Type		Length	Src_Nid	src_port	Option	Center_nid	Neighbor_nid	Data_plane_port
NeighborUpdate		544	3	1		New	3		1		1
 		 	 	 		 	 			5		1
 		 	 	 		 	 			2		1
 		 	 	 		 	 			4		1
 		 	 	 		 	 			6		1
 		 	 	 		 	 			7		1
 		 	 	 		 	 			8		1
 		 	 	 		 	 			9		1

Time: 22.080911 sec
Send to Nid: 10
Packet_Type		Length	Src_Nid	src_port	Option	Center_nid	Neighbor_nid	Data_plane_port
NeighborUpdate		544	3	1		Finish	 		 		 

Time: 22.171011 sec
Send to Nid: 10
Packet_Type		Length	Src_Nid	src_port	Option	Center_nid	Neighbor_nid	Data_plane_port
NeighborUpdate		544	3	1		New	3		1		1
 		 	 	 		 	 			5		1
 		 	 	 		 	 			2		1
 		 	 	 		 	 			4		1
 		 	 	 		 	 			6		1
 		 	 	 		 	 			7		1
 		 	 	 		 	 			8		1
 		 	 	 		 	 			9		1

Time: 22.171111 sec
Send to Nid: 10
Packet_Type		Length	Src_Nid	src_port	Option	Center_nid	Neighbor_nid	Data_plane_port
NeighborUpdate		544	3	1		Finish	 		 		 

Time: 22.217800 sec
Broadcast
Packet_Type	Length	Src_nid	Src_port
Hello		80	3	1

Time: 22.220211 sec
Send to Nid: 10
Packet_Type		Length	Src_Nid	src_port	Option	Center_nid	Neighbor_nid	Data_plane_port
NeighborUpdate		544	3	1		New	3		1		1
 		 	 	 		 	 			5		1
 		 	 	 		 	 			2		1
 		 	 	 		 	 			4		1
 		 	 	 		 	 			6		1
 		 	 	 		 	 			7		1
 		 	 	 		 	 			8		1
 		 	 	 		 	 			9		1

Time: 22.220311 sec
Send to Nid: 10
Packet_Type		Length	Src_Nid	src_port	Option	Center_nid	Neighbor_nid	Data_plane_port
NeighborUpdate		544	3	1		Finish	 		 		 

Time: 22.270411 sec
Send to Nid: 10
Packet_Type		Length	Src_Nid	src_port	Option	Center_nid	Neighbor_nid	Data_plane_port
NeighborUpdate		544	3	1		New	3		1		1
 		 	 	 		 	 			5		1
 		 	 	 		 	 			2		1
 		 	 	 		 	 			4		1
 		 	 	 		 	 			6		1
 		 	 	 		 	 			7		1
 		 	 	 		 	 			8		1
 		 	 	 		 	 			9		1

Time: 22.270511 sec
Send to Nid: 10
Packet_Type		Length	Src_Nid	src_port	Option	Center_nid	Neighbor_nid	Data_plane_port
NeighborUpdate		544	3	1		Finish	 		 		 

Time: 22.400611 sec
Send to Nid: 10
Packet_Type		Length	Src_Nid	src_port	Option	Center_nid	Neighbor_nid	Data_plane_port
NeighborUpdate		544	3	1		New	3		1		1
 		 	 	 		 	 			5		1
 		 	 	 		 	 			2		1
 		 	 	 		 	 			4		1
 		 	 	 		 	 			6		1
 		 	 	 		 	 			7		1
 		 	 	 		 	 			8		1
 		 	 	 		 	 			9		1

Time: 22.400711 sec
Send to Nid: 10
Packet_Type		Length	Src_Nid	src_port	Option	Center_nid	Neighbor_nid	Data_plane_port
NeighborUpdate		544	3	1		Finish	 		 		 

Time: 22.490811 sec
Send to Nid: 10
Packet_Type		Length	Src_Nid	src_port	Option	Center_nid	Neighbor_nid	Data_plane_port
NeighborUpdate		544	3	1		New	3		1		1
 		 	 	 		 	 			5		1
 		 	 	 		 	 			2		1
 		 	 	 		 	 			4		1
 		 	 	 		 	 			6		1
 		 	 	 		 	 			7		1
 		 	 	 		 	 			8		1
 		 	 	 		 	 			9		1

Time: 22.490911 sec
Send to Nid: 10
Packet_Type		Length	Src_Nid	src_port	Option	Center_nid	Neighbor_nid	Data_plane_port
NeighborUpdate		544	3	1		Finish	 		 		 

Time: 22.764535 sec
Send to Nid: 10
Packet_Type		Length	Src_Nid	src_port	Option	Center_nid	Neighbor_nid	Data_plane_port
NeighborUpdate		544	3	1		New	3		1		1
 		 	 	 		 	 			5		1
 		 	 	 		 	 			2		1
 		 	 	 		 	 			4		1
 		 	 	 		 	 			6		1
 		 	 	 		 	 			7		1
 		 	 	 		 	 			8		1
 		 	 	 		 	 			9		1

Time: 22.764635 sec
Send to Nid: 10
Packet_Type		Length	Src_Nid	src_port	Option	Center_nid	Neighbor_nid	Data_plane_port
NeighborUpdate		544	3	1		Finish	 		 		 

Time: 22.764735 sec
Send to Nid: 10
Packet_Type	Length	Src_nid	Src_port
Hello		80	3	1

Time: 24.091035 sec
Send to Nid: 10
Packet_Type		Length	Src_Nid	src_port	Option	Center_nid	Neighbor_nid	Data_plane_port
NeighborUpdate		544	3	1		New	3		1		1
 		 	 	 		 	 			5		1
 		 	 	 		 	 			2		1
 		 	 	 		 	 			4		1
 		 	 	 		 	 			6		1
 		 	 	 		 	 			7		1
 		 	 	 		 	 			8		1
 		 	 	 		 	 			9		1

Time: 24.091135 sec
Send to Nid: 10
Packet_Type		Length	Src_Nid	src_port	Option	Center_nid	Neighbor_nid	Data_plane_port
NeighborUpdate		544	3	1		Finish	 		 		 

Time: 24.180235 sec
Send to Nid: 10
Packet_Type		Length	Src_Nid	src_port	Option	Center_nid	Neighbor_nid	Data_plane_port
NeighborUpdate		544	3	1		New	3		1		1
 		 	 	 		 	 			5		1
 		 	 	 		 	 			2		1
 		 	 	 		 	 			4		1
 		 	 	 		 	 			6		1
 		 	 	 		 	 			7		1
 		 	 	 		 	 			8		1
 		 	 	 		 	 			9		1

Time: 24.180335 sec
Send to Nid: 10
Packet_Type		Length	Src_Nid	src_port	Option	Center_nid	Neighbor_nid	Data_plane_port
NeighborUpdate		544	3	1		Finish	 		 		 

Time: 24.247500 sec
Broadcast
Packet_Type	Length	Src_nid	Src_port
Hello		80	3	1

Time: 24.270435 sec
Send to Nid: 10
Packet_Type		Length	Src_Nid	src_port	Option	Center_nid	Neighbor_nid	Data_plane_port
NeighborUpdate		544	3	1		New	3		1		1
 		 	 	 		 	 			5		1
 		 	 	 		 	 			2		1
 		 	 	 		 	 			4		1
 		 	 	 		 	 			6		1
 		 	 	 		 	 			7		1
 		 	 	 		 	 			8		1
 		 	 	 		 	 			9		1

Time: 24.270535 sec
Send to Nid: 10
Packet_Type		Length	Src_Nid	src_port	Option	Center_nid	Neighbor_nid	Data_plane_port
NeighborUpdate		544	3	1		Finish	 		 		 

Time: 24.290635 sec
Send to Nid: 10
Packet_Type		Length	Src_Nid	src_port	Option	Center_nid	Neighbor_nid	Data_plane_port
NeighborUpdate		544	3	1		New	3		1		1
 		 	 	 		 	 			5		1
 		 	 	 		 	 			2		1
 		 	 	 		 	 			4		1
 		 	 	 		 	 			6		1
 		 	 	 		 	 			7		1
 		 	 	 		 	 			8		1
 		 	 	 		 	 			9		1

Time: 24.290735 sec
Send to Nid: 10
Packet_Type		Length	Src_Nid	src_port	Option	Center_nid	Neighbor_nid	Data_plane_port
NeighborUpdate		544	3	1		Finish	 		 		 

Time: 24.410835 sec
Send to Nid: 10
Packet_Type		Length	Src_Nid	src_port	Option	Center_nid	Neighbor_nid	Data_plane_port
NeighborUpdate		544	3	1		New	3		1		1
 		 	 	 		 	 			5		1
 		 	 	 		 	 			2		1
 		 	 	 		 	 			4		1
 		 	 	 		 	 			6		1
 		 	 	 		 	 			7		1
 		 	 	 		 	 			8		1
 		 	 	 		 	 			9		1

Time: 24.410935 sec
Send to Nid: 10
Packet_Type		Length	Src_Nid	src_port	Option	Center_nid	Neighbor_nid	Data_plane_port
NeighborUpdate		544	3	1		Finish	 		 		 

Time: 24.491035 sec
Send to Nid: 10
Packet_Type		Length	Src_Nid	src_port	Option	Center_nid	Neighbor_nid	Data_plane_port
NeighborUpdate		544	3	1		New	3		1		1
 		 	 	 		 	 			5		1
 		 	 	 		 	 			2		1
 		 	 	 		 	 			4		1
 		 	 	 		 	 			6		1
 		 	 	 		 	 			7		1
 		 	 	 		 	 			8		1
 		 	 	 		 	 			9		1

Time: 24.491135 sec
Send to Nid: 10
Packet_Type		Length	Src_Nid	src_port	Option	Center_nid	Neighbor_nid	Data_plane_port
NeighborUpdate		544	3	1		Finish	 		 		 

Time: 24.550235 sec
Send to Nid: 10
Packet_Type		Length	Src_Nid	src_port	Option	Center_nid	Neighbor_nid	Data_plane_port
NeighborUpdate		544	3	1		New	3		1		1
 		 	 	 		 	 			5		1
 		 	 	 		 	 			2		1
 		 	 	 		 	 			4		1
 		 	 	 		 	 			6		1
 		 	 	 		 	 			7		1
 		 	 	 		 	 			8		1
 		 	 	 		 	 			9		1

Time: 24.550335 sec
Send to Nid: 10
Packet_Type		Length	Src_Nid	src_port	Option	Center_nid	Neighbor_nid	Data_plane_port
NeighborUpdate		544	3	1		Finish	 		 		 

Time: 25.400435 sec
Send to Nid: 10
Packet_Type		Length	Src_Nid	src_port	Option	Center_nid	Neighbor_nid	Data_plane_port
NeighborUpdate		544	3	1		New	3		1		1
 		 	 	 		 	 			5		1
 		 	 	 		 	 			2		1
 		 	 	 		 	 			4		1
 		 	 	 		 	 			6		1
 		 	 	 		 	 			7		1
 		 	 	 		 	 			8		1

Time: 25.400535 sec
Send to Nid: 10
Packet_Type		Length	Src_Nid	src_port	Option	Center_nid	Neighbor_nid	Data_plane_port
NeighborUpdate		544	3	1		Finish	 		 		 

Time: 25.647466 sec
Send to Nid: 10
Packet_Type	Length	Src_nid	Src_port
Hello		80	3	1

Time: 26.090766 sec
Send to Nid: 10
Packet_Type		Length	Src_Nid	src_port	Option	Center_nid	Neighbor_nid	Data_plane_port
NeighborUpdate		544	3	1		New	3		1		1
 		 	 	 		 	 			5		1
 		 	 	 		 	 			2		1
 		 	 	 		 	 			4		1
 		 	 	 		 	 			6		1
 		 	 	 		 	 			7		1
 		 	 	 		 	 			8		1

Time: 26.090866 sec
Send to Nid: 10
Packet_Type		Length	Src_Nid	src_port	Option	Center_nid	Neighbor_nid	Data_plane_port
NeighborUpdate		544	3	1		Finish	 		 		 

Time: 26.200966 sec
Send to Nid: 10
Packet_Type		Length	Src_Nid	src_port	Option	Center_nid	Neighbor_nid	Data_plane_port
NeighborUpdate		544	3	1		New	3		1		1
 		 	 	 		 	 			5		1
 		 	 	 		 	 			2		1
 		 	 	 		 	 			4		1
 		 	 	 		 	 			6		1
 		 	 	 		 	 			7		1
 		 	 	 		 	 			8		1

Time: 26.201066 sec
Send to Nid: 10
Packet_Type		Length	Src_Nid	src_port	Option	Center_nid	Neighbor_nid	Data_plane_port
NeighborUpdate		544	3	1		Finish	 		 		 

Time: 26.272200 sec
Broadcast
Packet_Type	Length	Src_nid	Src_port
Hello		80	3	1

Time: 26.320166 sec
Send to Nid: 10
Packet_Type		Length	Src_Nid	src_port	Option	Center_nid	Neighbor_nid	Data_plane_port
NeighborUpdate		544	3	1		New	3		1		1
 		 	 	 		 	 			5		1
 		 	 	 		 	 			2		1
 		 	 	 		 	 			4		1
 		 	 	 		 	 			6		1
 		 	 	 		 	 			7		1
 		 	 	 		 	 			8		1

Time: 26.320266 sec
Send to Nid: 10
Packet_Type		Length	Src_Nid	src_port	Option	Center_nid	Neighbor_nid	Data_plane_port
NeighborUpdate		544	3	1		Finish	 		 		 

Time: 26.320366 sec
Send to Nid: 10
Packet_Type		Length	Src_Nid	src_port	Option	Center_nid	Neighbor_nid	Data_plane_port
NeighborUpdate		544	3	1		New	3		1		1
 		 	 	 		 	 			5		1
 		 	 	 		 	 			2		1
 		 	 	 		 	 			4		1
 		 	 	 		 	 			6		1
 		 	 	 		 	 			7		1
 		 	 	 		 	 			8		1

Time: 26.320466 sec
Send to Nid: 10
Packet_Type		Length	Src_Nid	src_port	Option	Center_nid	Neighbor_nid	Data_plane_port
NeighborUpdate		544	3	1		Finish	 		 		 

Time: 26.550566 sec
Send to Nid: 10
Packet_Type		Length	Src_Nid	src_port	Option	Center_nid	Neighbor_nid	Data_plane_port
NeighborUpdate		544	3	1		New	3		1		1
 		 	 	 		 	 			5		1
 		 	 	 		 	 			2		1
 		 	 	 		 	 			4		1
 		 	 	 		 	 			6		1
 		 	 	 		 	 			7		1
 		 	 	 		 	 			8		1

Time: 26.550666 sec
Send to Nid: 10
Packet_Type		Length	Src_Nid	src_port	Option	Center_nid	Neighbor_nid	Data_plane_port
NeighborUpdate		544	3	1		Finish	 		 		 

Time: 26.620766 sec
Send to Nid: 10
Packet_Type		Length	Src_Nid	src_port	Option	Center_nid	Neighbor_nid	Data_plane_port
NeighborUpdate		544	3	1		New	3		1		1
 		 	 	 		 	 			5		1
 		 	 	 		 	 			2		1
 		 	 	 		 	 			4		1
 		 	 	 		 	 			6		1
 		 	 	 		 	 			7		1
 		 	 	 		 	 			8		1

Time: 26.620866 sec
Send to Nid: 10
Packet_Type		Length	Src_Nid	src_port	Option	Center_nid	Neighbor_nid	Data_plane_port
NeighborUpdate		544	3	1		Finish	 		 		 

Time: 28.100966 sec
Send to Nid: 10
Packet_Type		Length	Src_Nid	src_port	Option	Center_nid	Neighbor_nid	Data_plane_port
NeighborUpdate		544	3	1		New	3		1		1
 		 	 	 		 	 			5		1
 		 	 	 		 	 			2		1
 		 	 	 		 	 			4		1
 		 	 	 		 	 			6		1
 		 	 	 		 	 			7		1
 		 	 	 		 	 			8		1

Time: 28.101066 sec
Send to Nid: 10
Packet_Type		Length	Src_Nid	src_port	Option	Center_nid	Neighbor_nid	Data_plane_port
NeighborUpdate		544	3	1		Finish	 		 		 

Time: 28.220166 sec
Send to Nid: 10
Packet_Type		Length	Src_Nid	src_port	Option	Center_nid	Neighbor_nid	Data_plane_port
NeighborUpdate		544	3	1		New	3		1		1
 		 	 	 		 	 			5		1
 		 	 	 		 	 			2		1
 		 	 	 		 	 			4		1
 		 	 	 		 	 			6		1
 		 	 	 		 	 			7		1
 		 	 	 		 	 			8		1

Time: 28.220266 sec
Send to Nid: 10
Packet_Type		Length	Src_Nid	src_port	Option	Center_nid	Neighbor_nid	Data_plane_port
NeighborUpdate		544	3	1		Finish	 		 		 

Time: 28.293800 sec
Broadcast
Packet_Type	Length	Src_nid	Src_port
Hello		80	3	1

Time: 28.360366 sec
Send to Nid: 10
Packet_Type		Length	Src_Nid	src_port	Option	Center_nid	Neighbor_nid	Data_plane_port
NeighborUpdate		544	3	1		New	3		1		1
 		 	 	 		 	 			5		1
 		 	 	 		 	 			2		1
 		 	 	 		 	 			4		1
 		 	 	 		 	 			6		1
 		 	 	 		 	 			7		1
 		 	 	 		 	 			8		1

Time: 28.360466 sec
Send to Nid: 10
Packet_Type		Length	Src_Nid	src_port	Option	Center_nid	Neighbor_nid	Data_plane_port
NeighborUpdate		544	3	1		Finish	 		 		 

Time: 28.360566 sec
Send to Nid: 10
Packet_Type		Length	Src_Nid	src_port	Option	Center_nid	Neighbor_nid	Data_plane_port
NeighborUpdate		544	3	1		New	3		1		1
 		 	 	 		 	 			5		1
 		 	 	 		 	 			2		1
 		 	 	 		 	 			4		1
 		 	 	 		 	 			6		1
 		 	 	 		 	 			7		1
 		 	 	 		 	 			8		1

Time: 28.360666 sec
Send to Nid: 10
Packet_Type		Length	Src_Nid	src_port	Option	Center_nid	Neighbor_nid	Data_plane_port
NeighborUpdate		544	3	1		Finish	 		 		 

Time: 28.610766 sec
Send to Nid: 10
Packet_Type		Length	Src_Nid	src_port	Option	Center_nid	Neighbor_nid	Data_plane_port
NeighborUpdate		544	3	1		New	3		1		1
 		 	 	 		 	 			5		1
 		 	 	 		 	 			2		1
 		 	 	 		 	 			4		1
 		 	 	 		 	 			6		1
 		 	 	 		 	 			7		1
 		 	 	 		 	 			8		1

Time: 28.610866 sec
Send to Nid: 10
Packet_Type		Length	Src_Nid	src_port	Option	Center_nid	Neighbor_nid	Data_plane_port
NeighborUpdate		544	3	1		Finish	 		 		 

Time: 28.630966 sec
Send to Nid: 10
Packet_Type		Length	Src_Nid	src_port	Option	Center_nid	Neighbor_nid	Data_plane_port
NeighborUpdate		544	3	1		New	3		1		1
 		 	 	 		 	 			5		1
 		 	 	 		 	 			2		1
 		 	 	 		 	 			4		1
 		 	 	 		 	 			6		1
 		 	 	 		 	 			7		1
 		 	 	 		 	 			8		1
 		 	 	 		 	 			9		1

Time: 28.631066 sec
Send to Nid: 10
Packet_Type		Length	Src_Nid	src_port	Option	Center_nid	Neighbor_nid	Data_plane_port
NeighborUpdate		544	3	1		Finish	 		 		 

Time: 28.660366 sec
Send to Nid: 10
Packet_Type		Length	Src_Nid	src_port	Option	Center_nid	Neighbor_nid	Data_plane_port
NeighborUpdate		544	3	1		New	3		1		1
 		 	 	 		 	 			5		1
 		 	 	 		 	 			2		1
 		 	 	 		 	 			4		1
 		 	 	 		 	 			6		1
 		 	 	 		 	 			7		1
 		 	 	 		 	 			8		1
 		 	 	 		 	 			9		1

Time: 28.660466 sec
Send to Nid: 10
Packet_Type		Length	Src_Nid	src_port	Option	Center_nid	Neighbor_nid	Data_plane_port
NeighborUpdate		544	3	1		Finish	 		 		 

Time: 29.410766 sec
Send to Nid: 10
Packet_Type		Length	Src_Nid	src_port	Option	Center_nid	Neighbor_nid	Data_plane_port
NeighborUpdate		544	3	1		New	3		1		1
 		 	 	 		 	 			5		1
 		 	 	 		 	 			2		1
 		 	 	 		 	 			4		1
 		 	 	 		 	 			7		1
 		 	 	 		 	 			8		1
 		 	 	 		 	 			9		1

Time: 29.410866 sec
Send to Nid: 10
Packet_Type		Length	Src_Nid	src_port	Option	Center_nid	Neighbor_nid	Data_plane_port
NeighborUpdate		544	3	1		Finish	 		 		 

Time: 30.043585 sec
Send to Nid: 10
Packet_Type	Length	Src_nid	Src_port
Hello		80	3	1

Time: 30.100685 sec
Send to Nid: 10
Packet_Type		Length	Src_Nid	src_port	Option	Center_nid	Neighbor_nid	Data_plane_port
NeighborUpdate		544	3	1		New	3		1		1
 		 	 	 		 	 			5		1
 		 	 	 		 	 			2		1
 		 	 	 		 	 			4		1
 		 	 	 		 	 			7		1
 		 	 	 		 	 			8		1
 		 	 	 		 	 			9		1

Time: 30.100785 sec
Send to Nid: 10
Packet_Type		Length	Src_Nid	src_port	Option	Center_nid	Neighbor_nid	Data_plane_port
NeighborUpdate		544	3	1		Finish	 		 		 

Time: 30.318400 sec
Broadcast
Packet_Type	Length	Src_nid	Src_port
Hello		80	3	1

Time: 30.381085 sec
Send to Nid: 10
Packet_Type		Length	Src_Nid	src_port	Option	Center_nid	Neighbor_nid	Data_plane_port
NeighborUpdate		544	3	1		New	3		1		1
 		 	 	 		 	 			5		1
 		 	 	 		 	 			2		1
 		 	 	 		 	 			4		1
 		 	 	 		 	 			7		1
 		 	 	 		 	 			8		1
 		 	 	 		 	 			9		1

Time: 30.381185 sec
Send to Nid: 10
Packet_Type		Length	Src_Nid	src_port	Option	Center_nid	Neighbor_nid	Data_plane_port
NeighborUpdate		544	3	1		Finish	 		 		 

Time: 30.390285 sec
Send to Nid: 10
Packet_Type		Length	Src_Nid	src_port	Option	Center_nid	Neighbor_nid	Data_plane_port
NeighborUpdate		544	3	1		New	3		1		1
 		 	 	 		 	 			5		1
 		 	 	 		 	 			2		1
 		 	 	 		 	 			4		1
 		 	 	 		 	 			7		1
 		 	 	 		 	 			8		1
 		 	 	 		 	 			9		1

Time: 30.390385 sec
Send to Nid: 10
Packet_Type		Length	Src_Nid	src_port	Option	Center_nid	Neighbor_nid	Data_plane_port
NeighborUpdate		544	3	1		Finish	 		 		 

Time: 30.610485 sec
Send to Nid: 10
Packet_Type		Length	Src_Nid	src_port	Option	Center_nid	Neighbor_nid	Data_plane_port
NeighborUpdate		544	3	1		New	3		1		1
 		 	 	 		 	 			5		1
 		 	 	 		 	 			2		1
 		 	 	 		 	 			4		1
 		 	 	 		 	 			7		1
 		 	 	 		 	 			8		1
 		 	 	 		 	 			9		1

Time: 30.610585 sec
Send to Nid: 10
Packet_Type		Length	Src_Nid	src_port	Option	Center_nid	Neighbor_nid	Data_plane_port
NeighborUpdate		544	3	1		Finish	 		 		 

Time: 30.913428 sec
Send to Nid: 10
Packet_Type	Length	Src_nid	Src_port
Hello		80	3	1

Time: 30.914528 sec
Send to Nid: 10
Packet_Type		Length	Src_Nid	src_port	Option	Center_nid	Neighbor_nid	Data_plane_port
NeighborUpdate		544	3	1		New	3		1		1
 		 	 	 		 	 			5		1
 		 	 	 		 	 			2		1
 		 	 	 		 	 			4		1
 		 	 	 		 	 			7		1
 		 	 	 		 	 			8		1
 		 	 	 		 	 			9		1

Time: 30.914628 sec
Send to Nid: 10
Packet_Type		Length	Src_Nid	src_port	Option	Center_nid	Neighbor_nid	Data_plane_port
NeighborUpdate		544	3	1		Finish	 		 		 

Time: 30.914728 sec
Send to Nid: 10
Packet_Type		Length	Src_Nid	src_port	Option	Center_nid	Neighbor_nid	Data_plane_port
NeighborUpdate		544	3	1		New	3		1		1
 		 	 	 		 	 			5		1
 		 	 	 		 	 			2		1
 		 	 	 		 	 			4		1
 		 	 	 		 	 			7		1
 		 	 	 		 	 			8		1
 		 	 	 		 	 			9		1

Time: 30.914828 sec
Send to Nid: 10
Packet_Type		Length	Src_Nid	src_port	Option	Center_nid	Neighbor_nid	Data_plane_port
NeighborUpdate		544	3	1		Finish	 		 		 

Time: 31.000219 sec
Send to Nid: 10
Packet_Type	Length	Src_nid	Src_port
Hello		80	3	1

Time: 32.110519 sec
Send to Nid: 10
Packet_Type		Length	Src_Nid	src_port	Option	Center_nid	Neighbor_nid	Data_plane_port
NeighborUpdate		544	3	1		New	3		1		1
 		 	 	 		 	 			5		1
 		 	 	 		 	 			2		1
 		 	 	 		 	 			4		1
 		 	 	 		 	 			7		1
 		 	 	 		 	 			8		1
 		 	 	 		 	 			9		1

Time: 32.110619 sec
Send to Nid: 10
Packet_Type		Length	Src_Nid	src_port	Option	Center_nid	Neighbor_nid	Data_plane_port
NeighborUpdate		544	3	1		Finish	 		 		 

Time: 32.230719 sec
Send to Nid: 10
Packet_Type		Length	Src_Nid	src_port	Option	Center_nid	Neighbor_nid	Data_plane_port
NeighborUpdate		544	3	1		New	3		1		1
 		 	 	 		 	 			5		1
 		 	 	 		 	 			2		1
 		 	 	 		 	 			4		1
 		 	 	 		 	 			7		1
 		 	 	 		 	 			8		1
 		 	 	 		 	 			9		1

Time: 32.230819 sec
Send to Nid: 10
Packet_Type		Length	Src_Nid	src_port	Option	Center_nid	Neighbor_nid	Data_plane_port
NeighborUpdate		544	3	1		Finish	 		 		 

Time: 32.327100 sec
Broadcast
Packet_Type	Length	Src_nid	Src_port
Hello		80	3	1

Time: 32.380919 sec
Send to Nid: 10
Packet_Type		Length	Src_Nid	src_port	Option	Center_nid	Neighbor_nid	Data_plane_port
NeighborUpdate		544	3	1		New	3		1		1
 		 	 	 		 	 			5		1
 		 	 	 		 	 			2		1
 		 	 	 		 	 			4		1
 		 	 	 		 	 			7		1
 		 	 	 		 	 			8		1
 		 	 	 		 	 			9		1

Time: 32.381019 sec
Send to Nid: 10
Packet_Type		Length	Src_Nid	src_port	Option	Center_nid	Neighbor_nid	Data_plane_port
NeighborUpdate		544	3	1		Finish	 		 		 

Time: 32.430119 sec
Send to Nid: 10
Packet_Type		Length	Src_Nid	src_port	Option	Center_nid	Neighbor_nid	Data_plane_port
NeighborUpdate		544	3	1		New	3		1		1
 		 	 	 		 	 			5		1
 		 	 	 		 	 			2		1
 		 	 	 		 	 			4		1
 		 	 	 		 	 			7		1
 		 	 	 		 	 			8		1
 		 	 	 		 	 			9		1

Time: 32.430219 sec
Send to Nid: 10
Packet_Type		Length	Src_Nid	src_port	Option	Center_nid	Neighbor_nid	Data_plane_port
NeighborUpdate		544	3	1		Finish	 		 		 

Time: 32.660319 sec
Send to Nid: 10
Packet_Type		Length	Src_Nid	src_port	Option	Center_nid	Neighbor_nid	Data_plane_port
NeighborUpdate		544	3	1		New	3		1		1
 		 	 	 		 	 			5		1
 		 	 	 		 	 			2		1
 		 	 	 		 	 			4		1
 		 	 	 		 	 			7		1
 		 	 	 		 	 			8		1
 		 	 	 		 	 			9		1

Time: 32.660419 sec
Send to Nid: 10
Packet_Type		Length	Src_Nid	src_port	Option	Center_nid	Neighbor_nid	Data_plane_port
NeighborUpdate		544	3	1		Finish	 		 		 

Time: 32.680519 sec
Send to Nid: 10
Packet_Type		Length	Src_Nid	src_port	Option	Center_nid	Neighbor_nid	Data_plane_port
NeighborUpdate		544	3	1		New	3		1		1
 		 	 	 		 	 			5		1
 		 	 	 		 	 			2		1
 		 	 	 		 	 			4		1
 		 	 	 		 	 			7		1
 		 	 	 		 	 			8		1
 		 	 	 		 	 			9		1

Time: 32.680619 sec
Send to Nid: 10
Packet_Type		Length	Src_Nid	src_port	Option	Center_nid	Neighbor_nid	Data_plane_port
NeighborUpdate		544	3	1		Finish	 		 		 

Time: 32.760719 sec
Send to Nid: 10
Packet_Type		Length	Src_Nid	src_port	Option	Center_nid	Neighbor_nid	Data_plane_port
NeighborUpdate		544	3	1		New	3		1		1
 		 	 	 		 	 			5		1
 		 	 	 		 	 			2		1
 		 	 	 		 	 			4		1
 		 	 	 		 	 			7		1
 		 	 	 		 	 			8		1
 		 	 	 		 	 			9		1

Time: 32.760819 sec
Send to Nid: 10
Packet_Type		Length	Src_Nid	src_port	Option	Center_nid	Neighbor_nid	Data_plane_port
NeighborUpdate		544	3	1		Finish	 		 		 

Time: 34.341800 sec
Broadcast
Packet_Type	Length	Src_nid	Src_port
Hello		80	3	1

Time: 36.364400 sec
Broadcast
Packet_Type	Length	Src_nid	Src_port
Hello		80	3	1

Time: 38.377900 sec
Broadcast
Packet_Type	Length	Src_nid	Src_port
Hello		80	3	1

Time: 39.293885 sec
Send to Nid: 10
Packet_Type		Length	Src_Nid	src_port	Option	Center_nid	Neighbor_nid	Data_plane_port
NeighborUpdate		544	3	1		New	3		1		1
 		 	 	 		 	 			5		1
 		 	 	 		 	 			2		1
 		 	 	 		 	 			4		1
 		 	 	 		 	 			7		1
 		 	 	 		 	 			8		1
 		 	 	 		 	 			9		1

Time: 39.293985 sec
Send to Nid: 10
Packet_Type		Length	Src_Nid	src_port	Option	Center_nid	Neighbor_nid	Data_plane_port
NeighborUpdate		544	3	1		Finish	 		 		 

Time: 39.294085 sec
Send to Nid: 10
Packet_Type	Length	Src_nid	Src_port
Hello		80	3	1

Time: 39.294185 sec
Send to Nid: 10
Packet_Type		Length	Src_Nid	src_port	Option	Center_nid	Neighbor_nid	Data_plane_port
NeighborUpdate		544	3	1		New	3		1		1
 		 	 	 		 	 			5		1
 		 	 	 		 	 			2		1
 		 	 	 		 	 			4		1
 		 	 	 		 	 			7		1
 		 	 	 		 	 			8		1
 		 	 	 		 	 			9		1

Time: 39.294285 sec
Send to Nid: 10
Packet_Type		Length	Src_Nid	src_port	Option	Center_nid	Neighbor_nid	Data_plane_port
NeighborUpdate		544	3	1		Finish	 		 		 

Time: 39.294385 sec
Send to Nid: 10
Packet_Type		Length	Src_Nid	src_port	Option	Center_nid	Neighbor_nid	Data_plane_port
NeighborUpdate		544	3	1		New	3		1		1
 		 	 	 		 	 			5		1
 		 	 	 		 	 			2		1
 		 	 	 		 	 			4		1
 		 	 	 		 	 			7		1
 		 	 	 		 	 			8		1
 		 	 	 		 	 			9		1

Time: 39.294485 sec
Send to Nid: 10
Packet_Type		Length	Src_Nid	src_port	Option	Center_nid	Neighbor_nid	Data_plane_port
NeighborUpdate		544	3	1		Finish	 		 		 

Time: 39.294585 sec
Send to Nid: 10
Packet_Type		Length	Src_Nid	src_port	Option	Center_nid	Neighbor_nid	Data_plane_port
NeighborUpdate		544	3	1		New	3		1		1
 		 	 	 		 	 			5		1
 		 	 	 		 	 			2		1
 		 	 	 		 	 			4		1
 		 	 	 		 	 			7		1
 		 	 	 		 	 			8		1
 		 	 	 		 	 			9		1

Time: 39.294685 sec
Send to Nid: 10
Packet_Type		Length	Src_Nid	src_port	Option	Center_nid	Neighbor_nid	Data_plane_port
NeighborUpdate		544	3	1		Finish	 		 		 

Time: 39.294785 sec
Send to Nid: 10
Packet_Type		Length	Src_Nid	src_port	Option	Center_nid	Neighbor_nid	Data_plane_port
NeighborUpdate		544	3	1		New	3		1		1
 		 	 	 		 	 			5		1
 		 	 	 		 	 			2		1
 		 	 	 		 	 			4		1
 		 	 	 		 	 			7		1
 		 	 	 		 	 			8		1
 		 	 	 		 	 			9		1

Time: 39.295885 sec
Send to Nid: 10
Packet_Type		Length	Src_Nid	src_port	Option	Center_nid	Neighbor_nid	Data_plane_port
NeighborUpdate		544	3	1		Finish	 		 		 

Time: 39.295985 sec
Send to Nid: 10
Packet_Type		Length	Src_Nid	src_port	Option	Center_nid	Neighbor_nid	Data_plane_port
NeighborUpdate		544	3	1		New	3		1		1
 		 	 	 		 	 			5		1
 		 	 	 		 	 			2		1
 		 	 	 		 	 			4		1
 		 	 	 		 	 			7		1
 		 	 	 		 	 			8		1
 		 	 	 		 	 			9		1

Time: 39.296085 sec
Send to Nid: 10
Packet_Type		Length	Src_Nid	src_port	Option	Center_nid	Neighbor_nid	Data_plane_port
NeighborUpdate		544	3	1		Finish	 		 		 

Time: 39.296185 sec
Send to Nid: 10
Packet_Type		Length	Src_Nid	src_port	Option	Center_nid	Neighbor_nid	Data_plane_port
NeighborUpdate		544	3	1		New	3		1		1
 		 	 	 		 	 			5		1
 		 	 	 		 	 			2		1
 		 	 	 		 	 			4		1
 		 	 	 		 	 			7		1
 		 	 	 		 	 			8		1
 		 	 	 		 	 			9		1

Time: 39.296285 sec
Send to Nid: 10
Packet_Type		Length	Src_Nid	src_port	Option	Center_nid	Neighbor_nid	Data_plane_port
NeighborUpdate		544	3	1		Finish	 		 		 

Time: 40.332666 sec
Send to Nid: 10
Packet_Type		Length	Src_Nid	src_port	Option	Center_nid	Neighbor_nid	Data_plane_port
NeighborUpdate		544	3	1		New	3		1		1
 		 	 	 		 	 			5		1
 		 	 	 		 	 			2		1
 		 	 	 		 	 			4		1
 		 	 	 		 	 			7		1
 		 	 	 		 	 			8		1
 		 	 	 		 	 			9		1

Time: 40.332766 sec
Send to Nid: 10
Packet_Type		Length	Src_Nid	src_port	Option	Center_nid	Neighbor_nid	Data_plane_port
NeighborUpdate		544	3	1		Finish	 		 		 

Time: 40.332866 sec
Send to Nid: 10
Packet_Type		Length	Src_Nid	src_port	Option	Center_nid	Neighbor_nid	Data_plane_port
NeighborUpdate		544	3	1		New	3		1		1
 		 	 	 		 	 			5		1
 		 	 	 		 	 			2		1
 		 	 	 		 	 			4		1
 		 	 	 		 	 			7		1
 		 	 	 		 	 			8		1
 		 	 	 		 	 			9		1

Time: 40.332966 sec
Send to Nid: 10
Packet_Type		Length	Src_Nid	src_port	Option	Center_nid	Neighbor_nid	Data_plane_port
NeighborUpdate		544	3	1		Finish	 		 		 

Time: 40.333066 sec
Send to Nid: 10
Packet_Type		Length	Src_Nid	src_port	Option	Center_nid	Neighbor_nid	Data_plane_port
NeighborUpdate		544	3	1		New	3		1		1
 		 	 	 		 	 			5		1
 		 	 	 		 	 			2		1
 		 	 	 		 	 			4		1
 		 	 	 		 	 			7		1
 		 	 	 		 	 			8		1
 		 	 	 		 	 			9		1

Time: 40.333166 sec
Send to Nid: 10
Packet_Type		Length	Src_Nid	src_port	Option	Center_nid	Neighbor_nid	Data_plane_port
NeighborUpdate		544	3	1		Finish	 		 		 

Time: 40.333266 sec
Send to Nid: 10
Packet_Type		Length	Src_Nid	src_port	Option	Center_nid	Neighbor_nid	Data_plane_port
NeighborUpdate		544	3	1		New	3		1		1
 		 	 	 		 	 			5		1
 		 	 	 		 	 			2		1
 		 	 	 		 	 			4		1
 		 	 	 		 	 			7		1
 		 	 	 		 	 			8		1
 		 	 	 		 	 			9		1

Time: 40.333366 sec
Send to Nid: 10
Packet_Type		Length	Src_Nid	src_port	Option	Center_nid	Neighbor_nid	Data_plane_port
NeighborUpdate		544	3	1		Finish	 		 		 

Time: 40.333466 sec
Send to Nid: 10
Packet_Type	Length	Src_nid	Src_port
Hello		80	3	1

Time: 40.333566 sec
Send to Nid: 10
Packet_Type		Length	Src_Nid	src_port	Option	Center_nid	Neighbor_nid	Data_plane_port
NeighborUpdate		544	3	1		New	3		1		1
 		 	 	 		 	 			5		1
 		 	 	 		 	 			2		1
 		 	 	 		 	 			4		1
 		 	 	 		 	 			8		1
 		 	 	 		 	 			9		1

Time: 40.334666 sec
Send to Nid: 10
Packet_Type		Length	Src_Nid	src_port	Option	Center_nid	Neighbor_nid	Data_plane_port
NeighborUpdate		544	3	1		Finish	 		 		 

Time: 40.334766 sec
Send to Nid: 10
Packet_Type		Length	Src_Nid	src_port	Option	Center_nid	Neighbor_nid	Data_plane_port
NeighborUpdate		544	3	1		New	3		1		1
 		 	 	 		 	 			5		1
 		 	 	 		 	 			2		1
 		 	 	 		 	 			4		1
 		 	 	 		 	 			8		1
 		 	 	 		 	 			9		1

Time: 40.334866 sec
Send to Nid: 10
Packet_Type		Length	Src_Nid	src_port	Option	Center_nid	Neighbor_nid	Data_plane_port
NeighborUpdate		544	3	1		Finish	 		 		 

Time: 40.334966 sec
Send to Nid: 10
Packet_Type		Length	Src_Nid	src_port	Option	Center_nid	Neighbor_nid	Data_plane_port
NeighborUpdate		544	3	1		New	3		1		1
 		 	 	 		 	 			5		1
 		 	 	 		 	 			2		1
 		 	 	 		 	 			4		1
 		 	 	 		 	 			8		1
 		 	 	 		 	 			9		1

Time: 40.335066 sec
Send to Nid: 10
Packet_Type		Length	Src_Nid	src_port	Option	Center_nid	Neighbor_nid	Data_plane_port
NeighborUpdate		544	3	1		Finish	 		 		 

Time: 40.398500 sec
Broadcast
Packet_Type	Length	Src_nid	Src_port
Hello		80	3	1

Time: 41.394343 sec
Send to Nid: 10
Packet_Type		Length	Src_Nid	src_port	Option	Center_nid	Neighbor_nid	Data_plane_port
NeighborUpdate		544	3	1		New	3		1		1
 		 	 	 		 	 			5		1
 		 	 	 		 	 			2		1
 		 	 	 		 	 			4		1
 		 	 	 		 	 			8		1
 		 	 	 		 	 			9		1

Time: 41.394443 sec
Send to Nid: 10
Packet_Type		Length	Src_Nid	src_port	Option	Center_nid	Neighbor_nid	Data_plane_port
NeighborUpdate		544	3	1		Finish	 		 		 

Time: 41.394543 sec
Send to Nid: 10
Packet_Type		Length	Src_Nid	src_port	Option	Center_nid	Neighbor_nid	Data_plane_port
NeighborUpdate		544	3	1		New	3		1		1
 		 	 	 		 	 			5		1
 		 	 	 		 	 			2		1
 		 	 	 		 	 			4		1
 		 	 	 		 	 			8		1
 		 	 	 		 	 			9		1

Time: 41.394643 sec
Send to Nid: 10
Packet_Type		Length	Src_Nid	src_port	Option	Center_nid	Neighbor_nid	Data_plane_port
NeighborUpdate		544	3	1		New	3		1		1
 		 	 	 		 	 			5		1
 		 	 	 		 	 			2		1
 		 	 	 		 	 			4		1
 		 	 	 		 	 			8		1
 		 	 	 		 	 			9		1

Time: 41.394743 sec
Send to Nid: 10
Packet_Type		Length	Src_Nid	src_port	Option	Center_nid	Neighbor_nid	Data_plane_port
NeighborUpdate		544	3	1		Finish	 		 		 

Time: 41.394843 sec
Send to Nid: 10
Packet_Type		Length	Src_Nid	src_port	Option	Center_nid	Neighbor_nid	Data_plane_port
NeighborUpdate		544	3	1		New	3		1		1
 		 	 	 		 	 			5		1
 		 	 	 		 	 			2		1
 		 	 	 		 	 			4		1
 		 	 	 		 	 			8		1
 		 	 	 		 	 			9		1

Time: 41.394943 sec
Send to Nid: 10
Packet_Type		Length	Src_Nid	src_port	Option	Center_nid	Neighbor_nid	Data_plane_port
NeighborUpdate		544	3	1		Finish	 		 		 

Time: 41.395043 sec
Send to Nid: 10
Packet_Type	Length	Src_nid	Src_port
Hello		80	3	1

Time: 41.395143 sec
Send to Nid: 10
Packet_Type		Length	Src_Nid	src_port	Option	Center_nid	Neighbor_nid	Data_plane_port
NeighborUpdate		544	3	1		New	3		1		1
 		 	 	 		 	 			5		1
 		 	 	 		 	 			2		1
 		 	 	 		 	 			4		1
 		 	 	 		 	 			8		1
 		 	 	 		 	 			9		1

Time: 41.395243 sec
Send to Nid: 10
Packet_Type		Length	Src_Nid	src_port	Option	Center_nid	Neighbor_nid	Data_plane_port
NeighborUpdate		544	3	1		Finish	 		 		 

Time: 41.396343 sec
Send to Nid: 10
Packet_Type		Length	Src_Nid	src_port	Option	Center_nid	Neighbor_nid	Data_plane_port
NeighborUpdate		544	3	1		New	3		1		1
 		 	 	 		 	 			5		1
 		 	 	 		 	 			2		1
 		 	 	 		 	 			4		1
 		 	 	 		 	 			8		1
 		 	 	 		 	 			9		1
 		 	 	 		 	 			7		1

Time: 41.396443 sec
Send to Nid: 10
Packet_Type		Length	Src_Nid	src_port	Option	Center_nid	Neighbor_nid	Data_plane_port
NeighborUpdate		544	3	1		Finish	 		 		 

Time: 41.396543 sec
Send to Nid: 10
Packet_Type		Length	Src_Nid	src_port	Option	Center_nid	Neighbor_nid	Data_plane_port
NeighborUpdate		544	3	1		New	3		1		1
 		 	 	 		 	 			5		1
 		 	 	 		 	 			2		1
 		 	 	 		 	 			4		1
 		 	 	 		 	 			8		1
 		 	 	 		 	 			9		1
 		 	 	 		 	 			7		1

Time: 41.396643 sec
Send to Nid: 10
Packet_Type		Length	Src_Nid	src_port	Option	Center_nid	Neighbor_nid	Data_plane_port
NeighborUpdate		544	3	1		Finish	 		 		 

Time: 41.396743 sec
Send to Nid: 10
Packet_Type		Length	Src_Nid	src_port	Option	Center_nid	Neighbor_nid	Data_plane_port
NeighborUpdate		544	3	1		New	3		1		1
 		 	 	 		 	 			5		1
 		 	 	 		 	 			2		1
 		 	 	 		 	 			4		1
 		 	 	 		 	 			8		1
 		 	 	 		 	 			9		1
 		 	 	 		 	 			7		1

Time: 41.975284 sec
Send to Nid: 10
Packet_Type		Length	Src_Nid	src_port	Option	Center_nid	Neighbor_nid	Data_plane_port
NeighborUpdate		544	3	1		Finish	 		 		 

Time: 41.975384 sec
Send to Nid: 10
Packet_Type	Length	Src_nid	Src_port
Hello		80	3	1

Time: 42.150484 sec
Send to Nid: 10
Packet_Type		Length	Src_Nid	src_port	Option	Center_nid	Neighbor_nid	Data_plane_port
NeighborUpdate		544	3	1		New	3		1		1
 		 	 	 		 	 			5		1
 		 	 	 		 	 			2		1
 		 	 	 		 	 			4		1
 		 	 	 		 	 			8		1
 		 	 	 		 	 			9		1
 		 	 	 		 	 			7		1

Time: 42.150584 sec
Send to Nid: 10
Packet_Type		Length	Src_Nid	src_port	Option	Center_nid	Neighbor_nid	Data_plane_port
NeighborUpdate		544	3	1		Finish	 		 		 

Time: 42.290684 sec
Send to Nid: 10
Packet_Type		Length	Src_Nid	src_port	Option	Center_nid	Neighbor_nid	Data_plane_port
NeighborUpdate		544	3	1		New	3		1		1
 		 	 	 		 	 			5		1
 		 	 	 		 	 			2		1
 		 	 	 		 	 			4		1
 		 	 	 		 	 			8		1
 		 	 	 		 	 			9		1
 		 	 	 		 	 			7		1

Time: 42.290784 sec
Send to Nid: 10
Packet_Type		Length	Src_Nid	src_port	Option	Center_nid	Neighbor_nid	Data_plane_port
NeighborUpdate		544	3	1		Finish	 		 		 

Time: 42.419100 sec
Broadcast
Packet_Type	Length	Src_nid	Src_port
Hello		80	3	1

Time: 42.520984 sec
Send to Nid: 10
Packet_Type		Length	Src_Nid	src_port	Option	Center_nid	Neighbor_nid	Data_plane_port
NeighborUpdate		544	3	1		New	3		1		1
 		 	 	 		 	 			5		1
 		 	 	 		 	 			2		1
 		 	 	 		 	 			4		1
 		 	 	 		 	 			8		1
 		 	 	 		 	 			9		1
 		 	 	 		 	 			7		1

Time: 42.521084 sec
Send to Nid: 10
Packet_Type		Length	Src_Nid	src_port	Option	Center_nid	Neighbor_nid	Data_plane_port
NeighborUpdate		544	3	1		Finish	 		 		 

Time: 42.560184 sec
Send to Nid: 10
Packet_Type		Length	Src_Nid	src_port	Option	Center_nid	Neighbor_nid	Data_plane_port
NeighborUpdate		544	3	1		New	3		1		1
 		 	 	 		 	 			5		1
 		 	 	 		 	 			2		1
 		 	 	 		 	 			4		1
 		 	 	 		 	 			8		1
 		 	 	 		 	 			9		1
 		 	 	 		 	 			7		1

Time: 42.560284 sec
Send to Nid: 10
Packet_Type		Length	Src_Nid	src_port	Option	Center_nid	Neighbor_nid	Data_plane_port
NeighborUpdate		544	3	1		Finish	 		 		 

Time: 44.337369 sec
Send to Nid: 10
Packet_Type	Length	Src_nid	Src_port
Hello		80	3	1

Time: 44.338469 sec
Send to Nid: 10
Packet_Type		Length	Src_Nid	src_port	Option	Center_nid	Neighbor_nid	Data_plane_port
NeighborUpdate		544	3	1		New	3		1		1
 		 	 	 		 	 			5		1
 		 	 	 		 	 			2		1
 		 	 	 		 	 			4		1
 		 	 	 		 	 			8		1
 		 	 	 		 	 			9		1
 		 	 	 		 	 			7		1

Time: 44.338569 sec
Send to Nid: 10
Packet_Type		Length	Src_Nid	src_port	Option	Center_nid	Neighbor_nid	Data_plane_port
NeighborUpdate		544	3	1		Finish	 		 		 

Time: 44.338669 sec
Send to Nid: 10
Packet_Type		Length	Src_Nid	src_port	Option	Center_nid	Neighbor_nid	Data_plane_port
NeighborUpdate		544	3	1		New	3		1		1
 		 	 	 		 	 			5		1
 		 	 	 		 	 			2		1
 		 	 	 		 	 			4		1
 		 	 	 		 	 			8		1
 		 	 	 		 	 			9		1
 		 	 	 		 	 			7		1

Time: 44.338769 sec
Send to Nid: 10
Packet_Type		Length	Src_Nid	src_port	Option	Center_nid	Neighbor_nid	Data_plane_port
NeighborUpdate		544	3	1		Finish	 		 		 

Time: 44.338869 sec
Send to Nid: 10
Packet_Type		Length	Src_Nid	src_port	Option	Center_nid	Neighbor_nid	Data_plane_port
NeighborUpdate		544	3	1		New	3		1		1
 		 	 	 		 	 			5		1
 		 	 	 		 	 			2		1
 		 	 	 		 	 			4		1
 		 	 	 		 	 			8		1
 		 	 	 		 	 			9		1
 		 	 	 		 	 			7		1

Time: 44.338969 sec
Send to Nid: 10
Packet_Type		Length	Src_Nid	src_port	Option	Center_nid	Neighbor_nid	Data_plane_port
NeighborUpdate		544	3	1		Finish	 		 		 

Time: 44.339069 sec
Send to Nid: 10
Packet_Type		Length	Src_Nid	src_port	Option	Center_nid	Neighbor_nid	Data_plane_port
NeighborUpdate		544	3	1		New	3		1		1
 		 	 	 		 	 			5		1
 		 	 	 		 	 			2		1
 		 	 	 		 	 			4		1
 		 	 	 		 	 			8		1
 		 	 	 		 	 			9		1
 		 	 	 		 	 			7		1

Time: 44.339169 sec
Send to Nid: 10
Packet_Type		Length	Src_Nid	src_port	Option	Center_nid	Neighbor_nid	Data_plane_port
NeighborUpdate		544	3	1		Finish	 		 		 

Time: 44.339269 sec
Send to Nid: 10
Packet_Type		Length	Src_Nid	src_port	Option	Center_nid	Neighbor_nid	Data_plane_port
NeighborUpdate		544	3	1		New	3		1		1
 		 	 	 		 	 			5		1
 		 	 	 		 	 			2		1
 		 	 	 		 	 			4		1
 		 	 	 		 	 			8		1
 		 	 	 		 	 			9		1
 		 	 	 		 	 			7		1

Time: 44.339369 sec
Send to Nid: 10
Packet_Type		Length	Src_Nid	src_port	Option	Center_nid	Neighbor_nid	Data_plane_port
NeighborUpdate		544	3	1		Finish	 		 		 

Time: 44.434800 sec
Broadcast
Packet_Type	Length	Src_nid	Src_port
Hello		80	3	1

Time: 44.550469 sec
Send to Nid: 10
Packet_Type		Length	Src_Nid	src_port	Option	Center_nid	Neighbor_nid	Data_plane_port
NeighborUpdate		544	3	1		New	3		1		1
 		 	 	 		 	 			5		1
 		 	 	 		 	 			2		1
 		 	 	 		 	 			4		1
 		 	 	 		 	 			8		1
 		 	 	 		 	 			9		1
 		 	 	 		 	 			7		1

Time: 44.550569 sec
Send to Nid: 10
Packet_Type		Length	Src_Nid	src_port	Option	Center_nid	Neighbor_nid	Data_plane_port
NeighborUpdate		544	3	1		Finish	 		 		 

Time: 45.399904 sec
Send to Nid: 10
Packet_Type	Length	Src_nid	Src_port
Hello		80	3	1

Time: 45.401004 sec
Send to Nid: 10
Packet_Type		Length	Src_Nid	src_port	Option	Center_nid	Neighbor_nid	Data_plane_port
NeighborUpdate		544	3	1		New	3		1		1
 		 	 	 		 	 			5		1
 		 	 	 		 	 			2		1
 		 	 	 		 	 			4		1
 		 	 	 		 	 			8		1
 		 	 	 		 	 			9		1
 		 	 	 		 	 			7		1

Time: 45.401104 sec
Send to Nid: 10
Packet_Type		Length	Src_Nid	src_port	Option	Center_nid	Neighbor_nid	Data_plane_port
NeighborUpdate		544	3	1		Finish	 		 		 

Time: 45.401204 sec
Send to Nid: 10
Packet_Type		Length	Src_Nid	src_port	Option	Center_nid	Neighbor_nid	Data_plane_port
NeighborUpdate		544	3	1		New	3		1		1
 		 	 	 		 	 			5		1
 		 	 	 		 	 			2		1
 		 	 	 		 	 			4		1
 		 	 	 		 	 			8		1
 		 	 	 		 	 			9		1
 		 	 	 		 	 			7		1

Time: 45.401304 sec
Send to Nid: 10
Packet_Type		Length	Src_Nid	src_port	Option	Center_nid	Neighbor_nid	Data_plane_port
NeighborUpdate		544	3	1		Finish	 		 		 

Time: 45.401404 sec
Send to Nid: 10
Packet_Type		Length	Src_Nid	src_port	Option	Center_nid	Neighbor_nid	Data_plane_port
NeighborUpdate		544	3	1		New	3		1		1
 		 	 	 		 	 			5		1
 		 	 	 		 	 			2		1
 		 	 	 		 	 			4		1
 		 	 	 		 	 			8		1
 		 	 	 		 	 			9		1
 		 	 	 		 	 			7		1

Time: 45.401504 sec
Send to Nid: 10
Packet_Type		Length	Src_Nid	src_port	Option	Center_nid	Neighbor_nid	Data_plane_port
NeighborUpdate		544	3	1		Finish	 		 		 

Time: 45.531187 sec
Send to Nid: 10
Packet_Type	Length	Src_nid	Src_port
Hello		80	3	1

Time: 46.160487 sec
Send to Nid: 10
Packet_Type		Length	Src_Nid	src_port	Option	Center_nid	Neighbor_nid	Data_plane_port
NeighborUpdate		544	3	1		New	3		1		1
 		 	 	 		 	 			5		1
 		 	 	 		 	 			2		1
 		 	 	 		 	 			4		1
 		 	 	 		 	 			8		1
 		 	 	 		 	 			9		1
 		 	 	 		 	 			7		1

Time: 46.160587 sec
Send to Nid: 10
Packet_Type		Length	Src_Nid	src_port	Option	Center_nid	Neighbor_nid	Data_plane_port
NeighborUpdate		544	3	1		Finish	 		 		 

Time: 46.320687 sec
Send to Nid: 10
Packet_Type		Length	Src_Nid	src_port	Option	Center_nid	Neighbor_nid	Data_plane_port
NeighborUpdate		544	3	1		New	3		1		1
 		 	 	 		 	 			5		1
 		 	 	 		 	 			2		1
 		 	 	 		 	 			4		1
 		 	 	 		 	 			8		1
 		 	 	 		 	 			9		1
 		 	 	 		 	 			7		1

Time: 46.320787 sec
Send to Nid: 10
Packet_Type		Length	Src_Nid	src_port	Option	Center_nid	Neighbor_nid	Data_plane_port
NeighborUpdate		544	3	1		Finish	 		 		 

Time: 46.446400 sec
Broadcast
Packet_Type	Length	Src_nid	Src_port
Hello		80	3	1

Time: 46.560887 sec
Send to Nid: 10
Packet_Type		Length	Src_Nid	src_port	Option	Center_nid	Neighbor_nid	Data_plane_port
NeighborUpdate		544	3	1		New	3		1		1
 		 	 	 		 	 			5		1
 		 	 	 		 	 			2		1
 		 	 	 		 	 			4		1
 		 	 	 		 	 			8		1
 		 	 	 		 	 			9		1
 		 	 	 		 	 			7		1

Time: 46.560987 sec
Send to Nid: 10
Packet_Type		Length	Src_Nid	src_port	Option	Center_nid	Neighbor_nid	Data_plane_port
NeighborUpdate		544	3	1		Finish	 		 		 

Time: 46.881087 sec
Send to Nid: 10
Packet_Type		Length	Src_Nid	src_port	Option	Center_nid	Neighbor_nid	Data_plane_port
NeighborUpdate		544	3	1		New	3		1		1
 		 	 	 		 	 			5		1
 		 	 	 		 	 			2		1
 		 	 	 		 	 			4		1
 		 	 	 		 	 			8		1
 		 	 	 		 	 			9		1
 		 	 	 		 	 			7		1

Time: 46.881187 sec
Send to Nid: 10
Packet_Type		Length	Src_Nid	src_port	Option	Center_nid	Neighbor_nid	Data_plane_port
NeighborUpdate		544	3	1		Finish	 		 		 

Time: 46.910287 sec
Send to Nid: 10
Packet_Type		Length	Src_Nid	src_port	Option	Center_nid	Neighbor_nid	Data_plane_port
NeighborUpdate		544	3	1		New	3		1		1
 		 	 	 		 	 			5		1
 		 	 	 		 	 			2		1
 		 	 	 		 	 			4		1
 		 	 	 		 	 			8		1
 		 	 	 		 	 			9		1
 		 	 	 		 	 			7		1

Time: 46.910387 sec
Send to Nid: 10
Packet_Type		Length	Src_Nid	src_port	Option	Center_nid	Neighbor_nid	Data_plane_port
NeighborUpdate		544	3	1		Finish	 		 		 

Time: 46.990487 sec
Send to Nid: 10
Packet_Type		Length	Src_Nid	src_port	Option	Center_nid	Neighbor_nid	Data_plane_port
NeighborUpdate		544	3	1		New	3		1		1
 		 	 	 		 	 			5		1
 		 	 	 		 	 			2		1
 		 	 	 		 	 			4		1
 		 	 	 		 	 			8		1
 		 	 	 		 	 			9		1
 		 	 	 		 	 			7		1

Time: 46.990587 sec
Send to Nid: 10
Packet_Type		Length	Src_Nid	src_port	Option	Center_nid	Neighbor_nid	Data_plane_port
NeighborUpdate		544	3	1		Finish	 		 		 

Time: 47.560687 sec
Send to Nid: 10
Packet_Type		Length	Src_Nid	src_port	Option	Center_nid	Neighbor_nid	Data_plane_port
NeighborUpdate		544	3	1		New	3		1		1
 		 	 	 		 	 			2		1
 		 	 	 		 	 			4		1
 		 	 	 		 	 			8		1
 		 	 	 		 	 			9		1
 		 	 	 		 	 			7		1

Time: 47.560787 sec
Send to Nid: 10
Packet_Type		Length	Src_Nid	src_port	Option	Center_nid	Neighbor_nid	Data_plane_port
NeighborUpdate		544	3	1		Finish	 		 		 

Time: 47.703808 sec
Send to Nid: 10
Packet_Type	Length	Src_nid	Src_port
Hello		80	3	1

Time: 48.160108 sec
Send to Nid: 10
Packet_Type		Length	Src_Nid	src_port	Option	Center_nid	Neighbor_nid	Data_plane_port
NeighborUpdate		544	3	1		New	3		1		1
 		 	 	 		 	 			2		1
 		 	 	 		 	 			4		1
 		 	 	 		 	 			8		1
 		 	 	 		 	 			9		1
 		 	 	 		 	 			7		1

Time: 48.160208 sec
Send to Nid: 10
Packet_Type		Length	Src_Nid	src_port	Option	Center_nid	Neighbor_nid	Data_plane_port
NeighborUpdate		544	3	1		Finish	 		 		 

Time: 48.340308 sec
Send to Nid: 10
Packet_Type		Length	Src_Nid	src_port	Option	Center_nid	Neighbor_nid	Data_plane_port
NeighborUpdate		544	3	1		New	3		1		1
 		 	 	 		 	 			2		1
 		 	 	 		 	 			4		1
 		 	 	 		 	 			8		1
 		 	 	 		 	 			9		1
 		 	 	 		 	 			7		1

Time: 48.340408 sec
Send to Nid: 10
Packet_Type		Length	Src_Nid	src_port	Option	Center_nid	Neighbor_nid	Data_plane_port
NeighborUpdate		544	3	1		Finish	 		 		 

Time: 48.464000 sec
Broadcast
Packet_Type	Length	Src_nid	Src_port
Hello		80	3	1

Time: 48.600508 sec
Send to Nid: 10
Packet_Type		Length	Src_Nid	src_port	Option	Center_nid	Neighbor_nid	Data_plane_port
NeighborUpdate		544	3	1		New	3		1		1
 		 	 	 		 	 			2		1
 		 	 	 		 	 			4		1
 		 	 	 		 	 			8		1
 		 	 	 		 	 			9		1
 		 	 	 		 	 			7		1

Time: 48.600608 sec
Send to Nid: 10
Packet_Type		Length	Src_Nid	src_port	Option	Center_nid	Neighbor_nid	Data_plane_port
NeighborUpdate		544	3	1		Finish	 		 		 

Time: 48.630708 sec
Send to Nid: 10
Packet_Type		Length	Src_Nid	src_port	Option	Center_nid	Neighbor_nid	Data_plane_port
NeighborUpdate		544	3	1		New	3		1		1
 		 	 	 		 	 			2		1
 		 	 	 		 	 			4		1
 		 	 	 		 	 			8		1
 		 	 	 		 	 			9		1
 		 	 	 		 	 			7		1
 		 	 	 		 	 			5		1

Time: 48.630808 sec
Send to Nid: 10
Packet_Type		Length	Src_Nid	src_port	Option	Center_nid	Neighbor_nid	Data_plane_port
NeighborUpdate		544	3	1		Finish	 		 		 

Time: 48.900708 sec
Send to Nid: 10
Packet_Type		Length	Src_Nid	src_port	Option	Center_nid	Neighbor_nid	Data_plane_port
NeighborUpdate		544	3	1		New	3		1		1
 		 	 	 		 	 			2		1
 		 	 	 		 	 			4		1
 		 	 	 		 	 			8		1
 		 	 	 		 	 			9		1
 		 	 	 		 	 			7		1
 		 	 	 		 	 			5		1

Time: 48.900808 sec
Send to Nid: 10
Packet_Type		Length	Src_Nid	src_port	Option	Center_nid	Neighbor_nid	Data_plane_port
NeighborUpdate		544	3	1		Finish	 		 		 

Time: 48.950908 sec
Send to Nid: 10
Packet_Type		Length	Src_Nid	src_port	Option	Center_nid	Neighbor_nid	Data_plane_port
NeighborUpdate		544	3	1		New	3		1		1
 		 	 	 		 	 			2		1
 		 	 	 		 	 			4		1
 		 	 	 		 	 			8		1
 		 	 	 		 	 			9		1
 		 	 	 		 	 			7		1
 		 	 	 		 	 			5		1

Time: 48.951008 sec
Send to Nid: 10
Packet_Type		Length	Src_Nid	src_port	Option	Center_nid	Neighbor_nid	Data_plane_port
NeighborUpdate		544	3	1		Finish	 		 		 

Time: 48.982469 sec
Send to Nid: 10
Packet_Type	Length	Src_nid	Src_port
Hello		80	3	1

Time: 49.060769 sec
Send to Nid: 10
Packet_Type		Length	Src_Nid	src_port	Option	Center_nid	Neighbor_nid	Data_plane_port
NeighborUpdate		544	3	1		New	3		1		1
 		 	 	 		 	 			2		1
 		 	 	 		 	 			4		1
 		 	 	 		 	 			8		1
 		 	 	 		 	 			9		1
 		 	 	 		 	 			7		1
 		 	 	 		 	 			5		1

Time: 49.060869 sec
Send to Nid: 10
Packet_Type		Length	Src_Nid	src_port	Option	Center_nid	Neighbor_nid	Data_plane_port
NeighborUpdate		544	3	1		Finish	 		 		 

Time: 50.180969 sec
Send to Nid: 10
Packet_Type		Length	Src_Nid	src_port	Option	Center_nid	Neighbor_nid	Data_plane_port
NeighborUpdate		544	3	1		New	3		1		1
 		 	 	 		 	 			2		1
 		 	 	 		 	 			4		1
 		 	 	 		 	 			8		1
 		 	 	 		 	 			9		1
 		 	 	 		 	 			7		1
 		 	 	 		 	 			5		1

Time: 50.181069 sec
Send to Nid: 10
Packet_Type		Length	Src_Nid	src_port	Option	Center_nid	Neighbor_nid	Data_plane_port
NeighborUpdate		544	3	1		Finish	 		 		 

Time: 50.340169 sec
Send to Nid: 10
Packet_Type		Length	Src_Nid	src_port	Option	Center_nid	Neighbor_nid	Data_plane_port
NeighborUpdate		544	3	1		New	3		1		1
 		 	 	 		 	 			2		1
 		 	 	 		 	 			4		1
 		 	 	 		 	 			8		1
 		 	 	 		 	 			9		1
 		 	 	 		 	 			7		1
 		 	 	 		 	 			5		1

Time: 50.340269 sec
Send to Nid: 10
Packet_Type		Length	Src_Nid	src_port	Option	Center_nid	Neighbor_nid	Data_plane_port
NeighborUpdate		544	3	1		Finish	 		 		 

Time: 50.467700 sec
Broadcast
Packet_Type	Length	Src_nid	Src_port
Hello		80	3	1

Time: 50.630369 sec
Send to Nid: 10
Packet_Type		Length	Src_Nid	src_port	Option	Center_nid	Neighbor_nid	Data_plane_port
NeighborUpdate		544	3	1		New	3		1		1
 		 	 	 		 	 			2		1
 		 	 	 		 	 			4		1
 		 	 	 		 	 			8		1
 		 	 	 		 	 			9		1
 		 	 	 		 	 			7		1
 		 	 	 		 	 			5		1

Time: 50.630469 sec
Send to Nid: 10
Packet_Type		Length	Src_Nid	src_port	Option	Center_nid	Neighbor_nid	Data_plane_port
NeighborUpdate		544	3	1		Finish	 		 		 

Time: 50.670569 sec
Send to Nid: 10
Packet_Type		Length	Src_Nid	src_port	Option	Center_nid	Neighbor_nid	Data_plane_port
NeighborUpdate		544	3	1		New	3		1		1
 		 	 	 		 	 			2		1
 		 	 	 		 	 			4		1
 		 	 	 		 	 			8		1
 		 	 	 		 	 			9		1
 		 	 	 		 	 			7		1
 		 	 	 		 	 			5		1

Time: 50.670669 sec
Send to Nid: 10
Packet_Type		Length	Src_Nid	src_port	Option	Center_nid	Neighbor_nid	Data_plane_port
NeighborUpdate		544	3	1		Finish	 		 		 

Time: 50.960769 sec
Send to Nid: 10
Packet_Type		Length	Src_Nid	src_port	Option	Center_nid	Neighbor_nid	Data_plane_port
NeighborUpdate		544	3	1		New	3		1		1
 		 	 	 		 	 			2		1
 		 	 	 		 	 			4		1
 		 	 	 		 	 			8		1
 		 	 	 		 	 			9		1
 		 	 	 		 	 			7		1
 		 	 	 		 	 			5		1

Time: 50.960869 sec
Send to Nid: 10
Packet_Type		Length	Src_Nid	src_port	Option	Center_nid	Neighbor_nid	Data_plane_port
NeighborUpdate		544	3	1		Finish	 		 		 

Time: 51.020969 sec
Send to Nid: 10
Packet_Type		Length	Src_Nid	src_port	Option	Center_nid	Neighbor_nid	Data_plane_port
NeighborUpdate		544	3	1		New	3		1		1
 		 	 	 		 	 			2		1
 		 	 	 		 	 			4		1
 		 	 	 		 	 			8		1
 		 	 	 		 	 			9		1
 		 	 	 		 	 			7		1
 		 	 	 		 	 			5		1

Time: 51.021069 sec
Send to Nid: 10
Packet_Type		Length	Src_Nid	src_port	Option	Center_nid	Neighbor_nid	Data_plane_port
NeighborUpdate		544	3	1		Finish	 		 		 

Time: 51.060169 sec
Send to Nid: 10
Packet_Type		Length	Src_Nid	src_port	Option	Center_nid	Neighbor_nid	Data_plane_port
NeighborUpdate		544	3	1		New	3		1		1
 		 	 	 		 	 			2		1
 		 	 	 		 	 			4		1
 		 	 	 		 	 			8		1
 		 	 	 		 	 			9		1
 		 	 	 		 	 			7		1
 		 	 	 		 	 			5		1

Time: 51.060269 sec
Send to Nid: 10
Packet_Type		Length	Src_Nid	src_port	Option	Center_nid	Neighbor_nid	Data_plane_port
NeighborUpdate		544	3	1		Finish	 		 		 

Time: 52.180369 sec
Send to Nid: 10
Packet_Type		Length	Src_Nid	src_port	Option	Center_nid	Neighbor_nid	Data_plane_port
NeighborUpdate		544	3	1		New	3		1		1
 		 	 	 		 	 			2		1
 		 	 	 		 	 			4		1
 		 	 	 		 	 			8		1
 		 	 	 		 	 			9		1
 		 	 	 		 	 			7		1
 		 	 	 		 	 			5		1

Time: 52.180469 sec
Send to Nid: 10
Packet_Type		Length	Src_Nid	src_port	Option	Center_nid	Neighbor_nid	Data_plane_port
NeighborUpdate		544	3	1		Finish	 		 		 

Time: 52.360569 sec
Send to Nid: 10
Packet_Type		Length	Src_Nid	src_port	Option	Center_nid	Neighbor_nid	Data_plane_port
NeighborUpdate		544	3	1		New	3		1		1
 		 	 	 		 	 			2		1
 		 	 	 		 	 			4		1
 		 	 	 		 	 			8		1
 		 	 	 		 	 			9		1
 		 	 	 		 	 			7		1
 		 	 	 		 	 			5		1

Time: 52.360669 sec
Send to Nid: 10
Packet_Type		Length	Src_Nid	src_port	Option	Center_nid	Neighbor_nid	Data_plane_port
NeighborUpdate		544	3	1		Finish	 		 		 

Time: 52.498400 sec
Broadcast
Packet_Type	Length	Src_nid	Src_port
Hello		80	3	1

Time: 52.650769 sec
Send to Nid: 10
Packet_Type		Length	Src_Nid	src_port	Option	Center_nid	Neighbor_nid	Data_plane_port
NeighborUpdate		544	3	1		New	3		1		1
 		 	 	 		 	 			2		1
 		 	 	 		 	 			4		1
 		 	 	 		 	 			8		1
 		 	 	 		 	 			9		1
 		 	 	 		 	 			7		1
 		 	 	 		 	 			5		1

Time: 52.650869 sec
Send to Nid: 10
Packet_Type		Length	Src_Nid	src_port	Option	Center_nid	Neighbor_nid	Data_plane_port
NeighborUpdate		544	3	1		Finish	 		 		 

Time: 52.720969 sec
Send to Nid: 10
Packet_Type		Length	Src_Nid	src_port	Option	Center_nid	Neighbor_nid	Data_plane_port
NeighborUpdate		544	3	1		New	3		1		1
 		 	 	 		 	 			2		1
 		 	 	 		 	 			4		1
 		 	 	 		 	 			8		1
 		 	 	 		 	 			9		1
 		 	 	 		 	 			7		1
 		 	 	 		 	 			5		1

Time: 52.721069 sec
Send to Nid: 10
Packet_Type		Length	Src_Nid	src_port	Option	Center_nid	Neighbor_nid	Data_plane_port
NeighborUpdate		544	3	1		Finish	 		 		 

Time: 52.980169 sec
Send to Nid: 10
Packet_Type		Length	Src_Nid	src_port	Option	Center_nid	Neighbor_nid	Data_plane_port
NeighborUpdate		544	3	1		New	3		1		1
 		 	 	 		 	 			2		1
 		 	 	 		 	 			4		1
 		 	 	 		 	 			8		1
 		 	 	 		 	 			9		1
 		 	 	 		 	 			7		1
 		 	 	 		 	 			5		1

Time: 52.980269 sec
Send to Nid: 10
Packet_Type		Length	Src_Nid	src_port	Option	Center_nid	Neighbor_nid	Data_plane_port
NeighborUpdate		544	3	1		Finish	 		 		 

Time: 53.050369 sec
Send to Nid: 10
Packet_Type		Length	Src_Nid	src_port	Option	Center_nid	Neighbor_nid	Data_plane_port
NeighborUpdate		544	3	1		New	3		1		1
 		 	 	 		 	 			2		1
 		 	 	 		 	 			4		1
 		 	 	 		 	 			8		1
 		 	 	 		 	 			9		1
 		 	 	 		 	 			7		1
 		 	 	 		 	 			5		1

Time: 53.050469 sec
Send to Nid: 10
Packet_Type		Length	Src_Nid	src_port	Option	Center_nid	Neighbor_nid	Data_plane_port
NeighborUpdate		544	3	1		Finish	 		 		 

Time: 53.070569 sec
Send to Nid: 10
Packet_Type		Length	Src_Nid	src_port	Option	Center_nid	Neighbor_nid	Data_plane_port
NeighborUpdate		544	3	1		New	3		1		1
 		 	 	 		 	 			2		1
 		 	 	 		 	 			4		1
 		 	 	 		 	 			8		1
 		 	 	 		 	 			9		1
 		 	 	 		 	 			7		1
 		 	 	 		 	 			5		1

Time: 53.070669 sec
Send to Nid: 10
Packet_Type		Length	Src_Nid	src_port	Option	Center_nid	Neighbor_nid	Data_plane_port
NeighborUpdate		544	3	1		Finish	 		 		 

Time: 53.359876 sec
Send to Nid: 10
Packet_Type	Length	Src_nid	Src_port
Hello		80	3	1

Time: 54.370176 sec
Send to Nid: 10
Packet_Type		Length	Src_Nid	src_port	Option	Center_nid	Neighbor_nid	Data_plane_port
NeighborUpdate		544	3	1		New	3		1		1
 		 	 	 		 	 			2		1
 		 	 	 		 	 			4		1
 		 	 	 		 	 			8		1
 		 	 	 		 	 			9		1
 		 	 	 		 	 			7		1
 		 	 	 		 	 			5		1

Time: 54.370276 sec
Send to Nid: 10
Packet_Type		Length	Src_Nid	src_port	Option	Center_nid	Neighbor_nid	Data_plane_port
NeighborUpdate		544	3	1		Finish	 		 		 

Time: 54.525000 sec
Broadcast
Packet_Type	Length	Src_nid	Src_port
Hello		80	3	1

Time: 54.720376 sec
Send to Nid: 10
Packet_Type		Length	Src_Nid	src_port	Option	Center_nid	Neighbor_nid	Data_plane_port
NeighborUpdate		544	3	1		New	3		1		1
 		 	 	 		 	 			2		1
 		 	 	 		 	 			4		1
 		 	 	 		 	 			8		1
 		 	 	 		 	 			9		1
 		 	 	 		 	 			7		1
 		 	 	 		 	 			5		1

Time: 54.720476 sec
Send to Nid: 10
Packet_Type		Length	Src_Nid	src_port	Option	Center_nid	Neighbor_nid	Data_plane_port
NeighborUpdate		544	3	1		Finish	 		 		 

Time: 54.990576 sec
Send to Nid: 10
Packet_Type		Length	Src_Nid	src_port	Option	Center_nid	Neighbor_nid	Data_plane_port
NeighborUpdate		544	3	1		New	3		1		1
 		 	 	 		 	 			2		1
 		 	 	 		 	 			4		1
 		 	 	 		 	 			8		1
 		 	 	 		 	 			9		1
 		 	 	 		 	 			7		1
 		 	 	 		 	 			5		1

Time: 54.990676 sec
Send to Nid: 10
Packet_Type		Length	Src_Nid	src_port	Option	Center_nid	Neighbor_nid	Data_plane_port
NeighborUpdate		544	3	1		Finish	 		 		 

Time: 55.080776 sec
Send to Nid: 10
Packet_Type		Length	Src_Nid	src_port	Option	Center_nid	Neighbor_nid	Data_plane_port
NeighborUpdate		544	3	1		New	3		1		1
 		 	 	 		 	 			2		1
 		 	 	 		 	 			4		1
 		 	 	 		 	 			8		1
 		 	 	 		 	 			9		1
 		 	 	 		 	 			7		1
 		 	 	 		 	 			5		1

Time: 55.080876 sec
Send to Nid: 10
Packet_Type		Length	Src_Nid	src_port	Option	Center_nid	Neighbor_nid	Data_plane_port
NeighborUpdate		544	3	1		Finish	 		 		 

Time: 55.140976 sec
Send to Nid: 10
Packet_Type		Length	Src_Nid	src_port	Option	Center_nid	Neighbor_nid	Data_plane_port
NeighborUpdate		544	3	1		New	3		1		1
 		 	 	 		 	 			2		1
 		 	 	 		 	 			4		1
 		 	 	 		 	 			8		1
 		 	 	 		 	 			9		1
 		 	 	 		 	 			7		1
 		 	 	 		 	 			5		1

Time: 55.141076 sec
Send to Nid: 10
Packet_Type		Length	Src_Nid	src_port	Option	Center_nid	Neighbor_nid	Data_plane_port
NeighborUpdate		544	3	1		Finish	 		 		 

Time: 56.200176 sec
Send to Nid: 10
Packet_Type		Length	Src_Nid	src_port	Option	Center_nid	Neighbor_nid	Data_plane_port
NeighborUpdate		544	3	1		New	3		1		1
 		 	 	 		 	 			2		1
 		 	 	 		 	 			4		1
 		 	 	 		 	 			8		1
 		 	 	 		 	 			9		1
 		 	 	 		 	 			7		1
 		 	 	 		 	 			5		1

Time: 56.200276 sec
Send to Nid: 10
Packet_Type		Length	Src_Nid	src_port	Option	Center_nid	Neighbor_nid	Data_plane_port
NeighborUpdate		544	3	1		Finish	 		 		 

Time: 56.380376 sec
Send to Nid: 10
Packet_Type		Length	Src_Nid	src_port	Option	Center_nid	Neighbor_nid	Data_plane_port
NeighborUpdate		544	3	1		New	3		1		1
 		 	 	 		 	 			2		1
 		 	 	 		 	 			4		1
 		 	 	 		 	 			8		1
 		 	 	 		 	 			9		1
 		 	 	 		 	 			7		1
 		 	 	 		 	 			5		1

Time: 56.380476 sec
Send to Nid: 10
Packet_Type		Length	Src_Nid	src_port	Option	Center_nid	Neighbor_nid	Data_plane_port
NeighborUpdate		544	3	1		Finish	 		 		 

Time: 56.554600 sec
Broadcast
Packet_Type	Length	Src_nid	Src_port
Hello		80	3	1

Time: 56.680576 sec
Send to Nid: 10
Packet_Type		Length	Src_Nid	src_port	Option	Center_nid	Neighbor_nid	Data_plane_port
NeighborUpdate		544	3	1		New	3		1		1
 		 	 	 		 	 			2		1
 		 	 	 		 	 			4		1
 		 	 	 		 	 			8		1
 		 	 	 		 	 			9		1
 		 	 	 		 	 			7		1
 		 	 	 		 	 			5		1

Time: 56.680676 sec
Send to Nid: 10
Packet_Type		Length	Src_Nid	src_port	Option	Center_nid	Neighbor_nid	Data_plane_port
NeighborUpdate		544	3	1		Finish	 		 		 

Time: 56.730776 sec
Send to Nid: 10
Packet_Type		Length	Src_Nid	src_port	Option	Center_nid	Neighbor_nid	Data_plane_port
NeighborUpdate		544	3	1		New	3		1		1
 		 	 	 		 	 			2		1
 		 	 	 		 	 			4		1
 		 	 	 		 	 			8		1
 		 	 	 		 	 			9		1
 		 	 	 		 	 			7		1
 		 	 	 		 	 			5		1

Time: 56.730876 sec
Send to Nid: 10
Packet_Type		Length	Src_Nid	src_port	Option	Center_nid	Neighbor_nid	Data_plane_port
NeighborUpdate		544	3	1		Finish	 		 		 

Time: 57.010976 sec
Send to Nid: 10
Packet_Type		Length	Src_Nid	src_port	Option	Center_nid	Neighbor_nid	Data_plane_port
NeighborUpdate		544	3	1		New	3		1		1
 		 	 	 		 	 			2		1
 		 	 	 		 	 			4		1
 		 	 	 		 	 			8		1
 		 	 	 		 	 			9		1
 		 	 	 		 	 			7		1
 		 	 	 		 	 			5		1

Time: 57.011076 sec
Send to Nid: 10
Packet_Type		Length	Src_Nid	src_port	Option	Center_nid	Neighbor_nid	Data_plane_port
NeighborUpdate		544	3	1		Finish	 		 		 

Time: 58.565300 sec
Broadcast
Packet_Type	Length	Src_nid	Src_port
Hello		80	3	1

Time: 59.119244 sec
Send to Nid: 10
Packet_Type		Length	Src_Nid	src_port	Option	Center_nid	Neighbor_nid	Data_plane_port
NeighborUpdate		544	3	1		New	3		1		1
 		 	 	 		 	 			2		1
 		 	 	 		 	 			4		1
 		 	 	 		 	 			8		1
 		 	 	 		 	 			9		1
 		 	 	 		 	 			7		1
 		 	 	 		 	 			5		1

Time: 59.119344 sec
Send to Nid: 10
Packet_Type		Length	Src_Nid	src_port	Option	Center_nid	Neighbor_nid	Data_plane_port
NeighborUpdate		544	3	1		Finish	 		 		 

Time: 59.119444 sec
Send to Nid: 10
Packet_Type	Length	Src_nid	Src_port
Hello		80	3	1

Time: 59.119544 sec
Send to Nid: 10
Packet_Type		Length	Src_Nid	src_port	Option	Center_nid	Neighbor_nid	Data_plane_port
NeighborUpdate		544	3	1		New	3		1		1
 		 	 	 		 	 			2		1
 		 	 	 		 	 			4		1
 		 	 	 		 	 			8		1
 		 	 	 		 	 			9		1
 		 	 	 		 	 			7		1
 		 	 	 		 	 			5		1

Time: 59.119644 sec
Send to Nid: 10
Packet_Type		Length	Src_Nid	src_port	Option	Center_nid	Neighbor_nid	Data_plane_port
NeighborUpdate		544	3	1		Finish	 		 		 

Time: 59.119744 sec
Send to Nid: 10
Packet_Type		Length	Src_Nid	src_port	Option	Center_nid	Neighbor_nid	Data_plane_port
NeighborUpdate		544	3	1		New	3		1		1
 		 	 	 		 	 			2		1
 		 	 	 		 	 			4		1
 		 	 	 		 	 			8		1
 		 	 	 		 	 			9		1
 		 	 	 		 	 			7		1
 		 	 	 		 	 			5		1

Time: 59.119844 sec
Send to Nid: 10
Packet_Type		Length	Src_Nid	src_port	Option	Center_nid	Neighbor_nid	Data_plane_port
NeighborUpdate		544	3	1		Finish	 		 		 

Time: 59.119944 sec
Send to Nid: 10
Packet_Type		Length	Src_Nid	src_port	Option	Center_nid	Neighbor_nid	Data_plane_port
NeighborUpdate		544	3	1		New	3		1		1
 		 	 	 		 	 			2		1
 		 	 	 		 	 			4		1
 		 	 	 		 	 			8		1
 		 	 	 		 	 			9		1
 		 	 	 		 	 			7		1
 		 	 	 		 	 			5		1

Time: 59.120044 sec
Send to Nid: 10
Packet_Type		Length	Src_Nid	src_port	Option	Center_nid	Neighbor_nid	Data_plane_port
NeighborUpdate		544	3	1		Finish	 		 		 

Time: 59.120144 sec
Send to Nid: 10
Packet_Type		Length	Src_Nid	src_port	Option	Center_nid	Neighbor_nid	Data_plane_port
NeighborUpdate		544	3	1		New	3		1		1
 		 	 	 		 	 			2		1
 		 	 	 		 	 			4		1
 		 	 	 		 	 			8		1
 		 	 	 		 	 			9		1
 		 	 	 		 	 			7		1
 		 	 	 		 	 			5		1

Time: 59.121244 sec
Send to Nid: 10
Packet_Type		Length	Src_Nid	src_port	Option	Center_nid	Neighbor_nid	Data_plane_port
NeighborUpdate		544	3	1		Finish	 		 		 

Time: 59.121344 sec
Send to Nid: 10
Packet_Type		Length	Src_Nid	src_port	Option	Center_nid	Neighbor_nid	Data_plane_port
NeighborUpdate		544	3	1		New	3		1		1
 		 	 	 		 	 			2		1
 		 	 	 		 	 			4		1
 		 	 	 		 	 			8		1
 		 	 	 		 	 			9		1
 		 	 	 		 	 			7		1
 		 	 	 		 	 			5		1

Time: 59.121444 sec
Send to Nid: 10
Packet_Type		Length	Src_Nid	src_port	Option	Center_nid	Neighbor_nid	Data_plane_port
NeighborUpdate		544	3	1		Finish	 		 		 

Time: 59.121544 sec
Send to Nid: 10
Packet_Type		Length	Src_Nid	src_port	Option	Center_nid	Neighbor_nid	Data_plane_port
NeighborUpdate		544	3	1		New	3		1		1
 		 	 	 		 	 			2		1
 		 	 	 		 	 			4		1
 		 	 	 		 	 			8		1
 		 	 	 		 	 			9		1
 		 	 	 		 	 			7		1
 		 	 	 		 	 			5		1

Time: 59.121644 sec
Send to Nid: 10
Packet_Type		Length	Src_Nid	src_port	Option	Center_nid	Neighbor_nid	Data_plane_port
NeighborUpdate		544	3	1		Finish	 		 		 

Time: 59.702335 sec
Send to Nid: 10
Packet_Type		Length	Src_Nid	src_port	Option	Center_nid	Neighbor_nid	Data_plane_port
NeighborUpdate		544	3	1		New	3		1		1
 		 	 	 		 	 			2		1
 		 	 	 		 	 			4		1
 		 	 	 		 	 			8		1
 		 	 	 		 	 			9		1
 		 	 	 		 	 			7		1
 		 	 	 		 	 			5		1

Time: 59.702435 sec
Send to Nid: 10
Packet_Type		Length	Src_Nid	src_port	Option	Center_nid	Neighbor_nid	Data_plane_port
NeighborUpdate		544	3	1		Finish	 		 		 

Time: 59.702535 sec
Send to Nid: 10
Packet_Type	Length	Src_nid	Src_port
Hello		80	3	1

Time: 60.190689 sec
Send to Nid: 10
Packet_Type	Length	Src_nid	Src_port
Hello		80	3	1

Time: 60.200789 sec
Send to Nid: 10
Packet_Type		Length	Src_Nid	src_port	Option	Center_nid	Neighbor_nid	Data_plane_port
NeighborUpdate		544	3	1		New	3		1		1
 		 	 	 		 	 			2		1
 		 	 	 		 	 			4		1
 		 	 	 		 	 			8		1
 		 	 	 		 	 			9		1
 		 	 	 		 	 			7		1
 		 	 	 		 	 			5		1

Time: 60.200889 sec
Send to Nid: 10
Packet_Type		Length	Src_Nid	src_port	Option	Center_nid	Neighbor_nid	Data_plane_port
NeighborUpdate		544	3	1		Finish	 		 		 

Time: 60.410989 sec
Send to Nid: 10
Packet_Type		Length	Src_Nid	src_port	Option	Center_nid	Neighbor_nid	Data_plane_port
NeighborUpdate		544	3	1		New	3		1		1
 		 	 	 		 	 			2		1
 		 	 	 		 	 			4		1
 		 	 	 		 	 			8		1
 		 	 	 		 	 			9		1
 		 	 	 		 	 			7		1
 		 	 	 		 	 			5		1

Time: 60.411089 sec
Send to Nid: 10
Packet_Type		Length	Src_Nid	src_port	Option	Center_nid	Neighbor_nid	Data_plane_port
NeighborUpdate		544	3	1		Finish	 		 		 

Time: 60.583900 sec
Broadcast
Packet_Type	Length	Src_nid	Src_port
Hello		80	3	1

Time: 60.710189 sec
Send to Nid: 10
Packet_Type		Length	Src_Nid	src_port	Option	Center_nid	Neighbor_nid	Data_plane_port
NeighborUpdate		544	3	1		New	3		1		1
 		 	 	 		 	 			2		1
 		 	 	 		 	 			4		1
 		 	 	 		 	 			8		1
 		 	 	 		 	 			9		1
 		 	 	 		 	 			7		1
 		 	 	 		 	 			5		1

Time: 60.710289 sec
Send to Nid: 10
Packet_Type		Length	Src_Nid	src_port	Option	Center_nid	Neighbor_nid	Data_plane_port
NeighborUpdate		544	3	1		Finish	 		 		 

Time: 60.780589 sec
Send to Nid: 10
Packet_Type		Length	Src_Nid	src_port	Option	Center_nid	Neighbor_nid	Data_plane_port
NeighborUpdate		544	3	1		New	3		1		1
 		 	 	 		 	 			2		1
 		 	 	 		 	 			4		1
 		 	 	 		 	 			8		1
 		 	 	 		 	 			9		1
 		 	 	 		 	 			7		1
 		 	 	 		 	 			5		1

Time: 60.780689 sec
Send to Nid: 10
Packet_Type		Length	Src_Nid	src_port	Option	Center_nid	Neighbor_nid	Data_plane_port
NeighborUpdate		544	3	1		Finish	 		 		 

Time: 61.567929 sec
Send to Nid: 10
Packet_Type	Length	Src_nid	Src_port
Hello		80	3	1

Time: 61.569029 sec
Send to Nid: 10
Packet_Type		Length	Src_Nid	src_port	Option	Center_nid	Neighbor_nid	Data_plane_port
NeighborUpdate		544	3	1		New	3		1		1
 		 	 	 		 	 			2		1
 		 	 	 		 	 			4		1
 		 	 	 		 	 			8		1
 		 	 	 		 	 			9		1
 		 	 	 		 	 			7		1
 		 	 	 		 	 			5		1

Time: 61.569129 sec
Send to Nid: 10
Packet_Type		Length	Src_Nid	src_port	Option	Center_nid	Neighbor_nid	Data_plane_port
NeighborUpdate		544	3	1		Finish	 		 		 

Time: 61.569229 sec
Send to Nid: 10
Packet_Type		Length	Src_Nid	src_port	Option	Center_nid	Neighbor_nid	Data_plane_port
NeighborUpdate		544	3	1		New	3		1		1
 		 	 	 		 	 			2		1
 		 	 	 		 	 			4		1
 		 	 	 		 	 			8		1
 		 	 	 		 	 			9		1
 		 	 	 		 	 			7		1
 		 	 	 		 	 			5		1

Time: 61.569329 sec
Send to Nid: 10
Packet_Type		Length	Src_Nid	src_port	Option	Center_nid	Neighbor_nid	Data_plane_port
NeighborUpdate		544	3	1		Finish	 		 		 

Time: 62.601400 sec
Broadcast
Packet_Type	Length	Src_nid	Src_port
Hello		80	3	1

Time: 64.622900 sec
Broadcast
Packet_Type	Length	Src_nid	Src_port
Hello		80	3	1

Time: 66.631400 sec
Broadcast
Packet_Type	Length	Src_nid	Src_port
Hello		80	3	1

Time: 68.647800 sec
Broadcast
Packet_Type	Length	Src_nid	Src_port
Hello		80	3	1

Time: 69.345156 sec
Send to Nid: 10
Packet_Type	Length	Src_nid	Src_port
Hello		80	3	1

Time: 69.346256 sec
Send to Nid: 10
Packet_Type		Length	Src_Nid	src_port	Option	Center_nid	Neighbor_nid	Data_plane_port
NeighborUpdate		544	3	1		New	3		1		1
 		 	 	 		 	 			2		1
 		 	 	 		 	 			4		1
 		 	 	 		 	 			8		1
 		 	 	 		 	 			7		1
 		 	 	 		 	 			5		1

Time: 69.346356 sec
Send to Nid: 10
Packet_Type		Length	Src_Nid	src_port	Option	Center_nid	Neighbor_nid	Data_plane_port
NeighborUpdate		544	3	1		Finish	 		 		 

Time: 69.346456 sec
Send to Nid: 10
Packet_Type		Length	Src_Nid	src_port	Option	Center_nid	Neighbor_nid	Data_plane_port
NeighborUpdate		544	3	1		New	3		1		1
 		 	 	 		 	 			2		1
 		 	 	 		 	 			4		1
 		 	 	 		 	 			8		1
 		 	 	 		 	 			7		1
 		 	 	 		 	 			5		1

Time: 69.346556 sec
Send to Nid: 10
Packet_Type		Length	Src_Nid	src_port	Option	Center_nid	Neighbor_nid	Data_plane_port
NeighborUpdate		544	3	1		Finish	 		 		 

Time: 69.346656 sec
Send to Nid: 10
Packet_Type		Length	Src_Nid	src_port	Option	Center_nid	Neighbor_nid	Data_plane_port
NeighborUpdate		544	3	1		New	3		1		1
 		 	 	 		 	 			2		1
 		 	 	 		 	 			4		1
 		 	 	 		 	 			8		1
 		 	 	 		 	 			7		1
 		 	 	 		 	 			5		1

Time: 69.346756 sec
Send to Nid: 10
Packet_Type		Length	Src_Nid	src_port	Option	Center_nid	Neighbor_nid	Data_plane_port
NeighborUpdate		544	3	1		Finish	 		 		 

Time: 69.346856 sec
Send to Nid: 10
Packet_Type		Length	Src_Nid	src_port	Option	Center_nid	Neighbor_nid	Data_plane_port
NeighborUpdate		544	3	1		New	3		1		1
 		 	 	 		 	 			2		1
 		 	 	 		 	 			4		1
 		 	 	 		 	 			8		1
 		 	 	 		 	 			7		1
 		 	 	 		 	 			5		1

Time: 69.346956 sec
Send to Nid: 10
Packet_Type		Length	Src_Nid	src_port	Option	Center_nid	Neighbor_nid	Data_plane_port
NeighborUpdate		544	3	1		Finish	 		 		 

Time: 69.347056 sec
Send to Nid: 10
Packet_Type		Length	Src_Nid	src_port	Option	Center_nid	Neighbor_nid	Data_plane_port
NeighborUpdate		544	3	1		New	3		1		1
 		 	 	 		 	 			2		1
 		 	 	 		 	 			4		1
 		 	 	 		 	 			8		1
 		 	 	 		 	 			7		1
 		 	 	 		 	 			5		1

Time: 69.347156 sec
Send to Nid: 10
Packet_Type		Length	Src_Nid	src_port	Option	Center_nid	Neighbor_nid	Data_plane_port
NeighborUpdate		544	3	1		Finish	 		 		 

Time: 69.348256 sec
Send to Nid: 10
Packet_Type		Length	Src_Nid	src_port	Option	Center_nid	Neighbor_nid	Data_plane_port
NeighborUpdate		544	3	1		New	3		1		1
 		 	 	 		 	 			2		1
 		 	 	 		 	 			4		1
 		 	 	 		 	 			8		1
 		 	 	 		 	 			7		1
 		 	 	 		 	 			5		1

Time: 69.348356 sec
Send to Nid: 10
Packet_Type		Length	Src_Nid	src_port	Option	Center_nid	Neighbor_nid	Data_plane_port
NeighborUpdate		544	3	1		Finish	 		 		 

Time: 69.348456 sec
Send to Nid: 10
Packet_Type		Length	Src_Nid	src_port	Option	Center_nid	Neighbor_nid	Data_plane_port
NeighborUpdate		544	3	1		New	3		1		1
 		 	 	 		 	 			2		1
 		 	 	 		 	 			4		1
 		 	 	 		 	 			8		1
 		 	 	 		 	 			7		1
 		 	 	 		 	 			5		1

Time: 70.657300 sec
Broadcast
Packet_Type	Length	Src_nid	Src_port
Hello		80	3	1

Time: 72.677700 sec
Broadcast
Packet_Type	Length	Src_nid	Src_port
Hello		80	3	1

Time: 74.690200 sec
Broadcast
Packet_Type	Length	Src_nid	Src_port
Hello		80	3	1

Time: 76.701700 sec
Broadcast
Packet_Type	Length	Src_nid	Src_port
Hello		80	3	1

Time: 77.874591 sec
Send to Nid: 10
Packet_Type		Length	Src_Nid	src_port	Option	Center_nid	Neighbor_nid	Data_plane_port
NeighborUpdate		544	3	1		Finish	 		 		 

Time: 77.874691 sec
Send to Nid: 10
Packet_Type		Length	Src_Nid	src_port	Option	Center_nid	Neighbor_nid	Data_plane_port
NeighborUpdate		544	3	1		New	3		1		1
 		 	 	 		 	 			2		1
 		 	 	 		 	 			4		1
 		 	 	 		 	 			8		1
 		 	 	 		 	 			7		1
 		 	 	 		 	 			5		1

Time: 77.874791 sec
Send to Nid: 10
Packet_Type		Length	Src_Nid	src_port	Option	Center_nid	Neighbor_nid	Data_plane_port
NeighborUpdate		544	3	1		Finish	 		 		 

Time: 77.874891 sec
Send to Nid: 10
Packet_Type		Length	Src_Nid	src_port	Option	Center_nid	Neighbor_nid	Data_plane_port
NeighborUpdate		544	3	1		New	3		1		1
 		 	 	 		 	 			2		1
 		 	 	 		 	 			4		1
 		 	 	 		 	 			8		1
 		 	 	 		 	 			7		1
 		 	 	 		 	 			5		1

Time: 77.874991 sec
Send to Nid: 10
Packet_Type		Length	Src_Nid	src_port	Option	Center_nid	Neighbor_nid	Data_plane_port
NeighborUpdate		544	3	1		Finish	 		 		 

Time: 77.875091 sec
Send to Nid: 10
Packet_Type		Length	Src_Nid	src_port	Option	Center_nid	Neighbor_nid	Data_plane_port
NeighborUpdate		544	3	1		New	3		1		1
 		 	 	 		 	 			2		1
 		 	 	 		 	 			4		1
 		 	 	 		 	 			8		1
 		 	 	 		 	 			7		1
 		 	 	 		 	 			5		1

Time: 77.875191 sec
Send to Nid: 10
Packet_Type		Length	Src_Nid	src_port	Option	Center_nid	Neighbor_nid	Data_plane_port
NeighborUpdate		544	3	1		Finish	 		 		 

Time: 77.875291 sec
Send to Nid: 10
Packet_Type	Length	Src_nid	Src_port
Hello		80	3	1

Time: 77.875391 sec
Send to Nid: 10
Packet_Type		Length	Src_Nid	src_port	Option	Center_nid	Neighbor_nid	Data_plane_port
NeighborUpdate		544	3	1		New	3		1		1
 		 	 	 		 	 			2		1
 		 	 	 		 	 			4		1
 		 	 	 		 	 			8		1
 		 	 	 		 	 			7		1
 		 	 	 		 	 			5		1
 		 	 	 		 	 			9		1

Time: 77.875491 sec
Send to Nid: 10
Packet_Type		Length	Src_Nid	src_port	Option	Center_nid	Neighbor_nid	Data_plane_port
NeighborUpdate		544	3	1		Finish	 		 		 

Time: 77.876591 sec
Send to Nid: 10
Packet_Type		Length	Src_Nid	src_port	Option	Center_nid	Neighbor_nid	Data_plane_port
NeighborUpdate		544	3	1		New	3		1		1
 		 	 	 		 	 			4		1
 		 	 	 		 	 			8		1
 		 	 	 		 	 			7		1
 		 	 	 		 	 			5		1
 		 	 	 		 	 			9		1

Time: 77.876691 sec
Send to Nid: 10
Packet_Type		Length	Src_Nid	src_port	Option	Center_nid	Neighbor_nid	Data_plane_port
NeighborUpdate		544	3	1		Finish	 		 		 

Time: 77.876791 sec
Send to Nid: 10
Packet_Type		Length	Src_Nid	src_port	Option	Center_nid	Neighbor_nid	Data_plane_port
NeighborUpdate		544	3	1		New	3		1		1
 		 	 	 		 	 			4		1
 		 	 	 		 	 			8		1
 		 	 	 		 	 			7		1
 		 	 	 		 	 			5		1
 		 	 	 		 	 			9		1

Time: 77.876891 sec
Send to Nid: 10
Packet_Type		Length	Src_Nid	src_port	Option	Center_nid	Neighbor_nid	Data_plane_port
NeighborUpdate		544	3	1		Finish	 		 		 

Time: 77.876991 sec
Send to Nid: 10
Packet_Type		Length	Src_Nid	src_port	Option	Center_nid	Neighbor_nid	Data_plane_port
NeighborUpdate		544	3	1		New	3		1		1
 		 	 	 		 	 			4		1
 		 	 	 		 	 			8		1
 		 	 	 		 	 			7		1
 		 	 	 		 	 			5		1
 		 	 	 		 	 			9		1

Time: 78.716300 sec
Broadcast
Packet_Type	Length	Src_nid	Src_port
Hello		80	3	1

Time: 80.723900 sec
Broadcast
Packet_Type	Length	Src_nid	Src_port
Hello		80	3	1

Time: 82.746300 sec
Broadcast
Packet_Type	Length	Src_nid	Src_port
Hello		80	3	1

Time: 84.758700 sec
Broadcast
Packet_Type	Length	Src_nid	Src_port
Hello		80	3	1

Time: 86.781300 sec
Broadcast
Packet_Type	Length	Src_nid	Src_port
Hello		80	3	1

Time: 87.753912 sec
Send to Nid: 10
Packet_Type		Length	Src_Nid	src_port	Option	Center_nid	Neighbor_nid	Data_plane_port
NeighborUpdate		544	3	1		Finish	 		 		 

Time: 87.754012 sec
Send to Nid: 10
Packet_Type		Length	Src_Nid	src_port	Option	Center_nid	Neighbor_nid	Data_plane_port
NeighborUpdate		544	3	1		New	3		1		1
 		 	 	 		 	 			4		1
 		 	 	 		 	 			8		1
 		 	 	 		 	 			7		1
 		 	 	 		 	 			5		1
 		 	 	 		 	 			9		1

Time: 87.754112 sec
Send to Nid: 10
Packet_Type		Length	Src_Nid	src_port	Option	Center_nid	Neighbor_nid	Data_plane_port
NeighborUpdate		544	3	1		New	3		1		1
 		 	 	 		 	 			4		1
 		 	 	 		 	 			8		1
 		 	 	 		 	 			7		1
 		 	 	 		 	 			5		1
 		 	 	 		 	 			9		1

Time: 87.754212 sec
Send to Nid: 10
Packet_Type		Length	Src_Nid	src_port	Option	Center_nid	Neighbor_nid	Data_plane_port
NeighborUpdate		544	3	1		Finish	 		 		 

Time: 87.754312 sec
Send to Nid: 10
Packet_Type		Length	Src_Nid	src_port	Option	Center_nid	Neighbor_nid	Data_plane_port
NeighborUpdate		544	3	1		New	3		1		1
 		 	 	 		 	 			4		1
 		 	 	 		 	 			8		1
 		 	 	 		 	 			7		1
 		 	 	 		 	 			5		1
 		 	 	 		 	 			9		1

Time: 87.754412 sec
Send to Nid: 10
Packet_Type		Length	Src_Nid	src_port	Option	Center_nid	Neighbor_nid	Data_plane_port
NeighborUpdate		544	3	1		Finish	 		 		 

Time: 87.754512 sec
Send to Nid: 10
Packet_Type		Length	Src_Nid	src_port	Option	Center_nid	Neighbor_nid	Data_plane_port
NeighborUpdate		544	3	1		New	3		1		1
 		 	 	 		 	 			4		1
 		 	 	 		 	 			8		1
 		 	 	 		 	 			7		1
 		 	 	 		 	 			5		1
 		 	 	 		 	 			9		1

Time: 87.754612 sec
Send to Nid: 10
Packet_Type		Length	Src_Nid	src_port	Option	Center_nid	Neighbor_nid	Data_plane_port
NeighborUpdate		544	3	1		Finish	 		 		 

Time: 87.754712 sec
Send to Nid: 10
Packet_Type		Length	Src_Nid	src_port	Option	Center_nid	Neighbor_nid	Data_plane_port
NeighborUpdate		544	3	1		New	3		1		1
 		 	 	 		 	 			4		1
 		 	 	 		 	 			8		1
 		 	 	 		 	 			7		1
 		 	 	 		 	 			5		1
 		 	 	 		 	 			9		1

Time: 87.754812 sec
Send to Nid: 10
Packet_Type		Length	Src_Nid	src_port	Option	Center_nid	Neighbor_nid	Data_plane_port
NeighborUpdate		544	3	1		Finish	 		 		 

Time: 87.755912 sec
Send to Nid: 10
Packet_Type		Length	Src_Nid	src_port	Option	Center_nid	Neighbor_nid	Data_plane_port
NeighborUpdate		544	3	1		New	3		1		1
 		 	 	 		 	 			4		1
 		 	 	 		 	 			8		1
 		 	 	 		 	 			7		1
 		 	 	 		 	 			5		1
 		 	 	 		 	 			9		1

Time: 87.756012 sec
Send to Nid: 10
Packet_Type		Length	Src_Nid	src_port	Option	Center_nid	Neighbor_nid	Data_plane_port
NeighborUpdate		544	3	1		Finish	 		 		 

Time: 87.756112 sec
Send to Nid: 10
Packet_Type		Length	Src_Nid	src_port	Option	Center_nid	Neighbor_nid	Data_plane_port
NeighborUpdate		544	3	1		New	3		1		1
 		 	 	 		 	 			4		1
 		 	 	 		 	 			8		1
 		 	 	 		 	 			7		1
 		 	 	 		 	 			5		1
 		 	 	 		 	 			9		1

Time: 87.756212 sec
Send to Nid: 10
Packet_Type	Length	Src_nid	Src_port
Hello		80	3	1

Time: 87.756312 sec
Send to Nid: 10
Packet_Type		Length	Src_Nid	src_port	Option	Center_nid	Neighbor_nid	Data_plane_port
NeighborUpdate		544	3	1		Finish	 		 		 

Time: 88.786900 sec
Broadcast
Packet_Type	Length	Src_nid	Src_port
Hello		80	3	1

Time: 90.793400 sec
Broadcast
Packet_Type	Length	Src_nid	Src_port
Hello		80	3	1

Time: 92.822900 sec
Broadcast
Packet_Type	Length	Src_nid	Src_port
Hello		80	3	1

Time: 94.853400 sec
Broadcast
Packet_Type	Length	Src_nid	Src_port
Hello		80	3	1

Time: 96.876000 sec
Broadcast
Packet_Type	Length	Src_nid	Src_port
Hello		80	3	1

Time: 98.881600 sec
Broadcast
Packet_Type	Length	Src_nid	Src_port
Hello		80	3	1

Time: 99.202331 sec
Send to Nid: 10
Packet_Type		Length	Src_Nid	src_port	Option	Center_nid	Neighbor_nid	Data_plane_port
NeighborUpdate		544	3	1		New	3		1		1
 		 	 	 		 	 			4		1
 		 	 	 		 	 			8		1
 		 	 	 		 	 			7		1
 		 	 	 		 	 			5		1
 		 	 	 		 	 			9		1

Time: 99.202431 sec
Send to Nid: 10
Packet_Type		Length	Src_Nid	src_port	Option	Center_nid	Neighbor_nid	Data_plane_port
NeighborUpdate		544	3	1		Finish	 		 		 

Time: 99.202531 sec
Send to Nid: 10
Packet_Type		Length	Src_Nid	src_port	Option	Center_nid	Neighbor_nid	Data_plane_port
NeighborUpdate		544	3	1		New	3		1		1
 		 	 	 		 	 			4		1
 		 	 	 		 	 			8		1
 		 	 	 		 	 			7		1
 		 	 	 		 	 			5		1
 		 	 	 		 	 			9		1

Time: 99.202631 sec
Send to Nid: 10
Packet_Type		Length	Src_Nid	src_port	Option	Center_nid	Neighbor_nid	Data_plane_port
NeighborUpdate		544	3	1		Finish	 		 		 

Time: 99.202731 sec
Send to Nid: 10
Packet_Type		Length	Src_Nid	src_port	Option	Center_nid	Neighbor_nid	Data_plane_port
NeighborUpdate		544	3	1		New	3		1		1
 		 	 	 		 	 			4		1
 		 	 	 		 	 			8		1
 		 	 	 		 	 			7		1
 		 	 	 		 	 			5		1
 		 	 	 		 	 			9		1

Time: 99.202831 sec
Send to Nid: 10
Packet_Type		Length	Src_Nid	src_port	Option	Center_nid	Neighbor_nid	Data_plane_port
NeighborUpdate		544	3	1		Finish	 		 		 

Time: 99.202931 sec
Send to Nid: 10
Packet_Type		Length	Src_Nid	src_port	Option	Center_nid	Neighbor_nid	Data_plane_port
NeighborUpdate		544	3	1		New	3		1		1
 		 	 	 		 	 			4		1
 		 	 	 		 	 			8		1
 		 	 	 		 	 			7		1
 		 	 	 		 	 			5		1
 		 	 	 		 	 			9		1

Time: 99.203031 sec
Send to Nid: 10
Packet_Type		Length	Src_Nid	src_port	Option	Center_nid	Neighbor_nid	Data_plane_port
NeighborUpdate		544	3	1		Finish	 		 		 

Time: 99.203131 sec
Send to Nid: 10
Packet_Type		Length	Src_Nid	src_port	Option	Center_nid	Neighbor_nid	Data_plane_port
NeighborUpdate		544	3	1		New	3		1		1
 		 	 	 		 	 			8		1
 		 	 	 		 	 			7		1
 		 	 	 		 	 			5		1
 		 	 	 		 	 			9		1
 		 	 	 		 	 			4		1

Time: 99.203231 sec
Send to Nid: 10
Packet_Type		Length	Src_Nid	src_port	Option	Center_nid	Neighbor_nid	Data_plane_port
NeighborUpdate		544	3	1		Finish	 		 		 

Time: 99.204331 sec
Send to Nid: 10
Packet_Type		Length	Src_Nid	src_port	Option	Center_nid	Neighbor_nid	Data_plane_port
NeighborUpdate		544	3	1		New	3		1		1
 		 	 	 		 	 			8		1
 		 	 	 		 	 			7		1
 		 	 	 		 	 			5		1
 		 	 	 		 	 			9		1
 		 	 	 		 	 			4		1

Time: 99.204431 sec
Send to Nid: 10
Packet_Type		Length	Src_Nid	src_port	Option	Center_nid	Neighbor_nid	Data_plane_port
NeighborUpdate		544	3	1		Finish	 		 		 

Time: 99.204531 sec
Send to Nid: 10
Packet_Type		Length	Src_Nid	src_port	Option	Center_nid	Neighbor_nid	Data_plane_port
NeighborUpdate		544	3	1		New	3		1		1
 		 	 	 		 	 			8		1
 		 	 	 		 	 			7		1
 		 	 	 		 	 			5		1
 		 	 	 		 	 			9		1
 		 	 	 		 	 			4		1

Time: 99.204631 sec
Send to Nid: 10
Packet_Type		Length	Src_Nid	src_port	Option	Center_nid	Neighbor_nid	Data_plane_port
NeighborUpdate		544	3	1		Finish	 		 		 

