Time: 2.007000 sec
Packet_Type	Length	Src_nid	Src_port
Hello		80	1	1

Time: 2.007100 sec
Packet_Type	Length	Src_nid	Src_port
Hello		80	5	1

Time: 2.009200 sec
Packet_Type	Length	Src_nid	Src_port
Hello		80	2	1

Time: 2.026300 sec
Packet_Type	Length	Src_nid	Src_port
Hello		80	3	1

Time: 2.029400 sec
Packet_Type	Length	Src_nid	Src_port
Hello		80	4	1

Time: 2.059500 sec
Packet_Type	Length	Src_nid	Src_port
Hello		80	6	1

Time: 2.075600 sec
Packet_Type	Length	Src_nid	Src_port
Hello		80	8	1

Time: 2.077700 sec
Packet_Type	Length	Src_nid	Src_port
Hello		80	9	1

Time: 4.012800 sec
Packet_Type	Length	Src_nid	Src_port
Hello		80	1	1

Time: 4.028900 sec
Packet_Type	Length	Src_nid	Src_port
Hello		80	5	1

Time: 4.030000 sec
Packet_Type	Length	Src_nid	Src_port
Hello		80	2	1

Time: 4.049100 sec
Packet_Type	Length	Src_nid	Src_port
Hello		80	3	1

Time: 4.050200 sec
Packet_Type	Length	Src_nid	Src_port
Hello		80	4	1

Time: 4.095300 sec
Packet_Type	Length	Src_nid	Src_port
Hello		80	8	1

Time: 4.106400 sec
Packet_Type	Length	Src_nid	Src_port
Hello		80	6	1

Time: 4.115500 sec
Packet_Type	Length	Src_nid	Src_port
Hello		80	9	1

Time: 6.016600 sec
Packet_Type	Length	Src_nid	Src_port
Hello		80	1	1

Time: 6.038700 sec
Packet_Type	Length	Src_nid	Src_port
Hello		80	2	1

Time: 6.041800 sec
Packet_Type	Length	Src_nid	Src_port
Hello		80	5	1

Time: 6.053900 sec
Packet_Type	Length	Src_nid	Src_port
Hello		80	3	1

Time: 6.091000 sec
Packet_Type	Length	Src_nid	Src_port
Hello		80	4	1

Time: 6.121100 sec
Packet_Type	Length	Src_nid	Src_port
Hello		80	8	1

Time: 6.140200 sec
Packet_Type	Length	Src_nid	Src_port
Hello		80	6	1

Time: 6.169300 sec
Packet_Type	Length	Src_nid	Src_port
Hello		80	9	1

Time: 10.026400 sec
Packet_Type	Length	Src_nid	Src_port
Hello		80	1	1

Time: 10.077500 sec
Packet_Type	Length	Src_nid	Src_port
Hello		80	3	1

Time: 10.080600 sec
Packet_Type	Length	Src_nid	Src_port
Hello		80	2	1

Time: 10.099700 sec
Packet_Type	Length	Src_nid	Src_port
Hello		80	5	1

Time: 10.222800 sec
Packet_Type	Length	Src_nid	Src_port
Hello		80	8	1

Time: 10.229900 sec
Packet_Type	Length	Src_nid	Src_port
Hello		80	9	1

Time: 10.234000 sec
Packet_Type	Length	Src_nid	Src_port
Hello		80	6	1

Time: 12.035100 sec
Packet_Type	Length	Src_nid	Src_port
Hello		80	1	1

Time: 12.094200 sec
Packet_Type	Length	Src_nid	Src_port
Hello		80	3	1

Time: 12.095300 sec
Packet_Type	Length	Src_nid	Src_port
Hello		80	2	1

Time: 12.103400 sec
Packet_Type	Length	Src_nid	Src_port
Hello		80	5	1

Time: 12.149500 sec
Packet_Type	Length	Src_nid	Src_port
Hello		80	4	1

Time: 12.231600 sec
Packet_Type	Length	Src_nid	Src_port
Hello		80	8	1

Time: 12.251700 sec
Packet_Type	Length	Src_nid	Src_port
Hello		80	9	1

Time: 12.292800 sec
Packet_Type	Length	Src_nid	Src_port
Hello		80	6	1

Time: 14.041900 sec
Packet_Type	Length	Src_nid	Src_port
Hello		80	1	1

Time: 14.113000 sec
Packet_Type	Length	Src_nid	Src_port
Hello		80	2	1

Time: 14.119100 sec
Packet_Type	Length	Src_nid	Src_port
Hello		80	3	1

Time: 14.149200 sec
Packet_Type	Length	Src_nid	Src_port
Hello		80	5	1

Time: 14.185300 sec
Packet_Type	Length	Src_nid	Src_port
Hello		80	4	1

Time: 14.303400 sec
Packet_Type	Length	Src_nid	Src_port
Hello		80	6	1

Time: 14.306500 sec
Packet_Type	Length	Src_nid	Src_port
Hello		80	8	1

Time: 14.327600 sec
Packet_Type	Length	Src_nid	Src_port
Hello		80	9	1

Time: 18.060700 sec
Packet_Type	Length	Src_nid	Src_port
Hello		80	1	1

Time: 18.144800 sec
Packet_Type	Length	Src_nid	Src_port
Hello		80	2	1

Time: 18.158900 sec
Packet_Type	Length	Src_nid	Src_port
Hello		80	5	1

Time: 18.178000 sec
Packet_Type	Length	Src_nid	Src_port
Hello		80	3	1

Time: 18.216100 sec
Packet_Type	Length	Src_nid	Src_port
Hello		80	4	1

Time: 18.356200 sec
Packet_Type	Length	Src_nid	Src_port
Hello		80	9	1

Time: 18.375300 sec
Packet_Type	Length	Src_nid	Src_port
Hello		80	6	1

Time: 18.398400 sec
Packet_Type	Length	Src_nid	Src_port
Hello		80	8	1

Time: 18.557461 sec
Packet_Type		Length	Src_Nid	src_port	Option	Center_nid	Neighbor_nid	Data_plane_port
NeighborUpdate		544	10	1		New	7		1		1
 		 	 	 		 	 			5		1
 		 	 	 		 	 			2		1
 		 	 	 		 	 			3		1
 		 	 	 		 	 			6		1
 		 	 	 		 	 			8		1
 		 	 	 		 	 			9		1
 		 	 	 		 	 			4		1

Time: 18.600262 sec
Packet_Type		Length	Src_nid	Src_port	Option	Origin_nid	Destination_nid	Next_hop_nid
UpdateDataPlaneRouting	796	10	1		New	7		3		3
 		 	 	 		 		 		8		8

Time: 18.601362 sec
Packet_Type		Length	Src_nid	Src_port	Option	Origin_nid	Destination_nid	Next_hop_nid
UpdateDataPlaneRouting	796	10	1		Finish	 		 		 

Time: 19.824462 sec
Packet_Type		Length	Src_nid	Src_port	Option	Origin_nid	Destination_nid	Next_hop_nid
UpdateDataPlaneRouting	796	10	1		New	7		3		3
 		 	 	 		 		 		4		4
 		 	 	 		 		 		8		8

Time: 19.825562 sec
Packet_Type		Length	Src_nid	Src_port	Option	Origin_nid	Destination_nid	Next_hop_nid
UpdateDataPlaneRouting	796	10	1		Finish	 		 		 

Time: 19.835662 sec
Packet_Type		Length	Src_nid	Src_port	Option	Origin_nid	Destination_nid	Next_hop_nid
UpdateDataPlaneRouting	796	10	1		New	7		3		3
 		 	 	 		 		 		4		4
 		 	 	 		 		 		8		8

Time: 19.837762 sec
Packet_Type		Length	Src_nid	Src_port	Option	Origin_nid	Destination_nid	Next_hop_nid
UpdateDataPlaneRouting	796	10	1		Finish	 		 		 

Time: 19.854862 sec
Packet_Type		Length	Src_nid	Src_port	Option	Origin_nid	Destination_nid	Next_hop_nid
UpdateDataPlaneRouting	796	10	1		New	7		3		3
 		 	 	 		 		 		4		4
 		 	 	 		 		 		8		8

Time: 19.856962 sec
Packet_Type		Length	Src_nid	Src_port	Option	Origin_nid	Destination_nid	Next_hop_nid
UpdateDataPlaneRouting	796	10	1		Finish	 		 		 

Time: 19.894822 sec
Packet_Type		Length	Src_nid	Src_port	Option	Origin_nid	Destination_nid	Next_hop_nid
UpdateDataPlaneRouting	796	10	1		New	7		3		3
 		 	 	 		 		 		4		4
 		 	 	 		 		 		5		5
 		 	 	 		 		 		8		8

Time: 19.896922 sec
Packet_Type		Length	Src_nid	Src_port	Option	Origin_nid	Destination_nid	Next_hop_nid
UpdateDataPlaneRouting	796	10	1		Finish	 		 		 

Time: 20.066500 sec
Packet_Type	Length	Src_nid	Src_port
Hello		80	1	1

Time: 20.161600 sec
Packet_Type	Length	Src_nid	Src_port
Hello		80	2	1

Time: 20.178700 sec
Packet_Type	Length	Src_nid	Src_port
Hello		80	5	1

Time: 20.194800 sec
Packet_Type	Length	Src_nid	Src_port
Hello		80	3	1

Time: 20.235900 sec
Packet_Type	Length	Src_nid	Src_port
Hello		80	4	1

Time: 20.380000 sec
Packet_Type	Length	Src_nid	Src_port
Hello		80	6	1

Time: 20.394100 sec
Packet_Type	Length	Src_nid	Src_port
Hello		80	9	1

Time: 20.470200 sec
Packet_Type	Length	Src_nid	Src_port
Hello		80	8	1

Time: 22.072300 sec
Packet_Type	Length	Src_nid	Src_port
Hello		80	1	1

Time: 22.167400 sec
Packet_Type	Length	Src_nid	Src_port
Hello		80	2	1

Time: 22.217500 sec
Packet_Type	Length	Src_nid	Src_port
Hello		80	5	1

Time: 22.218600 sec
Packet_Type	Length	Src_nid	Src_port
Hello		80	3	1

Time: 22.263700 sec
Packet_Type	Length	Src_nid	Src_port
Hello		80	4	1

Time: 22.397800 sec
Packet_Type	Length	Src_nid	Src_port
Hello		80	6	1

Time: 22.497900 sec
Packet_Type	Length	Src_nid	Src_port
Hello		80	8	1

Time: 22.877294 sec
Packet_Type		Length	Src_Nid	src_port	Option	Center_nid	Neighbor_nid	Data_plane_port
NeighborUpdate		544	10	1		New	7		1		1
 		 	 	 		 	 			5		1
 		 	 	 		 	 			2		1
 		 	 	 		 	 			3		1
 		 	 	 		 	 			6		1
 		 	 	 		 	 			8		1
 		 	 	 		 	 			9		1
 		 	 	 		 	 			4		1

Time: 23.058897 sec
Packet_Type		Length	Src_nid	Src_port	Option	Origin_nid	Destination_nid	Next_hop_nid
UpdateDataPlaneRouting	796	10	1		New	7		3		3
 		 	 	 		 		 		4		4
 		 	 	 		 		 		5		5
 		 	 	 		 		 		6		6
 		 	 	 		 		 		8		8
 		 	 	 		 		 		9		9

Time: 23.060997 sec
Packet_Type		Length	Src_nid	Src_port	Option	Origin_nid	Destination_nid	Next_hop_nid
UpdateDataPlaneRouting	796	10	1		Finish	 		 		 

Time: 24.081000 sec
Packet_Type	Length	Src_nid	Src_port
Hello		80	1	1

Time: 24.178100 sec
Packet_Type	Length	Src_nid	Src_port
Hello		80	2	1

Time: 24.248200 sec
Packet_Type	Length	Src_nid	Src_port
Hello		80	3	1

Time: 24.268300 sec
Packet_Type	Length	Src_nid	Src_port
Hello		80	5	1

Time: 24.290400 sec
Packet_Type	Length	Src_nid	Src_port
Hello		80	4	1

Time: 24.406500 sec
Packet_Type	Length	Src_nid	Src_port
Hello		80	6	1

Time: 24.549600 sec
Packet_Type	Length	Src_nid	Src_port
Hello		80	8	1

Time: 25.490697 sec
Packet_Type		Length	Src_nid	Src_port	Option	Origin_nid	Destination_nid	Next_hop_nid
UpdateDataPlaneRouting	796	10	1		New	7		3		3
 		 	 	 		 		 		4		4
 		 	 	 		 		 		5		5
 		 	 	 		 		 		6		6
 		 	 	 		 		 		8		8
 		 	 	 		 		 		9		9

Time: 25.493797 sec
Packet_Type		Length	Src_nid	Src_port	Option	Origin_nid	Destination_nid	Next_hop_nid
UpdateDataPlaneRouting	796	10	1		Finish	 		 		 

Time: 25.510897 sec
Packet_Type		Length	Src_nid	Src_port	Option	Origin_nid	Destination_nid	Next_hop_nid
UpdateDataPlaneRouting	796	10	1		New	7		3		3
 		 	 	 		 		 		4		4
 		 	 	 		 		 		5		5
 		 	 	 		 		 		6		6
 		 	 	 		 		 		8		8
 		 	 	 		 		 		9		9

Time: 25.511997 sec
Packet_Type		Length	Src_nid	Src_port	Option	Origin_nid	Destination_nid	Next_hop_nid
UpdateDataPlaneRouting	796	10	1		Finish	 		 		 

Time: 25.528097 sec
Packet_Type		Length	Src_nid	Src_port	Option	Origin_nid	Destination_nid	Next_hop_nid
UpdateDataPlaneRouting	796	10	1		New	7		3		3
 		 	 	 		 		 		4		4
 		 	 	 		 		 		5		5
 		 	 	 		 		 		6		6
 		 	 	 		 		 		8		8
 		 	 	 		 		 		9		9

Time: 25.529197 sec
Packet_Type		Length	Src_nid	Src_port	Option	Origin_nid	Destination_nid	Next_hop_nid
UpdateDataPlaneRouting	796	10	1		Finish	 		 		 

Time: 25.744935 sec
Packet_Type		Length	Src_nid	Src_port	Option	Origin_nid	Destination_nid	Next_hop_nid
UpdateDataPlaneRouting	796	10	1		New	7		3		3
 		 	 	 		 		 		4		4
 		 	 	 		 		 		5		5
 		 	 	 		 		 		6		6
 		 	 	 		 		 		8		8

Time: 25.746035 sec
Packet_Type		Length	Src_nid	Src_port	Option	Origin_nid	Destination_nid	Next_hop_nid
UpdateDataPlaneRouting	796	10	1		Finish	 		 		 

Time: 26.083700 sec
Packet_Type	Length	Src_nid	Src_port
Hello		80	1	1

Time: 26.193800 sec
Packet_Type	Length	Src_nid	Src_port
Hello		80	2	1

Time: 26.272900 sec
Packet_Type	Length	Src_nid	Src_port
Hello		80	3	1

Time: 26.311000 sec
Packet_Type	Length	Src_nid	Src_port
Hello		80	4	1

Time: 26.316100 sec
Packet_Type	Length	Src_nid	Src_port
Hello		80	5	1

Time: 26.344922 sec
Packet_Type		Length	Src_nid	Src_port	Option	Origin_nid	Destination_nid	Next_hop_nid
UpdateDataPlaneRouting	796	10	1		New	7		3		3
 		 	 	 		 		 		4		4
 		 	 	 		 		 		5		5
 		 	 	 		 		 		6		6
 		 	 	 		 		 		8		8

Time: 26.346022 sec
Packet_Type		Length	Src_nid	Src_port	Option	Origin_nid	Destination_nid	Next_hop_nid
UpdateDataPlaneRouting	796	10	1		Finish	 		 		 

Time: 26.611200 sec
Packet_Type	Length	Src_nid	Src_port
Hello		80	8	1

Time: 28.095300 sec
Packet_Type	Length	Src_nid	Src_port
Hello		80	1	1

Time: 28.219400 sec
Packet_Type	Length	Src_nid	Src_port
Hello		80	2	1

Time: 28.296500 sec
Packet_Type	Length	Src_nid	Src_port
Hello		80	3	1

Time: 28.350600 sec
Packet_Type	Length	Src_nid	Src_port
Hello		80	4	1

Time: 28.358700 sec
Packet_Type	Length	Src_nid	Src_port
Hello		80	5	1

Time: 28.430078 sec
Packet_Type		Length	Src_nid	Src_port	Option	Origin_nid	Destination_nid	Next_hop_nid
UpdateDataPlaneRouting	796	10	1		New	7		3		3
 		 	 	 		 		 		4		4
 		 	 	 		 		 		5		5
 		 	 	 		 		 		6		6
 		 	 	 		 		 		8		8

Time: 28.433178 sec
Packet_Type		Length	Src_nid	Src_port	Option	Origin_nid	Destination_nid	Next_hop_nid
UpdateDataPlaneRouting	796	10	1		Finish	 		 		 

Time: 28.626800 sec
Packet_Type	Length	Src_nid	Src_port
Hello		80	9	1

Time: 28.658900 sec
Packet_Type	Length	Src_nid	Src_port
Hello		80	8	1

Time: 28.664678 sec
Packet_Type		Length	Src_nid	Src_port	Option	Origin_nid	Destination_nid	Next_hop_nid
UpdateDataPlaneRouting	796	10	1		New	7		3		3
 		 	 	 		 		 		4		4
 		 	 	 		 		 		5		5
 		 	 	 		 		 		6		6
 		 	 	 		 		 		8		8
 		 	 	 		 		 		9		9

Time: 28.670778 sec
Packet_Type		Length	Src_nid	Src_port	Option	Origin_nid	Destination_nid	Next_hop_nid
UpdateDataPlaneRouting	796	10	1		Finish	 		 		 

Time: 28.687878 sec
Packet_Type		Length	Src_nid	Src_port	Option	Origin_nid	Destination_nid	Next_hop_nid
UpdateDataPlaneRouting	796	10	1		New	7		3		3
 		 	 	 		 		 		4		4
 		 	 	 		 		 		5		5
 		 	 	 		 		 		6		6
 		 	 	 		 		 		8		8
 		 	 	 		 		 		9		9

Time: 28.690978 sec
Packet_Type		Length	Src_nid	Src_port	Option	Origin_nid	Destination_nid	Next_hop_nid
UpdateDataPlaneRouting	796	10	1		Finish	 		 		 

Time: 28.714078 sec
Packet_Type		Length	Src_nid	Src_port	Option	Origin_nid	Destination_nid	Next_hop_nid
UpdateDataPlaneRouting	796	10	1		New	7		3		3
 		 	 	 		 		 		4		4
 		 	 	 		 		 		5		5
 		 	 	 		 		 		6		6
 		 	 	 		 		 		8		8
 		 	 	 		 		 		9		9

Time: 28.721178 sec
Packet_Type		Length	Src_nid	Src_port	Option	Origin_nid	Destination_nid	Next_hop_nid
UpdateDataPlaneRouting	796	10	1		Finish	 		 		 

Time: 28.860278 sec
Packet_Type		Length	Src_nid	Src_port	Option	Origin_nid	Destination_nid	Next_hop_nid
UpdateDataPlaneRouting	796	10	1		New	7		3		3
 		 	 	 		 		 		4		4
 		 	 	 		 		 		5		5
 		 	 	 		 		 		6		6
 		 	 	 		 		 		8		8
 		 	 	 		 		 		9		9

Time: 28.864378 sec
Packet_Type		Length	Src_nid	Src_port	Option	Origin_nid	Destination_nid	Next_hop_nid
UpdateDataPlaneRouting	796	10	1		Finish	 		 		 

Time: 28.890478 sec
Packet_Type		Length	Src_nid	Src_port	Option	Origin_nid	Destination_nid	Next_hop_nid
UpdateDataPlaneRouting	796	10	1		New	7		3		3
 		 	 	 		 		 		4		4
 		 	 	 		 		 		5		5
 		 	 	 		 		 		6		6
 		 	 	 		 		 		8		8
 		 	 	 		 		 		9		9

Time: 28.895578 sec
Packet_Type		Length	Src_nid	Src_port	Option	Origin_nid	Destination_nid	Next_hop_nid
UpdateDataPlaneRouting	796	10	1		Finish	 		 		 

Time: 28.921678 sec
Packet_Type		Length	Src_nid	Src_port	Option	Origin_nid	Destination_nid	Next_hop_nid
UpdateDataPlaneRouting	796	10	1		New	7		3		3
 		 	 	 		 		 		4		4
 		 	 	 		 		 		5		5
 		 	 	 		 		 		6		6
 		 	 	 		 		 		8		8
 		 	 	 		 		 		9		9

Time: 28.924778 sec
Packet_Type		Length	Src_nid	Src_port	Option	Origin_nid	Destination_nid	Next_hop_nid
UpdateDataPlaneRouting	796	10	1		Finish	 		 		 

Time: 28.983878 sec
Packet_Type		Length	Src_nid	Src_port	Option	Origin_nid	Destination_nid	Next_hop_nid
UpdateDataPlaneRouting	796	10	1		New	7		3		3
 		 	 	 		 		 		4		4
 		 	 	 		 		 		5		5
 		 	 	 		 		 		6		6
 		 	 	 		 		 		8		8
 		 	 	 		 		 		9		9

Time: 28.985978 sec
Packet_Type		Length	Src_nid	Src_port	Option	Origin_nid	Destination_nid	Next_hop_nid
UpdateDataPlaneRouting	796	10	1		Finish	 		 		 

Time: 29.748278 sec
Packet_Type		Length	Src_nid	Src_port	Option	Origin_nid	Destination_nid	Next_hop_nid
UpdateDataPlaneRouting	796	10	1		New	7		3		3
 		 	 	 		 		 		4		4
 		 	 	 		 		 		5		5
 		 	 	 		 		 		6		6
 		 	 	 		 		 		8		8
 		 	 	 		 		 		9		9

Time: 29.749378 sec
Packet_Type		Length	Src_nid	Src_port	Option	Origin_nid	Destination_nid	Next_hop_nid
UpdateDataPlaneRouting	796	10	1		Finish	 		 		 

Time: 29.785478 sec
Packet_Type		Length	Src_nid	Src_port	Option	Origin_nid	Destination_nid	Next_hop_nid
UpdateDataPlaneRouting	796	10	1		New	7		3		3
 		 	 	 		 		 		4		4
 		 	 	 		 		 		5		5
 		 	 	 		 		 		6		3
 		 	 	 		 		 		8		8
 		 	 	 		 		 		9		9

Time: 29.787578 sec
Packet_Type		Length	Src_nid	Src_port	Option	Origin_nid	Destination_nid	Next_hop_nid
UpdateDataPlaneRouting	796	10	1		Finish	 		 		 

Time: 29.813678 sec
Packet_Type		Length	Src_nid	Src_port	Option	Origin_nid	Destination_nid	Next_hop_nid
UpdateDataPlaneRouting	796	10	1		New	7		3		3
 		 	 	 		 		 		4		4
 		 	 	 		 		 		5		5
 		 	 	 		 		 		6		8
 		 	 	 		 		 		8		8
 		 	 	 		 		 		9		9

Time: 29.817778 sec
Packet_Type		Length	Src_nid	Src_port	Option	Origin_nid	Destination_nid	Next_hop_nid
UpdateDataPlaneRouting	796	10	1		Finish	 		 		 

Time: 30.099000 sec
Packet_Type	Length	Src_nid	Src_port
Hello		80	1	1

Time: 30.214596 sec
Packet_Type		Length	Src_nid	Src_port	Option	Origin_nid	Destination_nid	Next_hop_nid
UpdateDataPlaneRouting	796	10	1		New	7		3		3
 		 	 	 		 		 		4		4
 		 	 	 		 		 		5		5
 		 	 	 		 		 		8		8
 		 	 	 		 		 		9		9

Time: 30.217696 sec
Packet_Type		Length	Src_nid	Src_port	Option	Origin_nid	Destination_nid	Next_hop_nid
UpdateDataPlaneRouting	796	10	1		Finish	 		 		 

Time: 30.227100 sec
Packet_Type	Length	Src_nid	Src_port
Hello		80	2	1

Time: 30.321200 sec
Packet_Type	Length	Src_nid	Src_port
Hello		80	3	1

Time: 30.375300 sec
Packet_Type	Length	Src_nid	Src_port
Hello		80	4	1

Time: 30.380400 sec
Packet_Type	Length	Src_nid	Src_port
Hello		80	5	1

Time: 30.641500 sec
Packet_Type	Length	Src_nid	Src_port
Hello		80	9	1

Time: 30.699600 sec
Packet_Type	Length	Src_nid	Src_port
Hello		80	8	1

Time: 30.939798 sec
Packet_Type		Length	Src_nid	Src_port	Option	Origin_nid	Destination_nid	Next_hop_nid
UpdateDataPlaneRouting	796	10	1		New	7		3		3
 		 	 	 		 		 		4		4
 		 	 	 		 		 		5		5
 		 	 	 		 		 		8		8
 		 	 	 		 		 		9		9

Time: 30.943898 sec
Packet_Type		Length	Src_nid	Src_port	Option	Origin_nid	Destination_nid	Next_hop_nid
UpdateDataPlaneRouting	796	10	1		Finish	 		 		 

Time: 32.109700 sec
Packet_Type	Length	Src_nid	Src_port
Hello		80	1	1

Time: 32.228800 sec
Packet_Type	Length	Src_nid	Src_port
Hello		80	2	1

Time: 32.327900 sec
Packet_Type	Length	Src_nid	Src_port
Hello		80	3	1

Time: 32.376000 sec
Packet_Type	Length	Src_nid	Src_port
Hello		80	4	1

Time: 32.424100 sec
Packet_Type	Length	Src_nid	Src_port
Hello		80	5	1

Time: 32.653200 sec
Packet_Type	Length	Src_nid	Src_port
Hello		80	9	1

Time: 32.753300 sec
Packet_Type	Length	Src_nid	Src_port
Hello		80	8	1

Time: 38.125400 sec
Packet_Type	Length	Src_nid	Src_port
Hello		80	1	1

Time: 38.264500 sec
Packet_Type	Length	Src_nid	Src_port
Hello		80	2	1

Time: 38.381600 sec
Packet_Type	Length	Src_nid	Src_port
Hello		80	3	1

Time: 38.468700 sec
Packet_Type	Length	Src_nid	Src_port
Hello		80	4	1

Time: 38.533800 sec
Packet_Type	Length	Src_nid	Src_port
Hello		80	5	1

Time: 38.789900 sec
Packet_Type	Length	Src_nid	Src_port
Hello		80	9	1

Time: 38.898000 sec
Packet_Type	Length	Src_nid	Src_port
Hello		80	8	1

Time: 40.138100 sec
Packet_Type	Length	Src_nid	Src_port
Hello		80	1	1

Time: 40.281200 sec
Packet_Type	Length	Src_nid	Src_port
Hello		80	2	1

Time: 40.401300 sec
Packet_Type	Length	Src_nid	Src_port
Hello		80	3	1

Time: 40.486400 sec
Packet_Type	Length	Src_nid	Src_port
Hello		80	4	1

Time: 40.548500 sec
Packet_Type	Length	Src_nid	Src_port
Hello		80	5	1

Time: 40.797600 sec
Packet_Type	Length	Src_nid	Src_port
Hello		80	9	1

Time: 40.907700 sec
Packet_Type	Length	Src_nid	Src_port
Hello		80	8	1

Time: 42.145800 sec
Packet_Type	Length	Src_nid	Src_port
Hello		80	1	1

Time: 42.289900 sec
Packet_Type	Length	Src_nid	Src_port
Hello		80	2	1

Time: 42.420000 sec
Packet_Type	Length	Src_nid	Src_port
Hello		80	3	1

Time: 42.514100 sec
Packet_Type	Length	Src_nid	Src_port
Hello		80	4	1

Time: 42.556200 sec
Packet_Type	Length	Src_nid	Src_port
Hello		80	5	1

Time: 42.833300 sec
Packet_Type	Length	Src_nid	Src_port
Hello		80	9	1

Time: 42.910400 sec
Packet_Type	Length	Src_nid	Src_port
Hello		80	8	1

Time: 44.146500 sec
Packet_Type	Length	Src_nid	Src_port
Hello		80	1	1

Time: 44.291600 sec
Packet_Type	Length	Src_nid	Src_port
Hello		80	2	1

Time: 44.438700 sec
Packet_Type	Length	Src_nid	Src_port
Hello		80	3	1

Time: 44.545800 sec
Packet_Type	Length	Src_nid	Src_port
Hello		80	4	1

Time: 44.562900 sec
Packet_Type	Length	Src_nid	Src_port
Hello		80	5	1

Time: 44.882000 sec
Packet_Type	Length	Src_nid	Src_port
Hello		80	9	1

Time: 44.978100 sec
Packet_Type	Length	Src_nid	Src_port
Hello		80	8	1

Time: 45.476151 sec
Packet_Type		Length	Src_nid	Src_port	Option	Origin_nid	Destination_nid	Next_hop_nid
UpdateDataPlaneRouting	796	10	1		New	7		3		3
 		 	 	 		 		 		4		4
 		 	 	 		 		 		5		5
 		 	 	 		 		 		8		8
 		 	 	 		 		 		9		9

Time: 45.480251 sec
Packet_Type		Length	Src_nid	Src_port	Option	Origin_nid	Destination_nid	Next_hop_nid
UpdateDataPlaneRouting	796	10	1		Finish	 		 		 

Time: 45.569657 sec
Packet_Type		Length	Src_nid	Src_port	Option	Origin_nid	Destination_nid	Next_hop_nid
UpdateDataPlaneRouting	796	10	1		New	7		3		3
 		 	 	 		 		 		4		4
 		 	 	 		 		 		5		5
 		 	 	 		 		 		8		8
 		 	 	 		 		 		9		9

Time: 45.570757 sec
Packet_Type		Length	Src_nid	Src_port	Option	Origin_nid	Destination_nid	Next_hop_nid
UpdateDataPlaneRouting	796	10	1		Finish	 		 		 

Time: 46.154200 sec
Packet_Type	Length	Src_nid	Src_port
Hello		80	1	1

Time: 46.312300 sec
Packet_Type	Length	Src_nid	Src_port
Hello		80	2	1

Time: 46.448400 sec
Packet_Type	Length	Src_nid	Src_port
Hello		80	3	1

Time: 46.555500 sec
Packet_Type	Length	Src_nid	Src_port
Hello		80	4	1

Time: 46.583600 sec
Packet_Type	Length	Src_nid	Src_port
Hello		80	5	1

Time: 46.904700 sec
Packet_Type	Length	Src_nid	Src_port
Hello		80	9	1

Time: 46.984800 sec
Packet_Type	Length	Src_nid	Src_port
Hello		80	8	1

Time: 47.588257 sec
Packet_Type		Length	Src_nid	Src_port	Option	Origin_nid	Destination_nid	Next_hop_nid
UpdateDataPlaneRouting	796	10	1		New	7		3		3
 		 	 	 		 		 		4		4
 		 	 	 		 		 		5		5
 		 	 	 		 		 		8		8
 		 	 	 		 		 		9		9

Time: 47.589357 sec
Packet_Type		Length	Src_nid	Src_port	Option	Origin_nid	Destination_nid	Next_hop_nid
UpdateDataPlaneRouting	796	10	1		Finish	 		 		 

Time: 47.620457 sec
Packet_Type		Length	Src_nid	Src_port	Option	Origin_nid	Destination_nid	Next_hop_nid
UpdateDataPlaneRouting	796	10	1		New	7		3		3
 		 	 	 		 		 		4		4
 		 	 	 		 		 		5		5
 		 	 	 		 		 		8		8
 		 	 	 		 		 		9		9

Time: 47.621557 sec
Packet_Type		Length	Src_nid	Src_port	Option	Origin_nid	Destination_nid	Next_hop_nid
UpdateDataPlaneRouting	796	10	1		Finish	 		 		 

Time: 47.655657 sec
Packet_Type		Length	Src_nid	Src_port	Option	Origin_nid	Destination_nid	Next_hop_nid
UpdateDataPlaneRouting	796	10	1		New	7		3		3
 		 	 	 		 		 		4		4
 		 	 	 		 		 		5		5
 		 	 	 		 		 		8		8
 		 	 	 		 		 		9		9

Time: 47.661757 sec
Packet_Type		Length	Src_nid	Src_port	Option	Origin_nid	Destination_nid	Next_hop_nid
UpdateDataPlaneRouting	796	10	1		Finish	 		 		 

Time: 47.750521 sec
Packet_Type		Length	Src_nid	Src_port	Option	Origin_nid	Destination_nid	Next_hop_nid
UpdateDataPlaneRouting	796	10	1		New	7		3		3
 		 	 	 		 		 		4		4
 		 	 	 		 		 		5		5
 		 	 	 		 		 		8		8
 		 	 	 		 		 		9		9

Time: 47.751621 sec
Packet_Type		Length	Src_nid	Src_port	Option	Origin_nid	Destination_nid	Next_hop_nid
UpdateDataPlaneRouting	796	10	1		Finish	 		 		 

Time: 48.159900 sec
Packet_Type	Length	Src_nid	Src_port
Hello		80	1	1

Time: 48.331000 sec
Packet_Type	Length	Src_nid	Src_port
Hello		80	2	1

Time: 48.467100 sec
Packet_Type	Length	Src_nid	Src_port
Hello		80	3	1

Time: 48.593200 sec
Packet_Type	Length	Src_nid	Src_port
Hello		80	4	1

Time: 48.620300 sec
Packet_Type	Length	Src_nid	Src_port
Hello		80	5	1

Time: 48.662721 sec
Packet_Type		Length	Src_nid	Src_port	Option	Origin_nid	Destination_nid	Next_hop_nid
UpdateDataPlaneRouting	796	10	1		New	7		3		3
 		 	 	 		 		 		4		4
 		 	 	 		 		 		5		5
 		 	 	 		 		 		8		8
 		 	 	 		 		 		9		9

Time: 48.666821 sec
Packet_Type		Length	Src_nid	Src_port	Option	Origin_nid	Destination_nid	Next_hop_nid
UpdateDataPlaneRouting	796	10	1		Finish	 		 		 

Time: 48.697921 sec
Packet_Type		Length	Src_nid	Src_port	Option	Origin_nid	Destination_nid	Next_hop_nid
UpdateDataPlaneRouting	796	10	1		New	7		3		3
 		 	 	 		 		 		4		4
 		 	 	 		 		 		5		5
 		 	 	 		 		 		8		8
 		 	 	 		 		 		9		9

Time: 48.706021 sec
Packet_Type		Length	Src_nid	Src_port	Option	Origin_nid	Destination_nid	Next_hop_nid
UpdateDataPlaneRouting	796	10	1		Finish	 		 		 

Time: 48.730121 sec
Packet_Type		Length	Src_nid	Src_port	Option	Origin_nid	Destination_nid	Next_hop_nid
UpdateDataPlaneRouting	796	10	1		New	7		3		3
 		 	 	 		 		 		4		4
 		 	 	 		 		 		5		5
 		 	 	 		 		 		8		8
 		 	 	 		 		 		9		9

Time: 48.734221 sec
Packet_Type		Length	Src_nid	Src_port	Option	Origin_nid	Destination_nid	Next_hop_nid
UpdateDataPlaneRouting	796	10	1		Finish	 		 		 

Time: 48.763321 sec
Packet_Type		Length	Src_nid	Src_port	Option	Origin_nid	Destination_nid	Next_hop_nid
UpdateDataPlaneRouting	796	10	1		New	7		3		3
 		 	 	 		 		 		4		4
 		 	 	 		 		 		5		5
 		 	 	 		 		 		8		8
 		 	 	 		 		 		9		9

Time: 48.765421 sec
Packet_Type		Length	Src_nid	Src_port	Option	Origin_nid	Destination_nid	Next_hop_nid
UpdateDataPlaneRouting	796	10	1		Finish	 		 		 

Time: 48.942400 sec
Packet_Type	Length	Src_nid	Src_port
Hello		80	9	1

Time: 49.050500 sec
Packet_Type	Length	Src_nid	Src_port
Hello		80	8	1

Time: 50.172600 sec
Packet_Type	Length	Src_nid	Src_port
Hello		80	1	1

Time: 50.337700 sec
Packet_Type	Length	Src_nid	Src_port
Hello		80	2	1

Time: 50.468800 sec
Packet_Type	Length	Src_nid	Src_port
Hello		80	3	1

Time: 50.624900 sec
Packet_Type	Length	Src_nid	Src_port
Hello		80	4	1

Time: 50.669000 sec
Packet_Type	Length	Src_nid	Src_port
Hello		80	5	1

Time: 50.749898 sec
Packet_Type		Length	Src_nid	Src_port	Option	Origin_nid	Destination_nid	Next_hop_nid
UpdateDataPlaneRouting	796	10	1		New	7		3		3
 		 	 	 		 		 		4		4
 		 	 	 		 		 		5		5
 		 	 	 		 		 		8		8
 		 	 	 		 		 		9		9

Time: 50.751998 sec
Packet_Type		Length	Src_nid	Src_port	Option	Origin_nid	Destination_nid	Next_hop_nid
UpdateDataPlaneRouting	796	10	1		Finish	 		 		 

Time: 51.011100 sec
Packet_Type	Length	Src_nid	Src_port
Hello		80	9	1

Time: 51.059200 sec
Packet_Type	Length	Src_nid	Src_port
Hello		80	8	1

Time: 51.111535 sec
Packet_Type		Length	Src_nid	Src_port	Option	Origin_nid	Destination_nid	Next_hop_nid
UpdateDataPlaneRouting	796	10	1		New	7		3		3
 		 	 	 		 		 		4		4
 		 	 	 		 		 		5		5
 		 	 	 		 		 		8		8
 		 	 	 		 		 		9		9

Time: 51.115635 sec
Packet_Type		Length	Src_nid	Src_port	Option	Origin_nid	Destination_nid	Next_hop_nid
UpdateDataPlaneRouting	796	10	1		Finish	 		 		 

Time: 52.173300 sec
Packet_Type	Length	Src_nid	Src_port
Hello		80	1	1

Time: 52.352400 sec
Packet_Type	Length	Src_nid	Src_port
Hello		80	2	1

Time: 52.501500 sec
Packet_Type	Length	Src_nid	Src_port
Hello		80	3	1

Time: 52.645600 sec
Packet_Type	Length	Src_nid	Src_port
Hello		80	4	1

Time: 52.716700 sec
Packet_Type	Length	Src_nid	Src_port
Hello		80	5	1

Time: 53.043800 sec
Packet_Type	Length	Src_nid	Src_port
Hello		80	9	1

Time: 53.064900 sec
Packet_Type	Length	Src_nid	Src_port
Hello		80	8	1

Time: 53.662911 sec
Packet_Type		Length	Src_nid	Src_port	Option	Origin_nid	Destination_nid	Next_hop_nid
UpdateDataPlaneRouting	796	10	1		New	7		3		3
 		 	 	 		 		 		4		4
 		 	 	 		 		 		5		5
 		 	 	 		 		 		8		8
 		 	 	 		 		 		9		9

Time: 53.666011 sec
Packet_Type		Length	Src_nid	Src_port	Option	Origin_nid	Destination_nid	Next_hop_nid
UpdateDataPlaneRouting	796	10	1		Finish	 		 		 

Time: 54.177000 sec
Packet_Type	Length	Src_nid	Src_port
Hello		80	1	1

Time: 54.361100 sec
Packet_Type	Length	Src_nid	Src_port
Hello		80	2	1

Time: 54.529200 sec
Packet_Type	Length	Src_nid	Src_port
Hello		80	3	1

Time: 54.719300 sec
Packet_Type	Length	Src_nid	Src_port
Hello		80	5	1

Time: 55.075400 sec
Packet_Type	Length	Src_nid	Src_port
Hello		80	9	1

Time: 55.138500 sec
Packet_Type	Length	Src_nid	Src_port
Hello		80	8	1

Time: 56.192600 sec
Packet_Type	Length	Src_nid	Src_port
Hello		80	1	1

Time: 56.371700 sec
Packet_Type	Length	Src_nid	Src_port
Hello		80	2	1

Time: 56.556800 sec
Packet_Type	Length	Src_nid	Src_port
Hello		80	3	1

Time: 56.678900 sec
Packet_Type	Length	Src_nid	Src_port
Hello		80	4	1

Time: 56.722000 sec
Packet_Type	Length	Src_nid	Src_port
Hello		80	5	1

Time: 57.139100 sec
Packet_Type	Length	Src_nid	Src_port
Hello		80	9	1

Time: 57.189200 sec
Packet_Type	Length	Src_nid	Src_port
Hello		80	8	1

Time: 58.195300 sec
Packet_Type	Length	Src_nid	Src_port
Hello		80	1	1

Time: 58.387400 sec
Packet_Type	Length	Src_nid	Src_port
Hello		80	2	1

Time: 58.569500 sec
Packet_Type	Length	Src_nid	Src_port
Hello		80	3	1

Time: 58.681600 sec
Packet_Type	Length	Src_nid	Src_port
Hello		80	4	1

Time: 58.751700 sec
Packet_Type	Length	Src_nid	Src_port
Hello		80	5	1

Time: 59.200800 sec
Packet_Type	Length	Src_nid	Src_port
Hello		80	8	1

Time: 60.199900 sec
Packet_Type	Length	Src_nid	Src_port
Hello		80	1	1

Time: 60.407000 sec
Packet_Type	Length	Src_nid	Src_port
Hello		80	2	1

Time: 60.585100 sec
Packet_Type	Length	Src_nid	Src_port
Hello		80	3	1

Time: 60.706200 sec
Packet_Type	Length	Src_nid	Src_port
Hello		80	4	1

Time: 60.754384 sec
Packet_Type		Length	Src_nid	Src_port	Option	Origin_nid	Destination_nid	Next_hop_nid
UpdateDataPlaneRouting	796	10	1		New	7		2		2
 		 	 	 		 		 		3		3
 		 	 	 		 		 		4		4
 		 	 	 		 		 		5		5
 		 	 	 		 		 		6		2
 		 	 	 		 		 		8		8
 		 	 	 		 		 		9		9

Time: 60.756484 sec
Packet_Type		Length	Src_nid	Src_port	Option	Origin_nid	Destination_nid	Next_hop_nid
UpdateDataPlaneRouting	796	10	1		Finish	 		 		 

Time: 60.772300 sec
Packet_Type	Length	Src_nid	Src_port
Hello		80	5	1

Time: 61.217400 sec
Packet_Type	Length	Src_nid	Src_port
Hello		80	8	1

Time: 61.578471 sec
Packet_Type		Length	Src_nid	Src_port	Option	Origin_nid	Destination_nid	Next_hop_nid
UpdateDataPlaneRouting	796	10	1		New	7		2		2
 		 	 	 		 		 		3		3
 		 	 	 		 		 		4		4
 		 	 	 		 		 		5		5
 		 	 	 		 		 		8		8
 		 	 	 		 		 		9		9

Time: 61.580571 sec
Packet_Type		Length	Src_nid	Src_port	Option	Origin_nid	Destination_nid	Next_hop_nid
UpdateDataPlaneRouting	796	10	1		Finish	 		 		 

Time: 62.202500 sec
Packet_Type	Length	Src_nid	Src_port
Hello		80	1	1

Time: 62.604600 sec
Packet_Type	Length	Src_nid	Src_port
Hello		80	3	1

Time: 62.710700 sec
Packet_Type	Length	Src_nid	Src_port
Hello		80	4	1

Time: 62.795800 sec
Packet_Type	Length	Src_nid	Src_port
Hello		80	5	1

Time: 63.280900 sec
Packet_Type	Length	Src_nid	Src_port
Hello		80	8	1

Time: 66.214000 sec
Packet_Type	Length	Src_nid	Src_port
Hello		80	1	1

Time: 66.643100 sec
Packet_Type	Length	Src_nid	Src_port
Hello		80	3	1

Time: 66.778200 sec
Packet_Type	Length	Src_nid	Src_port
Hello		80	4	1

Time: 66.850300 sec
Packet_Type	Length	Src_nid	Src_port
Hello		80	5	1

Time: 67.363400 sec
Packet_Type	Length	Src_nid	Src_port
Hello		80	8	1

Time: 68.221500 sec
Packet_Type	Length	Src_nid	Src_port
Hello		80	1	1

Time: 68.652600 sec
Packet_Type	Length	Src_nid	Src_port
Hello		80	3	1

Time: 68.819700 sec
Packet_Type	Length	Src_nid	Src_port
Hello		80	4	1

Time: 68.886800 sec
Packet_Type	Length	Src_nid	Src_port
Hello		80	5	1

Time: 69.376900 sec
Packet_Type	Length	Src_nid	Src_port
Hello		80	9	1

Time: 69.420000 sec
Packet_Type	Length	Src_nid	Src_port
Hello		80	8	1

Time: 70.223100 sec
Packet_Type	Length	Src_nid	Src_port
Hello		80	1	1

Time: 70.664200 sec
Packet_Type	Length	Src_nid	Src_port
Hello		80	3	1

Time: 70.912300 sec
Packet_Type	Length	Src_nid	Src_port
Hello		80	5	1

Time: 71.454400 sec
Packet_Type	Length	Src_nid	Src_port
Hello		80	8	1

Time: 72.940500 sec
Packet_Type	Length	Src_nid	Src_port
Hello		80	5	1

Time: 73.494600 sec
Packet_Type	Length	Src_nid	Src_port
Hello		80	9	1

Time: 73.527700 sec
Packet_Type	Length	Src_nid	Src_port
Hello		80	8	1

Time: 74.240800 sec
Packet_Type	Length	Src_nid	Src_port
Hello		80	1	1

Time: 74.988900 sec
Packet_Type	Length	Src_nid	Src_port
Hello		80	5	1

Time: 75.531000 sec
Packet_Type	Length	Src_nid	Src_port
Hello		80	8	1

Time: 75.544100 sec
Packet_Type	Length	Src_nid	Src_port
Hello		80	9	1

Time: 76.252200 sec
Packet_Type	Length	Src_nid	Src_port
Hello		80	1	1

Time: 76.706300 sec
Packet_Type	Length	Src_nid	Src_port
Hello		80	3	1

Time: 76.904400 sec
Packet_Type	Length	Src_nid	Src_port
Hello		80	4	1

Time: 77.009500 sec
Packet_Type	Length	Src_nid	Src_port
Hello		80	5	1

Time: 77.570600 sec
Packet_Type	Length	Src_nid	Src_port
Hello		80	9	1

Time: 77.609700 sec
Packet_Type	Length	Src_nid	Src_port
Hello		80	8	1

Time: 78.252800 sec
Packet_Type	Length	Src_nid	Src_port
Hello		80	1	1

Time: 78.721900 sec
Packet_Type	Length	Src_nid	Src_port
Hello		80	3	1

Time: 78.915000 sec
Packet_Type	Length	Src_nid	Src_port
Hello		80	4	1

Time: 79.053100 sec
Packet_Type	Length	Src_nid	Src_port
Hello		80	5	1

Time: 79.607200 sec
Packet_Type	Length	Src_nid	Src_port
Hello		80	9	1

Time: 79.646300 sec
Packet_Type	Length	Src_nid	Src_port
Hello		80	8	1

Time: 85.145400 sec
Packet_Type	Length	Src_nid	Src_port
Hello		80	5	1

Time: 85.745500 sec
Packet_Type	Length	Src_nid	Src_port
Hello		80	8	1

Time: 85.806600 sec
Packet_Type	Length	Src_nid	Src_port
Hello		80	9	1

Time: 86.277700 sec
Packet_Type	Length	Src_nid	Src_port
Hello		80	1	1

Time: 86.783800 sec
Packet_Type	Length	Src_nid	Src_port
Hello		80	3	1

Time: 86.960900 sec
Packet_Type	Length	Src_nid	Src_port
Hello		80	4	1

Time: 87.199000 sec
Packet_Type	Length	Src_nid	Src_port
Hello		80	5	1

Time: 87.766100 sec
Packet_Type	Length	Src_nid	Src_port
Hello		80	8	1

Time: 87.902200 sec
Packet_Type	Length	Src_nid	Src_port
Hello		80	9	1

Time: 88.288300 sec
Packet_Type	Length	Src_nid	Src_port
Hello		80	1	1

Time: 89.202400 sec
Packet_Type	Length	Src_nid	Src_port
Hello		80	5	1

Time: 89.798500 sec
Packet_Type	Length	Src_nid	Src_port
Hello		80	8	1

Time: 89.983600 sec
Packet_Type	Length	Src_nid	Src_port
Hello		80	9	1

Time: 90.293700 sec
Packet_Type	Length	Src_nid	Src_port
Hello		80	1	1

Time: 90.795800 sec
Packet_Type	Length	Src_nid	Src_port
Hello		80	3	1

Time: 91.026900 sec
Packet_Type	Length	Src_nid	Src_port
Hello		80	4	1

Time: 91.228000 sec
Packet_Type	Length	Src_nid	Src_port
Hello		80	5	1

Time: 91.897100 sec
Packet_Type	Length	Src_nid	Src_port
Hello		80	8	1

Time: 92.294200 sec
Packet_Type	Length	Src_nid	Src_port
Hello		80	1	1

Time: 92.827300 sec
Packet_Type	Length	Src_nid	Src_port
Hello		80	3	1

Time: 93.047400 sec
Packet_Type	Length	Src_nid	Src_port
Hello		80	4	1

Time: 93.248500 sec
Packet_Type	Length	Src_nid	Src_port
Hello		80	5	1

Time: 93.920600 sec
Packet_Type	Length	Src_nid	Src_port
Hello		80	8	1

Time: 94.304700 sec
Packet_Type	Length	Src_nid	Src_port
Hello		80	1	1

Time: 94.855800 sec
Packet_Type	Length	Src_nid	Src_port
Hello		80	3	1

Time: 95.054900 sec
Packet_Type	Length	Src_nid	Src_port
Hello		80	4	1

Time: 95.296000 sec
Packet_Type	Length	Src_nid	Src_port
Hello		80	5	1

Time: 95.999100 sec
Packet_Type	Length	Src_nid	Src_port
Hello		80	8	1

Time: 96.113200 sec
Packet_Type	Length	Src_nid	Src_port
Hello		80	9	1

Time: 96.316300 sec
Packet_Type	Length	Src_nid	Src_port
Hello		80	1	1

Time: 96.879400 sec
Packet_Type	Length	Src_nid	Src_port
Hello		80	3	1

Time: 97.090500 sec
Packet_Type	Length	Src_nid	Src_port
Hello		80	4	1

Time: 97.298600 sec
Packet_Type	Length	Src_nid	Src_port
Hello		80	5	1

Time: 98.040700 sec
Packet_Type	Length	Src_nid	Src_port
Hello		80	8	1

Time: 98.152800 sec
Packet_Type	Length	Src_nid	Src_port
Hello		80	9	1

Time: 98.318900 sec
Packet_Type	Length	Src_nid	Src_port
Hello		80	1	1

Time: 98.888000 sec
Packet_Type	Length	Src_nid	Src_port
Hello		80	3	1

Time: 99.333100 sec
Packet_Type	Length	Src_nid	Src_port
Hello		80	5	1

