Time: 2.007000 sec
Packet_Type	Length	Src_nid	Src_port
Hello		80	1	1

Time: 2.007100 sec
Packet_Type	Length	Src_nid	Src_port
Hello		80	5	1

Time: 2.009200 sec
Packet_Type	Length	Src_nid	Src_port
Hello		80	2	1

Time: 2.026300 sec
Packet_Type	Length	Src_nid	Src_port
Hello		80	3	1

Time: 2.029400 sec
Packet_Type	Length	Src_nid	Src_port
Hello		80	4	1

Time: 2.059500 sec
Packet_Type	Length	Src_nid	Src_port
Hello		80	6	1

Time: 2.063600 sec
Packet_Type	Length	Src_nid	Src_port
Hello		80	7	1

Time: 2.075700 sec
Packet_Type	Length	Src_nid	Src_port
Hello		80	8	1

Time: 4.012800 sec
Packet_Type	Length	Src_nid	Src_port
Hello		80	1	1

Time: 4.028900 sec
Packet_Type	Length	Src_nid	Src_port
Hello		80	5	1

Time: 4.030000 sec
Packet_Type	Length	Src_nid	Src_port
Hello		80	2	1

Time: 4.049100 sec
Packet_Type	Length	Src_nid	Src_port
Hello		80	3	1

Time: 4.050200 sec
Packet_Type	Length	Src_nid	Src_port
Hello		80	4	1

Time: 4.095300 sec
Packet_Type	Length	Src_nid	Src_port
Hello		80	8	1

Time: 4.106400 sec
Packet_Type	Length	Src_nid	Src_port
Hello		80	6	1

Time: 4.112500 sec
Packet_Type	Length	Src_nid	Src_port
Hello		80	7	1

Time: 6.016600 sec
Packet_Type	Length	Src_nid	Src_port
Hello		80	1	1

Time: 6.038700 sec
Packet_Type	Length	Src_nid	Src_port
Hello		80	2	1

Time: 6.041800 sec
Packet_Type	Length	Src_nid	Src_port
Hello		80	5	1

Time: 6.053900 sec
Packet_Type	Length	Src_nid	Src_port
Hello		80	3	1

Time: 6.091000 sec
Packet_Type	Length	Src_nid	Src_port
Hello		80	4	1

Time: 6.121100 sec
Packet_Type	Length	Src_nid	Src_port
Hello		80	8	1

Time: 6.140200 sec
Packet_Type	Length	Src_nid	Src_port
Hello		80	6	1

Time: 6.162300 sec
Packet_Type	Length	Src_nid	Src_port
Hello		80	7	1

Time: 8.022400 sec
Packet_Type	Length	Src_nid	Src_port
Hello		80	1	1

Time: 8.051500 sec
Packet_Type	Length	Src_nid	Src_port
Hello		80	5	1

Time: 8.059600 sec
Packet_Type	Length	Src_nid	Src_port
Hello		80	2	1

Time: 8.075700 sec
Packet_Type	Length	Src_nid	Src_port
Hello		80	3	1

Time: 8.111800 sec
Packet_Type	Length	Src_nid	Src_port
Hello		80	4	1

Time: 8.175900 sec
Packet_Type	Length	Src_nid	Src_port
Hello		80	6	1

Time: 8.185000 sec
Packet_Type	Length	Src_nid	Src_port
Hello		80	8	1

Time: 10.026100 sec
Packet_Type	Length	Src_nid	Src_port
Hello		80	1	1

Time: 10.078200 sec
Packet_Type	Length	Src_nid	Src_port
Hello		80	3	1

Time: 10.080300 sec
Packet_Type	Length	Src_nid	Src_port
Hello		80	2	1

Time: 10.099400 sec
Packet_Type	Length	Src_nid	Src_port
Hello		80	5	1

Time: 10.223500 sec
Packet_Type	Length	Src_nid	Src_port
Hello		80	8	1

Time: 10.233600 sec
Packet_Type	Length	Src_nid	Src_port
Hello		80	6	1

Time: 10.245700 sec
Packet_Type	Length	Src_nid	Src_port
Hello		80	7	1

Time: 12.034800 sec
Packet_Type	Length	Src_nid	Src_port
Hello		80	1	1

Time: 12.093900 sec
Packet_Type	Length	Src_nid	Src_port
Hello		80	3	1

Time: 12.095000 sec
Packet_Type	Length	Src_nid	Src_port
Hello		80	2	1

Time: 12.103100 sec
Packet_Type	Length	Src_nid	Src_port
Hello		80	5	1

Time: 12.149200 sec
Packet_Type	Length	Src_nid	Src_port
Hello		80	4	1

Time: 12.231300 sec
Packet_Type	Length	Src_nid	Src_port
Hello		80	8	1

Time: 12.273400 sec
Packet_Type	Length	Src_nid	Src_port
Hello		80	7	1

Time: 12.292500 sec
Packet_Type	Length	Src_nid	Src_port
Hello		80	6	1

Time: 14.042600 sec
Packet_Type	Length	Src_nid	Src_port
Hello		80	1	1

Time: 14.113700 sec
Packet_Type	Length	Src_nid	Src_port
Hello		80	2	1

Time: 14.118800 sec
Packet_Type	Length	Src_nid	Src_port
Hello		80	3	1

Time: 14.149900 sec
Packet_Type	Length	Src_nid	Src_port
Hello		80	5	1

Time: 14.185000 sec
Packet_Type	Length	Src_nid	Src_port
Hello		80	4	1

Time: 14.291100 sec
Packet_Type	Length	Src_nid	Src_port
Hello		80	7	1

Time: 14.303200 sec
Packet_Type	Length	Src_nid	Src_port
Hello		80	6	1

Time: 14.306300 sec
Packet_Type	Length	Src_nid	Src_port
Hello		80	8	1

Time: 16.052400 sec
Packet_Type	Length	Src_nid	Src_port
Hello		80	1	1

Time: 16.134500 sec
Packet_Type	Length	Src_nid	Src_port
Hello		80	2	1

Time: 16.148600 sec
Packet_Type	Length	Src_nid	Src_port
Hello		80	3	1

Time: 16.155700 sec
Packet_Type	Length	Src_nid	Src_port
Hello		80	5	1

Time: 16.198800 sec
Packet_Type	Length	Src_nid	Src_port
Hello		80	4	1

Time: 16.321900 sec
Packet_Type	Length	Src_nid	Src_port
Hello		80	6	1

Time: 16.360000 sec
Packet_Type	Length	Src_nid	Src_port
Hello		80	8	1

Time: 18.145100 sec
Packet_Type	Length	Src_nid	Src_port
Hello		80	2	1

Time: 18.159200 sec
Packet_Type	Length	Src_nid	Src_port
Hello		80	5	1

Time: 18.178300 sec
Packet_Type	Length	Src_nid	Src_port
Hello		80	3	1

Time: 18.215400 sec
Packet_Type	Length	Src_nid	Src_port
Hello		80	4	1

Time: 18.375500 sec
Packet_Type	Length	Src_nid	Src_port
Hello		80	6	1

Time: 18.398600 sec
Packet_Type	Length	Src_nid	Src_port
Hello		80	8	1

Time: 18.401700 sec
Packet_Type	Length	Src_nid	Src_port
Hello		80	7	1

Time: 20.066800 sec
Packet_Type	Length	Src_nid	Src_port
Hello		80	1	1

Time: 20.161900 sec
Packet_Type	Length	Src_nid	Src_port
Hello		80	2	1

Time: 20.178000 sec
Packet_Type	Length	Src_nid	Src_port
Hello		80	5	1

Time: 20.195100 sec
Packet_Type	Length	Src_nid	Src_port
Hello		80	3	1

Time: 20.236200 sec
Packet_Type	Length	Src_nid	Src_port
Hello		80	4	1

Time: 20.379300 sec
Packet_Type	Length	Src_nid	Src_port
Hello		80	6	1

Time: 20.422400 sec
Packet_Type	Length	Src_nid	Src_port
Hello		80	7	1

Time: 20.469500 sec
Packet_Type	Length	Src_nid	Src_port
Hello		80	8	1

Time: 28.095600 sec
Packet_Type	Length	Src_nid	Src_port
Hello		80	1	1

Time: 28.218700 sec
Packet_Type	Length	Src_nid	Src_port
Hello		80	2	1

Time: 28.296800 sec
Packet_Type	Length	Src_nid	Src_port
Hello		80	3	1

Time: 28.349900 sec
Packet_Type	Length	Src_nid	Src_port
Hello		80	4	1

Time: 28.359000 sec
Packet_Type	Length	Src_nid	Src_port
Hello		80	5	1

Time: 28.603100 sec
Packet_Type	Length	Src_nid	Src_port
Hello		80	7	1

Time: 28.659200 sec
Packet_Type	Length	Src_nid	Src_port
Hello		80	8	1

Time: 28.958457 sec
Packet_Type		Length	Src_Nid	src_port	Option	Center_nid	Neighbor_nid	Data_plane_port
NeighborUpdate		544	10	1		New	9		1		1
 		 	 	 		 	 			2		1
 		 	 	 		 	 			3		1
 		 	 	 		 	 			4		1
 		 	 	 		 	 			5		1
 		 	 	 		 	 			7		1

Time: 28.964557 sec
Packet_Type		Length	Src_Nid	src_port	Option	Center_nid	Neighbor_nid	Data_plane_port
NeighborUpdate		544	10	1		Finish	 		 		 

Time: 28.967657 sec
Packet_Type		Length	Src_Nid	src_port	Option	Center_nid	Neighbor_nid	Data_plane_port
NeighborUpdate		544	10	1		New	9		1		1
 		 	 	 		 	 			2		1
 		 	 	 		 	 			3		1
 		 	 	 		 	 			4		1
 		 	 	 		 	 			5		1
 		 	 	 		 	 			7		1
 		 	 	 		 	 			8		1

Time: 28.996757 sec
Packet_Type		Length	Src_nid	Src_port	Option	Origin_nid	Destination_nid	Next_hop_nid
UpdateDataPlaneRouting	796	10	1		New	9		3		3
 		 	 	 		 		 		4		4
 		 	 	 		 		 		5		5
 		 	 	 		 		 		6		3
 		 	 	 		 		 		7		7
 		 	 	 		 		 		8		3

Time: 28.999857 sec
Packet_Type		Length	Src_nid	Src_port	Option	Origin_nid	Destination_nid	Next_hop_nid
UpdateDataPlaneRouting	796	10	1		Finish	 		 		 

Time: 29.764957 sec
Packet_Type		Length	Src_nid	Src_port	Option	Origin_nid	Destination_nid	Next_hop_nid
UpdateDataPlaneRouting	796	10	1		New	9		3		3
 		 	 	 		 		 		4		4
 		 	 	 		 		 		5		5
 		 	 	 		 		 		6		3
 		 	 	 		 		 		7		7
 		 	 	 		 		 		8		8

Time: 29.771057 sec
Packet_Type		Length	Src_nid	Src_port	Option	Origin_nid	Destination_nid	Next_hop_nid
UpdateDataPlaneRouting	796	10	1		Finish	 		 		 

Time: 29.797157 sec
Packet_Type		Length	Src_nid	Src_port	Option	Origin_nid	Destination_nid	Next_hop_nid
UpdateDataPlaneRouting	796	10	1		New	9		3		3
 		 	 	 		 		 		4		4
 		 	 	 		 		 		5		5
 		 	 	 		 		 		6		3
 		 	 	 		 		 		7		7
 		 	 	 		 		 		8		8

Time: 29.798257 sec
Packet_Type		Length	Src_nid	Src_port	Option	Origin_nid	Destination_nid	Next_hop_nid
UpdateDataPlaneRouting	796	10	1		Finish	 		 		 

Time: 29.830357 sec
Packet_Type		Length	Src_nid	Src_port	Option	Origin_nid	Destination_nid	Next_hop_nid
UpdateDataPlaneRouting	796	10	1		New	9		3		3
 		 	 	 		 		 		4		4
 		 	 	 		 		 		5		5
 		 	 	 		 		 		6		8
 		 	 	 		 		 		7		7
 		 	 	 		 		 		8		8

Time: 29.831457 sec
Packet_Type		Length	Src_nid	Src_port	Option	Origin_nid	Destination_nid	Next_hop_nid
UpdateDataPlaneRouting	796	10	1		Finish	 		 		 

Time: 30.098300 sec
Packet_Type	Length	Src_nid	Src_port
Hello		80	1	1

Time: 30.226540 sec
Packet_Type		Length	Src_nid	Src_port	Option	Origin_nid	Destination_nid	Next_hop_nid
UpdateDataPlaneRouting	796	10	1		New	9		3		3
 		 	 	 		 		 		4		4
 		 	 	 		 		 		5		5
 		 	 	 		 		 		7		7
 		 	 	 		 		 		8		8

Time: 30.228640 sec
Packet_Type		Length	Src_nid	Src_port	Option	Origin_nid	Destination_nid	Next_hop_nid
UpdateDataPlaneRouting	796	10	1		Finish	 		 		 

Time: 30.321400 sec
Packet_Type	Length	Src_nid	Src_port
Hello		80	3	1

Time: 30.380500 sec
Packet_Type	Length	Src_nid	Src_port
Hello		80	5	1

Time: 30.603600 sec
Packet_Type	Length	Src_nid	Src_port
Hello		80	7	1

Time: 30.699700 sec
Packet_Type	Length	Src_nid	Src_port
Hello		80	8	1

Time: 30.965587 sec
Packet_Type		Length	Src_nid	Src_port	Option	Origin_nid	Destination_nid	Next_hop_nid
UpdateDataPlaneRouting	796	10	1		New	9		3		3
 		 	 	 		 		 		4		4
 		 	 	 		 		 		5		5
 		 	 	 		 		 		7		7
 		 	 	 		 		 		8		8

Time: 30.968687 sec
Packet_Type		Length	Src_nid	Src_port	Option	Origin_nid	Destination_nid	Next_hop_nid
UpdateDataPlaneRouting	796	10	1		Finish	 		 		 

Time: 32.109800 sec
Packet_Type	Length	Src_nid	Src_port
Hello		80	1	1

Time: 32.228900 sec
Packet_Type	Length	Src_nid	Src_port
Hello		80	2	1

Time: 32.328000 sec
Packet_Type	Length	Src_nid	Src_port
Hello		80	3	1

Time: 32.376100 sec
Packet_Type	Length	Src_nid	Src_port
Hello		80	4	1

Time: 32.424200 sec
Packet_Type	Length	Src_nid	Src_port
Hello		80	5	1

Time: 32.673300 sec
Packet_Type	Length	Src_nid	Src_port
Hello		80	7	1

Time: 32.753400 sec
Packet_Type	Length	Src_nid	Src_port
Hello		80	8	1

Time: 34.110500 sec
Packet_Type	Length	Src_nid	Src_port
Hello		80	1	1

Time: 34.245600 sec
Packet_Type	Length	Src_nid	Src_port
Hello		80	2	1

Time: 34.417700 sec
Packet_Type	Length	Src_nid	Src_port
Hello		80	4	1

Time: 34.467800 sec
Packet_Type	Length	Src_nid	Src_port
Hello		80	5	1

Time: 34.820900 sec
Packet_Type	Length	Src_nid	Src_port
Hello		80	8	1

Time: 36.118000 sec
Packet_Type	Length	Src_nid	Src_port
Hello		80	1	1

Time: 36.264100 sec
Packet_Type	Length	Src_nid	Src_port
Hello		80	2	1

Time: 36.368200 sec
Packet_Type	Length	Src_nid	Src_port
Hello		80	3	1

Time: 36.484300 sec
Packet_Type	Length	Src_nid	Src_port
Hello		80	5	1

Time: 36.822400 sec
Packet_Type	Length	Src_nid	Src_port
Hello		80	8	1

Time: 38.124500 sec
Packet_Type	Length	Src_nid	Src_port
Hello		80	1	1

Time: 38.264600 sec
Packet_Type	Length	Src_nid	Src_port
Hello		80	2	1

Time: 38.381700 sec
Packet_Type	Length	Src_nid	Src_port
Hello		80	3	1

Time: 38.468800 sec
Packet_Type	Length	Src_nid	Src_port
Hello		80	4	1

Time: 38.533900 sec
Packet_Type	Length	Src_nid	Src_port
Hello		80	5	1

Time: 38.898000 sec
Packet_Type	Length	Src_nid	Src_port
Hello		80	8	1

Time: 40.138100 sec
Packet_Type	Length	Src_nid	Src_port
Hello		80	1	1

Time: 40.281200 sec
Packet_Type	Length	Src_nid	Src_port
Hello		80	2	1

Time: 40.401300 sec
Packet_Type	Length	Src_nid	Src_port
Hello		80	3	1

Time: 40.486400 sec
Packet_Type	Length	Src_nid	Src_port
Hello		80	4	1

Time: 40.548500 sec
Packet_Type	Length	Src_nid	Src_port
Hello		80	5	1

Time: 40.776600 sec
Packet_Type	Length	Src_nid	Src_port
Hello		80	7	1

Time: 40.907700 sec
Packet_Type	Length	Src_nid	Src_port
Hello		80	8	1

Time: 42.145800 sec
Packet_Type	Length	Src_nid	Src_port
Hello		80	1	1

Time: 42.289900 sec
Packet_Type	Length	Src_nid	Src_port
Hello		80	2	1

Time: 42.420000 sec
Packet_Type	Length	Src_nid	Src_port
Hello		80	3	1

Time: 42.514100 sec
Packet_Type	Length	Src_nid	Src_port
Hello		80	4	1

Time: 42.556200 sec
Packet_Type	Length	Src_nid	Src_port
Hello		80	5	1

Time: 42.823300 sec
Packet_Type	Length	Src_nid	Src_port
Hello		80	7	1

Time: 42.910400 sec
Packet_Type	Length	Src_nid	Src_port
Hello		80	8	1

Time: 44.146500 sec
Packet_Type	Length	Src_nid	Src_port
Hello		80	1	1

Time: 44.291600 sec
Packet_Type	Length	Src_nid	Src_port
Hello		80	2	1

Time: 44.438700 sec
Packet_Type	Length	Src_nid	Src_port
Hello		80	3	1

Time: 44.545800 sec
Packet_Type	Length	Src_nid	Src_port
Hello		80	4	1

Time: 44.865900 sec
Packet_Type	Length	Src_nid	Src_port
Hello		80	7	1

Time: 44.979000 sec
Packet_Type	Length	Src_nid	Src_port
Hello		80	8	1

Time: 45.487159 sec
Packet_Type		Length	Src_Nid	src_port	Option	Center_nid	Neighbor_nid	Data_plane_port
NeighborUpdate		544	10	1		New	7		1		1
 		 	 	 		 	 			2		1
 		 	 	 		 	 			3		1
 		 	 	 		 	 			4		1
 		 	 	 		 	 			5		1
 		 	 	 		 	 			9		1
 		 	 	 		 	 			8		1

Time: 45.488259 sec
Packet_Type		Length	Src_Nid	src_port	Option	Center_nid	Neighbor_nid	Data_plane_port
NeighborUpdate		544	10	1		Finish	 		 		 

Time: 45.505359 sec
Packet_Type		Length	Src_Nid	src_port	Option	Center_nid	Neighbor_nid	Data_plane_port
NeighborUpdate		544	10	1		Finish	 		 		 

Time: 45.574565 sec
Packet_Type		Length	Src_nid	Src_port	Option	Origin_nid	Destination_nid	Next_hop_nid
UpdateDataPlaneRouting	796	10	1		New	9		3		3
 		 	 	 		 		 		4		4
 		 	 	 		 		 		5		5
 		 	 	 		 		 		7		7
 		 	 	 		 		 		8		8

Time: 45.577665 sec
Packet_Type		Length	Src_nid	Src_port	Option	Origin_nid	Destination_nid	Next_hop_nid
UpdateDataPlaneRouting	796	10	1		Finish	 		 		 

Time: 46.154100 sec
Packet_Type	Length	Src_nid	Src_port
Hello		80	1	1

Time: 46.312200 sec
Packet_Type	Length	Src_nid	Src_port
Hello		80	2	1

Time: 46.448300 sec
Packet_Type	Length	Src_nid	Src_port
Hello		80	3	1

Time: 46.555400 sec
Packet_Type	Length	Src_nid	Src_port
Hello		80	4	1

Time: 46.879500 sec
Packet_Type	Length	Src_nid	Src_port
Hello		80	7	1

Time: 46.985600 sec
Packet_Type	Length	Src_nid	Src_port
Hello		80	8	1

Time: 47.599165 sec
Packet_Type		Length	Src_nid	Src_port	Option	Origin_nid	Destination_nid	Next_hop_nid
UpdateDataPlaneRouting	796	10	1		New	9		3		3
 		 	 	 		 		 		4		4
 		 	 	 		 		 		5		5
 		 	 	 		 		 		7		7
 		 	 	 		 		 		8		8

Time: 47.602265 sec
Packet_Type		Length	Src_nid	Src_port	Option	Origin_nid	Destination_nid	Next_hop_nid
UpdateDataPlaneRouting	796	10	1		Finish	 		 		 

Time: 47.631365 sec
Packet_Type		Length	Src_nid	Src_port	Option	Origin_nid	Destination_nid	Next_hop_nid
UpdateDataPlaneRouting	796	10	1		New	9		3		3
 		 	 	 		 		 		4		4
 		 	 	 		 		 		5		5
 		 	 	 		 		 		7		7
 		 	 	 		 		 		8		8

Time: 47.637465 sec
Packet_Type		Length	Src_nid	Src_port	Option	Origin_nid	Destination_nid	Next_hop_nid
UpdateDataPlaneRouting	796	10	1		Finish	 		 		 

Time: 47.669565 sec
Packet_Type		Length	Src_nid	Src_port	Option	Origin_nid	Destination_nid	Next_hop_nid
UpdateDataPlaneRouting	796	10	1		New	9		3		3
 		 	 	 		 		 		4		4
 		 	 	 		 		 		5		5
 		 	 	 		 		 		7		7
 		 	 	 		 		 		8		8

Time: 47.679665 sec
Packet_Type		Length	Src_nid	Src_port	Option	Origin_nid	Destination_nid	Next_hop_nid
UpdateDataPlaneRouting	796	10	1		Finish	 		 		 

Time: 47.761923 sec
Packet_Type		Length	Src_nid	Src_port	Option	Origin_nid	Destination_nid	Next_hop_nid
UpdateDataPlaneRouting	796	10	1		New	9		3		3
 		 	 	 		 		 		4		4
 		 	 	 		 		 		5		7
 		 	 	 		 		 		7		7
 		 	 	 		 		 		8		8

Time: 47.763023 sec
Packet_Type		Length	Src_nid	Src_port	Option	Origin_nid	Destination_nid	Next_hop_nid
UpdateDataPlaneRouting	796	10	1		Finish	 		 		 

Time: 48.160700 sec
Packet_Type	Length	Src_nid	Src_port
Hello		80	1	1

Time: 48.331800 sec
Packet_Type	Length	Src_nid	Src_port
Hello		80	2	1

Time: 48.466900 sec
Packet_Type	Length	Src_nid	Src_port
Hello		80	3	1

Time: 48.593000 sec
Packet_Type	Length	Src_nid	Src_port
Hello		80	4	1

Time: 48.621100 sec
Packet_Type	Length	Src_nid	Src_port
Hello		80	5	1

Time: 48.674123 sec
Packet_Type		Length	Src_nid	Src_port	Option	Origin_nid	Destination_nid	Next_hop_nid
UpdateDataPlaneRouting	796	10	1		New	9		3		3
 		 	 	 		 		 		4		4
 		 	 	 		 		 		5		5
 		 	 	 		 		 		7		7
 		 	 	 		 		 		8		8

Time: 48.679223 sec
Packet_Type		Length	Src_nid	Src_port	Option	Origin_nid	Destination_nid	Next_hop_nid
UpdateDataPlaneRouting	796	10	1		Finish	 		 		 

Time: 48.713323 sec
Packet_Type		Length	Src_nid	Src_port	Option	Origin_nid	Destination_nid	Next_hop_nid
UpdateDataPlaneRouting	796	10	1		New	9		3		3
 		 	 	 		 		 		4		4
 		 	 	 		 		 		5		5
 		 	 	 		 		 		7		7
 		 	 	 		 		 		8		8

Time: 48.718423 sec
Packet_Type		Length	Src_nid	Src_port	Option	Origin_nid	Destination_nid	Next_hop_nid
UpdateDataPlaneRouting	796	10	1		Finish	 		 		 

Time: 48.749523 sec
Packet_Type		Length	Src_nid	Src_port	Option	Origin_nid	Destination_nid	Next_hop_nid
UpdateDataPlaneRouting	796	10	1		New	9		3		3
 		 	 	 		 		 		4		4
 		 	 	 		 		 		5		5
 		 	 	 		 		 		7		7
 		 	 	 		 		 		8		8

Time: 48.750623 sec
Packet_Type		Length	Src_nid	Src_port	Option	Origin_nid	Destination_nid	Next_hop_nid
UpdateDataPlaneRouting	796	10	1		Finish	 		 		 

Time: 48.775723 sec
Packet_Type		Length	Src_nid	Src_port	Option	Origin_nid	Destination_nid	Next_hop_nid
UpdateDataPlaneRouting	796	10	1		New	9		3		3
 		 	 	 		 		 		4		4
 		 	 	 		 		 		5		5
 		 	 	 		 		 		7		7
 		 	 	 		 		 		8		8

Time: 48.777823 sec
Packet_Type		Length	Src_nid	Src_port	Option	Origin_nid	Destination_nid	Next_hop_nid
UpdateDataPlaneRouting	796	10	1		Finish	 		 		 

Time: 48.895200 sec
Packet_Type	Length	Src_nid	Src_port
Hello		80	7	1

Time: 49.050300 sec
Packet_Type	Length	Src_nid	Src_port
Hello		80	8	1

Time: 50.172400 sec
Packet_Type	Length	Src_nid	Src_port
Hello		80	1	1

Time: 50.337500 sec
Packet_Type	Length	Src_nid	Src_port
Hello		80	2	1

Time: 50.468600 sec
Packet_Type	Length	Src_nid	Src_port
Hello		80	3	1

Time: 50.624700 sec
Packet_Type	Length	Src_nid	Src_port
Hello		80	4	1

Time: 50.668800 sec
Packet_Type	Length	Src_nid	Src_port
Hello		80	5	1

Time: 50.739690 sec
Packet_Type		Length	Src_nid	Src_port	Option	Origin_nid	Destination_nid	Next_hop_nid
UpdateDataPlaneRouting	796	10	1		New	9		3		3
 		 	 	 		 		 		4		4
 		 	 	 		 		 		5		5
 		 	 	 		 		 		7		7
 		 	 	 		 		 		8		8

Time: 50.742790 sec
Packet_Type		Length	Src_nid	Src_port	Option	Origin_nid	Destination_nid	Next_hop_nid
UpdateDataPlaneRouting	796	10	1		Finish	 		 		 

Time: 50.958900 sec
Packet_Type	Length	Src_nid	Src_port
Hello		80	7	1

Time: 51.059000 sec
Packet_Type	Length	Src_nid	Src_port
Hello		80	8	1

Time: 52.174100 sec
Packet_Type	Length	Src_nid	Src_port
Hello		80	1	1

Time: 52.352200 sec
Packet_Type	Length	Src_nid	Src_port
Hello		80	2	1

Time: 52.501300 sec
Packet_Type	Length	Src_nid	Src_port
Hello		80	3	1

Time: 52.645400 sec
Packet_Type	Length	Src_nid	Src_port
Hello		80	4	1

Time: 52.716500 sec
Packet_Type	Length	Src_nid	Src_port
Hello		80	5	1

Time: 52.975600 sec
Packet_Type	Length	Src_nid	Src_port
Hello		80	7	1

Time: 53.064700 sec
Packet_Type	Length	Src_nid	Src_port
Hello		80	8	1

Time: 54.360800 sec
Packet_Type	Length	Src_nid	Src_port
Hello		80	2	1

Time: 54.529900 sec
Packet_Type	Length	Src_nid	Src_port
Hello		80	3	1

Time: 54.719000 sec
Packet_Type	Length	Src_nid	Src_port
Hello		80	5	1

Time: 54.987100 sec
Packet_Type	Length	Src_nid	Src_port
Hello		80	7	1

Time: 55.139200 sec
Packet_Type	Length	Src_nid	Src_port
Hello		80	8	1

Time: 56.192300 sec
Packet_Type	Length	Src_nid	Src_port
Hello		80	1	1

Time: 56.556400 sec
Packet_Type	Length	Src_nid	Src_port
Hello		80	3	1

Time: 56.678500 sec
Packet_Type	Length	Src_nid	Src_port
Hello		80	4	1

Time: 56.721600 sec
Packet_Type	Length	Src_nid	Src_port
Hello		80	5	1

Time: 57.005700 sec
Packet_Type	Length	Src_nid	Src_port
Hello		80	7	1

Time: 57.189800 sec
Packet_Type	Length	Src_nid	Src_port
Hello		80	8	1

Time: 58.194900 sec
Packet_Type	Length	Src_nid	Src_port
Hello		80	1	1

Time: 58.387000 sec
Packet_Type	Length	Src_nid	Src_port
Hello		80	2	1

Time: 58.569100 sec
Packet_Type	Length	Src_nid	Src_port
Hello		80	3	1

Time: 58.682200 sec
Packet_Type	Length	Src_nid	Src_port
Hello		80	4	1

Time: 58.751300 sec
Packet_Type	Length	Src_nid	Src_port
Hello		80	5	1

Time: 64.205400 sec
Packet_Type	Length	Src_nid	Src_port
Hello		80	1	1

Time: 64.623500 sec
Packet_Type	Length	Src_nid	Src_port
Hello		80	3	1

Time: 64.824600 sec
Packet_Type	Length	Src_nid	Src_port
Hello		80	5	1

Time: 65.299700 sec
Packet_Type	Length	Src_nid	Src_port
Hello		80	8	1

Time: 66.213800 sec
Packet_Type	Length	Src_nid	Src_port
Hello		80	1	1

Time: 66.642900 sec
Packet_Type	Length	Src_nid	Src_port
Hello		80	3	1

Time: 66.850000 sec
Packet_Type	Length	Src_nid	Src_port
Hello		80	5	1

Time: 67.173100 sec
Packet_Type	Length	Src_nid	Src_port
Hello		80	7	1

Time: 67.363200 sec
Packet_Type	Length	Src_nid	Src_port
Hello		80	8	1

Time: 68.652300 sec
Packet_Type	Length	Src_nid	Src_port
Hello		80	3	1

Time: 69.236400 sec
Packet_Type	Length	Src_nid	Src_port
Hello		80	7	1

Time: 69.419500 sec
Packet_Type	Length	Src_nid	Src_port
Hello		80	8	1

Time: 70.223600 sec
Packet_Type	Length	Src_nid	Src_port
Hello		80	1	1

Time: 70.663700 sec
Packet_Type	Length	Src_nid	Src_port
Hello		80	3	1

Time: 70.911800 sec
Packet_Type	Length	Src_nid	Src_port
Hello		80	5	1

Time: 71.294900 sec
Packet_Type	Length	Src_nid	Src_port
Hello		80	7	1

Time: 71.455000 sec
Packet_Type	Length	Src_nid	Src_port
Hello		80	8	1

Time: 72.941100 sec
Packet_Type	Length	Src_nid	Src_port
Hello		80	5	1

Time: 73.347200 sec
Packet_Type	Length	Src_nid	Src_port
Hello		80	7	1

Time: 73.527300 sec
Packet_Type	Length	Src_nid	Src_port
Hello		80	8	1

Time: 74.241400 sec
Packet_Type	Length	Src_nid	Src_port
Hello		80	1	1

Time: 74.700500 sec
Packet_Type	Length	Src_nid	Src_port
Hello		80	3	1

Time: 74.989600 sec
Packet_Type	Length	Src_nid	Src_port
Hello		80	5	1

Time: 75.363700 sec
Packet_Type	Length	Src_nid	Src_port
Hello		80	7	1

Time: 75.531800 sec
Packet_Type	Length	Src_nid	Src_port
Hello		80	8	1

Time: 76.251900 sec
Packet_Type	Length	Src_nid	Src_port
Hello		80	1	1

Time: 76.706000 sec
Packet_Type	Length	Src_nid	Src_port
Hello		80	3	1

Time: 77.009100 sec
Packet_Type	Length	Src_nid	Src_port
Hello		80	5	1

Time: 77.367200 sec
Packet_Type	Length	Src_nid	Src_port
Hello		80	7	1

Time: 77.609300 sec
Packet_Type	Length	Src_nid	Src_port
Hello		80	8	1

Time: 78.252400 sec
Packet_Type	Length	Src_nid	Src_port
Hello		80	1	1

Time: 78.722500 sec
Packet_Type	Length	Src_nid	Src_port
Hello		80	3	1

Time: 79.052600 sec
Packet_Type	Length	Src_nid	Src_port
Hello		80	5	1

Time: 79.390700 sec
Packet_Type	Length	Src_nid	Src_port
Hello		80	7	1

Time: 79.646800 sec
Packet_Type	Length	Src_nid	Src_port
Hello		80	8	1

Time: 80.254900 sec
Packet_Type	Length	Src_nid	Src_port
Hello		80	1	1

Time: 80.726000 sec
Packet_Type	Length	Src_nid	Src_port
Hello		80	3	1

Time: 81.086100 sec
Packet_Type	Length	Src_nid	Src_port
Hello		80	5	1

Time: 81.678200 sec
Packet_Type	Length	Src_nid	Src_port
Hello		80	8	1

Time: 82.266300 sec
Packet_Type	Length	Src_nid	Src_port
Hello		80	1	1

Time: 82.749400 sec
Packet_Type	Length	Src_nid	Src_port
Hello		80	3	1

Time: 83.679500 sec
Packet_Type	Length	Src_nid	Src_port
Hello		80	8	1

Time: 84.266600 sec
Packet_Type	Length	Src_nid	Src_port
Hello		80	1	1

Time: 84.760700 sec
Packet_Type	Length	Src_nid	Src_port
Hello		80	3	1

Time: 85.145800 sec
Packet_Type	Length	Src_nid	Src_port
Hello		80	5	1

Time: 85.476900 sec
Packet_Type	Length	Src_nid	Src_port
Hello		80	7	1

Time: 85.746000 sec
Packet_Type	Length	Src_nid	Src_port
Hello		80	8	1

Time: 86.277100 sec
Packet_Type	Length	Src_nid	Src_port
Hello		80	1	1

Time: 86.783200 sec
Packet_Type	Length	Src_nid	Src_port
Hello		80	3	1

Time: 87.199300 sec
Packet_Type	Length	Src_nid	Src_port
Hello		80	5	1

Time: 87.766400 sec
Packet_Type	Length	Src_nid	Src_port
Hello		80	8	1

Time: 88.288500 sec
Packet_Type	Length	Src_nid	Src_port
Hello		80	1	1

Time: 89.202600 sec
Packet_Type	Length	Src_nid	Src_port
Hello		80	5	1

Time: 89.577700 sec
Packet_Type	Length	Src_nid	Src_port
Hello		80	7	1

Time: 89.798800 sec
Packet_Type	Length	Src_nid	Src_port
Hello		80	8	1

Time: 96.315900 sec
Packet_Type	Length	Src_nid	Src_port
Hello		80	1	1

Time: 96.879000 sec
Packet_Type	Length	Src_nid	Src_port
Hello		80	3	1

Time: 97.299100 sec
Packet_Type	Length	Src_nid	Src_port
Hello		80	5	1

Time: 97.773200 sec
Packet_Type	Length	Src_nid	Src_port
Hello		80	7	1

Time: 98.040300 sec
Packet_Type	Length	Src_nid	Src_port
Hello		80	8	1

Time: 98.319400 sec
Packet_Type	Length	Src_nid	Src_port
Hello		80	1	1

Time: 98.887500 sec
Packet_Type	Length	Src_nid	Src_port
Hello		80	3	1

Time: 99.332600 sec
Packet_Type	Length	Src_nid	Src_port
Hello		80	5	1

Time: 99.786700 sec
Packet_Type	Length	Src_nid	Src_port
Hello		80	7	1

