Time: 2.007000 sec
Packet_Type	Length	Src_nid	Src_port
Hello		80	1	1

Time: 2.007100 sec
Packet_Type	Length	Src_nid	Src_port
Hello		80	5	1

Time: 2.026200 sec
Packet_Type	Length	Src_nid	Src_port
Hello		80	3	1

Time: 2.029300 sec
Packet_Type	Length	Src_nid	Src_port
Hello		80	4	1

Time: 2.059400 sec
Packet_Type	Length	Src_nid	Src_port
Hello		80	6	1

Time: 2.063500 sec
Packet_Type	Length	Src_nid	Src_port
Hello		80	7	1

Time: 2.075600 sec
Packet_Type	Length	Src_nid	Src_port
Hello		80	8	1

Time: 2.077700 sec
Packet_Type	Length	Src_nid	Src_port
Hello		80	9	1

Time: 4.012800 sec
Packet_Type	Length	Src_nid	Src_port
Hello		80	1	1

Time: 4.028900 sec
Packet_Type	Length	Src_nid	Src_port
Hello		80	5	1

Time: 4.049000 sec
Packet_Type	Length	Src_nid	Src_port
Hello		80	3	1

Time: 4.050100 sec
Packet_Type	Length	Src_nid	Src_port
Hello		80	4	1

Time: 4.095200 sec
Packet_Type	Length	Src_nid	Src_port
Hello		80	8	1

Time: 4.106300 sec
Packet_Type	Length	Src_nid	Src_port
Hello		80	6	1

Time: 4.112400 sec
Packet_Type	Length	Src_nid	Src_port
Hello		80	7	1

Time: 4.115500 sec
Packet_Type	Length	Src_nid	Src_port
Hello		80	9	1

Time: 6.016600 sec
Packet_Type	Length	Src_nid	Src_port
Hello		80	1	1

Time: 6.041700 sec
Packet_Type	Length	Src_nid	Src_port
Hello		80	5	1

Time: 6.053800 sec
Packet_Type	Length	Src_nid	Src_port
Hello		80	3	1

Time: 6.090900 sec
Packet_Type	Length	Src_nid	Src_port
Hello		80	4	1

Time: 6.121000 sec
Packet_Type	Length	Src_nid	Src_port
Hello		80	8	1

Time: 6.140100 sec
Packet_Type	Length	Src_nid	Src_port
Hello		80	6	1

Time: 6.162200 sec
Packet_Type	Length	Src_nid	Src_port
Hello		80	7	1

Time: 6.169300 sec
Packet_Type	Length	Src_nid	Src_port
Hello		80	9	1

Time: 8.022400 sec
Packet_Type	Length	Src_nid	Src_port
Hello		80	1	1

Time: 8.051500 sec
Packet_Type	Length	Src_nid	Src_port
Hello		80	5	1

Time: 8.075600 sec
Packet_Type	Length	Src_nid	Src_port
Hello		80	3	1

Time: 8.111700 sec
Packet_Type	Length	Src_nid	Src_port
Hello		80	4	1

Time: 8.175800 sec
Packet_Type	Length	Src_nid	Src_port
Hello		80	6	1

Time: 8.184900 sec
Packet_Type	Length	Src_nid	Src_port
Hello		80	8	1

Time: 8.218000 sec
Packet_Type	Length	Src_nid	Src_port
Hello		80	9	1

Time: 10.026100 sec
Packet_Type	Length	Src_nid	Src_port
Hello		80	1	1

Time: 10.078200 sec
Packet_Type	Length	Src_nid	Src_port
Hello		80	3	1

Time: 10.099300 sec
Packet_Type	Length	Src_nid	Src_port
Hello		80	5	1

Time: 10.223400 sec
Packet_Type	Length	Src_nid	Src_port
Hello		80	8	1

Time: 10.229500 sec
Packet_Type	Length	Src_nid	Src_port
Hello		80	9	1

Time: 10.233600 sec
Packet_Type	Length	Src_nid	Src_port
Hello		80	6	1

Time: 10.245700 sec
Packet_Type	Length	Src_nid	Src_port
Hello		80	7	1

Time: 12.034800 sec
Packet_Type	Length	Src_nid	Src_port
Hello		80	1	1

Time: 12.093900 sec
Packet_Type	Length	Src_nid	Src_port
Hello		80	3	1

Time: 12.103000 sec
Packet_Type	Length	Src_nid	Src_port
Hello		80	5	1

Time: 12.149100 sec
Packet_Type	Length	Src_nid	Src_port
Hello		80	4	1

Time: 12.252200 sec
Packet_Type	Length	Src_nid	Src_port
Hello		80	9	1

Time: 12.273300 sec
Packet_Type	Length	Src_nid	Src_port
Hello		80	7	1

Time: 12.292400 sec
Packet_Type	Length	Src_nid	Src_port
Hello		80	6	1

Time: 14.042500 sec
Packet_Type	Length	Src_nid	Src_port
Hello		80	1	1

Time: 14.118600 sec
Packet_Type	Length	Src_nid	Src_port
Hello		80	3	1

Time: 14.149700 sec
Packet_Type	Length	Src_nid	Src_port
Hello		80	5	1

Time: 14.184800 sec
Packet_Type	Length	Src_nid	Src_port
Hello		80	4	1

Time: 14.290900 sec
Packet_Type	Length	Src_nid	Src_port
Hello		80	7	1

Time: 14.303000 sec
Packet_Type	Length	Src_nid	Src_port
Hello		80	6	1

Time: 14.327100 sec
Packet_Type	Length	Src_nid	Src_port
Hello		80	9	1

Time: 16.052200 sec
Packet_Type	Length	Src_nid	Src_port
Hello		80	1	1

Time: 16.148300 sec
Packet_Type	Length	Src_nid	Src_port
Hello		80	3	1

Time: 16.155400 sec
Packet_Type	Length	Src_nid	Src_port
Hello		80	5	1

Time: 16.199500 sec
Packet_Type	Length	Src_nid	Src_port
Hello		80	4	1

Time: 16.321600 sec
Packet_Type	Length	Src_nid	Src_port
Hello		80	6	1

Time: 16.329700 sec
Packet_Type	Length	Src_nid	Src_port
Hello		80	9	1

Time: 16.359800 sec
Packet_Type	Length	Src_nid	Src_port
Hello		80	8	1

Time: 18.060900 sec
Packet_Type	Length	Src_nid	Src_port
Hello		80	1	1

Time: 18.159000 sec
Packet_Type	Length	Src_nid	Src_port
Hello		80	5	1

Time: 18.178100 sec
Packet_Type	Length	Src_nid	Src_port
Hello		80	3	1

Time: 18.215200 sec
Packet_Type	Length	Src_nid	Src_port
Hello		80	4	1

Time: 18.356300 sec
Packet_Type	Length	Src_nid	Src_port
Hello		80	9	1

Time: 18.375400 sec
Packet_Type	Length	Src_nid	Src_port
Hello		80	6	1

Time: 18.398500 sec
Packet_Type	Length	Src_nid	Src_port
Hello		80	8	1

Time: 18.401600 sec
Packet_Type	Length	Src_nid	Src_port
Hello		80	7	1

Time: 20.066700 sec
Packet_Type	Length	Src_nid	Src_port
Hello		80	1	1

Time: 20.177800 sec
Packet_Type	Length	Src_nid	Src_port
Hello		80	5	1

Time: 20.194900 sec
Packet_Type	Length	Src_nid	Src_port
Hello		80	3	1

Time: 20.236000 sec
Packet_Type	Length	Src_nid	Src_port
Hello		80	4	1

Time: 20.380100 sec
Packet_Type	Length	Src_nid	Src_port
Hello		80	6	1

Time: 20.394200 sec
Packet_Type	Length	Src_nid	Src_port
Hello		80	9	1

Time: 20.423300 sec
Packet_Type	Length	Src_nid	Src_port
Hello		80	7	1

Time: 20.470400 sec
Packet_Type	Length	Src_nid	Src_port
Hello		80	8	1

Time: 22.072500 sec
Packet_Type	Length	Src_nid	Src_port
Hello		80	1	1

Time: 22.217600 sec
Packet_Type	Length	Src_nid	Src_port
Hello		80	5	1

Time: 22.218700 sec
Packet_Type	Length	Src_nid	Src_port
Hello		80	3	1

Time: 22.263800 sec
Packet_Type	Length	Src_nid	Src_port
Hello		80	4	1

Time: 22.397900 sec
Packet_Type	Length	Src_nid	Src_port
Hello		80	6	1

Time: 22.487000 sec
Packet_Type	Length	Src_nid	Src_port
Hello		80	7	1

Time: 22.497100 sec
Packet_Type	Length	Src_nid	Src_port
Hello		80	8	1

Time: 24.081200 sec
Packet_Type	Length	Src_nid	Src_port
Hello		80	1	1

Time: 24.248300 sec
Packet_Type	Length	Src_nid	Src_port
Hello		80	3	1

Time: 24.268400 sec
Packet_Type	Length	Src_nid	Src_port
Hello		80	5	1

Time: 24.290500 sec
Packet_Type	Length	Src_nid	Src_port
Hello		80	4	1

Time: 24.406600 sec
Packet_Type	Length	Src_nid	Src_port
Hello		80	6	1

Time: 24.489700 sec
Packet_Type	Length	Src_nid	Src_port
Hello		80	7	1

Time: 24.549800 sec
Packet_Type	Length	Src_nid	Src_port
Hello		80	8	1

Time: 26.083900 sec
Packet_Type	Length	Src_nid	Src_port
Hello		80	1	1

Time: 26.273000 sec
Packet_Type	Length	Src_nid	Src_port
Hello		80	3	1

Time: 26.310100 sec
Packet_Type	Length	Src_nid	Src_port
Hello		80	4	1

Time: 26.316200 sec
Packet_Type	Length	Src_nid	Src_port
Hello		80	5	1

Time: 26.549300 sec
Packet_Type	Length	Src_nid	Src_port
Hello		80	7	1

Time: 26.611400 sec
Packet_Type	Length	Src_nid	Src_port
Hello		80	8	1

Time: 28.095500 sec
Packet_Type	Length	Src_nid	Src_port
Hello		80	1	1

Time: 28.296600 sec
Packet_Type	Length	Src_nid	Src_port
Hello		80	3	1

Time: 28.350700 sec
Packet_Type	Length	Src_nid	Src_port
Hello		80	4	1

Time: 28.358800 sec
Packet_Type	Length	Src_nid	Src_port
Hello		80	5	1

Time: 28.602900 sec
Packet_Type	Length	Src_nid	Src_port
Hello		80	7	1

Time: 28.627000 sec
Packet_Type	Length	Src_nid	Src_port
Hello		80	9	1

Time: 28.659100 sec
Packet_Type	Length	Src_nid	Src_port
Hello		80	8	1

Time: 30.099200 sec
Packet_Type	Length	Src_nid	Src_port
Hello		80	1	1

Time: 30.321300 sec
Packet_Type	Length	Src_nid	Src_port
Hello		80	3	1

Time: 30.380400 sec
Packet_Type	Length	Src_nid	Src_port
Hello		80	5	1

Time: 30.603500 sec
Packet_Type	Length	Src_nid	Src_port
Hello		80	7	1

Time: 30.641600 sec
Packet_Type	Length	Src_nid	Src_port
Hello		80	9	1

Time: 30.699700 sec
Packet_Type	Length	Src_nid	Src_port
Hello		80	8	1

Time: 32.109800 sec
Packet_Type	Length	Src_nid	Src_port
Hello		80	1	1

Time: 32.327900 sec
Packet_Type	Length	Src_nid	Src_port
Hello		80	3	1

Time: 32.376000 sec
Packet_Type	Length	Src_nid	Src_port
Hello		80	4	1

Time: 32.424100 sec
Packet_Type	Length	Src_nid	Src_port
Hello		80	5	1

Time: 32.653200 sec
Packet_Type	Length	Src_nid	Src_port
Hello		80	9	1

Time: 32.673300 sec
Packet_Type	Length	Src_nid	Src_port
Hello		80	7	1

Time: 34.110400 sec
Packet_Type	Length	Src_nid	Src_port
Hello		80	1	1

Time: 34.343500 sec
Packet_Type	Length	Src_nid	Src_port
Hello		80	3	1

Time: 34.417600 sec
Packet_Type	Length	Src_nid	Src_port
Hello		80	4	1

Time: 34.468700 sec
Packet_Type	Length	Src_nid	Src_port
Hello		80	5	1

Time: 34.737800 sec
Packet_Type	Length	Src_nid	Src_port
Hello		80	9	1

Time: 36.118900 sec
Packet_Type	Length	Src_nid	Src_port
Hello		80	1	1

Time: 36.368000 sec
Packet_Type	Length	Src_nid	Src_port
Hello		80	3	1

Time: 36.484100 sec
Packet_Type	Length	Src_nid	Src_port
Hello		80	5	1

Time: 36.756200 sec
Packet_Type	Length	Src_nid	Src_port
Hello		80	9	1

Time: 36.822300 sec
Packet_Type	Length	Src_nid	Src_port
Hello		80	8	1

Time: 38.125400 sec
Packet_Type	Length	Src_nid	Src_port
Hello		80	1	1

Time: 38.381500 sec
Packet_Type	Length	Src_nid	Src_port
Hello		80	3	1

Time: 38.468600 sec
Packet_Type	Length	Src_nid	Src_port
Hello		80	4	1

Time: 38.534700 sec
Packet_Type	Length	Src_nid	Src_port
Hello		80	5	1

Time: 38.789800 sec
Packet_Type	Length	Src_nid	Src_port
Hello		80	9	1

Time: 38.897900 sec
Packet_Type	Length	Src_nid	Src_port
Hello		80	8	1

Time: 40.138000 sec
Packet_Type	Length	Src_nid	Src_port
Hello		80	1	1

Time: 40.401100 sec
Packet_Type	Length	Src_nid	Src_port
Hello		80	3	1

Time: 40.548200 sec
Packet_Type	Length	Src_nid	Src_port
Hello		80	5	1

Time: 40.776300 sec
Packet_Type	Length	Src_nid	Src_port
Hello		80	7	1

Time: 40.798400 sec
Packet_Type	Length	Src_nid	Src_port
Hello		80	9	1

Time: 40.907500 sec
Packet_Type	Length	Src_nid	Src_port
Hello		80	8	1

Time: 42.145600 sec
Packet_Type	Length	Src_nid	Src_port
Hello		80	1	1

Time: 42.420700 sec
Packet_Type	Length	Src_nid	Src_port
Hello		80	3	1

Time: 42.513800 sec
Packet_Type	Length	Src_nid	Src_port
Hello		80	4	1

Time: 42.555900 sec
Packet_Type	Length	Src_nid	Src_port
Hello		80	5	1

Time: 42.824000 sec
Packet_Type	Length	Src_nid	Src_port
Hello		80	7	1

Time: 42.833100 sec
Packet_Type	Length	Src_nid	Src_port
Hello		80	9	1

Time: 42.910200 sec
Packet_Type	Length	Src_nid	Src_port
Hello		80	8	1

Time: 44.146300 sec
Packet_Type	Length	Src_nid	Src_port
Hello		80	1	1

Time: 44.439400 sec
Packet_Type	Length	Src_nid	Src_port
Hello		80	3	1

Time: 44.545500 sec
Packet_Type	Length	Src_nid	Src_port
Hello		80	4	1

Time: 44.562600 sec
Packet_Type	Length	Src_nid	Src_port
Hello		80	5	1

Time: 44.865700 sec
Packet_Type	Length	Src_nid	Src_port
Hello		80	7	1

Time: 44.881800 sec
Packet_Type	Length	Src_nid	Src_port
Hello		80	9	1

Time: 44.978900 sec
Packet_Type	Length	Src_nid	Src_port
Hello		80	8	1

Time: 46.154000 sec
Packet_Type	Length	Src_nid	Src_port
Hello		80	1	1

Time: 46.448100 sec
Packet_Type	Length	Src_nid	Src_port
Hello		80	3	1

Time: 46.555200 sec
Packet_Type	Length	Src_nid	Src_port
Hello		80	4	1

Time: 46.583300 sec
Packet_Type	Length	Src_nid	Src_port
Hello		80	5	1

Time: 46.879400 sec
Packet_Type	Length	Src_nid	Src_port
Hello		80	7	1

Time: 46.904500 sec
Packet_Type	Length	Src_nid	Src_port
Hello		80	9	1

Time: 46.985600 sec
Packet_Type	Length	Src_nid	Src_port
Hello		80	8	1

Time: 48.160700 sec
Packet_Type	Length	Src_nid	Src_port
Hello		80	1	1

Time: 48.467800 sec
Packet_Type	Length	Src_nid	Src_port
Hello		80	3	1

Time: 48.592900 sec
Packet_Type	Length	Src_nid	Src_port
Hello		80	4	1

Time: 48.621000 sec
Packet_Type	Length	Src_nid	Src_port
Hello		80	5	1

Time: 48.895100 sec
Packet_Type	Length	Src_nid	Src_port
Hello		80	7	1

Time: 48.942200 sec
Packet_Type	Length	Src_nid	Src_port
Hello		80	9	1

Time: 49.050300 sec
Packet_Type	Length	Src_nid	Src_port
Hello		80	8	1

Time: 50.172400 sec
Packet_Type	Length	Src_nid	Src_port
Hello		80	1	1

Time: 50.468500 sec
Packet_Type	Length	Src_nid	Src_port
Hello		80	3	1

Time: 50.624600 sec
Packet_Type	Length	Src_nid	Src_port
Hello		80	4	1

Time: 50.668700 sec
Packet_Type	Length	Src_nid	Src_port
Hello		80	5	1

Time: 50.958800 sec
Packet_Type	Length	Src_nid	Src_port
Hello		80	7	1

Time: 51.010900 sec
Packet_Type	Length	Src_nid	Src_port
Hello		80	9	1

Time: 51.059000 sec
Packet_Type	Length	Src_nid	Src_port
Hello		80	8	1

Time: 52.174100 sec
Packet_Type	Length	Src_nid	Src_port
Hello		80	1	1

Time: 52.501200 sec
Packet_Type	Length	Src_nid	Src_port
Hello		80	3	1

Time: 52.645300 sec
Packet_Type	Length	Src_nid	Src_port
Hello		80	4	1

Time: 52.716400 sec
Packet_Type	Length	Src_nid	Src_port
Hello		80	5	1

Time: 52.975500 sec
Packet_Type	Length	Src_nid	Src_port
Hello		80	7	1

Time: 53.044600 sec
Packet_Type	Length	Src_nid	Src_port
Hello		80	9	1

Time: 53.064700 sec
Packet_Type	Length	Src_nid	Src_port
Hello		80	8	1

Time: 54.176800 sec
Packet_Type	Length	Src_nid	Src_port
Hello		80	1	1

Time: 54.529900 sec
Packet_Type	Length	Src_nid	Src_port
Hello		80	3	1

Time: 54.719000 sec
Packet_Type	Length	Src_nid	Src_port
Hello		80	5	1

Time: 54.987100 sec
Packet_Type	Length	Src_nid	Src_port
Hello		80	7	1

Time: 55.075200 sec
Packet_Type	Length	Src_nid	Src_port
Hello		80	9	1

Time: 55.139300 sec
Packet_Type	Length	Src_nid	Src_port
Hello		80	8	1

Time: 56.192400 sec
Packet_Type	Length	Src_nid	Src_port
Hello		80	1	1

Time: 56.556500 sec
Packet_Type	Length	Src_nid	Src_port
Hello		80	3	1

Time: 56.678600 sec
Packet_Type	Length	Src_nid	Src_port
Hello		80	4	1

Time: 56.721700 sec
Packet_Type	Length	Src_nid	Src_port
Hello		80	5	1

Time: 57.005800 sec
Packet_Type	Length	Src_nid	Src_port
Hello		80	7	1

Time: 57.138900 sec
Packet_Type	Length	Src_nid	Src_port
Hello		80	9	1

Time: 57.190000 sec
Packet_Type	Length	Src_nid	Src_port
Hello		80	8	1

Time: 58.195100 sec
Packet_Type	Length	Src_nid	Src_port
Hello		80	1	1

Time: 58.569200 sec
Packet_Type	Length	Src_nid	Src_port
Hello		80	3	1

Time: 58.682300 sec
Packet_Type	Length	Src_nid	Src_port
Hello		80	4	1

Time: 58.751400 sec
Packet_Type	Length	Src_nid	Src_port
Hello		80	5	1

Time: 59.025500 sec
Packet_Type	Length	Src_nid	Src_port
Hello		80	7	1

Time: 59.200600 sec
Packet_Type	Length	Src_nid	Src_port
Hello		80	8	1

Time: 60.199700 sec
Packet_Type	Length	Src_nid	Src_port
Hello		80	1	1

Time: 60.585800 sec
Packet_Type	Length	Src_nid	Src_port
Hello		80	3	1

Time: 60.705900 sec
Packet_Type	Length	Src_nid	Src_port
Hello		80	4	1

Time: 60.772000 sec
Packet_Type	Length	Src_nid	Src_port
Hello		80	5	1

Time: 60.892959 sec
Packet_Type		Length	Src_Nid	src_port	Option	Center_nid	Neighbor_nid	Data_plane_port
NeighborUpdate		544	10	1		Finish	 		 		 

Time: 61.069100 sec
Packet_Type	Length	Src_nid	Src_port
Hello		80	7	1

Time: 61.218200 sec
Packet_Type	Length	Src_nid	Src_port
Hello		80	8	1

Time: 61.604669 sec
Packet_Type		Length	Src_nid	Src_port	Option	Origin_nid	Destination_nid	Next_hop_nid
UpdateDataPlaneRouting	796	10	1		New	2		3		3
 		 	 	 		 		 		4		4
 		 	 	 		 		 		5		5
 		 	 	 		 		 		7		7
 		 	 	 		 		 		8		8
 		 	 	 		 		 		9		9

Time: 61.605769 sec
Packet_Type		Length	Src_nid	Src_port	Option	Origin_nid	Destination_nid	Next_hop_nid
UpdateDataPlaneRouting	796	10	1		Finish	 		 		 

Time: 62.203300 sec
Packet_Type	Length	Src_nid	Src_port
Hello		80	1	1

Time: 62.604400 sec
Packet_Type	Length	Src_nid	Src_port
Hello		80	3	1

Time: 62.710500 sec
Packet_Type	Length	Src_nid	Src_port
Hello		80	4	1

Time: 62.795600 sec
Packet_Type	Length	Src_nid	Src_port
Hello		80	5	1

Time: 63.100700 sec
Packet_Type	Length	Src_nid	Src_port
Hello		80	7	1

Time: 63.280800 sec
Packet_Type	Length	Src_nid	Src_port
Hello		80	8	1

Time: 64.205900 sec
Packet_Type	Length	Src_nid	Src_port
Hello		80	1	1

Time: 64.624000 sec
Packet_Type	Length	Src_nid	Src_port
Hello		80	3	1

Time: 64.825100 sec
Packet_Type	Length	Src_nid	Src_port
Hello		80	5	1

Time: 65.066200 sec
Packet_Type	Length	Src_nid	Src_port
Hello		80	4	1

Time: 65.300300 sec
Packet_Type	Length	Src_nid	Src_port
Hello		80	8	1

Time: 65.300400 sec
Packet_Type	Length	Src_nid	Src_port
Hello		80	9	1

Time: 66.213500 sec
Packet_Type	Length	Src_nid	Src_port
Hello		80	1	1

Time: 66.643600 sec
Packet_Type	Length	Src_nid	Src_port
Hello		80	3	1

Time: 66.778700 sec
Packet_Type	Length	Src_nid	Src_port
Hello		80	4	1

Time: 66.850800 sec
Packet_Type	Length	Src_nid	Src_port
Hello		80	5	1

Time: 67.172900 sec
Packet_Type	Length	Src_nid	Src_port
Hello		80	7	1

Time: 67.363000 sec
Packet_Type	Length	Src_nid	Src_port
Hello		80	8	1

Time: 68.653100 sec
Packet_Type	Length	Src_nid	Src_port
Hello		80	3	1

Time: 68.819200 sec
Packet_Type	Length	Src_nid	Src_port
Hello		80	4	1

Time: 69.237300 sec
Packet_Type	Length	Src_nid	Src_port
Hello		80	7	1

Time: 69.376400 sec
Packet_Type	Length	Src_nid	Src_port
Hello		80	9	1

Time: 69.419500 sec
Packet_Type	Length	Src_nid	Src_port
Hello		80	8	1

Time: 70.223600 sec
Packet_Type	Length	Src_nid	Src_port
Hello		80	1	1

Time: 70.663700 sec
Packet_Type	Length	Src_nid	Src_port
Hello		80	3	1

Time: 70.911800 sec
Packet_Type	Length	Src_nid	Src_port
Hello		80	5	1

Time: 71.294900 sec
Packet_Type	Length	Src_nid	Src_port
Hello		80	7	1

Time: 71.455000 sec
Packet_Type	Length	Src_nid	Src_port
Hello		80	8	1

Time: 72.680100 sec
Packet_Type	Length	Src_nid	Src_port
Hello		80	3	1

Time: 72.941200 sec
Packet_Type	Length	Src_nid	Src_port
Hello		80	5	1

Time: 73.346300 sec
Packet_Type	Length	Src_nid	Src_port
Hello		80	7	1

Time: 73.494400 sec
Packet_Type	Length	Src_nid	Src_port
Hello		80	9	1

Time: 73.527500 sec
Packet_Type	Length	Src_nid	Src_port
Hello		80	8	1

Time: 74.240600 sec
Packet_Type	Length	Src_nid	Src_port
Hello		80	1	1

Time: 74.700700 sec
Packet_Type	Length	Src_nid	Src_port
Hello		80	3	1

Time: 74.988800 sec
Packet_Type	Length	Src_nid	Src_port
Hello		80	5	1

Time: 75.363900 sec
Packet_Type	Length	Src_nid	Src_port
Hello		80	7	1

Time: 75.531000 sec
Packet_Type	Length	Src_nid	Src_port
Hello		80	8	1

Time: 75.544100 sec
Packet_Type	Length	Src_nid	Src_port
Hello		80	9	1

Time: 76.252200 sec
Packet_Type	Length	Src_nid	Src_port
Hello		80	1	1

Time: 76.706300 sec
Packet_Type	Length	Src_nid	Src_port
Hello		80	3	1

Time: 76.904400 sec
Packet_Type	Length	Src_nid	Src_port
Hello		80	4	1

Time: 77.009500 sec
Packet_Type	Length	Src_nid	Src_port
Hello		80	5	1

Time: 77.366600 sec
Packet_Type	Length	Src_nid	Src_port
Hello		80	7	1

Time: 77.570700 sec
Packet_Type	Length	Src_nid	Src_port
Hello		80	9	1

Time: 77.609800 sec
Packet_Type	Length	Src_nid	Src_port
Hello		80	8	1

Time: 78.252900 sec
Packet_Type	Length	Src_nid	Src_port
Hello		80	1	1

Time: 78.722000 sec
Packet_Type	Length	Src_nid	Src_port
Hello		80	3	1

Time: 78.915100 sec
Packet_Type	Length	Src_nid	Src_port
Hello		80	4	1

Time: 79.053200 sec
Packet_Type	Length	Src_nid	Src_port
Hello		80	5	1

Time: 79.391300 sec
Packet_Type	Length	Src_nid	Src_port
Hello		80	7	1

Time: 79.607400 sec
Packet_Type	Length	Src_nid	Src_port
Hello		80	9	1

Time: 79.646500 sec
Packet_Type	Length	Src_nid	Src_port
Hello		80	8	1

Time: 80.254600 sec
Packet_Type	Length	Src_nid	Src_port
Hello		80	1	1

Time: 80.726700 sec
Packet_Type	Length	Src_nid	Src_port
Hello		80	3	1

Time: 80.916800 sec
Packet_Type	Length	Src_nid	Src_port
Hello		80	4	1

Time: 81.085900 sec
Packet_Type	Length	Src_nid	Src_port
Hello		80	5	1

Time: 81.670000 sec
Packet_Type	Length	Src_nid	Src_port
Hello		80	9	1

Time: 82.266100 sec
Packet_Type	Length	Src_nid	Src_port
Hello		80	1	1

Time: 82.749200 sec
Packet_Type	Length	Src_nid	Src_port
Hello		80	3	1

Time: 83.311300 sec
Packet_Type	Length	Src_nid	Src_port
Hello		80	4	1

Time: 83.679400 sec
Packet_Type	Length	Src_nid	Src_port
Hello		80	8	1

Time: 83.720500 sec
Packet_Type	Length	Src_nid	Src_port
Hello		80	9	1

Time: 84.266600 sec
Packet_Type	Length	Src_nid	Src_port
Hello		80	1	1

Time: 84.760700 sec
Packet_Type	Length	Src_nid	Src_port
Hello		80	3	1

Time: 84.945800 sec
Packet_Type	Length	Src_nid	Src_port
Hello		80	4	1

Time: 85.145900 sec
Packet_Type	Length	Src_nid	Src_port
Hello		80	5	1

Time: 85.477000 sec
Packet_Type	Length	Src_nid	Src_port
Hello		80	7	1

Time: 85.746100 sec
Packet_Type	Length	Src_nid	Src_port
Hello		80	8	1

Time: 85.807200 sec
Packet_Type	Length	Src_nid	Src_port
Hello		80	9	1

Time: 86.277300 sec
Packet_Type	Length	Src_nid	Src_port
Hello		80	1	1

Time: 86.783400 sec
Packet_Type	Length	Src_nid	Src_port
Hello		80	3	1

Time: 86.961500 sec
Packet_Type	Length	Src_nid	Src_port
Hello		80	4	1

Time: 87.198600 sec
Packet_Type	Length	Src_nid	Src_port
Hello		80	5	1

Time: 87.766700 sec
Packet_Type	Length	Src_nid	Src_port
Hello		80	8	1

Time: 87.901800 sec
Packet_Type	Length	Src_nid	Src_port
Hello		80	9	1

Time: 88.287900 sec
Packet_Type	Length	Src_nid	Src_port
Hello		80	1	1

Time: 89.203000 sec
Packet_Type	Length	Src_nid	Src_port
Hello		80	5	1

Time: 89.578100 sec
Packet_Type	Length	Src_nid	Src_port
Hello		80	7	1

Time: 89.798200 sec
Packet_Type	Length	Src_nid	Src_port
Hello		80	8	1

Time: 89.983300 sec
Packet_Type	Length	Src_nid	Src_port
Hello		80	9	1

Time: 90.293400 sec
Packet_Type	Length	Src_nid	Src_port
Hello		80	1	1

Time: 90.795500 sec
Packet_Type	Length	Src_nid	Src_port
Hello		80	3	1

Time: 91.026600 sec
Packet_Type	Length	Src_nid	Src_port
Hello		80	4	1

Time: 91.227700 sec
Packet_Type	Length	Src_nid	Src_port
Hello		80	5	1

Time: 91.643800 sec
Packet_Type	Length	Src_nid	Src_port
Hello		80	7	1

Time: 91.896900 sec
Packet_Type	Length	Src_nid	Src_port
Hello		80	8	1

Time: 92.295000 sec
Packet_Type	Length	Src_nid	Src_port
Hello		80	1	1

Time: 92.827100 sec
Packet_Type	Length	Src_nid	Src_port
Hello		80	3	1

Time: 93.047200 sec
Packet_Type	Length	Src_nid	Src_port
Hello		80	4	1

Time: 93.248300 sec
Packet_Type	Length	Src_nid	Src_port
Hello		80	5	1

Time: 93.651400 sec
Packet_Type	Length	Src_nid	Src_port
Hello		80	7	1

Time: 93.920500 sec
Packet_Type	Length	Src_nid	Src_port
Hello		80	8	1

Time: 94.304600 sec
Packet_Type	Length	Src_nid	Src_port
Hello		80	1	1

Time: 94.855700 sec
Packet_Type	Length	Src_nid	Src_port
Hello		80	3	1

Time: 95.054800 sec
Packet_Type	Length	Src_nid	Src_port
Hello		80	4	1

Time: 95.295900 sec
Packet_Type	Length	Src_nid	Src_port
Hello		80	5	1

Time: 95.708000 sec
Packet_Type	Length	Src_nid	Src_port
Hello		80	7	1

Time: 95.999100 sec
Packet_Type	Length	Src_nid	Src_port
Hello		80	8	1

Time: 96.113200 sec
Packet_Type	Length	Src_nid	Src_port
Hello		80	9	1

Time: 96.316300 sec
Packet_Type	Length	Src_nid	Src_port
Hello		80	1	1

Time: 96.879400 sec
Packet_Type	Length	Src_nid	Src_port
Hello		80	3	1

Time: 97.090500 sec
Packet_Type	Length	Src_nid	Src_port
Hello		80	4	1

Time: 97.298600 sec
Packet_Type	Length	Src_nid	Src_port
Hello		80	5	1

Time: 97.773700 sec
Packet_Type	Length	Src_nid	Src_port
Hello		80	7	1

Time: 98.040800 sec
Packet_Type	Length	Src_nid	Src_port
Hello		80	8	1

Time: 98.152900 sec
Packet_Type	Length	Src_nid	Src_port
Hello		80	9	1

Time: 98.319000 sec
Packet_Type	Length	Src_nid	Src_port
Hello		80	1	1

Time: 98.888100 sec
Packet_Type	Length	Src_nid	Src_port
Hello		80	3	1

Time: 99.333200 sec
Packet_Type	Length	Src_nid	Src_port
Hello		80	5	1

Time: 99.787300 sec
Packet_Type	Length	Src_nid	Src_port
Hello		80	7	1

