Time: 2.007000 sec
Packet_Type	Length	Src_nid	Src_port
Hello		80	1	1

Time: 2.007100 sec
Packet_Type	Length	Src_nid	Src_port
Hello		80	5	1

Time: 2.009200 sec
Packet_Type	Length	Src_nid	Src_port
Hello		80	2	1

Time: 2.026300 sec
Packet_Type	Length	Src_nid	Src_port
Hello		80	3	1

Time: 2.029400 sec
Packet_Type	Length	Src_nid	Src_port
Hello		80	4	1

Time: 2.063500 sec
Packet_Type	Length	Src_nid	Src_port
Hello		80	7	1

Time: 2.075600 sec
Packet_Type	Length	Src_nid	Src_port
Hello		80	8	1

Time: 2.077700 sec
Packet_Type	Length	Src_nid	Src_port
Hello		80	9	1

Time: 4.012800 sec
Packet_Type	Length	Src_nid	Src_port
Hello		80	1	1

Time: 4.028900 sec
Packet_Type	Length	Src_nid	Src_port
Hello		80	5	1

Time: 4.030000 sec
Packet_Type	Length	Src_nid	Src_port
Hello		80	2	1

Time: 4.049100 sec
Packet_Type	Length	Src_nid	Src_port
Hello		80	3	1

Time: 4.050200 sec
Packet_Type	Length	Src_nid	Src_port
Hello		80	4	1

Time: 4.095300 sec
Packet_Type	Length	Src_nid	Src_port
Hello		80	8	1

Time: 4.112400 sec
Packet_Type	Length	Src_nid	Src_port
Hello		80	7	1

Time: 4.115500 sec
Packet_Type	Length	Src_nid	Src_port
Hello		80	9	1

Time: 6.016600 sec
Packet_Type	Length	Src_nid	Src_port
Hello		80	1	1

Time: 6.038700 sec
Packet_Type	Length	Src_nid	Src_port
Hello		80	2	1

Time: 6.041800 sec
Packet_Type	Length	Src_nid	Src_port
Hello		80	5	1

Time: 6.053900 sec
Packet_Type	Length	Src_nid	Src_port
Hello		80	3	1

Time: 6.091000 sec
Packet_Type	Length	Src_nid	Src_port
Hello		80	4	1

Time: 6.121100 sec
Packet_Type	Length	Src_nid	Src_port
Hello		80	8	1

Time: 6.162200 sec
Packet_Type	Length	Src_nid	Src_port
Hello		80	7	1

Time: 6.169300 sec
Packet_Type	Length	Src_nid	Src_port
Hello		80	9	1

Time: 8.022400 sec
Packet_Type	Length	Src_nid	Src_port
Hello		80	1	1

Time: 8.051500 sec
Packet_Type	Length	Src_nid	Src_port
Hello		80	5	1

Time: 8.059600 sec
Packet_Type	Length	Src_nid	Src_port
Hello		80	2	1

Time: 8.075700 sec
Packet_Type	Length	Src_nid	Src_port
Hello		80	3	1

Time: 8.111800 sec
Packet_Type	Length	Src_nid	Src_port
Hello		80	4	1

Time: 8.184900 sec
Packet_Type	Length	Src_nid	Src_port
Hello		80	8	1

Time: 8.218000 sec
Packet_Type	Length	Src_nid	Src_port
Hello		80	9	1

Time: 10.026100 sec
Packet_Type	Length	Src_nid	Src_port
Hello		80	1	1

Time: 10.078200 sec
Packet_Type	Length	Src_nid	Src_port
Hello		80	3	1

Time: 10.080300 sec
Packet_Type	Length	Src_nid	Src_port
Hello		80	2	1

Time: 10.099400 sec
Packet_Type	Length	Src_nid	Src_port
Hello		80	5	1

Time: 10.223500 sec
Packet_Type	Length	Src_nid	Src_port
Hello		80	8	1

Time: 10.229600 sec
Packet_Type	Length	Src_nid	Src_port
Hello		80	9	1

Time: 10.245700 sec
Packet_Type	Length	Src_nid	Src_port
Hello		80	7	1

Time: 12.034800 sec
Packet_Type	Length	Src_nid	Src_port
Hello		80	1	1

Time: 12.093900 sec
Packet_Type	Length	Src_nid	Src_port
Hello		80	3	1

Time: 12.095000 sec
Packet_Type	Length	Src_nid	Src_port
Hello		80	2	1

Time: 12.103100 sec
Packet_Type	Length	Src_nid	Src_port
Hello		80	5	1

Time: 12.149200 sec
Packet_Type	Length	Src_nid	Src_port
Hello		80	4	1

Time: 12.231300 sec
Packet_Type	Length	Src_nid	Src_port
Hello		80	8	1

Time: 12.252400 sec
Packet_Type	Length	Src_nid	Src_port
Hello		80	9	1

Time: 12.273500 sec
Packet_Type	Length	Src_nid	Src_port
Hello		80	7	1

Time: 14.042600 sec
Packet_Type	Length	Src_nid	Src_port
Hello		80	1	1

Time: 14.113700 sec
Packet_Type	Length	Src_nid	Src_port
Hello		80	2	1

Time: 14.118800 sec
Packet_Type	Length	Src_nid	Src_port
Hello		80	3	1

Time: 14.149900 sec
Packet_Type	Length	Src_nid	Src_port
Hello		80	5	1

Time: 14.185000 sec
Packet_Type	Length	Src_nid	Src_port
Hello		80	4	1

Time: 14.291100 sec
Packet_Type	Length	Src_nid	Src_port
Hello		80	7	1

Time: 14.306200 sec
Packet_Type	Length	Src_nid	Src_port
Hello		80	8	1

Time: 14.327300 sec
Packet_Type	Length	Src_nid	Src_port
Hello		80	9	1

Time: 16.052400 sec
Packet_Type	Length	Src_nid	Src_port
Hello		80	1	1

Time: 16.134500 sec
Packet_Type	Length	Src_nid	Src_port
Hello		80	2	1

Time: 16.148600 sec
Packet_Type	Length	Src_nid	Src_port
Hello		80	3	1

Time: 16.155700 sec
Packet_Type	Length	Src_nid	Src_port
Hello		80	5	1

Time: 16.198800 sec
Packet_Type	Length	Src_nid	Src_port
Hello		80	4	1

Time: 16.329900 sec
Packet_Type	Length	Src_nid	Src_port
Hello		80	9	1

Time: 16.360000 sec
Packet_Type	Length	Src_nid	Src_port
Hello		80	8	1

Time: 18.145100 sec
Packet_Type	Length	Src_nid	Src_port
Hello		80	2	1

Time: 18.159200 sec
Packet_Type	Length	Src_nid	Src_port
Hello		80	5	1

Time: 18.178300 sec
Packet_Type	Length	Src_nid	Src_port
Hello		80	3	1

Time: 18.215400 sec
Packet_Type	Length	Src_nid	Src_port
Hello		80	4	1

Time: 18.356500 sec
Packet_Type	Length	Src_nid	Src_port
Hello		80	9	1

Time: 18.398600 sec
Packet_Type	Length	Src_nid	Src_port
Hello		80	8	1

Time: 18.401700 sec
Packet_Type	Length	Src_nid	Src_port
Hello		80	7	1

Time: 20.066800 sec
Packet_Type	Length	Src_nid	Src_port
Hello		80	1	1

Time: 20.161900 sec
Packet_Type	Length	Src_nid	Src_port
Hello		80	2	1

Time: 20.178000 sec
Packet_Type	Length	Src_nid	Src_port
Hello		80	5	1

Time: 20.195100 sec
Packet_Type	Length	Src_nid	Src_port
Hello		80	3	1

Time: 20.236200 sec
Packet_Type	Length	Src_nid	Src_port
Hello		80	4	1

Time: 20.394300 sec
Packet_Type	Length	Src_nid	Src_port
Hello		80	9	1

Time: 20.422400 sec
Packet_Type	Length	Src_nid	Src_port
Hello		80	7	1

Time: 20.469500 sec
Packet_Type	Length	Src_nid	Src_port
Hello		80	8	1

Time: 22.072600 sec
Packet_Type	Length	Src_nid	Src_port
Hello		80	1	1

Time: 22.167700 sec
Packet_Type	Length	Src_nid	Src_port
Hello		80	2	1

Time: 22.217800 sec
Packet_Type	Length	Src_nid	Src_port
Hello		80	5	1

Time: 22.218900 sec
Packet_Type	Length	Src_nid	Src_port
Hello		80	3	1

Time: 22.264000 sec
Packet_Type	Length	Src_nid	Src_port
Hello		80	4	1

Time: 22.487100 sec
Packet_Type	Length	Src_nid	Src_port
Hello		80	7	1

Time: 22.497200 sec
Packet_Type	Length	Src_nid	Src_port
Hello		80	8	1

Time: 23.070496 sec
Packet_Type		Length	Src_Nid	src_port	Option	Center_nid	Neighbor_nid	Data_plane_port
NeighborUpdate		544	10	1		New	6		1		1
 		 	 	 		 	 			5		1
 		 	 	 		 	 			2		1
 		 	 	 		 	 			3		1
 		 	 	 		 	 			4		1
 		 	 	 		 	 			7		1
 		 	 	 		 	 			8		1
 		 	 	 		 	 			9		1

Time: 23.138596 sec
Packet_Type		Length	Src_Nid	src_port	Option	Center_nid	Neighbor_nid	Data_plane_port
NeighborUpdate		544	10	1		Finish	 		 		 

Time: 24.081300 sec
Packet_Type	Length	Src_nid	Src_port
Hello		80	1	1

Time: 24.178400 sec
Packet_Type	Length	Src_nid	Src_port
Hello		80	2	1

Time: 24.248500 sec
Packet_Type	Length	Src_nid	Src_port
Hello		80	3	1

Time: 24.268600 sec
Packet_Type	Length	Src_nid	Src_port
Hello		80	5	1

Time: 24.289700 sec
Packet_Type	Length	Src_nid	Src_port
Hello		80	4	1

Time: 24.489800 sec
Packet_Type	Length	Src_nid	Src_port
Hello		80	7	1

Time: 24.549900 sec
Packet_Type	Length	Src_nid	Src_port
Hello		80	8	1

Time: 25.483296 sec
Packet_Type		Length	Src_nid	Src_port	Option	Origin_nid	Destination_nid	Next_hop_nid
UpdateDataPlaneRouting	796	10	1		New	6		3		3
 		 	 	 		 		 		4		4
 		 	 	 		 		 		5		5
 		 	 	 		 		 		7		7
 		 	 	 		 		 		8		8
 		 	 	 		 		 		9		9

Time: 25.489396 sec
Packet_Type		Length	Src_nid	Src_port	Option	Origin_nid	Destination_nid	Next_hop_nid
UpdateDataPlaneRouting	796	10	1		Finish	 		 		 

Time: 25.506496 sec
Packet_Type		Length	Src_nid	Src_port	Option	Origin_nid	Destination_nid	Next_hop_nid
UpdateDataPlaneRouting	796	10	1		New	6		3		3
 		 	 	 		 		 		4		4
 		 	 	 		 		 		5		5
 		 	 	 		 		 		7		7
 		 	 	 		 		 		8		8
 		 	 	 		 		 		9		9

Time: 25.509596 sec
Packet_Type		Length	Src_nid	Src_port	Option	Origin_nid	Destination_nid	Next_hop_nid
UpdateDataPlaneRouting	796	10	1		Finish	 		 		 

Time: 25.525696 sec
Packet_Type		Length	Src_nid	Src_port	Option	Origin_nid	Destination_nid	Next_hop_nid
UpdateDataPlaneRouting	796	10	1		New	6		3		3
 		 	 	 		 		 		4		4
 		 	 	 		 		 		5		5
 		 	 	 		 		 		7		7
 		 	 	 		 		 		8		8
 		 	 	 		 		 		9		9

Time: 25.526796 sec
Packet_Type		Length	Src_nid	Src_port	Option	Origin_nid	Destination_nid	Next_hop_nid
UpdateDataPlaneRouting	796	10	1		Finish	 		 		 

Time: 26.084000 sec
Packet_Type	Length	Src_nid	Src_port
Hello		80	1	1

Time: 26.194100 sec
Packet_Type	Length	Src_nid	Src_port
Hello		80	2	1

Time: 26.273200 sec
Packet_Type	Length	Src_nid	Src_port
Hello		80	3	1

Time: 26.310300 sec
Packet_Type	Length	Src_nid	Src_port
Hello		80	4	1

Time: 26.316400 sec
Packet_Type	Length	Src_nid	Src_port
Hello		80	5	1

Time: 26.549500 sec
Packet_Type	Length	Src_nid	Src_port
Hello		80	7	1

Time: 26.611600 sec
Packet_Type	Length	Src_nid	Src_port
Hello		80	8	1

Time: 28.095700 sec
Packet_Type	Length	Src_nid	Src_port
Hello		80	1	1

Time: 28.218800 sec
Packet_Type	Length	Src_nid	Src_port
Hello		80	2	1

Time: 28.296900 sec
Packet_Type	Length	Src_nid	Src_port
Hello		80	3	1

Time: 28.350000 sec
Packet_Type	Length	Src_nid	Src_port
Hello		80	4	1

Time: 28.359100 sec
Packet_Type	Length	Src_nid	Src_port
Hello		80	5	1

Time: 28.603200 sec
Packet_Type	Length	Src_nid	Src_port
Hello		80	7	1

Time: 28.627300 sec
Packet_Type	Length	Src_nid	Src_port
Hello		80	9	1

Time: 28.659400 sec
Packet_Type	Length	Src_nid	Src_port
Hello		80	8	1

Time: 30.098500 sec
Packet_Type	Length	Src_nid	Src_port
Hello		80	1	1

Time: 30.321600 sec
Packet_Type	Length	Src_nid	Src_port
Hello		80	3	1

Time: 30.380700 sec
Packet_Type	Length	Src_nid	Src_port
Hello		80	5	1

Time: 30.603800 sec
Packet_Type	Length	Src_nid	Src_port
Hello		80	7	1

Time: 30.640900 sec
Packet_Type	Length	Src_nid	Src_port
Hello		80	9	1

Time: 30.700000 sec
Packet_Type	Length	Src_nid	Src_port
Hello		80	8	1

Time: 32.110100 sec
Packet_Type	Length	Src_nid	Src_port
Hello		80	1	1

Time: 32.229200 sec
Packet_Type	Length	Src_nid	Src_port
Hello		80	2	1

Time: 32.328300 sec
Packet_Type	Length	Src_nid	Src_port
Hello		80	3	1

Time: 32.376400 sec
Packet_Type	Length	Src_nid	Src_port
Hello		80	4	1

Time: 32.424500 sec
Packet_Type	Length	Src_nid	Src_port
Hello		80	5	1

Time: 32.652600 sec
Packet_Type	Length	Src_nid	Src_port
Hello		80	9	1

Time: 32.673700 sec
Packet_Type	Length	Src_nid	Src_port
Hello		80	7	1

Time: 32.752800 sec
Packet_Type	Length	Src_nid	Src_port
Hello		80	8	1

Time: 34.109900 sec
Packet_Type	Length	Src_nid	Src_port
Hello		80	1	1

Time: 34.246000 sec
Packet_Type	Length	Src_nid	Src_port
Hello		80	2	1

Time: 34.418100 sec
Packet_Type	Length	Src_nid	Src_port
Hello		80	4	1

Time: 34.468200 sec
Packet_Type	Length	Src_nid	Src_port
Hello		80	5	1

Time: 34.737300 sec
Packet_Type	Length	Src_nid	Src_port
Hello		80	9	1

Time: 34.820400 sec
Packet_Type	Length	Src_nid	Src_port
Hello		80	8	1

Time: 36.118500 sec
Packet_Type	Length	Src_nid	Src_port
Hello		80	1	1

Time: 36.263600 sec
Packet_Type	Length	Src_nid	Src_port
Hello		80	2	1

Time: 36.367700 sec
Packet_Type	Length	Src_nid	Src_port
Hello		80	3	1

Time: 36.483800 sec
Packet_Type	Length	Src_nid	Src_port
Hello		80	5	1

Time: 36.755900 sec
Packet_Type	Length	Src_nid	Src_port
Hello		80	9	1

Time: 36.822000 sec
Packet_Type	Length	Src_nid	Src_port
Hello		80	8	1

Time: 38.125100 sec
Packet_Type	Length	Src_nid	Src_port
Hello		80	1	1

Time: 38.265200 sec
Packet_Type	Length	Src_nid	Src_port
Hello		80	2	1

Time: 38.381300 sec
Packet_Type	Length	Src_nid	Src_port
Hello		80	3	1

Time: 38.468400 sec
Packet_Type	Length	Src_nid	Src_port
Hello		80	4	1

Time: 38.534500 sec
Packet_Type	Length	Src_nid	Src_port
Hello		80	5	1

Time: 38.789600 sec
Packet_Type	Length	Src_nid	Src_port
Hello		80	9	1

Time: 38.898700 sec
Packet_Type	Length	Src_nid	Src_port
Hello		80	8	1

Time: 40.137800 sec
Packet_Type	Length	Src_nid	Src_port
Hello		80	1	1

Time: 40.280900 sec
Packet_Type	Length	Src_nid	Src_port
Hello		80	2	1

Time: 40.401000 sec
Packet_Type	Length	Src_nid	Src_port
Hello		80	3	1

Time: 40.548100 sec
Packet_Type	Length	Src_nid	Src_port
Hello		80	5	1

Time: 40.776200 sec
Packet_Type	Length	Src_nid	Src_port
Hello		80	7	1

Time: 40.798300 sec
Packet_Type	Length	Src_nid	Src_port
Hello		80	9	1

Time: 40.907400 sec
Packet_Type	Length	Src_nid	Src_port
Hello		80	8	1

Time: 42.145500 sec
Packet_Type	Length	Src_nid	Src_port
Hello		80	1	1

Time: 42.289600 sec
Packet_Type	Length	Src_nid	Src_port
Hello		80	2	1

Time: 42.420700 sec
Packet_Type	Length	Src_nid	Src_port
Hello		80	3	1

Time: 42.513800 sec
Packet_Type	Length	Src_nid	Src_port
Hello		80	4	1

Time: 42.555900 sec
Packet_Type	Length	Src_nid	Src_port
Hello		80	5	1

Time: 42.824000 sec
Packet_Type	Length	Src_nid	Src_port
Hello		80	7	1

Time: 42.833100 sec
Packet_Type	Length	Src_nid	Src_port
Hello		80	9	1

Time: 42.910200 sec
Packet_Type	Length	Src_nid	Src_port
Hello		80	8	1

Time: 44.146300 sec
Packet_Type	Length	Src_nid	Src_port
Hello		80	1	1

Time: 44.292400 sec
Packet_Type	Length	Src_nid	Src_port
Hello		80	2	1

Time: 44.439500 sec
Packet_Type	Length	Src_nid	Src_port
Hello		80	3	1

Time: 44.545600 sec
Packet_Type	Length	Src_nid	Src_port
Hello		80	4	1

Time: 44.865700 sec
Packet_Type	Length	Src_nid	Src_port
Hello		80	7	1

Time: 44.881800 sec
Packet_Type	Length	Src_nid	Src_port
Hello		80	9	1

Time: 44.978900 sec
Packet_Type	Length	Src_nid	Src_port
Hello		80	8	1

Time: 46.154000 sec
Packet_Type	Length	Src_nid	Src_port
Hello		80	1	1

Time: 46.312100 sec
Packet_Type	Length	Src_nid	Src_port
Hello		80	2	1

Time: 46.448200 sec
Packet_Type	Length	Src_nid	Src_port
Hello		80	3	1

Time: 46.555300 sec
Packet_Type	Length	Src_nid	Src_port
Hello		80	4	1

Time: 46.879400 sec
Packet_Type	Length	Src_nid	Src_port
Hello		80	7	1

Time: 46.904500 sec
Packet_Type	Length	Src_nid	Src_port
Hello		80	9	1

Time: 46.985600 sec
Packet_Type	Length	Src_nid	Src_port
Hello		80	8	1

Time: 48.160700 sec
Packet_Type	Length	Src_nid	Src_port
Hello		80	1	1

Time: 48.331800 sec
Packet_Type	Length	Src_nid	Src_port
Hello		80	2	1

Time: 48.466900 sec
Packet_Type	Length	Src_nid	Src_port
Hello		80	3	1

Time: 48.593000 sec
Packet_Type	Length	Src_nid	Src_port
Hello		80	4	1

Time: 48.621100 sec
Packet_Type	Length	Src_nid	Src_port
Hello		80	5	1

Time: 48.895200 sec
Packet_Type	Length	Src_nid	Src_port
Hello		80	7	1

Time: 48.942300 sec
Packet_Type	Length	Src_nid	Src_port
Hello		80	9	1

Time: 49.050400 sec
Packet_Type	Length	Src_nid	Src_port
Hello		80	8	1

Time: 50.172500 sec
Packet_Type	Length	Src_nid	Src_port
Hello		80	1	1

Time: 50.337600 sec
Packet_Type	Length	Src_nid	Src_port
Hello		80	2	1

Time: 50.468700 sec
Packet_Type	Length	Src_nid	Src_port
Hello		80	3	1

Time: 50.624800 sec
Packet_Type	Length	Src_nid	Src_port
Hello		80	4	1

Time: 50.668900 sec
Packet_Type	Length	Src_nid	Src_port
Hello		80	5	1

Time: 50.959000 sec
Packet_Type	Length	Src_nid	Src_port
Hello		80	7	1

Time: 51.011100 sec
Packet_Type	Length	Src_nid	Src_port
Hello		80	9	1

Time: 51.059200 sec
Packet_Type	Length	Src_nid	Src_port
Hello		80	8	1

Time: 52.173300 sec
Packet_Type	Length	Src_nid	Src_port
Hello		80	1	1

Time: 52.352400 sec
Packet_Type	Length	Src_nid	Src_port
Hello		80	2	1

Time: 52.501500 sec
Packet_Type	Length	Src_nid	Src_port
Hello		80	3	1

Time: 52.645600 sec
Packet_Type	Length	Src_nid	Src_port
Hello		80	4	1

Time: 52.716700 sec
Packet_Type	Length	Src_nid	Src_port
Hello		80	5	1

Time: 52.975800 sec
Packet_Type	Length	Src_nid	Src_port
Hello		80	7	1

Time: 53.043900 sec
Packet_Type	Length	Src_nid	Src_port
Hello		80	9	1

Time: 53.065000 sec
Packet_Type	Length	Src_nid	Src_port
Hello		80	8	1

Time: 54.361100 sec
Packet_Type	Length	Src_nid	Src_port
Hello		80	2	1

Time: 54.529200 sec
Packet_Type	Length	Src_nid	Src_port
Hello		80	3	1

Time: 54.719300 sec
Packet_Type	Length	Src_nid	Src_port
Hello		80	5	1

Time: 54.986400 sec
Packet_Type	Length	Src_nid	Src_port
Hello		80	7	1

Time: 55.074500 sec
Packet_Type	Length	Src_nid	Src_port
Hello		80	9	1

Time: 55.138600 sec
Packet_Type	Length	Src_nid	Src_port
Hello		80	8	1

Time: 56.192700 sec
Packet_Type	Length	Src_nid	Src_port
Hello		80	1	1

Time: 56.556800 sec
Packet_Type	Length	Src_nid	Src_port
Hello		80	3	1

Time: 56.678900 sec
Packet_Type	Length	Src_nid	Src_port
Hello		80	4	1

Time: 56.722000 sec
Packet_Type	Length	Src_nid	Src_port
Hello		80	5	1

Time: 57.006100 sec
Packet_Type	Length	Src_nid	Src_port
Hello		80	7	1

Time: 57.139200 sec
Packet_Type	Length	Src_nid	Src_port
Hello		80	9	1

Time: 57.189300 sec
Packet_Type	Length	Src_nid	Src_port
Hello		80	8	1

Time: 58.194400 sec
Packet_Type	Length	Src_nid	Src_port
Hello		80	1	1

Time: 58.387500 sec
Packet_Type	Length	Src_nid	Src_port
Hello		80	2	1

Time: 58.569600 sec
Packet_Type	Length	Src_nid	Src_port
Hello		80	3	1

Time: 58.681700 sec
Packet_Type	Length	Src_nid	Src_port
Hello		80	4	1

Time: 58.751800 sec
Packet_Type	Length	Src_nid	Src_port
Hello		80	5	1

Time: 59.025900 sec
Packet_Type	Length	Src_nid	Src_port
Hello		80	7	1

Time: 59.201000 sec
Packet_Type	Length	Src_nid	Src_port
Hello		80	8	1

Time: 60.200100 sec
Packet_Type	Length	Src_nid	Src_port
Hello		80	1	1

Time: 60.407200 sec
Packet_Type	Length	Src_nid	Src_port
Hello		80	2	1

Time: 60.585300 sec
Packet_Type	Length	Src_nid	Src_port
Hello		80	3	1

Time: 60.706400 sec
Packet_Type	Length	Src_nid	Src_port
Hello		80	4	1

Time: 60.771500 sec
Packet_Type	Length	Src_nid	Src_port
Hello		80	5	1

Time: 61.069600 sec
Packet_Type	Length	Src_nid	Src_port
Hello		80	7	1

Time: 61.217700 sec
Packet_Type	Length	Src_nid	Src_port
Hello		80	8	1

Time: 62.202800 sec
Packet_Type	Length	Src_nid	Src_port
Hello		80	1	1

Time: 62.710900 sec
Packet_Type	Length	Src_nid	Src_port
Hello		80	4	1

Time: 62.796000 sec
Packet_Type	Length	Src_nid	Src_port
Hello		80	5	1

Time: 63.100100 sec
Packet_Type	Length	Src_nid	Src_port
Hello		80	7	1

Time: 63.280200 sec
Packet_Type	Length	Src_nid	Src_port
Hello		80	8	1

Time: 64.205300 sec
Packet_Type	Length	Src_nid	Src_port
Hello		80	1	1

Time: 64.623400 sec
Packet_Type	Length	Src_nid	Src_port
Hello		80	3	1

Time: 64.824500 sec
Packet_Type	Length	Src_nid	Src_port
Hello		80	5	1

Time: 65.065600 sec
Packet_Type	Length	Src_nid	Src_port
Hello		80	4	1

Time: 65.299700 sec
Packet_Type	Length	Src_nid	Src_port
Hello		80	8	1

Time: 65.299800 sec
Packet_Type	Length	Src_nid	Src_port
Hello		80	9	1

Time: 66.213900 sec
Packet_Type	Length	Src_nid	Src_port
Hello		80	1	1

Time: 66.643000 sec
Packet_Type	Length	Src_nid	Src_port
Hello		80	3	1

Time: 66.779100 sec
Packet_Type	Length	Src_nid	Src_port
Hello		80	4	1

Time: 66.850200 sec
Packet_Type	Length	Src_nid	Src_port
Hello		80	5	1

Time: 67.172300 sec
Packet_Type	Length	Src_nid	Src_port
Hello		80	7	1

Time: 67.363400 sec
Packet_Type	Length	Src_nid	Src_port
Hello		80	8	1

Time: 68.652500 sec
Packet_Type	Length	Src_nid	Src_port
Hello		80	3	1

Time: 68.819600 sec
Packet_Type	Length	Src_nid	Src_port
Hello		80	4	1

Time: 69.236700 sec
Packet_Type	Length	Src_nid	Src_port
Hello		80	7	1

Time: 69.376800 sec
Packet_Type	Length	Src_nid	Src_port
Hello		80	9	1

Time: 69.419900 sec
Packet_Type	Length	Src_nid	Src_port
Hello		80	8	1

Time: 70.224000 sec
Packet_Type	Length	Src_nid	Src_port
Hello		80	1	1

Time: 70.664100 sec
Packet_Type	Length	Src_nid	Src_port
Hello		80	3	1

Time: 70.912200 sec
Packet_Type	Length	Src_nid	Src_port
Hello		80	5	1

Time: 71.294300 sec
Packet_Type	Length	Src_nid	Src_port
Hello		80	7	1

Time: 71.454400 sec
Packet_Type	Length	Src_nid	Src_port
Hello		80	8	1

Time: 72.940500 sec
Packet_Type	Length	Src_nid	Src_port
Hello		80	5	1

Time: 73.346600 sec
Packet_Type	Length	Src_nid	Src_port
Hello		80	7	1

Time: 73.494700 sec
Packet_Type	Length	Src_nid	Src_port
Hello		80	9	1

Time: 73.527800 sec
Packet_Type	Length	Src_nid	Src_port
Hello		80	8	1

Time: 74.240900 sec
Packet_Type	Length	Src_nid	Src_port
Hello		80	1	1

Time: 74.989000 sec
Packet_Type	Length	Src_nid	Src_port
Hello		80	5	1

Time: 75.363100 sec
Packet_Type	Length	Src_nid	Src_port
Hello		80	7	1

Time: 75.531200 sec
Packet_Type	Length	Src_nid	Src_port
Hello		80	8	1

Time: 75.544300 sec
Packet_Type	Length	Src_nid	Src_port
Hello		80	9	1

Time: 76.251400 sec
Packet_Type	Length	Src_nid	Src_port
Hello		80	1	1

Time: 76.706500 sec
Packet_Type	Length	Src_nid	Src_port
Hello		80	3	1

Time: 76.904600 sec
Packet_Type	Length	Src_nid	Src_port
Hello		80	4	1

Time: 77.009700 sec
Packet_Type	Length	Src_nid	Src_port
Hello		80	5	1

Time: 77.366800 sec
Packet_Type	Length	Src_nid	Src_port
Hello		80	7	1

Time: 77.569900 sec
Packet_Type	Length	Src_nid	Src_port
Hello		80	9	1

Time: 77.609000 sec
Packet_Type	Length	Src_nid	Src_port
Hello		80	8	1

Time: 78.252100 sec
Packet_Type	Length	Src_nid	Src_port
Hello		80	1	1

Time: 78.722200 sec
Packet_Type	Length	Src_nid	Src_port
Hello		80	3	1

Time: 78.915300 sec
Packet_Type	Length	Src_nid	Src_port
Hello		80	4	1

Time: 79.053400 sec
Packet_Type	Length	Src_nid	Src_port
Hello		80	5	1

Time: 79.391500 sec
Packet_Type	Length	Src_nid	Src_port
Hello		80	7	1

Time: 79.607600 sec
Packet_Type	Length	Src_nid	Src_port
Hello		80	9	1

Time: 79.646700 sec
Packet_Type	Length	Src_nid	Src_port
Hello		80	8	1

Time: 80.254800 sec
Packet_Type	Length	Src_nid	Src_port
Hello		80	1	1

Time: 80.726900 sec
Packet_Type	Length	Src_nid	Src_port
Hello		80	3	1

Time: 80.917000 sec
Packet_Type	Length	Src_nid	Src_port
Hello		80	4	1

Time: 81.086100 sec
Packet_Type	Length	Src_nid	Src_port
Hello		80	5	1

Time: 81.670200 sec
Packet_Type	Length	Src_nid	Src_port
Hello		80	9	1

Time: 82.266300 sec
Packet_Type	Length	Src_nid	Src_port
Hello		80	1	1

Time: 82.749400 sec
Packet_Type	Length	Src_nid	Src_port
Hello		80	3	1

Time: 83.311500 sec
Packet_Type	Length	Src_nid	Src_port
Hello		80	4	1

Time: 83.679600 sec
Packet_Type	Length	Src_nid	Src_port
Hello		80	8	1

Time: 83.720700 sec
Packet_Type	Length	Src_nid	Src_port
Hello		80	9	1

Time: 84.265800 sec
Packet_Type	Length	Src_nid	Src_port
Hello		80	1	1

Time: 84.760900 sec
Packet_Type	Length	Src_nid	Src_port
Hello		80	3	1

Time: 84.945000 sec
Packet_Type	Length	Src_nid	Src_port
Hello		80	4	1

Time: 85.145100 sec
Packet_Type	Length	Src_nid	Src_port
Hello		80	5	1

Time: 85.477200 sec
Packet_Type	Length	Src_nid	Src_port
Hello		80	7	1

Time: 85.745300 sec
Packet_Type	Length	Src_nid	Src_port
Hello		80	8	1

Time: 85.807400 sec
Packet_Type	Length	Src_nid	Src_port
Hello		80	9	1

Time: 86.277500 sec
Packet_Type	Length	Src_nid	Src_port
Hello		80	1	1

Time: 86.783600 sec
Packet_Type	Length	Src_nid	Src_port
Hello		80	3	1

Time: 86.960700 sec
Packet_Type	Length	Src_nid	Src_port
Hello		80	4	1

Time: 87.198800 sec
Packet_Type	Length	Src_nid	Src_port
Hello		80	5	1

Time: 87.765900 sec
Packet_Type	Length	Src_nid	Src_port
Hello		80	8	1

Time: 87.902000 sec
Packet_Type	Length	Src_nid	Src_port
Hello		80	9	1

Time: 88.288100 sec
Packet_Type	Length	Src_nid	Src_port
Hello		80	1	1

Time: 89.203200 sec
Packet_Type	Length	Src_nid	Src_port
Hello		80	5	1

Time: 89.577300 sec
Packet_Type	Length	Src_nid	Src_port
Hello		80	7	1

Time: 89.798400 sec
Packet_Type	Length	Src_nid	Src_port
Hello		80	8	1

Time: 89.983500 sec
Packet_Type	Length	Src_nid	Src_port
Hello		80	9	1

Time: 90.293600 sec
Packet_Type	Length	Src_nid	Src_port
Hello		80	1	1

Time: 90.795700 sec
Packet_Type	Length	Src_nid	Src_port
Hello		80	3	1

Time: 91.026800 sec
Packet_Type	Length	Src_nid	Src_port
Hello		80	4	1

Time: 91.227900 sec
Packet_Type	Length	Src_nid	Src_port
Hello		80	5	1

Time: 91.644000 sec
Packet_Type	Length	Src_nid	Src_port
Hello		80	7	1

Time: 91.897100 sec
Packet_Type	Length	Src_nid	Src_port
Hello		80	8	1

Time: 92.294200 sec
Packet_Type	Length	Src_nid	Src_port
Hello		80	1	1

Time: 92.827300 sec
Packet_Type	Length	Src_nid	Src_port
Hello		80	3	1

Time: 93.047400 sec
Packet_Type	Length	Src_nid	Src_port
Hello		80	4	1

Time: 93.248500 sec
Packet_Type	Length	Src_nid	Src_port
Hello		80	5	1

Time: 93.650600 sec
Packet_Type	Length	Src_nid	Src_port
Hello		80	7	1

Time: 93.920700 sec
Packet_Type	Length	Src_nid	Src_port
Hello		80	8	1

Time: 94.304800 sec
Packet_Type	Length	Src_nid	Src_port
Hello		80	1	1

Time: 94.855900 sec
Packet_Type	Length	Src_nid	Src_port
Hello		80	3	1

Time: 95.054000 sec
Packet_Type	Length	Src_nid	Src_port
Hello		80	4	1

Time: 95.296100 sec
Packet_Type	Length	Src_nid	Src_port
Hello		80	5	1

Time: 95.708200 sec
Packet_Type	Length	Src_nid	Src_port
Hello		80	7	1

Time: 95.999300 sec
Packet_Type	Length	Src_nid	Src_port
Hello		80	8	1

Time: 96.113400 sec
Packet_Type	Length	Src_nid	Src_port
Hello		80	9	1

Time: 96.316500 sec
Packet_Type	Length	Src_nid	Src_port
Hello		80	1	1

Time: 96.879600 sec
Packet_Type	Length	Src_nid	Src_port
Hello		80	3	1

Time: 97.090700 sec
Packet_Type	Length	Src_nid	Src_port
Hello		80	4	1

Time: 97.298800 sec
Packet_Type	Length	Src_nid	Src_port
Hello		80	5	1

Time: 97.772900 sec
Packet_Type	Length	Src_nid	Src_port
Hello		80	7	1

Time: 98.041000 sec
Packet_Type	Length	Src_nid	Src_port
Hello		80	8	1

Time: 98.153100 sec
Packet_Type	Length	Src_nid	Src_port
Hello		80	9	1

Time: 98.319200 sec
Packet_Type	Length	Src_nid	Src_port
Hello		80	1	1

Time: 98.887300 sec
Packet_Type	Length	Src_nid	Src_port
Hello		80	3	1

Time: 99.333400 sec
Packet_Type	Length	Src_nid	Src_port
Hello		80	5	1

Time: 99.787500 sec
Packet_Type	Length	Src_nid	Src_port
Hello		80	7	1

