Time: 2.025000 sec
Packet_Type	Length	Src_nid	Src_port
Hello		80	9	1

Time: 2.099100 sec
Packet_Type	Length	Src_nid	Src_port
Hello		80	3	1

Time: 3.079410 sec
Packet_Type		Length	Src_nid	Src_port	Option	Origin_nid	Destination_nid	Next_hop_nid
UpdateDataPlaneRouting	796	10	1		New	6		1		3
 		 	 	 		 		 		2		3
 		 	 	 		 		 		3		3
 		 	 	 		 		 		5		3
 		 	 	 		 		 		7		3
 		 	 	 		 		 		10		3

Time: 3.089510 sec
Packet_Type		Length	Src_nid	Src_port	Option	Origin_nid	Destination_nid	Next_hop_nid
UpdateDataPlaneRouting	796	10	1		Finish	 		 		 

Time: 3.166610 sec
Packet_Type		Length	Src_nid	Src_port	Option	Origin_nid	Destination_nid	Next_hop_nid
UpdateDataPlaneRouting	796	10	1		New	6		1		3
 		 	 	 		 		 		2		3
 		 	 	 		 		 		3		3
 		 	 	 		 		 		5		3
 		 	 	 		 		 		7		3
 		 	 	 		 		 		9		9
 		 	 	 		 		 		10		3

Time: 3.167710 sec
Packet_Type		Length	Src_nid	Src_port	Option	Origin_nid	Destination_nid	Next_hop_nid
UpdateDataPlaneRouting	796	10	1		Finish	 		 		 

Time: 4.043200 sec
Packet_Type	Length	Src_nid	Src_port
Hello		80	3	1

Time: 4.045300 sec
Packet_Type	Length	Src_nid	Src_port
Hello		80	9	1

Time: 4.073400 sec
Packet_Type	Length	Src_nid	Src_port
Hello		80	5	1

Time: 4.110500 sec
Packet_Type	Length	Src_nid	Src_port
Hello		80	8	1

Time: 6.085600 sec
Packet_Type	Length	Src_nid	Src_port
Hello		80	9	1

Time: 6.127700 sec
Packet_Type	Length	Src_nid	Src_port
Hello		80	5	1

Time: 6.188800 sec
Packet_Type	Length	Src_nid	Src_port
Hello		80	8	1

Time: 8.174900 sec
Packet_Type	Length	Src_nid	Src_port
Hello		80	9	1

Time: 8.241000 sec
Packet_Type	Length	Src_nid	Src_port
Hello		80	8	1

Time: 10.242100 sec
Packet_Type	Length	Src_nid	Src_port
Hello		80	8	1

Time: 10.262200 sec
Packet_Type	Length	Src_nid	Src_port
Hello		80	9	1

Time: 12.279300 sec
Packet_Type	Length	Src_nid	Src_port
Hello		80	9	1

Time: 12.284400 sec
Packet_Type	Length	Src_nid	Src_port
Hello		80	8	1

Time: 14.285500 sec
Packet_Type	Length	Src_nid	Src_port
Hello		80	8	1

Time: 16.302600 sec
Packet_Type	Length	Src_nid	Src_port
Hello		80	8	1

Time: 18.336700 sec
Packet_Type	Length	Src_nid	Src_port
Hello		80	8	1

Time: 20.413800 sec
Packet_Type	Length	Src_nid	Src_port
Hello		80	8	1

Time: 22.436900 sec
Packet_Type	Length	Src_nid	Src_port
Hello		80	8	1

Time: 24.442000 sec
Packet_Type	Length	Src_nid	Src_port
Hello		80	8	1

Time: 26.463100 sec
Packet_Type	Length	Src_nid	Src_port
Hello		80	8	1

Time: 28.538200 sec
Packet_Type	Length	Src_nid	Src_port
Hello		80	8	1

Time: 30.615300 sec
Packet_Type	Length	Src_nid	Src_port
Hello		80	8	1

Time: 30.803400 sec
Packet_Type	Length	Src_nid	Src_port
Hello		80	9	1

Time: 32.688500 sec
Packet_Type	Length	Src_nid	Src_port
Hello		80	8	1

Time: 32.851600 sec
Packet_Type	Length	Src_nid	Src_port
Hello		80	9	1

Time: 34.710700 sec
Packet_Type	Length	Src_nid	Src_port
Hello		80	8	1

Time: 34.899800 sec
Packet_Type	Length	Src_nid	Src_port
Hello		80	9	1

Time: 36.762900 sec
Packet_Type	Length	Src_nid	Src_port
Hello		80	8	1

Time: 36.904000 sec
Packet_Type	Length	Src_nid	Src_port
Hello		80	9	1

Time: 38.865100 sec
Packet_Type	Length	Src_nid	Src_port
Hello		80	8	1

Time: 38.960200 sec
Packet_Type	Length	Src_nid	Src_port
Hello		80	9	1

Time: 40.382300 sec
Packet_Type	Length	Src_nid	Src_port
Hello		80	4	1

Time: 40.875400 sec
Packet_Type	Length	Src_nid	Src_port
Hello		80	8	1

Time: 42.419500 sec
Packet_Type	Length	Src_nid	Src_port
Hello		80	4	1

Time: 42.967600 sec
Packet_Type	Length	Src_nid	Src_port
Hello		80	9	1

Time: 44.442700 sec
Packet_Type	Length	Src_nid	Src_port
Hello		80	4	1

Time: 45.097800 sec
Packet_Type	Length	Src_nid	Src_port
Hello		80	10	1

Time: 46.462900 sec
Packet_Type	Length	Src_nid	Src_port
Hello		80	4	1

Time: 47.023000 sec
Packet_Type	Length	Src_nid	Src_port
Hello		80	9	1

Time: 47.500100 sec
Packet_Type	Length	Src_nid	Src_port
Hello		80	10	1

Time: 48.501200 sec
Packet_Type	Length	Src_nid	Src_port
Hello		80	4	1

Time: 49.199300 sec
Packet_Type	Length	Src_nid	Src_port
Hello		80	10	1

Time: 49.867400 sec
Packet_Type	Length	Src_nid	Src_port
Hello		80	7	1

Time: 50.522500 sec
Packet_Type	Length	Src_nid	Src_port
Hello		80	4	1

Time: 50.874600 sec
Packet_Type	Length	Src_nid	Src_port
Hello		80	7	1

Time: 51.282700 sec
Packet_Type	Length	Src_nid	Src_port
Hello		80	10	1

Time: 52.525800 sec
Packet_Type	Length	Src_nid	Src_port
Hello		80	4	1

Time: 52.940900 sec
Packet_Type	Length	Src_nid	Src_port
Hello		80	7	1

Time: 53.370000 sec
Packet_Type	Length	Src_nid	Src_port
Hello		80	10	1

Time: 55.006100 sec
Packet_Type	Length	Src_nid	Src_port
Hello		80	7	1

Time: 55.155200 sec
Packet_Type	Length	Src_nid	Src_port
Hello		80	9	1

Time: 55.502300 sec
Packet_Type	Length	Src_nid	Src_port
Hello		80	10	1

Time: 57.034400 sec
Packet_Type	Length	Src_nid	Src_port
Hello		80	7	1

Time: 57.392500 sec
Packet_Type	Length	Src_nid	Src_port
Hello		80	10	1

Time: 59.046600 sec
Packet_Type	Length	Src_nid	Src_port
Hello		80	7	1

Time: 59.745700 sec
Packet_Type	Length	Src_nid	Src_port
Hello		80	10	1

Time: 62.230800 sec
Packet_Type	Length	Src_nid	Src_port
Hello		80	10	1

Time: 63.109900 sec
Packet_Type	Length	Src_nid	Src_port
Hello		80	7	1

Time: 63.597000 sec
Packet_Type	Length	Src_nid	Src_port
Hello		80	10	1

Time: 66.410100 sec
Packet_Type	Length	Src_nid	Src_port
Hello		80	10	1

Time: 66.621200 sec
Packet_Type	Length	Src_nid	Src_port
Hello		80	3	1

Time: 67.187300 sec
Packet_Type	Length	Src_nid	Src_port
Hello		80	7	1

Time: 68.580400 sec
Packet_Type	Length	Src_nid	Src_port
Hello		80	3	1

Time: 68.812500 sec
Packet_Type	Length	Src_nid	Src_port
Hello		80	10	1

Time: 69.229600 sec
Packet_Type	Length	Src_nid	Src_port
Hello		80	7	1

Time: 71.253700 sec
Packet_Type	Length	Src_nid	Src_port
Hello		80	7	1

Time: 72.529800 sec
Packet_Type	Length	Src_nid	Src_port
Hello		80	10	1

Time: 73.256900 sec
Packet_Type	Length	Src_nid	Src_port
Hello		80	7	1

Time: 73.431000 sec
Packet_Type	Length	Src_nid	Src_port
Hello		80	10	1

Time: 73.573100 sec
Packet_Type	Length	Src_nid	Src_port
Hello		80	9	1

Time: 75.023200 sec
Packet_Type	Length	Src_nid	Src_port
Hello		80	10	1

Time: 75.618300 sec
Packet_Type	Length	Src_nid	Src_port
Hello		80	9	1

Time: 75.939400 sec
Packet_Type	Length	Src_nid	Src_port
Hello		80	10	1

Time: 76.639500 sec
Packet_Type	Length	Src_nid	Src_port
Hello		80	3	1

Time: 76.794600 sec
Packet_Type	Length	Src_nid	Src_port
Hello		80	4	1

Time: 77.702700 sec
Packet_Type	Length	Src_nid	Src_port
Hello		80	9	1

Time: 77.901800 sec
Packet_Type	Length	Src_nid	Src_port
Hello		80	10	1

Time: 78.646900 sec
Packet_Type	Length	Src_nid	Src_port
Hello		80	3	1

Time: 78.830000 sec
Packet_Type	Length	Src_nid	Src_port
Hello		80	4	1

Time: 79.710100 sec
Packet_Type	Length	Src_nid	Src_port
Hello		80	9	1

Time: 79.997200 sec
Packet_Type	Length	Src_nid	Src_port
Hello		80	10	1

Time: 80.644300 sec
Packet_Type	Length	Src_nid	Src_port
Hello		80	3	1

Time: 80.870400 sec
Packet_Type	Length	Src_nid	Src_port
Hello		80	4	1

Time: 81.739500 sec
Packet_Type	Length	Src_nid	Src_port
Hello		80	9	1

Time: 82.084600 sec
Packet_Type	Length	Src_nid	Src_port
Hello		80	10	1

Time: 82.663700 sec
Packet_Type	Length	Src_nid	Src_port
Hello		80	3	1

Time: 82.883800 sec
Packet_Type	Length	Src_nid	Src_port
Hello		80	4	1

Time: 84.158900 sec
Packet_Type	Length	Src_nid	Src_port
Hello		80	10	1

Time: 84.694000 sec
Packet_Type	Length	Src_nid	Src_port
Hello		80	3	1

Time: 84.899100 sec
Packet_Type	Length	Src_nid	Src_port
Hello		80	4	1

Time: 86.199200 sec
Packet_Type	Length	Src_nid	Src_port
Hello		80	10	1

Time: 86.700300 sec
Packet_Type	Length	Src_nid	Src_port
Hello		80	3	1

Time: 86.919400 sec
Packet_Type	Length	Src_nid	Src_port
Hello		80	4	1

Time: 88.204500 sec
Packet_Type	Length	Src_nid	Src_port
Hello		80	10	1

Time: 89.025600 sec
Packet_Type	Length	Src_nid	Src_port
Hello		80	3	1

Time: 90.740700 sec
Packet_Type	Length	Src_nid	Src_port
Hello		80	3	1

Time: 90.972800 sec
Packet_Type	Length	Src_nid	Src_port
Hello		80	4	1

Time: 92.755900 sec
Packet_Type	Length	Src_nid	Src_port
Hello		80	3	1

Time: 94.884000 sec
Packet_Type	Length	Src_nid	Src_port
Hello		80	3	1

Time: 96.799100 sec
Packet_Type	Length	Src_nid	Src_port
Hello		80	3	1

