Time: 2.003000 sec
Packet_Type	Length	Src_nid	Src_port
Hello		80	7	1

Time: 2.009100 sec
Packet_Type	Length	Src_nid	Src_port
Hello		80	1	1

Time: 2.018200 sec
Packet_Type	Length	Src_nid	Src_port
Hello		80	10	1

Time: 2.031767 sec
Packet_Type		Length	Src_nid	Src_port	Option	Origin_nid	Destination_nid	Next_hop_nid
UpdateDataPlaneRouting	796	10	1		New	4		7		7

Time: 2.033867 sec
Packet_Type		Length	Src_nid	Src_port	Option	Origin_nid	Destination_nid	Next_hop_nid
UpdateDataPlaneRouting	796	10	1		Finish	 		 		 

Time: 2.064967 sec
Packet_Type		Length	Src_nid	Src_port	Option	Origin_nid	Destination_nid	Next_hop_nid
UpdateDataPlaneRouting	796	10	1		New	4		7		7

Time: 2.067067 sec
Packet_Type		Length	Src_nid	Src_port	Option	Origin_nid	Destination_nid	Next_hop_nid
UpdateDataPlaneRouting	796	10	1		Finish	 		 		 

Time: 2.072167 sec
Packet_Type		Length	Src_nid	Src_port	Option	Origin_nid	Destination_nid	Next_hop_nid
UpdateDataPlaneRouting	796	10	1		New	4		7		7

Time: 2.073267 sec
Packet_Type		Length	Src_nid	Src_port	Option	Origin_nid	Destination_nid	Next_hop_nid
UpdateDataPlaneRouting	796	10	1		Finish	 		 		 

Time: 2.323352 sec
Packet_Type		Length	Src_nid	Src_port	Option	Origin_nid	Destination_nid	Next_hop_nid
UpdateDataPlaneRouting	796	10	1		New	4		1		1
 		 	 	 		 		 		7		7

Time: 2.326452 sec
Packet_Type		Length	Src_nid	Src_port	Option	Origin_nid	Destination_nid	Next_hop_nid
UpdateDataPlaneRouting	796	10	1		Finish	 		 		 

Time: 2.769552 sec
Packet_Type		Length	Src_nid	Src_port	Option	Origin_nid	Destination_nid	Next_hop_nid
UpdateDataPlaneRouting	796	10	1		New	4		1		1
 		 	 	 		 		 		7		7

Time: 2.771652 sec
Packet_Type		Length	Src_nid	Src_port	Option	Origin_nid	Destination_nid	Next_hop_nid
UpdateDataPlaneRouting	796	10	1		Finish	 		 		 

Time: 3.010752 sec
Packet_Type		Length	Src_nid	Src_port	Option	Origin_nid	Destination_nid	Next_hop_nid
UpdateDataPlaneRouting	796	10	1		New	4		1		1
 		 	 	 		 		 		7		7

Time: 3.011852 sec
Packet_Type		Length	Src_nid	Src_port	Option	Origin_nid	Destination_nid	Next_hop_nid
UpdateDataPlaneRouting	796	10	1		Finish	 		 		 

Time: 3.067952 sec
Packet_Type		Length	Src_nid	Src_port	Option	Origin_nid	Destination_nid	Next_hop_nid
UpdateDataPlaneRouting	796	10	1		New	4		1		1
 		 	 	 		 		 		7		7

Time: 3.069052 sec
Packet_Type		Length	Src_nid	Src_port	Option	Origin_nid	Destination_nid	Next_hop_nid
UpdateDataPlaneRouting	796	10	1		Finish	 		 		 

Time: 3.144152 sec
Packet_Type		Length	Src_nid	Src_port	Option	Origin_nid	Destination_nid	Next_hop_nid
UpdateDataPlaneRouting	796	10	1		New	4		1		1
 		 	 	 		 		 		7		7

Time: 3.152252 sec
Packet_Type		Length	Src_nid	Src_port	Option	Origin_nid	Destination_nid	Next_hop_nid
UpdateDataPlaneRouting	796	10	1		Finish	 		 		 

Time: 4.016300 sec
Packet_Type	Length	Src_nid	Src_port
Hello		80	1	1

Time: 4.041400 sec
Packet_Type	Length	Src_nid	Src_port
Hello		80	7	1

Time: 5.374500 sec
Packet_Type	Length	Src_nid	Src_port
Hello		80	10	1

Time: 6.023600 sec
Packet_Type	Length	Src_nid	Src_port
Hello		80	1	1

Time: 6.073700 sec
Packet_Type	Length	Src_nid	Src_port
Hello		80	7	1

Time: 6.621352 sec
Packet_Type		Length	Src_nid	Src_port	Option	Origin_nid	Destination_nid	Next_hop_nid
UpdateDataPlaneRouting	796	10	1		New	4		1		1
 		 	 	 		 		 		7		7

Time: 6.625452 sec
Packet_Type		Length	Src_nid	Src_port	Option	Origin_nid	Destination_nid	Next_hop_nid
UpdateDataPlaneRouting	796	10	1		Finish	 		 		 

Time: 6.626552 sec
Packet_Type		Length	Src_nid	Src_port	Option	Origin_nid	Destination_nid	Next_hop_nid
UpdateDataPlaneRouting	796	10	1		New	4		1		1
 		 	 	 		 		 		2		10
 		 	 	 		 		 		3		10
 		 	 	 		 		 		5		10
 		 	 	 		 		 		6		10
 		 	 	 		 		 		7		7
 		 	 	 		 		 		9		10
 		 	 	 		 		 		10		10

Time: 8.141800 sec
Packet_Type	Length	Src_nid	Src_port
Hello		80	10	1

Time: 8.231900 sec
Packet_Type	Length	Src_nid	Src_port
Hello		80	5	1

Time: 12.224000 sec
Packet_Type	Length	Src_nid	Src_port
Hello		80	5	1

Time: 12.228100 sec
Packet_Type	Length	Src_nid	Src_port
Hello		80	7	1

Time: 12.325200 sec
Packet_Type	Length	Src_nid	Src_port
Hello		80	10	1

Time: 12.918484 sec
Packet_Type		Length	Src_Nid	src_port	Option	Center_nid	Neighbor_nid	Data_plane_port
NeighborUpdate		544	10	1		New	4		7		1
 		 	 	 		 	 			10		1
 		 	 	 		 	 			5		1

Time: 12.968848 sec
Packet_Type		Length	Src_nid	Src_port	Option	Origin_nid	Destination_nid	Next_hop_nid
UpdateDataPlaneRouting	796	10	1		New	4		1		7
 		 	 	 		 		 		2		7
 		 	 	 		 		 		5		5
 		 	 	 		 		 		7		7
 		 	 	 		 		 		10		10

Time: 12.973948 sec
Packet_Type		Length	Src_nid	Src_port	Option	Origin_nid	Destination_nid	Next_hop_nid
UpdateDataPlaneRouting	796	10	1		Finish	 		 		 

Time: 14.101048 sec
Packet_Type		Length	Src_nid	Src_port	Option	Origin_nid	Destination_nid	Next_hop_nid
UpdateDataPlaneRouting	796	10	1		New	4		1		7
 		 	 	 		 		 		2		7
 		 	 	 		 		 		5		5
 		 	 	 		 		 		7		7
 		 	 	 		 		 		10		10

Time: 14.102148 sec
Packet_Type		Length	Src_nid	Src_port	Option	Origin_nid	Destination_nid	Next_hop_nid
UpdateDataPlaneRouting	796	10	1		Finish	 		 		 

Time: 14.128248 sec
Packet_Type		Length	Src_nid	Src_port	Option	Origin_nid	Destination_nid	Next_hop_nid
UpdateDataPlaneRouting	796	10	1		New	4		5		5
 		 	 	 		 		 		7		7
 		 	 	 		 		 		10		10

Time: 14.129348 sec
Packet_Type		Length	Src_nid	Src_port	Option	Origin_nid	Destination_nid	Next_hop_nid
UpdateDataPlaneRouting	796	10	1		Finish	 		 		 

Time: 14.159448 sec
Packet_Type		Length	Src_nid	Src_port	Option	Origin_nid	Destination_nid	Next_hop_nid
UpdateDataPlaneRouting	796	10	1		New	4		3		10
 		 	 	 		 		 		5		5
 		 	 	 		 		 		6		10
 		 	 	 		 		 		7		7
 		 	 	 		 		 		9		10
 		 	 	 		 		 		10		10

Time: 14.160548 sec
Packet_Type		Length	Src_nid	Src_port	Option	Origin_nid	Destination_nid	Next_hop_nid
UpdateDataPlaneRouting	796	10	1		Finish	 		 		 

Time: 14.269300 sec
Packet_Type	Length	Src_nid	Src_port
Hello		80	7	1

Time: 14.301848 sec
Packet_Type		Length	Src_nid	Src_port	Option	Origin_nid	Destination_nid	Next_hop_nid
UpdateDataPlaneRouting	796	10	1		New	4		3		5
 		 	 	 		 		 		5		5
 		 	 	 		 		 		6		5
 		 	 	 		 		 		7		7
 		 	 	 		 		 		9		5
 		 	 	 		 		 		10		10

Time: 14.302948 sec
Packet_Type		Length	Src_nid	Src_port	Option	Origin_nid	Destination_nid	Next_hop_nid
UpdateDataPlaneRouting	796	10	1		Finish	 		 		 

Time: 14.321048 sec
Packet_Type		Length	Src_nid	Src_port	Option	Origin_nid	Destination_nid	Next_hop_nid
UpdateDataPlaneRouting	796	10	1		New	4		3		5
 		 	 	 		 		 		5		5
 		 	 	 		 		 		6		10
 		 	 	 		 		 		7		7
 		 	 	 		 		 		9		10
 		 	 	 		 		 		10		10

Time: 14.322148 sec
Packet_Type		Length	Src_nid	Src_port	Option	Origin_nid	Destination_nid	Next_hop_nid
UpdateDataPlaneRouting	796	10	1		Finish	 		 		 

Time: 14.347248 sec
Packet_Type		Length	Src_nid	Src_port	Option	Origin_nid	Destination_nid	Next_hop_nid
UpdateDataPlaneRouting	796	10	1		New	4		3		5
 		 	 	 		 		 		5		5
 		 	 	 		 		 		6		5
 		 	 	 		 		 		7		7
 		 	 	 		 		 		9		5
 		 	 	 		 		 		10		10

Time: 14.349348 sec
Packet_Type		Length	Src_nid	Src_port	Option	Origin_nid	Destination_nid	Next_hop_nid
UpdateDataPlaneRouting	796	10	1		Finish	 		 		 

Time: 14.366400 sec
Packet_Type	Length	Src_nid	Src_port
Hello		80	10	1

Time: 15.411648 sec
Packet_Type		Length	Src_nid	Src_port	Option	Origin_nid	Destination_nid	Next_hop_nid
UpdateDataPlaneRouting	796	10	1		New	4		3		5
 		 	 	 		 		 		5		5
 		 	 	 		 		 		6		5
 		 	 	 		 		 		7		7
 		 	 	 		 		 		9		5
 		 	 	 		 		 		10		10

Time: 15.419748 sec
Packet_Type		Length	Src_nid	Src_port	Option	Origin_nid	Destination_nid	Next_hop_nid
UpdateDataPlaneRouting	796	10	1		Finish	 		 		 

Time: 15.435848 sec
Packet_Type		Length	Src_nid	Src_port	Option	Origin_nid	Destination_nid	Next_hop_nid
UpdateDataPlaneRouting	796	10	1		New	4		3		5
 		 	 	 		 		 		5		5
 		 	 	 		 		 		6		5
 		 	 	 		 		 		7		7
 		 	 	 		 		 		9		5
 		 	 	 		 		 		10		10

Time: 15.438948 sec
Packet_Type		Length	Src_nid	Src_port	Option	Origin_nid	Destination_nid	Next_hop_nid
UpdateDataPlaneRouting	796	10	1		Finish	 		 		 

Time: 15.452048 sec
Packet_Type		Length	Src_nid	Src_port	Option	Origin_nid	Destination_nid	Next_hop_nid
UpdateDataPlaneRouting	796	10	1		New	4		3		5
 		 	 	 		 		 		5		5
 		 	 	 		 		 		6		5
 		 	 	 		 		 		7		7
 		 	 	 		 		 		8		5
 		 	 	 		 		 		9		5
 		 	 	 		 		 		10		10

Time: 15.454148 sec
Packet_Type		Length	Src_nid	Src_port	Option	Origin_nid	Destination_nid	Next_hop_nid
UpdateDataPlaneRouting	796	10	1		Finish	 		 		 

Time: 15.528373 sec
Packet_Type		Length	Src_nid	Src_port	Option	Origin_nid	Destination_nid	Next_hop_nid
UpdateDataPlaneRouting	796	10	1		New	4		3		5
 		 	 	 		 		 		5		5
 		 	 	 		 		 		6		5
 		 	 	 		 		 		7		7
 		 	 	 		 		 		8		5
 		 	 	 		 		 		9		5
 		 	 	 		 		 		10		10

Time: 15.532473 sec
Packet_Type		Length	Src_nid	Src_port	Option	Origin_nid	Destination_nid	Next_hop_nid
UpdateDataPlaneRouting	796	10	1		Finish	 		 		 

Time: 15.558573 sec
Packet_Type		Length	Src_nid	Src_port	Option	Origin_nid	Destination_nid	Next_hop_nid
UpdateDataPlaneRouting	796	10	1		Finish	 		 		 

Time: 15.561673 sec
Packet_Type		Length	Src_nid	Src_port	Option	Origin_nid	Destination_nid	Next_hop_nid
UpdateDataPlaneRouting	796	10	1		New	4		3		5
 		 	 	 		 		 		5		5
 		 	 	 		 		 		6		5
 		 	 	 		 		 		7		7
 		 	 	 		 		 		8		5
 		 	 	 		 		 		9		5
 		 	 	 		 		 		10		10

Time: 16.232773 sec
Packet_Type		Length	Src_nid	Src_port	Option	Origin_nid	Destination_nid	Next_hop_nid
UpdateDataPlaneRouting	796	10	1		New	4		3		5
 		 	 	 		 		 		5		5
 		 	 	 		 		 		7		7
 		 	 	 		 		 		9		5
 		 	 	 		 		 		10		10

Time: 16.234873 sec
Packet_Type		Length	Src_nid	Src_port	Option	Origin_nid	Destination_nid	Next_hop_nid
UpdateDataPlaneRouting	796	10	1		Finish	 		 		 

Time: 16.330500 sec
Packet_Type	Length	Src_nid	Src_port
Hello		80	7	1

Time: 16.346173 sec
Packet_Type		Length	Src_nid	Src_port	Option	Origin_nid	Destination_nid	Next_hop_nid
UpdateDataPlaneRouting	796	10	1		New	4		3		5
 		 	 	 		 		 		5		5
 		 	 	 		 		 		6		5
 		 	 	 		 		 		7		7
 		 	 	 		 		 		8		5
 		 	 	 		 		 		9		5
 		 	 	 		 		 		10		10

Time: 16.347273 sec
Packet_Type		Length	Src_nid	Src_port	Option	Origin_nid	Destination_nid	Next_hop_nid
UpdateDataPlaneRouting	796	10	1		Finish	 		 		 

Time: 16.399600 sec
Packet_Type	Length	Src_nid	Src_port
Hello		80	10	1

Time: 17.245773 sec
Packet_Type		Length	Src_nid	Src_port	Option	Origin_nid	Destination_nid	Next_hop_nid
UpdateDataPlaneRouting	796	10	1		New	4		3		5
 		 	 	 		 		 		5		5
 		 	 	 		 		 		6		5
 		 	 	 		 		 		7		7
 		 	 	 		 		 		8		5
 		 	 	 		 		 		9		5
 		 	 	 		 		 		10		10

Time: 17.249873 sec
Packet_Type		Length	Src_nid	Src_port	Option	Origin_nid	Destination_nid	Next_hop_nid
UpdateDataPlaneRouting	796	10	1		Finish	 		 		 

Time: 17.275973 sec
Packet_Type		Length	Src_nid	Src_port	Option	Origin_nid	Destination_nid	Next_hop_nid
UpdateDataPlaneRouting	796	10	1		New	4		3		5
 		 	 	 		 		 		5		5
 		 	 	 		 		 		6		5
 		 	 	 		 		 		7		7
 		 	 	 		 		 		8		5
 		 	 	 		 		 		9		5
 		 	 	 		 		 		10		10

Time: 17.278073 sec
Packet_Type		Length	Src_nid	Src_port	Option	Origin_nid	Destination_nid	Next_hop_nid
UpdateDataPlaneRouting	796	10	1		Finish	 		 		 

Time: 17.292173 sec
Packet_Type		Length	Src_nid	Src_port	Option	Origin_nid	Destination_nid	Next_hop_nid
UpdateDataPlaneRouting	796	10	1		New	4		3		10
 		 	 	 		 		 		5		10
 		 	 	 		 		 		6		10
 		 	 	 		 		 		7		7
 		 	 	 		 		 		8		10
 		 	 	 		 		 		9		10
 		 	 	 		 		 		10		10

Time: 17.294273 sec
Packet_Type		Length	Src_nid	Src_port	Option	Origin_nid	Destination_nid	Next_hop_nid
UpdateDataPlaneRouting	796	10	1		Finish	 		 		 

Time: 18.339700 sec
Packet_Type	Length	Src_nid	Src_port
Hello		80	7	1

Time: 18.403800 sec
Packet_Type	Length	Src_nid	Src_port
Hello		80	10	1

Time: 18.727773 sec
Packet_Type		Length	Src_nid	Src_port	Option	Origin_nid	Destination_nid	Next_hop_nid
UpdateDataPlaneRouting	796	10	1		New	4		3		10
 		 	 	 		 		 		5		10
 		 	 	 		 		 		6		10
 		 	 	 		 		 		7		7
 		 	 	 		 		 		8		10
 		 	 	 		 		 		9		10
 		 	 	 		 		 		10		10

Time: 18.728873 sec
Packet_Type		Length	Src_nid	Src_port	Option	Origin_nid	Destination_nid	Next_hop_nid
UpdateDataPlaneRouting	796	10	1		Finish	 		 		 

Time: 19.158973 sec
Packet_Type		Length	Src_nid	Src_port	Option	Origin_nid	Destination_nid	Next_hop_nid
UpdateDataPlaneRouting	796	10	1		New	4		3		10
 		 	 	 		 		 		5		10
 		 	 	 		 		 		6		10
 		 	 	 		 		 		7		7
 		 	 	 		 		 		8		10
 		 	 	 		 		 		9		10
 		 	 	 		 		 		10		10

Time: 19.160073 sec
Packet_Type		Length	Src_nid	Src_port	Option	Origin_nid	Destination_nid	Next_hop_nid
UpdateDataPlaneRouting	796	10	1		Finish	 		 		 

Time: 19.322173 sec
Packet_Type		Length	Src_nid	Src_port	Option	Origin_nid	Destination_nid	Next_hop_nid
UpdateDataPlaneRouting	796	10	1		New	4		7		7
 		 	 	 		 		 		10		10

Time: 19.323273 sec
Packet_Type		Length	Src_nid	Src_port	Option	Origin_nid	Destination_nid	Next_hop_nid
UpdateDataPlaneRouting	796	10	1		Finish	 		 		 

Time: 20.373900 sec
Packet_Type	Length	Src_nid	Src_port
Hello		80	7	1

Time: 20.476000 sec
Packet_Type	Length	Src_nid	Src_port
Hello		80	10	1

Time: 21.470773 sec
Packet_Type		Length	Src_nid	Src_port	Option	Origin_nid	Destination_nid	Next_hop_nid
UpdateDataPlaneRouting	796	10	1		New	4		7		7
 		 	 	 		 		 		10		10

Time: 21.472873 sec
Packet_Type		Length	Src_nid	Src_port	Option	Origin_nid	Destination_nid	Next_hop_nid
UpdateDataPlaneRouting	796	10	1		Finish	 		 		 

Time: 22.412100 sec
Packet_Type	Length	Src_nid	Src_port
Hello		80	7	1

Time: 22.571200 sec
Packet_Type	Length	Src_nid	Src_port
Hello		80	10	1

Time: 22.607318 sec
Packet_Type		Length	Src_nid	Src_port	Option	Origin_nid	Destination_nid	Next_hop_nid
UpdateDataPlaneRouting	796	10	1		New	4		7		7
 		 	 	 		 		 		10		10

Time: 22.609418 sec
Packet_Type		Length	Src_nid	Src_port	Option	Origin_nid	Destination_nid	Next_hop_nid
UpdateDataPlaneRouting	796	10	1		Finish	 		 		 

Time: 24.450300 sec
Packet_Type	Length	Src_nid	Src_port
Hello		80	7	1

Time: 24.625400 sec
Packet_Type	Length	Src_nid	Src_port
Hello		80	10	1

Time: 25.561918 sec
Packet_Type		Length	Src_nid	Src_port	Option	Origin_nid	Destination_nid	Next_hop_nid
UpdateDataPlaneRouting	796	10	1		New	4		7		7
 		 	 	 		 		 		10		10

Time: 25.565018 sec
Packet_Type		Length	Src_nid	Src_port	Option	Origin_nid	Destination_nid	Next_hop_nid
UpdateDataPlaneRouting	796	10	1		Finish	 		 		 

Time: 25.581118 sec
Packet_Type		Length	Src_nid	Src_port	Option	Origin_nid	Destination_nid	Next_hop_nid
UpdateDataPlaneRouting	796	10	1		New	4		7		7
 		 	 	 		 		 		10		10

Time: 25.584218 sec
Packet_Type		Length	Src_nid	Src_port	Option	Origin_nid	Destination_nid	Next_hop_nid
UpdateDataPlaneRouting	796	10	1		Finish	 		 		 

Time: 26.473500 sec
Packet_Type	Length	Src_nid	Src_port
Hello		80	7	1

Time: 26.647600 sec
Packet_Type	Length	Src_nid	Src_port
Hello		80	10	1

Time: 28.482700 sec
Packet_Type	Length	Src_nid	Src_port
Hello		80	7	1

Time: 28.652800 sec
Packet_Type	Length	Src_nid	Src_port
Hello		80	10	1

Time: 28.866118 sec
Packet_Type		Length	Src_nid	Src_port	Option	Origin_nid	Destination_nid	Next_hop_nid
UpdateDataPlaneRouting	796	10	1		New	4		7		7
 		 	 	 		 		 		10		10

Time: 28.867218 sec
Packet_Type		Length	Src_nid	Src_port	Option	Origin_nid	Destination_nid	Next_hop_nid
UpdateDataPlaneRouting	796	10	1		Finish	 		 		 

Time: 30.483900 sec
Packet_Type	Length	Src_nid	Src_port
Hello		80	7	1

Time: 30.646518 sec
Packet_Type		Length	Src_nid	Src_port	Option	Origin_nid	Destination_nid	Next_hop_nid
UpdateDataPlaneRouting	796	10	1		New	4		7		7
 		 	 	 		 		 		10		10

Time: 30.647618 sec
Packet_Type		Length	Src_nid	Src_port	Option	Origin_nid	Destination_nid	Next_hop_nid
UpdateDataPlaneRouting	796	10	1		Finish	 		 		 

Time: 30.750000 sec
Packet_Type	Length	Src_nid	Src_port
Hello		80	10	1

Time: 30.804100 sec
Packet_Type	Length	Src_nid	Src_port
Hello		80	9	1

Time: 30.825118 sec
Packet_Type		Length	Src_nid	Src_port	Option	Origin_nid	Destination_nid	Next_hop_nid
UpdateDataPlaneRouting	796	10	1		New	4		3		10
 		 	 	 		 		 		5		10
 		 	 	 		 		 		7		7
 		 	 	 		 		 		8		10
 		 	 	 		 		 		9		10
 		 	 	 		 		 		10		10

Time: 30.833218 sec
Packet_Type		Length	Src_nid	Src_port	Option	Origin_nid	Destination_nid	Next_hop_nid
UpdateDataPlaneRouting	796	10	1		Finish	 		 		 

Time: 30.871318 sec
Packet_Type		Length	Src_nid	Src_port	Option	Origin_nid	Destination_nid	Next_hop_nid
UpdateDataPlaneRouting	796	10	1		New	4		3		9
 		 	 	 		 		 		5		9
 		 	 	 		 		 		7		7
 		 	 	 		 		 		8		9
 		 	 	 		 		 		9		9
 		 	 	 		 		 		10		10

Time: 30.874418 sec
Packet_Type		Length	Src_nid	Src_port	Option	Origin_nid	Destination_nid	Next_hop_nid
UpdateDataPlaneRouting	796	10	1		Finish	 		 		 

Time: 31.885518 sec
Packet_Type		Length	Src_nid	Src_port	Option	Origin_nid	Destination_nid	Next_hop_nid
UpdateDataPlaneRouting	796	10	1		New	4		3		9
 		 	 	 		 		 		5		9
 		 	 	 		 		 		7		7
 		 	 	 		 		 		8		9
 		 	 	 		 		 		9		9
 		 	 	 		 		 		10		10

Time: 31.886618 sec
Packet_Type		Length	Src_nid	Src_port	Option	Origin_nid	Destination_nid	Next_hop_nid
UpdateDataPlaneRouting	796	10	1		Finish	 		 		 

Time: 31.910718 sec
Packet_Type		Length	Src_nid	Src_port	Option	Origin_nid	Destination_nid	Next_hop_nid
UpdateDataPlaneRouting	796	10	1		New	4		3		9
 		 	 	 		 		 		5		9
 		 	 	 		 		 		7		7
 		 	 	 		 		 		8		9
 		 	 	 		 		 		9		9
 		 	 	 		 		 		10		10

Time: 31.911818 sec
Packet_Type		Length	Src_nid	Src_port	Option	Origin_nid	Destination_nid	Next_hop_nid
UpdateDataPlaneRouting	796	10	1		Finish	 		 		 

Time: 32.308918 sec
Packet_Type		Length	Src_nid	Src_port	Option	Origin_nid	Destination_nid	Next_hop_nid
UpdateDataPlaneRouting	796	10	1		New	4		3		10
 		 	 	 		 		 		5		9
 		 	 	 		 		 		7		7
 		 	 	 		 		 		8		9
 		 	 	 		 		 		9		9
 		 	 	 		 		 		10		10

Time: 32.311018 sec
Packet_Type		Length	Src_nid	Src_port	Option	Origin_nid	Destination_nid	Next_hop_nid
UpdateDataPlaneRouting	796	10	1		Finish	 		 		 

Time: 32.541200 sec
Packet_Type	Length	Src_nid	Src_port
Hello		80	7	1

Time: 32.830300 sec
Packet_Type	Length	Src_nid	Src_port
Hello		80	10	1

Time: 32.897518 sec
Packet_Type		Length	Src_nid	Src_port	Option	Origin_nid	Destination_nid	Next_hop_nid
UpdateDataPlaneRouting	796	10	1		New	4		3		9
 		 	 	 		 		 		5		9
 		 	 	 		 		 		7		7
 		 	 	 		 		 		8		9
 		 	 	 		 		 		9		9
 		 	 	 		 		 		10		10

Time: 32.899618 sec
Packet_Type		Length	Src_nid	Src_port	Option	Origin_nid	Destination_nid	Next_hop_nid
UpdateDataPlaneRouting	796	10	1		Finish	 		 		 

Time: 34.369718 sec
Packet_Type		Length	Src_nid	Src_port	Option	Origin_nid	Destination_nid	Next_hop_nid
UpdateDataPlaneRouting	796	10	1		New	4		3		10
 		 	 	 		 		 		5		10
 		 	 	 		 		 		7		7
 		 	 	 		 		 		8		9
 		 	 	 		 		 		9		9
 		 	 	 		 		 		10		10

Time: 34.371818 sec
Packet_Type		Length	Src_nid	Src_port	Option	Origin_nid	Destination_nid	Next_hop_nid
UpdateDataPlaneRouting	796	10	1		Finish	 		 		 

Time: 34.722918 sec
Packet_Type		Length	Src_nid	Src_port	Option	Origin_nid	Destination_nid	Next_hop_nid
UpdateDataPlaneRouting	796	10	1		New	4		3		9
 		 	 	 		 		 		5		9
 		 	 	 		 		 		7		7
 		 	 	 		 		 		8		9
 		 	 	 		 		 		9		9
 		 	 	 		 		 		10		10

Time: 34.724018 sec
Packet_Type		Length	Src_nid	Src_port	Option	Origin_nid	Destination_nid	Next_hop_nid
UpdateDataPlaneRouting	796	10	1		Finish	 		 		 

Time: 38.711400 sec
Packet_Type	Length	Src_nid	Src_port
Hello		80	7	1

Time: 38.959500 sec
Packet_Type	Length	Src_nid	Src_port
Hello		80	10	1

Time: 38.960600 sec
Packet_Type	Length	Src_nid	Src_port
Hello		80	9	1

Time: 40.734700 sec
Packet_Type	Length	Src_nid	Src_port
Hello		80	7	1

Time: 41.578800 sec
Packet_Type	Length	Src_nid	Src_port
Hello		80	10	1

Time: 42.085464 sec
Packet_Type		Length	Src_Nid	src_port	Option	Center_nid	Neighbor_nid	Data_plane_port
NeighborUpdate		544	10	1		Finish	 		 		 

Time: 42.089564 sec
Packet_Type		Length	Src_nid	Src_port	Option	Origin_nid	Destination_nid	Next_hop_nid
UpdateDataPlaneRouting	796	10	1		New	4		7		7
 		 	 	 		 		 		8		9
 		 	 	 		 		 		9		9
 		 	 	 		 		 		10		10

Time: 42.118664 sec
Packet_Type		Length	Src_nid	Src_port	Option	Origin_nid	Destination_nid	Next_hop_nid
UpdateDataPlaneRouting	796	10	1		Finish	 		 		 

Time: 42.388764 sec
Packet_Type		Length	Src_nid	Src_port	Option	Origin_nid	Destination_nid	Next_hop_nid
UpdateDataPlaneRouting	796	10	1		New	4		7		7
 		 	 	 		 		 		8		9
 		 	 	 		 		 		9		9
 		 	 	 		 		 		10		10

Time: 42.391864 sec
Packet_Type		Length	Src_nid	Src_port	Option	Origin_nid	Destination_nid	Next_hop_nid
UpdateDataPlaneRouting	796	10	1		Finish	 		 		 

Time: 42.641964 sec
Packet_Type		Length	Src_nid	Src_port	Option	Origin_nid	Destination_nid	Next_hop_nid
UpdateDataPlaneRouting	796	10	1		New	4		1		7
 		 	 	 		 		 		7		7
 		 	 	 		 		 		8		9
 		 	 	 		 		 		9		9
 		 	 	 		 		 		10		10

Time: 42.646064 sec
Packet_Type		Length	Src_nid	Src_port	Option	Origin_nid	Destination_nid	Next_hop_nid
UpdateDataPlaneRouting	796	10	1		Finish	 		 		 

Time: 42.760900 sec
Packet_Type	Length	Src_nid	Src_port
Hello		80	7	1

Time: 42.926364 sec
Packet_Type		Length	Src_nid	Src_port	Option	Origin_nid	Destination_nid	Next_hop_nid
UpdateDataPlaneRouting	796	10	1		New	4		1		7
 		 	 	 		 		 		7		7
 		 	 	 		 		 		8		9
 		 	 	 		 		 		9		9
 		 	 	 		 		 		10		10

Time: 42.931464 sec
Packet_Type		Length	Src_nid	Src_port	Option	Origin_nid	Destination_nid	Next_hop_nid
UpdateDataPlaneRouting	796	10	1		Finish	 		 		 

Time: 42.967000 sec
Packet_Type	Length	Src_nid	Src_port
Hello		80	9	1

Time: 44.495764 sec
Packet_Type		Length	Src_nid	Src_port	Option	Origin_nid	Destination_nid	Next_hop_nid
UpdateDataPlaneRouting	796	10	1		New	4		1		7
 		 	 	 		 		 		3		9
 		 	 	 		 		 		5		9
 		 	 	 		 		 		7		7
 		 	 	 		 		 		8		9
 		 	 	 		 		 		9		9
 		 	 	 		 		 		10		10

Time: 44.496864 sec
Packet_Type		Length	Src_nid	Src_port	Option	Origin_nid	Destination_nid	Next_hop_nid
UpdateDataPlaneRouting	796	10	1		Finish	 		 		 

Time: 45.098100 sec
Packet_Type	Length	Src_nid	Src_port
Hello		80	10	1

Time: 46.891200 sec
Packet_Type	Length	Src_nid	Src_port
Hello		80	6	1

Time: 46.925364 sec
Packet_Type		Length	Src_nid	Src_port	Option	Origin_nid	Destination_nid	Next_hop_nid
UpdateDataPlaneRouting	796	10	1		New	4		1		7
 		 	 	 		 		 		3		9
 		 	 	 		 		 		5		9
 		 	 	 		 		 		6		10
 		 	 	 		 		 		7		7
 		 	 	 		 		 		8		9
 		 	 	 		 		 		9		9
 		 	 	 		 		 		10		10

Time: 46.926464 sec
Packet_Type		Length	Src_nid	Src_port	Option	Origin_nid	Destination_nid	Next_hop_nid
UpdateDataPlaneRouting	796	10	1		Finish	 		 		 

Time: 47.022300 sec
Packet_Type	Length	Src_nid	Src_port
Hello		80	9	1

Time: 47.438764 sec
Packet_Type		Length	Src_nid	Src_port	Option	Origin_nid	Destination_nid	Next_hop_nid
UpdateDataPlaneRouting	796	10	1		New	4		1		7
 		 	 	 		 		 		3		6
 		 	 	 		 		 		5		6
 		 	 	 		 		 		6		6
 		 	 	 		 		 		7		7
 		 	 	 		 		 		8		9
 		 	 	 		 		 		9		9
 		 	 	 		 		 		10		10

Time: 47.439864 sec
Packet_Type		Length	Src_nid	Src_port	Option	Origin_nid	Destination_nid	Next_hop_nid
UpdateDataPlaneRouting	796	10	1		Finish	 		 		 

Time: 47.466964 sec
Packet_Type		Length	Src_nid	Src_port	Option	Origin_nid	Destination_nid	Next_hop_nid
UpdateDataPlaneRouting	796	10	1		New	4		1		7
 		 	 	 		 		 		3		6
 		 	 	 		 		 		5		6
 		 	 	 		 		 		6		6
 		 	 	 		 		 		7		7
 		 	 	 		 		 		8		9
 		 	 	 		 		 		9		9
 		 	 	 		 		 		10		10

Time: 47.470064 sec
Packet_Type		Length	Src_nid	Src_port	Option	Origin_nid	Destination_nid	Next_hop_nid
UpdateDataPlaneRouting	796	10	1		Finish	 		 		 

Time: 47.500400 sec
Packet_Type	Length	Src_nid	Src_port
Hello		80	10	1

Time: 47.773564 sec
Packet_Type		Length	Src_nid	Src_port	Option	Origin_nid	Destination_nid	Next_hop_nid
UpdateDataPlaneRouting	796	10	1		New	4		1		7
 		 	 	 		 		 		3		6
 		 	 	 		 		 		5		6
 		 	 	 		 		 		6		6
 		 	 	 		 		 		7		7
 		 	 	 		 		 		8		9
 		 	 	 		 		 		9		9
 		 	 	 		 		 		10		10

Time: 47.778664 sec
Packet_Type		Length	Src_nid	Src_port	Option	Origin_nid	Destination_nid	Next_hop_nid
UpdateDataPlaneRouting	796	10	1		Finish	 		 		 

Time: 47.886764 sec
Packet_Type		Length	Src_nid	Src_port	Option	Origin_nid	Destination_nid	Next_hop_nid
UpdateDataPlaneRouting	796	10	1		New	4		3		6
 		 	 	 		 		 		5		6
 		 	 	 		 		 		6		6
 		 	 	 		 		 		8		9
 		 	 	 		 		 		9		9
 		 	 	 		 		 		10		10

Time: 47.891864 sec
Packet_Type		Length	Src_nid	Src_port	Option	Origin_nid	Destination_nid	Next_hop_nid
UpdateDataPlaneRouting	796	10	1		Finish	 		 		 

Time: 48.598964 sec
Packet_Type		Length	Src_nid	Src_port	Option	Origin_nid	Destination_nid	Next_hop_nid
UpdateDataPlaneRouting	796	10	1		New	4		3		6
 		 	 	 		 		 		5		6
 		 	 	 		 		 		6		6
 		 	 	 		 		 		8		9
 		 	 	 		 		 		9		9
 		 	 	 		 		 		10		10

Time: 48.600064 sec
Packet_Type		Length	Src_nid	Src_port	Option	Origin_nid	Destination_nid	Next_hop_nid
UpdateDataPlaneRouting	796	10	1		Finish	 		 		 

Time: 49.199500 sec
Packet_Type	Length	Src_nid	Src_port
Hello		80	10	1

Time: 49.867600 sec
Packet_Type	Length	Src_nid	Src_port
Hello		80	7	1

Time: 49.874564 sec
Packet_Type		Length	Src_nid	Src_port	Option	Origin_nid	Destination_nid	Next_hop_nid
UpdateDataPlaneRouting	796	10	1		New	4		1		10
 		 	 	 		 		 		3		6
 		 	 	 		 		 		5		6
 		 	 	 		 		 		6		6
 		 	 	 		 		 		7		10
 		 	 	 		 		 		8		9
 		 	 	 		 		 		9		9
 		 	 	 		 		 		10		10

Time: 49.877664 sec
Packet_Type		Length	Src_nid	Src_port	Option	Origin_nid	Destination_nid	Next_hop_nid
UpdateDataPlaneRouting	796	10	1		Finish	 		 		 

Time: 49.971764 sec
Packet_Type		Length	Src_nid	Src_port	Option	Origin_nid	Destination_nid	Next_hop_nid
UpdateDataPlaneRouting	796	10	1		New	4		1		7
 		 	 	 		 		 		3		6
 		 	 	 		 		 		5		6
 		 	 	 		 		 		6		6
 		 	 	 		 		 		7		7
 		 	 	 		 		 		8		9
 		 	 	 		 		 		9		9
 		 	 	 		 		 		10		10

Time: 49.972864 sec
Packet_Type		Length	Src_nid	Src_port	Option	Origin_nid	Destination_nid	Next_hop_nid
UpdateDataPlaneRouting	796	10	1		Finish	 		 		 

Time: 50.201964 sec
Packet_Type		Length	Src_nid	Src_port	Option	Origin_nid	Destination_nid	Next_hop_nid
UpdateDataPlaneRouting	796	10	1		New	4		1		7
 		 	 	 		 		 		3		6
 		 	 	 		 		 		6		6
 		 	 	 		 		 		7		7
 		 	 	 		 		 		8		9
 		 	 	 		 		 		9		9
 		 	 	 		 		 		10		10

Time: 50.204064 sec
Packet_Type		Length	Src_nid	Src_port	Option	Origin_nid	Destination_nid	Next_hop_nid
UpdateDataPlaneRouting	796	10	1		Finish	 		 		 

Time: 50.630164 sec
Packet_Type		Length	Src_nid	Src_port	Option	Origin_nid	Destination_nid	Next_hop_nid
UpdateDataPlaneRouting	796	10	1		New	4		3		6
 		 	 	 		 		 		6		6
 		 	 	 		 		 		7		7
 		 	 	 		 		 		8		9
 		 	 	 		 		 		9		9
 		 	 	 		 		 		10		10

Time: 50.633264 sec
Packet_Type		Length	Src_nid	Src_port	Option	Origin_nid	Destination_nid	Next_hop_nid
UpdateDataPlaneRouting	796	10	1		Finish	 		 		 

Time: 50.664364 sec
Packet_Type		Length	Src_nid	Src_port	Option	Origin_nid	Destination_nid	Next_hop_nid
UpdateDataPlaneRouting	796	10	1		New	4		3		6
 		 	 	 		 		 		6		6
 		 	 	 		 		 		7		7
 		 	 	 		 		 		8		9
 		 	 	 		 		 		9		9
 		 	 	 		 		 		10		10

Time: 50.665464 sec
Packet_Type		Length	Src_nid	Src_port	Option	Origin_nid	Destination_nid	Next_hop_nid
UpdateDataPlaneRouting	796	10	1		Finish	 		 		 

Time: 50.682564 sec
Packet_Type		Length	Src_nid	Src_port	Option	Origin_nid	Destination_nid	Next_hop_nid
UpdateDataPlaneRouting	796	10	1		New	4		3		6
 		 	 	 		 		 		6		6
 		 	 	 		 		 		7		7
 		 	 	 		 		 		8		9
 		 	 	 		 		 		9		9
 		 	 	 		 		 		10		10

Time: 50.685664 sec
Packet_Type		Length	Src_nid	Src_port	Option	Origin_nid	Destination_nid	Next_hop_nid
UpdateDataPlaneRouting	796	10	1		Finish	 		 		 

Time: 50.873700 sec
Packet_Type	Length	Src_nid	Src_port
Hello		80	7	1

Time: 51.282800 sec
Packet_Type	Length	Src_nid	Src_port
Hello		80	10	1

Time: 51.910364 sec
Packet_Type		Length	Src_nid	Src_port	Option	Origin_nid	Destination_nid	Next_hop_nid
UpdateDataPlaneRouting	796	10	1		New	4		3		6
 		 	 	 		 		 		6		6
 		 	 	 		 		 		7		7
 		 	 	 		 		 		8		9
 		 	 	 		 		 		9		9
 		 	 	 		 		 		10		10

Time: 51.916464 sec
Packet_Type		Length	Src_nid	Src_port	Option	Origin_nid	Destination_nid	Next_hop_nid
UpdateDataPlaneRouting	796	10	1		Finish	 		 		 

Time: 52.002564 sec
Packet_Type		Length	Src_nid	Src_port	Option	Origin_nid	Destination_nid	Next_hop_nid
UpdateDataPlaneRouting	796	10	1		New	4		3		6
 		 	 	 		 		 		6		6
 		 	 	 		 		 		7		7
 		 	 	 		 		 		8		9
 		 	 	 		 		 		9		9
 		 	 	 		 		 		10		10

Time: 52.009664 sec
Packet_Type		Length	Src_nid	Src_port	Option	Origin_nid	Destination_nid	Next_hop_nid
UpdateDataPlaneRouting	796	10	1		Finish	 		 		 

Time: 52.237964 sec
Packet_Type		Length	Src_nid	Src_port	Option	Origin_nid	Destination_nid	Next_hop_nid
UpdateDataPlaneRouting	796	10	1		New	4		3		9
 		 	 	 		 		 		6		9
 		 	 	 		 		 		7		7
 		 	 	 		 		 		8		9
 		 	 	 		 		 		9		9
 		 	 	 		 		 		10		10

Time: 52.241064 sec
Packet_Type		Length	Src_nid	Src_port	Option	Origin_nid	Destination_nid	Next_hop_nid
UpdateDataPlaneRouting	796	10	1		Finish	 		 		 

Time: 52.259164 sec
Packet_Type		Length	Src_nid	Src_port	Option	Origin_nid	Destination_nid	Next_hop_nid
UpdateDataPlaneRouting	796	10	1		New	4		3		9
 		 	 	 		 		 		6		9
 		 	 	 		 		 		7		7
 		 	 	 		 		 		8		9
 		 	 	 		 		 		9		9
 		 	 	 		 		 		10		10

Time: 52.262264 sec
Packet_Type		Length	Src_nid	Src_port	Option	Origin_nid	Destination_nid	Next_hop_nid
UpdateDataPlaneRouting	796	10	1		Finish	 		 		 

Time: 52.320364 sec
Packet_Type		Length	Src_nid	Src_port	Option	Origin_nid	Destination_nid	Next_hop_nid
UpdateDataPlaneRouting	796	10	1		New	4		7		7
 		 	 	 		 		 		10		10

Time: 52.327464 sec
Packet_Type		Length	Src_nid	Src_port	Option	Origin_nid	Destination_nid	Next_hop_nid
UpdateDataPlaneRouting	796	10	1		Finish	 		 		 

Time: 52.940900 sec
Packet_Type	Length	Src_nid	Src_port
Hello		80	7	1

Time: 55.006000 sec
Packet_Type	Length	Src_nid	Src_port
Hello		80	7	1

Time: 55.064964 sec
Packet_Type		Length	Src_nid	Src_port	Option	Origin_nid	Destination_nid	Next_hop_nid
UpdateDataPlaneRouting	796	10	1		New	4		7		7
 		 	 	 		 		 		10		10

Time: 55.066064 sec
Packet_Type		Length	Src_nid	Src_port	Option	Origin_nid	Destination_nid	Next_hop_nid
UpdateDataPlaneRouting	796	10	1		Finish	 		 		 

Time: 55.155100 sec
Packet_Type	Length	Src_nid	Src_port
Hello		80	9	1

Time: 55.171364 sec
Packet_Type		Length	Src_nid	Src_port	Option	Origin_nid	Destination_nid	Next_hop_nid
UpdateDataPlaneRouting	796	10	1		New	4		3		10
 		 	 	 		 		 		7		7
 		 	 	 		 		 		8		10
 		 	 	 		 		 		9		10
 		 	 	 		 		 		10		10

Time: 55.175464 sec
Packet_Type		Length	Src_nid	Src_port	Option	Origin_nid	Destination_nid	Next_hop_nid
UpdateDataPlaneRouting	796	10	1		Finish	 		 		 

Time: 55.502200 sec
Packet_Type	Length	Src_nid	Src_port
Hello		80	10	1

Time: 55.596213 sec
Packet_Type		Length	Src_Nid	src_port	Option	Center_nid	Neighbor_nid	Data_plane_port
NeighborUpdate		544	10	1		New	9		8		1
 		 	 	 		 	 			10		1
 		 	 	 		 	 			4		1

Time: 55.602313 sec
Packet_Type		Length	Src_nid	Src_port	Option	Origin_nid	Destination_nid	Next_hop_nid
UpdateDataPlaneRouting	796	10	1		New	4		3		10
 		 	 	 		 		 		7		7
 		 	 	 		 		 		8		10
 		 	 	 		 		 		9		10
 		 	 	 		 		 		10		10

Time: 55.604413 sec
Packet_Type		Length	Src_nid	Src_port	Option	Origin_nid	Destination_nid	Next_hop_nid
UpdateDataPlaneRouting	796	10	1		Finish	 		 		 

Time: 55.611513 sec
Packet_Type		Length	Src_nid	Src_port	Option	Origin_nid	Destination_nid	Next_hop_nid
UpdateDataPlaneRouting	796	10	1		New	4		7		7
 		 	 	 		 		 		8		10
 		 	 	 		 		 		9		10
 		 	 	 		 		 		10		10

Time: 55.612613 sec
Packet_Type		Length	Src_nid	Src_port	Option	Origin_nid	Destination_nid	Next_hop_nid
UpdateDataPlaneRouting	796	10	1		Finish	 		 		 

Time: 56.478300 sec
Packet_Type	Length	Src_nid	Src_port
Hello		80	3	1

Time: 56.597913 sec
Packet_Type		Length	Src_nid	Src_port	Option	Origin_nid	Destination_nid	Next_hop_nid
UpdateDataPlaneRouting	796	10	1		New	4		3		10
 		 	 	 		 		 		7		7
 		 	 	 		 		 		8		10
 		 	 	 		 		 		9		10
 		 	 	 		 		 		10		10

Time: 56.599013 sec
Packet_Type		Length	Src_nid	Src_port	Option	Origin_nid	Destination_nid	Next_hop_nid
UpdateDataPlaneRouting	796	10	1		Finish	 		 		 

Time: 57.213400 sec
Packet_Type	Length	Src_nid	Src_port
Hello		80	9	1

Time: 57.240313 sec
Packet_Type		Length	Src_nid	Src_port	Option	Origin_nid	Destination_nid	Next_hop_nid
UpdateDataPlaneRouting	796	10	1		New	4		3		3
 		 	 	 		 		 		7		7
 		 	 	 		 		 		8		9
 		 	 	 		 		 		9		9
 		 	 	 		 		 		10		10

Time: 57.243413 sec
Packet_Type		Length	Src_nid	Src_port	Option	Origin_nid	Destination_nid	Next_hop_nid
UpdateDataPlaneRouting	796	10	1		Finish	 		 		 

Time: 57.392500 sec
Packet_Type	Length	Src_nid	Src_port
Hello		80	10	1

Time: 57.541713 sec
Packet_Type		Length	Src_nid	Src_port	Option	Origin_nid	Destination_nid	Next_hop_nid
UpdateDataPlaneRouting	796	10	1		New	4		3		3
 		 	 	 		 		 		7		7
 		 	 	 		 		 		8		9
 		 	 	 		 		 		9		9
 		 	 	 		 		 		10		10

Time: 57.542813 sec
Packet_Type		Length	Src_nid	Src_port	Option	Origin_nid	Destination_nid	Next_hop_nid
UpdateDataPlaneRouting	796	10	1		Finish	 		 		 

Time: 57.808913 sec
Packet_Type		Length	Src_nid	Src_port	Option	Origin_nid	Destination_nid	Next_hop_nid
UpdateDataPlaneRouting	796	10	1		New	4		3		3
 		 	 	 		 		 		7		7
 		 	 	 		 		 		8		9
 		 	 	 		 		 		9		9
 		 	 	 		 		 		10		10

Time: 57.813013 sec
Packet_Type		Length	Src_nid	Src_port	Option	Origin_nid	Destination_nid	Next_hop_nid
UpdateDataPlaneRouting	796	10	1		Finish	 		 		 

Time: 58.494600 sec
Packet_Type	Length	Src_nid	Src_port
Hello		80	3	1

Time: 59.745700 sec
Packet_Type	Length	Src_nid	Src_port
Hello		80	10	1

Time: 60.366713 sec
Packet_Type		Length	Src_nid	Src_port	Option	Origin_nid	Destination_nid	Next_hop_nid
UpdateDataPlaneRouting	796	10	1		New	4		3		3
 		 	 	 		 		 		7		7
 		 	 	 		 		 		8		9
 		 	 	 		 		 		9		9
 		 	 	 		 		 		10		10

Time: 60.367813 sec
Packet_Type		Length	Src_nid	Src_port	Option	Origin_nid	Destination_nid	Next_hop_nid
UpdateDataPlaneRouting	796	10	1		Finish	 		 		 

Time: 60.514800 sec
Packet_Type	Length	Src_nid	Src_port
Hello		80	3	1

Time: 62.230900 sec
Packet_Type	Length	Src_nid	Src_port
Hello		80	10	1

Time: 62.522000 sec
Packet_Type	Length	Src_nid	Src_port
Hello		80	3	1

Time: 63.103232 sec
Packet_Type		Length	Src_nid	Src_port	Option	Origin_nid	Destination_nid	Next_hop_nid
UpdateDataPlaneRouting	796	10	1		New	4		3		3
 		 	 	 		 		 		7		10
 		 	 	 		 		 		8		3
 		 	 	 		 		 		9		3
 		 	 	 		 		 		10		10

Time: 63.106332 sec
Packet_Type		Length	Src_nid	Src_port	Option	Origin_nid	Destination_nid	Next_hop_nid
UpdateDataPlaneRouting	796	10	1		Finish	 		 		 

Time: 63.597100 sec
Packet_Type	Length	Src_nid	Src_port
Hello		80	10	1

Time: 63.988632 sec
Packet_Type		Length	Src_nid	Src_port	Option	Origin_nid	Destination_nid	Next_hop_nid
UpdateDataPlaneRouting	796	10	1		New	4		3		3
 		 	 	 		 		 		7		10
 		 	 	 		 		 		10		10

Time: 63.989732 sec
Packet_Type		Length	Src_nid	Src_port	Option	Origin_nid	Destination_nid	Next_hop_nid
UpdateDataPlaneRouting	796	10	1		Finish	 		 		 

Time: 64.539200 sec
Packet_Type	Length	Src_nid	Src_port
Hello		80	3	1

Time: 65.025032 sec
Packet_Type		Length	Src_nid	Src_port	Option	Origin_nid	Destination_nid	Next_hop_nid
UpdateDataPlaneRouting	796	10	1		New	4		3		3
 		 	 	 		 		 		7		10
 		 	 	 		 		 		10		10

Time: 65.028132 sec
Packet_Type		Length	Src_nid	Src_port	Option	Origin_nid	Destination_nid	Next_hop_nid
UpdateDataPlaneRouting	796	10	1		Finish	 		 		 

Time: 66.621300 sec
Packet_Type	Length	Src_nid	Src_port
Hello		80	3	1

Time: 68.580400 sec
Packet_Type	Length	Src_nid	Src_port
Hello		80	3	1

Time: 72.596500 sec
Packet_Type	Length	Src_nid	Src_port
Hello		80	3	1

Time: 74.576032 sec
Packet_Type		Length	Src_nid	Src_port	Option	Origin_nid	Destination_nid	Next_hop_nid
UpdateDataPlaneRouting	796	10	1		New	4		3		3
 		 	 	 		 		 		7		10
 		 	 	 		 		 		10		10

Time: 74.625600 sec
Packet_Type	Length	Src_nid	Src_port
Hello		80	3	1

Time: 74.665332 sec
Packet_Type		Length	Src_nid	Src_port	Option	Origin_nid	Destination_nid	Next_hop_nid
UpdateDataPlaneRouting	796	10	1		Finish	 		 		 

Time: 76.639700 sec
Packet_Type	Length	Src_nid	Src_port
Hello		80	3	1

Time: 78.646800 sec
Packet_Type	Length	Src_nid	Src_port
Hello		80	3	1

Time: 79.578729 sec
Packet_Type		Length	Src_Nid	src_port	Option	Center_nid	Neighbor_nid	Data_plane_port
NeighborUpdate		544	10	1		Finish	 		 		 

Time: 79.581829 sec
Packet_Type		Length	Src_Nid	src_port	Option	Center_nid	Neighbor_nid	Data_plane_port
NeighborUpdate		544	10	1		Finish	 		 		 

Time: 79.808929 sec
Packet_Type		Length	Src_Nid	src_port	Option	Center_nid	Neighbor_nid	Data_plane_port
NeighborUpdate		544	10	1		New	10		9		1
 		 	 	 		 	 			3		1

Time: 79.813029 sec
Packet_Type		Length	Src_Nid	src_port	Option	Center_nid	Neighbor_nid	Data_plane_port
NeighborUpdate		544	10	1		Finish	 		 		 

Time: 79.818129 sec
Packet_Type		Length	Src_nid	Src_port	Option	Origin_nid	Destination_nid	Next_hop_nid
UpdateDataPlaneRouting	796	10	1		New	4		3		3
 		 	 	 		 		 		9		3
 		 	 	 		 		 		10		10

Time: 79.819229 sec
Packet_Type		Length	Src_nid	Src_port	Option	Origin_nid	Destination_nid	Next_hop_nid
UpdateDataPlaneRouting	796	10	1		Finish	 		 		 

Time: 80.643900 sec
Packet_Type	Length	Src_nid	Src_port
Hello		80	3	1

Time: 80.735529 sec
Packet_Type		Length	Src_nid	Src_port	Option	Origin_nid	Destination_nid	Next_hop_nid
UpdateDataPlaneRouting	796	10	1		New	4		3		3
 		 	 	 		 		 		9		3
 		 	 	 		 		 		10		3

Time: 80.736629 sec
Packet_Type		Length	Src_nid	Src_port	Option	Origin_nid	Destination_nid	Next_hop_nid
UpdateDataPlaneRouting	796	10	1		Finish	 		 		 

Time: 82.664000 sec
Packet_Type	Length	Src_nid	Src_port
Hello		80	3	1

Time: 83.822929 sec
Packet_Type		Length	Src_nid	Src_port	Option	Origin_nid	Destination_nid	Next_hop_nid
UpdateDataPlaneRouting	796	10	1		New	4		3		3
 		 	 	 		 		 		8		3
 		 	 	 		 		 		9		3
 		 	 	 		 		 		10		3

Time: 83.824029 sec
Packet_Type		Length	Src_nid	Src_port	Option	Origin_nid	Destination_nid	Next_hop_nid
UpdateDataPlaneRouting	796	10	1		Finish	 		 		 

Time: 84.694100 sec
Packet_Type	Length	Src_nid	Src_port
Hello		80	3	1

Time: 85.187329 sec
Packet_Type		Length	Src_nid	Src_port	Option	Origin_nid	Destination_nid	Next_hop_nid
UpdateDataPlaneRouting	796	10	1		New	4		3		3
 		 	 	 		 		 		8		3
 		 	 	 		 		 		9		3
 		 	 	 		 		 		10		3

Time: 85.188429 sec
Packet_Type		Length	Src_nid	Src_port	Option	Origin_nid	Destination_nid	Next_hop_nid
UpdateDataPlaneRouting	796	10	1		Finish	 		 		 

Time: 85.900529 sec
Packet_Type		Length	Src_nid	Src_port	Option	Origin_nid	Destination_nid	Next_hop_nid
UpdateDataPlaneRouting	796	10	1		New	4		3		3
 		 	 	 		 		 		7		3
 		 	 	 		 		 		8		3
 		 	 	 		 		 		9		3
 		 	 	 		 		 		10		3

Time: 85.904629 sec
Packet_Type		Length	Src_nid	Src_port	Option	Origin_nid	Destination_nid	Next_hop_nid
UpdateDataPlaneRouting	796	10	1		Finish	 		 		 

Time: 86.700200 sec
Packet_Type	Length	Src_nid	Src_port
Hello		80	3	1

Time: 86.798929 sec
Packet_Type		Length	Src_nid	Src_port	Option	Origin_nid	Destination_nid	Next_hop_nid
UpdateDataPlaneRouting	796	10	1		New	4		3		3
 		 	 	 		 		 		7		3
 		 	 	 		 		 		8		3
 		 	 	 		 		 		9		3
 		 	 	 		 		 		10		3

Time: 86.801029 sec
Packet_Type		Length	Src_nid	Src_port	Option	Origin_nid	Destination_nid	Next_hop_nid
UpdateDataPlaneRouting	796	10	1		Finish	 		 		 

Time: 89.025300 sec
Packet_Type	Length	Src_nid	Src_port
Hello		80	3	1

Time: 90.740400 sec
Packet_Type	Length	Src_nid	Src_port
Hello		80	3	1

Time: 92.165529 sec
Packet_Type		Length	Src_nid	Src_port	Option	Origin_nid	Destination_nid	Next_hop_nid
UpdateDataPlaneRouting	796	10	1		New	4		3		3
 		 	 	 		 		 		7		3
 		 	 	 		 		 		8		3
 		 	 	 		 		 		9		3
 		 	 	 		 		 		10		3

Time: 92.168629 sec
Packet_Type		Length	Src_nid	Src_port	Option	Origin_nid	Destination_nid	Next_hop_nid
UpdateDataPlaneRouting	796	10	1		Finish	 		 		 

Time: 92.169729 sec
Packet_Type		Length	Src_nid	Src_port	Option	Origin_nid	Destination_nid	Next_hop_nid
UpdateDataPlaneRouting	796	10	1		New	4		3		3
 		 	 	 		 		 		7		3
 		 	 	 		 		 		8		3
 		 	 	 		 		 		9		3
 		 	 	 		 		 		10		3

Time: 92.170829 sec
Packet_Type		Length	Src_nid	Src_port	Option	Origin_nid	Destination_nid	Next_hop_nid
UpdateDataPlaneRouting	796	10	1		Finish	 		 		 

Time: 92.755500 sec
Packet_Type	Length	Src_nid	Src_port
Hello		80	3	1

Time: 94.719129 sec
Packet_Type		Length	Src_nid	Src_port	Option	Origin_nid	Destination_nid	Next_hop_nid
UpdateDataPlaneRouting	796	10	1		New	4		3		3
 		 	 	 		 		 		7		3
 		 	 	 		 		 		8		3
 		 	 	 		 		 		9		3
 		 	 	 		 		 		10		3

Time: 94.722229 sec
Packet_Type		Length	Src_nid	Src_port	Option	Origin_nid	Destination_nid	Next_hop_nid
UpdateDataPlaneRouting	796	10	1		Finish	 		 		 

Time: 94.883600 sec
Packet_Type	Length	Src_nid	Src_port
Hello		80	3	1

Time: 96.772529 sec
Packet_Type		Length	Src_nid	Src_port	Option	Origin_nid	Destination_nid	Next_hop_nid
UpdateDataPlaneRouting	796	10	1		New	4		3		3
 		 	 	 		 		 		7		3
 		 	 	 		 		 		8		3
 		 	 	 		 		 		9		3
 		 	 	 		 		 		10		3

Time: 96.798700 sec
Packet_Type	Length	Src_nid	Src_port
Hello		80	3	1

Time: 97.565829 sec
Packet_Type		Length	Src_nid	Src_port	Option	Origin_nid	Destination_nid	Next_hop_nid
UpdateDataPlaneRouting	796	10	1		Finish	 		 		 

Time: 97.566929 sec
Packet_Type		Length	Src_nid	Src_port	Option	Origin_nid	Destination_nid	Next_hop_nid
UpdateDataPlaneRouting	796	10	1		New	4		3		3
 		 	 	 		 		 		7		3
 		 	 	 		 		 		8		3
 		 	 	 		 		 		9		3
 		 	 	 		 		 		10		3

Time: 97.568029 sec
Packet_Type		Length	Src_nid	Src_port	Option	Origin_nid	Destination_nid	Next_hop_nid
UpdateDataPlaneRouting	796	10	1		Finish	 		 		 

Time: 97.569129 sec
Packet_Type		Length	Src_nid	Src_port	Option	Origin_nid	Destination_nid	Next_hop_nid
UpdateDataPlaneRouting	796	10	1		New	4		3		3
 		 	 	 		 		 		7		3
 		 	 	 		 		 		8		3
 		 	 	 		 		 		9		3
 		 	 	 		 		 		10		3

Time: 97.570229 sec
Packet_Type		Length	Src_nid	Src_port	Option	Origin_nid	Destination_nid	Next_hop_nid
UpdateDataPlaneRouting	796	10	1		Finish	 		 		 

Time: 97.584561 sec
Packet_Type		Length	Src_nid	Src_port	Option	Origin_nid	Destination_nid	Next_hop_nid
UpdateDataPlaneRouting	796	10	1		New	4		3		3
 		 	 	 		 		 		7		3
 		 	 	 		 		 		8		3
 		 	 	 		 		 		9		3
 		 	 	 		 		 		10		3

Time: 97.585661 sec
Packet_Type		Length	Src_nid	Src_port	Option	Origin_nid	Destination_nid	Next_hop_nid
UpdateDataPlaneRouting	796	10	1		Finish	 		 		 

