Time: 2.010473 sec
Send to Nid: 10
Packet_Type		Length	Src_Nid	src_port	Option	Center_nid	Neighbor_nid	Data_plane_port
NeighborUpdate		544	2	1		New	2		7		1

Time: 2.010573 sec
Send to Nid: 10
Packet_Type		Length	Src_Nid	src_port	Option	Center_nid	Neighbor_nid	Data_plane_port
NeighborUpdate		544	2	1		Finish	 		 		 

Time: 2.013100 sec
Broadcast
Packet_Type	Length	Src_nid	Src_port
Hello		80	2	1

Time: 2.020673 sec
Send to Nid: 10
Packet_Type		Length	Src_Nid	src_port	Option	Center_nid	Neighbor_nid	Data_plane_port
NeighborUpdate		544	2	1		New	2		7		1
 		 	 	 		 	 			10		1

Time: 2.020773 sec
Send to Nid: 10
Packet_Type		Length	Src_Nid	src_port	Option	Center_nid	Neighbor_nid	Data_plane_port
NeighborUpdate		544	2	1		Finish	 		 		 

Time: 2.085726 sec
Send to Nid: 10
Packet_Type	Length	Src_nid	Src_port
Hello		80	2	1

Time: 2.180226 sec
Send to Nid: 10
Packet_Type		Length	Src_Nid	src_port	Option	Center_nid	Neighbor_nid	Data_plane_port
NeighborUpdate		544	2	1		New	2		7		1
 		 	 	 		 	 			10		1
 		 	 	 		 	 			5		1

Time: 2.180326 sec
Send to Nid: 10
Packet_Type		Length	Src_Nid	src_port	Option	Center_nid	Neighbor_nid	Data_plane_port
NeighborUpdate		544	2	1		Finish	 		 		 

Time: 2.257330 sec
Send to Nid: 10
Packet_Type	Length	Src_nid	Src_port
Hello		80	2	1

Time: 4.027300 sec
Broadcast
Packet_Type	Length	Src_nid	Src_port
Hello		80	2	1

Time: 6.045600 sec
Broadcast
Packet_Type	Length	Src_nid	Src_port
Hello		80	2	1

Time: 8.055800 sec
Broadcast
Packet_Type	Length	Src_nid	Src_port
Hello		80	2	1

Time: 10.066100 sec
Broadcast
Packet_Type	Length	Src_nid	Src_port
Hello		80	2	1

Time: 12.074400 sec
Broadcast
Packet_Type	Length	Src_nid	Src_port
Hello		80	2	1

Time: 14.084800 sec
Broadcast
Packet_Type	Length	Src_nid	Src_port
Hello		80	2	1

Time: 16.092100 sec
Broadcast
Packet_Type	Length	Src_nid	Src_port
Hello		80	2	1

Time: 18.107400 sec
Broadcast
Packet_Type	Length	Src_nid	Src_port
Hello		80	2	1

Time: 20.126600 sec
Broadcast
Packet_Type	Length	Src_nid	Src_port
Hello		80	2	1

Time: 22.138900 sec
Broadcast
Packet_Type	Length	Src_nid	Src_port
Hello		80	2	1

Time: 24.143100 sec
Broadcast
Packet_Type	Length	Src_nid	Src_port
Hello		80	2	1

Time: 26.153400 sec
Broadcast
Packet_Type	Length	Src_nid	Src_port
Hello		80	2	1

Time: 28.166700 sec
Broadcast
Packet_Type	Length	Src_nid	Src_port
Hello		80	2	1

Time: 30.172000 sec
Broadcast
Packet_Type	Length	Src_nid	Src_port
Hello		80	2	1

Time: 32.187300 sec
Broadcast
Packet_Type	Length	Src_nid	Src_port
Hello		80	2	1

Time: 34.189600 sec
Broadcast
Packet_Type	Length	Src_nid	Src_port
Hello		80	2	1

Time: 36.195700 sec
Broadcast
Packet_Type	Length	Src_nid	Src_port
Hello		80	2	1

Time: 38.207800 sec
Broadcast
Packet_Type	Length	Src_nid	Src_port
Hello		80	2	1

Time: 40.217100 sec
Broadcast
Packet_Type	Length	Src_nid	Src_port
Hello		80	2	1

Time: 42.222400 sec
Broadcast
Packet_Type	Length	Src_nid	Src_port
Hello		80	2	1

Time: 44.239600 sec
Broadcast
Packet_Type	Length	Src_nid	Src_port
Hello		80	2	1

Time: 46.256800 sec
Broadcast
Packet_Type	Length	Src_nid	Src_port
Hello		80	2	1

Time: 48.265100 sec
Broadcast
Packet_Type	Length	Src_nid	Src_port
Hello		80	2	1

Time: 50.268400 sec
Broadcast
Packet_Type	Length	Src_nid	Src_port
Hello		80	2	1

Time: 52.274700 sec
Broadcast
Packet_Type	Length	Src_nid	Src_port
Hello		80	2	1

Time: 54.278000 sec
Broadcast
Packet_Type	Length	Src_nid	Src_port
Hello		80	2	1

Time: 56.296200 sec
Broadcast
Packet_Type	Length	Src_nid	Src_port
Hello		80	2	1

Time: 58.315400 sec
Broadcast
Packet_Type	Length	Src_nid	Src_port
Hello		80	2	1

Time: 60.317600 sec
Broadcast
Packet_Type	Length	Src_nid	Src_port
Hello		80	2	1

Time: 62.334700 sec
Broadcast
Packet_Type	Length	Src_nid	Src_port
Hello		80	2	1

Time: 64.348900 sec
Broadcast
Packet_Type	Length	Src_nid	Src_port
Hello		80	2	1

Time: 66.360900 sec
Broadcast
Packet_Type	Length	Src_nid	Src_port
Hello		80	2	1

Time: 68.366100 sec
Broadcast
Packet_Type	Length	Src_nid	Src_port
Hello		80	2	1

Time: 70.370300 sec
Broadcast
Packet_Type	Length	Src_nid	Src_port
Hello		80	2	1

Time: 72.388500 sec
Broadcast
Packet_Type	Length	Src_nid	Src_port
Hello		80	2	1

Time: 74.391800 sec
Broadcast
Packet_Type	Length	Src_nid	Src_port
Hello		80	2	1

Time: 76.399000 sec
Broadcast
Packet_Type	Length	Src_nid	Src_port
Hello		80	2	1

Time: 78.417200 sec
Broadcast
Packet_Type	Length	Src_nid	Src_port
Hello		80	2	1

Time: 80.419300 sec
Broadcast
Packet_Type	Length	Src_nid	Src_port
Hello		80	2	1

Time: 82.423400 sec
Broadcast
Packet_Type	Length	Src_nid	Src_port
Hello		80	2	1

Time: 84.438500 sec
Broadcast
Packet_Type	Length	Src_nid	Src_port
Hello		80	2	1

Time: 86.443700 sec
Broadcast
Packet_Type	Length	Src_nid	Src_port
Hello		80	2	1

Time: 88.447800 sec
Broadcast
Packet_Type	Length	Src_nid	Src_port
Hello		80	2	1

Time: 90.449900 sec
Broadcast
Packet_Type	Length	Src_nid	Src_port
Hello		80	2	1

Time: 92.458100 sec
Broadcast
Packet_Type	Length	Src_nid	Src_port
Hello		80	2	1

Time: 94.464300 sec
Broadcast
Packet_Type	Length	Src_nid	Src_port
Hello		80	2	1

Time: 96.483500 sec
Broadcast
Packet_Type	Length	Src_nid	Src_port
Hello		80	2	1

Time: 98.502800 sec
Broadcast
Packet_Type	Length	Src_nid	Src_port
Hello		80	2	1

