
====== MIB Counters (1.000 sec) ======
aFailedCount = 0
aRetryCount = 1
aFrameDuplicateCount = 0
aRTSSuccessCount = 0
aRTSFailureCount = 0
aACKFailureCount = 0
aFCSErrorCount = 0
aTransmittedFrameCount = 5
aTransmittedAMSDUCount = 0
aFailedAMSDUCount = 0
aRetryAMSDUCount = 0
aTransmittedOctetsInAMSDUCount = 0
aAMSDUAckFailureCount = 0
aReceivedAMSDUCount = 0
aReceivedOctetsInAMSDUCount = 0
aTransmittedAMPDUCount = 0
aTransmittedMPDUsInAMPDUCount = 0
aTransmittedOctetsInAMPDUCount = 0
aAMPDUReceivedCount = 0
aMPDUInReceivedAMPDUCount = 0
aReceivedOctetsInAMPDUCount = 0
aAMPDUDelimiterCRCErrorCount = 0
aExplicitBARFailureCount = 0
aChannelWidthSwitchCount = 0
aTwentyMHzFrameTransmittedCount = 17
aFortyMHzFrameTransmittedCount = 0
aTwentyMHzFrameReceivedCount = 253
aFortyMHzFrameReceivedCount = 0

====== MIB Counters (2.000 sec) ======
aFailedCount = 0
aRetryCount = 1
aFrameDuplicateCount = 0
aRTSSuccessCount = 0
aRTSFailureCount = 0
aACKFailureCount = 0
aFCSErrorCount = 0
aTransmittedFrameCount = 6
aTransmittedAMSDUCount = 0
aFailedAMSDUCount = 0
aRetryAMSDUCount = 0
aTransmittedOctetsInAMSDUCount = 0
aAMSDUAckFailureCount = 0
aReceivedAMSDUCount = 0
aReceivedOctetsInAMSDUCount = 0
aTransmittedAMPDUCount = 0
aTransmittedMPDUsInAMPDUCount = 0
aTransmittedOctetsInAMPDUCount = 0
aAMPDUReceivedCount = 0
aMPDUInReceivedAMPDUCount = 0
aReceivedOctetsInAMPDUCount = 0
aAMPDUDelimiterCRCErrorCount = 0
aExplicitBARFailureCount = 0
aChannelWidthSwitchCount = 0
aTwentyMHzFrameTransmittedCount = 21
aFortyMHzFrameTransmittedCount = 0
aTwentyMHzFrameReceivedCount = 494
aFortyMHzFrameReceivedCount = 0

====== MIB Counters (3.000 sec) ======
aFailedCount = 0
aRetryCount = 2
aFrameDuplicateCount = 0
aRTSSuccessCount = 0
aRTSFailureCount = 0
aACKFailureCount = 0
aFCSErrorCount = 0
aTransmittedFrameCount = 12
aTransmittedAMSDUCount = 0
aFailedAMSDUCount = 0
aRetryAMSDUCount = 0
aTransmittedOctetsInAMSDUCount = 0
aAMSDUAckFailureCount = 0
aReceivedAMSDUCount = 0
aReceivedOctetsInAMSDUCount = 0
aTransmittedAMPDUCount = 0
aTransmittedMPDUsInAMPDUCount = 0
aTransmittedOctetsInAMPDUCount = 0
aAMPDUReceivedCount = 0
aMPDUInReceivedAMPDUCount = 0
aReceivedOctetsInAMPDUCount = 0
aAMPDUDelimiterCRCErrorCount = 0
aExplicitBARFailureCount = 0
aChannelWidthSwitchCount = 0
aTwentyMHzFrameTransmittedCount = 47
aFortyMHzFrameTransmittedCount = 0
aTwentyMHzFrameReceivedCount = 2190
aFortyMHzFrameReceivedCount = 0

====== MIB Counters (4.000 sec) ======
aFailedCount = 12
aRetryCount = 39
aFrameDuplicateCount = 0
aRTSSuccessCount = 0
aRTSFailureCount = 0
aACKFailureCount = 0
aFCSErrorCount = 0
aTransmittedFrameCount = 158
aTransmittedAMSDUCount = 0
aFailedAMSDUCount = 0
aRetryAMSDUCount = 0
aTransmittedOctetsInAMSDUCount = 0
aAMSDUAckFailureCount = 0
aReceivedAMSDUCount = 0
aReceivedOctetsInAMSDUCount = 0
aTransmittedAMPDUCount = 0
aTransmittedMPDUsInAMPDUCount = 0
aTransmittedOctetsInAMPDUCount = 0
aAMPDUReceivedCount = 0
aMPDUInReceivedAMPDUCount = 0
aReceivedOctetsInAMPDUCount = 0
aAMPDUDelimiterCRCErrorCount = 0
aExplicitBARFailureCount = 0
aChannelWidthSwitchCount = 0
aTwentyMHzFrameTransmittedCount = 392
aFortyMHzFrameTransmittedCount = 0
aTwentyMHzFrameReceivedCount = 3408
aFortyMHzFrameReceivedCount = 0

====== MIB Counters (5.000 sec) ======
aFailedCount = 30
aRetryCount = 70
aFrameDuplicateCount = 0
aRTSSuccessCount = 0
aRTSFailureCount = 0
aACKFailureCount = 0
aFCSErrorCount = 0
aTransmittedFrameCount = 271
aTransmittedAMSDUCount = 0
aFailedAMSDUCount = 0
aRetryAMSDUCount = 0
aTransmittedOctetsInAMSDUCount = 0
aAMSDUAckFailureCount = 0
aReceivedAMSDUCount = 0
aReceivedOctetsInAMSDUCount = 0
aTransmittedAMPDUCount = 0
aTransmittedMPDUsInAMPDUCount = 0
aTransmittedOctetsInAMPDUCount = 0
aAMPDUReceivedCount = 0
aMPDUInReceivedAMPDUCount = 0
aReceivedOctetsInAMPDUCount = 0
aAMPDUDelimiterCRCErrorCount = 0
aExplicitBARFailureCount = 0
aChannelWidthSwitchCount = 0
aTwentyMHzFrameTransmittedCount = 715
aFortyMHzFrameTransmittedCount = 0
aTwentyMHzFrameReceivedCount = 4476
aFortyMHzFrameReceivedCount = 0

====== MIB Counters (6.000 sec) ======
aFailedCount = 49
aRetryCount = 99
aFrameDuplicateCount = 0
aRTSSuccessCount = 0
aRTSFailureCount = 0
aACKFailureCount = 0
aFCSErrorCount = 0
aTransmittedFrameCount = 387
aTransmittedAMSDUCount = 0
aFailedAMSDUCount = 0
aRetryAMSDUCount = 0
aTransmittedOctetsInAMSDUCount = 0
aAMSDUAckFailureCount = 0
aReceivedAMSDUCount = 0
aReceivedOctetsInAMSDUCount = 0
aTransmittedAMPDUCount = 0
aTransmittedMPDUsInAMPDUCount = 0
aTransmittedOctetsInAMPDUCount = 0
aAMPDUReceivedCount = 0
aMPDUInReceivedAMPDUCount = 0
aReceivedOctetsInAMPDUCount = 0
aAMPDUDelimiterCRCErrorCount = 0
aExplicitBARFailureCount = 0
aChannelWidthSwitchCount = 0
aTwentyMHzFrameTransmittedCount = 1049
aFortyMHzFrameTransmittedCount = 0
aTwentyMHzFrameReceivedCount = 5571
aFortyMHzFrameReceivedCount = 0

====== MIB Counters (7.000 sec) ======
aFailedCount = 76
aRetryCount = 118
aFrameDuplicateCount = 0
aRTSSuccessCount = 0
aRTSFailureCount = 0
aACKFailureCount = 0
aFCSErrorCount = 0
aTransmittedFrameCount = 448
aTransmittedAMSDUCount = 0
aFailedAMSDUCount = 0
aRetryAMSDUCount = 0
aTransmittedOctetsInAMSDUCount = 0
aAMSDUAckFailureCount = 0
aReceivedAMSDUCount = 0
aReceivedOctetsInAMSDUCount = 0
aTransmittedAMPDUCount = 0
aTransmittedMPDUsInAMPDUCount = 0
aTransmittedOctetsInAMPDUCount = 0
aAMPDUReceivedCount = 0
aMPDUInReceivedAMPDUCount = 0
aReceivedOctetsInAMPDUCount = 0
aAMPDUDelimiterCRCErrorCount = 0
aExplicitBARFailureCount = 0
aChannelWidthSwitchCount = 0
aTwentyMHzFrameTransmittedCount = 1363
aFortyMHzFrameTransmittedCount = 0
aTwentyMHzFrameReceivedCount = 6775
aFortyMHzFrameReceivedCount = 0

====== MIB Counters (8.000 sec) ======
aFailedCount = 108
aRetryCount = 130
aFrameDuplicateCount = 0
aRTSSuccessCount = 0
aRTSFailureCount = 0
aACKFailureCount = 0
aFCSErrorCount = 0
aTransmittedFrameCount = 462
aTransmittedAMSDUCount = 0
aFailedAMSDUCount = 0
aRetryAMSDUCount = 0
aTransmittedOctetsInAMSDUCount = 0
aAMSDUAckFailureCount = 0
aReceivedAMSDUCount = 0
aReceivedOctetsInAMSDUCount = 0
aTransmittedAMPDUCount = 0
aTransmittedMPDUsInAMPDUCount = 0
aTransmittedOctetsInAMPDUCount = 0
aAMPDUReceivedCount = 0
aMPDUInReceivedAMPDUCount = 0
aReceivedOctetsInAMPDUCount = 0
aAMPDUDelimiterCRCErrorCount = 0
aExplicitBARFailureCount = 0
aChannelWidthSwitchCount = 0
aTwentyMHzFrameTransmittedCount = 1634
aFortyMHzFrameTransmittedCount = 0
aTwentyMHzFrameReceivedCount = 8083
aFortyMHzFrameReceivedCount = 0

====== MIB Counters (9.000 sec) ======
aFailedCount = 139
aRetryCount = 142
aFrameDuplicateCount = 0
aRTSSuccessCount = 0
aRTSFailureCount = 0
aACKFailureCount = 0
aFCSErrorCount = 0
aTransmittedFrameCount = 490
aTransmittedAMSDUCount = 0
aFailedAMSDUCount = 0
aRetryAMSDUCount = 0
aTransmittedOctetsInAMSDUCount = 0
aAMSDUAckFailureCount = 0
aReceivedAMSDUCount = 0
aReceivedOctetsInAMSDUCount = 0
aTransmittedAMPDUCount = 0
aTransmittedMPDUsInAMPDUCount = 0
aTransmittedOctetsInAMPDUCount = 0
aAMPDUReceivedCount = 0
aMPDUInReceivedAMPDUCount = 0
aReceivedOctetsInAMPDUCount = 0
aAMPDUDelimiterCRCErrorCount = 0
aExplicitBARFailureCount = 0
aChannelWidthSwitchCount = 0
aTwentyMHzFrameTransmittedCount = 1910
aFortyMHzFrameTransmittedCount = 0
aTwentyMHzFrameReceivedCount = 9406
aFortyMHzFrameReceivedCount = 0

====== MIB Counters (10.000 sec) ======
aFailedCount = 167
aRetryCount = 154
aFrameDuplicateCount = 0
aRTSSuccessCount = 0
aRTSFailureCount = 0
aACKFailureCount = 0
aFCSErrorCount = 0
aTransmittedFrameCount = 524
aTransmittedAMSDUCount = 0
aFailedAMSDUCount = 0
aRetryAMSDUCount = 0
aTransmittedOctetsInAMSDUCount = 0
aAMSDUAckFailureCount = 0
aReceivedAMSDUCount = 0
aReceivedOctetsInAMSDUCount = 0
aTransmittedAMPDUCount = 0
aTransmittedMPDUsInAMPDUCount = 0
aTransmittedOctetsInAMPDUCount = 0
aAMPDUReceivedCount = 0
aMPDUInReceivedAMPDUCount = 0
aReceivedOctetsInAMPDUCount = 0
aAMPDUDelimiterCRCErrorCount = 0
aExplicitBARFailureCount = 0
aChannelWidthSwitchCount = 0
aTwentyMHzFrameTransmittedCount = 2179
aFortyMHzFrameTransmittedCount = 0
aTwentyMHzFrameReceivedCount = 10686
aFortyMHzFrameReceivedCount = 0

====== MIB Counters (11.000 sec) ======
aFailedCount = 194
aRetryCount = 167
aFrameDuplicateCount = 0
aRTSSuccessCount = 0
aRTSFailureCount = 0
aACKFailureCount = 0
aFCSErrorCount = 0
aTransmittedFrameCount = 560
aTransmittedAMSDUCount = 0
aFailedAMSDUCount = 0
aRetryAMSDUCount = 0
aTransmittedOctetsInAMSDUCount = 0
aAMSDUAckFailureCount = 0
aReceivedAMSDUCount = 0
aReceivedOctetsInAMSDUCount = 0
aTransmittedAMPDUCount = 0
aTransmittedMPDUsInAMPDUCount = 0
aTransmittedOctetsInAMPDUCount = 0
aAMPDUReceivedCount = 0
aMPDUInReceivedAMPDUCount = 0
aReceivedOctetsInAMPDUCount = 0
aAMPDUDelimiterCRCErrorCount = 0
aExplicitBARFailureCount = 0
aChannelWidthSwitchCount = 0
aTwentyMHzFrameTransmittedCount = 2458
aFortyMHzFrameTransmittedCount = 0
aTwentyMHzFrameReceivedCount = 11997
aFortyMHzFrameReceivedCount = 0

====== MIB Counters (12.000 sec) ======
aFailedCount = 224
aRetryCount = 175
aFrameDuplicateCount = 0
aRTSSuccessCount = 0
aRTSFailureCount = 0
aACKFailureCount = 0
aFCSErrorCount = 0
aTransmittedFrameCount = 634
aTransmittedAMSDUCount = 0
aFailedAMSDUCount = 0
aRetryAMSDUCount = 0
aTransmittedOctetsInAMSDUCount = 0
aAMSDUAckFailureCount = 0
aReceivedAMSDUCount = 0
aReceivedOctetsInAMSDUCount = 0
aTransmittedAMPDUCount = 0
aTransmittedMPDUsInAMPDUCount = 0
aTransmittedOctetsInAMPDUCount = 0
aAMPDUReceivedCount = 0
aMPDUInReceivedAMPDUCount = 0
aReceivedOctetsInAMPDUCount = 0
aAMPDUDelimiterCRCErrorCount = 0
aExplicitBARFailureCount = 0
aChannelWidthSwitchCount = 0
aTwentyMHzFrameTransmittedCount = 2762
aFortyMHzFrameTransmittedCount = 0
aTwentyMHzFrameReceivedCount = 13306
aFortyMHzFrameReceivedCount = 0

====== MIB Counters (13.000 sec) ======
aFailedCount = 253
aRetryCount = 185
aFrameDuplicateCount = 0
aRTSSuccessCount = 0
aRTSFailureCount = 0
aACKFailureCount = 0
aFCSErrorCount = 0
aTransmittedFrameCount = 669
aTransmittedAMSDUCount = 0
aFailedAMSDUCount = 0
aRetryAMSDUCount = 0
aTransmittedOctetsInAMSDUCount = 0
aAMSDUAckFailureCount = 0
aReceivedAMSDUCount = 0
aReceivedOctetsInAMSDUCount = 0
aTransmittedAMPDUCount = 0
aTransmittedMPDUsInAMPDUCount = 0
aTransmittedOctetsInAMPDUCount = 0
aAMPDUReceivedCount = 0
aMPDUInReceivedAMPDUCount = 0
aReceivedOctetsInAMPDUCount = 0
aAMPDUDelimiterCRCErrorCount = 0
aExplicitBARFailureCount = 0
aChannelWidthSwitchCount = 0
aTwentyMHzFrameTransmittedCount = 3045
aFortyMHzFrameTransmittedCount = 0
aTwentyMHzFrameReceivedCount = 14677
aFortyMHzFrameReceivedCount = 0

====== MIB Counters (14.000 sec) ======
aFailedCount = 288
aRetryCount = 185
aFrameDuplicateCount = 0
aRTSSuccessCount = 0
aRTSFailureCount = 0
aACKFailureCount = 0
aFCSErrorCount = 0
aTransmittedFrameCount = 669
aTransmittedAMSDUCount = 0
aFailedAMSDUCount = 0
aRetryAMSDUCount = 0
aTransmittedOctetsInAMSDUCount = 0
aAMSDUAckFailureCount = 0
aReceivedAMSDUCount = 0
aReceivedOctetsInAMSDUCount = 0
aTransmittedAMPDUCount = 0
aTransmittedMPDUsInAMPDUCount = 0
aTransmittedOctetsInAMPDUCount = 0
aAMPDUReceivedCount = 0
aMPDUInReceivedAMPDUCount = 0
aReceivedOctetsInAMPDUCount = 0
aAMPDUDelimiterCRCErrorCount = 0
aExplicitBARFailureCount = 0
aChannelWidthSwitchCount = 0
aTwentyMHzFrameTransmittedCount = 3290
aFortyMHzFrameTransmittedCount = 0
aTwentyMHzFrameReceivedCount = 16078
aFortyMHzFrameReceivedCount = 0

====== MIB Counters (15.000 sec) ======
aFailedCount = 322
aRetryCount = 185
aFrameDuplicateCount = 0
aRTSSuccessCount = 0
aRTSFailureCount = 0
aACKFailureCount = 0
aFCSErrorCount = 0
aTransmittedFrameCount = 669
aTransmittedAMSDUCount = 0
aFailedAMSDUCount = 0
aRetryAMSDUCount = 0
aTransmittedOctetsInAMSDUCount = 0
aAMSDUAckFailureCount = 0
aReceivedAMSDUCount = 0
aReceivedOctetsInAMSDUCount = 0
aTransmittedAMPDUCount = 0
aTransmittedMPDUsInAMPDUCount = 0
aTransmittedOctetsInAMPDUCount = 0
aAMPDUReceivedCount = 0
aMPDUInReceivedAMPDUCount = 0
aReceivedOctetsInAMPDUCount = 0
aAMPDUDelimiterCRCErrorCount = 0
aExplicitBARFailureCount = 0
aChannelWidthSwitchCount = 0
aTwentyMHzFrameTransmittedCount = 3527
aFortyMHzFrameTransmittedCount = 0
aTwentyMHzFrameReceivedCount = 17512
aFortyMHzFrameReceivedCount = 0

====== MIB Counters (16.000 sec) ======
aFailedCount = 360
aRetryCount = 185
aFrameDuplicateCount = 0
aRTSSuccessCount = 0
aRTSFailureCount = 0
aACKFailureCount = 0
aFCSErrorCount = 0
aTransmittedFrameCount = 669
aTransmittedAMSDUCount = 0
aFailedAMSDUCount = 0
aRetryAMSDUCount = 0
aTransmittedOctetsInAMSDUCount = 0
aAMSDUAckFailureCount = 0
aReceivedAMSDUCount = 0
aReceivedOctetsInAMSDUCount = 0
aTransmittedAMPDUCount = 0
aTransmittedMPDUsInAMPDUCount = 0
aTransmittedOctetsInAMPDUCount = 0
aAMPDUReceivedCount = 0
aMPDUInReceivedAMPDUCount = 0
aReceivedOctetsInAMPDUCount = 0
aAMPDUDelimiterCRCErrorCount = 0
aExplicitBARFailureCount = 0
aChannelWidthSwitchCount = 0
aTwentyMHzFrameTransmittedCount = 3791
aFortyMHzFrameTransmittedCount = 0
aTwentyMHzFrameReceivedCount = 18968
aFortyMHzFrameReceivedCount = 0

====== MIB Counters (17.000 sec) ======
aFailedCount = 396
aRetryCount = 185
aFrameDuplicateCount = 0
aRTSSuccessCount = 0
aRTSFailureCount = 0
aACKFailureCount = 0
aFCSErrorCount = 0
aTransmittedFrameCount = 669
aTransmittedAMSDUCount = 0
aFailedAMSDUCount = 0
aRetryAMSDUCount = 0
aTransmittedOctetsInAMSDUCount = 0
aAMSDUAckFailureCount = 0
aReceivedAMSDUCount = 0
aReceivedOctetsInAMSDUCount = 0
aTransmittedAMPDUCount = 0
aTransmittedMPDUsInAMPDUCount = 0
aTransmittedOctetsInAMPDUCount = 0
aAMPDUReceivedCount = 0
aMPDUInReceivedAMPDUCount = 0
aReceivedOctetsInAMPDUCount = 0
aAMPDUDelimiterCRCErrorCount = 0
aExplicitBARFailureCount = 0
aChannelWidthSwitchCount = 0
aTwentyMHzFrameTransmittedCount = 4042
aFortyMHzFrameTransmittedCount = 0
aTwentyMHzFrameReceivedCount = 20308
aFortyMHzFrameReceivedCount = 0

====== MIB Counters (18.000 sec) ======
aFailedCount = 431
aRetryCount = 185
aFrameDuplicateCount = 0
aRTSSuccessCount = 0
aRTSFailureCount = 0
aACKFailureCount = 0
aFCSErrorCount = 0
aTransmittedFrameCount = 669
aTransmittedAMSDUCount = 0
aFailedAMSDUCount = 0
aRetryAMSDUCount = 0
aTransmittedOctetsInAMSDUCount = 0
aAMSDUAckFailureCount = 0
aReceivedAMSDUCount = 0
aReceivedOctetsInAMSDUCount = 0
aTransmittedAMPDUCount = 0
aTransmittedMPDUsInAMPDUCount = 0
aTransmittedOctetsInAMPDUCount = 0
aAMPDUReceivedCount = 0
aMPDUInReceivedAMPDUCount = 0
aReceivedOctetsInAMPDUCount = 0
aAMPDUDelimiterCRCErrorCount = 0
aExplicitBARFailureCount = 0
aChannelWidthSwitchCount = 0
aTwentyMHzFrameTransmittedCount = 4289
aFortyMHzFrameTransmittedCount = 0
aTwentyMHzFrameReceivedCount = 21698
aFortyMHzFrameReceivedCount = 0

====== MIB Counters (19.000 sec) ======
aFailedCount = 462
aRetryCount = 185
aFrameDuplicateCount = 0
aRTSSuccessCount = 0
aRTSFailureCount = 0
aACKFailureCount = 0
aFCSErrorCount = 0
aTransmittedFrameCount = 669
aTransmittedAMSDUCount = 0
aFailedAMSDUCount = 0
aRetryAMSDUCount = 0
aTransmittedOctetsInAMSDUCount = 0
aAMSDUAckFailureCount = 0
aReceivedAMSDUCount = 0
aReceivedOctetsInAMSDUCount = 0
aTransmittedAMPDUCount = 0
aTransmittedMPDUsInAMPDUCount = 0
aTransmittedOctetsInAMPDUCount = 0
aAMPDUReceivedCount = 0
aMPDUInReceivedAMPDUCount = 0
aReceivedOctetsInAMPDUCount = 0
aAMPDUDelimiterCRCErrorCount = 0
aExplicitBARFailureCount = 0
aChannelWidthSwitchCount = 0
aTwentyMHzFrameTransmittedCount = 4506
aFortyMHzFrameTransmittedCount = 0
aTwentyMHzFrameReceivedCount = 23226
aFortyMHzFrameReceivedCount = 0

====== MIB Counters (20.000 sec) ======
aFailedCount = 494
aRetryCount = 185
aFrameDuplicateCount = 0
aRTSSuccessCount = 0
aRTSFailureCount = 0
aACKFailureCount = 0
aFCSErrorCount = 0
aTransmittedFrameCount = 669
aTransmittedAMSDUCount = 0
aFailedAMSDUCount = 0
aRetryAMSDUCount = 0
aTransmittedOctetsInAMSDUCount = 0
aAMSDUAckFailureCount = 0
aReceivedAMSDUCount = 0
aReceivedOctetsInAMSDUCount = 0
aTransmittedAMPDUCount = 0
aTransmittedMPDUsInAMPDUCount = 0
aTransmittedOctetsInAMPDUCount = 0
aAMPDUReceivedCount = 0
aMPDUInReceivedAMPDUCount = 0
aReceivedOctetsInAMPDUCount = 0
aAMPDUDelimiterCRCErrorCount = 0
aExplicitBARFailureCount = 0
aChannelWidthSwitchCount = 0
aTwentyMHzFrameTransmittedCount = 4731
aFortyMHzFrameTransmittedCount = 0
aTwentyMHzFrameReceivedCount = 24573
aFortyMHzFrameReceivedCount = 0

====== MIB Counters (21.000 sec) ======
aFailedCount = 530
aRetryCount = 185
aFrameDuplicateCount = 0
aRTSSuccessCount = 0
aRTSFailureCount = 0
aACKFailureCount = 0
aFCSErrorCount = 0
aTransmittedFrameCount = 669
aTransmittedAMSDUCount = 0
aFailedAMSDUCount = 0
aRetryAMSDUCount = 0
aTransmittedOctetsInAMSDUCount = 0
aAMSDUAckFailureCount = 0
aReceivedAMSDUCount = 0
aReceivedOctetsInAMSDUCount = 0
aTransmittedAMPDUCount = 0
aTransmittedMPDUsInAMPDUCount = 0
aTransmittedOctetsInAMPDUCount = 0
aAMPDUReceivedCount = 0
aMPDUInReceivedAMPDUCount = 0
aReceivedOctetsInAMPDUCount = 0
aAMPDUDelimiterCRCErrorCount = 0
aExplicitBARFailureCount = 0
aChannelWidthSwitchCount = 0
aTwentyMHzFrameTransmittedCount = 4979
aFortyMHzFrameTransmittedCount = 0
aTwentyMHzFrameReceivedCount = 25802
aFortyMHzFrameReceivedCount = 0

====== MIB Counters (22.000 sec) ======
aFailedCount = 561
aRetryCount = 185
aFrameDuplicateCount = 0
aRTSSuccessCount = 0
aRTSFailureCount = 0
aACKFailureCount = 0
aFCSErrorCount = 0
aTransmittedFrameCount = 669
aTransmittedAMSDUCount = 0
aFailedAMSDUCount = 0
aRetryAMSDUCount = 0
aTransmittedOctetsInAMSDUCount = 0
aAMSDUAckFailureCount = 0
aReceivedAMSDUCount = 0
aReceivedOctetsInAMSDUCount = 0
aTransmittedAMPDUCount = 0
aTransmittedMPDUsInAMPDUCount = 0
aTransmittedOctetsInAMPDUCount = 0
aAMPDUReceivedCount = 0
aMPDUInReceivedAMPDUCount = 0
aReceivedOctetsInAMPDUCount = 0
aAMPDUDelimiterCRCErrorCount = 0
aExplicitBARFailureCount = 0
aChannelWidthSwitchCount = 0
aTwentyMHzFrameTransmittedCount = 5199
aFortyMHzFrameTransmittedCount = 0
aTwentyMHzFrameReceivedCount = 27078
aFortyMHzFrameReceivedCount = 0

====== MIB Counters (23.000 sec) ======
aFailedCount = 596
aRetryCount = 185
aFrameDuplicateCount = 0
aRTSSuccessCount = 0
aRTSFailureCount = 0
aACKFailureCount = 0
aFCSErrorCount = 0
aTransmittedFrameCount = 669
aTransmittedAMSDUCount = 0
aFailedAMSDUCount = 0
aRetryAMSDUCount = 0
aTransmittedOctetsInAMSDUCount = 0
aAMSDUAckFailureCount = 0
aReceivedAMSDUCount = 0
aReceivedOctetsInAMSDUCount = 0
aTransmittedAMPDUCount = 0
aTransmittedMPDUsInAMPDUCount = 0
aTransmittedOctetsInAMPDUCount = 0
aAMPDUReceivedCount = 0
aMPDUInReceivedAMPDUCount = 0
aReceivedOctetsInAMPDUCount = 0
aAMPDUDelimiterCRCErrorCount = 0
aExplicitBARFailureCount = 0
aChannelWidthSwitchCount = 0
aTwentyMHzFrameTransmittedCount = 5440
aFortyMHzFrameTransmittedCount = 0
aTwentyMHzFrameReceivedCount = 28354
aFortyMHzFrameReceivedCount = 0

====== MIB Counters (24.000 sec) ======
aFailedCount = 629
aRetryCount = 185
aFrameDuplicateCount = 0
aRTSSuccessCount = 0
aRTSFailureCount = 0
aACKFailureCount = 0
aFCSErrorCount = 0
aTransmittedFrameCount = 669
aTransmittedAMSDUCount = 0
aFailedAMSDUCount = 0
aRetryAMSDUCount = 0
aTransmittedOctetsInAMSDUCount = 0
aAMSDUAckFailureCount = 0
aReceivedAMSDUCount = 0
aReceivedOctetsInAMSDUCount = 0
aTransmittedAMPDUCount = 0
aTransmittedMPDUsInAMPDUCount = 0
aTransmittedOctetsInAMPDUCount = 0
aAMPDUReceivedCount = 0
aMPDUInReceivedAMPDUCount = 0
aReceivedOctetsInAMPDUCount = 0
aAMPDUDelimiterCRCErrorCount = 0
aExplicitBARFailureCount = 0
aChannelWidthSwitchCount = 0
aTwentyMHzFrameTransmittedCount = 5676
aFortyMHzFrameTransmittedCount = 0
aTwentyMHzFrameReceivedCount = 29593
aFortyMHzFrameReceivedCount = 0

====== MIB Counters (25.000 sec) ======
aFailedCount = 664
aRetryCount = 185
aFrameDuplicateCount = 0
aRTSSuccessCount = 0
aRTSFailureCount = 0
aACKFailureCount = 0
aFCSErrorCount = 0
aTransmittedFrameCount = 669
aTransmittedAMSDUCount = 0
aFailedAMSDUCount = 0
aRetryAMSDUCount = 0
aTransmittedOctetsInAMSDUCount = 0
aAMSDUAckFailureCount = 0
aReceivedAMSDUCount = 0
aReceivedOctetsInAMSDUCount = 0
aTransmittedAMPDUCount = 0
aTransmittedMPDUsInAMPDUCount = 0
aTransmittedOctetsInAMPDUCount = 0
aAMPDUReceivedCount = 0
aMPDUInReceivedAMPDUCount = 0
aReceivedOctetsInAMPDUCount = 0
aAMPDUDelimiterCRCErrorCount = 0
aExplicitBARFailureCount = 0
aChannelWidthSwitchCount = 0
aTwentyMHzFrameTransmittedCount = 5921
aFortyMHzFrameTransmittedCount = 0
aTwentyMHzFrameReceivedCount = 30844
aFortyMHzFrameReceivedCount = 0

====== MIB Counters (26.000 sec) ======
aFailedCount = 699
aRetryCount = 185
aFrameDuplicateCount = 0
aRTSSuccessCount = 0
aRTSFailureCount = 0
aACKFailureCount = 0
aFCSErrorCount = 0
aTransmittedFrameCount = 669
aTransmittedAMSDUCount = 0
aFailedAMSDUCount = 0
aRetryAMSDUCount = 0
aTransmittedOctetsInAMSDUCount = 0
aAMSDUAckFailureCount = 0
aReceivedAMSDUCount = 0
aReceivedOctetsInAMSDUCount = 0
aTransmittedAMPDUCount = 0
aTransmittedMPDUsInAMPDUCount = 0
aTransmittedOctetsInAMPDUCount = 0
aAMPDUReceivedCount = 0
aMPDUInReceivedAMPDUCount = 0
aReceivedOctetsInAMPDUCount = 0
aAMPDUDelimiterCRCErrorCount = 0
aExplicitBARFailureCount = 0
aChannelWidthSwitchCount = 0
aTwentyMHzFrameTransmittedCount = 6164
aFortyMHzFrameTransmittedCount = 0
aTwentyMHzFrameReceivedCount = 32143
aFortyMHzFrameReceivedCount = 0

====== MIB Counters (27.000 sec) ======
aFailedCount = 734
aRetryCount = 185
aFrameDuplicateCount = 0
aRTSSuccessCount = 0
aRTSFailureCount = 0
aACKFailureCount = 0
aFCSErrorCount = 0
aTransmittedFrameCount = 669
aTransmittedAMSDUCount = 0
aFailedAMSDUCount = 0
aRetryAMSDUCount = 0
aTransmittedOctetsInAMSDUCount = 0
aAMSDUAckFailureCount = 0
aReceivedAMSDUCount = 0
aReceivedOctetsInAMSDUCount = 0
aTransmittedAMPDUCount = 0
aTransmittedMPDUsInAMPDUCount = 0
aTransmittedOctetsInAMPDUCount = 0
aAMPDUReceivedCount = 0
aMPDUInReceivedAMPDUCount = 0
aReceivedOctetsInAMPDUCount = 0
aAMPDUDelimiterCRCErrorCount = 0
aExplicitBARFailureCount = 0
aChannelWidthSwitchCount = 0
aTwentyMHzFrameTransmittedCount = 6410
aFortyMHzFrameTransmittedCount = 0
aTwentyMHzFrameReceivedCount = 33401
aFortyMHzFrameReceivedCount = 0

====== MIB Counters (28.000 sec) ======
aFailedCount = 772
aRetryCount = 185
aFrameDuplicateCount = 0
aRTSSuccessCount = 0
aRTSFailureCount = 0
aACKFailureCount = 0
aFCSErrorCount = 0
aTransmittedFrameCount = 669
aTransmittedAMSDUCount = 0
aFailedAMSDUCount = 0
aRetryAMSDUCount = 0
aTransmittedOctetsInAMSDUCount = 0
aAMSDUAckFailureCount = 0
aReceivedAMSDUCount = 0
aReceivedOctetsInAMSDUCount = 0
aTransmittedAMPDUCount = 0
aTransmittedMPDUsInAMPDUCount = 0
aTransmittedOctetsInAMPDUCount = 0
aAMPDUReceivedCount = 0
aMPDUInReceivedAMPDUCount = 0
aReceivedOctetsInAMPDUCount = 0
aAMPDUDelimiterCRCErrorCount = 0
aExplicitBARFailureCount = 0
aChannelWidthSwitchCount = 0
aTwentyMHzFrameTransmittedCount = 6672
aFortyMHzFrameTransmittedCount = 0
aTwentyMHzFrameReceivedCount = 34635
aFortyMHzFrameReceivedCount = 0

====== MIB Counters (29.000 sec) ======
aFailedCount = 807
aRetryCount = 185
aFrameDuplicateCount = 0
aRTSSuccessCount = 0
aRTSFailureCount = 0
aACKFailureCount = 0
aFCSErrorCount = 0
aTransmittedFrameCount = 669
aTransmittedAMSDUCount = 0
aFailedAMSDUCount = 0
aRetryAMSDUCount = 0
aTransmittedOctetsInAMSDUCount = 0
aAMSDUAckFailureCount = 0
aReceivedAMSDUCount = 0
aReceivedOctetsInAMSDUCount = 0
aTransmittedAMPDUCount = 0
aTransmittedMPDUsInAMPDUCount = 0
aTransmittedOctetsInAMPDUCount = 0
aAMPDUReceivedCount = 0
aMPDUInReceivedAMPDUCount = 0
aReceivedOctetsInAMPDUCount = 0
aAMPDUDelimiterCRCErrorCount = 0
aExplicitBARFailureCount = 0
aChannelWidthSwitchCount = 0
aTwentyMHzFrameTransmittedCount = 6921
aFortyMHzFrameTransmittedCount = 0
aTwentyMHzFrameReceivedCount = 35963
aFortyMHzFrameReceivedCount = 0

====== MIB Counters (30.000 sec) ======
aFailedCount = 822
aRetryCount = 201
aFrameDuplicateCount = 0
aRTSSuccessCount = 0
aRTSFailureCount = 0
aACKFailureCount = 0
aFCSErrorCount = 0
aTransmittedFrameCount = 954
aTransmittedAMSDUCount = 0
aFailedAMSDUCount = 0
aRetryAMSDUCount = 0
aTransmittedOctetsInAMSDUCount = 0
aAMSDUAckFailureCount = 0
aReceivedAMSDUCount = 0
aReceivedOctetsInAMSDUCount = 0
aTransmittedAMPDUCount = 0
aTransmittedMPDUsInAMPDUCount = 0
aTransmittedOctetsInAMPDUCount = 0
aAMPDUReceivedCount = 0
aMPDUInReceivedAMPDUCount = 0
aReceivedOctetsInAMPDUCount = 0
aAMPDUDelimiterCRCErrorCount = 0
aExplicitBARFailureCount = 0
aChannelWidthSwitchCount = 0
aTwentyMHzFrameTransmittedCount = 7359
aFortyMHzFrameTransmittedCount = 0
aTwentyMHzFrameReceivedCount = 37054
aFortyMHzFrameReceivedCount = 0

====== MIB Counters (31.000 sec) ======
aFailedCount = 840
aRetryCount = 227
aFrameDuplicateCount = 0
aRTSSuccessCount = 0
aRTSFailureCount = 0
aACKFailureCount = 0
aFCSErrorCount = 0
aTransmittedFrameCount = 1141
aTransmittedAMSDUCount = 0
aFailedAMSDUCount = 0
aRetryAMSDUCount = 0
aTransmittedOctetsInAMSDUCount = 0
aAMSDUAckFailureCount = 0
aReceivedAMSDUCount = 0
aReceivedOctetsInAMSDUCount = 0
aTransmittedAMPDUCount = 0
aTransmittedMPDUsInAMPDUCount = 0
aTransmittedOctetsInAMPDUCount = 0
aAMPDUReceivedCount = 0
aMPDUInReceivedAMPDUCount = 0
aReceivedOctetsInAMPDUCount = 0
aAMPDUDelimiterCRCErrorCount = 0
aExplicitBARFailureCount = 0
aChannelWidthSwitchCount = 0
aTwentyMHzFrameTransmittedCount = 7747
aFortyMHzFrameTransmittedCount = 0
aTwentyMHzFrameReceivedCount = 38460
aFortyMHzFrameReceivedCount = 0

====== MIB Counters (32.000 sec) ======
aFailedCount = 857
aRetryCount = 250
aFrameDuplicateCount = 0
aRTSSuccessCount = 0
aRTSFailureCount = 0
aACKFailureCount = 0
aFCSErrorCount = 0
aTransmittedFrameCount = 1379
aTransmittedAMSDUCount = 0
aFailedAMSDUCount = 0
aRetryAMSDUCount = 0
aTransmittedOctetsInAMSDUCount = 0
aAMSDUAckFailureCount = 0
aReceivedAMSDUCount = 0
aReceivedOctetsInAMSDUCount = 0
aTransmittedAMPDUCount = 0
aTransmittedMPDUsInAMPDUCount = 0
aTransmittedOctetsInAMPDUCount = 0
aAMPDUReceivedCount = 0
aMPDUInReceivedAMPDUCount = 0
aReceivedOctetsInAMPDUCount = 0
aAMPDUDelimiterCRCErrorCount = 0
aExplicitBARFailureCount = 0
aChannelWidthSwitchCount = 0
aTwentyMHzFrameTransmittedCount = 8148
aFortyMHzFrameTransmittedCount = 0
aTwentyMHzFrameReceivedCount = 39686
aFortyMHzFrameReceivedCount = 0

====== MIB Counters (33.000 sec) ======
aFailedCount = 879
aRetryCount = 277
aFrameDuplicateCount = 0
aRTSSuccessCount = 0
aRTSFailureCount = 0
aACKFailureCount = 0
aFCSErrorCount = 0
aTransmittedFrameCount = 1483
aTransmittedAMSDUCount = 0
aFailedAMSDUCount = 0
aRetryAMSDUCount = 0
aTransmittedOctetsInAMSDUCount = 0
aAMSDUAckFailureCount = 0
aReceivedAMSDUCount = 0
aReceivedOctetsInAMSDUCount = 0
aTransmittedAMPDUCount = 0
aTransmittedMPDUsInAMPDUCount = 0
aTransmittedOctetsInAMPDUCount = 0
aAMPDUReceivedCount = 0
aMPDUInReceivedAMPDUCount = 0
aReceivedOctetsInAMPDUCount = 0
aAMPDUDelimiterCRCErrorCount = 0
aExplicitBARFailureCount = 0
aChannelWidthSwitchCount = 0
aTwentyMHzFrameTransmittedCount = 8476
aFortyMHzFrameTransmittedCount = 0
aTwentyMHzFrameReceivedCount = 40976
aFortyMHzFrameReceivedCount = 0

====== MIB Counters (34.000 sec) ======
aFailedCount = 891
aRetryCount = 294
aFrameDuplicateCount = 0
aRTSSuccessCount = 0
aRTSFailureCount = 0
aACKFailureCount = 0
aFCSErrorCount = 0
aTransmittedFrameCount = 1795
aTransmittedAMSDUCount = 0
aFailedAMSDUCount = 0
aRetryAMSDUCount = 0
aTransmittedOctetsInAMSDUCount = 0
aAMSDUAckFailureCount = 0
aReceivedAMSDUCount = 0
aReceivedOctetsInAMSDUCount = 0
aTransmittedAMPDUCount = 0
aTransmittedMPDUsInAMPDUCount = 0
aTransmittedOctetsInAMPDUCount = 0
aAMPDUReceivedCount = 0
aMPDUInReceivedAMPDUCount = 0
aReceivedOctetsInAMPDUCount = 0
aAMPDUDelimiterCRCErrorCount = 0
aExplicitBARFailureCount = 0
aChannelWidthSwitchCount = 0
aTwentyMHzFrameTransmittedCount = 8928
aFortyMHzFrameTransmittedCount = 0
aTwentyMHzFrameReceivedCount = 42147
aFortyMHzFrameReceivedCount = 0

====== MIB Counters (35.000 sec) ======
aFailedCount = 907
aRetryCount = 320
aFrameDuplicateCount = 0
aRTSSuccessCount = 0
aRTSFailureCount = 0
aACKFailureCount = 0
aFCSErrorCount = 0
aTransmittedFrameCount = 1976
aTransmittedAMSDUCount = 0
aFailedAMSDUCount = 0
aRetryAMSDUCount = 0
aTransmittedOctetsInAMSDUCount = 0
aAMSDUAckFailureCount = 0
aReceivedAMSDUCount = 0
aReceivedOctetsInAMSDUCount = 0
aTransmittedAMPDUCount = 0
aTransmittedMPDUsInAMPDUCount = 0
aTransmittedOctetsInAMPDUCount = 0
aAMPDUReceivedCount = 0
aMPDUInReceivedAMPDUCount = 0
aReceivedOctetsInAMPDUCount = 0
aAMPDUDelimiterCRCErrorCount = 0
aExplicitBARFailureCount = 0
aChannelWidthSwitchCount = 0
aTwentyMHzFrameTransmittedCount = 9289
aFortyMHzFrameTransmittedCount = 0
aTwentyMHzFrameReceivedCount = 43371
aFortyMHzFrameReceivedCount = 0

====== MIB Counters (36.000 sec) ======
aFailedCount = 929
aRetryCount = 342
aFrameDuplicateCount = 0
aRTSSuccessCount = 0
aRTSFailureCount = 0
aACKFailureCount = 0
aFCSErrorCount = 0
aTransmittedFrameCount = 2100
aTransmittedAMSDUCount = 0
aFailedAMSDUCount = 0
aRetryAMSDUCount = 0
aTransmittedOctetsInAMSDUCount = 0
aAMSDUAckFailureCount = 0
aReceivedAMSDUCount = 0
aReceivedOctetsInAMSDUCount = 0
aTransmittedAMPDUCount = 0
aTransmittedMPDUsInAMPDUCount = 0
aTransmittedOctetsInAMPDUCount = 0
aAMPDUReceivedCount = 0
aMPDUInReceivedAMPDUCount = 0
aReceivedOctetsInAMPDUCount = 0
aAMPDUDelimiterCRCErrorCount = 0
aExplicitBARFailureCount = 0
aChannelWidthSwitchCount = 0
aTwentyMHzFrameTransmittedCount = 9626
aFortyMHzFrameTransmittedCount = 0
aTwentyMHzFrameReceivedCount = 44595
aFortyMHzFrameReceivedCount = 0

====== MIB Counters (37.000 sec) ======
aFailedCount = 952
aRetryCount = 366
aFrameDuplicateCount = 0
aRTSSuccessCount = 0
aRTSFailureCount = 0
aACKFailureCount = 0
aFCSErrorCount = 0
aTransmittedFrameCount = 2172
aTransmittedAMSDUCount = 0
aFailedAMSDUCount = 0
aRetryAMSDUCount = 0
aTransmittedOctetsInAMSDUCount = 0
aAMSDUAckFailureCount = 0
aReceivedAMSDUCount = 0
aReceivedOctetsInAMSDUCount = 0
aTransmittedAMPDUCount = 0
aTransmittedMPDUsInAMPDUCount = 0
aTransmittedOctetsInAMPDUCount = 0
aAMPDUReceivedCount = 0
aMPDUInReceivedAMPDUCount = 0
aReceivedOctetsInAMPDUCount = 0
aAMPDUDelimiterCRCErrorCount = 0
aExplicitBARFailureCount = 0
aChannelWidthSwitchCount = 0
aTwentyMHzFrameTransmittedCount = 9927
aFortyMHzFrameTransmittedCount = 0
aTwentyMHzFrameReceivedCount = 45811
aFortyMHzFrameReceivedCount = 0

====== MIB Counters (38.000 sec) ======
aFailedCount = 972
aRetryCount = 383
aFrameDuplicateCount = 0
aRTSSuccessCount = 0
aRTSFailureCount = 0
aACKFailureCount = 0
aFCSErrorCount = 0
aTransmittedFrameCount = 2269
aTransmittedAMSDUCount = 0
aFailedAMSDUCount = 0
aRetryAMSDUCount = 0
aTransmittedOctetsInAMSDUCount = 0
aAMSDUAckFailureCount = 0
aReceivedAMSDUCount = 0
aReceivedOctetsInAMSDUCount = 0
aTransmittedAMPDUCount = 0
aTransmittedMPDUsInAMPDUCount = 0
aTransmittedOctetsInAMPDUCount = 0
aAMPDUReceivedCount = 0
aMPDUInReceivedAMPDUCount = 0
aReceivedOctetsInAMPDUCount = 0
aAMPDUDelimiterCRCErrorCount = 0
aExplicitBARFailureCount = 0
aChannelWidthSwitchCount = 0
aTwentyMHzFrameTransmittedCount = 10222
aFortyMHzFrameTransmittedCount = 0
aTwentyMHzFrameReceivedCount = 47152
aFortyMHzFrameReceivedCount = 0

====== MIB Counters (39.000 sec) ======
aFailedCount = 980
aRetryCount = 429
aFrameDuplicateCount = 0
aRTSSuccessCount = 0
aRTSFailureCount = 0
aACKFailureCount = 0
aFCSErrorCount = 0
aTransmittedFrameCount = 2490
aTransmittedAMSDUCount = 0
aFailedAMSDUCount = 0
aRetryAMSDUCount = 0
aTransmittedOctetsInAMSDUCount = 0
aAMSDUAckFailureCount = 0
aReceivedAMSDUCount = 0
aReceivedOctetsInAMSDUCount = 0
aTransmittedAMPDUCount = 0
aTransmittedMPDUsInAMPDUCount = 0
aTransmittedOctetsInAMPDUCount = 0
aAMPDUReceivedCount = 0
aMPDUInReceivedAMPDUCount = 0
aReceivedOctetsInAMPDUCount = 0
aAMPDUDelimiterCRCErrorCount = 0
aExplicitBARFailureCount = 0
aChannelWidthSwitchCount = 0
aTwentyMHzFrameTransmittedCount = 10625
aFortyMHzFrameTransmittedCount = 0
aTwentyMHzFrameReceivedCount = 48587
aFortyMHzFrameReceivedCount = 0

====== MIB Counters (40.000 sec) ======
aFailedCount = 999
aRetryCount = 451
aFrameDuplicateCount = 0
aRTSSuccessCount = 0
aRTSFailureCount = 0
aACKFailureCount = 0
aFCSErrorCount = 0
aTransmittedFrameCount = 2570
aTransmittedAMSDUCount = 0
aFailedAMSDUCount = 0
aRetryAMSDUCount = 0
aTransmittedOctetsInAMSDUCount = 0
aAMSDUAckFailureCount = 0
aReceivedAMSDUCount = 0
aReceivedOctetsInAMSDUCount = 0
aTransmittedAMPDUCount = 0
aTransmittedMPDUsInAMPDUCount = 0
aTransmittedOctetsInAMPDUCount = 0
aAMPDUReceivedCount = 0
aMPDUInReceivedAMPDUCount = 0
aReceivedOctetsInAMPDUCount = 0
aAMPDUDelimiterCRCErrorCount = 0
aExplicitBARFailureCount = 0
aChannelWidthSwitchCount = 0
aTwentyMHzFrameTransmittedCount = 10906
aFortyMHzFrameTransmittedCount = 0
aTwentyMHzFrameReceivedCount = 49633
aFortyMHzFrameReceivedCount = 0

====== MIB Counters (41.000 sec) ======
aFailedCount = 1014
aRetryCount = 463
aFrameDuplicateCount = 0
aRTSSuccessCount = 0
aRTSFailureCount = 0
aACKFailureCount = 0
aFCSErrorCount = 0
aTransmittedFrameCount = 2591
aTransmittedAMSDUCount = 0
aFailedAMSDUCount = 0
aRetryAMSDUCount = 0
aTransmittedOctetsInAMSDUCount = 0
aAMSDUAckFailureCount = 0
aReceivedAMSDUCount = 0
aReceivedOctetsInAMSDUCount = 0
aTransmittedAMPDUCount = 0
aTransmittedMPDUsInAMPDUCount = 0
aTransmittedOctetsInAMPDUCount = 0
aAMPDUReceivedCount = 0
aMPDUInReceivedAMPDUCount = 0
aReceivedOctetsInAMPDUCount = 0
aAMPDUDelimiterCRCErrorCount = 0
aExplicitBARFailureCount = 0
aChannelWidthSwitchCount = 0
aTwentyMHzFrameTransmittedCount = 11069
aFortyMHzFrameTransmittedCount = 0
aTwentyMHzFrameReceivedCount = 50586
aFortyMHzFrameReceivedCount = 0

====== MIB Counters (42.000 sec) ======
aFailedCount = 1032
aRetryCount = 479
aFrameDuplicateCount = 0
aRTSSuccessCount = 0
aRTSFailureCount = 0
aACKFailureCount = 0
aFCSErrorCount = 0
aTransmittedFrameCount = 2617
aTransmittedAMSDUCount = 0
aFailedAMSDUCount = 0
aRetryAMSDUCount = 0
aTransmittedOctetsInAMSDUCount = 0
aAMSDUAckFailureCount = 0
aReceivedAMSDUCount = 0
aReceivedOctetsInAMSDUCount = 0
aTransmittedAMPDUCount = 0
aTransmittedMPDUsInAMPDUCount = 0
aTransmittedOctetsInAMPDUCount = 0
aAMPDUReceivedCount = 0
aMPDUInReceivedAMPDUCount = 0
aReceivedOctetsInAMPDUCount = 0
aAMPDUDelimiterCRCErrorCount = 0
aExplicitBARFailureCount = 0
aChannelWidthSwitchCount = 0
aTwentyMHzFrameTransmittedCount = 11258
aFortyMHzFrameTransmittedCount = 0
aTwentyMHzFrameReceivedCount = 51465
aFortyMHzFrameReceivedCount = 0

====== MIB Counters (43.000 sec) ======
aFailedCount = 1041
aRetryCount = 515
aFrameDuplicateCount = 0
aRTSSuccessCount = 0
aRTSFailureCount = 0
aACKFailureCount = 0
aFCSErrorCount = 0
aTransmittedFrameCount = 2697
aTransmittedAMSDUCount = 0
aFailedAMSDUCount = 0
aRetryAMSDUCount = 0
aTransmittedOctetsInAMSDUCount = 0
aAMSDUAckFailureCount = 0
aReceivedAMSDUCount = 0
aReceivedOctetsInAMSDUCount = 0
aTransmittedAMPDUCount = 0
aTransmittedMPDUsInAMPDUCount = 0
aTransmittedOctetsInAMPDUCount = 0
aAMPDUReceivedCount = 0
aMPDUInReceivedAMPDUCount = 0
aReceivedOctetsInAMPDUCount = 0
aAMPDUDelimiterCRCErrorCount = 0
aExplicitBARFailureCount = 0
aChannelWidthSwitchCount = 0
aTwentyMHzFrameTransmittedCount = 11501
aFortyMHzFrameTransmittedCount = 0
aTwentyMHzFrameReceivedCount = 52764
aFortyMHzFrameReceivedCount = 0

====== MIB Counters (44.000 sec) ======
aFailedCount = 1046
aRetryCount = 555
aFrameDuplicateCount = 0
aRTSSuccessCount = 0
aRTSFailureCount = 0
aACKFailureCount = 0
aFCSErrorCount = 0
aTransmittedFrameCount = 2868
aTransmittedAMSDUCount = 0
aFailedAMSDUCount = 0
aRetryAMSDUCount = 0
aTransmittedOctetsInAMSDUCount = 0
aAMSDUAckFailureCount = 0
aReceivedAMSDUCount = 0
aReceivedOctetsInAMSDUCount = 0
aTransmittedAMPDUCount = 0
aTransmittedMPDUsInAMPDUCount = 0
aTransmittedOctetsInAMPDUCount = 0
aAMPDUReceivedCount = 0
aMPDUInReceivedAMPDUCount = 0
aReceivedOctetsInAMPDUCount = 0
aAMPDUDelimiterCRCErrorCount = 0
aExplicitBARFailureCount = 0
aChannelWidthSwitchCount = 0
aTwentyMHzFrameTransmittedCount = 11801
aFortyMHzFrameTransmittedCount = 0
aTwentyMHzFrameReceivedCount = 53667
aFortyMHzFrameReceivedCount = 0

====== MIB Counters (45.000 sec) ======
aFailedCount = 1047
aRetryCount = 561
aFrameDuplicateCount = 0
aRTSSuccessCount = 0
aRTSFailureCount = 0
aACKFailureCount = 0
aFCSErrorCount = 0
aTransmittedFrameCount = 3201
aTransmittedAMSDUCount = 0
aFailedAMSDUCount = 0
aRetryAMSDUCount = 0
aTransmittedOctetsInAMSDUCount = 0
aAMSDUAckFailureCount = 0
aReceivedAMSDUCount = 0
aReceivedOctetsInAMSDUCount = 0
aTransmittedAMPDUCount = 0
aTransmittedMPDUsInAMPDUCount = 0
aTransmittedOctetsInAMPDUCount = 0
aAMPDUReceivedCount = 0
aMPDUInReceivedAMPDUCount = 0
aReceivedOctetsInAMPDUCount = 0
aAMPDUDelimiterCRCErrorCount = 0
aExplicitBARFailureCount = 0
aChannelWidthSwitchCount = 0
aTwentyMHzFrameTransmittedCount = 12152
aFortyMHzFrameTransmittedCount = 0
aTwentyMHzFrameReceivedCount = 54678
aFortyMHzFrameReceivedCount = 0

====== MIB Counters (46.000 sec) ======
aFailedCount = 1047
aRetryCount = 563
aFrameDuplicateCount = 0
aRTSSuccessCount = 0
aRTSFailureCount = 0
aACKFailureCount = 0
aFCSErrorCount = 0
aTransmittedFrameCount = 3596
aTransmittedAMSDUCount = 0
aFailedAMSDUCount = 0
aRetryAMSDUCount = 0
aTransmittedOctetsInAMSDUCount = 0
aAMSDUAckFailureCount = 0
aReceivedAMSDUCount = 0
aReceivedOctetsInAMSDUCount = 0
aTransmittedAMPDUCount = 0
aTransmittedMPDUsInAMPDUCount = 0
aTransmittedOctetsInAMPDUCount = 0
aAMPDUReceivedCount = 0
aMPDUInReceivedAMPDUCount = 0
aReceivedOctetsInAMPDUCount = 0
aAMPDUDelimiterCRCErrorCount = 0
aExplicitBARFailureCount = 0
aChannelWidthSwitchCount = 0
aTwentyMHzFrameTransmittedCount = 12550
aFortyMHzFrameTransmittedCount = 0
aTwentyMHzFrameReceivedCount = 55633
aFortyMHzFrameReceivedCount = 0

====== MIB Counters (47.000 sec) ======
aFailedCount = 1049
aRetryCount = 567
aFrameDuplicateCount = 0
aRTSSuccessCount = 0
aRTSFailureCount = 0
aACKFailureCount = 0
aFCSErrorCount = 0
aTransmittedFrameCount = 3803
aTransmittedAMSDUCount = 0
aFailedAMSDUCount = 0
aRetryAMSDUCount = 0
aTransmittedOctetsInAMSDUCount = 0
aAMSDUAckFailureCount = 0
aReceivedAMSDUCount = 0
aReceivedOctetsInAMSDUCount = 0
aTransmittedAMPDUCount = 0
aTransmittedMPDUsInAMPDUCount = 0
aTransmittedOctetsInAMPDUCount = 0
aAMPDUReceivedCount = 0
aMPDUInReceivedAMPDUCount = 0
aReceivedOctetsInAMPDUCount = 0
aAMPDUDelimiterCRCErrorCount = 0
aExplicitBARFailureCount = 0
aChannelWidthSwitchCount = 0
aTwentyMHzFrameTransmittedCount = 12780
aFortyMHzFrameTransmittedCount = 0
aTwentyMHzFrameReceivedCount = 57113
aFortyMHzFrameReceivedCount = 0

====== MIB Counters (48.000 sec) ======
aFailedCount = 1049
aRetryCount = 572
aFrameDuplicateCount = 0
aRTSSuccessCount = 0
aRTSFailureCount = 0
aACKFailureCount = 0
aFCSErrorCount = 0
aTransmittedFrameCount = 4095
aTransmittedAMSDUCount = 0
aFailedAMSDUCount = 0
aRetryAMSDUCount = 0
aTransmittedOctetsInAMSDUCount = 0
aAMSDUAckFailureCount = 0
aReceivedAMSDUCount = 0
aReceivedOctetsInAMSDUCount = 0
aTransmittedAMPDUCount = 0
aTransmittedMPDUsInAMPDUCount = 0
aTransmittedOctetsInAMPDUCount = 0
aAMPDUReceivedCount = 0
aMPDUInReceivedAMPDUCount = 0
aReceivedOctetsInAMPDUCount = 0
aAMPDUDelimiterCRCErrorCount = 0
aExplicitBARFailureCount = 0
aChannelWidthSwitchCount = 0
aTwentyMHzFrameTransmittedCount = 13082
aFortyMHzFrameTransmittedCount = 0
aTwentyMHzFrameReceivedCount = 58656
aFortyMHzFrameReceivedCount = 0

====== MIB Counters (49.000 sec) ======
aFailedCount = 1049
aRetryCount = 591
aFrameDuplicateCount = 0
aRTSSuccessCount = 0
aRTSFailureCount = 0
aACKFailureCount = 0
aFCSErrorCount = 0
aTransmittedFrameCount = 4394
aTransmittedAMSDUCount = 0
aFailedAMSDUCount = 0
aRetryAMSDUCount = 0
aTransmittedOctetsInAMSDUCount = 0
aAMSDUAckFailureCount = 0
aReceivedAMSDUCount = 0
aReceivedOctetsInAMSDUCount = 0
aTransmittedAMPDUCount = 0
aTransmittedMPDUsInAMPDUCount = 0
aTransmittedOctetsInAMPDUCount = 0
aAMPDUReceivedCount = 0
aMPDUInReceivedAMPDUCount = 0
aReceivedOctetsInAMPDUCount = 0
aAMPDUDelimiterCRCErrorCount = 0
aExplicitBARFailureCount = 0
aChannelWidthSwitchCount = 0
aTwentyMHzFrameTransmittedCount = 13424
aFortyMHzFrameTransmittedCount = 0
aTwentyMHzFrameReceivedCount = 60282
aFortyMHzFrameReceivedCount = 0

====== MIB Counters (50.000 sec) ======
aFailedCount = 1050
aRetryCount = 600
aFrameDuplicateCount = 0
aRTSSuccessCount = 0
aRTSFailureCount = 0
aACKFailureCount = 0
aFCSErrorCount = 0
aTransmittedFrameCount = 4649
aTransmittedAMSDUCount = 0
aFailedAMSDUCount = 0
aRetryAMSDUCount = 0
aTransmittedOctetsInAMSDUCount = 0
aAMSDUAckFailureCount = 0
aReceivedAMSDUCount = 0
aReceivedOctetsInAMSDUCount = 0
aTransmittedAMPDUCount = 0
aTransmittedMPDUsInAMPDUCount = 0
aTransmittedOctetsInAMPDUCount = 0
aAMPDUReceivedCount = 0
aMPDUInReceivedAMPDUCount = 0
aReceivedOctetsInAMPDUCount = 0
aAMPDUDelimiterCRCErrorCount = 0
aExplicitBARFailureCount = 0
aChannelWidthSwitchCount = 0
aTwentyMHzFrameTransmittedCount = 13705
aFortyMHzFrameTransmittedCount = 0
aTwentyMHzFrameReceivedCount = 61659
aFortyMHzFrameReceivedCount = 0

====== MIB Counters (51.000 sec) ======
aFailedCount = 1052
aRetryCount = 635
aFrameDuplicateCount = 0
aRTSSuccessCount = 0
aRTSFailureCount = 0
aACKFailureCount = 0
aFCSErrorCount = 0
aTransmittedFrameCount = 4863
aTransmittedAMSDUCount = 0
aFailedAMSDUCount = 0
aRetryAMSDUCount = 0
aTransmittedOctetsInAMSDUCount = 0
aAMSDUAckFailureCount = 0
aReceivedAMSDUCount = 0
aReceivedOctetsInAMSDUCount = 0
aTransmittedAMPDUCount = 0
aTransmittedMPDUsInAMPDUCount = 0
aTransmittedOctetsInAMPDUCount = 0
aAMPDUReceivedCount = 0
aMPDUInReceivedAMPDUCount = 0
aReceivedOctetsInAMPDUCount = 0
aAMPDUDelimiterCRCErrorCount = 0
aExplicitBARFailureCount = 0
aChannelWidthSwitchCount = 0
aTwentyMHzFrameTransmittedCount = 13991
aFortyMHzFrameTransmittedCount = 0
aTwentyMHzFrameReceivedCount = 63048
aFortyMHzFrameReceivedCount = 0

====== MIB Counters (52.000 sec) ======
aFailedCount = 1052
aRetryCount = 642
aFrameDuplicateCount = 0
aRTSSuccessCount = 0
aRTSFailureCount = 0
aACKFailureCount = 0
aFCSErrorCount = 0
aTransmittedFrameCount = 5183
aTransmittedAMSDUCount = 0
aFailedAMSDUCount = 0
aRetryAMSDUCount = 0
aTransmittedOctetsInAMSDUCount = 0
aAMSDUAckFailureCount = 0
aReceivedAMSDUCount = 0
aReceivedOctetsInAMSDUCount = 0
aTransmittedAMPDUCount = 0
aTransmittedMPDUsInAMPDUCount = 0
aTransmittedOctetsInAMPDUCount = 0
aAMPDUReceivedCount = 0
aMPDUInReceivedAMPDUCount = 0
aReceivedOctetsInAMPDUCount = 0
aAMPDUDelimiterCRCErrorCount = 0
aExplicitBARFailureCount = 0
aChannelWidthSwitchCount = 0
aTwentyMHzFrameTransmittedCount = 14325
aFortyMHzFrameTransmittedCount = 0
aTwentyMHzFrameReceivedCount = 64339
aFortyMHzFrameReceivedCount = 0

====== MIB Counters (53.000 sec) ======
aFailedCount = 1052
aRetryCount = 668
aFrameDuplicateCount = 0
aRTSSuccessCount = 0
aRTSFailureCount = 0
aACKFailureCount = 0
aFCSErrorCount = 0
aTransmittedFrameCount = 5402
aTransmittedAMSDUCount = 0
aFailedAMSDUCount = 0
aRetryAMSDUCount = 0
aTransmittedOctetsInAMSDUCount = 0
aAMSDUAckFailureCount = 0
aReceivedAMSDUCount = 0
aReceivedOctetsInAMSDUCount = 0
aTransmittedAMPDUCount = 0
aTransmittedMPDUsInAMPDUCount = 0
aTransmittedOctetsInAMPDUCount = 0
aAMPDUReceivedCount = 0
aMPDUInReceivedAMPDUCount = 0
aReceivedOctetsInAMPDUCount = 0
aAMPDUDelimiterCRCErrorCount = 0
aExplicitBARFailureCount = 0
aChannelWidthSwitchCount = 0
aTwentyMHzFrameTransmittedCount = 14605
aFortyMHzFrameTransmittedCount = 0
aTwentyMHzFrameReceivedCount = 65840
aFortyMHzFrameReceivedCount = 0

====== MIB Counters (54.000 sec) ======
aFailedCount = 1053
aRetryCount = 680
aFrameDuplicateCount = 0
aRTSSuccessCount = 0
aRTSFailureCount = 0
aACKFailureCount = 0
aFCSErrorCount = 0
aTransmittedFrameCount = 5673
aTransmittedAMSDUCount = 0
aFailedAMSDUCount = 0
aRetryAMSDUCount = 0
aTransmittedOctetsInAMSDUCount = 0
aAMSDUAckFailureCount = 0
aReceivedAMSDUCount = 0
aReceivedOctetsInAMSDUCount = 0
aTransmittedAMPDUCount = 0
aTransmittedMPDUsInAMPDUCount = 0
aTransmittedOctetsInAMPDUCount = 0
aAMPDUReceivedCount = 0
aMPDUInReceivedAMPDUCount = 0
aReceivedOctetsInAMPDUCount = 0
aAMPDUDelimiterCRCErrorCount = 0
aExplicitBARFailureCount = 0
aChannelWidthSwitchCount = 0
aTwentyMHzFrameTransmittedCount = 14912
aFortyMHzFrameTransmittedCount = 0
aTwentyMHzFrameReceivedCount = 67012
aFortyMHzFrameReceivedCount = 0

====== MIB Counters (55.000 sec) ======
aFailedCount = 1053
aRetryCount = 685
aFrameDuplicateCount = 0
aRTSSuccessCount = 0
aRTSFailureCount = 0
aACKFailureCount = 0
aFCSErrorCount = 0
aTransmittedFrameCount = 5987
aTransmittedAMSDUCount = 0
aFailedAMSDUCount = 0
aRetryAMSDUCount = 0
aTransmittedOctetsInAMSDUCount = 0
aAMSDUAckFailureCount = 0
aReceivedAMSDUCount = 0
aReceivedOctetsInAMSDUCount = 0
aTransmittedAMPDUCount = 0
aTransmittedMPDUsInAMPDUCount = 0
aTransmittedOctetsInAMPDUCount = 0
aAMPDUReceivedCount = 0
aMPDUInReceivedAMPDUCount = 0
aReceivedOctetsInAMPDUCount = 0
aAMPDUDelimiterCRCErrorCount = 0
aExplicitBARFailureCount = 0
aChannelWidthSwitchCount = 0
aTwentyMHzFrameTransmittedCount = 15231
aFortyMHzFrameTransmittedCount = 0
aTwentyMHzFrameReceivedCount = 68233
aFortyMHzFrameReceivedCount = 0

====== MIB Counters (56.000 sec) ======
aFailedCount = 1053
aRetryCount = 703
aFrameDuplicateCount = 0
aRTSSuccessCount = 0
aRTSFailureCount = 0
aACKFailureCount = 0
aFCSErrorCount = 0
aTransmittedFrameCount = 6277
aTransmittedAMSDUCount = 0
aFailedAMSDUCount = 0
aRetryAMSDUCount = 0
aTransmittedOctetsInAMSDUCount = 0
aAMSDUAckFailureCount = 0
aReceivedAMSDUCount = 0
aReceivedOctetsInAMSDUCount = 0
aTransmittedAMPDUCount = 0
aTransmittedMPDUsInAMPDUCount = 0
aTransmittedOctetsInAMPDUCount = 0
aAMPDUReceivedCount = 0
aMPDUInReceivedAMPDUCount = 0
aReceivedOctetsInAMPDUCount = 0
aAMPDUDelimiterCRCErrorCount = 0
aExplicitBARFailureCount = 0
aChannelWidthSwitchCount = 0
aTwentyMHzFrameTransmittedCount = 15560
aFortyMHzFrameTransmittedCount = 0
aTwentyMHzFrameReceivedCount = 69525
aFortyMHzFrameReceivedCount = 0

====== MIB Counters (57.000 sec) ======
aFailedCount = 1055
aRetryCount = 719
aFrameDuplicateCount = 0
aRTSSuccessCount = 0
aRTSFailureCount = 0
aACKFailureCount = 0
aFCSErrorCount = 0
aTransmittedFrameCount = 6508
aTransmittedAMSDUCount = 0
aFailedAMSDUCount = 0
aRetryAMSDUCount = 0
aTransmittedOctetsInAMSDUCount = 0
aAMSDUAckFailureCount = 0
aReceivedAMSDUCount = 0
aReceivedOctetsInAMSDUCount = 0
aTransmittedAMPDUCount = 0
aTransmittedMPDUsInAMPDUCount = 0
aTransmittedOctetsInAMPDUCount = 0
aAMPDUReceivedCount = 0
aMPDUInReceivedAMPDUCount = 0
aReceivedOctetsInAMPDUCount = 0
aAMPDUDelimiterCRCErrorCount = 0
aExplicitBARFailureCount = 0
aChannelWidthSwitchCount = 0
aTwentyMHzFrameTransmittedCount = 15840
aFortyMHzFrameTransmittedCount = 0
aTwentyMHzFrameReceivedCount = 70892
aFortyMHzFrameReceivedCount = 0

====== MIB Counters (58.000 sec) ======
aFailedCount = 1058
aRetryCount = 736
aFrameDuplicateCount = 0
aRTSSuccessCount = 0
aRTSFailureCount = 0
aACKFailureCount = 0
aFCSErrorCount = 0
aTransmittedFrameCount = 6676
aTransmittedAMSDUCount = 0
aFailedAMSDUCount = 0
aRetryAMSDUCount = 0
aTransmittedOctetsInAMSDUCount = 0
aAMSDUAckFailureCount = 0
aReceivedAMSDUCount = 0
aReceivedOctetsInAMSDUCount = 0
aTransmittedAMPDUCount = 0
aTransmittedMPDUsInAMPDUCount = 0
aTransmittedOctetsInAMPDUCount = 0
aAMPDUReceivedCount = 0
aMPDUInReceivedAMPDUCount = 0
aReceivedOctetsInAMPDUCount = 0
aAMPDUDelimiterCRCErrorCount = 0
aExplicitBARFailureCount = 0
aChannelWidthSwitchCount = 0
aTwentyMHzFrameTransmittedCount = 16063
aFortyMHzFrameTransmittedCount = 0
aTwentyMHzFrameReceivedCount = 72322
aFortyMHzFrameReceivedCount = 0

====== MIB Counters (59.000 sec) ======
aFailedCount = 1058
aRetryCount = 762
aFrameDuplicateCount = 0
aRTSSuccessCount = 0
aRTSFailureCount = 0
aACKFailureCount = 0
aFCSErrorCount = 0
aTransmittedFrameCount = 6959
aTransmittedAMSDUCount = 0
aFailedAMSDUCount = 0
aRetryAMSDUCount = 0
aTransmittedOctetsInAMSDUCount = 0
aAMSDUAckFailureCount = 0
aReceivedAMSDUCount = 0
aReceivedOctetsInAMSDUCount = 0
aTransmittedAMPDUCount = 0
aTransmittedMPDUsInAMPDUCount = 0
aTransmittedOctetsInAMPDUCount = 0
aAMPDUReceivedCount = 0
aMPDUInReceivedAMPDUCount = 0
aReceivedOctetsInAMPDUCount = 0
aAMPDUDelimiterCRCErrorCount = 0
aExplicitBARFailureCount = 0
aChannelWidthSwitchCount = 0
aTwentyMHzFrameTransmittedCount = 16397
aFortyMHzFrameTransmittedCount = 0
aTwentyMHzFrameReceivedCount = 73513
aFortyMHzFrameReceivedCount = 0

====== MIB Counters (60.000 sec) ======
aFailedCount = 1065
aRetryCount = 762
aFrameDuplicateCount = 0
aRTSSuccessCount = 0
aRTSFailureCount = 0
aACKFailureCount = 0
aFCSErrorCount = 0
aTransmittedFrameCount = 6959
aTransmittedAMSDUCount = 0
aFailedAMSDUCount = 0
aRetryAMSDUCount = 0
aTransmittedOctetsInAMSDUCount = 0
aAMSDUAckFailureCount = 0
aReceivedAMSDUCount = 0
aReceivedOctetsInAMSDUCount = 0
aTransmittedAMPDUCount = 0
aTransmittedMPDUsInAMPDUCount = 0
aTransmittedOctetsInAMPDUCount = 0
aAMPDUReceivedCount = 0
aMPDUInReceivedAMPDUCount = 0
aReceivedOctetsInAMPDUCount = 0
aAMPDUDelimiterCRCErrorCount = 0
aExplicitBARFailureCount = 0
aChannelWidthSwitchCount = 0
aTwentyMHzFrameTransmittedCount = 16451
aFortyMHzFrameTransmittedCount = 0
aTwentyMHzFrameReceivedCount = 74824
aFortyMHzFrameReceivedCount = 0

====== MIB Counters (61.000 sec) ======
aFailedCount = 1073
aRetryCount = 762
aFrameDuplicateCount = 0
aRTSSuccessCount = 0
aRTSFailureCount = 0
aACKFailureCount = 0
aFCSErrorCount = 0
aTransmittedFrameCount = 6959
aTransmittedAMSDUCount = 0
aFailedAMSDUCount = 0
aRetryAMSDUCount = 0
aTransmittedOctetsInAMSDUCount = 0
aAMSDUAckFailureCount = 0
aReceivedAMSDUCount = 0
aReceivedOctetsInAMSDUCount = 0
aTransmittedAMPDUCount = 0
aTransmittedMPDUsInAMPDUCount = 0
aTransmittedOctetsInAMPDUCount = 0
aAMPDUReceivedCount = 0
aMPDUInReceivedAMPDUCount = 0
aReceivedOctetsInAMPDUCount = 0
aAMPDUDelimiterCRCErrorCount = 0
aExplicitBARFailureCount = 0
aChannelWidthSwitchCount = 0
aTwentyMHzFrameTransmittedCount = 16507
aFortyMHzFrameTransmittedCount = 0
aTwentyMHzFrameReceivedCount = 76172
aFortyMHzFrameReceivedCount = 0

====== MIB Counters (62.000 sec) ======
aFailedCount = 1078
aRetryCount = 762
aFrameDuplicateCount = 0
aRTSSuccessCount = 0
aRTSFailureCount = 0
aACKFailureCount = 0
aFCSErrorCount = 0
aTransmittedFrameCount = 6959
aTransmittedAMSDUCount = 0
aFailedAMSDUCount = 0
aRetryAMSDUCount = 0
aTransmittedOctetsInAMSDUCount = 0
aAMSDUAckFailureCount = 0
aReceivedAMSDUCount = 0
aReceivedOctetsInAMSDUCount = 0
aTransmittedAMPDUCount = 0
aTransmittedMPDUsInAMPDUCount = 0
aTransmittedOctetsInAMPDUCount = 0
aAMPDUReceivedCount = 0
aMPDUInReceivedAMPDUCount = 0
aReceivedOctetsInAMPDUCount = 0
aAMPDUDelimiterCRCErrorCount = 0
aExplicitBARFailureCount = 0
aChannelWidthSwitchCount = 0
aTwentyMHzFrameTransmittedCount = 16544
aFortyMHzFrameTransmittedCount = 0
aTwentyMHzFrameReceivedCount = 77582
aFortyMHzFrameReceivedCount = 0

====== MIB Counters (63.000 sec) ======
aFailedCount = 1086
aRetryCount = 762
aFrameDuplicateCount = 0
aRTSSuccessCount = 0
aRTSFailureCount = 0
aACKFailureCount = 0
aFCSErrorCount = 0
aTransmittedFrameCount = 6959
aTransmittedAMSDUCount = 0
aFailedAMSDUCount = 0
aRetryAMSDUCount = 0
aTransmittedOctetsInAMSDUCount = 0
aAMSDUAckFailureCount = 0
aReceivedAMSDUCount = 0
aReceivedOctetsInAMSDUCount = 0
aTransmittedAMPDUCount = 0
aTransmittedMPDUsInAMPDUCount = 0
aTransmittedOctetsInAMPDUCount = 0
aAMPDUReceivedCount = 0
aMPDUInReceivedAMPDUCount = 0
aReceivedOctetsInAMPDUCount = 0
aAMPDUDelimiterCRCErrorCount = 0
aExplicitBARFailureCount = 0
aChannelWidthSwitchCount = 0
aTwentyMHzFrameTransmittedCount = 16600
aFortyMHzFrameTransmittedCount = 0
aTwentyMHzFrameReceivedCount = 78867
aFortyMHzFrameReceivedCount = 0

====== MIB Counters (64.000 sec) ======
aFailedCount = 1093
aRetryCount = 762
aFrameDuplicateCount = 0
aRTSSuccessCount = 0
aRTSFailureCount = 0
aACKFailureCount = 0
aFCSErrorCount = 0
aTransmittedFrameCount = 6959
aTransmittedAMSDUCount = 0
aFailedAMSDUCount = 0
aRetryAMSDUCount = 0
aTransmittedOctetsInAMSDUCount = 0
aAMSDUAckFailureCount = 0
aReceivedAMSDUCount = 0
aReceivedOctetsInAMSDUCount = 0
aTransmittedAMPDUCount = 0
aTransmittedMPDUsInAMPDUCount = 0
aTransmittedOctetsInAMPDUCount = 0
aAMPDUReceivedCount = 0
aMPDUInReceivedAMPDUCount = 0
aReceivedOctetsInAMPDUCount = 0
aAMPDUDelimiterCRCErrorCount = 0
aExplicitBARFailureCount = 0
aChannelWidthSwitchCount = 0
aTwentyMHzFrameTransmittedCount = 16649
aFortyMHzFrameTransmittedCount = 0
aTwentyMHzFrameReceivedCount = 80293
aFortyMHzFrameReceivedCount = 0

====== MIB Counters (65.000 sec) ======
aFailedCount = 1094
aRetryCount = 780
aFrameDuplicateCount = 0
aRTSSuccessCount = 0
aRTSFailureCount = 0
aACKFailureCount = 0
aFCSErrorCount = 0
aTransmittedFrameCount = 7276
aTransmittedAMSDUCount = 0
aFailedAMSDUCount = 0
aRetryAMSDUCount = 0
aTransmittedOctetsInAMSDUCount = 0
aAMSDUAckFailureCount = 0
aReceivedAMSDUCount = 0
aReceivedOctetsInAMSDUCount = 0
aTransmittedAMPDUCount = 0
aTransmittedMPDUsInAMPDUCount = 0
aTransmittedOctetsInAMPDUCount = 0
aAMPDUReceivedCount = 0
aMPDUInReceivedAMPDUCount = 0
aReceivedOctetsInAMPDUCount = 0
aAMPDUDelimiterCRCErrorCount = 0
aExplicitBARFailureCount = 0
aChannelWidthSwitchCount = 0
aTwentyMHzFrameTransmittedCount = 16990
aFortyMHzFrameTransmittedCount = 0
aTwentyMHzFrameReceivedCount = 81499
aFortyMHzFrameReceivedCount = 0

====== MIB Counters (66.000 sec) ======
aFailedCount = 1094
aRetryCount = 781
aFrameDuplicateCount = 0
aRTSSuccessCount = 0
aRTSFailureCount = 0
aACKFailureCount = 0
aFCSErrorCount = 0
aTransmittedFrameCount = 7601
aTransmittedAMSDUCount = 0
aFailedAMSDUCount = 0
aRetryAMSDUCount = 0
aTransmittedOctetsInAMSDUCount = 0
aAMSDUAckFailureCount = 0
aReceivedAMSDUCount = 0
aReceivedOctetsInAMSDUCount = 0
aTransmittedAMPDUCount = 0
aTransmittedMPDUsInAMPDUCount = 0
aTransmittedOctetsInAMPDUCount = 0
aAMPDUReceivedCount = 0
aMPDUInReceivedAMPDUCount = 0
aReceivedOctetsInAMPDUCount = 0
aAMPDUDelimiterCRCErrorCount = 0
aExplicitBARFailureCount = 0
aChannelWidthSwitchCount = 0
aTwentyMHzFrameTransmittedCount = 17315
aFortyMHzFrameTransmittedCount = 0
aTwentyMHzFrameReceivedCount = 82724
aFortyMHzFrameReceivedCount = 0

====== MIB Counters (67.000 sec) ======
aFailedCount = 1094
aRetryCount = 787
aFrameDuplicateCount = 0
aRTSSuccessCount = 0
aRTSFailureCount = 0
aACKFailureCount = 0
aFCSErrorCount = 0
aTransmittedFrameCount = 7987
aTransmittedAMSDUCount = 0
aFailedAMSDUCount = 0
aRetryAMSDUCount = 0
aTransmittedOctetsInAMSDUCount = 0
aAMSDUAckFailureCount = 0
aReceivedAMSDUCount = 0
aReceivedOctetsInAMSDUCount = 0
aTransmittedAMPDUCount = 0
aTransmittedMPDUsInAMPDUCount = 0
aTransmittedOctetsInAMPDUCount = 0
aAMPDUReceivedCount = 0
aMPDUInReceivedAMPDUCount = 0
aReceivedOctetsInAMPDUCount = 0
aAMPDUDelimiterCRCErrorCount = 0
aExplicitBARFailureCount = 0
aChannelWidthSwitchCount = 0
aTwentyMHzFrameTransmittedCount = 17707
aFortyMHzFrameTransmittedCount = 0
aTwentyMHzFrameReceivedCount = 84050
aFortyMHzFrameReceivedCount = 0

====== MIB Counters (68.000 sec) ======
aFailedCount = 1094
aRetryCount = 793
aFrameDuplicateCount = 0
aRTSSuccessCount = 0
aRTSFailureCount = 0
aACKFailureCount = 0
aFCSErrorCount = 0
aTransmittedFrameCount = 8360
aTransmittedAMSDUCount = 0
aFailedAMSDUCount = 0
aRetryAMSDUCount = 0
aTransmittedOctetsInAMSDUCount = 0
aAMSDUAckFailureCount = 0
aReceivedAMSDUCount = 0
aReceivedOctetsInAMSDUCount = 0
aTransmittedAMPDUCount = 0
aTransmittedMPDUsInAMPDUCount = 0
aTransmittedOctetsInAMPDUCount = 0
aAMPDUReceivedCount = 0
aMPDUInReceivedAMPDUCount = 0
aReceivedOctetsInAMPDUCount = 0
aAMPDUDelimiterCRCErrorCount = 0
aExplicitBARFailureCount = 0
aChannelWidthSwitchCount = 0
aTwentyMHzFrameTransmittedCount = 18086
aFortyMHzFrameTransmittedCount = 0
aTwentyMHzFrameReceivedCount = 85228
aFortyMHzFrameReceivedCount = 0

====== MIB Counters (69.000 sec) ======
aFailedCount = 1094
aRetryCount = 795
aFrameDuplicateCount = 0
aRTSSuccessCount = 0
aRTSFailureCount = 0
aACKFailureCount = 0
aFCSErrorCount = 0
aTransmittedFrameCount = 8754
aTransmittedAMSDUCount = 0
aFailedAMSDUCount = 0
aRetryAMSDUCount = 0
aTransmittedOctetsInAMSDUCount = 0
aAMSDUAckFailureCount = 0
aReceivedAMSDUCount = 0
aReceivedOctetsInAMSDUCount = 0
aTransmittedAMPDUCount = 0
aTransmittedMPDUsInAMPDUCount = 0
aTransmittedOctetsInAMPDUCount = 0
aAMPDUReceivedCount = 0
aMPDUInReceivedAMPDUCount = 0
aReceivedOctetsInAMPDUCount = 0
aAMPDUDelimiterCRCErrorCount = 0
aExplicitBARFailureCount = 0
aChannelWidthSwitchCount = 0
aTwentyMHzFrameTransmittedCount = 18482
aFortyMHzFrameTransmittedCount = 0
aTwentyMHzFrameReceivedCount = 86409
aFortyMHzFrameReceivedCount = 0

====== MIB Counters (70.000 sec) ======
aFailedCount = 1095
aRetryCount = 799
aFrameDuplicateCount = 0
aRTSSuccessCount = 0
aRTSFailureCount = 0
aACKFailureCount = 0
aFCSErrorCount = 0
aTransmittedFrameCount = 9104
aTransmittedAMSDUCount = 0
aFailedAMSDUCount = 0
aRetryAMSDUCount = 0
aTransmittedOctetsInAMSDUCount = 0
aAMSDUAckFailureCount = 0
aReceivedAMSDUCount = 0
aReceivedOctetsInAMSDUCount = 0
aTransmittedAMPDUCount = 0
aTransmittedMPDUsInAMPDUCount = 0
aTransmittedOctetsInAMPDUCount = 0
aAMPDUReceivedCount = 0
aMPDUInReceivedAMPDUCount = 0
aReceivedOctetsInAMPDUCount = 0
aAMPDUDelimiterCRCErrorCount = 0
aExplicitBARFailureCount = 0
aChannelWidthSwitchCount = 0
aTwentyMHzFrameTransmittedCount = 18844
aFortyMHzFrameTransmittedCount = 0
aTwentyMHzFrameReceivedCount = 87566
aFortyMHzFrameReceivedCount = 0

====== MIB Counters (71.000 sec) ======
aFailedCount = 1095
aRetryCount = 800
aFrameDuplicateCount = 0
aRTSSuccessCount = 0
aRTSFailureCount = 0
aACKFailureCount = 0
aFCSErrorCount = 0
aTransmittedFrameCount = 9456
aTransmittedAMSDUCount = 0
aFailedAMSDUCount = 0
aRetryAMSDUCount = 0
aTransmittedOctetsInAMSDUCount = 0
aAMSDUAckFailureCount = 0
aReceivedAMSDUCount = 0
aReceivedOctetsInAMSDUCount = 0
aTransmittedAMPDUCount = 0
aTransmittedMPDUsInAMPDUCount = 0
aTransmittedOctetsInAMPDUCount = 0
aAMPDUReceivedCount = 0
aMPDUInReceivedAMPDUCount = 0
aReceivedOctetsInAMPDUCount = 0
aAMPDUDelimiterCRCErrorCount = 0
aExplicitBARFailureCount = 0
aChannelWidthSwitchCount = 0
aTwentyMHzFrameTransmittedCount = 19197
aFortyMHzFrameTransmittedCount = 0
aTwentyMHzFrameReceivedCount = 88764
aFortyMHzFrameReceivedCount = 0

====== MIB Counters (72.000 sec) ======
aFailedCount = 1096
aRetryCount = 800
aFrameDuplicateCount = 0
aRTSSuccessCount = 0
aRTSFailureCount = 0
aACKFailureCount = 0
aFCSErrorCount = 0
aTransmittedFrameCount = 9753
aTransmittedAMSDUCount = 0
aFailedAMSDUCount = 0
aRetryAMSDUCount = 0
aTransmittedOctetsInAMSDUCount = 0
aAMSDUAckFailureCount = 0
aReceivedAMSDUCount = 0
aReceivedOctetsInAMSDUCount = 0
aTransmittedAMPDUCount = 0
aTransmittedMPDUsInAMPDUCount = 0
aTransmittedOctetsInAMPDUCount = 0
aAMPDUReceivedCount = 0
aMPDUInReceivedAMPDUCount = 0
aReceivedOctetsInAMPDUCount = 0
aAMPDUDelimiterCRCErrorCount = 0
aExplicitBARFailureCount = 0
aChannelWidthSwitchCount = 0
aTwentyMHzFrameTransmittedCount = 19502
aFortyMHzFrameTransmittedCount = 0
aTwentyMHzFrameReceivedCount = 89990
aFortyMHzFrameReceivedCount = 0

====== MIB Counters (73.000 sec) ======
aFailedCount = 1097
aRetryCount = 803
aFrameDuplicateCount = 0
aRTSSuccessCount = 0
aRTSFailureCount = 0
aACKFailureCount = 0
aFCSErrorCount = 0
aTransmittedFrameCount = 10067
aTransmittedAMSDUCount = 0
aFailedAMSDUCount = 0
aRetryAMSDUCount = 0
aTransmittedOctetsInAMSDUCount = 0
aAMSDUAckFailureCount = 0
aReceivedAMSDUCount = 0
aReceivedOctetsInAMSDUCount = 0
aTransmittedAMPDUCount = 0
aTransmittedMPDUsInAMPDUCount = 0
aTransmittedOctetsInAMPDUCount = 0
aAMPDUReceivedCount = 0
aMPDUInReceivedAMPDUCount = 0
aReceivedOctetsInAMPDUCount = 0
aAMPDUDelimiterCRCErrorCount = 0
aExplicitBARFailureCount = 0
aChannelWidthSwitchCount = 0
aTwentyMHzFrameTransmittedCount = 19825
aFortyMHzFrameTransmittedCount = 0
aTwentyMHzFrameReceivedCount = 91225
aFortyMHzFrameReceivedCount = 0

====== MIB Counters (74.000 sec) ======
aFailedCount = 1099
aRetryCount = 805
aFrameDuplicateCount = 0
aRTSSuccessCount = 0
aRTSFailureCount = 0
aACKFailureCount = 0
aFCSErrorCount = 0
aTransmittedFrameCount = 10289
aTransmittedAMSDUCount = 0
aFailedAMSDUCount = 0
aRetryAMSDUCount = 0
aTransmittedOctetsInAMSDUCount = 0
aAMSDUAckFailureCount = 0
aReceivedAMSDUCount = 0
aReceivedOctetsInAMSDUCount = 0
aTransmittedAMPDUCount = 0
aTransmittedMPDUsInAMPDUCount = 0
aTransmittedOctetsInAMPDUCount = 0
aAMPDUReceivedCount = 0
aMPDUInReceivedAMPDUCount = 0
aReceivedOctetsInAMPDUCount = 0
aAMPDUDelimiterCRCErrorCount = 0
aExplicitBARFailureCount = 0
aChannelWidthSwitchCount = 0
aTwentyMHzFrameTransmittedCount = 20064
aFortyMHzFrameTransmittedCount = 0
aTwentyMHzFrameReceivedCount = 92458
aFortyMHzFrameReceivedCount = 0

====== MIB Counters (75.000 sec) ======
aFailedCount = 1099
aRetryCount = 820
aFrameDuplicateCount = 0
aRTSSuccessCount = 0
aRTSFailureCount = 0
aACKFailureCount = 0
aFCSErrorCount = 0
aTransmittedFrameCount = 10637
aTransmittedAMSDUCount = 0
aFailedAMSDUCount = 0
aRetryAMSDUCount = 0
aTransmittedOctetsInAMSDUCount = 0
aAMSDUAckFailureCount = 0
aReceivedAMSDUCount = 0
aReceivedOctetsInAMSDUCount = 0
aTransmittedAMPDUCount = 0
aTransmittedMPDUsInAMPDUCount = 0
aTransmittedOctetsInAMPDUCount = 0
aAMPDUReceivedCount = 0
aMPDUInReceivedAMPDUCount = 0
aReceivedOctetsInAMPDUCount = 0
aAMPDUDelimiterCRCErrorCount = 0
aExplicitBARFailureCount = 0
aChannelWidthSwitchCount = 0
aTwentyMHzFrameTransmittedCount = 20430
aFortyMHzFrameTransmittedCount = 0
aTwentyMHzFrameReceivedCount = 93732
aFortyMHzFrameReceivedCount = 0

====== MIB Counters (76.000 sec) ======
aFailedCount = 1100
aRetryCount = 834
aFrameDuplicateCount = 0
aRTSSuccessCount = 0
aRTSFailureCount = 0
aACKFailureCount = 0
aFCSErrorCount = 0
aTransmittedFrameCount = 11050
aTransmittedAMSDUCount = 0
aFailedAMSDUCount = 0
aRetryAMSDUCount = 0
aTransmittedOctetsInAMSDUCount = 0
aAMSDUAckFailureCount = 0
aReceivedAMSDUCount = 0
aReceivedOctetsInAMSDUCount = 0
aTransmittedAMPDUCount = 0
aTransmittedMPDUsInAMPDUCount = 0
aTransmittedOctetsInAMPDUCount = 0
aAMPDUReceivedCount = 0
aMPDUInReceivedAMPDUCount = 0
aReceivedOctetsInAMPDUCount = 0
aAMPDUDelimiterCRCErrorCount = 0
aExplicitBARFailureCount = 0
aChannelWidthSwitchCount = 0
aTwentyMHzFrameTransmittedCount = 20875
aFortyMHzFrameTransmittedCount = 0
aTwentyMHzFrameReceivedCount = 95148
aFortyMHzFrameReceivedCount = 0

====== MIB Counters (77.000 sec) ======
aFailedCount = 1101
aRetryCount = 840
aFrameDuplicateCount = 0
aRTSSuccessCount = 0
aRTSFailureCount = 0
aACKFailureCount = 0
aFCSErrorCount = 0
aTransmittedFrameCount = 11534
aTransmittedAMSDUCount = 0
aFailedAMSDUCount = 0
aRetryAMSDUCount = 0
aTransmittedOctetsInAMSDUCount = 0
aAMSDUAckFailureCount = 0
aReceivedAMSDUCount = 0
aReceivedOctetsInAMSDUCount = 0
aTransmittedAMPDUCount = 0
aTransmittedMPDUsInAMPDUCount = 0
aTransmittedOctetsInAMPDUCount = 0
aAMPDUReceivedCount = 0
aMPDUInReceivedAMPDUCount = 0
aReceivedOctetsInAMPDUCount = 0
aAMPDUDelimiterCRCErrorCount = 0
aExplicitBARFailureCount = 0
aChannelWidthSwitchCount = 0
aTwentyMHzFrameTransmittedCount = 21375
aFortyMHzFrameTransmittedCount = 0
aTwentyMHzFrameReceivedCount = 96307
aFortyMHzFrameReceivedCount = 0

====== MIB Counters (78.000 sec) ======
aFailedCount = 1102
aRetryCount = 851
aFrameDuplicateCount = 0
aRTSSuccessCount = 0
aRTSFailureCount = 0
aACKFailureCount = 0
aFCSErrorCount = 0
aTransmittedFrameCount = 11976
aTransmittedAMSDUCount = 0
aFailedAMSDUCount = 0
aRetryAMSDUCount = 0
aTransmittedOctetsInAMSDUCount = 0
aAMSDUAckFailureCount = 0
aReceivedAMSDUCount = 0
aReceivedOctetsInAMSDUCount = 0
aTransmittedAMPDUCount = 0
aTransmittedMPDUsInAMPDUCount = 0
aTransmittedOctetsInAMPDUCount = 0
aAMPDUReceivedCount = 0
aMPDUInReceivedAMPDUCount = 0
aReceivedOctetsInAMPDUCount = 0
aAMPDUDelimiterCRCErrorCount = 0
aExplicitBARFailureCount = 0
aChannelWidthSwitchCount = 0
aTwentyMHzFrameTransmittedCount = 21842
aFortyMHzFrameTransmittedCount = 0
aTwentyMHzFrameReceivedCount = 97516
aFortyMHzFrameReceivedCount = 0

====== MIB Counters (79.000 sec) ======
aFailedCount = 1102
aRetryCount = 864
aFrameDuplicateCount = 0
aRTSSuccessCount = 0
aRTSFailureCount = 0
aACKFailureCount = 0
aFCSErrorCount = 0
aTransmittedFrameCount = 12494
aTransmittedAMSDUCount = 0
aFailedAMSDUCount = 0
aRetryAMSDUCount = 0
aTransmittedOctetsInAMSDUCount = 0
aAMSDUAckFailureCount = 0
aReceivedAMSDUCount = 0
aReceivedOctetsInAMSDUCount = 0
aTransmittedAMPDUCount = 0
aTransmittedMPDUsInAMPDUCount = 0
aTransmittedOctetsInAMPDUCount = 0
aAMPDUReceivedCount = 0
aMPDUInReceivedAMPDUCount = 0
aReceivedOctetsInAMPDUCount = 0
aAMPDUDelimiterCRCErrorCount = 0
aExplicitBARFailureCount = 0
aChannelWidthSwitchCount = 0
aTwentyMHzFrameTransmittedCount = 22385
aFortyMHzFrameTransmittedCount = 0
aTwentyMHzFrameReceivedCount = 99038
aFortyMHzFrameReceivedCount = 0

====== MIB Counters (80.000 sec) ======
aFailedCount = 1102
aRetryCount = 873
aFrameDuplicateCount = 0
aRTSSuccessCount = 0
aRTSFailureCount = 0
aACKFailureCount = 0
aFCSErrorCount = 0
aTransmittedFrameCount = 13005
aTransmittedAMSDUCount = 0
aFailedAMSDUCount = 0
aRetryAMSDUCount = 0
aTransmittedOctetsInAMSDUCount = 0
aAMSDUAckFailureCount = 0
aReceivedAMSDUCount = 0
aReceivedOctetsInAMSDUCount = 0
aTransmittedAMPDUCount = 0
aTransmittedMPDUsInAMPDUCount = 0
aTransmittedOctetsInAMPDUCount = 0
aAMPDUReceivedCount = 0
aMPDUInReceivedAMPDUCount = 0
aReceivedOctetsInAMPDUCount = 0
aAMPDUDelimiterCRCErrorCount = 0
aExplicitBARFailureCount = 0
aChannelWidthSwitchCount = 0
aTwentyMHzFrameTransmittedCount = 22906
aFortyMHzFrameTransmittedCount = 0
aTwentyMHzFrameReceivedCount = 100793
aFortyMHzFrameReceivedCount = 0

====== MIB Counters (81.000 sec) ======
aFailedCount = 1103
aRetryCount = 883
aFrameDuplicateCount = 0
aRTSSuccessCount = 0
aRTSFailureCount = 0
aACKFailureCount = 0
aFCSErrorCount = 0
aTransmittedFrameCount = 13529
aTransmittedAMSDUCount = 0
aFailedAMSDUCount = 0
aRetryAMSDUCount = 0
aTransmittedOctetsInAMSDUCount = 0
aAMSDUAckFailureCount = 0
aReceivedAMSDUCount = 0
aReceivedOctetsInAMSDUCount = 0
aTransmittedAMPDUCount = 0
aTransmittedMPDUsInAMPDUCount = 0
aTransmittedOctetsInAMPDUCount = 0
aAMPDUReceivedCount = 0
aMPDUInReceivedAMPDUCount = 0
aReceivedOctetsInAMPDUCount = 0
aAMPDUDelimiterCRCErrorCount = 0
aExplicitBARFailureCount = 0
aChannelWidthSwitchCount = 0
aTwentyMHzFrameTransmittedCount = 23453
aFortyMHzFrameTransmittedCount = 0
aTwentyMHzFrameReceivedCount = 101929
aFortyMHzFrameReceivedCount = 0

====== MIB Counters (82.000 sec) ======
aFailedCount = 1104
aRetryCount = 933
aFrameDuplicateCount = 0
aRTSSuccessCount = 0
aRTSFailureCount = 0
aACKFailureCount = 0
aFCSErrorCount = 0
aTransmittedFrameCount = 14041
aTransmittedAMSDUCount = 0
aFailedAMSDUCount = 0
aRetryAMSDUCount = 0
aTransmittedOctetsInAMSDUCount = 0
aAMSDUAckFailureCount = 0
aReceivedAMSDUCount = 0
aReceivedOctetsInAMSDUCount = 0
aTransmittedAMPDUCount = 0
aTransmittedMPDUsInAMPDUCount = 0
aTransmittedOctetsInAMPDUCount = 0
aAMPDUReceivedCount = 0
aMPDUInReceivedAMPDUCount = 0
aReceivedOctetsInAMPDUCount = 0
aAMPDUDelimiterCRCErrorCount = 0
aExplicitBARFailureCount = 0
aChannelWidthSwitchCount = 0
aTwentyMHzFrameTransmittedCount = 24025
aFortyMHzFrameTransmittedCount = 0
aTwentyMHzFrameReceivedCount = 102992
aFortyMHzFrameReceivedCount = 0

====== MIB Counters (83.000 sec) ======
aFailedCount = 1106
aRetryCount = 966
aFrameDuplicateCount = 0
aRTSSuccessCount = 0
aRTSFailureCount = 0
aACKFailureCount = 0
aFCSErrorCount = 0
aTransmittedFrameCount = 14555
aTransmittedAMSDUCount = 0
aFailedAMSDUCount = 0
aRetryAMSDUCount = 0
aTransmittedOctetsInAMSDUCount = 0
aAMSDUAckFailureCount = 0
aReceivedAMSDUCount = 0
aReceivedOctetsInAMSDUCount = 0
aTransmittedAMPDUCount = 0
aTransmittedMPDUsInAMPDUCount = 0
aTransmittedOctetsInAMPDUCount = 0
aAMPDUReceivedCount = 0
aMPDUInReceivedAMPDUCount = 0
aReceivedOctetsInAMPDUCount = 0
aAMPDUDelimiterCRCErrorCount = 0
aExplicitBARFailureCount = 0
aChannelWidthSwitchCount = 0
aTwentyMHzFrameTransmittedCount = 24589
aFortyMHzFrameTransmittedCount = 0
aTwentyMHzFrameReceivedCount = 104131
aFortyMHzFrameReceivedCount = 0

====== MIB Counters (84.000 sec) ======
aFailedCount = 1127
aRetryCount = 979
aFrameDuplicateCount = 0
aRTSSuccessCount = 0
aRTSFailureCount = 0
aACKFailureCount = 0
aFCSErrorCount = 0
aTransmittedFrameCount = 14744
aTransmittedAMSDUCount = 0
aFailedAMSDUCount = 0
aRetryAMSDUCount = 0
aTransmittedOctetsInAMSDUCount = 0
aAMSDUAckFailureCount = 0
aReceivedAMSDUCount = 0
aReceivedOctetsInAMSDUCount = 0
aTransmittedAMPDUCount = 0
aTransmittedMPDUsInAMPDUCount = 0
aTransmittedOctetsInAMPDUCount = 0
aAMPDUReceivedCount = 0
aMPDUInReceivedAMPDUCount = 0
aReceivedOctetsInAMPDUCount = 0
aAMPDUDelimiterCRCErrorCount = 0
aExplicitBARFailureCount = 0
aChannelWidthSwitchCount = 0
aTwentyMHzFrameTransmittedCount = 24945
aFortyMHzFrameTransmittedCount = 0
aTwentyMHzFrameReceivedCount = 105121
aFortyMHzFrameReceivedCount = 0

====== MIB Counters (85.000 sec) ======
aFailedCount = 1160
aRetryCount = 979
aFrameDuplicateCount = 0
aRTSSuccessCount = 0
aRTSFailureCount = 0
aACKFailureCount = 0
aFCSErrorCount = 0
aTransmittedFrameCount = 14744
aTransmittedAMSDUCount = 0
aFailedAMSDUCount = 0
aRetryAMSDUCount = 0
aTransmittedOctetsInAMSDUCount = 0
aAMSDUAckFailureCount = 0
aReceivedAMSDUCount = 0
aReceivedOctetsInAMSDUCount = 0
aTransmittedAMPDUCount = 0
aTransmittedMPDUsInAMPDUCount = 0
aTransmittedOctetsInAMPDUCount = 0
aAMPDUReceivedCount = 0
aMPDUInReceivedAMPDUCount = 0
aReceivedOctetsInAMPDUCount = 0
aAMPDUDelimiterCRCErrorCount = 0
aExplicitBARFailureCount = 0
aChannelWidthSwitchCount = 0
aTwentyMHzFrameTransmittedCount = 25171
aFortyMHzFrameTransmittedCount = 0
aTwentyMHzFrameReceivedCount = 106203
aFortyMHzFrameReceivedCount = 0

====== MIB Counters (86.000 sec) ======
aFailedCount = 1192
aRetryCount = 979
aFrameDuplicateCount = 0
aRTSSuccessCount = 0
aRTSFailureCount = 0
aACKFailureCount = 0
aFCSErrorCount = 0
aTransmittedFrameCount = 14744
aTransmittedAMSDUCount = 0
aFailedAMSDUCount = 0
aRetryAMSDUCount = 0
aTransmittedOctetsInAMSDUCount = 0
aAMSDUAckFailureCount = 0
aReceivedAMSDUCount = 0
aReceivedOctetsInAMSDUCount = 0
aTransmittedAMPDUCount = 0
aTransmittedMPDUsInAMPDUCount = 0
aTransmittedOctetsInAMPDUCount = 0
aAMPDUReceivedCount = 0
aMPDUInReceivedAMPDUCount = 0
aReceivedOctetsInAMPDUCount = 0
aAMPDUDelimiterCRCErrorCount = 0
aExplicitBARFailureCount = 0
aChannelWidthSwitchCount = 0
aTwentyMHzFrameTransmittedCount = 25394
aFortyMHzFrameTransmittedCount = 0
aTwentyMHzFrameReceivedCount = 107408
aFortyMHzFrameReceivedCount = 0

====== MIB Counters (87.000 sec) ======
aFailedCount = 1218
aRetryCount = 979
aFrameDuplicateCount = 0
aRTSSuccessCount = 0
aRTSFailureCount = 0
aACKFailureCount = 0
aFCSErrorCount = 0
aTransmittedFrameCount = 14744
aTransmittedAMSDUCount = 0
aFailedAMSDUCount = 0
aRetryAMSDUCount = 0
aTransmittedOctetsInAMSDUCount = 0
aAMSDUAckFailureCount = 0
aReceivedAMSDUCount = 0
aReceivedOctetsInAMSDUCount = 0
aTransmittedAMPDUCount = 0
aTransmittedMPDUsInAMPDUCount = 0
aTransmittedOctetsInAMPDUCount = 0
aAMPDUReceivedCount = 0
aMPDUInReceivedAMPDUCount = 0
aReceivedOctetsInAMPDUCount = 0
aAMPDUDelimiterCRCErrorCount = 0
aExplicitBARFailureCount = 0
aChannelWidthSwitchCount = 0
aTwentyMHzFrameTransmittedCount = 25578
aFortyMHzFrameTransmittedCount = 0
aTwentyMHzFrameReceivedCount = 108642
aFortyMHzFrameReceivedCount = 0

====== MIB Counters (88.000 sec) ======
aFailedCount = 1244
aRetryCount = 979
aFrameDuplicateCount = 0
aRTSSuccessCount = 0
aRTSFailureCount = 0
aACKFailureCount = 0
aFCSErrorCount = 0
aTransmittedFrameCount = 14744
aTransmittedAMSDUCount = 0
aFailedAMSDUCount = 0
aRetryAMSDUCount = 0
aTransmittedOctetsInAMSDUCount = 0
aAMSDUAckFailureCount = 0
aReceivedAMSDUCount = 0
aReceivedOctetsInAMSDUCount = 0
aTransmittedAMPDUCount = 0
aTransmittedMPDUsInAMPDUCount = 0
aTransmittedOctetsInAMPDUCount = 0
aAMPDUReceivedCount = 0
aMPDUInReceivedAMPDUCount = 0
aReceivedOctetsInAMPDUCount = 0
aAMPDUDelimiterCRCErrorCount = 0
aExplicitBARFailureCount = 0
aChannelWidthSwitchCount = 0
aTwentyMHzFrameTransmittedCount = 25763
aFortyMHzFrameTransmittedCount = 0
aTwentyMHzFrameReceivedCount = 109804
aFortyMHzFrameReceivedCount = 0

====== MIB Counters (89.000 sec) ======
aFailedCount = 1271
aRetryCount = 979
aFrameDuplicateCount = 0
aRTSSuccessCount = 0
aRTSFailureCount = 0
aACKFailureCount = 0
aFCSErrorCount = 0
aTransmittedFrameCount = 14744
aTransmittedAMSDUCount = 0
aFailedAMSDUCount = 0
aRetryAMSDUCount = 0
aTransmittedOctetsInAMSDUCount = 0
aAMSDUAckFailureCount = 0
aReceivedAMSDUCount = 0
aReceivedOctetsInAMSDUCount = 0
aTransmittedAMPDUCount = 0
aTransmittedMPDUsInAMPDUCount = 0
aTransmittedOctetsInAMPDUCount = 0
aAMPDUReceivedCount = 0
aMPDUInReceivedAMPDUCount = 0
aReceivedOctetsInAMPDUCount = 0
aAMPDUDelimiterCRCErrorCount = 0
aExplicitBARFailureCount = 0
aChannelWidthSwitchCount = 0
aTwentyMHzFrameTransmittedCount = 25952
aFortyMHzFrameTransmittedCount = 0
aTwentyMHzFrameReceivedCount = 111049
aFortyMHzFrameReceivedCount = 0

====== MIB Counters (90.000 sec) ======
aFailedCount = 1301
aRetryCount = 979
aFrameDuplicateCount = 0
aRTSSuccessCount = 0
aRTSFailureCount = 0
aACKFailureCount = 0
aFCSErrorCount = 0
aTransmittedFrameCount = 14744
aTransmittedAMSDUCount = 0
aFailedAMSDUCount = 0
aRetryAMSDUCount = 0
aTransmittedOctetsInAMSDUCount = 0
aAMSDUAckFailureCount = 0
aReceivedAMSDUCount = 0
aReceivedOctetsInAMSDUCount = 0
aTransmittedAMPDUCount = 0
aTransmittedMPDUsInAMPDUCount = 0
aTransmittedOctetsInAMPDUCount = 0
aAMPDUReceivedCount = 0
aMPDUInReceivedAMPDUCount = 0
aReceivedOctetsInAMPDUCount = 0
aAMPDUDelimiterCRCErrorCount = 0
aExplicitBARFailureCount = 0
aChannelWidthSwitchCount = 0
aTwentyMHzFrameTransmittedCount = 26161
aFortyMHzFrameTransmittedCount = 0
aTwentyMHzFrameReceivedCount = 112565
aFortyMHzFrameReceivedCount = 0

====== MIB Counters (91.000 sec) ======
aFailedCount = 1333
aRetryCount = 979
aFrameDuplicateCount = 0
aRTSSuccessCount = 0
aRTSFailureCount = 0
aACKFailureCount = 0
aFCSErrorCount = 0
aTransmittedFrameCount = 14744
aTransmittedAMSDUCount = 0
aFailedAMSDUCount = 0
aRetryAMSDUCount = 0
aTransmittedOctetsInAMSDUCount = 0
aAMSDUAckFailureCount = 0
aReceivedAMSDUCount = 0
aReceivedOctetsInAMSDUCount = 0
aTransmittedAMPDUCount = 0
aTransmittedMPDUsInAMPDUCount = 0
aTransmittedOctetsInAMPDUCount = 0
aAMPDUReceivedCount = 0
aMPDUInReceivedAMPDUCount = 0
aReceivedOctetsInAMPDUCount = 0
aAMPDUDelimiterCRCErrorCount = 0
aExplicitBARFailureCount = 0
aChannelWidthSwitchCount = 0
aTwentyMHzFrameTransmittedCount = 26385
aFortyMHzFrameTransmittedCount = 0
aTwentyMHzFrameReceivedCount = 114037
aFortyMHzFrameReceivedCount = 0

====== MIB Counters (92.000 sec) ======
aFailedCount = 1363
aRetryCount = 979
aFrameDuplicateCount = 0
aRTSSuccessCount = 0
aRTSFailureCount = 0
aACKFailureCount = 0
aFCSErrorCount = 0
aTransmittedFrameCount = 14744
aTransmittedAMSDUCount = 0
aFailedAMSDUCount = 0
aRetryAMSDUCount = 0
aTransmittedOctetsInAMSDUCount = 0
aAMSDUAckFailureCount = 0
aReceivedAMSDUCount = 0
aReceivedOctetsInAMSDUCount = 0
aTransmittedAMPDUCount = 0
aTransmittedMPDUsInAMPDUCount = 0
aTransmittedOctetsInAMPDUCount = 0
aAMPDUReceivedCount = 0
aMPDUInReceivedAMPDUCount = 0
aReceivedOctetsInAMPDUCount = 0
aAMPDUDelimiterCRCErrorCount = 0
aExplicitBARFailureCount = 0
aChannelWidthSwitchCount = 0
aTwentyMHzFrameTransmittedCount = 26597
aFortyMHzFrameTransmittedCount = 0
aTwentyMHzFrameReceivedCount = 115519
aFortyMHzFrameReceivedCount = 0

====== MIB Counters (93.000 sec) ======
aFailedCount = 1388
aRetryCount = 979
aFrameDuplicateCount = 0
aRTSSuccessCount = 0
aRTSFailureCount = 0
aACKFailureCount = 0
aFCSErrorCount = 0
aTransmittedFrameCount = 14744
aTransmittedAMSDUCount = 0
aFailedAMSDUCount = 0
aRetryAMSDUCount = 0
aTransmittedOctetsInAMSDUCount = 0
aAMSDUAckFailureCount = 0
aReceivedAMSDUCount = 0
aReceivedOctetsInAMSDUCount = 0
aTransmittedAMPDUCount = 0
aTransmittedMPDUsInAMPDUCount = 0
aTransmittedOctetsInAMPDUCount = 0
aAMPDUReceivedCount = 0
aMPDUInReceivedAMPDUCount = 0
aReceivedOctetsInAMPDUCount = 0
aAMPDUDelimiterCRCErrorCount = 0
aExplicitBARFailureCount = 0
aChannelWidthSwitchCount = 0
aTwentyMHzFrameTransmittedCount = 26770
aFortyMHzFrameTransmittedCount = 0
aTwentyMHzFrameReceivedCount = 117294
aFortyMHzFrameReceivedCount = 0

====== MIB Counters (94.000 sec) ======
aFailedCount = 1418
aRetryCount = 979
aFrameDuplicateCount = 0
aRTSSuccessCount = 0
aRTSFailureCount = 0
aACKFailureCount = 0
aFCSErrorCount = 0
aTransmittedFrameCount = 14744
aTransmittedAMSDUCount = 0
aFailedAMSDUCount = 0
aRetryAMSDUCount = 0
aTransmittedOctetsInAMSDUCount = 0
aAMSDUAckFailureCount = 0
aReceivedAMSDUCount = 0
aReceivedOctetsInAMSDUCount = 0
aTransmittedAMPDUCount = 0
aTransmittedMPDUsInAMPDUCount = 0
aTransmittedOctetsInAMPDUCount = 0
aAMPDUReceivedCount = 0
aMPDUInReceivedAMPDUCount = 0
aReceivedOctetsInAMPDUCount = 0
aAMPDUDelimiterCRCErrorCount = 0
aExplicitBARFailureCount = 0
aChannelWidthSwitchCount = 0
aTwentyMHzFrameTransmittedCount = 26978
aFortyMHzFrameTransmittedCount = 0
aTwentyMHzFrameReceivedCount = 118894
aFortyMHzFrameReceivedCount = 0

====== MIB Counters (95.000 sec) ======
aFailedCount = 1448
aRetryCount = 979
aFrameDuplicateCount = 0
aRTSSuccessCount = 0
aRTSFailureCount = 0
aACKFailureCount = 0
aFCSErrorCount = 0
aTransmittedFrameCount = 14744
aTransmittedAMSDUCount = 0
aFailedAMSDUCount = 0
aRetryAMSDUCount = 0
aTransmittedOctetsInAMSDUCount = 0
aAMSDUAckFailureCount = 0
aReceivedAMSDUCount = 0
aReceivedOctetsInAMSDUCount = 0
aTransmittedAMPDUCount = 0
aTransmittedMPDUsInAMPDUCount = 0
aTransmittedOctetsInAMPDUCount = 0
aAMPDUReceivedCount = 0
aMPDUInReceivedAMPDUCount = 0
aReceivedOctetsInAMPDUCount = 0
aAMPDUDelimiterCRCErrorCount = 0
aExplicitBARFailureCount = 0
aChannelWidthSwitchCount = 0
aTwentyMHzFrameTransmittedCount = 27186
aFortyMHzFrameTransmittedCount = 0
aTwentyMHzFrameReceivedCount = 120463
aFortyMHzFrameReceivedCount = 0

====== MIB Counters (96.000 sec) ======
aFailedCount = 1476
aRetryCount = 979
aFrameDuplicateCount = 0
aRTSSuccessCount = 0
aRTSFailureCount = 0
aACKFailureCount = 0
aFCSErrorCount = 0
aTransmittedFrameCount = 14744
aTransmittedAMSDUCount = 0
aFailedAMSDUCount = 0
aRetryAMSDUCount = 0
aTransmittedOctetsInAMSDUCount = 0
aAMSDUAckFailureCount = 0
aReceivedAMSDUCount = 0
aReceivedOctetsInAMSDUCount = 0
aTransmittedAMPDUCount = 0
aTransmittedMPDUsInAMPDUCount = 0
aTransmittedOctetsInAMPDUCount = 0
aAMPDUReceivedCount = 0
aMPDUInReceivedAMPDUCount = 0
aReceivedOctetsInAMPDUCount = 0
aAMPDUDelimiterCRCErrorCount = 0
aExplicitBARFailureCount = 0
aChannelWidthSwitchCount = 0
aTwentyMHzFrameTransmittedCount = 27387
aFortyMHzFrameTransmittedCount = 0
aTwentyMHzFrameReceivedCount = 121999
aFortyMHzFrameReceivedCount = 0

====== MIB Counters (97.000 sec) ======
aFailedCount = 1508
aRetryCount = 979
aFrameDuplicateCount = 0
aRTSSuccessCount = 0
aRTSFailureCount = 0
aACKFailureCount = 0
aFCSErrorCount = 0
aTransmittedFrameCount = 14744
aTransmittedAMSDUCount = 0
aFailedAMSDUCount = 0
aRetryAMSDUCount = 0
aTransmittedOctetsInAMSDUCount = 0
aAMSDUAckFailureCount = 0
aReceivedAMSDUCount = 0
aReceivedOctetsInAMSDUCount = 0
aTransmittedAMPDUCount = 0
aTransmittedMPDUsInAMPDUCount = 0
aTransmittedOctetsInAMPDUCount = 0
aAMPDUReceivedCount = 0
aMPDUInReceivedAMPDUCount = 0
aReceivedOctetsInAMPDUCount = 0
aAMPDUDelimiterCRCErrorCount = 0
aExplicitBARFailureCount = 0
aChannelWidthSwitchCount = 0
aTwentyMHzFrameTransmittedCount = 27609
aFortyMHzFrameTransmittedCount = 0
aTwentyMHzFrameReceivedCount = 123647
aFortyMHzFrameReceivedCount = 0

====== MIB Counters (98.000 sec) ======
aFailedCount = 1545
aRetryCount = 979
aFrameDuplicateCount = 0
aRTSSuccessCount = 0
aRTSFailureCount = 0
aACKFailureCount = 0
aFCSErrorCount = 0
aTransmittedFrameCount = 14744
aTransmittedAMSDUCount = 0
aFailedAMSDUCount = 0
aRetryAMSDUCount = 0
aTransmittedOctetsInAMSDUCount = 0
aAMSDUAckFailureCount = 0
aReceivedAMSDUCount = 0
aReceivedOctetsInAMSDUCount = 0
aTransmittedAMPDUCount = 0
aTransmittedMPDUsInAMPDUCount = 0
aTransmittedOctetsInAMPDUCount = 0
aAMPDUReceivedCount = 0
aMPDUInReceivedAMPDUCount = 0
aReceivedOctetsInAMPDUCount = 0
aAMPDUDelimiterCRCErrorCount = 0
aExplicitBARFailureCount = 0
aChannelWidthSwitchCount = 0
aTwentyMHzFrameTransmittedCount = 27867
aFortyMHzFrameTransmittedCount = 0
aTwentyMHzFrameReceivedCount = 125177
aFortyMHzFrameReceivedCount = 0

====== MIB Counters (99.000 sec) ======
aFailedCount = 1578
aRetryCount = 979
aFrameDuplicateCount = 0
aRTSSuccessCount = 0
aRTSFailureCount = 0
aACKFailureCount = 0
aFCSErrorCount = 0
aTransmittedFrameCount = 14744
aTransmittedAMSDUCount = 0
aFailedAMSDUCount = 0
aRetryAMSDUCount = 0
aTransmittedOctetsInAMSDUCount = 0
aAMSDUAckFailureCount = 0
aReceivedAMSDUCount = 0
aReceivedOctetsInAMSDUCount = 0
aTransmittedAMPDUCount = 0
aTransmittedMPDUsInAMPDUCount = 0
aTransmittedOctetsInAMPDUCount = 0
aAMPDUReceivedCount = 0
aMPDUInReceivedAMPDUCount = 0
aReceivedOctetsInAMPDUCount = 0
aAMPDUDelimiterCRCErrorCount = 0
aExplicitBARFailureCount = 0
aChannelWidthSwitchCount = 0
aTwentyMHzFrameTransmittedCount = 28099
aFortyMHzFrameTransmittedCount = 0
aTwentyMHzFrameReceivedCount = 126608
aFortyMHzFrameReceivedCount = 0

====== MIB Counters (100.000 sec) ======
aFailedCount = 1609
aRetryCount = 979
aFrameDuplicateCount = 0
aRTSSuccessCount = 0
aRTSFailureCount = 0
aACKFailureCount = 0
aFCSErrorCount = 0
aTransmittedFrameCount = 14744
aTransmittedAMSDUCount = 0
aFailedAMSDUCount = 0
aRetryAMSDUCount = 0
aTransmittedOctetsInAMSDUCount = 0
aAMSDUAckFailureCount = 0
aReceivedAMSDUCount = 0
aReceivedOctetsInAMSDUCount = 0
aTransmittedAMPDUCount = 0
aTransmittedMPDUsInAMPDUCount = 0
aTransmittedOctetsInAMPDUCount = 0
aAMPDUReceivedCount = 0
aMPDUInReceivedAMPDUCount = 0
aReceivedOctetsInAMPDUCount = 0
aAMPDUDelimiterCRCErrorCount = 0
aExplicitBARFailureCount = 0
aChannelWidthSwitchCount = 0
aTwentyMHzFrameTransmittedCount = 28317
aFortyMHzFrameTransmittedCount = 0
aTwentyMHzFrameReceivedCount = 127965
aFortyMHzFrameReceivedCount = 0
