Time: 2.015000 sec
Packet_Type	Length	Src_nid	Src_port
Hello		80	6	1

Time: 2.025100 sec
Packet_Type	Length	Src_nid	Src_port
Hello		80	9	1

Time: 2.178200 sec
Packet_Type	Length	Src_nid	Src_port
Hello		80	5	1

Time: 2.789597 sec
Packet_Type		Length	Src_nid	Src_port	Option	Origin_nid	Destination_nid	Next_hop_nid
UpdateDataPlaneRouting	796	10	1		New	8		1		5
 		 	 	 		 		 		2		5
 		 	 	 		 		 		5		5
 		 	 	 		 		 		7		5
 		 	 	 		 		 		10		5

Time: 2.790697 sec
Packet_Type		Length	Src_nid	Src_port	Option	Origin_nid	Destination_nid	Next_hop_nid
UpdateDataPlaneRouting	796	10	1		Finish	 		 		 

Time: 3.032797 sec
Packet_Type		Length	Src_nid	Src_port	Option	Origin_nid	Destination_nid	Next_hop_nid
UpdateDataPlaneRouting	796	10	1		New	8		1		5
 		 	 	 		 		 		2		5
 		 	 	 		 		 		5		5
 		 	 	 		 		 		6		6
 		 	 	 		 		 		7		5
 		 	 	 		 		 		10		5

Time: 3.033897 sec
Packet_Type		Length	Src_nid	Src_port	Option	Origin_nid	Destination_nid	Next_hop_nid
UpdateDataPlaneRouting	796	10	1		Finish	 		 		 

Time: 3.087997 sec
Packet_Type		Length	Src_nid	Src_port	Option	Origin_nid	Destination_nid	Next_hop_nid
UpdateDataPlaneRouting	796	10	1		New	8		1		5
 		 	 	 		 		 		2		5
 		 	 	 		 		 		3		6
 		 	 	 		 		 		5		5
 		 	 	 		 		 		6		6
 		 	 	 		 		 		7		5
 		 	 	 		 		 		10		5

Time: 3.095097 sec
Packet_Type		Length	Src_nid	Src_port	Option	Origin_nid	Destination_nid	Next_hop_nid
UpdateDataPlaneRouting	796	10	1		Finish	 		 		 

Time: 4.045300 sec
Packet_Type	Length	Src_nid	Src_port
Hello		80	9	1

Time: 4.073400 sec
Packet_Type	Length	Src_nid	Src_port
Hello		80	5	1

Time: 6.085500 sec
Packet_Type	Length	Src_nid	Src_port
Hello		80	9	1

Time: 6.127600 sec
Packet_Type	Length	Src_nid	Src_port
Hello		80	5	1

Time: 8.174700 sec
Packet_Type	Length	Src_nid	Src_port
Hello		80	9	1

Time: 10.262800 sec
Packet_Type	Length	Src_nid	Src_port
Hello		80	9	1

Time: 12.278900 sec
Packet_Type	Length	Src_nid	Src_port
Hello		80	9	1

Time: 16.372000 sec
Packet_Type	Length	Src_nid	Src_port
Hello		80	9	1

Time: 18.500100 sec
Packet_Type	Length	Src_nid	Src_port
Hello		80	9	1

Time: 18.723729 sec
Packet_Type		Length	Src_Nid	src_port	Option	Center_nid	Neighbor_nid	Data_plane_port
NeighborUpdate		544	10	1		Finish	 		 		 

Time: 18.982829 sec
Packet_Type		Length	Src_Nid	src_port	Option	Center_nid	Neighbor_nid	Data_plane_port
NeighborUpdate		544	10	1		New	8		6		1
 		 	 	 		 	 			9		1
 		 	 	 		 	 			5		1

Time: 18.991929 sec
Packet_Type		Length	Src_Nid	src_port	Option	Center_nid	Neighbor_nid	Data_plane_port
NeighborUpdate		544	10	1		Finish	 		 		 

Time: 18.994029 sec
Packet_Type		Length	Src_Nid	src_port	Option	Center_nid	Neighbor_nid	Data_plane_port
NeighborUpdate		544	10	1		New	8		6		1
 		 	 	 		 	 			9		1
 		 	 	 		 	 			5		1

Time: 18.995129 sec
Packet_Type		Length	Src_Nid	src_port	Option	Center_nid	Neighbor_nid	Data_plane_port
NeighborUpdate		544	10	1		Finish	 		 		 

Time: 18.996229 sec
Packet_Type		Length	Src_Nid	src_port	Option	Center_nid	Neighbor_nid	Data_plane_port
NeighborUpdate		544	10	1		New	8		6		1
 		 	 	 		 	 			9		1
 		 	 	 		 	 			5		1

Time: 18.998329 sec
Packet_Type		Length	Src_Nid	src_port	Option	Center_nid	Neighbor_nid	Data_plane_port
NeighborUpdate		544	10	1		Finish	 		 		 

Time: 19.394799 sec
Packet_Type		Length	Src_nid	Src_port	Option	Origin_nid	Destination_nid	Next_hop_nid
UpdateDataPlaneRouting	796	10	1		New	8		3		5
 		 	 	 		 		 		4		5
 		 	 	 		 		 		5		5
 		 	 	 		 		 		6		6
 		 	 	 		 		 		7		5
 		 	 	 		 		 		9		9
 		 	 	 		 		 		10		5

Time: 19.395899 sec
Packet_Type		Length	Src_nid	Src_port	Option	Origin_nid	Destination_nid	Next_hop_nid
UpdateDataPlaneRouting	796	10	1		Finish	 		 		 

Time: 20.522200 sec
Packet_Type	Length	Src_nid	Src_port
Hello		80	9	1

Time: 21.497199 sec
Packet_Type		Length	Src_nid	Src_port	Option	Origin_nid	Destination_nid	Next_hop_nid
UpdateDataPlaneRouting	796	10	1		New	8		3		9
 		 	 	 		 		 		4		9
 		 	 	 		 		 		5		9
 		 	 	 		 		 		7		9
 		 	 	 		 		 		9		9
 		 	 	 		 		 		10		9

Time: 21.498299 sec
Packet_Type		Length	Src_nid	Src_port	Option	Origin_nid	Destination_nid	Next_hop_nid
UpdateDataPlaneRouting	796	10	1		Finish	 		 		 

Time: 28.743300 sec
Packet_Type	Length	Src_nid	Src_port
Hello		80	9	1

Time: 30.803400 sec
Packet_Type	Length	Src_nid	Src_port
Hello		80	9	1

Time: 32.851500 sec
Packet_Type	Length	Src_nid	Src_port
Hello		80	9	1

Time: 34.899600 sec
Packet_Type	Length	Src_nid	Src_port
Hello		80	9	1

Time: 36.904700 sec
Packet_Type	Length	Src_nid	Src_port
Hello		80	9	1

Time: 38.803599 sec
Packet_Type		Length	Src_nid	Src_port	Option	Origin_nid	Destination_nid	Next_hop_nid
UpdateDataPlaneRouting	796	10	1		New	8		3		9
 		 	 	 		 		 		4		9
 		 	 	 		 		 		5		9
 		 	 	 		 		 		7		9
 		 	 	 		 		 		9		9
 		 	 	 		 		 		10		9

Time: 38.806699 sec
Packet_Type		Length	Src_nid	Src_port	Option	Origin_nid	Destination_nid	Next_hop_nid
UpdateDataPlaneRouting	796	10	1		Finish	 		 		 

Time: 38.959800 sec
Packet_Type	Length	Src_nid	Src_port
Hello		80	9	1

Time: 40.957900 sec
Packet_Type	Length	Src_nid	Src_port
Hello		80	9	1

Time: 42.132565 sec
Packet_Type		Length	Src_Nid	src_port	Option	Center_nid	Neighbor_nid	Data_plane_port
NeighborUpdate		544	10	1		Finish	 		 		 

Time: 42.133665 sec
Packet_Type		Length	Src_Nid	src_port	Option	Center_nid	Neighbor_nid	Data_plane_port
NeighborUpdate		544	10	1		Finish	 		 		 

Time: 42.134765 sec
Packet_Type		Length	Src_Nid	src_port	Option	Center_nid	Neighbor_nid	Data_plane_port
NeighborUpdate		544	10	1		Finish	 		 		 

Time: 42.143865 sec
Packet_Type		Length	Src_nid	Src_port	Option	Origin_nid	Destination_nid	Next_hop_nid
UpdateDataPlaneRouting	796	10	1		New	8		4		9
 		 	 	 		 		 		7		9
 		 	 	 		 		 		9		9
 		 	 	 		 		 		10		9

Time: 42.209965 sec
Packet_Type		Length	Src_nid	Src_port	Option	Origin_nid	Destination_nid	Next_hop_nid
UpdateDataPlaneRouting	796	10	1		Finish	 		 		 

Time: 42.402065 sec
Packet_Type		Length	Src_nid	Src_port	Option	Origin_nid	Destination_nid	Next_hop_nid
UpdateDataPlaneRouting	796	10	1		New	8		4		9
 		 	 	 		 		 		7		9
 		 	 	 		 		 		9		9
 		 	 	 		 		 		10		9

Time: 42.405165 sec
Packet_Type		Length	Src_nid	Src_port	Option	Origin_nid	Destination_nid	Next_hop_nid
UpdateDataPlaneRouting	796	10	1		Finish	 		 		 

Time: 42.770265 sec
Packet_Type		Length	Src_nid	Src_port	Option	Origin_nid	Destination_nid	Next_hop_nid
UpdateDataPlaneRouting	796	10	1		New	8		1		9
 		 	 	 		 		 		4		9
 		 	 	 		 		 		7		9
 		 	 	 		 		 		9		9
 		 	 	 		 		 		10		9

Time: 42.808365 sec
Packet_Type		Length	Src_nid	Src_port	Option	Origin_nid	Destination_nid	Next_hop_nid
UpdateDataPlaneRouting	796	10	1		Finish	 		 		 

Time: 42.967000 sec
Packet_Type	Length	Src_nid	Src_port
Hello		80	9	1

Time: 43.017665 sec
Packet_Type		Length	Src_nid	Src_port	Option	Origin_nid	Destination_nid	Next_hop_nid
UpdateDataPlaneRouting	796	10	1		New	8		1		9
 		 	 	 		 		 		4		9
 		 	 	 		 		 		7		9
 		 	 	 		 		 		9		9
 		 	 	 		 		 		10		9

Time: 43.018765 sec
Packet_Type		Length	Src_nid	Src_port	Option	Origin_nid	Destination_nid	Next_hop_nid
UpdateDataPlaneRouting	796	10	1		Finish	 		 		 

Time: 44.502865 sec
Packet_Type		Length	Src_nid	Src_port	Option	Origin_nid	Destination_nid	Next_hop_nid
UpdateDataPlaneRouting	796	10	1		New	8		1		9
 		 	 	 		 		 		3		9
 		 	 	 		 		 		4		9
 		 	 	 		 		 		5		9
 		 	 	 		 		 		7		9
 		 	 	 		 		 		9		9
 		 	 	 		 		 		10		9

Time: 44.521965 sec
Packet_Type		Length	Src_nid	Src_port	Option	Origin_nid	Destination_nid	Next_hop_nid
UpdateDataPlaneRouting	796	10	1		Finish	 		 		 

Time: 44.968100 sec
Packet_Type	Length	Src_nid	Src_port
Hello		80	9	1

Time: 46.891200 sec
Packet_Type	Length	Src_nid	Src_port
Hello		80	6	1

Time: 46.967465 sec
Packet_Type		Length	Src_nid	Src_port	Option	Origin_nid	Destination_nid	Next_hop_nid
UpdateDataPlaneRouting	796	10	1		New	8		1		9
 		 	 	 		 		 		3		9
 		 	 	 		 		 		4		9
 		 	 	 		 		 		5		9
 		 	 	 		 		 		6		9
 		 	 	 		 		 		7		9
 		 	 	 		 		 		9		9
 		 	 	 		 		 		10		9

Time: 46.974565 sec
Packet_Type		Length	Src_nid	Src_port	Option	Origin_nid	Destination_nid	Next_hop_nid
UpdateDataPlaneRouting	796	10	1		Finish	 		 		 

Time: 47.022300 sec
Packet_Type	Length	Src_nid	Src_port
Hello		80	9	1

Time: 47.461865 sec
Packet_Type		Length	Src_nid	Src_port	Option	Origin_nid	Destination_nid	Next_hop_nid
UpdateDataPlaneRouting	796	10	1		New	8		1		9
 		 	 	 		 		 		3		6
 		 	 	 		 		 		4		9
 		 	 	 		 		 		5		6
 		 	 	 		 		 		6		6
 		 	 	 		 		 		7		9
 		 	 	 		 		 		9		9
 		 	 	 		 		 		10		9

Time: 47.462965 sec
Packet_Type		Length	Src_nid	Src_port	Option	Origin_nid	Destination_nid	Next_hop_nid
UpdateDataPlaneRouting	796	10	1		Finish	 		 		 

Time: 47.480065 sec
Packet_Type		Length	Src_nid	Src_port	Option	Origin_nid	Destination_nid	Next_hop_nid
UpdateDataPlaneRouting	796	10	1		New	8		1		9
 		 	 	 		 		 		3		6
 		 	 	 		 		 		4		9
 		 	 	 		 		 		5		6
 		 	 	 		 		 		6		6
 		 	 	 		 		 		7		9
 		 	 	 		 		 		9		9
 		 	 	 		 		 		10		9

Time: 47.481165 sec
Packet_Type		Length	Src_nid	Src_port	Option	Origin_nid	Destination_nid	Next_hop_nid
UpdateDataPlaneRouting	796	10	1		Finish	 		 		 

Time: 47.878265 sec
Packet_Type		Length	Src_nid	Src_port	Option	Origin_nid	Destination_nid	Next_hop_nid
UpdateDataPlaneRouting	796	10	1		New	8		1		9
 		 	 	 		 		 		3		6
 		 	 	 		 		 		4		9
 		 	 	 		 		 		5		6
 		 	 	 		 		 		6		6
 		 	 	 		 		 		7		9
 		 	 	 		 		 		9		9
 		 	 	 		 		 		10		9

Time: 47.883365 sec
Packet_Type		Length	Src_nid	Src_port	Option	Origin_nid	Destination_nid	Next_hop_nid
UpdateDataPlaneRouting	796	10	1		Finish	 		 		 

Time: 48.715983 sec
Packet_Type		Length	Src_nid	Src_port	Option	Origin_nid	Destination_nid	Next_hop_nid
UpdateDataPlaneRouting	796	10	1		New	8		3		6
 		 	 	 		 		 		4		9
 		 	 	 		 		 		5		6
 		 	 	 		 		 		6		6
 		 	 	 		 		 		9		9
 		 	 	 		 		 		10		9

Time: 48.718083 sec
Packet_Type		Length	Src_nid	Src_port	Option	Origin_nid	Destination_nid	Next_hop_nid
UpdateDataPlaneRouting	796	10	1		Finish	 		 		 

Time: 49.097400 sec
Packet_Type	Length	Src_nid	Src_port
Hello		80	9	1

Time: 49.901383 sec
Packet_Type		Length	Src_nid	Src_port	Option	Origin_nid	Destination_nid	Next_hop_nid
UpdateDataPlaneRouting	796	10	1		New	8		1		9
 		 	 	 		 		 		3		6
 		 	 	 		 		 		4		9
 		 	 	 		 		 		5		6
 		 	 	 		 		 		6		6
 		 	 	 		 		 		7		9
 		 	 	 		 		 		9		9
 		 	 	 		 		 		10		9

Time: 49.905483 sec
Packet_Type		Length	Src_nid	Src_port	Option	Origin_nid	Destination_nid	Next_hop_nid
UpdateDataPlaneRouting	796	10	1		Finish	 		 		 

Time: 50.099583 sec
Packet_Type		Length	Src_nid	Src_port	Option	Origin_nid	Destination_nid	Next_hop_nid
UpdateDataPlaneRouting	796	10	1		New	8		1		9
 		 	 	 		 		 		3		6
 		 	 	 		 		 		4		9
 		 	 	 		 		 		5		6
 		 	 	 		 		 		6		6
 		 	 	 		 		 		7		9
 		 	 	 		 		 		9		9
 		 	 	 		 		 		10		9

Time: 50.101683 sec
Packet_Type		Length	Src_nid	Src_port	Option	Origin_nid	Destination_nid	Next_hop_nid
UpdateDataPlaneRouting	796	10	1		Finish	 		 		 

Time: 50.221783 sec
Packet_Type		Length	Src_nid	Src_port	Option	Origin_nid	Destination_nid	Next_hop_nid
UpdateDataPlaneRouting	796	10	1		New	8		1		9
 		 	 	 		 		 		3		6
 		 	 	 		 		 		4		9
 		 	 	 		 		 		6		6
 		 	 	 		 		 		7		9
 		 	 	 		 		 		9		9
 		 	 	 		 		 		10		9

Time: 50.223883 sec
Packet_Type		Length	Src_nid	Src_port	Option	Origin_nid	Destination_nid	Next_hop_nid
UpdateDataPlaneRouting	796	10	1		Finish	 		 		 

Time: 50.703983 sec
Packet_Type		Length	Src_nid	Src_port	Option	Origin_nid	Destination_nid	Next_hop_nid
UpdateDataPlaneRouting	796	10	1		New	8		3		6
 		 	 	 		 		 		4		9
 		 	 	 		 		 		6		6
 		 	 	 		 		 		7		9
 		 	 	 		 		 		9		9
 		 	 	 		 		 		10		9

Time: 50.706083 sec
Packet_Type		Length	Src_nid	Src_port	Option	Origin_nid	Destination_nid	Next_hop_nid
UpdateDataPlaneRouting	796	10	1		Finish	 		 		 

Time: 50.707183 sec
Packet_Type		Length	Src_nid	Src_port	Option	Origin_nid	Destination_nid	Next_hop_nid
UpdateDataPlaneRouting	796	10	1		New	8		3		6
 		 	 	 		 		 		4		9
 		 	 	 		 		 		6		6
 		 	 	 		 		 		7		9
 		 	 	 		 		 		9		9
 		 	 	 		 		 		10		9

Time: 50.714283 sec
Packet_Type		Length	Src_nid	Src_port	Option	Origin_nid	Destination_nid	Next_hop_nid
UpdateDataPlaneRouting	796	10	1		Finish	 		 		 

Time: 50.715383 sec
Packet_Type		Length	Src_nid	Src_port	Option	Origin_nid	Destination_nid	Next_hop_nid
UpdateDataPlaneRouting	796	10	1		New	8		3		6
 		 	 	 		 		 		4		9
 		 	 	 		 		 		6		6
 		 	 	 		 		 		7		9
 		 	 	 		 		 		9		9
 		 	 	 		 		 		10		9

Time: 50.717483 sec
Packet_Type		Length	Src_nid	Src_port	Option	Origin_nid	Destination_nid	Next_hop_nid
UpdateDataPlaneRouting	796	10	1		Finish	 		 		 

Time: 51.107500 sec
Packet_Type	Length	Src_nid	Src_port
Hello		80	9	1

Time: 51.964983 sec
Packet_Type		Length	Src_nid	Src_port	Option	Origin_nid	Destination_nid	Next_hop_nid
UpdateDataPlaneRouting	796	10	1		New	8		3		6
 		 	 	 		 		 		4		9
 		 	 	 		 		 		6		6
 		 	 	 		 		 		7		9
 		 	 	 		 		 		9		9
 		 	 	 		 		 		10		9

Time: 51.967083 sec
Packet_Type		Length	Src_nid	Src_port	Option	Origin_nid	Destination_nid	Next_hop_nid
UpdateDataPlaneRouting	796	10	1		Finish	 		 		 

Time: 52.213183 sec
Packet_Type		Length	Src_nid	Src_port	Option	Origin_nid	Destination_nid	Next_hop_nid
UpdateDataPlaneRouting	796	10	1		New	8		3		6
 		 	 	 		 		 		4		9
 		 	 	 		 		 		6		6
 		 	 	 		 		 		7		9
 		 	 	 		 		 		9		9
 		 	 	 		 		 		10		9

Time: 52.228283 sec
Packet_Type		Length	Src_nid	Src_port	Option	Origin_nid	Destination_nid	Next_hop_nid
UpdateDataPlaneRouting	796	10	1		Finish	 		 		 

Time: 52.256383 sec
Packet_Type		Length	Src_nid	Src_port	Option	Origin_nid	Destination_nid	Next_hop_nid
UpdateDataPlaneRouting	796	10	1		New	8		3		6
 		 	 	 		 		 		4		9
 		 	 	 		 		 		6		6
 		 	 	 		 		 		7		9
 		 	 	 		 		 		9		9
 		 	 	 		 		 		10		9

Time: 52.260483 sec
Packet_Type		Length	Src_nid	Src_port	Option	Origin_nid	Destination_nid	Next_hop_nid
UpdateDataPlaneRouting	796	10	1		Finish	 		 		 

Time: 52.286583 sec
Packet_Type		Length	Src_nid	Src_port	Option	Origin_nid	Destination_nid	Next_hop_nid
UpdateDataPlaneRouting	796	10	1		New	8		3		6
 		 	 	 		 		 		4		9
 		 	 	 		 		 		6		6
 		 	 	 		 		 		7		9
 		 	 	 		 		 		9		9
 		 	 	 		 		 		10		9

Time: 52.295683 sec
Packet_Type		Length	Src_nid	Src_port	Option	Origin_nid	Destination_nid	Next_hop_nid
UpdateDataPlaneRouting	796	10	1		Finish	 		 		 

Time: 52.600214 sec
Packet_Type		Length	Src_Nid	src_port	Option	Center_nid	Neighbor_nid	Data_plane_port
NeighborUpdate		544	10	1		New	9		8		1
 		 	 	 		 	 			10		1
 		 	 	 		 	 			4		1
 		 	 	 		 	 			3		1

Time: 52.601314 sec
Packet_Type		Length	Src_Nid	src_port	Option	Center_nid	Neighbor_nid	Data_plane_port
NeighborUpdate		544	10	1		Finish	 		 		 

Time: 52.700414 sec
Packet_Type		Length	Src_Nid	src_port	Option	Center_nid	Neighbor_nid	Data_plane_port
NeighborUpdate		544	10	1		New	7		10		1
 		 	 	 		 	 			4		1

Time: 52.702514 sec
Packet_Type		Length	Src_Nid	src_port	Option	Center_nid	Neighbor_nid	Data_plane_port
NeighborUpdate		544	10	1		Finish	 		 		 

Time: 52.710614 sec
Packet_Type		Length	Src_nid	Src_port	Option	Origin_nid	Destination_nid	Next_hop_nid
UpdateDataPlaneRouting	796	10	1		New	8		3		6
 		 	 	 		 		 		4		9
 		 	 	 		 		 		6		6
 		 	 	 		 		 		7		9
 		 	 	 		 		 		9		9
 		 	 	 		 		 		10		9

Time: 52.713714 sec
Packet_Type		Length	Src_nid	Src_port	Option	Origin_nid	Destination_nid	Next_hop_nid
UpdateDataPlaneRouting	796	10	1		Finish	 		 		 

Time: 53.140600 sec
Packet_Type	Length	Src_nid	Src_port
Hello		80	9	1

Time: 55.051014 sec
Packet_Type		Length	Src_nid	Src_port	Option	Origin_nid	Destination_nid	Next_hop_nid
UpdateDataPlaneRouting	796	10	1		New	8		3		9
 		 	 	 		 		 		4		9
 		 	 	 		 		 		7		9
 		 	 	 		 		 		9		9
 		 	 	 		 		 		10		9

Time: 55.058114 sec
Packet_Type		Length	Src_nid	Src_port	Option	Origin_nid	Destination_nid	Next_hop_nid
UpdateDataPlaneRouting	796	10	1		Finish	 		 		 

Time: 55.154700 sec
Packet_Type	Length	Src_nid	Src_port
Hello		80	9	1

Time: 55.519414 sec
Packet_Type		Length	Src_nid	Src_port	Option	Origin_nid	Destination_nid	Next_hop_nid
UpdateDataPlaneRouting	796	10	1		New	8		3		9
 		 	 	 		 		 		4		9
 		 	 	 		 		 		7		9
 		 	 	 		 		 		9		9
 		 	 	 		 		 		10		9

Time: 55.521514 sec
Packet_Type		Length	Src_nid	Src_port	Option	Origin_nid	Destination_nid	Next_hop_nid
UpdateDataPlaneRouting	796	10	1		Finish	 		 		 

Time: 55.621614 sec
Packet_Type		Length	Src_nid	Src_port	Option	Origin_nid	Destination_nid	Next_hop_nid
UpdateDataPlaneRouting	796	10	1		New	8		4		9
 		 	 	 		 		 		7		9
 		 	 	 		 		 		9		9
 		 	 	 		 		 		10		9

Time: 55.623714 sec
Packet_Type		Length	Src_nid	Src_port	Option	Origin_nid	Destination_nid	Next_hop_nid
UpdateDataPlaneRouting	796	10	1		Finish	 		 		 

Time: 56.968341 sec
Packet_Type		Length	Src_nid	Src_port	Option	Origin_nid	Destination_nid	Next_hop_nid
UpdateDataPlaneRouting	796	10	1		New	8		3		9
 		 	 	 		 		 		4		9
 		 	 	 		 		 		7		9
 		 	 	 		 		 		9		9
 		 	 	 		 		 		10		9

Time: 56.970441 sec
Packet_Type		Length	Src_nid	Src_port	Option	Origin_nid	Destination_nid	Next_hop_nid
UpdateDataPlaneRouting	796	10	1		Finish	 		 		 

Time: 57.212800 sec
Packet_Type	Length	Src_nid	Src_port
Hello		80	9	1

Time: 57.260741 sec
Packet_Type		Length	Src_nid	Src_port	Option	Origin_nid	Destination_nid	Next_hop_nid
UpdateDataPlaneRouting	796	10	1		New	8		3		9
 		 	 	 		 		 		4		9
 		 	 	 		 		 		7		9
 		 	 	 		 		 		9		9
 		 	 	 		 		 		10		9

Time: 57.263841 sec
Packet_Type		Length	Src_nid	Src_port	Option	Origin_nid	Destination_nid	Next_hop_nid
UpdateDataPlaneRouting	796	10	1		Finish	 		 		 

Time: 57.603941 sec
Packet_Type		Length	Src_nid	Src_port	Option	Origin_nid	Destination_nid	Next_hop_nid
UpdateDataPlaneRouting	796	10	1		New	8		3		9
 		 	 	 		 		 		4		9
 		 	 	 		 		 		7		9
 		 	 	 		 		 		9		9
 		 	 	 		 		 		10		9

Time: 57.606041 sec
Packet_Type		Length	Src_nid	Src_port	Option	Origin_nid	Destination_nid	Next_hop_nid
UpdateDataPlaneRouting	796	10	1		Finish	 		 		 

Time: 57.855141 sec
Packet_Type		Length	Src_nid	Src_port	Option	Origin_nid	Destination_nid	Next_hop_nid
UpdateDataPlaneRouting	796	10	1		New	8		3		9
 		 	 	 		 		 		4		9
 		 	 	 		 		 		7		9
 		 	 	 		 		 		9		9
 		 	 	 		 		 		10		9

Time: 57.865241 sec
Packet_Type		Length	Src_nid	Src_port	Option	Origin_nid	Destination_nid	Next_hop_nid
UpdateDataPlaneRouting	796	10	1		Finish	 		 		 

Time: 65.440900 sec
Packet_Type	Length	Src_nid	Src_port
Hello		80	9	1

Time: 67.456000 sec
Packet_Type	Length	Src_nid	Src_port
Hello		80	9	1

Time: 69.485100 sec
Packet_Type	Length	Src_nid	Src_port
Hello		80	9	1

Time: 71.517200 sec
Packet_Type	Length	Src_nid	Src_port
Hello		80	9	1

Time: 73.573300 sec
Packet_Type	Length	Src_nid	Src_port
Hello		80	9	1

Time: 75.618400 sec
Packet_Type	Length	Src_nid	Src_port
Hello		80	9	1

Time: 77.702500 sec
Packet_Type	Length	Src_nid	Src_port
Hello		80	9	1

Time: 79.709600 sec
Packet_Type	Length	Src_nid	Src_port
Hello		80	9	1

Time: 81.739700 sec
Packet_Type	Length	Src_nid	Src_port
Hello		80	9	1

Time: 83.789800 sec
Packet_Type	Length	Src_nid	Src_port
Hello		80	9	1

Time: 84.749117 sec
Packet_Type		Length	Src_Nid	src_port	Option	Center_nid	Neighbor_nid	Data_plane_port
NeighborUpdate		544	10	1		Finish	 		 		 

Time: 84.775465 sec
Packet_Type		Length	Src_nid	Src_port	Option	Origin_nid	Destination_nid	Next_hop_nid
UpdateDataPlaneRouting	796	10	1		New	8		3		9
 		 	 	 		 		 		4		9
 		 	 	 		 		 		9		9
 		 	 	 		 		 		10		9

Time: 84.776565 sec
Packet_Type		Length	Src_nid	Src_port	Option	Origin_nid	Destination_nid	Next_hop_nid
UpdateDataPlaneRouting	796	10	1		Finish	 		 		 

Time: 85.185665 sec
Packet_Type		Length	Src_nid	Src_port	Option	Origin_nid	Destination_nid	Next_hop_nid
UpdateDataPlaneRouting	796	10	1		New	8		3		9
 		 	 	 		 		 		4		9
 		 	 	 		 		 		9		9
 		 	 	 		 		 		10		9

Time: 85.191765 sec
Packet_Type		Length	Src_nid	Src_port	Option	Origin_nid	Destination_nid	Next_hop_nid
UpdateDataPlaneRouting	796	10	1		Finish	 		 		 

Time: 85.857900 sec
Packet_Type	Length	Src_nid	Src_port
Hello		80	9	1

Time: 85.950065 sec
Packet_Type		Length	Src_nid	Src_port	Option	Origin_nid	Destination_nid	Next_hop_nid
UpdateDataPlaneRouting	796	10	1		New	8		3		9
 		 	 	 		 		 		4		9
 		 	 	 		 		 		7		9
 		 	 	 		 		 		9		9
 		 	 	 		 		 		10		9

Time: 85.952165 sec
Packet_Type		Length	Src_nid	Src_port	Option	Origin_nid	Destination_nid	Next_hop_nid
UpdateDataPlaneRouting	796	10	1		Finish	 		 		 

Time: 86.754265 sec
Packet_Type		Length	Src_nid	Src_port	Option	Origin_nid	Destination_nid	Next_hop_nid
UpdateDataPlaneRouting	796	10	1		New	8		3		9
 		 	 	 		 		 		4		9
 		 	 	 		 		 		7		9
 		 	 	 		 		 		9		9
 		 	 	 		 		 		10		9

Time: 86.757365 sec
Packet_Type		Length	Src_nid	Src_port	Option	Origin_nid	Destination_nid	Next_hop_nid
UpdateDataPlaneRouting	796	10	1		Finish	 		 		 

Time: 87.081465 sec
Packet_Type		Length	Src_nid	Src_port	Option	Origin_nid	Destination_nid	Next_hop_nid
UpdateDataPlaneRouting	796	10	1		New	8		3		9
 		 	 	 		 		 		4		9
 		 	 	 		 		 		7		9
 		 	 	 		 		 		9		9
 		 	 	 		 		 		10		9

Time: 87.083565 sec
Packet_Type		Length	Src_nid	Src_port	Option	Origin_nid	Destination_nid	Next_hop_nid
UpdateDataPlaneRouting	796	10	1		Finish	 		 		 

Time: 87.936000 sec
Packet_Type	Length	Src_nid	Src_port
Hello		80	9	1

Time: 89.942100 sec
Packet_Type	Length	Src_nid	Src_port
Hello		80	9	1

Time: 96.041265 sec
Packet_Type		Length	Src_nid	Src_port	Option	Origin_nid	Destination_nid	Next_hop_nid
UpdateDataPlaneRouting	796	10	1		New	8		3		9
 		 	 	 		 		 		4		9
 		 	 	 		 		 		7		9
 		 	 	 		 		 		9		9
 		 	 	 		 		 		10		9

Time: 96.088200 sec
Packet_Type	Length	Src_nid	Src_port
Hello		80	9	1

Time: 96.179565 sec
Packet_Type		Length	Src_nid	Src_port	Option	Origin_nid	Destination_nid	Next_hop_nid
UpdateDataPlaneRouting	796	10	1		Finish	 		 		 

Time: 96.187665 sec
Packet_Type		Length	Src_nid	Src_port	Option	Origin_nid	Destination_nid	Next_hop_nid
UpdateDataPlaneRouting	796	10	1		New	8		3		9
 		 	 	 		 		 		4		9
 		 	 	 		 		 		7		9
 		 	 	 		 		 		9		9
 		 	 	 		 		 		10		9

Time: 96.314765 sec
Packet_Type		Length	Src_nid	Src_port	Option	Origin_nid	Destination_nid	Next_hop_nid
UpdateDataPlaneRouting	796	10	1		Finish	 		 		 

Time: 96.316865 sec
Packet_Type		Length	Src_nid	Src_port	Option	Origin_nid	Destination_nid	Next_hop_nid
UpdateDataPlaneRouting	796	10	1		New	8		3		9
 		 	 	 		 		 		4		9
 		 	 	 		 		 		7		9
 		 	 	 		 		 		9		9
 		 	 	 		 		 		10		9

Time: 96.318965 sec
Packet_Type		Length	Src_nid	Src_port	Option	Origin_nid	Destination_nid	Next_hop_nid
UpdateDataPlaneRouting	796	10	1		Finish	 		 		 

Time: 98.088300 sec
Packet_Type	Length	Src_nid	Src_port
Hello		80	9	1

