
====== MIB Counters (1.000 sec) ======
aFailedCount = 0
aRetryCount = 0
aFrameDuplicateCount = 0
aRTSSuccessCount = 0
aRTSFailureCount = 0
aACKFailureCount = 0
aFCSErrorCount = 0
aTransmittedFrameCount = 27
aTransmittedAMSDUCount = 0
aFailedAMSDUCount = 0
aRetryAMSDUCount = 0
aTransmittedOctetsInAMSDUCount = 0
aAMSDUAckFailureCount = 0
aReceivedAMSDUCount = 0
aReceivedOctetsInAMSDUCount = 0
aTransmittedAMPDUCount = 0
aTransmittedMPDUsInAMPDUCount = 0
aTransmittedOctetsInAMPDUCount = 0
aAMPDUReceivedCount = 0
aMPDUInReceivedAMPDUCount = 0
aReceivedOctetsInAMPDUCount = 0
aAMPDUDelimiterCRCErrorCount = 0
aExplicitBARFailureCount = 0
aChannelWidthSwitchCount = 0
aTwentyMHzFrameTransmittedCount = 61
aFortyMHzFrameTransmittedCount = 0
aTwentyMHzFrameReceivedCount = 209
aFortyMHzFrameReceivedCount = 0

====== MIB Counters (2.000 sec) ======
aFailedCount = 0
aRetryCount = 7
aFrameDuplicateCount = 0
aRTSSuccessCount = 0
aRTSFailureCount = 0
aACKFailureCount = 0
aFCSErrorCount = 0
aTransmittedFrameCount = 86
aTransmittedAMSDUCount = 0
aFailedAMSDUCount = 0
aRetryAMSDUCount = 0
aTransmittedOctetsInAMSDUCount = 0
aAMSDUAckFailureCount = 0
aReceivedAMSDUCount = 0
aReceivedOctetsInAMSDUCount = 0
aTransmittedAMPDUCount = 0
aTransmittedMPDUsInAMPDUCount = 0
aTransmittedOctetsInAMPDUCount = 0
aAMPDUReceivedCount = 0
aMPDUInReceivedAMPDUCount = 0
aReceivedOctetsInAMPDUCount = 0
aAMPDUDelimiterCRCErrorCount = 0
aExplicitBARFailureCount = 0
aChannelWidthSwitchCount = 0
aTwentyMHzFrameTransmittedCount = 133
aFortyMHzFrameTransmittedCount = 0
aTwentyMHzFrameReceivedCount = 382
aFortyMHzFrameReceivedCount = 0

====== MIB Counters (3.000 sec) ======
aFailedCount = 0
aRetryCount = 21
aFrameDuplicateCount = 0
aRTSSuccessCount = 0
aRTSFailureCount = 0
aACKFailureCount = 0
aFCSErrorCount = 0
aTransmittedFrameCount = 363
aTransmittedAMSDUCount = 0
aFailedAMSDUCount = 0
aRetryAMSDUCount = 0
aTransmittedOctetsInAMSDUCount = 0
aAMSDUAckFailureCount = 0
aReceivedAMSDUCount = 0
aReceivedOctetsInAMSDUCount = 0
aTransmittedAMPDUCount = 0
aTransmittedMPDUsInAMPDUCount = 0
aTransmittedOctetsInAMPDUCount = 0
aAMPDUReceivedCount = 0
aMPDUInReceivedAMPDUCount = 0
aReceivedOctetsInAMPDUCount = 0
aAMPDUDelimiterCRCErrorCount = 0
aExplicitBARFailureCount = 0
aChannelWidthSwitchCount = 0
aTwentyMHzFrameTransmittedCount = 721
aFortyMHzFrameTransmittedCount = 0
aTwentyMHzFrameReceivedCount = 1516
aFortyMHzFrameReceivedCount = 0

====== MIB Counters (4.000 sec) ======
aFailedCount = 8
aRetryCount = 44
aFrameDuplicateCount = 0
aRTSSuccessCount = 0
aRTSFailureCount = 0
aACKFailureCount = 0
aFCSErrorCount = 0
aTransmittedFrameCount = 442
aTransmittedAMSDUCount = 0
aFailedAMSDUCount = 0
aRetryAMSDUCount = 0
aTransmittedOctetsInAMSDUCount = 0
aAMSDUAckFailureCount = 0
aReceivedAMSDUCount = 0
aReceivedOctetsInAMSDUCount = 0
aTransmittedAMPDUCount = 0
aTransmittedMPDUsInAMPDUCount = 0
aTransmittedOctetsInAMPDUCount = 0
aAMPDUReceivedCount = 0
aMPDUInReceivedAMPDUCount = 0
aReceivedOctetsInAMPDUCount = 0
aAMPDUDelimiterCRCErrorCount = 0
aExplicitBARFailureCount = 0
aChannelWidthSwitchCount = 0
aTwentyMHzFrameTransmittedCount = 1157
aFortyMHzFrameTransmittedCount = 0
aTwentyMHzFrameReceivedCount = 2643
aFortyMHzFrameReceivedCount = 0

====== MIB Counters (5.000 sec) ======
aFailedCount = 14
aRetryCount = 63
aFrameDuplicateCount = 0
aRTSSuccessCount = 0
aRTSFailureCount = 0
aACKFailureCount = 0
aFCSErrorCount = 0
aTransmittedFrameCount = 468
aTransmittedAMSDUCount = 0
aFailedAMSDUCount = 0
aRetryAMSDUCount = 0
aTransmittedOctetsInAMSDUCount = 0
aAMSDUAckFailureCount = 0
aReceivedAMSDUCount = 0
aReceivedOctetsInAMSDUCount = 0
aTransmittedAMPDUCount = 0
aTransmittedMPDUsInAMPDUCount = 0
aTransmittedOctetsInAMPDUCount = 0
aAMPDUReceivedCount = 0
aMPDUInReceivedAMPDUCount = 0
aReceivedOctetsInAMPDUCount = 0
aAMPDUDelimiterCRCErrorCount = 0
aExplicitBARFailureCount = 0
aChannelWidthSwitchCount = 0
aTwentyMHzFrameTransmittedCount = 1577
aFortyMHzFrameTransmittedCount = 0
aTwentyMHzFrameReceivedCount = 3615
aFortyMHzFrameReceivedCount = 0

====== MIB Counters (6.000 sec) ======
aFailedCount = 22
aRetryCount = 83
aFrameDuplicateCount = 0
aRTSSuccessCount = 0
aRTSFailureCount = 0
aACKFailureCount = 0
aFCSErrorCount = 0
aTransmittedFrameCount = 508
aTransmittedAMSDUCount = 0
aFailedAMSDUCount = 0
aRetryAMSDUCount = 0
aTransmittedOctetsInAMSDUCount = 0
aAMSDUAckFailureCount = 0
aReceivedAMSDUCount = 0
aReceivedOctetsInAMSDUCount = 0
aTransmittedAMPDUCount = 0
aTransmittedMPDUsInAMPDUCount = 0
aTransmittedOctetsInAMPDUCount = 0
aAMPDUReceivedCount = 0
aMPDUInReceivedAMPDUCount = 0
aReceivedOctetsInAMPDUCount = 0
aAMPDUDelimiterCRCErrorCount = 0
aExplicitBARFailureCount = 0
aChannelWidthSwitchCount = 0
aTwentyMHzFrameTransmittedCount = 2020
aFortyMHzFrameTransmittedCount = 0
aTwentyMHzFrameReceivedCount = 4600
aFortyMHzFrameReceivedCount = 0

====== MIB Counters (7.000 sec) ======
aFailedCount = 27
aRetryCount = 88
aFrameDuplicateCount = 0
aRTSSuccessCount = 0
aRTSFailureCount = 0
aACKFailureCount = 0
aFCSErrorCount = 0
aTransmittedFrameCount = 645
aTransmittedAMSDUCount = 0
aFailedAMSDUCount = 0
aRetryAMSDUCount = 0
aTransmittedOctetsInAMSDUCount = 0
aAMSDUAckFailureCount = 0
aReceivedAMSDUCount = 0
aReceivedOctetsInAMSDUCount = 0
aTransmittedAMPDUCount = 0
aTransmittedMPDUsInAMPDUCount = 0
aTransmittedOctetsInAMPDUCount = 0
aAMPDUReceivedCount = 0
aMPDUInReceivedAMPDUCount = 0
aReceivedOctetsInAMPDUCount = 0
aAMPDUDelimiterCRCErrorCount = 0
aExplicitBARFailureCount = 0
aChannelWidthSwitchCount = 0
aTwentyMHzFrameTransmittedCount = 2574
aFortyMHzFrameTransmittedCount = 0
aTwentyMHzFrameReceivedCount = 5564
aFortyMHzFrameReceivedCount = 0

====== MIB Counters (8.000 sec) ======
aFailedCount = 27
aRetryCount = 96
aFrameDuplicateCount = 0
aRTSSuccessCount = 0
aRTSFailureCount = 0
aACKFailureCount = 0
aFCSErrorCount = 0
aTransmittedFrameCount = 975
aTransmittedAMSDUCount = 0
aFailedAMSDUCount = 0
aRetryAMSDUCount = 0
aTransmittedOctetsInAMSDUCount = 0
aAMSDUAckFailureCount = 0
aReceivedAMSDUCount = 0
aReceivedOctetsInAMSDUCount = 0
aTransmittedAMPDUCount = 0
aTransmittedMPDUsInAMPDUCount = 0
aTransmittedOctetsInAMPDUCount = 0
aAMPDUReceivedCount = 0
aMPDUInReceivedAMPDUCount = 0
aReceivedOctetsInAMPDUCount = 0
aAMPDUDelimiterCRCErrorCount = 0
aExplicitBARFailureCount = 0
aChannelWidthSwitchCount = 0
aTwentyMHzFrameTransmittedCount = 3201
aFortyMHzFrameTransmittedCount = 0
aTwentyMHzFrameReceivedCount = 6516
aFortyMHzFrameReceivedCount = 0

====== MIB Counters (9.000 sec) ======
aFailedCount = 27
aRetryCount = 101
aFrameDuplicateCount = 0
aRTSSuccessCount = 0
aRTSFailureCount = 0
aACKFailureCount = 0
aFCSErrorCount = 0
aTransmittedFrameCount = 1269
aTransmittedAMSDUCount = 0
aFailedAMSDUCount = 0
aRetryAMSDUCount = 0
aTransmittedOctetsInAMSDUCount = 0
aAMSDUAckFailureCount = 0
aReceivedAMSDUCount = 0
aReceivedOctetsInAMSDUCount = 0
aTransmittedAMPDUCount = 0
aTransmittedMPDUsInAMPDUCount = 0
aTransmittedOctetsInAMPDUCount = 0
aAMPDUReceivedCount = 0
aMPDUInReceivedAMPDUCount = 0
aReceivedOctetsInAMPDUCount = 0
aAMPDUDelimiterCRCErrorCount = 0
aExplicitBARFailureCount = 0
aChannelWidthSwitchCount = 0
aTwentyMHzFrameTransmittedCount = 3800
aFortyMHzFrameTransmittedCount = 0
aTwentyMHzFrameReceivedCount = 7516
aFortyMHzFrameReceivedCount = 0

====== MIB Counters (10.000 sec) ======
aFailedCount = 27
aRetryCount = 109
aFrameDuplicateCount = 0
aRTSSuccessCount = 0
aRTSFailureCount = 0
aACKFailureCount = 0
aFCSErrorCount = 0
aTransmittedFrameCount = 1559
aTransmittedAMSDUCount = 0
aFailedAMSDUCount = 0
aRetryAMSDUCount = 0
aTransmittedOctetsInAMSDUCount = 0
aAMSDUAckFailureCount = 0
aReceivedAMSDUCount = 0
aReceivedOctetsInAMSDUCount = 0
aTransmittedAMPDUCount = 0
aTransmittedMPDUsInAMPDUCount = 0
aTransmittedOctetsInAMPDUCount = 0
aAMPDUReceivedCount = 0
aMPDUInReceivedAMPDUCount = 0
aReceivedOctetsInAMPDUCount = 0
aAMPDUDelimiterCRCErrorCount = 0
aExplicitBARFailureCount = 0
aChannelWidthSwitchCount = 0
aTwentyMHzFrameTransmittedCount = 4394
aFortyMHzFrameTransmittedCount = 0
aTwentyMHzFrameReceivedCount = 8471
aFortyMHzFrameReceivedCount = 0

====== MIB Counters (11.000 sec) ======
aFailedCount = 27
aRetryCount = 116
aFrameDuplicateCount = 0
aRTSSuccessCount = 0
aRTSFailureCount = 0
aACKFailureCount = 0
aFCSErrorCount = 0
aTransmittedFrameCount = 1844
aTransmittedAMSDUCount = 0
aFailedAMSDUCount = 0
aRetryAMSDUCount = 0
aTransmittedOctetsInAMSDUCount = 0
aAMSDUAckFailureCount = 0
aReceivedAMSDUCount = 0
aReceivedOctetsInAMSDUCount = 0
aTransmittedAMPDUCount = 0
aTransmittedMPDUsInAMPDUCount = 0
aTransmittedOctetsInAMPDUCount = 0
aAMPDUReceivedCount = 0
aMPDUInReceivedAMPDUCount = 0
aReceivedOctetsInAMPDUCount = 0
aAMPDUDelimiterCRCErrorCount = 0
aExplicitBARFailureCount = 0
aChannelWidthSwitchCount = 0
aTwentyMHzFrameTransmittedCount = 4973
aFortyMHzFrameTransmittedCount = 0
aTwentyMHzFrameReceivedCount = 9482
aFortyMHzFrameReceivedCount = 0

====== MIB Counters (12.000 sec) ======
aFailedCount = 27
aRetryCount = 117
aFrameDuplicateCount = 0
aRTSSuccessCount = 0
aRTSFailureCount = 0
aACKFailureCount = 0
aFCSErrorCount = 0
aTransmittedFrameCount = 2118
aTransmittedAMSDUCount = 0
aFailedAMSDUCount = 0
aRetryAMSDUCount = 0
aTransmittedOctetsInAMSDUCount = 0
aAMSDUAckFailureCount = 0
aReceivedAMSDUCount = 0
aReceivedOctetsInAMSDUCount = 0
aTransmittedAMPDUCount = 0
aTransmittedMPDUsInAMPDUCount = 0
aTransmittedOctetsInAMPDUCount = 0
aAMPDUReceivedCount = 0
aMPDUInReceivedAMPDUCount = 0
aReceivedOctetsInAMPDUCount = 0
aAMPDUDelimiterCRCErrorCount = 0
aExplicitBARFailureCount = 0
aChannelWidthSwitchCount = 0
aTwentyMHzFrameTransmittedCount = 5540
aFortyMHzFrameTransmittedCount = 0
aTwentyMHzFrameReceivedCount = 10528
aFortyMHzFrameReceivedCount = 0

====== MIB Counters (13.000 sec) ======
aFailedCount = 27
aRetryCount = 117
aFrameDuplicateCount = 0
aRTSSuccessCount = 0
aRTSFailureCount = 0
aACKFailureCount = 0
aFCSErrorCount = 0
aTransmittedFrameCount = 2425
aTransmittedAMSDUCount = 0
aFailedAMSDUCount = 0
aRetryAMSDUCount = 0
aTransmittedOctetsInAMSDUCount = 0
aAMSDUAckFailureCount = 0
aReceivedAMSDUCount = 0
aReceivedOctetsInAMSDUCount = 0
aTransmittedAMPDUCount = 0
aTransmittedMPDUsInAMPDUCount = 0
aTransmittedOctetsInAMPDUCount = 0
aAMPDUReceivedCount = 0
aMPDUInReceivedAMPDUCount = 0
aReceivedOctetsInAMPDUCount = 0
aAMPDUDelimiterCRCErrorCount = 0
aExplicitBARFailureCount = 0
aChannelWidthSwitchCount = 0
aTwentyMHzFrameTransmittedCount = 6149
aFortyMHzFrameTransmittedCount = 0
aTwentyMHzFrameReceivedCount = 11573
aFortyMHzFrameReceivedCount = 0

====== MIB Counters (14.000 sec) ======
aFailedCount = 27
aRetryCount = 121
aFrameDuplicateCount = 0
aRTSSuccessCount = 0
aRTSFailureCount = 0
aACKFailureCount = 0
aFCSErrorCount = 0
aTransmittedFrameCount = 2719
aTransmittedAMSDUCount = 0
aFailedAMSDUCount = 0
aRetryAMSDUCount = 0
aTransmittedOctetsInAMSDUCount = 0
aAMSDUAckFailureCount = 0
aReceivedAMSDUCount = 0
aReceivedOctetsInAMSDUCount = 0
aTransmittedAMPDUCount = 0
aTransmittedMPDUsInAMPDUCount = 0
aTransmittedOctetsInAMPDUCount = 0
aAMPDUReceivedCount = 0
aMPDUInReceivedAMPDUCount = 0
aReceivedOctetsInAMPDUCount = 0
aAMPDUDelimiterCRCErrorCount = 0
aExplicitBARFailureCount = 0
aChannelWidthSwitchCount = 0
aTwentyMHzFrameTransmittedCount = 6817
aFortyMHzFrameTransmittedCount = 0
aTwentyMHzFrameReceivedCount = 12551
aFortyMHzFrameReceivedCount = 0

====== MIB Counters (15.000 sec) ======
aFailedCount = 27
aRetryCount = 122
aFrameDuplicateCount = 0
aRTSSuccessCount = 0
aRTSFailureCount = 0
aACKFailureCount = 0
aFCSErrorCount = 0
aTransmittedFrameCount = 3037
aTransmittedAMSDUCount = 0
aFailedAMSDUCount = 0
aRetryAMSDUCount = 0
aTransmittedOctetsInAMSDUCount = 0
aAMSDUAckFailureCount = 0
aReceivedAMSDUCount = 0
aReceivedOctetsInAMSDUCount = 0
aTransmittedAMPDUCount = 0
aTransmittedMPDUsInAMPDUCount = 0
aTransmittedOctetsInAMPDUCount = 0
aAMPDUReceivedCount = 0
aMPDUInReceivedAMPDUCount = 0
aReceivedOctetsInAMPDUCount = 0
aAMPDUDelimiterCRCErrorCount = 0
aExplicitBARFailureCount = 0
aChannelWidthSwitchCount = 0
aTwentyMHzFrameTransmittedCount = 7443
aFortyMHzFrameTransmittedCount = 0
aTwentyMHzFrameReceivedCount = 13596
aFortyMHzFrameReceivedCount = 0

====== MIB Counters (16.000 sec) ======
aFailedCount = 27
aRetryCount = 125
aFrameDuplicateCount = 0
aRTSSuccessCount = 0
aRTSFailureCount = 0
aACKFailureCount = 0
aFCSErrorCount = 0
aTransmittedFrameCount = 3355
aTransmittedAMSDUCount = 0
aFailedAMSDUCount = 0
aRetryAMSDUCount = 0
aTransmittedOctetsInAMSDUCount = 0
aAMSDUAckFailureCount = 0
aReceivedAMSDUCount = 0
aReceivedOctetsInAMSDUCount = 0
aTransmittedAMPDUCount = 0
aTransmittedMPDUsInAMPDUCount = 0
aTransmittedOctetsInAMPDUCount = 0
aAMPDUReceivedCount = 0
aMPDUInReceivedAMPDUCount = 0
aReceivedOctetsInAMPDUCount = 0
aAMPDUDelimiterCRCErrorCount = 0
aExplicitBARFailureCount = 0
aChannelWidthSwitchCount = 0
aTwentyMHzFrameTransmittedCount = 8074
aFortyMHzFrameTransmittedCount = 0
aTwentyMHzFrameReceivedCount = 14685
aFortyMHzFrameReceivedCount = 0

====== MIB Counters (17.000 sec) ======
aFailedCount = 27
aRetryCount = 125
aFrameDuplicateCount = 0
aRTSSuccessCount = 0
aRTSFailureCount = 0
aACKFailureCount = 0
aFCSErrorCount = 0
aTransmittedFrameCount = 3638
aTransmittedAMSDUCount = 0
aFailedAMSDUCount = 0
aRetryAMSDUCount = 0
aTransmittedOctetsInAMSDUCount = 0
aAMSDUAckFailureCount = 0
aReceivedAMSDUCount = 0
aReceivedOctetsInAMSDUCount = 0
aTransmittedAMPDUCount = 0
aTransmittedMPDUsInAMPDUCount = 0
aTransmittedOctetsInAMPDUCount = 0
aAMPDUReceivedCount = 0
aMPDUInReceivedAMPDUCount = 0
aReceivedOctetsInAMPDUCount = 0
aAMPDUDelimiterCRCErrorCount = 0
aExplicitBARFailureCount = 0
aChannelWidthSwitchCount = 0
aTwentyMHzFrameTransmittedCount = 8639
aFortyMHzFrameTransmittedCount = 0
aTwentyMHzFrameReceivedCount = 15711
aFortyMHzFrameReceivedCount = 0

====== MIB Counters (18.000 sec) ======
aFailedCount = 27
aRetryCount = 125
aFrameDuplicateCount = 0
aRTSSuccessCount = 0
aRTSFailureCount = 0
aACKFailureCount = 0
aFCSErrorCount = 0
aTransmittedFrameCount = 3865
aTransmittedAMSDUCount = 0
aFailedAMSDUCount = 0
aRetryAMSDUCount = 0
aTransmittedOctetsInAMSDUCount = 0
aAMSDUAckFailureCount = 0
aReceivedAMSDUCount = 0
aReceivedOctetsInAMSDUCount = 0
aTransmittedAMPDUCount = 0
aTransmittedMPDUsInAMPDUCount = 0
aTransmittedOctetsInAMPDUCount = 0
aAMPDUReceivedCount = 0
aMPDUInReceivedAMPDUCount = 0
aReceivedOctetsInAMPDUCount = 0
aAMPDUDelimiterCRCErrorCount = 0
aExplicitBARFailureCount = 0
aChannelWidthSwitchCount = 0
aTwentyMHzFrameTransmittedCount = 9084
aFortyMHzFrameTransmittedCount = 0
aTwentyMHzFrameReceivedCount = 16903
aFortyMHzFrameReceivedCount = 0

====== MIB Counters (19.000 sec) ======
aFailedCount = 27
aRetryCount = 133
aFrameDuplicateCount = 0
aRTSSuccessCount = 0
aRTSFailureCount = 0
aACKFailureCount = 0
aFCSErrorCount = 0
aTransmittedFrameCount = 4062
aTransmittedAMSDUCount = 0
aFailedAMSDUCount = 0
aRetryAMSDUCount = 0
aTransmittedOctetsInAMSDUCount = 0
aAMSDUAckFailureCount = 0
aReceivedAMSDUCount = 0
aReceivedOctetsInAMSDUCount = 0
aTransmittedAMPDUCount = 0
aTransmittedMPDUsInAMPDUCount = 0
aTransmittedOctetsInAMPDUCount = 0
aAMPDUReceivedCount = 0
aMPDUInReceivedAMPDUCount = 0
aReceivedOctetsInAMPDUCount = 0
aAMPDUDelimiterCRCErrorCount = 0
aExplicitBARFailureCount = 0
aChannelWidthSwitchCount = 0
aTwentyMHzFrameTransmittedCount = 9495
aFortyMHzFrameTransmittedCount = 0
aTwentyMHzFrameReceivedCount = 18237
aFortyMHzFrameReceivedCount = 0

====== MIB Counters (20.000 sec) ======
aFailedCount = 27
aRetryCount = 135
aFrameDuplicateCount = 0
aRTSSuccessCount = 0
aRTSFailureCount = 0
aACKFailureCount = 0
aFCSErrorCount = 0
aTransmittedFrameCount = 4134
aTransmittedAMSDUCount = 0
aFailedAMSDUCount = 0
aRetryAMSDUCount = 0
aTransmittedOctetsInAMSDUCount = 0
aAMSDUAckFailureCount = 0
aReceivedAMSDUCount = 0
aReceivedOctetsInAMSDUCount = 0
aTransmittedAMPDUCount = 0
aTransmittedMPDUsInAMPDUCount = 0
aTransmittedOctetsInAMPDUCount = 0
aAMPDUReceivedCount = 0
aMPDUInReceivedAMPDUCount = 0
aReceivedOctetsInAMPDUCount = 0
aAMPDUDelimiterCRCErrorCount = 0
aExplicitBARFailureCount = 0
aChannelWidthSwitchCount = 0
aTwentyMHzFrameTransmittedCount = 10003
aFortyMHzFrameTransmittedCount = 0
aTwentyMHzFrameReceivedCount = 19301
aFortyMHzFrameReceivedCount = 0

====== MIB Counters (21.000 sec) ======
aFailedCount = 27
aRetryCount = 135
aFrameDuplicateCount = 0
aRTSSuccessCount = 0
aRTSFailureCount = 0
aACKFailureCount = 0
aFCSErrorCount = 0
aTransmittedFrameCount = 4158
aTransmittedAMSDUCount = 0
aFailedAMSDUCount = 0
aRetryAMSDUCount = 0
aTransmittedOctetsInAMSDUCount = 0
aAMSDUAckFailureCount = 0
aReceivedAMSDUCount = 0
aReceivedOctetsInAMSDUCount = 0
aTransmittedAMPDUCount = 0
aTransmittedMPDUsInAMPDUCount = 0
aTransmittedOctetsInAMPDUCount = 0
aAMPDUReceivedCount = 0
aMPDUInReceivedAMPDUCount = 0
aReceivedOctetsInAMPDUCount = 0
aAMPDUDelimiterCRCErrorCount = 0
aExplicitBARFailureCount = 0
aChannelWidthSwitchCount = 0
aTwentyMHzFrameTransmittedCount = 10528
aFortyMHzFrameTransmittedCount = 0
aTwentyMHzFrameReceivedCount = 20253
aFortyMHzFrameReceivedCount = 0

====== MIB Counters (22.000 sec) ======
aFailedCount = 27
aRetryCount = 136
aFrameDuplicateCount = 0
aRTSSuccessCount = 0
aRTSFailureCount = 0
aACKFailureCount = 0
aFCSErrorCount = 0
aTransmittedFrameCount = 4176
aTransmittedAMSDUCount = 0
aFailedAMSDUCount = 0
aRetryAMSDUCount = 0
aTransmittedOctetsInAMSDUCount = 0
aAMSDUAckFailureCount = 0
aReceivedAMSDUCount = 0
aReceivedOctetsInAMSDUCount = 0
aTransmittedAMPDUCount = 0
aTransmittedMPDUsInAMPDUCount = 0
aTransmittedOctetsInAMPDUCount = 0
aAMPDUReceivedCount = 0
aMPDUInReceivedAMPDUCount = 0
aReceivedOctetsInAMPDUCount = 0
aAMPDUDelimiterCRCErrorCount = 0
aExplicitBARFailureCount = 0
aChannelWidthSwitchCount = 0
aTwentyMHzFrameTransmittedCount = 11096
aFortyMHzFrameTransmittedCount = 0
aTwentyMHzFrameReceivedCount = 21181
aFortyMHzFrameReceivedCount = 0

====== MIB Counters (23.000 sec) ======
aFailedCount = 27
aRetryCount = 136
aFrameDuplicateCount = 0
aRTSSuccessCount = 0
aRTSFailureCount = 0
aACKFailureCount = 0
aFCSErrorCount = 0
aTransmittedFrameCount = 4199
aTransmittedAMSDUCount = 0
aFailedAMSDUCount = 0
aRetryAMSDUCount = 0
aTransmittedOctetsInAMSDUCount = 0
aAMSDUAckFailureCount = 0
aReceivedAMSDUCount = 0
aReceivedOctetsInAMSDUCount = 0
aTransmittedAMPDUCount = 0
aTransmittedMPDUsInAMPDUCount = 0
aTransmittedOctetsInAMPDUCount = 0
aAMPDUReceivedCount = 0
aMPDUInReceivedAMPDUCount = 0
aReceivedOctetsInAMPDUCount = 0
aAMPDUDelimiterCRCErrorCount = 0
aExplicitBARFailureCount = 0
aChannelWidthSwitchCount = 0
aTwentyMHzFrameTransmittedCount = 11695
aFortyMHzFrameTransmittedCount = 0
aTwentyMHzFrameReceivedCount = 22099
aFortyMHzFrameReceivedCount = 0

====== MIB Counters (24.000 sec) ======
aFailedCount = 27
aRetryCount = 136
aFrameDuplicateCount = 0
aRTSSuccessCount = 0
aRTSFailureCount = 0
aACKFailureCount = 0
aFCSErrorCount = 0
aTransmittedFrameCount = 4201
aTransmittedAMSDUCount = 0
aFailedAMSDUCount = 0
aRetryAMSDUCount = 0
aTransmittedOctetsInAMSDUCount = 0
aAMSDUAckFailureCount = 0
aReceivedAMSDUCount = 0
aReceivedOctetsInAMSDUCount = 0
aTransmittedAMPDUCount = 0
aTransmittedMPDUsInAMPDUCount = 0
aTransmittedOctetsInAMPDUCount = 0
aAMPDUReceivedCount = 0
aMPDUInReceivedAMPDUCount = 0
aReceivedOctetsInAMPDUCount = 0
aAMPDUDelimiterCRCErrorCount = 0
aExplicitBARFailureCount = 0
aChannelWidthSwitchCount = 0
aTwentyMHzFrameTransmittedCount = 12312
aFortyMHzFrameTransmittedCount = 0
aTwentyMHzFrameReceivedCount = 22957
aFortyMHzFrameReceivedCount = 0

====== MIB Counters (25.000 sec) ======
aFailedCount = 27
aRetryCount = 136
aFrameDuplicateCount = 0
aRTSSuccessCount = 0
aRTSFailureCount = 0
aACKFailureCount = 0
aFCSErrorCount = 0
aTransmittedFrameCount = 4222
aTransmittedAMSDUCount = 0
aFailedAMSDUCount = 0
aRetryAMSDUCount = 0
aTransmittedOctetsInAMSDUCount = 0
aAMSDUAckFailureCount = 0
aReceivedAMSDUCount = 0
aReceivedOctetsInAMSDUCount = 0
aTransmittedAMPDUCount = 0
aTransmittedMPDUsInAMPDUCount = 0
aTransmittedOctetsInAMPDUCount = 0
aAMPDUReceivedCount = 0
aMPDUInReceivedAMPDUCount = 0
aReceivedOctetsInAMPDUCount = 0
aAMPDUDelimiterCRCErrorCount = 0
aExplicitBARFailureCount = 0
aChannelWidthSwitchCount = 0
aTwentyMHzFrameTransmittedCount = 12866
aFortyMHzFrameTransmittedCount = 0
aTwentyMHzFrameReceivedCount = 23899
aFortyMHzFrameReceivedCount = 0

====== MIB Counters (26.000 sec) ======
aFailedCount = 27
aRetryCount = 137
aFrameDuplicateCount = 0
aRTSSuccessCount = 0
aRTSFailureCount = 0
aACKFailureCount = 0
aFCSErrorCount = 0
aTransmittedFrameCount = 4246
aTransmittedAMSDUCount = 0
aFailedAMSDUCount = 0
aRetryAMSDUCount = 0
aTransmittedOctetsInAMSDUCount = 0
aAMSDUAckFailureCount = 0
aReceivedAMSDUCount = 0
aReceivedOctetsInAMSDUCount = 0
aTransmittedAMPDUCount = 0
aTransmittedMPDUsInAMPDUCount = 0
aTransmittedOctetsInAMPDUCount = 0
aAMPDUReceivedCount = 0
aMPDUInReceivedAMPDUCount = 0
aReceivedOctetsInAMPDUCount = 0
aAMPDUDelimiterCRCErrorCount = 0
aExplicitBARFailureCount = 0
aChannelWidthSwitchCount = 0
aTwentyMHzFrameTransmittedCount = 13442
aFortyMHzFrameTransmittedCount = 0
aTwentyMHzFrameReceivedCount = 24865
aFortyMHzFrameReceivedCount = 0

====== MIB Counters (27.000 sec) ======
aFailedCount = 27
aRetryCount = 137
aFrameDuplicateCount = 0
aRTSSuccessCount = 0
aRTSFailureCount = 0
aACKFailureCount = 0
aFCSErrorCount = 0
aTransmittedFrameCount = 4265
aTransmittedAMSDUCount = 0
aFailedAMSDUCount = 0
aRetryAMSDUCount = 0
aTransmittedOctetsInAMSDUCount = 0
aAMSDUAckFailureCount = 0
aReceivedAMSDUCount = 0
aReceivedOctetsInAMSDUCount = 0
aTransmittedAMPDUCount = 0
aTransmittedMPDUsInAMPDUCount = 0
aTransmittedOctetsInAMPDUCount = 0
aAMPDUReceivedCount = 0
aMPDUInReceivedAMPDUCount = 0
aReceivedOctetsInAMPDUCount = 0
aAMPDUDelimiterCRCErrorCount = 0
aExplicitBARFailureCount = 0
aChannelWidthSwitchCount = 0
aTwentyMHzFrameTransmittedCount = 14002
aFortyMHzFrameTransmittedCount = 0
aTwentyMHzFrameReceivedCount = 25809
aFortyMHzFrameReceivedCount = 0

====== MIB Counters (28.000 sec) ======
aFailedCount = 27
aRetryCount = 137
aFrameDuplicateCount = 0
aRTSSuccessCount = 0
aRTSFailureCount = 0
aACKFailureCount = 0
aFCSErrorCount = 0
aTransmittedFrameCount = 4268
aTransmittedAMSDUCount = 0
aFailedAMSDUCount = 0
aRetryAMSDUCount = 0
aTransmittedOctetsInAMSDUCount = 0
aAMSDUAckFailureCount = 0
aReceivedAMSDUCount = 0
aReceivedOctetsInAMSDUCount = 0
aTransmittedAMPDUCount = 0
aTransmittedMPDUsInAMPDUCount = 0
aTransmittedOctetsInAMPDUCount = 0
aAMPDUReceivedCount = 0
aMPDUInReceivedAMPDUCount = 0
aReceivedOctetsInAMPDUCount = 0
aAMPDUDelimiterCRCErrorCount = 0
aExplicitBARFailureCount = 0
aChannelWidthSwitchCount = 0
aTwentyMHzFrameTransmittedCount = 14603
aFortyMHzFrameTransmittedCount = 0
aTwentyMHzFrameReceivedCount = 26704
aFortyMHzFrameReceivedCount = 0

====== MIB Counters (29.000 sec) ======
aFailedCount = 27
aRetryCount = 137
aFrameDuplicateCount = 0
aRTSSuccessCount = 0
aRTSFailureCount = 0
aACKFailureCount = 0
aFCSErrorCount = 0
aTransmittedFrameCount = 4298
aTransmittedAMSDUCount = 0
aFailedAMSDUCount = 0
aRetryAMSDUCount = 0
aTransmittedOctetsInAMSDUCount = 0
aAMSDUAckFailureCount = 0
aReceivedAMSDUCount = 0
aReceivedOctetsInAMSDUCount = 0
aTransmittedAMPDUCount = 0
aTransmittedMPDUsInAMPDUCount = 0
aTransmittedOctetsInAMPDUCount = 0
aAMPDUReceivedCount = 0
aMPDUInReceivedAMPDUCount = 0
aReceivedOctetsInAMPDUCount = 0
aAMPDUDelimiterCRCErrorCount = 0
aExplicitBARFailureCount = 0
aChannelWidthSwitchCount = 0
aTwentyMHzFrameTransmittedCount = 15164
aFortyMHzFrameTransmittedCount = 0
aTwentyMHzFrameReceivedCount = 27720
aFortyMHzFrameReceivedCount = 0

====== MIB Counters (30.000 sec) ======
aFailedCount = 27
aRetryCount = 137
aFrameDuplicateCount = 0
aRTSSuccessCount = 0
aRTSFailureCount = 0
aACKFailureCount = 0
aFCSErrorCount = 0
aTransmittedFrameCount = 4306
aTransmittedAMSDUCount = 0
aFailedAMSDUCount = 0
aRetryAMSDUCount = 0
aTransmittedOctetsInAMSDUCount = 0
aAMSDUAckFailureCount = 0
aReceivedAMSDUCount = 0
aReceivedOctetsInAMSDUCount = 0
aTransmittedAMPDUCount = 0
aTransmittedMPDUsInAMPDUCount = 0
aTransmittedOctetsInAMPDUCount = 0
aAMPDUReceivedCount = 0
aMPDUInReceivedAMPDUCount = 0
aReceivedOctetsInAMPDUCount = 0
aAMPDUDelimiterCRCErrorCount = 0
aExplicitBARFailureCount = 0
aChannelWidthSwitchCount = 0
aTwentyMHzFrameTransmittedCount = 15471
aFortyMHzFrameTransmittedCount = 0
aTwentyMHzFrameReceivedCount = 28942
aFortyMHzFrameReceivedCount = 0

====== MIB Counters (31.000 sec) ======
aFailedCount = 27
aRetryCount = 137
aFrameDuplicateCount = 0
aRTSSuccessCount = 0
aRTSFailureCount = 0
aACKFailureCount = 0
aFCSErrorCount = 0
aTransmittedFrameCount = 4367
aTransmittedAMSDUCount = 0
aFailedAMSDUCount = 0
aRetryAMSDUCount = 0
aTransmittedOctetsInAMSDUCount = 0
aAMSDUAckFailureCount = 0
aReceivedAMSDUCount = 0
aReceivedOctetsInAMSDUCount = 0
aTransmittedAMPDUCount = 0
aTransmittedMPDUsInAMPDUCount = 0
aTransmittedOctetsInAMPDUCount = 0
aAMPDUReceivedCount = 0
aMPDUInReceivedAMPDUCount = 0
aReceivedOctetsInAMPDUCount = 0
aAMPDUDelimiterCRCErrorCount = 0
aExplicitBARFailureCount = 0
aChannelWidthSwitchCount = 0
aTwentyMHzFrameTransmittedCount = 15823
aFortyMHzFrameTransmittedCount = 0
aTwentyMHzFrameReceivedCount = 30384
aFortyMHzFrameReceivedCount = 0

====== MIB Counters (32.000 sec) ======
aFailedCount = 27
aRetryCount = 139
aFrameDuplicateCount = 0
aRTSSuccessCount = 0
aRTSFailureCount = 0
aACKFailureCount = 0
aFCSErrorCount = 0
aTransmittedFrameCount = 4396
aTransmittedAMSDUCount = 0
aFailedAMSDUCount = 0
aRetryAMSDUCount = 0
aTransmittedOctetsInAMSDUCount = 0
aAMSDUAckFailureCount = 0
aReceivedAMSDUCount = 0
aReceivedOctetsInAMSDUCount = 0
aTransmittedAMPDUCount = 0
aTransmittedMPDUsInAMPDUCount = 0
aTransmittedOctetsInAMPDUCount = 0
aAMPDUReceivedCount = 0
aMPDUInReceivedAMPDUCount = 0
aReceivedOctetsInAMPDUCount = 0
aAMPDUDelimiterCRCErrorCount = 0
aExplicitBARFailureCount = 0
aChannelWidthSwitchCount = 0
aTwentyMHzFrameTransmittedCount = 16193
aFortyMHzFrameTransmittedCount = 0
aTwentyMHzFrameReceivedCount = 31641
aFortyMHzFrameReceivedCount = 0

====== MIB Counters (33.000 sec) ======
aFailedCount = 29
aRetryCount = 144
aFrameDuplicateCount = 0
aRTSSuccessCount = 0
aRTSFailureCount = 0
aACKFailureCount = 0
aFCSErrorCount = 0
aTransmittedFrameCount = 4507
aTransmittedAMSDUCount = 0
aFailedAMSDUCount = 0
aRetryAMSDUCount = 0
aTransmittedOctetsInAMSDUCount = 0
aAMSDUAckFailureCount = 0
aReceivedAMSDUCount = 0
aReceivedOctetsInAMSDUCount = 0
aTransmittedAMPDUCount = 0
aTransmittedMPDUsInAMPDUCount = 0
aTransmittedOctetsInAMPDUCount = 0
aAMPDUReceivedCount = 0
aMPDUInReceivedAMPDUCount = 0
aReceivedOctetsInAMPDUCount = 0
aAMPDUDelimiterCRCErrorCount = 0
aExplicitBARFailureCount = 0
aChannelWidthSwitchCount = 0
aTwentyMHzFrameTransmittedCount = 16554
aFortyMHzFrameTransmittedCount = 0
aTwentyMHzFrameReceivedCount = 32898
aFortyMHzFrameReceivedCount = 0

====== MIB Counters (34.000 sec) ======
aFailedCount = 29
aRetryCount = 145
aFrameDuplicateCount = 0
aRTSSuccessCount = 0
aRTSFailureCount = 0
aACKFailureCount = 0
aFCSErrorCount = 0
aTransmittedFrameCount = 4605
aTransmittedAMSDUCount = 0
aFailedAMSDUCount = 0
aRetryAMSDUCount = 0
aTransmittedOctetsInAMSDUCount = 0
aAMSDUAckFailureCount = 0
aReceivedAMSDUCount = 0
aReceivedOctetsInAMSDUCount = 0
aTransmittedAMPDUCount = 0
aTransmittedMPDUsInAMPDUCount = 0
aTransmittedOctetsInAMPDUCount = 0
aAMPDUReceivedCount = 0
aMPDUInReceivedAMPDUCount = 0
aReceivedOctetsInAMPDUCount = 0
aAMPDUDelimiterCRCErrorCount = 0
aExplicitBARFailureCount = 0
aChannelWidthSwitchCount = 0
aTwentyMHzFrameTransmittedCount = 16747
aFortyMHzFrameTransmittedCount = 0
aTwentyMHzFrameReceivedCount = 34328
aFortyMHzFrameReceivedCount = 0

====== MIB Counters (35.000 sec) ======
aFailedCount = 34
aRetryCount = 149
aFrameDuplicateCount = 0
aRTSSuccessCount = 0
aRTSFailureCount = 0
aACKFailureCount = 0
aFCSErrorCount = 0
aTransmittedFrameCount = 4668
aTransmittedAMSDUCount = 0
aFailedAMSDUCount = 0
aRetryAMSDUCount = 0
aTransmittedOctetsInAMSDUCount = 0
aAMSDUAckFailureCount = 0
aReceivedAMSDUCount = 0
aReceivedOctetsInAMSDUCount = 0
aTransmittedAMPDUCount = 0
aTransmittedMPDUsInAMPDUCount = 0
aTransmittedOctetsInAMPDUCount = 0
aAMPDUReceivedCount = 0
aMPDUInReceivedAMPDUCount = 0
aReceivedOctetsInAMPDUCount = 0
aAMPDUDelimiterCRCErrorCount = 0
aExplicitBARFailureCount = 0
aChannelWidthSwitchCount = 0
aTwentyMHzFrameTransmittedCount = 17094
aFortyMHzFrameTransmittedCount = 0
aTwentyMHzFrameReceivedCount = 35566
aFortyMHzFrameReceivedCount = 0

====== MIB Counters (36.000 sec) ======
aFailedCount = 41
aRetryCount = 157
aFrameDuplicateCount = 0
aRTSSuccessCount = 0
aRTSFailureCount = 0
aACKFailureCount = 0
aFCSErrorCount = 0
aTransmittedFrameCount = 4792
aTransmittedAMSDUCount = 0
aFailedAMSDUCount = 0
aRetryAMSDUCount = 0
aTransmittedOctetsInAMSDUCount = 0
aAMSDUAckFailureCount = 0
aReceivedAMSDUCount = 0
aReceivedOctetsInAMSDUCount = 0
aTransmittedAMPDUCount = 0
aTransmittedMPDUsInAMPDUCount = 0
aTransmittedOctetsInAMPDUCount = 0
aAMPDUReceivedCount = 0
aMPDUInReceivedAMPDUCount = 0
aReceivedOctetsInAMPDUCount = 0
aAMPDUDelimiterCRCErrorCount = 0
aExplicitBARFailureCount = 0
aChannelWidthSwitchCount = 0
aTwentyMHzFrameTransmittedCount = 17471
aFortyMHzFrameTransmittedCount = 0
aTwentyMHzFrameReceivedCount = 36750
aFortyMHzFrameReceivedCount = 0

====== MIB Counters (37.000 sec) ======
aFailedCount = 48
aRetryCount = 161
aFrameDuplicateCount = 0
aRTSSuccessCount = 0
aRTSFailureCount = 0
aACKFailureCount = 0
aFCSErrorCount = 0
aTransmittedFrameCount = 4853
aTransmittedAMSDUCount = 0
aFailedAMSDUCount = 0
aRetryAMSDUCount = 0
aTransmittedOctetsInAMSDUCount = 0
aAMSDUAckFailureCount = 0
aReceivedAMSDUCount = 0
aReceivedOctetsInAMSDUCount = 0
aTransmittedAMPDUCount = 0
aTransmittedMPDUsInAMPDUCount = 0
aTransmittedOctetsInAMPDUCount = 0
aAMPDUReceivedCount = 0
aMPDUInReceivedAMPDUCount = 0
aReceivedOctetsInAMPDUCount = 0
aAMPDUDelimiterCRCErrorCount = 0
aExplicitBARFailureCount = 0
aChannelWidthSwitchCount = 0
aTwentyMHzFrameTransmittedCount = 17922
aFortyMHzFrameTransmittedCount = 0
aTwentyMHzFrameReceivedCount = 37816
aFortyMHzFrameReceivedCount = 0

====== MIB Counters (38.000 sec) ======
aFailedCount = 52
aRetryCount = 172
aFrameDuplicateCount = 0
aRTSSuccessCount = 0
aRTSFailureCount = 0
aACKFailureCount = 0
aFCSErrorCount = 0
aTransmittedFrameCount = 4940
aTransmittedAMSDUCount = 0
aFailedAMSDUCount = 0
aRetryAMSDUCount = 0
aTransmittedOctetsInAMSDUCount = 0
aAMSDUAckFailureCount = 0
aReceivedAMSDUCount = 0
aReceivedOctetsInAMSDUCount = 0
aTransmittedAMPDUCount = 0
aTransmittedMPDUsInAMPDUCount = 0
aTransmittedOctetsInAMPDUCount = 0
aAMPDUReceivedCount = 0
aMPDUInReceivedAMPDUCount = 0
aReceivedOctetsInAMPDUCount = 0
aAMPDUDelimiterCRCErrorCount = 0
aExplicitBARFailureCount = 0
aChannelWidthSwitchCount = 0
aTwentyMHzFrameTransmittedCount = 18346
aFortyMHzFrameTransmittedCount = 0
aTwentyMHzFrameReceivedCount = 39028
aFortyMHzFrameReceivedCount = 0

====== MIB Counters (39.000 sec) ======
aFailedCount = 59
aRetryCount = 188
aFrameDuplicateCount = 0
aRTSSuccessCount = 0
aRTSFailureCount = 0
aACKFailureCount = 0
aFCSErrorCount = 0
aTransmittedFrameCount = 4991
aTransmittedAMSDUCount = 0
aFailedAMSDUCount = 0
aRetryAMSDUCount = 0
aTransmittedOctetsInAMSDUCount = 0
aAMSDUAckFailureCount = 0
aReceivedAMSDUCount = 0
aReceivedOctetsInAMSDUCount = 0
aTransmittedAMPDUCount = 0
aTransmittedMPDUsInAMPDUCount = 0
aTransmittedOctetsInAMPDUCount = 0
aAMPDUReceivedCount = 0
aMPDUInReceivedAMPDUCount = 0
aReceivedOctetsInAMPDUCount = 0
aAMPDUDelimiterCRCErrorCount = 0
aExplicitBARFailureCount = 0
aChannelWidthSwitchCount = 0
aTwentyMHzFrameTransmittedCount = 18689
aFortyMHzFrameTransmittedCount = 0
aTwentyMHzFrameReceivedCount = 40523
aFortyMHzFrameReceivedCount = 0

====== MIB Counters (40.000 sec) ======
aFailedCount = 64
aRetryCount = 203
aFrameDuplicateCount = 0
aRTSSuccessCount = 0
aRTSFailureCount = 0
aACKFailureCount = 0
aFCSErrorCount = 0
aTransmittedFrameCount = 5036
aTransmittedAMSDUCount = 0
aFailedAMSDUCount = 0
aRetryAMSDUCount = 0
aTransmittedOctetsInAMSDUCount = 0
aAMSDUAckFailureCount = 0
aReceivedAMSDUCount = 0
aReceivedOctetsInAMSDUCount = 0
aTransmittedAMPDUCount = 0
aTransmittedMPDUsInAMPDUCount = 0
aTransmittedOctetsInAMPDUCount = 0
aAMPDUReceivedCount = 0
aMPDUInReceivedAMPDUCount = 0
aReceivedOctetsInAMPDUCount = 0
aAMPDUDelimiterCRCErrorCount = 0
aExplicitBARFailureCount = 0
aChannelWidthSwitchCount = 0
aTwentyMHzFrameTransmittedCount = 19052
aFortyMHzFrameTransmittedCount = 0
aTwentyMHzFrameReceivedCount = 41487
aFortyMHzFrameReceivedCount = 0

====== MIB Counters (41.000 sec) ======
aFailedCount = 68
aRetryCount = 230
aFrameDuplicateCount = 0
aRTSSuccessCount = 0
aRTSFailureCount = 0
aACKFailureCount = 0
aFCSErrorCount = 0
aTransmittedFrameCount = 5122
aTransmittedAMSDUCount = 0
aFailedAMSDUCount = 0
aRetryAMSDUCount = 0
aTransmittedOctetsInAMSDUCount = 0
aAMSDUAckFailureCount = 0
aReceivedAMSDUCount = 0
aReceivedOctetsInAMSDUCount = 0
aTransmittedAMPDUCount = 0
aTransmittedMPDUsInAMPDUCount = 0
aTransmittedOctetsInAMPDUCount = 0
aAMPDUReceivedCount = 0
aMPDUInReceivedAMPDUCount = 0
aReceivedOctetsInAMPDUCount = 0
aAMPDUDelimiterCRCErrorCount = 0
aExplicitBARFailureCount = 0
aChannelWidthSwitchCount = 0
aTwentyMHzFrameTransmittedCount = 19342
aFortyMHzFrameTransmittedCount = 0
aTwentyMHzFrameReceivedCount = 42313
aFortyMHzFrameReceivedCount = 0

====== MIB Counters (42.000 sec) ======
aFailedCount = 74
aRetryCount = 255
aFrameDuplicateCount = 0
aRTSSuccessCount = 0
aRTSFailureCount = 0
aACKFailureCount = 0
aFCSErrorCount = 0
aTransmittedFrameCount = 5170
aTransmittedAMSDUCount = 0
aFailedAMSDUCount = 0
aRetryAMSDUCount = 0
aTransmittedOctetsInAMSDUCount = 0
aAMSDUAckFailureCount = 0
aReceivedAMSDUCount = 0
aReceivedOctetsInAMSDUCount = 0
aTransmittedAMPDUCount = 0
aTransmittedMPDUsInAMPDUCount = 0
aTransmittedOctetsInAMPDUCount = 0
aAMPDUReceivedCount = 0
aMPDUInReceivedAMPDUCount = 0
aReceivedOctetsInAMPDUCount = 0
aAMPDUDelimiterCRCErrorCount = 0
aExplicitBARFailureCount = 0
aChannelWidthSwitchCount = 0
aTwentyMHzFrameTransmittedCount = 19603
aFortyMHzFrameTransmittedCount = 0
aTwentyMHzFrameReceivedCount = 43120
aFortyMHzFrameReceivedCount = 0

====== MIB Counters (43.000 sec) ======
aFailedCount = 79
aRetryCount = 277
aFrameDuplicateCount = 0
aRTSSuccessCount = 0
aRTSFailureCount = 0
aACKFailureCount = 0
aFCSErrorCount = 0
aTransmittedFrameCount = 5263
aTransmittedAMSDUCount = 0
aFailedAMSDUCount = 0
aRetryAMSDUCount = 0
aTransmittedOctetsInAMSDUCount = 0
aAMSDUAckFailureCount = 0
aReceivedAMSDUCount = 0
aReceivedOctetsInAMSDUCount = 0
aTransmittedAMPDUCount = 0
aTransmittedMPDUsInAMPDUCount = 0
aTransmittedOctetsInAMPDUCount = 0
aAMPDUReceivedCount = 0
aMPDUInReceivedAMPDUCount = 0
aReceivedOctetsInAMPDUCount = 0
aAMPDUDelimiterCRCErrorCount = 0
aExplicitBARFailureCount = 0
aChannelWidthSwitchCount = 0
aTwentyMHzFrameTransmittedCount = 19910
aFortyMHzFrameTransmittedCount = 0
aTwentyMHzFrameReceivedCount = 44355
aFortyMHzFrameReceivedCount = 0

====== MIB Counters (44.000 sec) ======
aFailedCount = 79
aRetryCount = 279
aFrameDuplicateCount = 0
aRTSSuccessCount = 0
aRTSFailureCount = 0
aACKFailureCount = 0
aFCSErrorCount = 0
aTransmittedFrameCount = 5285
aTransmittedAMSDUCount = 0
aFailedAMSDUCount = 0
aRetryAMSDUCount = 0
aTransmittedOctetsInAMSDUCount = 0
aAMSDUAckFailureCount = 0
aReceivedAMSDUCount = 0
aReceivedOctetsInAMSDUCount = 0
aTransmittedAMPDUCount = 0
aTransmittedMPDUsInAMPDUCount = 0
aTransmittedOctetsInAMPDUCount = 0
aAMPDUReceivedCount = 0
aMPDUInReceivedAMPDUCount = 0
aReceivedOctetsInAMPDUCount = 0
aAMPDUDelimiterCRCErrorCount = 0
aExplicitBARFailureCount = 0
aChannelWidthSwitchCount = 0
aTwentyMHzFrameTransmittedCount = 20089
aFortyMHzFrameTransmittedCount = 0
aTwentyMHzFrameReceivedCount = 45379
aFortyMHzFrameReceivedCount = 0

====== MIB Counters (45.000 sec) ======
aFailedCount = 79
aRetryCount = 280
aFrameDuplicateCount = 0
aRTSSuccessCount = 0
aRTSFailureCount = 0
aACKFailureCount = 0
aFCSErrorCount = 0
aTransmittedFrameCount = 5302
aTransmittedAMSDUCount = 0
aFailedAMSDUCount = 0
aRetryAMSDUCount = 0
aTransmittedOctetsInAMSDUCount = 0
aAMSDUAckFailureCount = 0
aReceivedAMSDUCount = 0
aReceivedOctetsInAMSDUCount = 0
aTransmittedAMPDUCount = 0
aTransmittedMPDUsInAMPDUCount = 0
aTransmittedOctetsInAMPDUCount = 0
aAMPDUReceivedCount = 0
aMPDUInReceivedAMPDUCount = 0
aReceivedOctetsInAMPDUCount = 0
aAMPDUDelimiterCRCErrorCount = 0
aExplicitBARFailureCount = 0
aChannelWidthSwitchCount = 0
aTwentyMHzFrameTransmittedCount = 20329
aFortyMHzFrameTransmittedCount = 0
aTwentyMHzFrameReceivedCount = 46501
aFortyMHzFrameReceivedCount = 0

====== MIB Counters (46.000 sec) ======
aFailedCount = 79
aRetryCount = 281
aFrameDuplicateCount = 0
aRTSSuccessCount = 0
aRTSFailureCount = 0
aACKFailureCount = 0
aFCSErrorCount = 0
aTransmittedFrameCount = 5308
aTransmittedAMSDUCount = 0
aFailedAMSDUCount = 0
aRetryAMSDUCount = 0
aTransmittedOctetsInAMSDUCount = 0
aAMSDUAckFailureCount = 0
aReceivedAMSDUCount = 0
aReceivedOctetsInAMSDUCount = 0
aTransmittedAMPDUCount = 0
aTransmittedMPDUsInAMPDUCount = 0
aTransmittedOctetsInAMPDUCount = 0
aAMPDUReceivedCount = 0
aMPDUInReceivedAMPDUCount = 0
aReceivedOctetsInAMPDUCount = 0
aAMPDUDelimiterCRCErrorCount = 0
aExplicitBARFailureCount = 0
aChannelWidthSwitchCount = 0
aTwentyMHzFrameTransmittedCount = 20541
aFortyMHzFrameTransmittedCount = 0
aTwentyMHzFrameReceivedCount = 47642
aFortyMHzFrameReceivedCount = 0

====== MIB Counters (47.000 sec) ======
aFailedCount = 79
aRetryCount = 287
aFrameDuplicateCount = 0
aRTSSuccessCount = 0
aRTSFailureCount = 0
aACKFailureCount = 0
aFCSErrorCount = 0
aTransmittedFrameCount = 5328
aTransmittedAMSDUCount = 0
aFailedAMSDUCount = 0
aRetryAMSDUCount = 0
aTransmittedOctetsInAMSDUCount = 0
aAMSDUAckFailureCount = 0
aReceivedAMSDUCount = 0
aReceivedOctetsInAMSDUCount = 0
aTransmittedAMPDUCount = 0
aTransmittedMPDUsInAMPDUCount = 0
aTransmittedOctetsInAMPDUCount = 0
aAMPDUReceivedCount = 0
aMPDUInReceivedAMPDUCount = 0
aReceivedOctetsInAMPDUCount = 0
aAMPDUDelimiterCRCErrorCount = 0
aExplicitBARFailureCount = 0
aChannelWidthSwitchCount = 0
aTwentyMHzFrameTransmittedCount = 20886
aFortyMHzFrameTransmittedCount = 0
aTwentyMHzFrameReceivedCount = 49007
aFortyMHzFrameReceivedCount = 0

====== MIB Counters (48.000 sec) ======
aFailedCount = 80
aRetryCount = 292
aFrameDuplicateCount = 0
aRTSSuccessCount = 0
aRTSFailureCount = 0
aACKFailureCount = 0
aFCSErrorCount = 0
aTransmittedFrameCount = 5366
aTransmittedAMSDUCount = 0
aFailedAMSDUCount = 0
aRetryAMSDUCount = 0
aTransmittedOctetsInAMSDUCount = 0
aAMSDUAckFailureCount = 0
aReceivedAMSDUCount = 0
aReceivedOctetsInAMSDUCount = 0
aTransmittedAMPDUCount = 0
aTransmittedMPDUsInAMPDUCount = 0
aTransmittedOctetsInAMPDUCount = 0
aAMPDUReceivedCount = 0
aMPDUInReceivedAMPDUCount = 0
aReceivedOctetsInAMPDUCount = 0
aAMPDUDelimiterCRCErrorCount = 0
aExplicitBARFailureCount = 0
aChannelWidthSwitchCount = 0
aTwentyMHzFrameTransmittedCount = 21208
aFortyMHzFrameTransmittedCount = 0
aTwentyMHzFrameReceivedCount = 50530
aFortyMHzFrameReceivedCount = 0

====== MIB Counters (49.000 sec) ======
aFailedCount = 81
aRetryCount = 295
aFrameDuplicateCount = 0
aRTSSuccessCount = 0
aRTSFailureCount = 0
aACKFailureCount = 0
aFCSErrorCount = 0
aTransmittedFrameCount = 5413
aTransmittedAMSDUCount = 0
aFailedAMSDUCount = 0
aRetryAMSDUCount = 0
aTransmittedOctetsInAMSDUCount = 0
aAMSDUAckFailureCount = 0
aReceivedAMSDUCount = 0
aReceivedOctetsInAMSDUCount = 0
aTransmittedAMPDUCount = 0
aTransmittedMPDUsInAMPDUCount = 0
aTransmittedOctetsInAMPDUCount = 0
aAMPDUReceivedCount = 0
aMPDUInReceivedAMPDUCount = 0
aReceivedOctetsInAMPDUCount = 0
aAMPDUDelimiterCRCErrorCount = 0
aExplicitBARFailureCount = 0
aChannelWidthSwitchCount = 0
aTwentyMHzFrameTransmittedCount = 21441
aFortyMHzFrameTransmittedCount = 0
aTwentyMHzFrameReceivedCount = 52265
aFortyMHzFrameReceivedCount = 0

====== MIB Counters (50.000 sec) ======
aFailedCount = 81
aRetryCount = 296
aFrameDuplicateCount = 0
aRTSSuccessCount = 0
aRTSFailureCount = 0
aACKFailureCount = 0
aFCSErrorCount = 0
aTransmittedFrameCount = 5439
aTransmittedAMSDUCount = 0
aFailedAMSDUCount = 0
aRetryAMSDUCount = 0
aTransmittedOctetsInAMSDUCount = 0
aAMSDUAckFailureCount = 0
aReceivedAMSDUCount = 0
aReceivedOctetsInAMSDUCount = 0
aTransmittedAMPDUCount = 0
aTransmittedMPDUsInAMPDUCount = 0
aTransmittedOctetsInAMPDUCount = 0
aAMPDUReceivedCount = 0
aMPDUInReceivedAMPDUCount = 0
aReceivedOctetsInAMPDUCount = 0
aAMPDUDelimiterCRCErrorCount = 0
aExplicitBARFailureCount = 0
aChannelWidthSwitchCount = 0
aTwentyMHzFrameTransmittedCount = 21718
aFortyMHzFrameTransmittedCount = 0
aTwentyMHzFrameReceivedCount = 53646
aFortyMHzFrameReceivedCount = 0

====== MIB Counters (51.000 sec) ======
aFailedCount = 82
aRetryCount = 298
aFrameDuplicateCount = 0
aRTSSuccessCount = 0
aRTSFailureCount = 0
aACKFailureCount = 0
aFCSErrorCount = 0
aTransmittedFrameCount = 5490
aTransmittedAMSDUCount = 0
aFailedAMSDUCount = 0
aRetryAMSDUCount = 0
aTransmittedOctetsInAMSDUCount = 0
aAMSDUAckFailureCount = 0
aReceivedAMSDUCount = 0
aReceivedOctetsInAMSDUCount = 0
aTransmittedAMPDUCount = 0
aTransmittedMPDUsInAMPDUCount = 0
aTransmittedOctetsInAMPDUCount = 0
aAMPDUReceivedCount = 0
aMPDUInReceivedAMPDUCount = 0
aReceivedOctetsInAMPDUCount = 0
aAMPDUDelimiterCRCErrorCount = 0
aExplicitBARFailureCount = 0
aChannelWidthSwitchCount = 0
aTwentyMHzFrameTransmittedCount = 22000
aFortyMHzFrameTransmittedCount = 0
aTwentyMHzFrameReceivedCount = 55039
aFortyMHzFrameReceivedCount = 0

====== MIB Counters (52.000 sec) ======
aFailedCount = 82
aRetryCount = 300
aFrameDuplicateCount = 0
aRTSSuccessCount = 0
aRTSFailureCount = 0
aACKFailureCount = 0
aFCSErrorCount = 0
aTransmittedFrameCount = 5512
aTransmittedAMSDUCount = 0
aFailedAMSDUCount = 0
aRetryAMSDUCount = 0
aTransmittedOctetsInAMSDUCount = 0
aAMSDUAckFailureCount = 0
aReceivedAMSDUCount = 0
aReceivedOctetsInAMSDUCount = 0
aTransmittedAMPDUCount = 0
aTransmittedMPDUsInAMPDUCount = 0
aTransmittedOctetsInAMPDUCount = 0
aAMPDUReceivedCount = 0
aMPDUInReceivedAMPDUCount = 0
aReceivedOctetsInAMPDUCount = 0
aAMPDUDelimiterCRCErrorCount = 0
aExplicitBARFailureCount = 0
aChannelWidthSwitchCount = 0
aTwentyMHzFrameTransmittedCount = 22291
aFortyMHzFrameTransmittedCount = 0
aTwentyMHzFrameReceivedCount = 56373
aFortyMHzFrameReceivedCount = 0

====== MIB Counters (53.000 sec) ======
aFailedCount = 83
aRetryCount = 311
aFrameDuplicateCount = 0
aRTSSuccessCount = 0
aRTSFailureCount = 0
aACKFailureCount = 0
aFCSErrorCount = 0
aTransmittedFrameCount = 5582
aTransmittedAMSDUCount = 0
aFailedAMSDUCount = 0
aRetryAMSDUCount = 0
aTransmittedOctetsInAMSDUCount = 0
aAMSDUAckFailureCount = 0
aReceivedAMSDUCount = 0
aReceivedOctetsInAMSDUCount = 0
aTransmittedAMPDUCount = 0
aTransmittedMPDUsInAMPDUCount = 0
aTransmittedOctetsInAMPDUCount = 0
aAMPDUReceivedCount = 0
aMPDUInReceivedAMPDUCount = 0
aReceivedOctetsInAMPDUCount = 0
aAMPDUDelimiterCRCErrorCount = 0
aExplicitBARFailureCount = 0
aChannelWidthSwitchCount = 0
aTwentyMHzFrameTransmittedCount = 22577
aFortyMHzFrameTransmittedCount = 0
aTwentyMHzFrameReceivedCount = 57868
aFortyMHzFrameReceivedCount = 0

====== MIB Counters (54.000 sec) ======
aFailedCount = 86
aRetryCount = 311
aFrameDuplicateCount = 0
aRTSSuccessCount = 0
aRTSFailureCount = 0
aACKFailureCount = 0
aFCSErrorCount = 0
aTransmittedFrameCount = 5585
aTransmittedAMSDUCount = 0
aFailedAMSDUCount = 0
aRetryAMSDUCount = 0
aTransmittedOctetsInAMSDUCount = 0
aAMSDUAckFailureCount = 0
aReceivedAMSDUCount = 0
aReceivedOctetsInAMSDUCount = 0
aTransmittedAMPDUCount = 0
aTransmittedMPDUsInAMPDUCount = 0
aTransmittedOctetsInAMPDUCount = 0
aAMPDUReceivedCount = 0
aMPDUInReceivedAMPDUCount = 0
aReceivedOctetsInAMPDUCount = 0
aAMPDUDelimiterCRCErrorCount = 0
aExplicitBARFailureCount = 0
aChannelWidthSwitchCount = 0
aTwentyMHzFrameTransmittedCount = 22811
aFortyMHzFrameTransmittedCount = 0
aTwentyMHzFrameReceivedCount = 59113
aFortyMHzFrameReceivedCount = 0

====== MIB Counters (55.000 sec) ======
aFailedCount = 88
aRetryCount = 311
aFrameDuplicateCount = 0
aRTSSuccessCount = 0
aRTSFailureCount = 0
aACKFailureCount = 0
aFCSErrorCount = 0
aTransmittedFrameCount = 5589
aTransmittedAMSDUCount = 0
aFailedAMSDUCount = 0
aRetryAMSDUCount = 0
aTransmittedOctetsInAMSDUCount = 0
aAMSDUAckFailureCount = 0
aReceivedAMSDUCount = 0
aReceivedOctetsInAMSDUCount = 0
aTransmittedAMPDUCount = 0
aTransmittedMPDUsInAMPDUCount = 0
aTransmittedOctetsInAMPDUCount = 0
aAMPDUReceivedCount = 0
aMPDUInReceivedAMPDUCount = 0
aReceivedOctetsInAMPDUCount = 0
aAMPDUDelimiterCRCErrorCount = 0
aExplicitBARFailureCount = 0
aChannelWidthSwitchCount = 0
aTwentyMHzFrameTransmittedCount = 23125
aFortyMHzFrameTransmittedCount = 0
aTwentyMHzFrameReceivedCount = 60339
aFortyMHzFrameReceivedCount = 0

====== MIB Counters (56.000 sec) ======
aFailedCount = 88
aRetryCount = 316
aFrameDuplicateCount = 0
aRTSSuccessCount = 0
aRTSFailureCount = 0
aACKFailureCount = 0
aFCSErrorCount = 0
aTransmittedFrameCount = 5643
aTransmittedAMSDUCount = 0
aFailedAMSDUCount = 0
aRetryAMSDUCount = 0
aTransmittedOctetsInAMSDUCount = 0
aAMSDUAckFailureCount = 0
aReceivedAMSDUCount = 0
aReceivedOctetsInAMSDUCount = 0
aTransmittedAMPDUCount = 0
aTransmittedMPDUsInAMPDUCount = 0
aTransmittedOctetsInAMPDUCount = 0
aAMPDUReceivedCount = 0
aMPDUInReceivedAMPDUCount = 0
aReceivedOctetsInAMPDUCount = 0
aAMPDUDelimiterCRCErrorCount = 0
aExplicitBARFailureCount = 0
aChannelWidthSwitchCount = 0
aTwentyMHzFrameTransmittedCount = 23419
aFortyMHzFrameTransmittedCount = 0
aTwentyMHzFrameReceivedCount = 61666
aFortyMHzFrameReceivedCount = 0

====== MIB Counters (57.000 sec) ======
aFailedCount = 88
aRetryCount = 318
aFrameDuplicateCount = 2
aRTSSuccessCount = 0
aRTSFailureCount = 0
aACKFailureCount = 0
aFCSErrorCount = 0
aTransmittedFrameCount = 5677
aTransmittedAMSDUCount = 0
aFailedAMSDUCount = 0
aRetryAMSDUCount = 0
aTransmittedOctetsInAMSDUCount = 0
aAMSDUAckFailureCount = 0
aReceivedAMSDUCount = 0
aReceivedOctetsInAMSDUCount = 0
aTransmittedAMPDUCount = 0
aTransmittedMPDUsInAMPDUCount = 0
aTransmittedOctetsInAMPDUCount = 0
aAMPDUReceivedCount = 0
aMPDUInReceivedAMPDUCount = 0
aReceivedOctetsInAMPDUCount = 0
aAMPDUDelimiterCRCErrorCount = 0
aExplicitBARFailureCount = 0
aChannelWidthSwitchCount = 0
aTwentyMHzFrameTransmittedCount = 23713
aFortyMHzFrameTransmittedCount = 0
aTwentyMHzFrameReceivedCount = 63019
aFortyMHzFrameReceivedCount = 0

====== MIB Counters (58.000 sec) ======
aFailedCount = 88
aRetryCount = 328
aFrameDuplicateCount = 2
aRTSSuccessCount = 0
aRTSFailureCount = 0
aACKFailureCount = 0
aFCSErrorCount = 0
aTransmittedFrameCount = 5735
aTransmittedAMSDUCount = 0
aFailedAMSDUCount = 0
aRetryAMSDUCount = 0
aTransmittedOctetsInAMSDUCount = 0
aAMSDUAckFailureCount = 0
aReceivedAMSDUCount = 0
aReceivedOctetsInAMSDUCount = 0
aTransmittedAMPDUCount = 0
aTransmittedMPDUsInAMPDUCount = 0
aTransmittedOctetsInAMPDUCount = 0
aAMPDUReceivedCount = 0
aMPDUInReceivedAMPDUCount = 0
aReceivedOctetsInAMPDUCount = 0
aAMPDUDelimiterCRCErrorCount = 0
aExplicitBARFailureCount = 0
aChannelWidthSwitchCount = 0
aTwentyMHzFrameTransmittedCount = 24036
aFortyMHzFrameTransmittedCount = 0
aTwentyMHzFrameReceivedCount = 64349
aFortyMHzFrameReceivedCount = 0

====== MIB Counters (59.000 sec) ======
aFailedCount = 88
aRetryCount = 329
aFrameDuplicateCount = 2
aRTSSuccessCount = 0
aRTSFailureCount = 0
aACKFailureCount = 0
aFCSErrorCount = 0
aTransmittedFrameCount = 5738
aTransmittedAMSDUCount = 0
aFailedAMSDUCount = 0
aRetryAMSDUCount = 0
aTransmittedOctetsInAMSDUCount = 0
aAMSDUAckFailureCount = 0
aReceivedAMSDUCount = 0
aReceivedOctetsInAMSDUCount = 0
aTransmittedAMPDUCount = 0
aTransmittedMPDUsInAMPDUCount = 0
aTransmittedOctetsInAMPDUCount = 0
aAMPDUReceivedCount = 0
aMPDUInReceivedAMPDUCount = 0
aReceivedOctetsInAMPDUCount = 0
aAMPDUDelimiterCRCErrorCount = 0
aExplicitBARFailureCount = 0
aChannelWidthSwitchCount = 0
aTwentyMHzFrameTransmittedCount = 24282
aFortyMHzFrameTransmittedCount = 0
aTwentyMHzFrameReceivedCount = 65628
aFortyMHzFrameReceivedCount = 0

====== MIB Counters (60.000 sec) ======
aFailedCount = 93
aRetryCount = 329
aFrameDuplicateCount = 2
aRTSSuccessCount = 0
aRTSFailureCount = 0
aACKFailureCount = 0
aFCSErrorCount = 0
aTransmittedFrameCount = 5744
aTransmittedAMSDUCount = 0
aFailedAMSDUCount = 0
aRetryAMSDUCount = 0
aTransmittedOctetsInAMSDUCount = 0
aAMSDUAckFailureCount = 0
aReceivedAMSDUCount = 0
aReceivedOctetsInAMSDUCount = 0
aTransmittedAMPDUCount = 0
aTransmittedMPDUsInAMPDUCount = 0
aTransmittedOctetsInAMPDUCount = 0
aAMPDUReceivedCount = 0
aMPDUInReceivedAMPDUCount = 0
aReceivedOctetsInAMPDUCount = 0
aAMPDUDelimiterCRCErrorCount = 0
aExplicitBARFailureCount = 0
aChannelWidthSwitchCount = 0
aTwentyMHzFrameTransmittedCount = 24747
aFortyMHzFrameTransmittedCount = 0
aTwentyMHzFrameReceivedCount = 66528
aFortyMHzFrameReceivedCount = 0

====== MIB Counters (61.000 sec) ======
aFailedCount = 97
aRetryCount = 330
aFrameDuplicateCount = 2
aRTSSuccessCount = 0
aRTSFailureCount = 0
aACKFailureCount = 0
aFCSErrorCount = 0
aTransmittedFrameCount = 5753
aTransmittedAMSDUCount = 0
aFailedAMSDUCount = 0
aRetryAMSDUCount = 0
aTransmittedOctetsInAMSDUCount = 0
aAMSDUAckFailureCount = 0
aReceivedAMSDUCount = 0
aReceivedOctetsInAMSDUCount = 0
aTransmittedAMPDUCount = 0
aTransmittedMPDUsInAMPDUCount = 0
aTransmittedOctetsInAMPDUCount = 0
aAMPDUReceivedCount = 0
aMPDUInReceivedAMPDUCount = 0
aReceivedOctetsInAMPDUCount = 0
aAMPDUDelimiterCRCErrorCount = 0
aExplicitBARFailureCount = 0
aChannelWidthSwitchCount = 0
aTwentyMHzFrameTransmittedCount = 25252
aFortyMHzFrameTransmittedCount = 0
aTwentyMHzFrameReceivedCount = 67427
aFortyMHzFrameReceivedCount = 0

====== MIB Counters (62.000 sec) ======
aFailedCount = 101
aRetryCount = 331
aFrameDuplicateCount = 2
aRTSSuccessCount = 0
aRTSFailureCount = 0
aACKFailureCount = 0
aFCSErrorCount = 0
aTransmittedFrameCount = 5757
aTransmittedAMSDUCount = 0
aFailedAMSDUCount = 0
aRetryAMSDUCount = 0
aTransmittedOctetsInAMSDUCount = 0
aAMSDUAckFailureCount = 0
aReceivedAMSDUCount = 0
aReceivedOctetsInAMSDUCount = 0
aTransmittedAMPDUCount = 0
aTransmittedMPDUsInAMPDUCount = 0
aTransmittedOctetsInAMPDUCount = 0
aAMPDUReceivedCount = 0
aMPDUInReceivedAMPDUCount = 0
aReceivedOctetsInAMPDUCount = 0
aAMPDUDelimiterCRCErrorCount = 0
aExplicitBARFailureCount = 0
aChannelWidthSwitchCount = 0
aTwentyMHzFrameTransmittedCount = 25827
aFortyMHzFrameTransmittedCount = 0
aTwentyMHzFrameReceivedCount = 68299
aFortyMHzFrameReceivedCount = 0

====== MIB Counters (63.000 sec) ======
aFailedCount = 110
aRetryCount = 331
aFrameDuplicateCount = 2
aRTSSuccessCount = 0
aRTSFailureCount = 0
aACKFailureCount = 0
aFCSErrorCount = 0
aTransmittedFrameCount = 5766
aTransmittedAMSDUCount = 0
aFailedAMSDUCount = 0
aRetryAMSDUCount = 0
aTransmittedOctetsInAMSDUCount = 0
aAMSDUAckFailureCount = 0
aReceivedAMSDUCount = 0
aReceivedOctetsInAMSDUCount = 0
aTransmittedAMPDUCount = 0
aTransmittedMPDUsInAMPDUCount = 0
aTransmittedOctetsInAMPDUCount = 0
aAMPDUReceivedCount = 0
aMPDUInReceivedAMPDUCount = 0
aReceivedOctetsInAMPDUCount = 0
aAMPDUDelimiterCRCErrorCount = 0
aExplicitBARFailureCount = 0
aChannelWidthSwitchCount = 0
aTwentyMHzFrameTransmittedCount = 26279
aFortyMHzFrameTransmittedCount = 0
aTwentyMHzFrameReceivedCount = 69188
aFortyMHzFrameReceivedCount = 0

====== MIB Counters (64.000 sec) ======
aFailedCount = 111
aRetryCount = 332
aFrameDuplicateCount = 2
aRTSSuccessCount = 0
aRTSFailureCount = 0
aACKFailureCount = 0
aFCSErrorCount = 0
aTransmittedFrameCount = 5796
aTransmittedAMSDUCount = 0
aFailedAMSDUCount = 0
aRetryAMSDUCount = 0
aTransmittedOctetsInAMSDUCount = 0
aAMSDUAckFailureCount = 0
aReceivedAMSDUCount = 0
aReceivedOctetsInAMSDUCount = 0
aTransmittedAMPDUCount = 0
aTransmittedMPDUsInAMPDUCount = 0
aTransmittedOctetsInAMPDUCount = 0
aAMPDUReceivedCount = 0
aMPDUInReceivedAMPDUCount = 0
aReceivedOctetsInAMPDUCount = 0
aAMPDUDelimiterCRCErrorCount = 0
aExplicitBARFailureCount = 0
aChannelWidthSwitchCount = 0
aTwentyMHzFrameTransmittedCount = 26757
aFortyMHzFrameTransmittedCount = 0
aTwentyMHzFrameReceivedCount = 70185
aFortyMHzFrameReceivedCount = 0

====== MIB Counters (65.000 sec) ======
aFailedCount = 113
aRetryCount = 332
aFrameDuplicateCount = 2
aRTSSuccessCount = 0
aRTSFailureCount = 0
aACKFailureCount = 0
aFCSErrorCount = 0
aTransmittedFrameCount = 5799
aTransmittedAMSDUCount = 0
aFailedAMSDUCount = 0
aRetryAMSDUCount = 0
aTransmittedOctetsInAMSDUCount = 0
aAMSDUAckFailureCount = 0
aReceivedAMSDUCount = 0
aReceivedOctetsInAMSDUCount = 0
aTransmittedAMPDUCount = 0
aTransmittedMPDUsInAMPDUCount = 0
aTransmittedOctetsInAMPDUCount = 0
aAMPDUReceivedCount = 0
aMPDUInReceivedAMPDUCount = 0
aReceivedOctetsInAMPDUCount = 0
aAMPDUDelimiterCRCErrorCount = 0
aExplicitBARFailureCount = 0
aChannelWidthSwitchCount = 0
aTwentyMHzFrameTransmittedCount = 27021
aFortyMHzFrameTransmittedCount = 0
aTwentyMHzFrameReceivedCount = 71468
aFortyMHzFrameReceivedCount = 0

====== MIB Counters (66.000 sec) ======
aFailedCount = 116
aRetryCount = 332
aFrameDuplicateCount = 2
aRTSSuccessCount = 0
aRTSFailureCount = 0
aACKFailureCount = 0
aFCSErrorCount = 0
aTransmittedFrameCount = 5801
aTransmittedAMSDUCount = 0
aFailedAMSDUCount = 0
aRetryAMSDUCount = 0
aTransmittedOctetsInAMSDUCount = 0
aAMSDUAckFailureCount = 0
aReceivedAMSDUCount = 0
aReceivedOctetsInAMSDUCount = 0
aTransmittedAMPDUCount = 0
aTransmittedMPDUsInAMPDUCount = 0
aTransmittedOctetsInAMPDUCount = 0
aAMPDUReceivedCount = 0
aMPDUInReceivedAMPDUCount = 0
aReceivedOctetsInAMPDUCount = 0
aAMPDUDelimiterCRCErrorCount = 0
aExplicitBARFailureCount = 0
aChannelWidthSwitchCount = 0
aTwentyMHzFrameTransmittedCount = 27337
aFortyMHzFrameTransmittedCount = 0
aTwentyMHzFrameReceivedCount = 72702
aFortyMHzFrameReceivedCount = 0

====== MIB Counters (67.000 sec) ======
aFailedCount = 118
aRetryCount = 340
aFrameDuplicateCount = 2
aRTSSuccessCount = 0
aRTSFailureCount = 0
aACKFailureCount = 0
aFCSErrorCount = 0
aTransmittedFrameCount = 5832
aTransmittedAMSDUCount = 0
aFailedAMSDUCount = 0
aRetryAMSDUCount = 0
aTransmittedOctetsInAMSDUCount = 0
aAMSDUAckFailureCount = 0
aReceivedAMSDUCount = 0
aReceivedOctetsInAMSDUCount = 0
aTransmittedAMPDUCount = 0
aTransmittedMPDUsInAMPDUCount = 0
aTransmittedOctetsInAMPDUCount = 0
aAMPDUReceivedCount = 0
aMPDUInReceivedAMPDUCount = 0
aReceivedOctetsInAMPDUCount = 0
aAMPDUDelimiterCRCErrorCount = 0
aExplicitBARFailureCount = 0
aChannelWidthSwitchCount = 0
aTwentyMHzFrameTransmittedCount = 27584
aFortyMHzFrameTransmittedCount = 0
aTwentyMHzFrameReceivedCount = 74173
aFortyMHzFrameReceivedCount = 0

====== MIB Counters (68.000 sec) ======
aFailedCount = 121
aRetryCount = 341
aFrameDuplicateCount = 2
aRTSSuccessCount = 0
aRTSFailureCount = 0
aACKFailureCount = 0
aFCSErrorCount = 0
aTransmittedFrameCount = 5843
aTransmittedAMSDUCount = 0
aFailedAMSDUCount = 0
aRetryAMSDUCount = 0
aTransmittedOctetsInAMSDUCount = 0
aAMSDUAckFailureCount = 0
aReceivedAMSDUCount = 0
aReceivedOctetsInAMSDUCount = 0
aTransmittedAMPDUCount = 0
aTransmittedMPDUsInAMPDUCount = 0
aTransmittedOctetsInAMPDUCount = 0
aAMPDUReceivedCount = 0
aMPDUInReceivedAMPDUCount = 0
aReceivedOctetsInAMPDUCount = 0
aAMPDUDelimiterCRCErrorCount = 0
aExplicitBARFailureCount = 0
aChannelWidthSwitchCount = 0
aTwentyMHzFrameTransmittedCount = 27840
aFortyMHzFrameTransmittedCount = 0
aTwentyMHzFrameReceivedCount = 75474
aFortyMHzFrameReceivedCount = 0

====== MIB Counters (69.000 sec) ======
aFailedCount = 124
aRetryCount = 341
aFrameDuplicateCount = 2
aRTSSuccessCount = 0
aRTSFailureCount = 0
aACKFailureCount = 0
aFCSErrorCount = 0
aTransmittedFrameCount = 5856
aTransmittedAMSDUCount = 0
aFailedAMSDUCount = 0
aRetryAMSDUCount = 0
aTransmittedOctetsInAMSDUCount = 0
aAMSDUAckFailureCount = 0
aReceivedAMSDUCount = 0
aReceivedOctetsInAMSDUCount = 0
aTransmittedAMPDUCount = 0
aTransmittedMPDUsInAMPDUCount = 0
aTransmittedOctetsInAMPDUCount = 0
aAMPDUReceivedCount = 0
aMPDUInReceivedAMPDUCount = 0
aReceivedOctetsInAMPDUCount = 0
aAMPDUDelimiterCRCErrorCount = 0
aExplicitBARFailureCount = 0
aChannelWidthSwitchCount = 0
aTwentyMHzFrameTransmittedCount = 28076
aFortyMHzFrameTransmittedCount = 0
aTwentyMHzFrameReceivedCount = 76815
aFortyMHzFrameReceivedCount = 0

====== MIB Counters (70.000 sec) ======
aFailedCount = 128
aRetryCount = 341
aFrameDuplicateCount = 2
aRTSSuccessCount = 0
aRTSFailureCount = 0
aACKFailureCount = 0
aFCSErrorCount = 0
aTransmittedFrameCount = 5863
aTransmittedAMSDUCount = 0
aFailedAMSDUCount = 0
aRetryAMSDUCount = 0
aTransmittedOctetsInAMSDUCount = 0
aAMSDUAckFailureCount = 0
aReceivedAMSDUCount = 0
aReceivedOctetsInAMSDUCount = 0
aTransmittedAMPDUCount = 0
aTransmittedMPDUsInAMPDUCount = 0
aTransmittedOctetsInAMPDUCount = 0
aAMPDUReceivedCount = 0
aMPDUInReceivedAMPDUCount = 0
aReceivedOctetsInAMPDUCount = 0
aAMPDUDelimiterCRCErrorCount = 0
aExplicitBARFailureCount = 0
aChannelWidthSwitchCount = 0
aTwentyMHzFrameTransmittedCount = 28319
aFortyMHzFrameTransmittedCount = 0
aTwentyMHzFrameReceivedCount = 78091
aFortyMHzFrameReceivedCount = 0

====== MIB Counters (71.000 sec) ======
aFailedCount = 130
aRetryCount = 343
aFrameDuplicateCount = 2
aRTSSuccessCount = 0
aRTSFailureCount = 0
aACKFailureCount = 0
aFCSErrorCount = 0
aTransmittedFrameCount = 5874
aTransmittedAMSDUCount = 0
aFailedAMSDUCount = 0
aRetryAMSDUCount = 0
aTransmittedOctetsInAMSDUCount = 0
aAMSDUAckFailureCount = 0
aReceivedAMSDUCount = 0
aReceivedOctetsInAMSDUCount = 0
aTransmittedAMPDUCount = 0
aTransmittedMPDUsInAMPDUCount = 0
aTransmittedOctetsInAMPDUCount = 0
aAMPDUReceivedCount = 0
aMPDUInReceivedAMPDUCount = 0
aReceivedOctetsInAMPDUCount = 0
aAMPDUDelimiterCRCErrorCount = 0
aExplicitBARFailureCount = 0
aChannelWidthSwitchCount = 0
aTwentyMHzFrameTransmittedCount = 28602
aFortyMHzFrameTransmittedCount = 0
aTwentyMHzFrameReceivedCount = 79359
aFortyMHzFrameReceivedCount = 0

====== MIB Counters (72.000 sec) ======
aFailedCount = 132
aRetryCount = 344
aFrameDuplicateCount = 2
aRTSSuccessCount = 0
aRTSFailureCount = 0
aACKFailureCount = 0
aFCSErrorCount = 0
aTransmittedFrameCount = 5876
aTransmittedAMSDUCount = 0
aFailedAMSDUCount = 0
aRetryAMSDUCount = 0
aTransmittedOctetsInAMSDUCount = 0
aAMSDUAckFailureCount = 0
aReceivedAMSDUCount = 0
aReceivedOctetsInAMSDUCount = 0
aTransmittedAMPDUCount = 0
aTransmittedMPDUsInAMPDUCount = 0
aTransmittedOctetsInAMPDUCount = 0
aAMPDUReceivedCount = 0
aMPDUInReceivedAMPDUCount = 0
aReceivedOctetsInAMPDUCount = 0
aAMPDUDelimiterCRCErrorCount = 0
aExplicitBARFailureCount = 0
aChannelWidthSwitchCount = 0
aTwentyMHzFrameTransmittedCount = 28898
aFortyMHzFrameTransmittedCount = 0
aTwentyMHzFrameReceivedCount = 80594
aFortyMHzFrameReceivedCount = 0

====== MIB Counters (73.000 sec) ======
aFailedCount = 136
aRetryCount = 346
aFrameDuplicateCount = 2
aRTSSuccessCount = 0
aRTSFailureCount = 0
aACKFailureCount = 0
aFCSErrorCount = 0
aTransmittedFrameCount = 5894
aTransmittedAMSDUCount = 0
aFailedAMSDUCount = 0
aRetryAMSDUCount = 0
aTransmittedOctetsInAMSDUCount = 0
aAMSDUAckFailureCount = 0
aReceivedAMSDUCount = 0
aReceivedOctetsInAMSDUCount = 0
aTransmittedAMPDUCount = 0
aTransmittedMPDUsInAMPDUCount = 0
aTransmittedOctetsInAMPDUCount = 0
aAMPDUReceivedCount = 0
aMPDUInReceivedAMPDUCount = 0
aReceivedOctetsInAMPDUCount = 0
aAMPDUDelimiterCRCErrorCount = 0
aExplicitBARFailureCount = 0
aChannelWidthSwitchCount = 0
aTwentyMHzFrameTransmittedCount = 29144
aFortyMHzFrameTransmittedCount = 0
aTwentyMHzFrameReceivedCount = 81906
aFortyMHzFrameReceivedCount = 0

====== MIB Counters (74.000 sec) ======
aFailedCount = 140
aRetryCount = 348
aFrameDuplicateCount = 2
aRTSSuccessCount = 0
aRTSFailureCount = 0
aACKFailureCount = 0
aFCSErrorCount = 0
aTransmittedFrameCount = 5900
aTransmittedAMSDUCount = 0
aFailedAMSDUCount = 0
aRetryAMSDUCount = 0
aTransmittedOctetsInAMSDUCount = 0
aAMSDUAckFailureCount = 0
aReceivedAMSDUCount = 0
aReceivedOctetsInAMSDUCount = 0
aTransmittedAMPDUCount = 0
aTransmittedMPDUsInAMPDUCount = 0
aTransmittedOctetsInAMPDUCount = 0
aAMPDUReceivedCount = 0
aMPDUInReceivedAMPDUCount = 0
aReceivedOctetsInAMPDUCount = 0
aAMPDUDelimiterCRCErrorCount = 0
aExplicitBARFailureCount = 0
aChannelWidthSwitchCount = 0
aTwentyMHzFrameTransmittedCount = 29473
aFortyMHzFrameTransmittedCount = 0
aTwentyMHzFrameReceivedCount = 83049
aFortyMHzFrameReceivedCount = 0

====== MIB Counters (75.000 sec) ======
aFailedCount = 142
aRetryCount = 354
aFrameDuplicateCount = 2
aRTSSuccessCount = 0
aRTSFailureCount = 0
aACKFailureCount = 0
aFCSErrorCount = 0
aTransmittedFrameCount = 5926
aTransmittedAMSDUCount = 0
aFailedAMSDUCount = 0
aRetryAMSDUCount = 0
aTransmittedOctetsInAMSDUCount = 0
aAMSDUAckFailureCount = 0
aReceivedAMSDUCount = 0
aReceivedOctetsInAMSDUCount = 0
aTransmittedAMPDUCount = 0
aTransmittedMPDUsInAMPDUCount = 0
aTransmittedOctetsInAMPDUCount = 0
aAMPDUReceivedCount = 0
aMPDUInReceivedAMPDUCount = 0
aReceivedOctetsInAMPDUCount = 0
aAMPDUDelimiterCRCErrorCount = 0
aExplicitBARFailureCount = 0
aChannelWidthSwitchCount = 0
aTwentyMHzFrameTransmittedCount = 29742
aFortyMHzFrameTransmittedCount = 0
aTwentyMHzFrameReceivedCount = 84420
aFortyMHzFrameReceivedCount = 0

====== MIB Counters (76.000 sec) ======
aFailedCount = 147
aRetryCount = 366
aFrameDuplicateCount = 2
aRTSSuccessCount = 0
aRTSFailureCount = 0
aACKFailureCount = 0
aFCSErrorCount = 0
aTransmittedFrameCount = 5995
aTransmittedAMSDUCount = 0
aFailedAMSDUCount = 0
aRetryAMSDUCount = 0
aTransmittedOctetsInAMSDUCount = 0
aAMSDUAckFailureCount = 0
aReceivedAMSDUCount = 0
aReceivedOctetsInAMSDUCount = 0
aTransmittedAMPDUCount = 0
aTransmittedMPDUsInAMPDUCount = 0
aTransmittedOctetsInAMPDUCount = 0
aAMPDUReceivedCount = 0
aMPDUInReceivedAMPDUCount = 0
aReceivedOctetsInAMPDUCount = 0
aAMPDUDelimiterCRCErrorCount = 0
aExplicitBARFailureCount = 0
aChannelWidthSwitchCount = 0
aTwentyMHzFrameTransmittedCount = 29967
aFortyMHzFrameTransmittedCount = 0
aTwentyMHzFrameReceivedCount = 86056
aFortyMHzFrameReceivedCount = 0

====== MIB Counters (77.000 sec) ======
aFailedCount = 148
aRetryCount = 373
aFrameDuplicateCount = 2
aRTSSuccessCount = 0
aRTSFailureCount = 0
aACKFailureCount = 0
aFCSErrorCount = 0
aTransmittedFrameCount = 6034
aTransmittedAMSDUCount = 0
aFailedAMSDUCount = 0
aRetryAMSDUCount = 0
aTransmittedOctetsInAMSDUCount = 0
aAMSDUAckFailureCount = 0
aReceivedAMSDUCount = 0
aReceivedOctetsInAMSDUCount = 0
aTransmittedAMPDUCount = 0
aTransmittedMPDUsInAMPDUCount = 0
aTransmittedOctetsInAMPDUCount = 0
aAMPDUReceivedCount = 0
aMPDUInReceivedAMPDUCount = 0
aReceivedOctetsInAMPDUCount = 0
aAMPDUDelimiterCRCErrorCount = 0
aExplicitBARFailureCount = 0
aChannelWidthSwitchCount = 0
aTwentyMHzFrameTransmittedCount = 30078
aFortyMHzFrameTransmittedCount = 0
aTwentyMHzFrameReceivedCount = 87604
aFortyMHzFrameReceivedCount = 0

====== MIB Counters (78.000 sec) ======
aFailedCount = 148
aRetryCount = 381
aFrameDuplicateCount = 2
aRTSSuccessCount = 0
aRTSFailureCount = 0
aACKFailureCount = 0
aFCSErrorCount = 0
aTransmittedFrameCount = 6073
aTransmittedAMSDUCount = 0
aFailedAMSDUCount = 0
aRetryAMSDUCount = 0
aTransmittedOctetsInAMSDUCount = 0
aAMSDUAckFailureCount = 0
aReceivedAMSDUCount = 0
aReceivedOctetsInAMSDUCount = 0
aTransmittedAMPDUCount = 0
aTransmittedMPDUsInAMPDUCount = 0
aTransmittedOctetsInAMPDUCount = 0
aAMPDUReceivedCount = 0
aMPDUInReceivedAMPDUCount = 0
aReceivedOctetsInAMPDUCount = 0
aAMPDUDelimiterCRCErrorCount = 0
aExplicitBARFailureCount = 0
aChannelWidthSwitchCount = 0
aTwentyMHzFrameTransmittedCount = 30181
aFortyMHzFrameTransmittedCount = 0
aTwentyMHzFrameReceivedCount = 89177
aFortyMHzFrameReceivedCount = 0

====== MIB Counters (79.000 sec) ======
aFailedCount = 149
aRetryCount = 383
aFrameDuplicateCount = 2
aRTSSuccessCount = 0
aRTSFailureCount = 0
aACKFailureCount = 0
aFCSErrorCount = 0
aTransmittedFrameCount = 6087
aTransmittedAMSDUCount = 0
aFailedAMSDUCount = 0
aRetryAMSDUCount = 0
aTransmittedOctetsInAMSDUCount = 0
aAMSDUAckFailureCount = 0
aReceivedAMSDUCount = 0
aReceivedOctetsInAMSDUCount = 0
aTransmittedAMPDUCount = 0
aTransmittedMPDUsInAMPDUCount = 0
aTransmittedOctetsInAMPDUCount = 0
aAMPDUReceivedCount = 0
aMPDUInReceivedAMPDUCount = 0
aReceivedOctetsInAMPDUCount = 0
aAMPDUDelimiterCRCErrorCount = 0
aExplicitBARFailureCount = 0
aChannelWidthSwitchCount = 0
aTwentyMHzFrameTransmittedCount = 30226
aFortyMHzFrameTransmittedCount = 0
aTwentyMHzFrameReceivedCount = 91197
aFortyMHzFrameReceivedCount = 0

====== MIB Counters (80.000 sec) ======
aFailedCount = 149
aRetryCount = 385
aFrameDuplicateCount = 2
aRTSSuccessCount = 0
aRTSFailureCount = 0
aACKFailureCount = 0
aFCSErrorCount = 0
aTransmittedFrameCount = 6105
aTransmittedAMSDUCount = 0
aFailedAMSDUCount = 0
aRetryAMSDUCount = 0
aTransmittedOctetsInAMSDUCount = 0
aAMSDUAckFailureCount = 0
aReceivedAMSDUCount = 0
aReceivedOctetsInAMSDUCount = 0
aTransmittedAMPDUCount = 0
aTransmittedMPDUsInAMPDUCount = 0
aTransmittedOctetsInAMPDUCount = 0
aAMPDUReceivedCount = 0
aMPDUInReceivedAMPDUCount = 0
aReceivedOctetsInAMPDUCount = 0
aAMPDUDelimiterCRCErrorCount = 0
aExplicitBARFailureCount = 0
aChannelWidthSwitchCount = 0
aTwentyMHzFrameTransmittedCount = 30270
aFortyMHzFrameTransmittedCount = 0
aTwentyMHzFrameReceivedCount = 93429
aFortyMHzFrameReceivedCount = 0

====== MIB Counters (81.000 sec) ======
aFailedCount = 150
aRetryCount = 385
aFrameDuplicateCount = 2
aRTSSuccessCount = 0
aRTSFailureCount = 0
aACKFailureCount = 0
aFCSErrorCount = 0
aTransmittedFrameCount = 6118
aTransmittedAMSDUCount = 0
aFailedAMSDUCount = 0
aRetryAMSDUCount = 0
aTransmittedOctetsInAMSDUCount = 0
aAMSDUAckFailureCount = 0
aReceivedAMSDUCount = 0
aReceivedOctetsInAMSDUCount = 0
aTransmittedAMPDUCount = 0
aTransmittedMPDUsInAMPDUCount = 0
aTransmittedOctetsInAMPDUCount = 0
aAMPDUReceivedCount = 0
aMPDUInReceivedAMPDUCount = 0
aReceivedOctetsInAMPDUCount = 0
aAMPDUDelimiterCRCErrorCount = 0
aExplicitBARFailureCount = 0
aChannelWidthSwitchCount = 0
aTwentyMHzFrameTransmittedCount = 30326
aFortyMHzFrameTransmittedCount = 0
aTwentyMHzFrameReceivedCount = 95056
aFortyMHzFrameReceivedCount = 0

====== MIB Counters (82.000 sec) ======
aFailedCount = 154
aRetryCount = 386
aFrameDuplicateCount = 2
aRTSSuccessCount = 0
aRTSFailureCount = 0
aACKFailureCount = 0
aFCSErrorCount = 0
aTransmittedFrameCount = 6123
aTransmittedAMSDUCount = 0
aFailedAMSDUCount = 0
aRetryAMSDUCount = 0
aTransmittedOctetsInAMSDUCount = 0
aAMSDUAckFailureCount = 0
aReceivedAMSDUCount = 0
aReceivedOctetsInAMSDUCount = 0
aTransmittedAMPDUCount = 0
aTransmittedMPDUsInAMPDUCount = 0
aTransmittedOctetsInAMPDUCount = 0
aAMPDUReceivedCount = 0
aMPDUInReceivedAMPDUCount = 0
aReceivedOctetsInAMPDUCount = 0
aAMPDUDelimiterCRCErrorCount = 0
aExplicitBARFailureCount = 0
aChannelWidthSwitchCount = 0
aTwentyMHzFrameTransmittedCount = 30369
aFortyMHzFrameTransmittedCount = 0
aTwentyMHzFrameReceivedCount = 96648
aFortyMHzFrameReceivedCount = 0

====== MIB Counters (83.000 sec) ======
aFailedCount = 155
aRetryCount = 387
aFrameDuplicateCount = 2
aRTSSuccessCount = 0
aRTSFailureCount = 0
aACKFailureCount = 0
aFCSErrorCount = 0
aTransmittedFrameCount = 6139
aTransmittedAMSDUCount = 0
aFailedAMSDUCount = 0
aRetryAMSDUCount = 0
aTransmittedOctetsInAMSDUCount = 0
aAMSDUAckFailureCount = 0
aReceivedAMSDUCount = 0
aReceivedOctetsInAMSDUCount = 0
aTransmittedAMPDUCount = 0
aTransmittedMPDUsInAMPDUCount = 0
aTransmittedOctetsInAMPDUCount = 0
aAMPDUReceivedCount = 0
aMPDUInReceivedAMPDUCount = 0
aReceivedOctetsInAMPDUCount = 0
aAMPDUDelimiterCRCErrorCount = 0
aExplicitBARFailureCount = 0
aChannelWidthSwitchCount = 0
aTwentyMHzFrameTransmittedCount = 30420
aFortyMHzFrameTransmittedCount = 0
aTwentyMHzFrameReceivedCount = 98300
aFortyMHzFrameReceivedCount = 0

====== MIB Counters (84.000 sec) ======
aFailedCount = 155
aRetryCount = 388
aFrameDuplicateCount = 2
aRTSSuccessCount = 0
aRTSFailureCount = 0
aACKFailureCount = 0
aFCSErrorCount = 0
aTransmittedFrameCount = 6153
aTransmittedAMSDUCount = 0
aFailedAMSDUCount = 0
aRetryAMSDUCount = 0
aTransmittedOctetsInAMSDUCount = 0
aAMSDUAckFailureCount = 0
aReceivedAMSDUCount = 0
aReceivedOctetsInAMSDUCount = 0
aTransmittedAMPDUCount = 0
aTransmittedMPDUsInAMPDUCount = 0
aTransmittedOctetsInAMPDUCount = 0
aAMPDUReceivedCount = 0
aMPDUInReceivedAMPDUCount = 0
aReceivedOctetsInAMPDUCount = 0
aAMPDUDelimiterCRCErrorCount = 0
aExplicitBARFailureCount = 0
aChannelWidthSwitchCount = 0
aTwentyMHzFrameTransmittedCount = 30550
aFortyMHzFrameTransmittedCount = 0
aTwentyMHzFrameReceivedCount = 99516
aFortyMHzFrameReceivedCount = 0

====== MIB Counters (85.000 sec) ======
aFailedCount = 155
aRetryCount = 390
aFrameDuplicateCount = 2
aRTSSuccessCount = 0
aRTSFailureCount = 0
aACKFailureCount = 0
aFCSErrorCount = 0
aTransmittedFrameCount = 6176
aTransmittedAMSDUCount = 0
aFailedAMSDUCount = 0
aRetryAMSDUCount = 0
aTransmittedOctetsInAMSDUCount = 0
aAMSDUAckFailureCount = 0
aReceivedAMSDUCount = 0
aReceivedOctetsInAMSDUCount = 0
aTransmittedAMPDUCount = 0
aTransmittedMPDUsInAMPDUCount = 0
aTransmittedOctetsInAMPDUCount = 0
aAMPDUReceivedCount = 0
aMPDUInReceivedAMPDUCount = 0
aReceivedOctetsInAMPDUCount = 0
aAMPDUDelimiterCRCErrorCount = 0
aExplicitBARFailureCount = 0
aChannelWidthSwitchCount = 0
aTwentyMHzFrameTransmittedCount = 30787
aFortyMHzFrameTransmittedCount = 0
aTwentyMHzFrameReceivedCount = 100587
aFortyMHzFrameReceivedCount = 0

====== MIB Counters (86.000 sec) ======
aFailedCount = 156
aRetryCount = 394
aFrameDuplicateCount = 2
aRTSSuccessCount = 0
aRTSFailureCount = 0
aACKFailureCount = 0
aFCSErrorCount = 0
aTransmittedFrameCount = 6221
aTransmittedAMSDUCount = 0
aFailedAMSDUCount = 0
aRetryAMSDUCount = 0
aTransmittedOctetsInAMSDUCount = 0
aAMSDUAckFailureCount = 0
aReceivedAMSDUCount = 0
aReceivedOctetsInAMSDUCount = 0
aTransmittedAMPDUCount = 0
aTransmittedMPDUsInAMPDUCount = 0
aTransmittedOctetsInAMPDUCount = 0
aAMPDUReceivedCount = 0
aMPDUInReceivedAMPDUCount = 0
aReceivedOctetsInAMPDUCount = 0
aAMPDUDelimiterCRCErrorCount = 0
aExplicitBARFailureCount = 0
aChannelWidthSwitchCount = 0
aTwentyMHzFrameTransmittedCount = 31056
aFortyMHzFrameTransmittedCount = 0
aTwentyMHzFrameReceivedCount = 101746
aFortyMHzFrameReceivedCount = 0

====== MIB Counters (87.000 sec) ======
aFailedCount = 156
aRetryCount = 396
aFrameDuplicateCount = 2
aRTSSuccessCount = 0
aRTSFailureCount = 0
aACKFailureCount = 0
aFCSErrorCount = 0
aTransmittedFrameCount = 6296
aTransmittedAMSDUCount = 0
aFailedAMSDUCount = 0
aRetryAMSDUCount = 0
aTransmittedOctetsInAMSDUCount = 0
aAMSDUAckFailureCount = 0
aReceivedAMSDUCount = 0
aReceivedOctetsInAMSDUCount = 0
aTransmittedAMPDUCount = 0
aTransmittedMPDUsInAMPDUCount = 0
aTransmittedOctetsInAMPDUCount = 0
aAMPDUReceivedCount = 0
aMPDUInReceivedAMPDUCount = 0
aReceivedOctetsInAMPDUCount = 0
aAMPDUDelimiterCRCErrorCount = 0
aExplicitBARFailureCount = 0
aChannelWidthSwitchCount = 0
aTwentyMHzFrameTransmittedCount = 31286
aFortyMHzFrameTransmittedCount = 0
aTwentyMHzFrameReceivedCount = 102934
aFortyMHzFrameReceivedCount = 0

====== MIB Counters (88.000 sec) ======
aFailedCount = 157
aRetryCount = 397
aFrameDuplicateCount = 2
aRTSSuccessCount = 0
aRTSFailureCount = 0
aACKFailureCount = 0
aFCSErrorCount = 0
aTransmittedFrameCount = 6319
aTransmittedAMSDUCount = 0
aFailedAMSDUCount = 0
aRetryAMSDUCount = 0
aTransmittedOctetsInAMSDUCount = 0
aAMSDUAckFailureCount = 0
aReceivedAMSDUCount = 0
aReceivedOctetsInAMSDUCount = 0
aTransmittedAMPDUCount = 0
aTransmittedMPDUsInAMPDUCount = 0
aTransmittedOctetsInAMPDUCount = 0
aAMPDUReceivedCount = 0
aMPDUInReceivedAMPDUCount = 0
aReceivedOctetsInAMPDUCount = 0
aAMPDUDelimiterCRCErrorCount = 0
aExplicitBARFailureCount = 0
aChannelWidthSwitchCount = 0
aTwentyMHzFrameTransmittedCount = 31429
aFortyMHzFrameTransmittedCount = 0
aTwentyMHzFrameReceivedCount = 104138
aFortyMHzFrameReceivedCount = 0

====== MIB Counters (89.000 sec) ======
aFailedCount = 158
aRetryCount = 414
aFrameDuplicateCount = 2
aRTSSuccessCount = 0
aRTSFailureCount = 0
aACKFailureCount = 0
aFCSErrorCount = 0
aTransmittedFrameCount = 6386
aTransmittedAMSDUCount = 0
aFailedAMSDUCount = 0
aRetryAMSDUCount = 0
aTransmittedOctetsInAMSDUCount = 0
aAMSDUAckFailureCount = 0
aReceivedAMSDUCount = 0
aReceivedOctetsInAMSDUCount = 0
aTransmittedAMPDUCount = 0
aTransmittedMPDUsInAMPDUCount = 0
aTransmittedOctetsInAMPDUCount = 0
aAMPDUReceivedCount = 0
aMPDUInReceivedAMPDUCount = 0
aReceivedOctetsInAMPDUCount = 0
aAMPDUDelimiterCRCErrorCount = 0
aExplicitBARFailureCount = 0
aChannelWidthSwitchCount = 0
aTwentyMHzFrameTransmittedCount = 31749
aFortyMHzFrameTransmittedCount = 0
aTwentyMHzFrameReceivedCount = 105252
aFortyMHzFrameReceivedCount = 0

====== MIB Counters (90.000 sec) ======
aFailedCount = 158
aRetryCount = 423
aFrameDuplicateCount = 3
aRTSSuccessCount = 0
aRTSFailureCount = 0
aACKFailureCount = 0
aFCSErrorCount = 0
aTransmittedFrameCount = 6416
aTransmittedAMSDUCount = 0
aFailedAMSDUCount = 0
aRetryAMSDUCount = 0
aTransmittedOctetsInAMSDUCount = 0
aAMSDUAckFailureCount = 0
aReceivedAMSDUCount = 0
aReceivedOctetsInAMSDUCount = 0
aTransmittedAMPDUCount = 0
aTransmittedMPDUsInAMPDUCount = 0
aTransmittedOctetsInAMPDUCount = 0
aAMPDUReceivedCount = 0
aMPDUInReceivedAMPDUCount = 0
aReceivedOctetsInAMPDUCount = 0
aAMPDUDelimiterCRCErrorCount = 0
aExplicitBARFailureCount = 0
aChannelWidthSwitchCount = 0
aTwentyMHzFrameTransmittedCount = 32215
aFortyMHzFrameTransmittedCount = 0
aTwentyMHzFrameReceivedCount = 106511
aFortyMHzFrameReceivedCount = 0

====== MIB Counters (91.000 sec) ======
aFailedCount = 162
aRetryCount = 427
aFrameDuplicateCount = 3
aRTSSuccessCount = 0
aRTSFailureCount = 0
aACKFailureCount = 0
aFCSErrorCount = 0
aTransmittedFrameCount = 6426
aTransmittedAMSDUCount = 0
aFailedAMSDUCount = 0
aRetryAMSDUCount = 0
aTransmittedOctetsInAMSDUCount = 0
aAMSDUAckFailureCount = 0
aReceivedAMSDUCount = 0
aReceivedOctetsInAMSDUCount = 0
aTransmittedAMPDUCount = 0
aTransmittedMPDUsInAMPDUCount = 0
aTransmittedOctetsInAMPDUCount = 0
aAMPDUReceivedCount = 0
aMPDUInReceivedAMPDUCount = 0
aReceivedOctetsInAMPDUCount = 0
aAMPDUDelimiterCRCErrorCount = 0
aExplicitBARFailureCount = 0
aChannelWidthSwitchCount = 0
aTwentyMHzFrameTransmittedCount = 32731
aFortyMHzFrameTransmittedCount = 0
aTwentyMHzFrameReceivedCount = 107691
aFortyMHzFrameReceivedCount = 0

====== MIB Counters (92.000 sec) ======
aFailedCount = 165
aRetryCount = 431
aFrameDuplicateCount = 7
aRTSSuccessCount = 0
aRTSFailureCount = 0
aACKFailureCount = 0
aFCSErrorCount = 0
aTransmittedFrameCount = 6440
aTransmittedAMSDUCount = 0
aFailedAMSDUCount = 0
aRetryAMSDUCount = 0
aTransmittedOctetsInAMSDUCount = 0
aAMSDUAckFailureCount = 0
aReceivedAMSDUCount = 0
aReceivedOctetsInAMSDUCount = 0
aTransmittedAMPDUCount = 0
aTransmittedMPDUsInAMPDUCount = 0
aTransmittedOctetsInAMPDUCount = 0
aAMPDUReceivedCount = 0
aMPDUInReceivedAMPDUCount = 0
aReceivedOctetsInAMPDUCount = 0
aAMPDUDelimiterCRCErrorCount = 0
aExplicitBARFailureCount = 0
aChannelWidthSwitchCount = 0
aTwentyMHzFrameTransmittedCount = 33199
aFortyMHzFrameTransmittedCount = 0
aTwentyMHzFrameReceivedCount = 108917
aFortyMHzFrameReceivedCount = 0

====== MIB Counters (93.000 sec) ======
aFailedCount = 169
aRetryCount = 440
aFrameDuplicateCount = 7
aRTSSuccessCount = 0
aRTSFailureCount = 0
aACKFailureCount = 0
aFCSErrorCount = 0
aTransmittedFrameCount = 6458
aTransmittedAMSDUCount = 0
aFailedAMSDUCount = 0
aRetryAMSDUCount = 0
aTransmittedOctetsInAMSDUCount = 0
aAMSDUAckFailureCount = 0
aReceivedAMSDUCount = 0
aReceivedOctetsInAMSDUCount = 0
aTransmittedAMPDUCount = 0
aTransmittedMPDUsInAMPDUCount = 0
aTransmittedOctetsInAMPDUCount = 0
aAMPDUReceivedCount = 0
aMPDUInReceivedAMPDUCount = 0
aReceivedOctetsInAMPDUCount = 0
aAMPDUDelimiterCRCErrorCount = 0
aExplicitBARFailureCount = 0
aChannelWidthSwitchCount = 0
aTwentyMHzFrameTransmittedCount = 33531
aFortyMHzFrameTransmittedCount = 0
aTwentyMHzFrameReceivedCount = 110533
aFortyMHzFrameReceivedCount = 0

====== MIB Counters (94.000 sec) ======
aFailedCount = 171
aRetryCount = 455
aFrameDuplicateCount = 9
aRTSSuccessCount = 0
aRTSFailureCount = 0
aACKFailureCount = 0
aFCSErrorCount = 0
aTransmittedFrameCount = 6488
aTransmittedAMSDUCount = 0
aFailedAMSDUCount = 0
aRetryAMSDUCount = 0
aTransmittedOctetsInAMSDUCount = 0
aAMSDUAckFailureCount = 0
aReceivedAMSDUCount = 0
aReceivedOctetsInAMSDUCount = 0
aTransmittedAMPDUCount = 0
aTransmittedMPDUsInAMPDUCount = 0
aTransmittedOctetsInAMPDUCount = 0
aAMPDUReceivedCount = 0
aMPDUInReceivedAMPDUCount = 0
aReceivedOctetsInAMPDUCount = 0
aAMPDUDelimiterCRCErrorCount = 0
aExplicitBARFailureCount = 0
aChannelWidthSwitchCount = 0
aTwentyMHzFrameTransmittedCount = 33926
aFortyMHzFrameTransmittedCount = 0
aTwentyMHzFrameReceivedCount = 111946
aFortyMHzFrameReceivedCount = 0

====== MIB Counters (95.000 sec) ======
aFailedCount = 175
aRetryCount = 472
aFrameDuplicateCount = 9
aRTSSuccessCount = 0
aRTSFailureCount = 0
aACKFailureCount = 0
aFCSErrorCount = 0
aTransmittedFrameCount = 6531
aTransmittedAMSDUCount = 0
aFailedAMSDUCount = 0
aRetryAMSDUCount = 0
aTransmittedOctetsInAMSDUCount = 0
aAMSDUAckFailureCount = 0
aReceivedAMSDUCount = 0
aReceivedOctetsInAMSDUCount = 0
aTransmittedAMPDUCount = 0
aTransmittedMPDUsInAMPDUCount = 0
aTransmittedOctetsInAMPDUCount = 0
aAMPDUReceivedCount = 0
aMPDUInReceivedAMPDUCount = 0
aReceivedOctetsInAMPDUCount = 0
aAMPDUDelimiterCRCErrorCount = 0
aExplicitBARFailureCount = 0
aChannelWidthSwitchCount = 0
aTwentyMHzFrameTransmittedCount = 34413
aFortyMHzFrameTransmittedCount = 0
aTwentyMHzFrameReceivedCount = 113236
aFortyMHzFrameReceivedCount = 0

====== MIB Counters (96.000 sec) ======
aFailedCount = 181
aRetryCount = 478
aFrameDuplicateCount = 9
aRTSSuccessCount = 0
aRTSFailureCount = 0
aACKFailureCount = 0
aFCSErrorCount = 0
aTransmittedFrameCount = 6550
aTransmittedAMSDUCount = 0
aFailedAMSDUCount = 0
aRetryAMSDUCount = 0
aTransmittedOctetsInAMSDUCount = 0
aAMSDUAckFailureCount = 0
aReceivedAMSDUCount = 0
aReceivedOctetsInAMSDUCount = 0
aTransmittedAMPDUCount = 0
aTransmittedMPDUsInAMPDUCount = 0
aTransmittedOctetsInAMPDUCount = 0
aAMPDUReceivedCount = 0
aMPDUInReceivedAMPDUCount = 0
aReceivedOctetsInAMPDUCount = 0
aAMPDUDelimiterCRCErrorCount = 0
aExplicitBARFailureCount = 0
aChannelWidthSwitchCount = 0
aTwentyMHzFrameTransmittedCount = 34835
aFortyMHzFrameTransmittedCount = 0
aTwentyMHzFrameReceivedCount = 114551
aFortyMHzFrameReceivedCount = 0

====== MIB Counters (97.000 sec) ======
aFailedCount = 182
aRetryCount = 504
aFrameDuplicateCount = 9
aRTSSuccessCount = 0
aRTSFailureCount = 0
aACKFailureCount = 0
aFCSErrorCount = 0
aTransmittedFrameCount = 6641
aTransmittedAMSDUCount = 0
aFailedAMSDUCount = 0
aRetryAMSDUCount = 0
aTransmittedOctetsInAMSDUCount = 0
aAMSDUAckFailureCount = 0
aReceivedAMSDUCount = 0
aReceivedOctetsInAMSDUCount = 0
aTransmittedAMPDUCount = 0
aTransmittedMPDUsInAMPDUCount = 0
aTransmittedOctetsInAMPDUCount = 0
aAMPDUReceivedCount = 0
aMPDUInReceivedAMPDUCount = 0
aReceivedOctetsInAMPDUCount = 0
aAMPDUDelimiterCRCErrorCount = 0
aExplicitBARFailureCount = 0
aChannelWidthSwitchCount = 0
aTwentyMHzFrameTransmittedCount = 35333
aFortyMHzFrameTransmittedCount = 0
aTwentyMHzFrameReceivedCount = 115923
aFortyMHzFrameReceivedCount = 0

====== MIB Counters (98.000 sec) ======
aFailedCount = 182
aRetryCount = 507
aFrameDuplicateCount = 9
aRTSSuccessCount = 0
aRTSFailureCount = 0
aACKFailureCount = 0
aFCSErrorCount = 0
aTransmittedFrameCount = 6661
aTransmittedAMSDUCount = 0
aFailedAMSDUCount = 0
aRetryAMSDUCount = 0
aTransmittedOctetsInAMSDUCount = 0
aAMSDUAckFailureCount = 0
aReceivedAMSDUCount = 0
aReceivedOctetsInAMSDUCount = 0
aTransmittedAMPDUCount = 0
aTransmittedMPDUsInAMPDUCount = 0
aTransmittedOctetsInAMPDUCount = 0
aAMPDUReceivedCount = 0
aMPDUInReceivedAMPDUCount = 0
aReceivedOctetsInAMPDUCount = 0
aAMPDUDelimiterCRCErrorCount = 0
aExplicitBARFailureCount = 0
aChannelWidthSwitchCount = 0
aTwentyMHzFrameTransmittedCount = 35889
aFortyMHzFrameTransmittedCount = 0
aTwentyMHzFrameReceivedCount = 117155
aFortyMHzFrameReceivedCount = 0

====== MIB Counters (99.000 sec) ======
aFailedCount = 184
aRetryCount = 511
aFrameDuplicateCount = 9
aRTSSuccessCount = 0
aRTSFailureCount = 0
aACKFailureCount = 0
aFCSErrorCount = 0
aTransmittedFrameCount = 6691
aTransmittedAMSDUCount = 0
aFailedAMSDUCount = 0
aRetryAMSDUCount = 0
aTransmittedOctetsInAMSDUCount = 0
aAMSDUAckFailureCount = 0
aReceivedAMSDUCount = 0
aReceivedOctetsInAMSDUCount = 0
aTransmittedAMPDUCount = 0
aTransmittedMPDUsInAMPDUCount = 0
aTransmittedOctetsInAMPDUCount = 0
aAMPDUReceivedCount = 0
aMPDUInReceivedAMPDUCount = 0
aReceivedOctetsInAMPDUCount = 0
aAMPDUDelimiterCRCErrorCount = 0
aExplicitBARFailureCount = 0
aChannelWidthSwitchCount = 0
aTwentyMHzFrameTransmittedCount = 36289
aFortyMHzFrameTransmittedCount = 0
aTwentyMHzFrameReceivedCount = 118418
aFortyMHzFrameReceivedCount = 0

====== MIB Counters (100.000 sec) ======
aFailedCount = 185
aRetryCount = 513
aFrameDuplicateCount = 9
aRTSSuccessCount = 0
aRTSFailureCount = 0
aACKFailureCount = 0
aFCSErrorCount = 0
aTransmittedFrameCount = 6714
aTransmittedAMSDUCount = 0
aFailedAMSDUCount = 0
aRetryAMSDUCount = 0
aTransmittedOctetsInAMSDUCount = 0
aAMSDUAckFailureCount = 0
aReceivedAMSDUCount = 0
aReceivedOctetsInAMSDUCount = 0
aTransmittedAMPDUCount = 0
aTransmittedMPDUsInAMPDUCount = 0
aTransmittedOctetsInAMPDUCount = 0
aAMPDUReceivedCount = 0
aMPDUInReceivedAMPDUCount = 0
aReceivedOctetsInAMPDUCount = 0
aAMPDUDelimiterCRCErrorCount = 0
aExplicitBARFailureCount = 0
aChannelWidthSwitchCount = 0
aTwentyMHzFrameTransmittedCount = 36589
aFortyMHzFrameTransmittedCount = 0
aTwentyMHzFrameReceivedCount = 119693
aFortyMHzFrameReceivedCount = 0
