
====== MIB Counters (1.000 sec) ======
aFailedCount = 0
aRetryCount = 2
aFrameDuplicateCount = 0
aRTSSuccessCount = 0
aRTSFailureCount = 0
aACKFailureCount = 0
aFCSErrorCount = 0
aTransmittedFrameCount = 15
aTransmittedAMSDUCount = 0
aFailedAMSDUCount = 0
aRetryAMSDUCount = 0
aTransmittedOctetsInAMSDUCount = 0
aAMSDUAckFailureCount = 0
aReceivedAMSDUCount = 0
aReceivedOctetsInAMSDUCount = 0
aTransmittedAMPDUCount = 0
aTransmittedMPDUsInAMPDUCount = 0
aTransmittedOctetsInAMPDUCount = 0
aAMPDUReceivedCount = 0
aMPDUInReceivedAMPDUCount = 0
aReceivedOctetsInAMPDUCount = 0
aAMPDUDelimiterCRCErrorCount = 0
aExplicitBARFailureCount = 0
aChannelWidthSwitchCount = 0
aTwentyMHzFrameTransmittedCount = 46
aFortyMHzFrameTransmittedCount = 0
aTwentyMHzFrameReceivedCount = 224
aFortyMHzFrameReceivedCount = 0

====== MIB Counters (2.000 sec) ======
aFailedCount = 0
aRetryCount = 2
aFrameDuplicateCount = 0
aRTSSuccessCount = 0
aRTSFailureCount = 0
aACKFailureCount = 0
aFCSErrorCount = 0
aTransmittedFrameCount = 15
aTransmittedAMSDUCount = 0
aFailedAMSDUCount = 0
aRetryAMSDUCount = 0
aTransmittedOctetsInAMSDUCount = 0
aAMSDUAckFailureCount = 0
aReceivedAMSDUCount = 0
aReceivedOctetsInAMSDUCount = 0
aTransmittedAMPDUCount = 0
aTransmittedMPDUsInAMPDUCount = 0
aTransmittedOctetsInAMPDUCount = 0
aAMPDUReceivedCount = 0
aMPDUInReceivedAMPDUCount = 0
aReceivedOctetsInAMPDUCount = 0
aAMPDUDelimiterCRCErrorCount = 0
aExplicitBARFailureCount = 0
aChannelWidthSwitchCount = 0
aTwentyMHzFrameTransmittedCount = 49
aFortyMHzFrameTransmittedCount = 0
aTwentyMHzFrameReceivedCount = 466
aFortyMHzFrameReceivedCount = 0

====== MIB Counters (3.000 sec) ======
aFailedCount = 3
aRetryCount = 21
aFrameDuplicateCount = 0
aRTSSuccessCount = 0
aRTSFailureCount = 0
aACKFailureCount = 0
aFCSErrorCount = 0
aTransmittedFrameCount = 82
aTransmittedAMSDUCount = 0
aFailedAMSDUCount = 0
aRetryAMSDUCount = 0
aTransmittedOctetsInAMSDUCount = 0
aAMSDUAckFailureCount = 0
aReceivedAMSDUCount = 0
aReceivedOctetsInAMSDUCount = 0
aTransmittedAMPDUCount = 0
aTransmittedMPDUsInAMPDUCount = 0
aTransmittedOctetsInAMPDUCount = 0
aAMPDUReceivedCount = 0
aMPDUInReceivedAMPDUCount = 0
aReceivedOctetsInAMPDUCount = 0
aAMPDUDelimiterCRCErrorCount = 0
aExplicitBARFailureCount = 0
aChannelWidthSwitchCount = 0
aTwentyMHzFrameTransmittedCount = 262
aFortyMHzFrameTransmittedCount = 0
aTwentyMHzFrameReceivedCount = 1975
aFortyMHzFrameReceivedCount = 0

====== MIB Counters (4.000 sec) ======
aFailedCount = 3
aRetryCount = 29
aFrameDuplicateCount = 0
aRTSSuccessCount = 0
aRTSFailureCount = 0
aACKFailureCount = 0
aFCSErrorCount = 0
aTransmittedFrameCount = 103
aTransmittedAMSDUCount = 0
aFailedAMSDUCount = 0
aRetryAMSDUCount = 0
aTransmittedOctetsInAMSDUCount = 0
aAMSDUAckFailureCount = 0
aReceivedAMSDUCount = 0
aReceivedOctetsInAMSDUCount = 0
aTransmittedAMPDUCount = 0
aTransmittedMPDUsInAMPDUCount = 0
aTransmittedOctetsInAMPDUCount = 0
aAMPDUReceivedCount = 0
aMPDUInReceivedAMPDUCount = 0
aReceivedOctetsInAMPDUCount = 0
aAMPDUDelimiterCRCErrorCount = 0
aExplicitBARFailureCount = 0
aChannelWidthSwitchCount = 0
aTwentyMHzFrameTransmittedCount = 328
aFortyMHzFrameTransmittedCount = 0
aTwentyMHzFrameReceivedCount = 3472
aFortyMHzFrameReceivedCount = 0

====== MIB Counters (5.000 sec) ======
aFailedCount = 7
aRetryCount = 32
aFrameDuplicateCount = 0
aRTSSuccessCount = 0
aRTSFailureCount = 0
aACKFailureCount = 0
aFCSErrorCount = 0
aTransmittedFrameCount = 106
aTransmittedAMSDUCount = 0
aFailedAMSDUCount = 0
aRetryAMSDUCount = 0
aTransmittedOctetsInAMSDUCount = 0
aAMSDUAckFailureCount = 0
aReceivedAMSDUCount = 0
aReceivedOctetsInAMSDUCount = 0
aTransmittedAMPDUCount = 0
aTransmittedMPDUsInAMPDUCount = 0
aTransmittedOctetsInAMPDUCount = 0
aAMPDUReceivedCount = 0
aMPDUInReceivedAMPDUCount = 0
aReceivedOctetsInAMPDUCount = 0
aAMPDUDelimiterCRCErrorCount = 0
aExplicitBARFailureCount = 0
aChannelWidthSwitchCount = 0
aTwentyMHzFrameTransmittedCount = 375
aFortyMHzFrameTransmittedCount = 0
aTwentyMHzFrameReceivedCount = 4816
aFortyMHzFrameReceivedCount = 0

====== MIB Counters (6.000 sec) ======
aFailedCount = 11
aRetryCount = 33
aFrameDuplicateCount = 0
aRTSSuccessCount = 0
aRTSFailureCount = 0
aACKFailureCount = 0
aFCSErrorCount = 0
aTransmittedFrameCount = 109
aTransmittedAMSDUCount = 0
aFailedAMSDUCount = 0
aRetryAMSDUCount = 0
aTransmittedOctetsInAMSDUCount = 0
aAMSDUAckFailureCount = 0
aReceivedAMSDUCount = 0
aReceivedOctetsInAMSDUCount = 0
aTransmittedAMPDUCount = 0
aTransmittedMPDUsInAMPDUCount = 0
aTransmittedOctetsInAMPDUCount = 0
aAMPDUReceivedCount = 0
aMPDUInReceivedAMPDUCount = 0
aReceivedOctetsInAMPDUCount = 0
aAMPDUDelimiterCRCErrorCount = 0
aExplicitBARFailureCount = 0
aChannelWidthSwitchCount = 0
aTwentyMHzFrameTransmittedCount = 415
aFortyMHzFrameTransmittedCount = 0
aTwentyMHzFrameReceivedCount = 6205
aFortyMHzFrameReceivedCount = 0

====== MIB Counters (7.000 sec) ======
aFailedCount = 11
aRetryCount = 33
aFrameDuplicateCount = 0
aRTSSuccessCount = 0
aRTSFailureCount = 0
aACKFailureCount = 0
aFCSErrorCount = 0
aTransmittedFrameCount = 116
aTransmittedAMSDUCount = 0
aFailedAMSDUCount = 0
aRetryAMSDUCount = 0
aTransmittedOctetsInAMSDUCount = 0
aAMSDUAckFailureCount = 0
aReceivedAMSDUCount = 0
aReceivedOctetsInAMSDUCount = 0
aTransmittedAMPDUCount = 0
aTransmittedMPDUsInAMPDUCount = 0
aTransmittedOctetsInAMPDUCount = 0
aAMPDUReceivedCount = 0
aMPDUInReceivedAMPDUCount = 0
aReceivedOctetsInAMPDUCount = 0
aAMPDUDelimiterCRCErrorCount = 0
aExplicitBARFailureCount = 0
aChannelWidthSwitchCount = 0
aTwentyMHzFrameTransmittedCount = 432
aFortyMHzFrameTransmittedCount = 0
aTwentyMHzFrameReceivedCount = 7706
aFortyMHzFrameReceivedCount = 0

====== MIB Counters (8.000 sec) ======
aFailedCount = 11
aRetryCount = 33
aFrameDuplicateCount = 0
aRTSSuccessCount = 0
aRTSFailureCount = 0
aACKFailureCount = 0
aFCSErrorCount = 0
aTransmittedFrameCount = 117
aTransmittedAMSDUCount = 0
aFailedAMSDUCount = 0
aRetryAMSDUCount = 0
aTransmittedOctetsInAMSDUCount = 0
aAMSDUAckFailureCount = 0
aReceivedAMSDUCount = 0
aReceivedOctetsInAMSDUCount = 0
aTransmittedAMPDUCount = 0
aTransmittedMPDUsInAMPDUCount = 0
aTransmittedOctetsInAMPDUCount = 0
aAMPDUReceivedCount = 0
aMPDUInReceivedAMPDUCount = 0
aReceivedOctetsInAMPDUCount = 0
aAMPDUDelimiterCRCErrorCount = 0
aExplicitBARFailureCount = 0
aChannelWidthSwitchCount = 0
aTwentyMHzFrameTransmittedCount = 441
aFortyMHzFrameTransmittedCount = 0
aTwentyMHzFrameReceivedCount = 9276
aFortyMHzFrameReceivedCount = 0

====== MIB Counters (9.000 sec) ======
aFailedCount = 12
aRetryCount = 34
aFrameDuplicateCount = 0
aRTSSuccessCount = 0
aRTSFailureCount = 0
aACKFailureCount = 0
aFCSErrorCount = 0
aTransmittedFrameCount = 120
aTransmittedAMSDUCount = 0
aFailedAMSDUCount = 0
aRetryAMSDUCount = 0
aTransmittedOctetsInAMSDUCount = 0
aAMSDUAckFailureCount = 0
aReceivedAMSDUCount = 0
aReceivedOctetsInAMSDUCount = 0
aTransmittedAMPDUCount = 0
aTransmittedMPDUsInAMPDUCount = 0
aTransmittedOctetsInAMPDUCount = 0
aAMPDUReceivedCount = 0
aMPDUInReceivedAMPDUCount = 0
aReceivedOctetsInAMPDUCount = 0
aAMPDUDelimiterCRCErrorCount = 0
aExplicitBARFailureCount = 0
aChannelWidthSwitchCount = 0
aTwentyMHzFrameTransmittedCount = 463
aFortyMHzFrameTransmittedCount = 0
aTwentyMHzFrameReceivedCount = 10853
aFortyMHzFrameReceivedCount = 0

====== MIB Counters (10.000 sec) ======
aFailedCount = 12
aRetryCount = 34
aFrameDuplicateCount = 0
aRTSSuccessCount = 0
aRTSFailureCount = 0
aACKFailureCount = 0
aFCSErrorCount = 0
aTransmittedFrameCount = 120
aTransmittedAMSDUCount = 0
aFailedAMSDUCount = 0
aRetryAMSDUCount = 0
aTransmittedOctetsInAMSDUCount = 0
aAMSDUAckFailureCount = 0
aReceivedAMSDUCount = 0
aReceivedOctetsInAMSDUCount = 0
aTransmittedAMPDUCount = 0
aTransmittedMPDUsInAMPDUCount = 0
aTransmittedOctetsInAMPDUCount = 0
aAMPDUReceivedCount = 0
aMPDUInReceivedAMPDUCount = 0
aReceivedOctetsInAMPDUCount = 0
aAMPDUDelimiterCRCErrorCount = 0
aExplicitBARFailureCount = 0
aChannelWidthSwitchCount = 0
aTwentyMHzFrameTransmittedCount = 464
aFortyMHzFrameTransmittedCount = 0
aTwentyMHzFrameReceivedCount = 12401
aFortyMHzFrameReceivedCount = 0

====== MIB Counters (11.000 sec) ======
aFailedCount = 16
aRetryCount = 34
aFrameDuplicateCount = 0
aRTSSuccessCount = 0
aRTSFailureCount = 0
aACKFailureCount = 0
aFCSErrorCount = 0
aTransmittedFrameCount = 120
aTransmittedAMSDUCount = 0
aFailedAMSDUCount = 0
aRetryAMSDUCount = 0
aTransmittedOctetsInAMSDUCount = 0
aAMSDUAckFailureCount = 0
aReceivedAMSDUCount = 0
aReceivedOctetsInAMSDUCount = 0
aTransmittedAMPDUCount = 0
aTransmittedMPDUsInAMPDUCount = 0
aTransmittedOctetsInAMPDUCount = 0
aAMPDUReceivedCount = 0
aMPDUInReceivedAMPDUCount = 0
aReceivedOctetsInAMPDUCount = 0
aAMPDUDelimiterCRCErrorCount = 0
aExplicitBARFailureCount = 0
aChannelWidthSwitchCount = 0
aTwentyMHzFrameTransmittedCount = 464
aFortyMHzFrameTransmittedCount = 0
aTwentyMHzFrameReceivedCount = 12401
aFortyMHzFrameReceivedCount = 0

====== MIB Counters (12.000 sec) ======
aFailedCount = 16
aRetryCount = 34
aFrameDuplicateCount = 0
aRTSSuccessCount = 0
aRTSFailureCount = 0
aACKFailureCount = 0
aFCSErrorCount = 0
aTransmittedFrameCount = 120
aTransmittedAMSDUCount = 0
aFailedAMSDUCount = 0
aRetryAMSDUCount = 0
aTransmittedOctetsInAMSDUCount = 0
aAMSDUAckFailureCount = 0
aReceivedAMSDUCount = 0
aReceivedOctetsInAMSDUCount = 0
aTransmittedAMPDUCount = 0
aTransmittedMPDUsInAMPDUCount = 0
aTransmittedOctetsInAMPDUCount = 0
aAMPDUReceivedCount = 0
aMPDUInReceivedAMPDUCount = 0
aReceivedOctetsInAMPDUCount = 0
aAMPDUDelimiterCRCErrorCount = 0
aExplicitBARFailureCount = 0
aChannelWidthSwitchCount = 0
aTwentyMHzFrameTransmittedCount = 464
aFortyMHzFrameTransmittedCount = 0
aTwentyMHzFrameReceivedCount = 12401
aFortyMHzFrameReceivedCount = 0

====== MIB Counters (13.000 sec) ======
aFailedCount = 16
aRetryCount = 36
aFrameDuplicateCount = 0
aRTSSuccessCount = 0
aRTSFailureCount = 0
aACKFailureCount = 0
aFCSErrorCount = 0
aTransmittedFrameCount = 138
aTransmittedAMSDUCount = 0
aFailedAMSDUCount = 0
aRetryAMSDUCount = 0
aTransmittedOctetsInAMSDUCount = 0
aAMSDUAckFailureCount = 0
aReceivedAMSDUCount = 0
aReceivedOctetsInAMSDUCount = 0
aTransmittedAMPDUCount = 0
aTransmittedMPDUsInAMPDUCount = 0
aTransmittedOctetsInAMPDUCount = 0
aAMPDUReceivedCount = 0
aMPDUInReceivedAMPDUCount = 0
aReceivedOctetsInAMPDUCount = 0
aAMPDUDelimiterCRCErrorCount = 0
aExplicitBARFailureCount = 0
aChannelWidthSwitchCount = 0
aTwentyMHzFrameTransmittedCount = 505
aFortyMHzFrameTransmittedCount = 0
aTwentyMHzFrameReceivedCount = 14014
aFortyMHzFrameReceivedCount = 0

====== MIB Counters (14.000 sec) ======
aFailedCount = 16
aRetryCount = 36
aFrameDuplicateCount = 0
aRTSSuccessCount = 0
aRTSFailureCount = 0
aACKFailureCount = 0
aFCSErrorCount = 0
aTransmittedFrameCount = 138
aTransmittedAMSDUCount = 0
aFailedAMSDUCount = 0
aRetryAMSDUCount = 0
aTransmittedOctetsInAMSDUCount = 0
aAMSDUAckFailureCount = 0
aReceivedAMSDUCount = 0
aReceivedOctetsInAMSDUCount = 0
aTransmittedAMPDUCount = 0
aTransmittedMPDUsInAMPDUCount = 0
aTransmittedOctetsInAMPDUCount = 0
aAMPDUReceivedCount = 0
aMPDUInReceivedAMPDUCount = 0
aReceivedOctetsInAMPDUCount = 0
aAMPDUDelimiterCRCErrorCount = 0
aExplicitBARFailureCount = 0
aChannelWidthSwitchCount = 0
aTwentyMHzFrameTransmittedCount = 507
aFortyMHzFrameTransmittedCount = 0
aTwentyMHzFrameReceivedCount = 15658
aFortyMHzFrameReceivedCount = 0

====== MIB Counters (15.000 sec) ======
aFailedCount = 16
aRetryCount = 39
aFrameDuplicateCount = 0
aRTSSuccessCount = 0
aRTSFailureCount = 0
aACKFailureCount = 0
aFCSErrorCount = 0
aTransmittedFrameCount = 151
aTransmittedAMSDUCount = 0
aFailedAMSDUCount = 0
aRetryAMSDUCount = 0
aTransmittedOctetsInAMSDUCount = 0
aAMSDUAckFailureCount = 0
aReceivedAMSDUCount = 0
aReceivedOctetsInAMSDUCount = 0
aTransmittedAMPDUCount = 0
aTransmittedMPDUsInAMPDUCount = 0
aTransmittedOctetsInAMPDUCount = 0
aAMPDUReceivedCount = 0
aMPDUInReceivedAMPDUCount = 0
aReceivedOctetsInAMPDUCount = 0
aAMPDUDelimiterCRCErrorCount = 0
aExplicitBARFailureCount = 0
aChannelWidthSwitchCount = 0
aTwentyMHzFrameTransmittedCount = 539
aFortyMHzFrameTransmittedCount = 0
aTwentyMHzFrameReceivedCount = 17297
aFortyMHzFrameReceivedCount = 0

====== MIB Counters (16.000 sec) ======
aFailedCount = 16
aRetryCount = 45
aFrameDuplicateCount = 0
aRTSSuccessCount = 0
aRTSFailureCount = 0
aACKFailureCount = 0
aFCSErrorCount = 0
aTransmittedFrameCount = 163
aTransmittedAMSDUCount = 0
aFailedAMSDUCount = 0
aRetryAMSDUCount = 0
aTransmittedOctetsInAMSDUCount = 0
aAMSDUAckFailureCount = 0
aReceivedAMSDUCount = 0
aReceivedOctetsInAMSDUCount = 0
aTransmittedAMPDUCount = 0
aTransmittedMPDUsInAMPDUCount = 0
aTransmittedOctetsInAMPDUCount = 0
aAMPDUReceivedCount = 0
aMPDUInReceivedAMPDUCount = 0
aReceivedOctetsInAMPDUCount = 0
aAMPDUDelimiterCRCErrorCount = 0
aExplicitBARFailureCount = 0
aChannelWidthSwitchCount = 0
aTwentyMHzFrameTransmittedCount = 587
aFortyMHzFrameTransmittedCount = 0
aTwentyMHzFrameReceivedCount = 18969
aFortyMHzFrameReceivedCount = 0

====== MIB Counters (17.000 sec) ======
aFailedCount = 16
aRetryCount = 47
aFrameDuplicateCount = 0
aRTSSuccessCount = 0
aRTSFailureCount = 0
aACKFailureCount = 0
aFCSErrorCount = 0
aTransmittedFrameCount = 170
aTransmittedAMSDUCount = 0
aFailedAMSDUCount = 0
aRetryAMSDUCount = 0
aTransmittedOctetsInAMSDUCount = 0
aAMSDUAckFailureCount = 0
aReceivedAMSDUCount = 0
aReceivedOctetsInAMSDUCount = 0
aTransmittedAMPDUCount = 0
aTransmittedMPDUsInAMPDUCount = 0
aTransmittedOctetsInAMPDUCount = 0
aAMPDUReceivedCount = 0
aMPDUInReceivedAMPDUCount = 0
aReceivedOctetsInAMPDUCount = 0
aAMPDUDelimiterCRCErrorCount = 0
aExplicitBARFailureCount = 0
aChannelWidthSwitchCount = 0
aTwentyMHzFrameTransmittedCount = 613
aFortyMHzFrameTransmittedCount = 0
aTwentyMHzFrameReceivedCount = 20534
aFortyMHzFrameReceivedCount = 0

====== MIB Counters (18.000 sec) ======
aFailedCount = 16
aRetryCount = 50
aFrameDuplicateCount = 0
aRTSSuccessCount = 0
aRTSFailureCount = 0
aACKFailureCount = 0
aFCSErrorCount = 0
aTransmittedFrameCount = 176
aTransmittedAMSDUCount = 0
aFailedAMSDUCount = 0
aRetryAMSDUCount = 0
aTransmittedOctetsInAMSDUCount = 0
aAMSDUAckFailureCount = 0
aReceivedAMSDUCount = 0
aReceivedOctetsInAMSDUCount = 0
aTransmittedAMPDUCount = 0
aTransmittedMPDUsInAMPDUCount = 0
aTransmittedOctetsInAMPDUCount = 0
aAMPDUReceivedCount = 0
aMPDUInReceivedAMPDUCount = 0
aReceivedOctetsInAMPDUCount = 0
aAMPDUDelimiterCRCErrorCount = 0
aExplicitBARFailureCount = 0
aChannelWidthSwitchCount = 0
aTwentyMHzFrameTransmittedCount = 632
aFortyMHzFrameTransmittedCount = 0
aTwentyMHzFrameReceivedCount = 22152
aFortyMHzFrameReceivedCount = 0

====== MIB Counters (19.000 sec) ======
aFailedCount = 16
aRetryCount = 53
aFrameDuplicateCount = 0
aRTSSuccessCount = 0
aRTSFailureCount = 0
aACKFailureCount = 0
aFCSErrorCount = 0
aTransmittedFrameCount = 181
aTransmittedAMSDUCount = 0
aFailedAMSDUCount = 0
aRetryAMSDUCount = 0
aTransmittedOctetsInAMSDUCount = 0
aAMSDUAckFailureCount = 0
aReceivedAMSDUCount = 0
aReceivedOctetsInAMSDUCount = 0
aTransmittedAMPDUCount = 0
aTransmittedMPDUsInAMPDUCount = 0
aTransmittedOctetsInAMPDUCount = 0
aAMPDUReceivedCount = 0
aMPDUInReceivedAMPDUCount = 0
aReceivedOctetsInAMPDUCount = 0
aAMPDUDelimiterCRCErrorCount = 0
aExplicitBARFailureCount = 0
aChannelWidthSwitchCount = 0
aTwentyMHzFrameTransmittedCount = 653
aFortyMHzFrameTransmittedCount = 0
aTwentyMHzFrameReceivedCount = 23876
aFortyMHzFrameReceivedCount = 0

====== MIB Counters (20.000 sec) ======
aFailedCount = 16
aRetryCount = 53
aFrameDuplicateCount = 0
aRTSSuccessCount = 0
aRTSFailureCount = 0
aACKFailureCount = 0
aFCSErrorCount = 0
aTransmittedFrameCount = 183
aTransmittedAMSDUCount = 0
aFailedAMSDUCount = 0
aRetryAMSDUCount = 0
aTransmittedOctetsInAMSDUCount = 0
aAMSDUAckFailureCount = 0
aReceivedAMSDUCount = 0
aReceivedOctetsInAMSDUCount = 0
aTransmittedAMPDUCount = 0
aTransmittedMPDUsInAMPDUCount = 0
aTransmittedOctetsInAMPDUCount = 0
aAMPDUReceivedCount = 0
aMPDUInReceivedAMPDUCount = 0
aReceivedOctetsInAMPDUCount = 0
aAMPDUDelimiterCRCErrorCount = 0
aExplicitBARFailureCount = 0
aChannelWidthSwitchCount = 0
aTwentyMHzFrameTransmittedCount = 660
aFortyMHzFrameTransmittedCount = 0
aTwentyMHzFrameReceivedCount = 25441
aFortyMHzFrameReceivedCount = 0

====== MIB Counters (21.000 sec) ======
aFailedCount = 16
aRetryCount = 54
aFrameDuplicateCount = 0
aRTSSuccessCount = 0
aRTSFailureCount = 0
aACKFailureCount = 0
aFCSErrorCount = 0
aTransmittedFrameCount = 187
aTransmittedAMSDUCount = 0
aFailedAMSDUCount = 0
aRetryAMSDUCount = 0
aTransmittedOctetsInAMSDUCount = 0
aAMSDUAckFailureCount = 0
aReceivedAMSDUCount = 0
aReceivedOctetsInAMSDUCount = 0
aTransmittedAMPDUCount = 0
aTransmittedMPDUsInAMPDUCount = 0
aTransmittedOctetsInAMPDUCount = 0
aAMPDUReceivedCount = 0
aMPDUInReceivedAMPDUCount = 0
aReceivedOctetsInAMPDUCount = 0
aAMPDUDelimiterCRCErrorCount = 0
aExplicitBARFailureCount = 0
aChannelWidthSwitchCount = 0
aTwentyMHzFrameTransmittedCount = 674
aFortyMHzFrameTransmittedCount = 0
aTwentyMHzFrameReceivedCount = 26904
aFortyMHzFrameReceivedCount = 0

====== MIB Counters (22.000 sec) ======
aFailedCount = 16
aRetryCount = 54
aFrameDuplicateCount = 0
aRTSSuccessCount = 0
aRTSFailureCount = 0
aACKFailureCount = 0
aFCSErrorCount = 0
aTransmittedFrameCount = 190
aTransmittedAMSDUCount = 0
aFailedAMSDUCount = 0
aRetryAMSDUCount = 0
aTransmittedOctetsInAMSDUCount = 0
aAMSDUAckFailureCount = 0
aReceivedAMSDUCount = 0
aReceivedOctetsInAMSDUCount = 0
aTransmittedAMPDUCount = 0
aTransmittedMPDUsInAMPDUCount = 0
aTransmittedOctetsInAMPDUCount = 0
aAMPDUReceivedCount = 0
aMPDUInReceivedAMPDUCount = 0
aReceivedOctetsInAMPDUCount = 0
aAMPDUDelimiterCRCErrorCount = 0
aExplicitBARFailureCount = 0
aChannelWidthSwitchCount = 0
aTwentyMHzFrameTransmittedCount = 681
aFortyMHzFrameTransmittedCount = 0
aTwentyMHzFrameReceivedCount = 28393
aFortyMHzFrameReceivedCount = 0

====== MIB Counters (23.000 sec) ======
aFailedCount = 16
aRetryCount = 58
aFrameDuplicateCount = 0
aRTSSuccessCount = 0
aRTSFailureCount = 0
aACKFailureCount = 0
aFCSErrorCount = 0
aTransmittedFrameCount = 200
aTransmittedAMSDUCount = 0
aFailedAMSDUCount = 0
aRetryAMSDUCount = 0
aTransmittedOctetsInAMSDUCount = 0
aAMSDUAckFailureCount = 0
aReceivedAMSDUCount = 0
aReceivedOctetsInAMSDUCount = 0
aTransmittedAMPDUCount = 0
aTransmittedMPDUsInAMPDUCount = 0
aTransmittedOctetsInAMPDUCount = 0
aAMPDUReceivedCount = 0
aMPDUInReceivedAMPDUCount = 0
aReceivedOctetsInAMPDUCount = 0
aAMPDUDelimiterCRCErrorCount = 0
aExplicitBARFailureCount = 0
aChannelWidthSwitchCount = 0
aTwentyMHzFrameTransmittedCount = 708
aFortyMHzFrameTransmittedCount = 0
aTwentyMHzFrameReceivedCount = 29883
aFortyMHzFrameReceivedCount = 0

====== MIB Counters (24.000 sec) ======
aFailedCount = 16
aRetryCount = 58
aFrameDuplicateCount = 0
aRTSSuccessCount = 0
aRTSFailureCount = 0
aACKFailureCount = 0
aFCSErrorCount = 0
aTransmittedFrameCount = 201
aTransmittedAMSDUCount = 0
aFailedAMSDUCount = 0
aRetryAMSDUCount = 0
aTransmittedOctetsInAMSDUCount = 0
aAMSDUAckFailureCount = 0
aReceivedAMSDUCount = 0
aReceivedOctetsInAMSDUCount = 0
aTransmittedAMPDUCount = 0
aTransmittedMPDUsInAMPDUCount = 0
aTransmittedOctetsInAMPDUCount = 0
aAMPDUReceivedCount = 0
aMPDUInReceivedAMPDUCount = 0
aReceivedOctetsInAMPDUCount = 0
aAMPDUDelimiterCRCErrorCount = 0
aExplicitBARFailureCount = 0
aChannelWidthSwitchCount = 0
aTwentyMHzFrameTransmittedCount = 710
aFortyMHzFrameTransmittedCount = 0
aTwentyMHzFrameReceivedCount = 31356
aFortyMHzFrameReceivedCount = 0

====== MIB Counters (25.000 sec) ======
aFailedCount = 16
aRetryCount = 58
aFrameDuplicateCount = 0
aRTSSuccessCount = 0
aRTSFailureCount = 0
aACKFailureCount = 0
aFCSErrorCount = 0
aTransmittedFrameCount = 206
aTransmittedAMSDUCount = 0
aFailedAMSDUCount = 0
aRetryAMSDUCount = 0
aTransmittedOctetsInAMSDUCount = 0
aAMSDUAckFailureCount = 0
aReceivedAMSDUCount = 0
aReceivedOctetsInAMSDUCount = 0
aTransmittedAMPDUCount = 0
aTransmittedMPDUsInAMPDUCount = 0
aTransmittedOctetsInAMPDUCount = 0
aAMPDUReceivedCount = 0
aMPDUInReceivedAMPDUCount = 0
aReceivedOctetsInAMPDUCount = 0
aAMPDUDelimiterCRCErrorCount = 0
aExplicitBARFailureCount = 0
aChannelWidthSwitchCount = 0
aTwentyMHzFrameTransmittedCount = 723
aFortyMHzFrameTransmittedCount = 0
aTwentyMHzFrameReceivedCount = 32839
aFortyMHzFrameReceivedCount = 0

====== MIB Counters (26.000 sec) ======
aFailedCount = 16
aRetryCount = 58
aFrameDuplicateCount = 0
aRTSSuccessCount = 0
aRTSFailureCount = 0
aACKFailureCount = 0
aFCSErrorCount = 0
aTransmittedFrameCount = 210
aTransmittedAMSDUCount = 0
aFailedAMSDUCount = 0
aRetryAMSDUCount = 0
aTransmittedOctetsInAMSDUCount = 0
aAMSDUAckFailureCount = 0
aReceivedAMSDUCount = 0
aReceivedOctetsInAMSDUCount = 0
aTransmittedAMPDUCount = 0
aTransmittedMPDUsInAMPDUCount = 0
aTransmittedOctetsInAMPDUCount = 0
aAMPDUReceivedCount = 0
aMPDUInReceivedAMPDUCount = 0
aReceivedOctetsInAMPDUCount = 0
aAMPDUDelimiterCRCErrorCount = 0
aExplicitBARFailureCount = 0
aChannelWidthSwitchCount = 0
aTwentyMHzFrameTransmittedCount = 734
aFortyMHzFrameTransmittedCount = 0
aTwentyMHzFrameReceivedCount = 34370
aFortyMHzFrameReceivedCount = 0

====== MIB Counters (27.000 sec) ======
aFailedCount = 16
aRetryCount = 60
aFrameDuplicateCount = 0
aRTSSuccessCount = 0
aRTSFailureCount = 0
aACKFailureCount = 0
aFCSErrorCount = 0
aTransmittedFrameCount = 215
aTransmittedAMSDUCount = 0
aFailedAMSDUCount = 0
aRetryAMSDUCount = 0
aTransmittedOctetsInAMSDUCount = 0
aAMSDUAckFailureCount = 0
aReceivedAMSDUCount = 0
aReceivedOctetsInAMSDUCount = 0
aTransmittedAMPDUCount = 0
aTransmittedMPDUsInAMPDUCount = 0
aTransmittedOctetsInAMPDUCount = 0
aAMPDUReceivedCount = 0
aMPDUInReceivedAMPDUCount = 0
aReceivedOctetsInAMPDUCount = 0
aAMPDUDelimiterCRCErrorCount = 0
aExplicitBARFailureCount = 0
aChannelWidthSwitchCount = 0
aTwentyMHzFrameTransmittedCount = 749
aFortyMHzFrameTransmittedCount = 0
aTwentyMHzFrameReceivedCount = 35859
aFortyMHzFrameReceivedCount = 0

====== MIB Counters (28.000 sec) ======
aFailedCount = 16
aRetryCount = 60
aFrameDuplicateCount = 0
aRTSSuccessCount = 0
aRTSFailureCount = 0
aACKFailureCount = 0
aFCSErrorCount = 0
aTransmittedFrameCount = 215
aTransmittedAMSDUCount = 0
aFailedAMSDUCount = 0
aRetryAMSDUCount = 0
aTransmittedOctetsInAMSDUCount = 0
aAMSDUAckFailureCount = 0
aReceivedAMSDUCount = 0
aReceivedOctetsInAMSDUCount = 0
aTransmittedAMPDUCount = 0
aTransmittedMPDUsInAMPDUCount = 0
aTransmittedOctetsInAMPDUCount = 0
aAMPDUReceivedCount = 0
aMPDUInReceivedAMPDUCount = 0
aReceivedOctetsInAMPDUCount = 0
aAMPDUDelimiterCRCErrorCount = 0
aExplicitBARFailureCount = 0
aChannelWidthSwitchCount = 0
aTwentyMHzFrameTransmittedCount = 750
aFortyMHzFrameTransmittedCount = 0
aTwentyMHzFrameReceivedCount = 37354
aFortyMHzFrameReceivedCount = 0

====== MIB Counters (29.000 sec) ======
aFailedCount = 16
aRetryCount = 62
aFrameDuplicateCount = 0
aRTSSuccessCount = 0
aRTSFailureCount = 0
aACKFailureCount = 0
aFCSErrorCount = 0
aTransmittedFrameCount = 221
aTransmittedAMSDUCount = 0
aFailedAMSDUCount = 0
aRetryAMSDUCount = 0
aTransmittedOctetsInAMSDUCount = 0
aAMSDUAckFailureCount = 0
aReceivedAMSDUCount = 0
aReceivedOctetsInAMSDUCount = 0
aTransmittedAMPDUCount = 0
aTransmittedMPDUsInAMPDUCount = 0
aTransmittedOctetsInAMPDUCount = 0
aAMPDUReceivedCount = 0
aMPDUInReceivedAMPDUCount = 0
aReceivedOctetsInAMPDUCount = 0
aAMPDUDelimiterCRCErrorCount = 0
aExplicitBARFailureCount = 0
aChannelWidthSwitchCount = 0
aTwentyMHzFrameTransmittedCount = 770
aFortyMHzFrameTransmittedCount = 0
aTwentyMHzFrameReceivedCount = 38911
aFortyMHzFrameReceivedCount = 0

====== MIB Counters (30.000 sec) ======
aFailedCount = 16
aRetryCount = 62
aFrameDuplicateCount = 0
aRTSSuccessCount = 0
aRTSFailureCount = 0
aACKFailureCount = 0
aFCSErrorCount = 0
aTransmittedFrameCount = 222
aTransmittedAMSDUCount = 0
aFailedAMSDUCount = 0
aRetryAMSDUCount = 0
aTransmittedOctetsInAMSDUCount = 0
aAMSDUAckFailureCount = 0
aReceivedAMSDUCount = 0
aReceivedOctetsInAMSDUCount = 0
aTransmittedAMPDUCount = 0
aTransmittedMPDUsInAMPDUCount = 0
aTransmittedOctetsInAMPDUCount = 0
aAMPDUReceivedCount = 0
aMPDUInReceivedAMPDUCount = 0
aReceivedOctetsInAMPDUCount = 0
aAMPDUDelimiterCRCErrorCount = 0
aExplicitBARFailureCount = 0
aChannelWidthSwitchCount = 0
aTwentyMHzFrameTransmittedCount = 772
aFortyMHzFrameTransmittedCount = 0
aTwentyMHzFrameReceivedCount = 40438
aFortyMHzFrameReceivedCount = 0

====== MIB Counters (31.000 sec) ======
aFailedCount = 16
aRetryCount = 67
aFrameDuplicateCount = 0
aRTSSuccessCount = 0
aRTSFailureCount = 0
aACKFailureCount = 0
aFCSErrorCount = 0
aTransmittedFrameCount = 233
aTransmittedAMSDUCount = 0
aFailedAMSDUCount = 0
aRetryAMSDUCount = 0
aTransmittedOctetsInAMSDUCount = 0
aAMSDUAckFailureCount = 0
aReceivedAMSDUCount = 0
aReceivedOctetsInAMSDUCount = 0
aTransmittedAMPDUCount = 0
aTransmittedMPDUsInAMPDUCount = 0
aTransmittedOctetsInAMPDUCount = 0
aAMPDUReceivedCount = 0
aMPDUInReceivedAMPDUCount = 0
aReceivedOctetsInAMPDUCount = 0
aAMPDUDelimiterCRCErrorCount = 0
aExplicitBARFailureCount = 0
aChannelWidthSwitchCount = 0
aTwentyMHzFrameTransmittedCount = 810
aFortyMHzFrameTransmittedCount = 0
aTwentyMHzFrameReceivedCount = 42194
aFortyMHzFrameReceivedCount = 0

====== MIB Counters (32.000 sec) ======
aFailedCount = 16
aRetryCount = 68
aFrameDuplicateCount = 0
aRTSSuccessCount = 0
aRTSFailureCount = 0
aACKFailureCount = 0
aFCSErrorCount = 0
aTransmittedFrameCount = 237
aTransmittedAMSDUCount = 0
aFailedAMSDUCount = 0
aRetryAMSDUCount = 0
aTransmittedOctetsInAMSDUCount = 0
aAMSDUAckFailureCount = 0
aReceivedAMSDUCount = 0
aReceivedOctetsInAMSDUCount = 0
aTransmittedAMPDUCount = 0
aTransmittedMPDUsInAMPDUCount = 0
aTransmittedOctetsInAMPDUCount = 0
aAMPDUReceivedCount = 0
aMPDUInReceivedAMPDUCount = 0
aReceivedOctetsInAMPDUCount = 0
aAMPDUDelimiterCRCErrorCount = 0
aExplicitBARFailureCount = 0
aChannelWidthSwitchCount = 0
aTwentyMHzFrameTransmittedCount = 823
aFortyMHzFrameTransmittedCount = 0
aTwentyMHzFrameReceivedCount = 43808
aFortyMHzFrameReceivedCount = 0

====== MIB Counters (33.000 sec) ======
aFailedCount = 17
aRetryCount = 70
aFrameDuplicateCount = 0
aRTSSuccessCount = 0
aRTSFailureCount = 0
aACKFailureCount = 0
aFCSErrorCount = 0
aTransmittedFrameCount = 243
aTransmittedAMSDUCount = 0
aFailedAMSDUCount = 0
aRetryAMSDUCount = 0
aTransmittedOctetsInAMSDUCount = 0
aAMSDUAckFailureCount = 0
aReceivedAMSDUCount = 0
aReceivedOctetsInAMSDUCount = 0
aTransmittedAMPDUCount = 0
aTransmittedMPDUsInAMPDUCount = 0
aTransmittedOctetsInAMPDUCount = 0
aAMPDUReceivedCount = 0
aMPDUInReceivedAMPDUCount = 0
aReceivedOctetsInAMPDUCount = 0
aAMPDUDelimiterCRCErrorCount = 0
aExplicitBARFailureCount = 0
aChannelWidthSwitchCount = 0
aTwentyMHzFrameTransmittedCount = 849
aFortyMHzFrameTransmittedCount = 0
aTwentyMHzFrameReceivedCount = 45400
aFortyMHzFrameReceivedCount = 0

====== MIB Counters (34.000 sec) ======
aFailedCount = 17
aRetryCount = 70
aFrameDuplicateCount = 0
aRTSSuccessCount = 0
aRTSFailureCount = 0
aACKFailureCount = 0
aFCSErrorCount = 0
aTransmittedFrameCount = 243
aTransmittedAMSDUCount = 0
aFailedAMSDUCount = 0
aRetryAMSDUCount = 0
aTransmittedOctetsInAMSDUCount = 0
aAMSDUAckFailureCount = 0
aReceivedAMSDUCount = 0
aReceivedOctetsInAMSDUCount = 0
aTransmittedAMPDUCount = 0
aTransmittedMPDUsInAMPDUCount = 0
aTransmittedOctetsInAMPDUCount = 0
aAMPDUReceivedCount = 0
aMPDUInReceivedAMPDUCount = 0
aReceivedOctetsInAMPDUCount = 0
aAMPDUDelimiterCRCErrorCount = 0
aExplicitBARFailureCount = 0
aChannelWidthSwitchCount = 0
aTwentyMHzFrameTransmittedCount = 849
aFortyMHzFrameTransmittedCount = 0
aTwentyMHzFrameReceivedCount = 47023
aFortyMHzFrameReceivedCount = 0

====== MIB Counters (35.000 sec) ======
aFailedCount = 17
aRetryCount = 72
aFrameDuplicateCount = 0
aRTSSuccessCount = 0
aRTSFailureCount = 0
aACKFailureCount = 0
aFCSErrorCount = 0
aTransmittedFrameCount = 248
aTransmittedAMSDUCount = 0
aFailedAMSDUCount = 0
aRetryAMSDUCount = 0
aTransmittedOctetsInAMSDUCount = 0
aAMSDUAckFailureCount = 0
aReceivedAMSDUCount = 0
aReceivedOctetsInAMSDUCount = 0
aTransmittedAMPDUCount = 0
aTransmittedMPDUsInAMPDUCount = 0
aTransmittedOctetsInAMPDUCount = 0
aAMPDUReceivedCount = 0
aMPDUInReceivedAMPDUCount = 0
aReceivedOctetsInAMPDUCount = 0
aAMPDUDelimiterCRCErrorCount = 0
aExplicitBARFailureCount = 0
aChannelWidthSwitchCount = 0
aTwentyMHzFrameTransmittedCount = 863
aFortyMHzFrameTransmittedCount = 0
aTwentyMHzFrameReceivedCount = 48594
aFortyMHzFrameReceivedCount = 0

====== MIB Counters (36.000 sec) ======
aFailedCount = 21
aRetryCount = 72
aFrameDuplicateCount = 0
aRTSSuccessCount = 0
aRTSFailureCount = 0
aACKFailureCount = 0
aFCSErrorCount = 0
aTransmittedFrameCount = 248
aTransmittedAMSDUCount = 0
aFailedAMSDUCount = 0
aRetryAMSDUCount = 0
aTransmittedOctetsInAMSDUCount = 0
aAMSDUAckFailureCount = 0
aReceivedAMSDUCount = 0
aReceivedOctetsInAMSDUCount = 0
aTransmittedAMPDUCount = 0
aTransmittedMPDUsInAMPDUCount = 0
aTransmittedOctetsInAMPDUCount = 0
aAMPDUReceivedCount = 0
aMPDUInReceivedAMPDUCount = 0
aReceivedOctetsInAMPDUCount = 0
aAMPDUDelimiterCRCErrorCount = 0
aExplicitBARFailureCount = 0
aChannelWidthSwitchCount = 0
aTwentyMHzFrameTransmittedCount = 863
aFortyMHzFrameTransmittedCount = 0
aTwentyMHzFrameReceivedCount = 48594
aFortyMHzFrameReceivedCount = 0

====== MIB Counters (37.000 sec) ======
aFailedCount = 21
aRetryCount = 72
aFrameDuplicateCount = 0
aRTSSuccessCount = 0
aRTSFailureCount = 0
aACKFailureCount = 0
aFCSErrorCount = 0
aTransmittedFrameCount = 248
aTransmittedAMSDUCount = 0
aFailedAMSDUCount = 0
aRetryAMSDUCount = 0
aTransmittedOctetsInAMSDUCount = 0
aAMSDUAckFailureCount = 0
aReceivedAMSDUCount = 0
aReceivedOctetsInAMSDUCount = 0
aTransmittedAMPDUCount = 0
aTransmittedMPDUsInAMPDUCount = 0
aTransmittedOctetsInAMPDUCount = 0
aAMPDUReceivedCount = 0
aMPDUInReceivedAMPDUCount = 0
aReceivedOctetsInAMPDUCount = 0
aAMPDUDelimiterCRCErrorCount = 0
aExplicitBARFailureCount = 0
aChannelWidthSwitchCount = 0
aTwentyMHzFrameTransmittedCount = 863
aFortyMHzFrameTransmittedCount = 0
aTwentyMHzFrameReceivedCount = 48594
aFortyMHzFrameReceivedCount = 0

====== MIB Counters (38.000 sec) ======
aFailedCount = 21
aRetryCount = 76
aFrameDuplicateCount = 0
aRTSSuccessCount = 0
aRTSFailureCount = 0
aACKFailureCount = 0
aFCSErrorCount = 0
aTransmittedFrameCount = 256
aTransmittedAMSDUCount = 0
aFailedAMSDUCount = 0
aRetryAMSDUCount = 0
aTransmittedOctetsInAMSDUCount = 0
aAMSDUAckFailureCount = 0
aReceivedAMSDUCount = 0
aReceivedOctetsInAMSDUCount = 0
aTransmittedAMPDUCount = 0
aTransmittedMPDUsInAMPDUCount = 0
aTransmittedOctetsInAMPDUCount = 0
aAMPDUReceivedCount = 0
aMPDUInReceivedAMPDUCount = 0
aReceivedOctetsInAMPDUCount = 0
aAMPDUDelimiterCRCErrorCount = 0
aExplicitBARFailureCount = 0
aChannelWidthSwitchCount = 0
aTwentyMHzFrameTransmittedCount = 893
aFortyMHzFrameTransmittedCount = 0
aTwentyMHzFrameReceivedCount = 50200
aFortyMHzFrameReceivedCount = 0

====== MIB Counters (39.000 sec) ======
aFailedCount = 21
aRetryCount = 76
aFrameDuplicateCount = 0
aRTSSuccessCount = 0
aRTSFailureCount = 0
aACKFailureCount = 0
aFCSErrorCount = 0
aTransmittedFrameCount = 256
aTransmittedAMSDUCount = 0
aFailedAMSDUCount = 0
aRetryAMSDUCount = 0
aTransmittedOctetsInAMSDUCount = 0
aAMSDUAckFailureCount = 0
aReceivedAMSDUCount = 0
aReceivedOctetsInAMSDUCount = 0
aTransmittedAMPDUCount = 0
aTransmittedMPDUsInAMPDUCount = 0
aTransmittedOctetsInAMPDUCount = 0
aAMPDUReceivedCount = 0
aMPDUInReceivedAMPDUCount = 0
aReceivedOctetsInAMPDUCount = 0
aAMPDUDelimiterCRCErrorCount = 0
aExplicitBARFailureCount = 0
aChannelWidthSwitchCount = 0
aTwentyMHzFrameTransmittedCount = 898
aFortyMHzFrameTransmittedCount = 0
aTwentyMHzFrameReceivedCount = 52033
aFortyMHzFrameReceivedCount = 0

====== MIB Counters (40.000 sec) ======
aFailedCount = 21
aRetryCount = 76
aFrameDuplicateCount = 0
aRTSSuccessCount = 0
aRTSFailureCount = 0
aACKFailureCount = 0
aFCSErrorCount = 0
aTransmittedFrameCount = 257
aTransmittedAMSDUCount = 0
aFailedAMSDUCount = 0
aRetryAMSDUCount = 0
aTransmittedOctetsInAMSDUCount = 0
aAMSDUAckFailureCount = 0
aReceivedAMSDUCount = 0
aReceivedOctetsInAMSDUCount = 0
aTransmittedAMPDUCount = 0
aTransmittedMPDUsInAMPDUCount = 0
aTransmittedOctetsInAMPDUCount = 0
aAMPDUReceivedCount = 0
aMPDUInReceivedAMPDUCount = 0
aReceivedOctetsInAMPDUCount = 0
aAMPDUDelimiterCRCErrorCount = 0
aExplicitBARFailureCount = 0
aChannelWidthSwitchCount = 0
aTwentyMHzFrameTransmittedCount = 899
aFortyMHzFrameTransmittedCount = 0
aTwentyMHzFrameReceivedCount = 53359
aFortyMHzFrameReceivedCount = 0

====== MIB Counters (41.000 sec) ======
aFailedCount = 21
aRetryCount = 76
aFrameDuplicateCount = 0
aRTSSuccessCount = 0
aRTSFailureCount = 0
aACKFailureCount = 0
aFCSErrorCount = 0
aTransmittedFrameCount = 258
aTransmittedAMSDUCount = 0
aFailedAMSDUCount = 0
aRetryAMSDUCount = 0
aTransmittedOctetsInAMSDUCount = 0
aAMSDUAckFailureCount = 0
aReceivedAMSDUCount = 0
aReceivedOctetsInAMSDUCount = 0
aTransmittedAMPDUCount = 0
aTransmittedMPDUsInAMPDUCount = 0
aTransmittedOctetsInAMPDUCount = 0
aAMPDUReceivedCount = 0
aMPDUInReceivedAMPDUCount = 0
aReceivedOctetsInAMPDUCount = 0
aAMPDUDelimiterCRCErrorCount = 0
aExplicitBARFailureCount = 0
aChannelWidthSwitchCount = 0
aTwentyMHzFrameTransmittedCount = 903
aFortyMHzFrameTransmittedCount = 0
aTwentyMHzFrameReceivedCount = 54471
aFortyMHzFrameReceivedCount = 0

====== MIB Counters (42.000 sec) ======
aFailedCount = 21
aRetryCount = 76
aFrameDuplicateCount = 0
aRTSSuccessCount = 0
aRTSFailureCount = 0
aACKFailureCount = 0
aFCSErrorCount = 0
aTransmittedFrameCount = 259
aTransmittedAMSDUCount = 0
aFailedAMSDUCount = 0
aRetryAMSDUCount = 0
aTransmittedOctetsInAMSDUCount = 0
aAMSDUAckFailureCount = 0
aReceivedAMSDUCount = 0
aReceivedOctetsInAMSDUCount = 0
aTransmittedAMPDUCount = 0
aTransmittedMPDUsInAMPDUCount = 0
aTransmittedOctetsInAMPDUCount = 0
aAMPDUReceivedCount = 0
aMPDUInReceivedAMPDUCount = 0
aReceivedOctetsInAMPDUCount = 0
aAMPDUDelimiterCRCErrorCount = 0
aExplicitBARFailureCount = 0
aChannelWidthSwitchCount = 0
aTwentyMHzFrameTransmittedCount = 904
aFortyMHzFrameTransmittedCount = 0
aTwentyMHzFrameReceivedCount = 55538
aFortyMHzFrameReceivedCount = 0

====== MIB Counters (43.000 sec) ======
aFailedCount = 21
aRetryCount = 81
aFrameDuplicateCount = 0
aRTSSuccessCount = 0
aRTSFailureCount = 0
aACKFailureCount = 0
aFCSErrorCount = 0
aTransmittedFrameCount = 275
aTransmittedAMSDUCount = 0
aFailedAMSDUCount = 0
aRetryAMSDUCount = 0
aTransmittedOctetsInAMSDUCount = 0
aAMSDUAckFailureCount = 0
aReceivedAMSDUCount = 0
aReceivedOctetsInAMSDUCount = 0
aTransmittedAMPDUCount = 0
aTransmittedMPDUsInAMPDUCount = 0
aTransmittedOctetsInAMPDUCount = 0
aAMPDUReceivedCount = 0
aMPDUInReceivedAMPDUCount = 0
aReceivedOctetsInAMPDUCount = 0
aAMPDUDelimiterCRCErrorCount = 0
aExplicitBARFailureCount = 0
aChannelWidthSwitchCount = 0
aTwentyMHzFrameTransmittedCount = 947
aFortyMHzFrameTransmittedCount = 0
aTwentyMHzFrameReceivedCount = 57037
aFortyMHzFrameReceivedCount = 0

====== MIB Counters (44.000 sec) ======
aFailedCount = 21
aRetryCount = 81
aFrameDuplicateCount = 0
aRTSSuccessCount = 0
aRTSFailureCount = 0
aACKFailureCount = 0
aFCSErrorCount = 0
aTransmittedFrameCount = 276
aTransmittedAMSDUCount = 0
aFailedAMSDUCount = 0
aRetryAMSDUCount = 0
aTransmittedOctetsInAMSDUCount = 0
aAMSDUAckFailureCount = 0
aReceivedAMSDUCount = 0
aReceivedOctetsInAMSDUCount = 0
aTransmittedAMPDUCount = 0
aTransmittedMPDUsInAMPDUCount = 0
aTransmittedOctetsInAMPDUCount = 0
aAMPDUReceivedCount = 0
aMPDUInReceivedAMPDUCount = 0
aReceivedOctetsInAMPDUCount = 0
aAMPDUDelimiterCRCErrorCount = 0
aExplicitBARFailureCount = 0
aChannelWidthSwitchCount = 0
aTwentyMHzFrameTransmittedCount = 950
aFortyMHzFrameTransmittedCount = 0
aTwentyMHzFrameReceivedCount = 58237
aFortyMHzFrameReceivedCount = 0

====== MIB Counters (45.000 sec) ======
aFailedCount = 21
aRetryCount = 81
aFrameDuplicateCount = 0
aRTSSuccessCount = 0
aRTSFailureCount = 0
aACKFailureCount = 0
aFCSErrorCount = 0
aTransmittedFrameCount = 277
aTransmittedAMSDUCount = 0
aFailedAMSDUCount = 0
aRetryAMSDUCount = 0
aTransmittedOctetsInAMSDUCount = 0
aAMSDUAckFailureCount = 0
aReceivedAMSDUCount = 0
aReceivedOctetsInAMSDUCount = 0
aTransmittedAMPDUCount = 0
aTransmittedMPDUsInAMPDUCount = 0
aTransmittedOctetsInAMPDUCount = 0
aAMPDUReceivedCount = 0
aMPDUInReceivedAMPDUCount = 0
aReceivedOctetsInAMPDUCount = 0
aAMPDUDelimiterCRCErrorCount = 0
aExplicitBARFailureCount = 0
aChannelWidthSwitchCount = 0
aTwentyMHzFrameTransmittedCount = 955
aFortyMHzFrameTransmittedCount = 0
aTwentyMHzFrameReceivedCount = 59594
aFortyMHzFrameReceivedCount = 0

====== MIB Counters (46.000 sec) ======
aFailedCount = 21
aRetryCount = 81
aFrameDuplicateCount = 0
aRTSSuccessCount = 0
aRTSFailureCount = 0
aACKFailureCount = 0
aFCSErrorCount = 0
aTransmittedFrameCount = 279
aTransmittedAMSDUCount = 0
aFailedAMSDUCount = 0
aRetryAMSDUCount = 0
aTransmittedOctetsInAMSDUCount = 0
aAMSDUAckFailureCount = 0
aReceivedAMSDUCount = 0
aReceivedOctetsInAMSDUCount = 0
aTransmittedAMPDUCount = 0
aTransmittedMPDUsInAMPDUCount = 0
aTransmittedOctetsInAMPDUCount = 0
aAMPDUReceivedCount = 0
aMPDUInReceivedAMPDUCount = 0
aReceivedOctetsInAMPDUCount = 0
aAMPDUDelimiterCRCErrorCount = 0
aExplicitBARFailureCount = 0
aChannelWidthSwitchCount = 0
aTwentyMHzFrameTransmittedCount = 959
aFortyMHzFrameTransmittedCount = 0
aTwentyMHzFrameReceivedCount = 60943
aFortyMHzFrameReceivedCount = 0

====== MIB Counters (47.000 sec) ======
aFailedCount = 21
aRetryCount = 81
aFrameDuplicateCount = 0
aRTSSuccessCount = 0
aRTSFailureCount = 0
aACKFailureCount = 0
aFCSErrorCount = 0
aTransmittedFrameCount = 282
aTransmittedAMSDUCount = 0
aFailedAMSDUCount = 0
aRetryAMSDUCount = 0
aTransmittedOctetsInAMSDUCount = 0
aAMSDUAckFailureCount = 0
aReceivedAMSDUCount = 0
aReceivedOctetsInAMSDUCount = 0
aTransmittedAMPDUCount = 0
aTransmittedMPDUsInAMPDUCount = 0
aTransmittedOctetsInAMPDUCount = 0
aAMPDUReceivedCount = 0
aMPDUInReceivedAMPDUCount = 0
aReceivedOctetsInAMPDUCount = 0
aAMPDUDelimiterCRCErrorCount = 0
aExplicitBARFailureCount = 0
aChannelWidthSwitchCount = 0
aTwentyMHzFrameTransmittedCount = 967
aFortyMHzFrameTransmittedCount = 0
aTwentyMHzFrameReceivedCount = 62645
aFortyMHzFrameReceivedCount = 0

====== MIB Counters (48.000 sec) ======
aFailedCount = 21
aRetryCount = 81
aFrameDuplicateCount = 0
aRTSSuccessCount = 0
aRTSFailureCount = 0
aACKFailureCount = 0
aFCSErrorCount = 0
aTransmittedFrameCount = 291
aTransmittedAMSDUCount = 0
aFailedAMSDUCount = 0
aRetryAMSDUCount = 0
aTransmittedOctetsInAMSDUCount = 0
aAMSDUAckFailureCount = 0
aReceivedAMSDUCount = 0
aReceivedOctetsInAMSDUCount = 0
aTransmittedAMPDUCount = 0
aTransmittedMPDUsInAMPDUCount = 0
aTransmittedOctetsInAMPDUCount = 0
aAMPDUReceivedCount = 0
aMPDUInReceivedAMPDUCount = 0
aReceivedOctetsInAMPDUCount = 0
aAMPDUDelimiterCRCErrorCount = 0
aExplicitBARFailureCount = 0
aChannelWidthSwitchCount = 0
aTwentyMHzFrameTransmittedCount = 989
aFortyMHzFrameTransmittedCount = 0
aTwentyMHzFrameReceivedCount = 64468
aFortyMHzFrameReceivedCount = 0

====== MIB Counters (49.000 sec) ======
aFailedCount = 21
aRetryCount = 81
aFrameDuplicateCount = 0
aRTSSuccessCount = 0
aRTSFailureCount = 0
aACKFailureCount = 0
aFCSErrorCount = 0
aTransmittedFrameCount = 293
aTransmittedAMSDUCount = 0
aFailedAMSDUCount = 0
aRetryAMSDUCount = 0
aTransmittedOctetsInAMSDUCount = 0
aAMSDUAckFailureCount = 0
aReceivedAMSDUCount = 0
aReceivedOctetsInAMSDUCount = 0
aTransmittedAMPDUCount = 0
aTransmittedMPDUsInAMPDUCount = 0
aTransmittedOctetsInAMPDUCount = 0
aAMPDUReceivedCount = 0
aMPDUInReceivedAMPDUCount = 0
aReceivedOctetsInAMPDUCount = 0
aAMPDUDelimiterCRCErrorCount = 0
aExplicitBARFailureCount = 0
aChannelWidthSwitchCount = 0
aTwentyMHzFrameTransmittedCount = 998
aFortyMHzFrameTransmittedCount = 0
aTwentyMHzFrameReceivedCount = 66427
aFortyMHzFrameReceivedCount = 0

====== MIB Counters (50.000 sec) ======
aFailedCount = 21
aRetryCount = 81
aFrameDuplicateCount = 0
aRTSSuccessCount = 0
aRTSFailureCount = 0
aACKFailureCount = 0
aFCSErrorCount = 0
aTransmittedFrameCount = 301
aTransmittedAMSDUCount = 0
aFailedAMSDUCount = 0
aRetryAMSDUCount = 0
aTransmittedOctetsInAMSDUCount = 0
aAMSDUAckFailureCount = 0
aReceivedAMSDUCount = 0
aReceivedOctetsInAMSDUCount = 0
aTransmittedAMPDUCount = 0
aTransmittedMPDUsInAMPDUCount = 0
aTransmittedOctetsInAMPDUCount = 0
aAMPDUReceivedCount = 0
aMPDUInReceivedAMPDUCount = 0
aReceivedOctetsInAMPDUCount = 0
aAMPDUDelimiterCRCErrorCount = 0
aExplicitBARFailureCount = 0
aChannelWidthSwitchCount = 0
aTwentyMHzFrameTransmittedCount = 1057
aFortyMHzFrameTransmittedCount = 0
aTwentyMHzFrameReceivedCount = 68026
aFortyMHzFrameReceivedCount = 0

====== MIB Counters (51.000 sec) ======
aFailedCount = 21
aRetryCount = 81
aFrameDuplicateCount = 0
aRTSSuccessCount = 0
aRTSFailureCount = 0
aACKFailureCount = 0
aFCSErrorCount = 0
aTransmittedFrameCount = 308
aTransmittedAMSDUCount = 0
aFailedAMSDUCount = 0
aRetryAMSDUCount = 0
aTransmittedOctetsInAMSDUCount = 0
aAMSDUAckFailureCount = 0
aReceivedAMSDUCount = 0
aReceivedOctetsInAMSDUCount = 0
aTransmittedAMPDUCount = 0
aTransmittedMPDUsInAMPDUCount = 0
aTransmittedOctetsInAMPDUCount = 0
aAMPDUReceivedCount = 0
aMPDUInReceivedAMPDUCount = 0
aReceivedOctetsInAMPDUCount = 0
aAMPDUDelimiterCRCErrorCount = 0
aExplicitBARFailureCount = 0
aChannelWidthSwitchCount = 0
aTwentyMHzFrameTransmittedCount = 1087
aFortyMHzFrameTransmittedCount = 0
aTwentyMHzFrameReceivedCount = 69671
aFortyMHzFrameReceivedCount = 0

====== MIB Counters (52.000 sec) ======
aFailedCount = 21
aRetryCount = 82
aFrameDuplicateCount = 0
aRTSSuccessCount = 0
aRTSFailureCount = 0
aACKFailureCount = 0
aFCSErrorCount = 0
aTransmittedFrameCount = 313
aTransmittedAMSDUCount = 0
aFailedAMSDUCount = 0
aRetryAMSDUCount = 0
aTransmittedOctetsInAMSDUCount = 0
aAMSDUAckFailureCount = 0
aReceivedAMSDUCount = 0
aReceivedOctetsInAMSDUCount = 0
aTransmittedAMPDUCount = 0
aTransmittedMPDUsInAMPDUCount = 0
aTransmittedOctetsInAMPDUCount = 0
aAMPDUReceivedCount = 0
aMPDUInReceivedAMPDUCount = 0
aReceivedOctetsInAMPDUCount = 0
aAMPDUDelimiterCRCErrorCount = 0
aExplicitBARFailureCount = 0
aChannelWidthSwitchCount = 0
aTwentyMHzFrameTransmittedCount = 1100
aFortyMHzFrameTransmittedCount = 0
aTwentyMHzFrameReceivedCount = 71283
aFortyMHzFrameReceivedCount = 0

====== MIB Counters (53.000 sec) ======
aFailedCount = 21
aRetryCount = 83
aFrameDuplicateCount = 0
aRTSSuccessCount = 0
aRTSFailureCount = 0
aACKFailureCount = 0
aFCSErrorCount = 0
aTransmittedFrameCount = 325
aTransmittedAMSDUCount = 0
aFailedAMSDUCount = 0
aRetryAMSDUCount = 0
aTransmittedOctetsInAMSDUCount = 0
aAMSDUAckFailureCount = 0
aReceivedAMSDUCount = 0
aReceivedOctetsInAMSDUCount = 0
aTransmittedAMPDUCount = 0
aTransmittedMPDUsInAMPDUCount = 0
aTransmittedOctetsInAMPDUCount = 0
aAMPDUReceivedCount = 0
aMPDUInReceivedAMPDUCount = 0
aReceivedOctetsInAMPDUCount = 0
aAMPDUDelimiterCRCErrorCount = 0
aExplicitBARFailureCount = 0
aChannelWidthSwitchCount = 0
aTwentyMHzFrameTransmittedCount = 1141
aFortyMHzFrameTransmittedCount = 0
aTwentyMHzFrameReceivedCount = 73023
aFortyMHzFrameReceivedCount = 0

====== MIB Counters (54.000 sec) ======
aFailedCount = 26
aRetryCount = 83
aFrameDuplicateCount = 0
aRTSSuccessCount = 0
aRTSFailureCount = 0
aACKFailureCount = 0
aFCSErrorCount = 0
aTransmittedFrameCount = 325
aTransmittedAMSDUCount = 0
aFailedAMSDUCount = 0
aRetryAMSDUCount = 0
aTransmittedOctetsInAMSDUCount = 0
aAMSDUAckFailureCount = 0
aReceivedAMSDUCount = 0
aReceivedOctetsInAMSDUCount = 0
aTransmittedAMPDUCount = 0
aTransmittedMPDUsInAMPDUCount = 0
aTransmittedOctetsInAMPDUCount = 0
aAMPDUReceivedCount = 0
aMPDUInReceivedAMPDUCount = 0
aReceivedOctetsInAMPDUCount = 0
aAMPDUDelimiterCRCErrorCount = 0
aExplicitBARFailureCount = 0
aChannelWidthSwitchCount = 0
aTwentyMHzFrameTransmittedCount = 1141
aFortyMHzFrameTransmittedCount = 0
aTwentyMHzFrameReceivedCount = 73023
aFortyMHzFrameReceivedCount = 0

====== MIB Counters (55.000 sec) ======
aFailedCount = 26
aRetryCount = 83
aFrameDuplicateCount = 0
aRTSSuccessCount = 0
aRTSFailureCount = 0
aACKFailureCount = 0
aFCSErrorCount = 0
aTransmittedFrameCount = 325
aTransmittedAMSDUCount = 0
aFailedAMSDUCount = 0
aRetryAMSDUCount = 0
aTransmittedOctetsInAMSDUCount = 0
aAMSDUAckFailureCount = 0
aReceivedAMSDUCount = 0
aReceivedOctetsInAMSDUCount = 0
aTransmittedAMPDUCount = 0
aTransmittedMPDUsInAMPDUCount = 0
aTransmittedOctetsInAMPDUCount = 0
aAMPDUReceivedCount = 0
aMPDUInReceivedAMPDUCount = 0
aReceivedOctetsInAMPDUCount = 0
aAMPDUDelimiterCRCErrorCount = 0
aExplicitBARFailureCount = 0
aChannelWidthSwitchCount = 0
aTwentyMHzFrameTransmittedCount = 1141
aFortyMHzFrameTransmittedCount = 0
aTwentyMHzFrameReceivedCount = 73023
aFortyMHzFrameReceivedCount = 0

====== MIB Counters (56.000 sec) ======
aFailedCount = 28
aRetryCount = 89
aFrameDuplicateCount = 0
aRTSSuccessCount = 0
aRTSFailureCount = 0
aACKFailureCount = 0
aFCSErrorCount = 0
aTransmittedFrameCount = 344
aTransmittedAMSDUCount = 0
aFailedAMSDUCount = 0
aRetryAMSDUCount = 0
aTransmittedOctetsInAMSDUCount = 0
aAMSDUAckFailureCount = 0
aReceivedAMSDUCount = 0
aReceivedOctetsInAMSDUCount = 0
aTransmittedAMPDUCount = 0
aTransmittedMPDUsInAMPDUCount = 0
aTransmittedOctetsInAMPDUCount = 0
aAMPDUReceivedCount = 0
aMPDUInReceivedAMPDUCount = 0
aReceivedOctetsInAMPDUCount = 0
aAMPDUDelimiterCRCErrorCount = 0
aExplicitBARFailureCount = 0
aChannelWidthSwitchCount = 0
aTwentyMHzFrameTransmittedCount = 1212
aFortyMHzFrameTransmittedCount = 0
aTwentyMHzFrameReceivedCount = 74573
aFortyMHzFrameReceivedCount = 0

====== MIB Counters (57.000 sec) ======
aFailedCount = 32
aRetryCount = 91
aFrameDuplicateCount = 0
aRTSSuccessCount = 0
aRTSFailureCount = 0
aACKFailureCount = 0
aFCSErrorCount = 0
aTransmittedFrameCount = 355
aTransmittedAMSDUCount = 0
aFailedAMSDUCount = 0
aRetryAMSDUCount = 0
aTransmittedOctetsInAMSDUCount = 0
aAMSDUAckFailureCount = 0
aReceivedAMSDUCount = 0
aReceivedOctetsInAMSDUCount = 0
aTransmittedAMPDUCount = 0
aTransmittedMPDUsInAMPDUCount = 0
aTransmittedOctetsInAMPDUCount = 0
aAMPDUReceivedCount = 0
aMPDUInReceivedAMPDUCount = 0
aReceivedOctetsInAMPDUCount = 0
aAMPDUDelimiterCRCErrorCount = 0
aExplicitBARFailureCount = 0
aChannelWidthSwitchCount = 0
aTwentyMHzFrameTransmittedCount = 1273
aFortyMHzFrameTransmittedCount = 0
aTwentyMHzFrameReceivedCount = 76159
aFortyMHzFrameReceivedCount = 0

====== MIB Counters (58.000 sec) ======
aFailedCount = 39
aRetryCount = 99
aFrameDuplicateCount = 0
aRTSSuccessCount = 0
aRTSFailureCount = 0
aACKFailureCount = 0
aFCSErrorCount = 0
aTransmittedFrameCount = 380
aTransmittedAMSDUCount = 0
aFailedAMSDUCount = 0
aRetryAMSDUCount = 0
aTransmittedOctetsInAMSDUCount = 0
aAMSDUAckFailureCount = 0
aReceivedAMSDUCount = 0
aReceivedOctetsInAMSDUCount = 0
aTransmittedAMPDUCount = 0
aTransmittedMPDUsInAMPDUCount = 0
aTransmittedOctetsInAMPDUCount = 0
aAMPDUReceivedCount = 0
aMPDUInReceivedAMPDUCount = 0
aReceivedOctetsInAMPDUCount = 0
aAMPDUDelimiterCRCErrorCount = 0
aExplicitBARFailureCount = 0
aChannelWidthSwitchCount = 0
aTwentyMHzFrameTransmittedCount = 1397
aFortyMHzFrameTransmittedCount = 0
aTwentyMHzFrameReceivedCount = 77688
aFortyMHzFrameReceivedCount = 0

====== MIB Counters (59.000 sec) ======
aFailedCount = 44
aRetryCount = 100
aFrameDuplicateCount = 0
aRTSSuccessCount = 0
aRTSFailureCount = 0
aACKFailureCount = 0
aFCSErrorCount = 0
aTransmittedFrameCount = 381
aTransmittedAMSDUCount = 0
aFailedAMSDUCount = 0
aRetryAMSDUCount = 0
aTransmittedOctetsInAMSDUCount = 0
aAMSDUAckFailureCount = 0
aReceivedAMSDUCount = 0
aReceivedOctetsInAMSDUCount = 0
aTransmittedAMPDUCount = 0
aTransmittedMPDUsInAMPDUCount = 0
aTransmittedOctetsInAMPDUCount = 0
aAMPDUReceivedCount = 0
aMPDUInReceivedAMPDUCount = 0
aReceivedOctetsInAMPDUCount = 0
aAMPDUDelimiterCRCErrorCount = 0
aExplicitBARFailureCount = 0
aChannelWidthSwitchCount = 0
aTwentyMHzFrameTransmittedCount = 1441
aFortyMHzFrameTransmittedCount = 0
aTwentyMHzFrameReceivedCount = 79169
aFortyMHzFrameReceivedCount = 0

====== MIB Counters (60.000 sec) ======
aFailedCount = 48
aRetryCount = 102
aFrameDuplicateCount = 0
aRTSSuccessCount = 0
aRTSFailureCount = 0
aACKFailureCount = 0
aFCSErrorCount = 0
aTransmittedFrameCount = 386
aTransmittedAMSDUCount = 0
aFailedAMSDUCount = 0
aRetryAMSDUCount = 0
aTransmittedOctetsInAMSDUCount = 0
aAMSDUAckFailureCount = 0
aReceivedAMSDUCount = 0
aReceivedOctetsInAMSDUCount = 0
aTransmittedAMPDUCount = 0
aTransmittedMPDUsInAMPDUCount = 0
aTransmittedOctetsInAMPDUCount = 0
aAMPDUReceivedCount = 0
aMPDUInReceivedAMPDUCount = 0
aReceivedOctetsInAMPDUCount = 0
aAMPDUDelimiterCRCErrorCount = 0
aExplicitBARFailureCount = 0
aChannelWidthSwitchCount = 0
aTwentyMHzFrameTransmittedCount = 1490
aFortyMHzFrameTransmittedCount = 0
aTwentyMHzFrameReceivedCount = 80485
aFortyMHzFrameReceivedCount = 0

====== MIB Counters (61.000 sec) ======
aFailedCount = 50
aRetryCount = 105
aFrameDuplicateCount = 0
aRTSSuccessCount = 0
aRTSFailureCount = 0
aACKFailureCount = 0
aFCSErrorCount = 0
aTransmittedFrameCount = 389
aTransmittedAMSDUCount = 0
aFailedAMSDUCount = 0
aRetryAMSDUCount = 0
aTransmittedOctetsInAMSDUCount = 0
aAMSDUAckFailureCount = 0
aReceivedAMSDUCount = 0
aReceivedOctetsInAMSDUCount = 0
aTransmittedAMPDUCount = 0
aTransmittedMPDUsInAMPDUCount = 0
aTransmittedOctetsInAMPDUCount = 0
aAMPDUReceivedCount = 0
aMPDUInReceivedAMPDUCount = 0
aReceivedOctetsInAMPDUCount = 0
aAMPDUDelimiterCRCErrorCount = 0
aExplicitBARFailureCount = 0
aChannelWidthSwitchCount = 0
aTwentyMHzFrameTransmittedCount = 1520
aFortyMHzFrameTransmittedCount = 0
aTwentyMHzFrameReceivedCount = 81859
aFortyMHzFrameReceivedCount = 0

====== MIB Counters (62.000 sec) ======
aFailedCount = 50
aRetryCount = 106
aFrameDuplicateCount = 0
aRTSSuccessCount = 0
aRTSFailureCount = 0
aACKFailureCount = 0
aFCSErrorCount = 0
aTransmittedFrameCount = 390
aTransmittedAMSDUCount = 0
aFailedAMSDUCount = 0
aRetryAMSDUCount = 0
aTransmittedOctetsInAMSDUCount = 0
aAMSDUAckFailureCount = 0
aReceivedAMSDUCount = 0
aReceivedOctetsInAMSDUCount = 0
aTransmittedAMPDUCount = 0
aTransmittedMPDUsInAMPDUCount = 0
aTransmittedOctetsInAMPDUCount = 0
aAMPDUReceivedCount = 0
aMPDUInReceivedAMPDUCount = 0
aReceivedOctetsInAMPDUCount = 0
aAMPDUDelimiterCRCErrorCount = 0
aExplicitBARFailureCount = 0
aChannelWidthSwitchCount = 0
aTwentyMHzFrameTransmittedCount = 1528
aFortyMHzFrameTransmittedCount = 0
aTwentyMHzFrameReceivedCount = 83298
aFortyMHzFrameReceivedCount = 0

====== MIB Counters (63.000 sec) ======
aFailedCount = 55
aRetryCount = 108
aFrameDuplicateCount = 0
aRTSSuccessCount = 0
aRTSFailureCount = 0
aACKFailureCount = 0
aFCSErrorCount = 0
aTransmittedFrameCount = 395
aTransmittedAMSDUCount = 0
aFailedAMSDUCount = 0
aRetryAMSDUCount = 0
aTransmittedOctetsInAMSDUCount = 0
aAMSDUAckFailureCount = 0
aReceivedAMSDUCount = 0
aReceivedOctetsInAMSDUCount = 0
aTransmittedAMPDUCount = 0
aTransmittedMPDUsInAMPDUCount = 0
aTransmittedOctetsInAMPDUCount = 0
aAMPDUReceivedCount = 0
aMPDUInReceivedAMPDUCount = 0
aReceivedOctetsInAMPDUCount = 0
aAMPDUDelimiterCRCErrorCount = 0
aExplicitBARFailureCount = 0
aChannelWidthSwitchCount = 0
aTwentyMHzFrameTransmittedCount = 1579
aFortyMHzFrameTransmittedCount = 0
aTwentyMHzFrameReceivedCount = 84588
aFortyMHzFrameReceivedCount = 0

====== MIB Counters (64.000 sec) ======
aFailedCount = 59
aRetryCount = 113
aFrameDuplicateCount = 0
aRTSSuccessCount = 0
aRTSFailureCount = 0
aACKFailureCount = 0
aFCSErrorCount = 0
aTransmittedFrameCount = 408
aTransmittedAMSDUCount = 0
aFailedAMSDUCount = 0
aRetryAMSDUCount = 0
aTransmittedOctetsInAMSDUCount = 0
aAMSDUAckFailureCount = 0
aReceivedAMSDUCount = 0
aReceivedOctetsInAMSDUCount = 0
aTransmittedAMPDUCount = 0
aTransmittedMPDUsInAMPDUCount = 0
aTransmittedOctetsInAMPDUCount = 0
aAMPDUReceivedCount = 0
aMPDUInReceivedAMPDUCount = 0
aReceivedOctetsInAMPDUCount = 0
aAMPDUDelimiterCRCErrorCount = 0
aExplicitBARFailureCount = 0
aChannelWidthSwitchCount = 0
aTwentyMHzFrameTransmittedCount = 1663
aFortyMHzFrameTransmittedCount = 0
aTwentyMHzFrameReceivedCount = 85979
aFortyMHzFrameReceivedCount = 0

====== MIB Counters (65.000 sec) ======
aFailedCount = 64
aRetryCount = 113
aFrameDuplicateCount = 0
aRTSSuccessCount = 0
aRTSFailureCount = 0
aACKFailureCount = 0
aFCSErrorCount = 0
aTransmittedFrameCount = 408
aTransmittedAMSDUCount = 0
aFailedAMSDUCount = 0
aRetryAMSDUCount = 0
aTransmittedOctetsInAMSDUCount = 0
aAMSDUAckFailureCount = 0
aReceivedAMSDUCount = 0
aReceivedOctetsInAMSDUCount = 0
aTransmittedAMPDUCount = 0
aTransmittedMPDUsInAMPDUCount = 0
aTransmittedOctetsInAMPDUCount = 0
aAMPDUReceivedCount = 0
aMPDUInReceivedAMPDUCount = 0
aReceivedOctetsInAMPDUCount = 0
aAMPDUDelimiterCRCErrorCount = 0
aExplicitBARFailureCount = 0
aChannelWidthSwitchCount = 0
aTwentyMHzFrameTransmittedCount = 1703
aFortyMHzFrameTransmittedCount = 0
aTwentyMHzFrameReceivedCount = 87486
aFortyMHzFrameReceivedCount = 0

====== MIB Counters (66.000 sec) ======
aFailedCount = 64
aRetryCount = 113
aFrameDuplicateCount = 0
aRTSSuccessCount = 0
aRTSFailureCount = 0
aACKFailureCount = 0
aFCSErrorCount = 0
aTransmittedFrameCount = 408
aTransmittedAMSDUCount = 0
aFailedAMSDUCount = 0
aRetryAMSDUCount = 0
aTransmittedOctetsInAMSDUCount = 0
aAMSDUAckFailureCount = 0
aReceivedAMSDUCount = 0
aReceivedOctetsInAMSDUCount = 0
aTransmittedAMPDUCount = 0
aTransmittedMPDUsInAMPDUCount = 0
aTransmittedOctetsInAMPDUCount = 0
aAMPDUReceivedCount = 0
aMPDUInReceivedAMPDUCount = 0
aReceivedOctetsInAMPDUCount = 0
aAMPDUDelimiterCRCErrorCount = 0
aExplicitBARFailureCount = 0
aChannelWidthSwitchCount = 0
aTwentyMHzFrameTransmittedCount = 1710
aFortyMHzFrameTransmittedCount = 0
aTwentyMHzFrameReceivedCount = 89029
aFortyMHzFrameReceivedCount = 0

====== MIB Counters (67.000 sec) ======
aFailedCount = 72
aRetryCount = 114
aFrameDuplicateCount = 0
aRTSSuccessCount = 0
aRTSFailureCount = 0
aACKFailureCount = 0
aFCSErrorCount = 0
aTransmittedFrameCount = 412
aTransmittedAMSDUCount = 0
aFailedAMSDUCount = 0
aRetryAMSDUCount = 0
aTransmittedOctetsInAMSDUCount = 0
aAMSDUAckFailureCount = 0
aReceivedAMSDUCount = 0
aReceivedOctetsInAMSDUCount = 0
aTransmittedAMPDUCount = 0
aTransmittedMPDUsInAMPDUCount = 0
aTransmittedOctetsInAMPDUCount = 0
aAMPDUReceivedCount = 0
aMPDUInReceivedAMPDUCount = 0
aReceivedOctetsInAMPDUCount = 0
aAMPDUDelimiterCRCErrorCount = 0
aExplicitBARFailureCount = 0
aChannelWidthSwitchCount = 0
aTwentyMHzFrameTransmittedCount = 1791
aFortyMHzFrameTransmittedCount = 0
aTwentyMHzFrameReceivedCount = 90666
aFortyMHzFrameReceivedCount = 0

====== MIB Counters (68.000 sec) ======
aFailedCount = 72
aRetryCount = 114
aFrameDuplicateCount = 0
aRTSSuccessCount = 0
aRTSFailureCount = 0
aACKFailureCount = 0
aFCSErrorCount = 0
aTransmittedFrameCount = 412
aTransmittedAMSDUCount = 0
aFailedAMSDUCount = 0
aRetryAMSDUCount = 0
aTransmittedOctetsInAMSDUCount = 0
aAMSDUAckFailureCount = 0
aReceivedAMSDUCount = 0
aReceivedOctetsInAMSDUCount = 0
aTransmittedAMPDUCount = 0
aTransmittedMPDUsInAMPDUCount = 0
aTransmittedOctetsInAMPDUCount = 0
aAMPDUReceivedCount = 0
aMPDUInReceivedAMPDUCount = 0
aReceivedOctetsInAMPDUCount = 0
aAMPDUDelimiterCRCErrorCount = 0
aExplicitBARFailureCount = 0
aChannelWidthSwitchCount = 0
aTwentyMHzFrameTransmittedCount = 1795
aFortyMHzFrameTransmittedCount = 0
aTwentyMHzFrameReceivedCount = 92219
aFortyMHzFrameReceivedCount = 0

====== MIB Counters (69.000 sec) ======
aFailedCount = 72
aRetryCount = 115
aFrameDuplicateCount = 0
aRTSSuccessCount = 0
aRTSFailureCount = 0
aACKFailureCount = 0
aFCSErrorCount = 0
aTransmittedFrameCount = 413
aTransmittedAMSDUCount = 0
aFailedAMSDUCount = 0
aRetryAMSDUCount = 0
aTransmittedOctetsInAMSDUCount = 0
aAMSDUAckFailureCount = 0
aReceivedAMSDUCount = 0
aReceivedOctetsInAMSDUCount = 0
aTransmittedAMPDUCount = 0
aTransmittedMPDUsInAMPDUCount = 0
aTransmittedOctetsInAMPDUCount = 0
aAMPDUReceivedCount = 0
aMPDUInReceivedAMPDUCount = 0
aReceivedOctetsInAMPDUCount = 0
aAMPDUDelimiterCRCErrorCount = 0
aExplicitBARFailureCount = 0
aChannelWidthSwitchCount = 0
aTwentyMHzFrameTransmittedCount = 1805
aFortyMHzFrameTransmittedCount = 0
aTwentyMHzFrameReceivedCount = 93786
aFortyMHzFrameReceivedCount = 0

====== MIB Counters (70.000 sec) ======
aFailedCount = 72
aRetryCount = 115
aFrameDuplicateCount = 0
aRTSSuccessCount = 0
aRTSFailureCount = 0
aACKFailureCount = 0
aFCSErrorCount = 0
aTransmittedFrameCount = 413
aTransmittedAMSDUCount = 0
aFailedAMSDUCount = 0
aRetryAMSDUCount = 0
aTransmittedOctetsInAMSDUCount = 0
aAMSDUAckFailureCount = 0
aReceivedAMSDUCount = 0
aReceivedOctetsInAMSDUCount = 0
aTransmittedAMPDUCount = 0
aTransmittedMPDUsInAMPDUCount = 0
aTransmittedOctetsInAMPDUCount = 0
aAMPDUReceivedCount = 0
aMPDUInReceivedAMPDUCount = 0
aReceivedOctetsInAMPDUCount = 0
aAMPDUDelimiterCRCErrorCount = 0
aExplicitBARFailureCount = 0
aChannelWidthSwitchCount = 0
aTwentyMHzFrameTransmittedCount = 1805
aFortyMHzFrameTransmittedCount = 0
aTwentyMHzFrameReceivedCount = 93786
aFortyMHzFrameReceivedCount = 0

====== MIB Counters (71.000 sec) ======
aFailedCount = 76
aRetryCount = 115
aFrameDuplicateCount = 0
aRTSSuccessCount = 0
aRTSFailureCount = 0
aACKFailureCount = 0
aFCSErrorCount = 0
aTransmittedFrameCount = 413
aTransmittedAMSDUCount = 0
aFailedAMSDUCount = 0
aRetryAMSDUCount = 0
aTransmittedOctetsInAMSDUCount = 0
aAMSDUAckFailureCount = 0
aReceivedAMSDUCount = 0
aReceivedOctetsInAMSDUCount = 0
aTransmittedAMPDUCount = 0
aTransmittedMPDUsInAMPDUCount = 0
aTransmittedOctetsInAMPDUCount = 0
aAMPDUReceivedCount = 0
aMPDUInReceivedAMPDUCount = 0
aReceivedOctetsInAMPDUCount = 0
aAMPDUDelimiterCRCErrorCount = 0
aExplicitBARFailureCount = 0
aChannelWidthSwitchCount = 0
aTwentyMHzFrameTransmittedCount = 1805
aFortyMHzFrameTransmittedCount = 0
aTwentyMHzFrameReceivedCount = 93786
aFortyMHzFrameReceivedCount = 0

====== MIB Counters (72.000 sec) ======
aFailedCount = 76
aRetryCount = 115
aFrameDuplicateCount = 0
aRTSSuccessCount = 0
aRTSFailureCount = 0
aACKFailureCount = 0
aFCSErrorCount = 0
aTransmittedFrameCount = 413
aTransmittedAMSDUCount = 0
aFailedAMSDUCount = 0
aRetryAMSDUCount = 0
aTransmittedOctetsInAMSDUCount = 0
aAMSDUAckFailureCount = 0
aReceivedAMSDUCount = 0
aReceivedOctetsInAMSDUCount = 0
aTransmittedAMPDUCount = 0
aTransmittedMPDUsInAMPDUCount = 0
aTransmittedOctetsInAMPDUCount = 0
aAMPDUReceivedCount = 0
aMPDUInReceivedAMPDUCount = 0
aReceivedOctetsInAMPDUCount = 0
aAMPDUDelimiterCRCErrorCount = 0
aExplicitBARFailureCount = 0
aChannelWidthSwitchCount = 0
aTwentyMHzFrameTransmittedCount = 1806
aFortyMHzFrameTransmittedCount = 0
aTwentyMHzFrameReceivedCount = 95316
aFortyMHzFrameReceivedCount = 0

====== MIB Counters (73.000 sec) ======
aFailedCount = 76
aRetryCount = 116
aFrameDuplicateCount = 0
aRTSSuccessCount = 0
aRTSFailureCount = 0
aACKFailureCount = 0
aFCSErrorCount = 0
aTransmittedFrameCount = 415
aTransmittedAMSDUCount = 0
aFailedAMSDUCount = 0
aRetryAMSDUCount = 0
aTransmittedOctetsInAMSDUCount = 0
aAMSDUAckFailureCount = 0
aReceivedAMSDUCount = 0
aReceivedOctetsInAMSDUCount = 0
aTransmittedAMPDUCount = 0
aTransmittedMPDUsInAMPDUCount = 0
aTransmittedOctetsInAMPDUCount = 0
aAMPDUReceivedCount = 0
aMPDUInReceivedAMPDUCount = 0
aReceivedOctetsInAMPDUCount = 0
aAMPDUDelimiterCRCErrorCount = 0
aExplicitBARFailureCount = 0
aChannelWidthSwitchCount = 0
aTwentyMHzFrameTransmittedCount = 1815
aFortyMHzFrameTransmittedCount = 0
aTwentyMHzFrameReceivedCount = 96865
aFortyMHzFrameReceivedCount = 0

====== MIB Counters (74.000 sec) ======
aFailedCount = 76
aRetryCount = 116
aFrameDuplicateCount = 0
aRTSSuccessCount = 0
aRTSFailureCount = 0
aACKFailureCount = 0
aFCSErrorCount = 0
aTransmittedFrameCount = 415
aTransmittedAMSDUCount = 0
aFailedAMSDUCount = 0
aRetryAMSDUCount = 0
aTransmittedOctetsInAMSDUCount = 0
aAMSDUAckFailureCount = 0
aReceivedAMSDUCount = 0
aReceivedOctetsInAMSDUCount = 0
aTransmittedAMPDUCount = 0
aTransmittedMPDUsInAMPDUCount = 0
aTransmittedOctetsInAMPDUCount = 0
aAMPDUReceivedCount = 0
aMPDUInReceivedAMPDUCount = 0
aReceivedOctetsInAMPDUCount = 0
aAMPDUDelimiterCRCErrorCount = 0
aExplicitBARFailureCount = 0
aChannelWidthSwitchCount = 0
aTwentyMHzFrameTransmittedCount = 1817
aFortyMHzFrameTransmittedCount = 0
aTwentyMHzFrameReceivedCount = 98335
aFortyMHzFrameReceivedCount = 0

====== MIB Counters (75.000 sec) ======
aFailedCount = 77
aRetryCount = 118
aFrameDuplicateCount = 0
aRTSSuccessCount = 0
aRTSFailureCount = 0
aACKFailureCount = 0
aFCSErrorCount = 0
aTransmittedFrameCount = 422
aTransmittedAMSDUCount = 0
aFailedAMSDUCount = 0
aRetryAMSDUCount = 0
aTransmittedOctetsInAMSDUCount = 0
aAMSDUAckFailureCount = 0
aReceivedAMSDUCount = 0
aReceivedOctetsInAMSDUCount = 0
aTransmittedAMPDUCount = 0
aTransmittedMPDUsInAMPDUCount = 0
aTransmittedOctetsInAMPDUCount = 0
aAMPDUReceivedCount = 0
aMPDUInReceivedAMPDUCount = 0
aReceivedOctetsInAMPDUCount = 0
aAMPDUDelimiterCRCErrorCount = 0
aExplicitBARFailureCount = 0
aChannelWidthSwitchCount = 0
aTwentyMHzFrameTransmittedCount = 1843
aFortyMHzFrameTransmittedCount = 0
aTwentyMHzFrameReceivedCount = 99949
aFortyMHzFrameReceivedCount = 0

====== MIB Counters (76.000 sec) ======
aFailedCount = 78
aRetryCount = 118
aFrameDuplicateCount = 6
aRTSSuccessCount = 0
aRTSFailureCount = 0
aACKFailureCount = 0
aFCSErrorCount = 0
aTransmittedFrameCount = 426
aTransmittedAMSDUCount = 0
aFailedAMSDUCount = 0
aRetryAMSDUCount = 0
aTransmittedOctetsInAMSDUCount = 0
aAMSDUAckFailureCount = 0
aReceivedAMSDUCount = 0
aReceivedOctetsInAMSDUCount = 0
aTransmittedAMPDUCount = 0
aTransmittedMPDUsInAMPDUCount = 0
aTransmittedOctetsInAMPDUCount = 0
aAMPDUReceivedCount = 0
aMPDUInReceivedAMPDUCount = 0
aReceivedOctetsInAMPDUCount = 0
aAMPDUDelimiterCRCErrorCount = 0
aExplicitBARFailureCount = 0
aChannelWidthSwitchCount = 0
aTwentyMHzFrameTransmittedCount = 1870
aFortyMHzFrameTransmittedCount = 0
aTwentyMHzFrameReceivedCount = 101783
aFortyMHzFrameReceivedCount = 0

====== MIB Counters (77.000 sec) ======
aFailedCount = 78
aRetryCount = 118
aFrameDuplicateCount = 6
aRTSSuccessCount = 0
aRTSFailureCount = 0
aACKFailureCount = 0
aFCSErrorCount = 0
aTransmittedFrameCount = 426
aTransmittedAMSDUCount = 0
aFailedAMSDUCount = 0
aRetryAMSDUCount = 0
aTransmittedOctetsInAMSDUCount = 0
aAMSDUAckFailureCount = 0
aReceivedAMSDUCount = 0
aReceivedOctetsInAMSDUCount = 0
aTransmittedAMPDUCount = 0
aTransmittedMPDUsInAMPDUCount = 0
aTransmittedOctetsInAMPDUCount = 0
aAMPDUReceivedCount = 0
aMPDUInReceivedAMPDUCount = 0
aReceivedOctetsInAMPDUCount = 0
aAMPDUDelimiterCRCErrorCount = 0
aExplicitBARFailureCount = 0
aChannelWidthSwitchCount = 0
aTwentyMHzFrameTransmittedCount = 1878
aFortyMHzFrameTransmittedCount = 0
aTwentyMHzFrameReceivedCount = 103434
aFortyMHzFrameReceivedCount = 0

====== MIB Counters (78.000 sec) ======
aFailedCount = 81
aRetryCount = 120
aFrameDuplicateCount = 6
aRTSSuccessCount = 0
aRTSFailureCount = 0
aACKFailureCount = 0
aFCSErrorCount = 0
aTransmittedFrameCount = 428
aTransmittedAMSDUCount = 0
aFailedAMSDUCount = 0
aRetryAMSDUCount = 0
aTransmittedOctetsInAMSDUCount = 0
aAMSDUAckFailureCount = 0
aReceivedAMSDUCount = 0
aReceivedOctetsInAMSDUCount = 0
aTransmittedAMPDUCount = 0
aTransmittedMPDUsInAMPDUCount = 0
aTransmittedOctetsInAMPDUCount = 0
aAMPDUReceivedCount = 0
aMPDUInReceivedAMPDUCount = 0
aReceivedOctetsInAMPDUCount = 0
aAMPDUDelimiterCRCErrorCount = 0
aExplicitBARFailureCount = 0
aChannelWidthSwitchCount = 0
aTwentyMHzFrameTransmittedCount = 1919
aFortyMHzFrameTransmittedCount = 0
aTwentyMHzFrameReceivedCount = 105069
aFortyMHzFrameReceivedCount = 0

====== MIB Counters (79.000 sec) ======
aFailedCount = 81
aRetryCount = 121
aFrameDuplicateCount = 6
aRTSSuccessCount = 0
aRTSFailureCount = 0
aACKFailureCount = 0
aFCSErrorCount = 0
aTransmittedFrameCount = 430
aTransmittedAMSDUCount = 0
aFailedAMSDUCount = 0
aRetryAMSDUCount = 0
aTransmittedOctetsInAMSDUCount = 0
aAMSDUAckFailureCount = 0
aReceivedAMSDUCount = 0
aReceivedOctetsInAMSDUCount = 0
aTransmittedAMPDUCount = 0
aTransmittedMPDUsInAMPDUCount = 0
aTransmittedOctetsInAMPDUCount = 0
aAMPDUReceivedCount = 0
aMPDUInReceivedAMPDUCount = 0
aReceivedOctetsInAMPDUCount = 0
aAMPDUDelimiterCRCErrorCount = 0
aExplicitBARFailureCount = 0
aChannelWidthSwitchCount = 0
aTwentyMHzFrameTransmittedCount = 1928
aFortyMHzFrameTransmittedCount = 0
aTwentyMHzFrameReceivedCount = 107125
aFortyMHzFrameReceivedCount = 0

====== MIB Counters (80.000 sec) ======
aFailedCount = 81
aRetryCount = 125
aFrameDuplicateCount = 6
aRTSSuccessCount = 0
aRTSFailureCount = 0
aACKFailureCount = 0
aFCSErrorCount = 0
aTransmittedFrameCount = 448
aTransmittedAMSDUCount = 0
aFailedAMSDUCount = 0
aRetryAMSDUCount = 0
aTransmittedOctetsInAMSDUCount = 0
aAMSDUAckFailureCount = 0
aReceivedAMSDUCount = 0
aReceivedOctetsInAMSDUCount = 0
aTransmittedAMPDUCount = 0
aTransmittedMPDUsInAMPDUCount = 0
aTransmittedOctetsInAMPDUCount = 0
aAMPDUReceivedCount = 0
aMPDUInReceivedAMPDUCount = 0
aReceivedOctetsInAMPDUCount = 0
aAMPDUDelimiterCRCErrorCount = 0
aExplicitBARFailureCount = 0
aChannelWidthSwitchCount = 0
aTwentyMHzFrameTransmittedCount = 1969
aFortyMHzFrameTransmittedCount = 0
aTwentyMHzFrameReceivedCount = 109360
aFortyMHzFrameReceivedCount = 0

====== MIB Counters (81.000 sec) ======
aFailedCount = 81
aRetryCount = 127
aFrameDuplicateCount = 6
aRTSSuccessCount = 0
aRTSFailureCount = 0
aACKFailureCount = 0
aFCSErrorCount = 0
aTransmittedFrameCount = 452
aTransmittedAMSDUCount = 0
aFailedAMSDUCount = 0
aRetryAMSDUCount = 0
aTransmittedOctetsInAMSDUCount = 0
aAMSDUAckFailureCount = 0
aReceivedAMSDUCount = 0
aReceivedOctetsInAMSDUCount = 0
aTransmittedAMPDUCount = 0
aTransmittedMPDUsInAMPDUCount = 0
aTransmittedOctetsInAMPDUCount = 0
aAMPDUReceivedCount = 0
aMPDUInReceivedAMPDUCount = 0
aReceivedOctetsInAMPDUCount = 0
aAMPDUDelimiterCRCErrorCount = 0
aExplicitBARFailureCount = 0
aChannelWidthSwitchCount = 0
aTwentyMHzFrameTransmittedCount = 1985
aFortyMHzFrameTransmittedCount = 0
aTwentyMHzFrameReceivedCount = 111027
aFortyMHzFrameReceivedCount = 0

====== MIB Counters (82.000 sec) ======
aFailedCount = 81
aRetryCount = 127
aFrameDuplicateCount = 6
aRTSSuccessCount = 0
aRTSFailureCount = 0
aACKFailureCount = 0
aFCSErrorCount = 0
aTransmittedFrameCount = 452
aTransmittedAMSDUCount = 0
aFailedAMSDUCount = 0
aRetryAMSDUCount = 0
aTransmittedOctetsInAMSDUCount = 0
aAMSDUAckFailureCount = 0
aReceivedAMSDUCount = 0
aReceivedOctetsInAMSDUCount = 0
aTransmittedAMPDUCount = 0
aTransmittedMPDUsInAMPDUCount = 0
aTransmittedOctetsInAMPDUCount = 0
aAMPDUReceivedCount = 0
aMPDUInReceivedAMPDUCount = 0
aReceivedOctetsInAMPDUCount = 0
aAMPDUDelimiterCRCErrorCount = 0
aExplicitBARFailureCount = 0
aChannelWidthSwitchCount = 0
aTwentyMHzFrameTransmittedCount = 1986
aFortyMHzFrameTransmittedCount = 0
aTwentyMHzFrameReceivedCount = 112661
aFortyMHzFrameReceivedCount = 0

====== MIB Counters (83.000 sec) ======
aFailedCount = 81
aRetryCount = 128
aFrameDuplicateCount = 6
aRTSSuccessCount = 0
aRTSFailureCount = 0
aACKFailureCount = 0
aFCSErrorCount = 0
aTransmittedFrameCount = 454
aTransmittedAMSDUCount = 0
aFailedAMSDUCount = 0
aRetryAMSDUCount = 0
aTransmittedOctetsInAMSDUCount = 0
aAMSDUAckFailureCount = 0
aReceivedAMSDUCount = 0
aReceivedOctetsInAMSDUCount = 0
aTransmittedAMPDUCount = 0
aTransmittedMPDUsInAMPDUCount = 0
aTransmittedOctetsInAMPDUCount = 0
aAMPDUReceivedCount = 0
aMPDUInReceivedAMPDUCount = 0
aReceivedOctetsInAMPDUCount = 0
aAMPDUDelimiterCRCErrorCount = 0
aExplicitBARFailureCount = 0
aChannelWidthSwitchCount = 0
aTwentyMHzFrameTransmittedCount = 1996
aFortyMHzFrameTransmittedCount = 0
aTwentyMHzFrameReceivedCount = 114354
aFortyMHzFrameReceivedCount = 0

====== MIB Counters (84.000 sec) ======
aFailedCount = 81
aRetryCount = 128
aFrameDuplicateCount = 6
aRTSSuccessCount = 0
aRTSFailureCount = 0
aACKFailureCount = 0
aFCSErrorCount = 0
aTransmittedFrameCount = 457
aTransmittedAMSDUCount = 0
aFailedAMSDUCount = 0
aRetryAMSDUCount = 0
aTransmittedOctetsInAMSDUCount = 0
aAMSDUAckFailureCount = 0
aReceivedAMSDUCount = 0
aReceivedOctetsInAMSDUCount = 0
aTransmittedAMPDUCount = 0
aTransmittedMPDUsInAMPDUCount = 0
aTransmittedOctetsInAMPDUCount = 0
aAMPDUReceivedCount = 0
aMPDUInReceivedAMPDUCount = 0
aReceivedOctetsInAMPDUCount = 0
aAMPDUDelimiterCRCErrorCount = 0
aExplicitBARFailureCount = 0
aChannelWidthSwitchCount = 0
aTwentyMHzFrameTransmittedCount = 2004
aFortyMHzFrameTransmittedCount = 0
aTwentyMHzFrameReceivedCount = 115692
aFortyMHzFrameReceivedCount = 0

====== MIB Counters (85.000 sec) ======
aFailedCount = 81
aRetryCount = 129
aFrameDuplicateCount = 6
aRTSSuccessCount = 0
aRTSFailureCount = 0
aACKFailureCount = 0
aFCSErrorCount = 0
aTransmittedFrameCount = 459
aTransmittedAMSDUCount = 0
aFailedAMSDUCount = 0
aRetryAMSDUCount = 0
aTransmittedOctetsInAMSDUCount = 0
aAMSDUAckFailureCount = 0
aReceivedAMSDUCount = 0
aReceivedOctetsInAMSDUCount = 0
aTransmittedAMPDUCount = 0
aTransmittedMPDUsInAMPDUCount = 0
aTransmittedOctetsInAMPDUCount = 0
aAMPDUReceivedCount = 0
aMPDUInReceivedAMPDUCount = 0
aReceivedOctetsInAMPDUCount = 0
aAMPDUDelimiterCRCErrorCount = 0
aExplicitBARFailureCount = 0
aChannelWidthSwitchCount = 0
aTwentyMHzFrameTransmittedCount = 2012
aFortyMHzFrameTransmittedCount = 0
aTwentyMHzFrameReceivedCount = 116992
aFortyMHzFrameReceivedCount = 0

====== MIB Counters (86.000 sec) ======
aFailedCount = 81
aRetryCount = 130
aFrameDuplicateCount = 6
aRTSSuccessCount = 0
aRTSFailureCount = 0
aACKFailureCount = 0
aFCSErrorCount = 0
aTransmittedFrameCount = 464
aTransmittedAMSDUCount = 0
aFailedAMSDUCount = 0
aRetryAMSDUCount = 0
aTransmittedOctetsInAMSDUCount = 0
aAMSDUAckFailureCount = 0
aReceivedAMSDUCount = 0
aReceivedOctetsInAMSDUCount = 0
aTransmittedAMPDUCount = 0
aTransmittedMPDUsInAMPDUCount = 0
aTransmittedOctetsInAMPDUCount = 0
aAMPDUReceivedCount = 0
aMPDUInReceivedAMPDUCount = 0
aReceivedOctetsInAMPDUCount = 0
aAMPDUDelimiterCRCErrorCount = 0
aExplicitBARFailureCount = 0
aChannelWidthSwitchCount = 0
aTwentyMHzFrameTransmittedCount = 2043
aFortyMHzFrameTransmittedCount = 0
aTwentyMHzFrameReceivedCount = 118389
aFortyMHzFrameReceivedCount = 0

====== MIB Counters (87.000 sec) ======
aFailedCount = 81
aRetryCount = 130
aFrameDuplicateCount = 6
aRTSSuccessCount = 0
aRTSFailureCount = 0
aACKFailureCount = 0
aFCSErrorCount = 0
aTransmittedFrameCount = 468
aTransmittedAMSDUCount = 0
aFailedAMSDUCount = 0
aRetryAMSDUCount = 0
aTransmittedOctetsInAMSDUCount = 0
aAMSDUAckFailureCount = 0
aReceivedAMSDUCount = 0
aReceivedOctetsInAMSDUCount = 0
aTransmittedAMPDUCount = 0
aTransmittedMPDUsInAMPDUCount = 0
aTransmittedOctetsInAMPDUCount = 0
aAMPDUReceivedCount = 0
aMPDUInReceivedAMPDUCount = 0
aReceivedOctetsInAMPDUCount = 0
aAMPDUDelimiterCRCErrorCount = 0
aExplicitBARFailureCount = 0
aChannelWidthSwitchCount = 0
aTwentyMHzFrameTransmittedCount = 2107
aFortyMHzFrameTransmittedCount = 0
aTwentyMHzFrameReceivedCount = 119743
aFortyMHzFrameReceivedCount = 0

====== MIB Counters (88.000 sec) ======
aFailedCount = 81
aRetryCount = 130
aFrameDuplicateCount = 6
aRTSSuccessCount = 0
aRTSFailureCount = 0
aACKFailureCount = 0
aFCSErrorCount = 0
aTransmittedFrameCount = 468
aTransmittedAMSDUCount = 0
aFailedAMSDUCount = 0
aRetryAMSDUCount = 0
aTransmittedOctetsInAMSDUCount = 0
aAMSDUAckFailureCount = 0
aReceivedAMSDUCount = 0
aReceivedOctetsInAMSDUCount = 0
aTransmittedAMPDUCount = 0
aTransmittedMPDUsInAMPDUCount = 0
aTransmittedOctetsInAMPDUCount = 0
aAMPDUReceivedCount = 0
aMPDUInReceivedAMPDUCount = 0
aReceivedOctetsInAMPDUCount = 0
aAMPDUDelimiterCRCErrorCount = 0
aExplicitBARFailureCount = 0
aChannelWidthSwitchCount = 0
aTwentyMHzFrameTransmittedCount = 2107
aFortyMHzFrameTransmittedCount = 0
aTwentyMHzFrameReceivedCount = 119743
aFortyMHzFrameReceivedCount = 0

====== MIB Counters (89.000 sec) ======
aFailedCount = 81
aRetryCount = 130
aFrameDuplicateCount = 6
aRTSSuccessCount = 0
aRTSFailureCount = 0
aACKFailureCount = 0
aFCSErrorCount = 0
aTransmittedFrameCount = 468
aTransmittedAMSDUCount = 0
aFailedAMSDUCount = 0
aRetryAMSDUCount = 0
aTransmittedOctetsInAMSDUCount = 0
aAMSDUAckFailureCount = 0
aReceivedAMSDUCount = 0
aReceivedOctetsInAMSDUCount = 0
aTransmittedAMPDUCount = 0
aTransmittedMPDUsInAMPDUCount = 0
aTransmittedOctetsInAMPDUCount = 0
aAMPDUReceivedCount = 0
aMPDUInReceivedAMPDUCount = 0
aReceivedOctetsInAMPDUCount = 0
aAMPDUDelimiterCRCErrorCount = 0
aExplicitBARFailureCount = 0
aChannelWidthSwitchCount = 0
aTwentyMHzFrameTransmittedCount = 2107
aFortyMHzFrameTransmittedCount = 0
aTwentyMHzFrameReceivedCount = 119743
aFortyMHzFrameReceivedCount = 0

====== MIB Counters (90.000 sec) ======
aFailedCount = 81
aRetryCount = 130
aFrameDuplicateCount = 6
aRTSSuccessCount = 0
aRTSFailureCount = 0
aACKFailureCount = 0
aFCSErrorCount = 0
aTransmittedFrameCount = 470
aTransmittedAMSDUCount = 0
aFailedAMSDUCount = 0
aRetryAMSDUCount = 0
aTransmittedOctetsInAMSDUCount = 0
aAMSDUAckFailureCount = 0
aReceivedAMSDUCount = 0
aReceivedOctetsInAMSDUCount = 0
aTransmittedAMPDUCount = 0
aTransmittedMPDUsInAMPDUCount = 0
aTransmittedOctetsInAMPDUCount = 0
aAMPDUReceivedCount = 0
aMPDUInReceivedAMPDUCount = 0
aReceivedOctetsInAMPDUCount = 0
aAMPDUDelimiterCRCErrorCount = 0
aExplicitBARFailureCount = 0
aChannelWidthSwitchCount = 0
aTwentyMHzFrameTransmittedCount = 2178
aFortyMHzFrameTransmittedCount = 0
aTwentyMHzFrameReceivedCount = 121397
aFortyMHzFrameReceivedCount = 0

====== MIB Counters (91.000 sec) ======
aFailedCount = 81
aRetryCount = 132
aFrameDuplicateCount = 6
aRTSSuccessCount = 0
aRTSFailureCount = 0
aACKFailureCount = 0
aFCSErrorCount = 0
aTransmittedFrameCount = 488
aTransmittedAMSDUCount = 0
aFailedAMSDUCount = 0
aRetryAMSDUCount = 0
aTransmittedOctetsInAMSDUCount = 0
aAMSDUAckFailureCount = 0
aReceivedAMSDUCount = 0
aReceivedOctetsInAMSDUCount = 0
aTransmittedAMPDUCount = 0
aTransmittedMPDUsInAMPDUCount = 0
aTransmittedOctetsInAMPDUCount = 0
aAMPDUReceivedCount = 0
aMPDUInReceivedAMPDUCount = 0
aReceivedOctetsInAMPDUCount = 0
aAMPDUDelimiterCRCErrorCount = 0
aExplicitBARFailureCount = 0
aChannelWidthSwitchCount = 0
aTwentyMHzFrameTransmittedCount = 2224
aFortyMHzFrameTransmittedCount = 0
aTwentyMHzFrameReceivedCount = 123047
aFortyMHzFrameReceivedCount = 0

====== MIB Counters (92.000 sec) ======
aFailedCount = 81
aRetryCount = 138
aFrameDuplicateCount = 6
aRTSSuccessCount = 0
aRTSFailureCount = 0
aACKFailureCount = 0
aFCSErrorCount = 0
aTransmittedFrameCount = 514
aTransmittedAMSDUCount = 0
aFailedAMSDUCount = 0
aRetryAMSDUCount = 0
aTransmittedOctetsInAMSDUCount = 0
aAMSDUAckFailureCount = 0
aReceivedAMSDUCount = 0
aReceivedOctetsInAMSDUCount = 0
aTransmittedAMPDUCount = 0
aTransmittedMPDUsInAMPDUCount = 0
aTransmittedOctetsInAMPDUCount = 0
aAMPDUReceivedCount = 0
aMPDUInReceivedAMPDUCount = 0
aReceivedOctetsInAMPDUCount = 0
aAMPDUDelimiterCRCErrorCount = 0
aExplicitBARFailureCount = 0
aChannelWidthSwitchCount = 0
aTwentyMHzFrameTransmittedCount = 2300
aFortyMHzFrameTransmittedCount = 0
aTwentyMHzFrameReceivedCount = 124665
aFortyMHzFrameReceivedCount = 0

====== MIB Counters (93.000 sec) ======
aFailedCount = 82
aRetryCount = 152
aFrameDuplicateCount = 12
aRTSSuccessCount = 0
aRTSFailureCount = 0
aACKFailureCount = 0
aFCSErrorCount = 0
aTransmittedFrameCount = 643
aTransmittedAMSDUCount = 0
aFailedAMSDUCount = 0
aRetryAMSDUCount = 0
aTransmittedOctetsInAMSDUCount = 0
aAMSDUAckFailureCount = 0
aReceivedAMSDUCount = 0
aReceivedOctetsInAMSDUCount = 0
aTransmittedAMPDUCount = 0
aTransmittedMPDUsInAMPDUCount = 0
aTransmittedOctetsInAMPDUCount = 0
aAMPDUReceivedCount = 0
aMPDUInReceivedAMPDUCount = 0
aReceivedOctetsInAMPDUCount = 0
aAMPDUDelimiterCRCErrorCount = 0
aExplicitBARFailureCount = 0
aChannelWidthSwitchCount = 0
aTwentyMHzFrameTransmittedCount = 2598
aFortyMHzFrameTransmittedCount = 0
aTwentyMHzFrameReceivedCount = 126315
aFortyMHzFrameReceivedCount = 0

====== MIB Counters (94.000 sec) ======
aFailedCount = 84
aRetryCount = 166
aFrameDuplicateCount = 18
aRTSSuccessCount = 0
aRTSFailureCount = 0
aACKFailureCount = 0
aFCSErrorCount = 0
aTransmittedFrameCount = 710
aTransmittedAMSDUCount = 0
aFailedAMSDUCount = 0
aRetryAMSDUCount = 0
aTransmittedOctetsInAMSDUCount = 0
aAMSDUAckFailureCount = 0
aReceivedAMSDUCount = 0
aReceivedOctetsInAMSDUCount = 0
aTransmittedAMPDUCount = 0
aTransmittedMPDUsInAMPDUCount = 0
aTransmittedOctetsInAMPDUCount = 0
aAMPDUReceivedCount = 0
aMPDUInReceivedAMPDUCount = 0
aReceivedOctetsInAMPDUCount = 0
aAMPDUDelimiterCRCErrorCount = 0
aExplicitBARFailureCount = 0
aChannelWidthSwitchCount = 0
aTwentyMHzFrameTransmittedCount = 2819
aFortyMHzFrameTransmittedCount = 0
aTwentyMHzFrameReceivedCount = 127902
aFortyMHzFrameReceivedCount = 0

====== MIB Counters (95.000 sec) ======
aFailedCount = 88
aRetryCount = 176
aFrameDuplicateCount = 30
aRTSSuccessCount = 0
aRTSFailureCount = 0
aACKFailureCount = 0
aFCSErrorCount = 0
aTransmittedFrameCount = 742
aTransmittedAMSDUCount = 0
aFailedAMSDUCount = 0
aRetryAMSDUCount = 0
aTransmittedOctetsInAMSDUCount = 0
aAMSDUAckFailureCount = 0
aReceivedAMSDUCount = 0
aReceivedOctetsInAMSDUCount = 0
aTransmittedAMPDUCount = 0
aTransmittedMPDUsInAMPDUCount = 0
aTransmittedOctetsInAMPDUCount = 0
aAMPDUReceivedCount = 0
aMPDUInReceivedAMPDUCount = 0
aReceivedOctetsInAMPDUCount = 0
aAMPDUDelimiterCRCErrorCount = 0
aExplicitBARFailureCount = 0
aChannelWidthSwitchCount = 0
aTwentyMHzFrameTransmittedCount = 2971
aFortyMHzFrameTransmittedCount = 0
aTwentyMHzFrameReceivedCount = 129527
aFortyMHzFrameReceivedCount = 0

====== MIB Counters (96.000 sec) ======
aFailedCount = 96
aRetryCount = 184
aFrameDuplicateCount = 36
aRTSSuccessCount = 0
aRTSFailureCount = 0
aACKFailureCount = 0
aFCSErrorCount = 0
aTransmittedFrameCount = 775
aTransmittedAMSDUCount = 0
aFailedAMSDUCount = 0
aRetryAMSDUCount = 0
aTransmittedOctetsInAMSDUCount = 0
aAMSDUAckFailureCount = 0
aReceivedAMSDUCount = 0
aReceivedOctetsInAMSDUCount = 0
aTransmittedAMPDUCount = 0
aTransmittedMPDUsInAMPDUCount = 0
aTransmittedOctetsInAMPDUCount = 0
aAMPDUReceivedCount = 0
aMPDUInReceivedAMPDUCount = 0
aReceivedOctetsInAMPDUCount = 0
aAMPDUDelimiterCRCErrorCount = 0
aExplicitBARFailureCount = 0
aChannelWidthSwitchCount = 0
aTwentyMHzFrameTransmittedCount = 3134
aFortyMHzFrameTransmittedCount = 0
aTwentyMHzFrameReceivedCount = 131101
aFortyMHzFrameReceivedCount = 0

====== MIB Counters (97.000 sec) ======
aFailedCount = 103
aRetryCount = 187
aFrameDuplicateCount = 42
aRTSSuccessCount = 0
aRTSFailureCount = 0
aACKFailureCount = 0
aFCSErrorCount = 0
aTransmittedFrameCount = 783
aTransmittedAMSDUCount = 0
aFailedAMSDUCount = 0
aRetryAMSDUCount = 0
aTransmittedOctetsInAMSDUCount = 0
aAMSDUAckFailureCount = 0
aReceivedAMSDUCount = 0
aReceivedOctetsInAMSDUCount = 0
aTransmittedAMPDUCount = 0
aTransmittedMPDUsInAMPDUCount = 0
aTransmittedOctetsInAMPDUCount = 0
aAMPDUReceivedCount = 0
aMPDUInReceivedAMPDUCount = 0
aReceivedOctetsInAMPDUCount = 0
aAMPDUDelimiterCRCErrorCount = 0
aExplicitBARFailureCount = 0
aChannelWidthSwitchCount = 0
aTwentyMHzFrameTransmittedCount = 3254
aFortyMHzFrameTransmittedCount = 0
aTwentyMHzFrameReceivedCount = 132851
aFortyMHzFrameReceivedCount = 0

====== MIB Counters (98.000 sec) ======
aFailedCount = 104
aRetryCount = 191
aFrameDuplicateCount = 42
aRTSSuccessCount = 0
aRTSFailureCount = 0
aACKFailureCount = 0
aFCSErrorCount = 0
aTransmittedFrameCount = 796
aTransmittedAMSDUCount = 0
aFailedAMSDUCount = 0
aRetryAMSDUCount = 0
aTransmittedOctetsInAMSDUCount = 0
aAMSDUAckFailureCount = 0
aReceivedAMSDUCount = 0
aReceivedOctetsInAMSDUCount = 0
aTransmittedAMPDUCount = 0
aTransmittedMPDUsInAMPDUCount = 0
aTransmittedOctetsInAMPDUCount = 0
aAMPDUReceivedCount = 0
aMPDUInReceivedAMPDUCount = 0
aReceivedOctetsInAMPDUCount = 0
aAMPDUDelimiterCRCErrorCount = 0
aExplicitBARFailureCount = 0
aChannelWidthSwitchCount = 0
aTwentyMHzFrameTransmittedCount = 3306
aFortyMHzFrameTransmittedCount = 0
aTwentyMHzFrameReceivedCount = 134587
aFortyMHzFrameReceivedCount = 0

====== MIB Counters (99.000 sec) ======
aFailedCount = 108
aRetryCount = 191
aFrameDuplicateCount = 42
aRTSSuccessCount = 0
aRTSFailureCount = 0
aACKFailureCount = 0
aFCSErrorCount = 0
aTransmittedFrameCount = 796
aTransmittedAMSDUCount = 0
aFailedAMSDUCount = 0
aRetryAMSDUCount = 0
aTransmittedOctetsInAMSDUCount = 0
aAMSDUAckFailureCount = 0
aReceivedAMSDUCount = 0
aReceivedOctetsInAMSDUCount = 0
aTransmittedAMPDUCount = 0
aTransmittedMPDUsInAMPDUCount = 0
aTransmittedOctetsInAMPDUCount = 0
aAMPDUReceivedCount = 0
aMPDUInReceivedAMPDUCount = 0
aReceivedOctetsInAMPDUCount = 0
aAMPDUDelimiterCRCErrorCount = 0
aExplicitBARFailureCount = 0
aChannelWidthSwitchCount = 0
aTwentyMHzFrameTransmittedCount = 3338
aFortyMHzFrameTransmittedCount = 0
aTwentyMHzFrameReceivedCount = 136218
aFortyMHzFrameReceivedCount = 0

====== MIB Counters (100.000 sec) ======
aFailedCount = 108
aRetryCount = 191
aFrameDuplicateCount = 42
aRTSSuccessCount = 0
aRTSFailureCount = 0
aACKFailureCount = 0
aFCSErrorCount = 0
aTransmittedFrameCount = 796
aTransmittedAMSDUCount = 0
aFailedAMSDUCount = 0
aRetryAMSDUCount = 0
aTransmittedOctetsInAMSDUCount = 0
aAMSDUAckFailureCount = 0
aReceivedAMSDUCount = 0
aReceivedOctetsInAMSDUCount = 0
aTransmittedAMPDUCount = 0
aTransmittedMPDUsInAMPDUCount = 0
aTransmittedOctetsInAMPDUCount = 0
aAMPDUReceivedCount = 0
aMPDUInReceivedAMPDUCount = 0
aReceivedOctetsInAMPDUCount = 0
aAMPDUDelimiterCRCErrorCount = 0
aExplicitBARFailureCount = 0
aChannelWidthSwitchCount = 0
aTwentyMHzFrameTransmittedCount = 3341
aFortyMHzFrameTransmittedCount = 0
aTwentyMHzFrameReceivedCount = 137790
aFortyMHzFrameReceivedCount = 0
