
====== MIB Counters (1.000 sec) ======
aFailedCount = 0
aRetryCount = 0
aFrameDuplicateCount = 0
aRTSSuccessCount = 0
aRTSFailureCount = 0
aACKFailureCount = 0
aFCSErrorCount = 0
aTransmittedFrameCount = 4
aTransmittedAMSDUCount = 0
aFailedAMSDUCount = 0
aRetryAMSDUCount = 0
aTransmittedOctetsInAMSDUCount = 0
aAMSDUAckFailureCount = 0
aReceivedAMSDUCount = 0
aReceivedOctetsInAMSDUCount = 0
aTransmittedAMPDUCount = 0
aTransmittedMPDUsInAMPDUCount = 0
aTransmittedOctetsInAMPDUCount = 0
aAMPDUReceivedCount = 0
aMPDUInReceivedAMPDUCount = 0
aReceivedOctetsInAMPDUCount = 0
aAMPDUDelimiterCRCErrorCount = 0
aExplicitBARFailureCount = 0
aChannelWidthSwitchCount = 0
aTwentyMHzFrameTransmittedCount = 17
aFortyMHzFrameTransmittedCount = 0
aTwentyMHzFrameReceivedCount = 253
aFortyMHzFrameReceivedCount = 0

====== MIB Counters (2.000 sec) ======
aFailedCount = 0
aRetryCount = 0
aFrameDuplicateCount = 0
aRTSSuccessCount = 0
aRTSFailureCount = 0
aACKFailureCount = 0
aFCSErrorCount = 0
aTransmittedFrameCount = 4
aTransmittedAMSDUCount = 0
aFailedAMSDUCount = 0
aRetryAMSDUCount = 0
aTransmittedOctetsInAMSDUCount = 0
aAMSDUAckFailureCount = 0
aReceivedAMSDUCount = 0
aReceivedOctetsInAMSDUCount = 0
aTransmittedAMPDUCount = 0
aTransmittedMPDUsInAMPDUCount = 0
aTransmittedOctetsInAMPDUCount = 0
aAMPDUReceivedCount = 0
aMPDUInReceivedAMPDUCount = 0
aReceivedOctetsInAMPDUCount = 0
aAMPDUDelimiterCRCErrorCount = 0
aExplicitBARFailureCount = 0
aChannelWidthSwitchCount = 0
aTwentyMHzFrameTransmittedCount = 19
aFortyMHzFrameTransmittedCount = 0
aTwentyMHzFrameReceivedCount = 496
aFortyMHzFrameReceivedCount = 0

====== MIB Counters (3.000 sec) ======
aFailedCount = 4
aRetryCount = 20
aFrameDuplicateCount = 0
aRTSSuccessCount = 0
aRTSFailureCount = 0
aACKFailureCount = 0
aFCSErrorCount = 0
aTransmittedFrameCount = 174
aTransmittedAMSDUCount = 0
aFailedAMSDUCount = 0
aRetryAMSDUCount = 0
aTransmittedOctetsInAMSDUCount = 0
aAMSDUAckFailureCount = 0
aReceivedAMSDUCount = 0
aReceivedOctetsInAMSDUCount = 0
aTransmittedAMPDUCount = 0
aTransmittedMPDUsInAMPDUCount = 0
aTransmittedOctetsInAMPDUCount = 0
aAMPDUReceivedCount = 0
aMPDUInReceivedAMPDUCount = 0
aReceivedOctetsInAMPDUCount = 0
aAMPDUDelimiterCRCErrorCount = 0
aExplicitBARFailureCount = 0
aChannelWidthSwitchCount = 0
aTwentyMHzFrameTransmittedCount = 304
aFortyMHzFrameTransmittedCount = 0
aTwentyMHzFrameReceivedCount = 1933
aFortyMHzFrameReceivedCount = 0

====== MIB Counters (4.000 sec) ======
aFailedCount = 15
aRetryCount = 40
aFrameDuplicateCount = 0
aRTSSuccessCount = 0
aRTSFailureCount = 0
aACKFailureCount = 0
aFCSErrorCount = 0
aTransmittedFrameCount = 360
aTransmittedAMSDUCount = 0
aFailedAMSDUCount = 0
aRetryAMSDUCount = 0
aTransmittedOctetsInAMSDUCount = 0
aAMSDUAckFailureCount = 0
aReceivedAMSDUCount = 0
aReceivedOctetsInAMSDUCount = 0
aTransmittedAMPDUCount = 0
aTransmittedMPDUsInAMPDUCount = 0
aTransmittedOctetsInAMPDUCount = 0
aAMPDUReceivedCount = 0
aMPDUInReceivedAMPDUCount = 0
aReceivedOctetsInAMPDUCount = 0
aAMPDUDelimiterCRCErrorCount = 0
aExplicitBARFailureCount = 0
aChannelWidthSwitchCount = 0
aTwentyMHzFrameTransmittedCount = 622
aFortyMHzFrameTransmittedCount = 0
aTwentyMHzFrameReceivedCount = 3178
aFortyMHzFrameReceivedCount = 0

====== MIB Counters (5.000 sec) ======
aFailedCount = 20
aRetryCount = 67
aFrameDuplicateCount = 0
aRTSSuccessCount = 0
aRTSFailureCount = 0
aACKFailureCount = 0
aFCSErrorCount = 0
aTransmittedFrameCount = 634
aTransmittedAMSDUCount = 0
aFailedAMSDUCount = 0
aRetryAMSDUCount = 0
aTransmittedOctetsInAMSDUCount = 0
aAMSDUAckFailureCount = 0
aReceivedAMSDUCount = 0
aReceivedOctetsInAMSDUCount = 0
aTransmittedAMPDUCount = 0
aTransmittedMPDUsInAMPDUCount = 0
aTransmittedOctetsInAMPDUCount = 0
aAMPDUReceivedCount = 0
aMPDUInReceivedAMPDUCount = 0
aReceivedOctetsInAMPDUCount = 0
aAMPDUDelimiterCRCErrorCount = 0
aExplicitBARFailureCount = 0
aChannelWidthSwitchCount = 0
aTwentyMHzFrameTransmittedCount = 997
aFortyMHzFrameTransmittedCount = 0
aTwentyMHzFrameReceivedCount = 4194
aFortyMHzFrameReceivedCount = 0

====== MIB Counters (6.000 sec) ======
aFailedCount = 25
aRetryCount = 97
aFrameDuplicateCount = 0
aRTSSuccessCount = 0
aRTSFailureCount = 0
aACKFailureCount = 0
aFCSErrorCount = 0
aTransmittedFrameCount = 928
aTransmittedAMSDUCount = 0
aFailedAMSDUCount = 0
aRetryAMSDUCount = 0
aTransmittedOctetsInAMSDUCount = 0
aAMSDUAckFailureCount = 0
aReceivedAMSDUCount = 0
aReceivedOctetsInAMSDUCount = 0
aTransmittedAMPDUCount = 0
aTransmittedMPDUsInAMPDUCount = 0
aTransmittedOctetsInAMPDUCount = 0
aAMPDUReceivedCount = 0
aMPDUInReceivedAMPDUCount = 0
aReceivedOctetsInAMPDUCount = 0
aAMPDUDelimiterCRCErrorCount = 0
aExplicitBARFailureCount = 0
aChannelWidthSwitchCount = 0
aTwentyMHzFrameTransmittedCount = 1399
aFortyMHzFrameTransmittedCount = 0
aTwentyMHzFrameReceivedCount = 5221
aFortyMHzFrameReceivedCount = 0

====== MIB Counters (7.000 sec) ======
aFailedCount = 27
aRetryCount = 109
aFrameDuplicateCount = 0
aRTSSuccessCount = 0
aRTSFailureCount = 0
aACKFailureCount = 0
aFCSErrorCount = 0
aTransmittedFrameCount = 1291
aTransmittedAMSDUCount = 0
aFailedAMSDUCount = 0
aRetryAMSDUCount = 0
aTransmittedOctetsInAMSDUCount = 0
aAMSDUAckFailureCount = 0
aReceivedAMSDUCount = 0
aReceivedOctetsInAMSDUCount = 0
aTransmittedAMPDUCount = 0
aTransmittedMPDUsInAMPDUCount = 0
aTransmittedOctetsInAMPDUCount = 0
aAMPDUReceivedCount = 0
aMPDUInReceivedAMPDUCount = 0
aReceivedOctetsInAMPDUCount = 0
aAMPDUDelimiterCRCErrorCount = 0
aExplicitBARFailureCount = 0
aChannelWidthSwitchCount = 0
aTwentyMHzFrameTransmittedCount = 1805
aFortyMHzFrameTransmittedCount = 0
aTwentyMHzFrameReceivedCount = 6333
aFortyMHzFrameReceivedCount = 0

====== MIB Counters (8.000 sec) ======
aFailedCount = 27
aRetryCount = 127
aFrameDuplicateCount = 0
aRTSSuccessCount = 0
aRTSFailureCount = 0
aACKFailureCount = 0
aFCSErrorCount = 0
aTransmittedFrameCount = 1577
aTransmittedAMSDUCount = 0
aFailedAMSDUCount = 0
aRetryAMSDUCount = 0
aTransmittedOctetsInAMSDUCount = 0
aAMSDUAckFailureCount = 0
aReceivedAMSDUCount = 0
aReceivedOctetsInAMSDUCount = 0
aTransmittedAMPDUCount = 0
aTransmittedMPDUsInAMPDUCount = 0
aTransmittedOctetsInAMPDUCount = 0
aAMPDUReceivedCount = 0
aMPDUInReceivedAMPDUCount = 0
aReceivedOctetsInAMPDUCount = 0
aAMPDUDelimiterCRCErrorCount = 0
aExplicitBARFailureCount = 0
aChannelWidthSwitchCount = 0
aTwentyMHzFrameTransmittedCount = 2118
aFortyMHzFrameTransmittedCount = 0
aTwentyMHzFrameReceivedCount = 7599
aFortyMHzFrameReceivedCount = 0

====== MIB Counters (9.000 sec) ======
aFailedCount = 27
aRetryCount = 146
aFrameDuplicateCount = 0
aRTSSuccessCount = 0
aRTSFailureCount = 0
aACKFailureCount = 0
aFCSErrorCount = 0
aTransmittedFrameCount = 1861
aTransmittedAMSDUCount = 0
aFailedAMSDUCount = 0
aRetryAMSDUCount = 0
aTransmittedOctetsInAMSDUCount = 0
aAMSDUAckFailureCount = 0
aReceivedAMSDUCount = 0
aReceivedOctetsInAMSDUCount = 0
aTransmittedAMPDUCount = 0
aTransmittedMPDUsInAMPDUCount = 0
aTransmittedOctetsInAMPDUCount = 0
aAMPDUReceivedCount = 0
aMPDUInReceivedAMPDUCount = 0
aReceivedOctetsInAMPDUCount = 0
aAMPDUDelimiterCRCErrorCount = 0
aExplicitBARFailureCount = 0
aChannelWidthSwitchCount = 0
aTwentyMHzFrameTransmittedCount = 2436
aFortyMHzFrameTransmittedCount = 0
aTwentyMHzFrameReceivedCount = 8880
aFortyMHzFrameReceivedCount = 0

====== MIB Counters (10.000 sec) ======
aFailedCount = 28
aRetryCount = 163
aFrameDuplicateCount = 0
aRTSSuccessCount = 0
aRTSFailureCount = 0
aACKFailureCount = 0
aFCSErrorCount = 0
aTransmittedFrameCount = 2153
aTransmittedAMSDUCount = 0
aFailedAMSDUCount = 0
aRetryAMSDUCount = 0
aTransmittedOctetsInAMSDUCount = 0
aAMSDUAckFailureCount = 0
aReceivedAMSDUCount = 0
aReceivedOctetsInAMSDUCount = 0
aTransmittedAMPDUCount = 0
aTransmittedMPDUsInAMPDUCount = 0
aTransmittedOctetsInAMPDUCount = 0
aAMPDUReceivedCount = 0
aMPDUInReceivedAMPDUCount = 0
aReceivedOctetsInAMPDUCount = 0
aAMPDUDelimiterCRCErrorCount = 0
aExplicitBARFailureCount = 0
aChannelWidthSwitchCount = 0
aTwentyMHzFrameTransmittedCount = 2764
aFortyMHzFrameTransmittedCount = 0
aTwentyMHzFrameReceivedCount = 10101
aFortyMHzFrameReceivedCount = 0

====== MIB Counters (11.000 sec) ======
aFailedCount = 30
aRetryCount = 197
aFrameDuplicateCount = 0
aRTSSuccessCount = 0
aRTSFailureCount = 0
aACKFailureCount = 0
aFCSErrorCount = 0
aTransmittedFrameCount = 2420
aTransmittedAMSDUCount = 0
aFailedAMSDUCount = 0
aRetryAMSDUCount = 0
aTransmittedOctetsInAMSDUCount = 0
aAMSDUAckFailureCount = 0
aReceivedAMSDUCount = 0
aReceivedOctetsInAMSDUCount = 0
aTransmittedAMPDUCount = 0
aTransmittedMPDUsInAMPDUCount = 0
aTransmittedOctetsInAMPDUCount = 0
aAMPDUReceivedCount = 0
aMPDUInReceivedAMPDUCount = 0
aReceivedOctetsInAMPDUCount = 0
aAMPDUDelimiterCRCErrorCount = 0
aExplicitBARFailureCount = 0
aChannelWidthSwitchCount = 0
aTwentyMHzFrameTransmittedCount = 3097
aFortyMHzFrameTransmittedCount = 0
aTwentyMHzFrameReceivedCount = 11358
aFortyMHzFrameReceivedCount = 0

====== MIB Counters (12.000 sec) ======
aFailedCount = 33
aRetryCount = 219
aFrameDuplicateCount = 0
aRTSSuccessCount = 0
aRTSFailureCount = 0
aACKFailureCount = 0
aFCSErrorCount = 0
aTransmittedFrameCount = 2687
aTransmittedAMSDUCount = 0
aFailedAMSDUCount = 0
aRetryAMSDUCount = 0
aTransmittedOctetsInAMSDUCount = 0
aAMSDUAckFailureCount = 0
aReceivedAMSDUCount = 0
aReceivedOctetsInAMSDUCount = 0
aTransmittedAMPDUCount = 0
aTransmittedMPDUsInAMPDUCount = 0
aTransmittedOctetsInAMPDUCount = 0
aAMPDUReceivedCount = 0
aMPDUInReceivedAMPDUCount = 0
aReceivedOctetsInAMPDUCount = 0
aAMPDUDelimiterCRCErrorCount = 0
aExplicitBARFailureCount = 0
aChannelWidthSwitchCount = 0
aTwentyMHzFrameTransmittedCount = 3424
aFortyMHzFrameTransmittedCount = 0
aTwentyMHzFrameReceivedCount = 12644
aFortyMHzFrameReceivedCount = 0

====== MIB Counters (13.000 sec) ======
aFailedCount = 34
aRetryCount = 241
aFrameDuplicateCount = 0
aRTSSuccessCount = 0
aRTSFailureCount = 0
aACKFailureCount = 0
aFCSErrorCount = 0
aTransmittedFrameCount = 2951
aTransmittedAMSDUCount = 0
aFailedAMSDUCount = 0
aRetryAMSDUCount = 0
aTransmittedOctetsInAMSDUCount = 0
aAMSDUAckFailureCount = 0
aReceivedAMSDUCount = 0
aReceivedOctetsInAMSDUCount = 0
aTransmittedAMPDUCount = 0
aTransmittedMPDUsInAMPDUCount = 0
aTransmittedOctetsInAMPDUCount = 0
aAMPDUReceivedCount = 0
aMPDUInReceivedAMPDUCount = 0
aReceivedOctetsInAMPDUCount = 0
aAMPDUDelimiterCRCErrorCount = 0
aExplicitBARFailureCount = 0
aChannelWidthSwitchCount = 0
aTwentyMHzFrameTransmittedCount = 3740
aFortyMHzFrameTransmittedCount = 0
aTwentyMHzFrameReceivedCount = 13982
aFortyMHzFrameReceivedCount = 0

====== MIB Counters (14.000 sec) ======
aFailedCount = 34
aRetryCount = 279
aFrameDuplicateCount = 0
aRTSSuccessCount = 0
aRTSFailureCount = 0
aACKFailureCount = 0
aFCSErrorCount = 0
aTransmittedFrameCount = 3246
aTransmittedAMSDUCount = 0
aFailedAMSDUCount = 0
aRetryAMSDUCount = 0
aTransmittedOctetsInAMSDUCount = 0
aAMSDUAckFailureCount = 0
aReceivedAMSDUCount = 0
aReceivedOctetsInAMSDUCount = 0
aTransmittedAMPDUCount = 0
aTransmittedMPDUsInAMPDUCount = 0
aTransmittedOctetsInAMPDUCount = 0
aAMPDUReceivedCount = 0
aMPDUInReceivedAMPDUCount = 0
aReceivedOctetsInAMPDUCount = 0
aAMPDUDelimiterCRCErrorCount = 0
aExplicitBARFailureCount = 0
aChannelWidthSwitchCount = 0
aTwentyMHzFrameTransmittedCount = 4075
aFortyMHzFrameTransmittedCount = 0
aTwentyMHzFrameReceivedCount = 15293
aFortyMHzFrameReceivedCount = 0

====== MIB Counters (15.000 sec) ======
aFailedCount = 34
aRetryCount = 309
aFrameDuplicateCount = 0
aRTSSuccessCount = 0
aRTSFailureCount = 0
aACKFailureCount = 0
aFCSErrorCount = 0
aTransmittedFrameCount = 3485
aTransmittedAMSDUCount = 0
aFailedAMSDUCount = 0
aRetryAMSDUCount = 0
aTransmittedOctetsInAMSDUCount = 0
aAMSDUAckFailureCount = 0
aReceivedAMSDUCount = 0
aReceivedOctetsInAMSDUCount = 0
aTransmittedAMPDUCount = 0
aTransmittedMPDUsInAMPDUCount = 0
aTransmittedOctetsInAMPDUCount = 0
aAMPDUReceivedCount = 0
aMPDUInReceivedAMPDUCount = 0
aReceivedOctetsInAMPDUCount = 0
aAMPDUDelimiterCRCErrorCount = 0
aExplicitBARFailureCount = 0
aChannelWidthSwitchCount = 0
aTwentyMHzFrameTransmittedCount = 4383
aFortyMHzFrameTransmittedCount = 0
aTwentyMHzFrameReceivedCount = 16656
aFortyMHzFrameReceivedCount = 0

====== MIB Counters (16.000 sec) ======
aFailedCount = 36
aRetryCount = 340
aFrameDuplicateCount = 0
aRTSSuccessCount = 0
aRTSFailureCount = 0
aACKFailureCount = 0
aFCSErrorCount = 0
aTransmittedFrameCount = 3720
aTransmittedAMSDUCount = 0
aFailedAMSDUCount = 0
aRetryAMSDUCount = 0
aTransmittedOctetsInAMSDUCount = 0
aAMSDUAckFailureCount = 0
aReceivedAMSDUCount = 0
aReceivedOctetsInAMSDUCount = 0
aTransmittedAMPDUCount = 0
aTransmittedMPDUsInAMPDUCount = 0
aTransmittedOctetsInAMPDUCount = 0
aAMPDUReceivedCount = 0
aMPDUInReceivedAMPDUCount = 0
aReceivedOctetsInAMPDUCount = 0
aAMPDUDelimiterCRCErrorCount = 0
aExplicitBARFailureCount = 0
aChannelWidthSwitchCount = 0
aTwentyMHzFrameTransmittedCount = 4678
aFortyMHzFrameTransmittedCount = 0
aTwentyMHzFrameReceivedCount = 18081
aFortyMHzFrameReceivedCount = 0

====== MIB Counters (17.000 sec) ======
aFailedCount = 38
aRetryCount = 363
aFrameDuplicateCount = 0
aRTSSuccessCount = 0
aRTSFailureCount = 0
aACKFailureCount = 0
aFCSErrorCount = 0
aTransmittedFrameCount = 3952
aTransmittedAMSDUCount = 0
aFailedAMSDUCount = 0
aRetryAMSDUCount = 0
aTransmittedOctetsInAMSDUCount = 0
aAMSDUAckFailureCount = 0
aReceivedAMSDUCount = 0
aReceivedOctetsInAMSDUCount = 0
aTransmittedAMPDUCount = 0
aTransmittedMPDUsInAMPDUCount = 0
aTransmittedOctetsInAMPDUCount = 0
aAMPDUReceivedCount = 0
aMPDUInReceivedAMPDUCount = 0
aReceivedOctetsInAMPDUCount = 0
aAMPDUDelimiterCRCErrorCount = 0
aExplicitBARFailureCount = 0
aChannelWidthSwitchCount = 0
aTwentyMHzFrameTransmittedCount = 4987
aFortyMHzFrameTransmittedCount = 0
aTwentyMHzFrameReceivedCount = 19363
aFortyMHzFrameReceivedCount = 0

====== MIB Counters (18.000 sec) ======
aFailedCount = 39
aRetryCount = 445
aFrameDuplicateCount = 0
aRTSSuccessCount = 0
aRTSFailureCount = 0
aACKFailureCount = 0
aFCSErrorCount = 0
aTransmittedFrameCount = 4141
aTransmittedAMSDUCount = 0
aFailedAMSDUCount = 0
aRetryAMSDUCount = 0
aTransmittedOctetsInAMSDUCount = 0
aAMSDUAckFailureCount = 0
aReceivedAMSDUCount = 0
aReceivedOctetsInAMSDUCount = 0
aTransmittedAMPDUCount = 0
aTransmittedMPDUsInAMPDUCount = 0
aTransmittedOctetsInAMPDUCount = 0
aAMPDUReceivedCount = 0
aMPDUInReceivedAMPDUCount = 0
aReceivedOctetsInAMPDUCount = 0
aAMPDUDelimiterCRCErrorCount = 0
aExplicitBARFailureCount = 0
aChannelWidthSwitchCount = 0
aTwentyMHzFrameTransmittedCount = 5347
aFortyMHzFrameTransmittedCount = 0
aTwentyMHzFrameReceivedCount = 20640
aFortyMHzFrameReceivedCount = 0

====== MIB Counters (19.000 sec) ======
aFailedCount = 40
aRetryCount = 524
aFrameDuplicateCount = 0
aRTSSuccessCount = 0
aRTSFailureCount = 0
aACKFailureCount = 0
aFCSErrorCount = 0
aTransmittedFrameCount = 4276
aTransmittedAMSDUCount = 0
aFailedAMSDUCount = 0
aRetryAMSDUCount = 0
aTransmittedOctetsInAMSDUCount = 0
aAMSDUAckFailureCount = 0
aReceivedAMSDUCount = 0
aReceivedOctetsInAMSDUCount = 0
aTransmittedAMPDUCount = 0
aTransmittedMPDUsInAMPDUCount = 0
aTransmittedOctetsInAMPDUCount = 0
aAMPDUReceivedCount = 0
aMPDUInReceivedAMPDUCount = 0
aReceivedOctetsInAMPDUCount = 0
aAMPDUDelimiterCRCErrorCount = 0
aExplicitBARFailureCount = 0
aChannelWidthSwitchCount = 0
aTwentyMHzFrameTransmittedCount = 5672
aFortyMHzFrameTransmittedCount = 0
aTwentyMHzFrameReceivedCount = 22060
aFortyMHzFrameReceivedCount = 0

====== MIB Counters (20.000 sec) ======
aFailedCount = 45
aRetryCount = 553
aFrameDuplicateCount = 0
aRTSSuccessCount = 0
aRTSFailureCount = 0
aACKFailureCount = 0
aFCSErrorCount = 0
aTransmittedFrameCount = 4671
aTransmittedAMSDUCount = 0
aFailedAMSDUCount = 0
aRetryAMSDUCount = 0
aTransmittedOctetsInAMSDUCount = 0
aAMSDUAckFailureCount = 0
aReceivedAMSDUCount = 0
aReceivedOctetsInAMSDUCount = 0
aTransmittedAMPDUCount = 0
aTransmittedMPDUsInAMPDUCount = 0
aTransmittedOctetsInAMPDUCount = 0
aAMPDUReceivedCount = 0
aMPDUInReceivedAMPDUCount = 0
aReceivedOctetsInAMPDUCount = 0
aAMPDUDelimiterCRCErrorCount = 0
aExplicitBARFailureCount = 0
aChannelWidthSwitchCount = 0
aTwentyMHzFrameTransmittedCount = 6158
aFortyMHzFrameTransmittedCount = 0
aTwentyMHzFrameReceivedCount = 23146
aFortyMHzFrameReceivedCount = 0

====== MIB Counters (21.000 sec) ======
aFailedCount = 45
aRetryCount = 578
aFrameDuplicateCount = 0
aRTSSuccessCount = 0
aRTSFailureCount = 0
aACKFailureCount = 0
aFCSErrorCount = 0
aTransmittedFrameCount = 5144
aTransmittedAMSDUCount = 0
aFailedAMSDUCount = 0
aRetryAMSDUCount = 0
aTransmittedOctetsInAMSDUCount = 0
aAMSDUAckFailureCount = 0
aReceivedAMSDUCount = 0
aReceivedOctetsInAMSDUCount = 0
aTransmittedAMPDUCount = 0
aTransmittedMPDUsInAMPDUCount = 0
aTransmittedOctetsInAMPDUCount = 0
aAMPDUReceivedCount = 0
aMPDUInReceivedAMPDUCount = 0
aReceivedOctetsInAMPDUCount = 0
aAMPDUDelimiterCRCErrorCount = 0
aExplicitBARFailureCount = 0
aChannelWidthSwitchCount = 0
aTwentyMHzFrameTransmittedCount = 6706
aFortyMHzFrameTransmittedCount = 0
aTwentyMHzFrameReceivedCount = 24075
aFortyMHzFrameReceivedCount = 0

====== MIB Counters (22.000 sec) ======
aFailedCount = 45
aRetryCount = 591
aFrameDuplicateCount = 0
aRTSSuccessCount = 0
aRTSFailureCount = 0
aACKFailureCount = 0
aFCSErrorCount = 0
aTransmittedFrameCount = 5675
aTransmittedAMSDUCount = 0
aFailedAMSDUCount = 0
aRetryAMSDUCount = 0
aTransmittedOctetsInAMSDUCount = 0
aAMSDUAckFailureCount = 0
aReceivedAMSDUCount = 0
aReceivedOctetsInAMSDUCount = 0
aTransmittedAMPDUCount = 0
aTransmittedMPDUsInAMPDUCount = 0
aTransmittedOctetsInAMPDUCount = 0
aAMPDUReceivedCount = 0
aMPDUInReceivedAMPDUCount = 0
aReceivedOctetsInAMPDUCount = 0
aAMPDUDelimiterCRCErrorCount = 0
aExplicitBARFailureCount = 0
aChannelWidthSwitchCount = 0
aTwentyMHzFrameTransmittedCount = 7276
aFortyMHzFrameTransmittedCount = 0
aTwentyMHzFrameReceivedCount = 25001
aFortyMHzFrameReceivedCount = 0

====== MIB Counters (23.000 sec) ======
aFailedCount = 46
aRetryCount = 598
aFrameDuplicateCount = 0
aRTSSuccessCount = 0
aRTSFailureCount = 0
aACKFailureCount = 0
aFCSErrorCount = 0
aTransmittedFrameCount = 6224
aTransmittedAMSDUCount = 0
aFailedAMSDUCount = 0
aRetryAMSDUCount = 0
aTransmittedOctetsInAMSDUCount = 0
aAMSDUAckFailureCount = 0
aReceivedAMSDUCount = 0
aReceivedOctetsInAMSDUCount = 0
aTransmittedAMPDUCount = 0
aTransmittedMPDUsInAMPDUCount = 0
aTransmittedOctetsInAMPDUCount = 0
aAMPDUReceivedCount = 0
aMPDUInReceivedAMPDUCount = 0
aReceivedOctetsInAMPDUCount = 0
aAMPDUDelimiterCRCErrorCount = 0
aExplicitBARFailureCount = 0
aChannelWidthSwitchCount = 0
aTwentyMHzFrameTransmittedCount = 7851
aFortyMHzFrameTransmittedCount = 0
aTwentyMHzFrameReceivedCount = 25943
aFortyMHzFrameReceivedCount = 0

====== MIB Counters (24.000 sec) ======
aFailedCount = 46
aRetryCount = 600
aFrameDuplicateCount = 0
aRTSSuccessCount = 0
aRTSFailureCount = 0
aACKFailureCount = 0
aFCSErrorCount = 0
aTransmittedFrameCount = 6836
aTransmittedAMSDUCount = 0
aFailedAMSDUCount = 0
aRetryAMSDUCount = 0
aTransmittedOctetsInAMSDUCount = 0
aAMSDUAckFailureCount = 0
aReceivedAMSDUCount = 0
aReceivedOctetsInAMSDUCount = 0
aTransmittedAMPDUCount = 0
aTransmittedMPDUsInAMPDUCount = 0
aTransmittedOctetsInAMPDUCount = 0
aAMPDUReceivedCount = 0
aMPDUInReceivedAMPDUCount = 0
aReceivedOctetsInAMPDUCount = 0
aAMPDUDelimiterCRCErrorCount = 0
aExplicitBARFailureCount = 0
aChannelWidthSwitchCount = 0
aTwentyMHzFrameTransmittedCount = 8465
aFortyMHzFrameTransmittedCount = 0
aTwentyMHzFrameReceivedCount = 26804
aFortyMHzFrameReceivedCount = 0

====== MIB Counters (25.000 sec) ======
aFailedCount = 46
aRetryCount = 623
aFrameDuplicateCount = 0
aRTSSuccessCount = 0
aRTSFailureCount = 0
aACKFailureCount = 0
aFCSErrorCount = 0
aTransmittedFrameCount = 7347
aTransmittedAMSDUCount = 0
aFailedAMSDUCount = 0
aRetryAMSDUCount = 0
aTransmittedOctetsInAMSDUCount = 0
aAMSDUAckFailureCount = 0
aReceivedAMSDUCount = 0
aReceivedOctetsInAMSDUCount = 0
aTransmittedAMPDUCount = 0
aTransmittedMPDUsInAMPDUCount = 0
aTransmittedOctetsInAMPDUCount = 0
aAMPDUReceivedCount = 0
aMPDUInReceivedAMPDUCount = 0
aReceivedOctetsInAMPDUCount = 0
aAMPDUDelimiterCRCErrorCount = 0
aExplicitBARFailureCount = 0
aChannelWidthSwitchCount = 0
aTwentyMHzFrameTransmittedCount = 9033
aFortyMHzFrameTransmittedCount = 0
aTwentyMHzFrameReceivedCount = 27732
aFortyMHzFrameReceivedCount = 0

====== MIB Counters (26.000 sec) ======
aFailedCount = 46
aRetryCount = 641
aFrameDuplicateCount = 0
aRTSSuccessCount = 0
aRTSFailureCount = 0
aACKFailureCount = 0
aFCSErrorCount = 0
aTransmittedFrameCount = 7873
aTransmittedAMSDUCount = 0
aFailedAMSDUCount = 0
aRetryAMSDUCount = 0
aTransmittedOctetsInAMSDUCount = 0
aAMSDUAckFailureCount = 0
aReceivedAMSDUCount = 0
aReceivedOctetsInAMSDUCount = 0
aTransmittedAMPDUCount = 0
aTransmittedMPDUsInAMPDUCount = 0
aTransmittedOctetsInAMPDUCount = 0
aAMPDUReceivedCount = 0
aMPDUInReceivedAMPDUCount = 0
aReceivedOctetsInAMPDUCount = 0
aAMPDUDelimiterCRCErrorCount = 0
aExplicitBARFailureCount = 0
aChannelWidthSwitchCount = 0
aTwentyMHzFrameTransmittedCount = 9606
aFortyMHzFrameTransmittedCount = 0
aTwentyMHzFrameReceivedCount = 28701
aFortyMHzFrameReceivedCount = 0

====== MIB Counters (27.000 sec) ======
aFailedCount = 46
aRetryCount = 665
aFrameDuplicateCount = 0
aRTSSuccessCount = 0
aRTSFailureCount = 0
aACKFailureCount = 0
aFCSErrorCount = 0
aTransmittedFrameCount = 8391
aTransmittedAMSDUCount = 0
aFailedAMSDUCount = 0
aRetryAMSDUCount = 0
aTransmittedOctetsInAMSDUCount = 0
aAMSDUAckFailureCount = 0
aReceivedAMSDUCount = 0
aReceivedOctetsInAMSDUCount = 0
aTransmittedAMPDUCount = 0
aTransmittedMPDUsInAMPDUCount = 0
aTransmittedOctetsInAMPDUCount = 0
aAMPDUReceivedCount = 0
aMPDUInReceivedAMPDUCount = 0
aReceivedOctetsInAMPDUCount = 0
aAMPDUDelimiterCRCErrorCount = 0
aExplicitBARFailureCount = 0
aChannelWidthSwitchCount = 0
aTwentyMHzFrameTransmittedCount = 10182
aFortyMHzFrameTransmittedCount = 0
aTwentyMHzFrameReceivedCount = 29629
aFortyMHzFrameReceivedCount = 0

====== MIB Counters (28.000 sec) ======
aFailedCount = 46
aRetryCount = 670
aFrameDuplicateCount = 0
aRTSSuccessCount = 0
aRTSFailureCount = 0
aACKFailureCount = 0
aFCSErrorCount = 0
aTransmittedFrameCount = 8983
aTransmittedAMSDUCount = 0
aFailedAMSDUCount = 0
aRetryAMSDUCount = 0
aTransmittedOctetsInAMSDUCount = 0
aAMSDUAckFailureCount = 0
aReceivedAMSDUCount = 0
aReceivedOctetsInAMSDUCount = 0
aTransmittedAMPDUCount = 0
aTransmittedMPDUsInAMPDUCount = 0
aTransmittedOctetsInAMPDUCount = 0
aAMPDUReceivedCount = 0
aMPDUInReceivedAMPDUCount = 0
aReceivedOctetsInAMPDUCount = 0
aAMPDUDelimiterCRCErrorCount = 0
aExplicitBARFailureCount = 0
aChannelWidthSwitchCount = 0
aTwentyMHzFrameTransmittedCount = 10787
aFortyMHzFrameTransmittedCount = 0
aTwentyMHzFrameReceivedCount = 30520
aFortyMHzFrameReceivedCount = 0

====== MIB Counters (29.000 sec) ======
aFailedCount = 47
aRetryCount = 696
aFrameDuplicateCount = 0
aRTSSuccessCount = 0
aRTSFailureCount = 0
aACKFailureCount = 0
aFCSErrorCount = 0
aTransmittedFrameCount = 9481
aTransmittedAMSDUCount = 0
aFailedAMSDUCount = 0
aRetryAMSDUCount = 0
aTransmittedOctetsInAMSDUCount = 0
aAMSDUAckFailureCount = 0
aReceivedAMSDUCount = 0
aReceivedOctetsInAMSDUCount = 0
aTransmittedAMPDUCount = 0
aTransmittedMPDUsInAMPDUCount = 0
aTransmittedOctetsInAMPDUCount = 0
aAMPDUReceivedCount = 0
aMPDUInReceivedAMPDUCount = 0
aReceivedOctetsInAMPDUCount = 0
aAMPDUDelimiterCRCErrorCount = 0
aExplicitBARFailureCount = 0
aChannelWidthSwitchCount = 0
aTwentyMHzFrameTransmittedCount = 11350
aFortyMHzFrameTransmittedCount = 0
aTwentyMHzFrameReceivedCount = 31534
aFortyMHzFrameReceivedCount = 0

====== MIB Counters (30.000 sec) ======
aFailedCount = 60
aRetryCount = 710
aFrameDuplicateCount = 0
aRTSSuccessCount = 0
aRTSFailureCount = 0
aACKFailureCount = 0
aFCSErrorCount = 0
aTransmittedFrameCount = 9778
aTransmittedAMSDUCount = 0
aFailedAMSDUCount = 0
aRetryAMSDUCount = 0
aTransmittedOctetsInAMSDUCount = 0
aAMSDUAckFailureCount = 0
aReceivedAMSDUCount = 0
aReceivedOctetsInAMSDUCount = 0
aTransmittedAMPDUCount = 0
aTransmittedMPDUsInAMPDUCount = 0
aTransmittedOctetsInAMPDUCount = 0
aAMPDUReceivedCount = 0
aMPDUInReceivedAMPDUCount = 0
aReceivedOctetsInAMPDUCount = 0
aAMPDUDelimiterCRCErrorCount = 0
aExplicitBARFailureCount = 0
aChannelWidthSwitchCount = 0
aTwentyMHzFrameTransmittedCount = 11786
aFortyMHzFrameTransmittedCount = 0
aTwentyMHzFrameReceivedCount = 32627
aFortyMHzFrameReceivedCount = 0

====== MIB Counters (31.000 sec) ======
aFailedCount = 71
aRetryCount = 734
aFrameDuplicateCount = 0
aRTSSuccessCount = 0
aRTSFailureCount = 0
aACKFailureCount = 0
aFCSErrorCount = 0
aTransmittedFrameCount = 10013
aTransmittedAMSDUCount = 0
aFailedAMSDUCount = 0
aRetryAMSDUCount = 0
aTransmittedOctetsInAMSDUCount = 0
aAMSDUAckFailureCount = 0
aReceivedAMSDUCount = 0
aReceivedOctetsInAMSDUCount = 0
aTransmittedAMPDUCount = 0
aTransmittedMPDUsInAMPDUCount = 0
aTransmittedOctetsInAMPDUCount = 0
aAMPDUReceivedCount = 0
aMPDUInReceivedAMPDUCount = 0
aReceivedOctetsInAMPDUCount = 0
aAMPDUDelimiterCRCErrorCount = 0
aExplicitBARFailureCount = 0
aChannelWidthSwitchCount = 0
aTwentyMHzFrameTransmittedCount = 12178
aFortyMHzFrameTransmittedCount = 0
aTwentyMHzFrameReceivedCount = 34029
aFortyMHzFrameReceivedCount = 0

====== MIB Counters (32.000 sec) ======
aFailedCount = 81
aRetryCount = 753
aFrameDuplicateCount = 0
aRTSSuccessCount = 0
aRTSFailureCount = 0
aACKFailureCount = 0
aFCSErrorCount = 0
aTransmittedFrameCount = 10318
aTransmittedAMSDUCount = 0
aFailedAMSDUCount = 0
aRetryAMSDUCount = 0
aTransmittedOctetsInAMSDUCount = 0
aAMSDUAckFailureCount = 0
aReceivedAMSDUCount = 0
aReceivedOctetsInAMSDUCount = 0
aTransmittedAMPDUCount = 0
aTransmittedMPDUsInAMPDUCount = 0
aTransmittedOctetsInAMPDUCount = 0
aAMPDUReceivedCount = 0
aMPDUInReceivedAMPDUCount = 0
aReceivedOctetsInAMPDUCount = 0
aAMPDUDelimiterCRCErrorCount = 0
aExplicitBARFailureCount = 0
aChannelWidthSwitchCount = 0
aTwentyMHzFrameTransmittedCount = 12609
aFortyMHzFrameTransmittedCount = 0
aTwentyMHzFrameReceivedCount = 35225
aFortyMHzFrameReceivedCount = 0

====== MIB Counters (33.000 sec) ======
aFailedCount = 90
aRetryCount = 792
aFrameDuplicateCount = 0
aRTSSuccessCount = 0
aRTSFailureCount = 0
aACKFailureCount = 0
aFCSErrorCount = 0
aTransmittedFrameCount = 10503
aTransmittedAMSDUCount = 0
aFailedAMSDUCount = 0
aRetryAMSDUCount = 0
aTransmittedOctetsInAMSDUCount = 0
aAMSDUAckFailureCount = 0
aReceivedAMSDUCount = 0
aReceivedOctetsInAMSDUCount = 0
aTransmittedAMPDUCount = 0
aTransmittedMPDUsInAMPDUCount = 0
aTransmittedOctetsInAMPDUCount = 0
aAMPDUReceivedCount = 0
aMPDUInReceivedAMPDUCount = 0
aReceivedOctetsInAMPDUCount = 0
aAMPDUDelimiterCRCErrorCount = 0
aExplicitBARFailureCount = 0
aChannelWidthSwitchCount = 0
aTwentyMHzFrameTransmittedCount = 12954
aFortyMHzFrameTransmittedCount = 0
aTwentyMHzFrameReceivedCount = 36498
aFortyMHzFrameReceivedCount = 0

====== MIB Counters (34.000 sec) ======
aFailedCount = 104
aRetryCount = 855
aFrameDuplicateCount = 0
aRTSSuccessCount = 0
aRTSFailureCount = 0
aACKFailureCount = 0
aFCSErrorCount = 0
aTransmittedFrameCount = 10593
aTransmittedAMSDUCount = 0
aFailedAMSDUCount = 0
aRetryAMSDUCount = 0
aTransmittedOctetsInAMSDUCount = 0
aAMSDUAckFailureCount = 0
aReceivedAMSDUCount = 0
aReceivedOctetsInAMSDUCount = 0
aTransmittedAMPDUCount = 0
aTransmittedMPDUsInAMPDUCount = 0
aTransmittedOctetsInAMPDUCount = 0
aAMPDUReceivedCount = 0
aMPDUInReceivedAMPDUCount = 0
aReceivedOctetsInAMPDUCount = 0
aAMPDUDelimiterCRCErrorCount = 0
aExplicitBARFailureCount = 0
aChannelWidthSwitchCount = 0
aTwentyMHzFrameTransmittedCount = 13252
aFortyMHzFrameTransmittedCount = 0
aTwentyMHzFrameReceivedCount = 37823
aFortyMHzFrameReceivedCount = 0

====== MIB Counters (35.000 sec) ======
aFailedCount = 112
aRetryCount = 900
aFrameDuplicateCount = 0
aRTSSuccessCount = 0
aRTSFailureCount = 0
aACKFailureCount = 0
aFCSErrorCount = 0
aTransmittedFrameCount = 10802
aTransmittedAMSDUCount = 0
aFailedAMSDUCount = 0
aRetryAMSDUCount = 0
aTransmittedOctetsInAMSDUCount = 0
aAMSDUAckFailureCount = 0
aReceivedAMSDUCount = 0
aReceivedOctetsInAMSDUCount = 0
aTransmittedAMPDUCount = 0
aTransmittedMPDUsInAMPDUCount = 0
aTransmittedOctetsInAMPDUCount = 0
aAMPDUReceivedCount = 0
aMPDUInReceivedAMPDUCount = 0
aReceivedOctetsInAMPDUCount = 0
aAMPDUDelimiterCRCErrorCount = 0
aExplicitBARFailureCount = 0
aChannelWidthSwitchCount = 0
aTwentyMHzFrameTransmittedCount = 13621
aFortyMHzFrameTransmittedCount = 0
aTwentyMHzFrameReceivedCount = 39039
aFortyMHzFrameReceivedCount = 0

====== MIB Counters (36.000 sec) ======
aFailedCount = 122
aRetryCount = 926
aFrameDuplicateCount = 0
aRTSSuccessCount = 0
aRTSFailureCount = 0
aACKFailureCount = 0
aFCSErrorCount = 0
aTransmittedFrameCount = 10974
aTransmittedAMSDUCount = 0
aFailedAMSDUCount = 0
aRetryAMSDUCount = 0
aTransmittedOctetsInAMSDUCount = 0
aAMSDUAckFailureCount = 0
aReceivedAMSDUCount = 0
aReceivedOctetsInAMSDUCount = 0
aTransmittedAMPDUCount = 0
aTransmittedMPDUsInAMPDUCount = 0
aTransmittedOctetsInAMPDUCount = 0
aAMPDUReceivedCount = 0
aMPDUInReceivedAMPDUCount = 0
aReceivedOctetsInAMPDUCount = 0
aAMPDUDelimiterCRCErrorCount = 0
aExplicitBARFailureCount = 0
aChannelWidthSwitchCount = 0
aTwentyMHzFrameTransmittedCount = 13929
aFortyMHzFrameTransmittedCount = 0
aTwentyMHzFrameReceivedCount = 40292
aFortyMHzFrameReceivedCount = 0

====== MIB Counters (37.000 sec) ======
aFailedCount = 127
aRetryCount = 946
aFrameDuplicateCount = 0
aRTSSuccessCount = 0
aRTSFailureCount = 0
aACKFailureCount = 0
aFCSErrorCount = 0
aTransmittedFrameCount = 11291
aTransmittedAMSDUCount = 0
aFailedAMSDUCount = 0
aRetryAMSDUCount = 0
aTransmittedOctetsInAMSDUCount = 0
aAMSDUAckFailureCount = 0
aReceivedAMSDUCount = 0
aReceivedOctetsInAMSDUCount = 0
aTransmittedAMPDUCount = 0
aTransmittedMPDUsInAMPDUCount = 0
aTransmittedOctetsInAMPDUCount = 0
aAMPDUReceivedCount = 0
aMPDUInReceivedAMPDUCount = 0
aReceivedOctetsInAMPDUCount = 0
aAMPDUDelimiterCRCErrorCount = 0
aExplicitBARFailureCount = 0
aChannelWidthSwitchCount = 0
aTwentyMHzFrameTransmittedCount = 14327
aFortyMHzFrameTransmittedCount = 0
aTwentyMHzFrameReceivedCount = 41411
aFortyMHzFrameReceivedCount = 0

====== MIB Counters (38.000 sec) ======
aFailedCount = 134
aRetryCount = 971
aFrameDuplicateCount = 0
aRTSSuccessCount = 0
aRTSFailureCount = 0
aACKFailureCount = 0
aFCSErrorCount = 0
aTransmittedFrameCount = 11537
aTransmittedAMSDUCount = 0
aFailedAMSDUCount = 0
aRetryAMSDUCount = 0
aTransmittedOctetsInAMSDUCount = 0
aAMSDUAckFailureCount = 0
aReceivedAMSDUCount = 0
aReceivedOctetsInAMSDUCount = 0
aTransmittedAMPDUCount = 0
aTransmittedMPDUsInAMPDUCount = 0
aTransmittedOctetsInAMPDUCount = 0
aAMPDUReceivedCount = 0
aMPDUInReceivedAMPDUCount = 0
aReceivedOctetsInAMPDUCount = 0
aAMPDUDelimiterCRCErrorCount = 0
aExplicitBARFailureCount = 0
aChannelWidthSwitchCount = 0
aTwentyMHzFrameTransmittedCount = 14689
aFortyMHzFrameTransmittedCount = 0
aTwentyMHzFrameReceivedCount = 42685
aFortyMHzFrameReceivedCount = 0

====== MIB Counters (39.000 sec) ======
aFailedCount = 145
aRetryCount = 1017
aFrameDuplicateCount = 0
aRTSSuccessCount = 0
aRTSFailureCount = 0
aACKFailureCount = 0
aFCSErrorCount = 0
aTransmittedFrameCount = 11692
aTransmittedAMSDUCount = 0
aFailedAMSDUCount = 0
aRetryAMSDUCount = 0
aTransmittedOctetsInAMSDUCount = 0
aAMSDUAckFailureCount = 0
aReceivedAMSDUCount = 0
aReceivedOctetsInAMSDUCount = 0
aTransmittedAMPDUCount = 0
aTransmittedMPDUsInAMPDUCount = 0
aTransmittedOctetsInAMPDUCount = 0
aAMPDUReceivedCount = 0
aMPDUInReceivedAMPDUCount = 0
aReceivedOctetsInAMPDUCount = 0
aAMPDUDelimiterCRCErrorCount = 0
aExplicitBARFailureCount = 0
aChannelWidthSwitchCount = 0
aTwentyMHzFrameTransmittedCount = 15025
aFortyMHzFrameTransmittedCount = 0
aTwentyMHzFrameReceivedCount = 44187
aFortyMHzFrameReceivedCount = 0

====== MIB Counters (40.000 sec) ======
aFailedCount = 151
aRetryCount = 1054
aFrameDuplicateCount = 0
aRTSSuccessCount = 0
aRTSFailureCount = 0
aACKFailureCount = 0
aFCSErrorCount = 0
aTransmittedFrameCount = 11920
aTransmittedAMSDUCount = 0
aFailedAMSDUCount = 0
aRetryAMSDUCount = 0
aTransmittedOctetsInAMSDUCount = 0
aAMSDUAckFailureCount = 0
aReceivedAMSDUCount = 0
aReceivedOctetsInAMSDUCount = 0
aTransmittedAMPDUCount = 0
aTransmittedMPDUsInAMPDUCount = 0
aTransmittedOctetsInAMPDUCount = 0
aAMPDUReceivedCount = 0
aMPDUInReceivedAMPDUCount = 0
aReceivedOctetsInAMPDUCount = 0
aAMPDUDelimiterCRCErrorCount = 0
aExplicitBARFailureCount = 0
aChannelWidthSwitchCount = 0
aTwentyMHzFrameTransmittedCount = 15400
aFortyMHzFrameTransmittedCount = 0
aTwentyMHzFrameReceivedCount = 45139
aFortyMHzFrameReceivedCount = 0

====== MIB Counters (41.000 sec) ======
aFailedCount = 159
aRetryCount = 1089
aFrameDuplicateCount = 0
aRTSSuccessCount = 0
aRTSFailureCount = 0
aACKFailureCount = 0
aFCSErrorCount = 0
aTransmittedFrameCount = 12007
aTransmittedAMSDUCount = 0
aFailedAMSDUCount = 0
aRetryAMSDUCount = 0
aTransmittedOctetsInAMSDUCount = 0
aAMSDUAckFailureCount = 0
aReceivedAMSDUCount = 0
aReceivedOctetsInAMSDUCount = 0
aTransmittedAMPDUCount = 0
aTransmittedMPDUsInAMPDUCount = 0
aTransmittedOctetsInAMPDUCount = 0
aAMPDUReceivedCount = 0
aMPDUInReceivedAMPDUCount = 0
aReceivedOctetsInAMPDUCount = 0
aAMPDUDelimiterCRCErrorCount = 0
aExplicitBARFailureCount = 0
aChannelWidthSwitchCount = 0
aTwentyMHzFrameTransmittedCount = 15627
aFortyMHzFrameTransmittedCount = 0
aTwentyMHzFrameReceivedCount = 46028
aFortyMHzFrameReceivedCount = 0

====== MIB Counters (42.000 sec) ======
aFailedCount = 166
aRetryCount = 1129
aFrameDuplicateCount = 0
aRTSSuccessCount = 0
aRTSFailureCount = 0
aACKFailureCount = 0
aFCSErrorCount = 0
aTransmittedFrameCount = 12090
aTransmittedAMSDUCount = 0
aFailedAMSDUCount = 0
aRetryAMSDUCount = 0
aTransmittedOctetsInAMSDUCount = 0
aAMSDUAckFailureCount = 0
aReceivedAMSDUCount = 0
aReceivedOctetsInAMSDUCount = 0
aTransmittedAMPDUCount = 0
aTransmittedMPDUsInAMPDUCount = 0
aTransmittedOctetsInAMPDUCount = 0
aAMPDUReceivedCount = 0
aMPDUInReceivedAMPDUCount = 0
aReceivedOctetsInAMPDUCount = 0
aAMPDUDelimiterCRCErrorCount = 0
aExplicitBARFailureCount = 0
aChannelWidthSwitchCount = 0
aTwentyMHzFrameTransmittedCount = 15871
aFortyMHzFrameTransmittedCount = 0
aTwentyMHzFrameReceivedCount = 46852
aFortyMHzFrameReceivedCount = 0

====== MIB Counters (43.000 sec) ======
aFailedCount = 171
aRetryCount = 1151
aFrameDuplicateCount = 0
aRTSSuccessCount = 0
aRTSFailureCount = 0
aACKFailureCount = 0
aFCSErrorCount = 0
aTransmittedFrameCount = 12142
aTransmittedAMSDUCount = 0
aFailedAMSDUCount = 0
aRetryAMSDUCount = 0
aTransmittedOctetsInAMSDUCount = 0
aAMSDUAckFailureCount = 0
aReceivedAMSDUCount = 0
aReceivedOctetsInAMSDUCount = 0
aTransmittedAMPDUCount = 0
aTransmittedMPDUsInAMPDUCount = 0
aTransmittedOctetsInAMPDUCount = 0
aAMPDUReceivedCount = 0
aMPDUInReceivedAMPDUCount = 0
aReceivedOctetsInAMPDUCount = 0
aAMPDUDelimiterCRCErrorCount = 0
aExplicitBARFailureCount = 0
aChannelWidthSwitchCount = 0
aTwentyMHzFrameTransmittedCount = 16033
aFortyMHzFrameTransmittedCount = 0
aTwentyMHzFrameReceivedCount = 48232
aFortyMHzFrameReceivedCount = 0

====== MIB Counters (44.000 sec) ======
aFailedCount = 174
aRetryCount = 1176
aFrameDuplicateCount = 0
aRTSSuccessCount = 0
aRTSFailureCount = 0
aACKFailureCount = 0
aFCSErrorCount = 0
aTransmittedFrameCount = 12270
aTransmittedAMSDUCount = 0
aFailedAMSDUCount = 0
aRetryAMSDUCount = 0
aTransmittedOctetsInAMSDUCount = 0
aAMSDUAckFailureCount = 0
aReceivedAMSDUCount = 0
aReceivedOctetsInAMSDUCount = 0
aTransmittedAMPDUCount = 0
aTransmittedMPDUsInAMPDUCount = 0
aTransmittedOctetsInAMPDUCount = 0
aAMPDUReceivedCount = 0
aMPDUInReceivedAMPDUCount = 0
aReceivedOctetsInAMPDUCount = 0
aAMPDUDelimiterCRCErrorCount = 0
aExplicitBARFailureCount = 0
aChannelWidthSwitchCount = 0
aTwentyMHzFrameTransmittedCount = 16254
aFortyMHzFrameTransmittedCount = 0
aTwentyMHzFrameReceivedCount = 49214
aFortyMHzFrameReceivedCount = 0

====== MIB Counters (45.000 sec) ======
aFailedCount = 175
aRetryCount = 1198
aFrameDuplicateCount = 0
aRTSSuccessCount = 0
aRTSFailureCount = 0
aACKFailureCount = 0
aFCSErrorCount = 0
aTransmittedFrameCount = 12474
aTransmittedAMSDUCount = 0
aFailedAMSDUCount = 0
aRetryAMSDUCount = 0
aTransmittedOctetsInAMSDUCount = 0
aAMSDUAckFailureCount = 0
aReceivedAMSDUCount = 0
aReceivedOctetsInAMSDUCount = 0
aTransmittedAMPDUCount = 0
aTransmittedMPDUsInAMPDUCount = 0
aTransmittedOctetsInAMPDUCount = 0
aAMPDUReceivedCount = 0
aMPDUInReceivedAMPDUCount = 0
aReceivedOctetsInAMPDUCount = 0
aAMPDUDelimiterCRCErrorCount = 0
aExplicitBARFailureCount = 0
aChannelWidthSwitchCount = 0
aTwentyMHzFrameTransmittedCount = 16509
aFortyMHzFrameTransmittedCount = 0
aTwentyMHzFrameReceivedCount = 50321
aFortyMHzFrameReceivedCount = 0

====== MIB Counters (46.000 sec) ======
aFailedCount = 177
aRetryCount = 1210
aFrameDuplicateCount = 0
aRTSSuccessCount = 0
aRTSFailureCount = 0
aACKFailureCount = 0
aFCSErrorCount = 0
aTransmittedFrameCount = 12673
aTransmittedAMSDUCount = 0
aFailedAMSDUCount = 0
aRetryAMSDUCount = 0
aTransmittedOctetsInAMSDUCount = 0
aAMSDUAckFailureCount = 0
aReceivedAMSDUCount = 0
aReceivedOctetsInAMSDUCount = 0
aTransmittedAMPDUCount = 0
aTransmittedMPDUsInAMPDUCount = 0
aTransmittedOctetsInAMPDUCount = 0
aAMPDUReceivedCount = 0
aMPDUInReceivedAMPDUCount = 0
aReceivedOctetsInAMPDUCount = 0
aAMPDUDelimiterCRCErrorCount = 0
aExplicitBARFailureCount = 0
aChannelWidthSwitchCount = 0
aTwentyMHzFrameTransmittedCount = 16742
aFortyMHzFrameTransmittedCount = 0
aTwentyMHzFrameReceivedCount = 51441
aFortyMHzFrameReceivedCount = 0

====== MIB Counters (47.000 sec) ======
aFailedCount = 177
aRetryCount = 1243
aFrameDuplicateCount = 0
aRTSSuccessCount = 0
aRTSFailureCount = 0
aACKFailureCount = 0
aFCSErrorCount = 0
aTransmittedFrameCount = 12967
aTransmittedAMSDUCount = 0
aFailedAMSDUCount = 0
aRetryAMSDUCount = 0
aTransmittedOctetsInAMSDUCount = 0
aAMSDUAckFailureCount = 0
aReceivedAMSDUCount = 0
aReceivedOctetsInAMSDUCount = 0
aTransmittedAMPDUCount = 0
aTransmittedMPDUsInAMPDUCount = 0
aTransmittedOctetsInAMPDUCount = 0
aAMPDUReceivedCount = 0
aMPDUInReceivedAMPDUCount = 0
aReceivedOctetsInAMPDUCount = 0
aAMPDUDelimiterCRCErrorCount = 0
aExplicitBARFailureCount = 0
aChannelWidthSwitchCount = 0
aTwentyMHzFrameTransmittedCount = 17097
aFortyMHzFrameTransmittedCount = 0
aTwentyMHzFrameReceivedCount = 52796
aFortyMHzFrameReceivedCount = 0

====== MIB Counters (48.000 sec) ======
aFailedCount = 177
aRetryCount = 1270
aFrameDuplicateCount = 0
aRTSSuccessCount = 0
aRTSFailureCount = 0
aACKFailureCount = 0
aFCSErrorCount = 0
aTransmittedFrameCount = 13219
aTransmittedAMSDUCount = 0
aFailedAMSDUCount = 0
aRetryAMSDUCount = 0
aTransmittedOctetsInAMSDUCount = 0
aAMSDUAckFailureCount = 0
aReceivedAMSDUCount = 0
aReceivedOctetsInAMSDUCount = 0
aTransmittedAMPDUCount = 0
aTransmittedMPDUsInAMPDUCount = 0
aTransmittedOctetsInAMPDUCount = 0
aAMPDUReceivedCount = 0
aMPDUInReceivedAMPDUCount = 0
aReceivedOctetsInAMPDUCount = 0
aAMPDUDelimiterCRCErrorCount = 0
aExplicitBARFailureCount = 0
aChannelWidthSwitchCount = 0
aTwentyMHzFrameTransmittedCount = 17389
aFortyMHzFrameTransmittedCount = 0
aTwentyMHzFrameReceivedCount = 54349
aFortyMHzFrameReceivedCount = 0

====== MIB Counters (49.000 sec) ======
aFailedCount = 179
aRetryCount = 1301
aFrameDuplicateCount = 0
aRTSSuccessCount = 0
aRTSFailureCount = 0
aACKFailureCount = 0
aFCSErrorCount = 0
aTransmittedFrameCount = 13357
aTransmittedAMSDUCount = 0
aFailedAMSDUCount = 0
aRetryAMSDUCount = 0
aTransmittedOctetsInAMSDUCount = 0
aAMSDUAckFailureCount = 0
aReceivedAMSDUCount = 0
aReceivedOctetsInAMSDUCount = 0
aTransmittedAMPDUCount = 0
aTransmittedMPDUsInAMPDUCount = 0
aTransmittedOctetsInAMPDUCount = 0
aAMPDUReceivedCount = 0
aMPDUInReceivedAMPDUCount = 0
aReceivedOctetsInAMPDUCount = 0
aAMPDUDelimiterCRCErrorCount = 0
aExplicitBARFailureCount = 0
aChannelWidthSwitchCount = 0
aTwentyMHzFrameTransmittedCount = 17599
aFortyMHzFrameTransmittedCount = 0
aTwentyMHzFrameReceivedCount = 56107
aFortyMHzFrameReceivedCount = 0

====== MIB Counters (50.000 sec) ======
aFailedCount = 180
aRetryCount = 1319
aFrameDuplicateCount = 0
aRTSSuccessCount = 0
aRTSFailureCount = 0
aACKFailureCount = 0
aFCSErrorCount = 0
aTransmittedFrameCount = 13593
aTransmittedAMSDUCount = 0
aFailedAMSDUCount = 0
aRetryAMSDUCount = 0
aTransmittedOctetsInAMSDUCount = 0
aAMSDUAckFailureCount = 0
aReceivedAMSDUCount = 0
aReceivedOctetsInAMSDUCount = 0
aTransmittedAMPDUCount = 0
aTransmittedMPDUsInAMPDUCount = 0
aTransmittedOctetsInAMPDUCount = 0
aAMPDUReceivedCount = 0
aMPDUInReceivedAMPDUCount = 0
aReceivedOctetsInAMPDUCount = 0
aAMPDUDelimiterCRCErrorCount = 0
aExplicitBARFailureCount = 0
aChannelWidthSwitchCount = 0
aTwentyMHzFrameTransmittedCount = 17871
aFortyMHzFrameTransmittedCount = 0
aTwentyMHzFrameReceivedCount = 57493
aFortyMHzFrameReceivedCount = 0

====== MIB Counters (51.000 sec) ======
aFailedCount = 183
aRetryCount = 1342
aFrameDuplicateCount = 0
aRTSSuccessCount = 0
aRTSFailureCount = 0
aACKFailureCount = 0
aFCSErrorCount = 0
aTransmittedFrameCount = 13754
aTransmittedAMSDUCount = 0
aFailedAMSDUCount = 0
aRetryAMSDUCount = 0
aTransmittedOctetsInAMSDUCount = 0
aAMSDUAckFailureCount = 0
aReceivedAMSDUCount = 0
aReceivedOctetsInAMSDUCount = 0
aTransmittedAMPDUCount = 0
aTransmittedMPDUsInAMPDUCount = 0
aTransmittedOctetsInAMPDUCount = 0
aAMPDUReceivedCount = 0
aMPDUInReceivedAMPDUCount = 0
aReceivedOctetsInAMPDUCount = 0
aAMPDUDelimiterCRCErrorCount = 0
aExplicitBARFailureCount = 0
aChannelWidthSwitchCount = 0
aTwentyMHzFrameTransmittedCount = 18093
aFortyMHzFrameTransmittedCount = 0
aTwentyMHzFrameReceivedCount = 58946
aFortyMHzFrameReceivedCount = 0

====== MIB Counters (52.000 sec) ======
aFailedCount = 183
aRetryCount = 1361
aFrameDuplicateCount = 0
aRTSSuccessCount = 0
aRTSFailureCount = 0
aACKFailureCount = 0
aFCSErrorCount = 0
aTransmittedFrameCount = 13995
aTransmittedAMSDUCount = 0
aFailedAMSDUCount = 0
aRetryAMSDUCount = 0
aTransmittedOctetsInAMSDUCount = 0
aAMSDUAckFailureCount = 0
aReceivedAMSDUCount = 0
aReceivedOctetsInAMSDUCount = 0
aTransmittedAMPDUCount = 0
aTransmittedMPDUsInAMPDUCount = 0
aTransmittedOctetsInAMPDUCount = 0
aAMPDUReceivedCount = 0
aMPDUInReceivedAMPDUCount = 0
aReceivedOctetsInAMPDUCount = 0
aAMPDUDelimiterCRCErrorCount = 0
aExplicitBARFailureCount = 0
aChannelWidthSwitchCount = 0
aTwentyMHzFrameTransmittedCount = 18367
aFortyMHzFrameTransmittedCount = 0
aTwentyMHzFrameReceivedCount = 60297
aFortyMHzFrameReceivedCount = 0

====== MIB Counters (53.000 sec) ======
aFailedCount = 185
aRetryCount = 1395
aFrameDuplicateCount = 0
aRTSSuccessCount = 0
aRTSFailureCount = 0
aACKFailureCount = 0
aFCSErrorCount = 0
aTransmittedFrameCount = 14121
aTransmittedAMSDUCount = 0
aFailedAMSDUCount = 0
aRetryAMSDUCount = 0
aTransmittedOctetsInAMSDUCount = 0
aAMSDUAckFailureCount = 0
aReceivedAMSDUCount = 0
aReceivedOctetsInAMSDUCount = 0
aTransmittedAMPDUCount = 0
aTransmittedMPDUsInAMPDUCount = 0
aTransmittedOctetsInAMPDUCount = 0
aAMPDUReceivedCount = 0
aMPDUInReceivedAMPDUCount = 0
aReceivedOctetsInAMPDUCount = 0
aAMPDUDelimiterCRCErrorCount = 0
aExplicitBARFailureCount = 0
aChannelWidthSwitchCount = 0
aTwentyMHzFrameTransmittedCount = 18588
aFortyMHzFrameTransmittedCount = 0
aTwentyMHzFrameReceivedCount = 61857
aFortyMHzFrameReceivedCount = 0

====== MIB Counters (54.000 sec) ======
aFailedCount = 187
aRetryCount = 1420
aFrameDuplicateCount = 0
aRTSSuccessCount = 0
aRTSFailureCount = 0
aACKFailureCount = 0
aFCSErrorCount = 0
aTransmittedFrameCount = 14320
aTransmittedAMSDUCount = 0
aFailedAMSDUCount = 0
aRetryAMSDUCount = 0
aTransmittedOctetsInAMSDUCount = 0
aAMSDUAckFailureCount = 0
aReceivedAMSDUCount = 0
aReceivedOctetsInAMSDUCount = 0
aTransmittedAMPDUCount = 0
aTransmittedMPDUsInAMPDUCount = 0
aTransmittedOctetsInAMPDUCount = 0
aAMPDUReceivedCount = 0
aMPDUInReceivedAMPDUCount = 0
aReceivedOctetsInAMPDUCount = 0
aAMPDUDelimiterCRCErrorCount = 0
aExplicitBARFailureCount = 0
aChannelWidthSwitchCount = 0
aTwentyMHzFrameTransmittedCount = 18859
aFortyMHzFrameTransmittedCount = 0
aTwentyMHzFrameReceivedCount = 63065
aFortyMHzFrameReceivedCount = 0

====== MIB Counters (55.000 sec) ======
aFailedCount = 187
aRetryCount = 1434
aFrameDuplicateCount = 0
aRTSSuccessCount = 0
aRTSFailureCount = 0
aACKFailureCount = 0
aFCSErrorCount = 0
aTransmittedFrameCount = 14614
aTransmittedAMSDUCount = 0
aFailedAMSDUCount = 0
aRetryAMSDUCount = 0
aTransmittedOctetsInAMSDUCount = 0
aAMSDUAckFailureCount = 0
aReceivedAMSDUCount = 0
aReceivedOctetsInAMSDUCount = 0
aTransmittedAMPDUCount = 0
aTransmittedMPDUsInAMPDUCount = 0
aTransmittedOctetsInAMPDUCount = 0
aAMPDUReceivedCount = 0
aMPDUInReceivedAMPDUCount = 0
aReceivedOctetsInAMPDUCount = 0
aAMPDUDelimiterCRCErrorCount = 0
aExplicitBARFailureCount = 0
aChannelWidthSwitchCount = 0
aTwentyMHzFrameTransmittedCount = 19173
aFortyMHzFrameTransmittedCount = 0
aTwentyMHzFrameReceivedCount = 64291
aFortyMHzFrameReceivedCount = 0

====== MIB Counters (56.000 sec) ======
aFailedCount = 189
aRetryCount = 1453
aFrameDuplicateCount = 0
aRTSSuccessCount = 0
aRTSFailureCount = 0
aACKFailureCount = 0
aFCSErrorCount = 0
aTransmittedFrameCount = 14795
aTransmittedAMSDUCount = 0
aFailedAMSDUCount = 0
aRetryAMSDUCount = 0
aTransmittedOctetsInAMSDUCount = 0
aAMSDUAckFailureCount = 0
aReceivedAMSDUCount = 0
aReceivedOctetsInAMSDUCount = 0
aTransmittedAMPDUCount = 0
aTransmittedMPDUsInAMPDUCount = 0
aTransmittedOctetsInAMPDUCount = 0
aAMPDUReceivedCount = 0
aMPDUInReceivedAMPDUCount = 0
aReceivedOctetsInAMPDUCount = 0
aAMPDUDelimiterCRCErrorCount = 0
aExplicitBARFailureCount = 0
aChannelWidthSwitchCount = 0
aTwentyMHzFrameTransmittedCount = 19404
aFortyMHzFrameTransmittedCount = 0
aTwentyMHzFrameReceivedCount = 65681
aFortyMHzFrameReceivedCount = 0

====== MIB Counters (57.000 sec) ======
aFailedCount = 190
aRetryCount = 1472
aFrameDuplicateCount = 0
aRTSSuccessCount = 0
aRTSFailureCount = 0
aACKFailureCount = 0
aFCSErrorCount = 0
aTransmittedFrameCount = 15016
aTransmittedAMSDUCount = 0
aFailedAMSDUCount = 0
aRetryAMSDUCount = 0
aTransmittedOctetsInAMSDUCount = 0
aAMSDUAckFailureCount = 0
aReceivedAMSDUCount = 0
aReceivedOctetsInAMSDUCount = 0
aTransmittedAMPDUCount = 0
aTransmittedMPDUsInAMPDUCount = 0
aTransmittedOctetsInAMPDUCount = 0
aAMPDUReceivedCount = 0
aMPDUInReceivedAMPDUCount = 0
aReceivedOctetsInAMPDUCount = 0
aAMPDUDelimiterCRCErrorCount = 0
aExplicitBARFailureCount = 0
aChannelWidthSwitchCount = 0
aTwentyMHzFrameTransmittedCount = 19686
aFortyMHzFrameTransmittedCount = 0
aTwentyMHzFrameReceivedCount = 67046
aFortyMHzFrameReceivedCount = 0

====== MIB Counters (58.000 sec) ======
aFailedCount = 192
aRetryCount = 1514
aFrameDuplicateCount = 0
aRTSSuccessCount = 0
aRTSFailureCount = 0
aACKFailureCount = 0
aFCSErrorCount = 0
aTransmittedFrameCount = 15210
aTransmittedAMSDUCount = 0
aFailedAMSDUCount = 0
aRetryAMSDUCount = 0
aTransmittedOctetsInAMSDUCount = 0
aAMSDUAckFailureCount = 0
aReceivedAMSDUCount = 0
aReceivedOctetsInAMSDUCount = 0
aTransmittedAMPDUCount = 0
aTransmittedMPDUsInAMPDUCount = 0
aTransmittedOctetsInAMPDUCount = 0
aAMPDUReceivedCount = 0
aMPDUInReceivedAMPDUCount = 0
aReceivedOctetsInAMPDUCount = 0
aAMPDUDelimiterCRCErrorCount = 0
aExplicitBARFailureCount = 0
aChannelWidthSwitchCount = 0
aTwentyMHzFrameTransmittedCount = 19977
aFortyMHzFrameTransmittedCount = 0
aTwentyMHzFrameReceivedCount = 68408
aFortyMHzFrameReceivedCount = 0

====== MIB Counters (59.000 sec) ======
aFailedCount = 193
aRetryCount = 1545
aFrameDuplicateCount = 0
aRTSSuccessCount = 0
aRTSFailureCount = 0
aACKFailureCount = 0
aFCSErrorCount = 0
aTransmittedFrameCount = 15443
aTransmittedAMSDUCount = 0
aFailedAMSDUCount = 0
aRetryAMSDUCount = 0
aTransmittedOctetsInAMSDUCount = 0
aAMSDUAckFailureCount = 0
aReceivedAMSDUCount = 0
aReceivedOctetsInAMSDUCount = 0
aTransmittedAMPDUCount = 0
aTransmittedMPDUsInAMPDUCount = 0
aTransmittedOctetsInAMPDUCount = 0
aAMPDUReceivedCount = 0
aMPDUInReceivedAMPDUCount = 0
aReceivedOctetsInAMPDUCount = 0
aAMPDUDelimiterCRCErrorCount = 0
aExplicitBARFailureCount = 0
aChannelWidthSwitchCount = 0
aTwentyMHzFrameTransmittedCount = 20271
aFortyMHzFrameTransmittedCount = 0
aTwentyMHzFrameReceivedCount = 69639
aFortyMHzFrameReceivedCount = 0

====== MIB Counters (60.000 sec) ======
aFailedCount = 193
aRetryCount = 1564
aFrameDuplicateCount = 0
aRTSSuccessCount = 0
aRTSFailureCount = 0
aACKFailureCount = 0
aFCSErrorCount = 0
aTransmittedFrameCount = 15848
aTransmittedAMSDUCount = 0
aFailedAMSDUCount = 0
aRetryAMSDUCount = 0
aTransmittedOctetsInAMSDUCount = 0
aAMSDUAckFailureCount = 0
aReceivedAMSDUCount = 0
aReceivedOctetsInAMSDUCount = 0
aTransmittedAMPDUCount = 0
aTransmittedMPDUsInAMPDUCount = 0
aTransmittedOctetsInAMPDUCount = 0
aAMPDUReceivedCount = 0
aMPDUInReceivedAMPDUCount = 0
aReceivedOctetsInAMPDUCount = 0
aAMPDUDelimiterCRCErrorCount = 0
aExplicitBARFailureCount = 0
aChannelWidthSwitchCount = 0
aTwentyMHzFrameTransmittedCount = 20738
aFortyMHzFrameTransmittedCount = 0
aTwentyMHzFrameReceivedCount = 70537
aFortyMHzFrameReceivedCount = 0

====== MIB Counters (61.000 sec) ======
aFailedCount = 194
aRetryCount = 1582
aFrameDuplicateCount = 0
aRTSSuccessCount = 0
aRTSFailureCount = 0
aACKFailureCount = 0
aFCSErrorCount = 0
aTransmittedFrameCount = 16302
aTransmittedAMSDUCount = 0
aFailedAMSDUCount = 0
aRetryAMSDUCount = 0
aTransmittedOctetsInAMSDUCount = 0
aAMSDUAckFailureCount = 0
aReceivedAMSDUCount = 0
aReceivedOctetsInAMSDUCount = 0
aTransmittedAMPDUCount = 0
aTransmittedMPDUsInAMPDUCount = 0
aTransmittedOctetsInAMPDUCount = 0
aAMPDUReceivedCount = 0
aMPDUInReceivedAMPDUCount = 0
aReceivedOctetsInAMPDUCount = 0
aAMPDUDelimiterCRCErrorCount = 0
aExplicitBARFailureCount = 0
aChannelWidthSwitchCount = 0
aTwentyMHzFrameTransmittedCount = 21234
aFortyMHzFrameTransmittedCount = 0
aTwentyMHzFrameReceivedCount = 71445
aFortyMHzFrameReceivedCount = 0

====== MIB Counters (62.000 sec) ======
aFailedCount = 194
aRetryCount = 1592
aFrameDuplicateCount = 0
aRTSSuccessCount = 0
aRTSFailureCount = 0
aACKFailureCount = 0
aFCSErrorCount = 0
aTransmittedFrameCount = 16838
aTransmittedAMSDUCount = 0
aFailedAMSDUCount = 0
aRetryAMSDUCount = 0
aTransmittedOctetsInAMSDUCount = 0
aAMSDUAckFailureCount = 0
aReceivedAMSDUCount = 0
aReceivedOctetsInAMSDUCount = 0
aTransmittedAMPDUCount = 0
aTransmittedMPDUsInAMPDUCount = 0
aTransmittedOctetsInAMPDUCount = 0
aAMPDUReceivedCount = 0
aMPDUInReceivedAMPDUCount = 0
aReceivedOctetsInAMPDUCount = 0
aAMPDUDelimiterCRCErrorCount = 0
aExplicitBARFailureCount = 0
aChannelWidthSwitchCount = 0
aTwentyMHzFrameTransmittedCount = 21788
aFortyMHzFrameTransmittedCount = 0
aTwentyMHzFrameReceivedCount = 72338
aFortyMHzFrameReceivedCount = 0

====== MIB Counters (63.000 sec) ======
aFailedCount = 198
aRetryCount = 1606
aFrameDuplicateCount = 0
aRTSSuccessCount = 0
aRTSFailureCount = 0
aACKFailureCount = 0
aFCSErrorCount = 0
aTransmittedFrameCount = 17206
aTransmittedAMSDUCount = 0
aFailedAMSDUCount = 0
aRetryAMSDUCount = 0
aTransmittedOctetsInAMSDUCount = 0
aAMSDUAckFailureCount = 0
aReceivedAMSDUCount = 0
aReceivedOctetsInAMSDUCount = 0
aTransmittedAMPDUCount = 0
aTransmittedMPDUsInAMPDUCount = 0
aTransmittedOctetsInAMPDUCount = 0
aAMPDUReceivedCount = 0
aMPDUInReceivedAMPDUCount = 0
aReceivedOctetsInAMPDUCount = 0
aAMPDUDelimiterCRCErrorCount = 0
aExplicitBARFailureCount = 0
aChannelWidthSwitchCount = 0
aTwentyMHzFrameTransmittedCount = 22227
aFortyMHzFrameTransmittedCount = 0
aTwentyMHzFrameReceivedCount = 73240
aFortyMHzFrameReceivedCount = 0

====== MIB Counters (64.000 sec) ======
aFailedCount = 202
aRetryCount = 1640
aFrameDuplicateCount = 0
aRTSSuccessCount = 0
aRTSFailureCount = 0
aACKFailureCount = 0
aFCSErrorCount = 0
aTransmittedFrameCount = 17612
aTransmittedAMSDUCount = 0
aFailedAMSDUCount = 0
aRetryAMSDUCount = 0
aTransmittedOctetsInAMSDUCount = 0
aAMSDUAckFailureCount = 0
aReceivedAMSDUCount = 0
aReceivedOctetsInAMSDUCount = 0
aTransmittedAMPDUCount = 0
aTransmittedMPDUsInAMPDUCount = 0
aTransmittedOctetsInAMPDUCount = 0
aAMPDUReceivedCount = 0
aMPDUInReceivedAMPDUCount = 0
aReceivedOctetsInAMPDUCount = 0
aAMPDUDelimiterCRCErrorCount = 0
aExplicitBARFailureCount = 0
aChannelWidthSwitchCount = 0
aTwentyMHzFrameTransmittedCount = 22720
aFortyMHzFrameTransmittedCount = 0
aTwentyMHzFrameReceivedCount = 74222
aFortyMHzFrameReceivedCount = 0

====== MIB Counters (65.000 sec) ======
aFailedCount = 203
aRetryCount = 1662
aFrameDuplicateCount = 0
aRTSSuccessCount = 0
aRTSFailureCount = 0
aACKFailureCount = 0
aFCSErrorCount = 0
aTransmittedFrameCount = 17852
aTransmittedAMSDUCount = 0
aFailedAMSDUCount = 0
aRetryAMSDUCount = 0
aTransmittedOctetsInAMSDUCount = 0
aAMSDUAckFailureCount = 0
aReceivedAMSDUCount = 0
aReceivedOctetsInAMSDUCount = 0
aTransmittedAMPDUCount = 0
aTransmittedMPDUsInAMPDUCount = 0
aTransmittedOctetsInAMPDUCount = 0
aAMPDUReceivedCount = 0
aMPDUInReceivedAMPDUCount = 0
aReceivedOctetsInAMPDUCount = 0
aAMPDUDelimiterCRCErrorCount = 0
aExplicitBARFailureCount = 0
aChannelWidthSwitchCount = 0
aTwentyMHzFrameTransmittedCount = 23002
aFortyMHzFrameTransmittedCount = 0
aTwentyMHzFrameReceivedCount = 75487
aFortyMHzFrameReceivedCount = 0

====== MIB Counters (66.000 sec) ======
aFailedCount = 203
aRetryCount = 1676
aFrameDuplicateCount = 0
aRTSSuccessCount = 0
aRTSFailureCount = 0
aACKFailureCount = 0
aFCSErrorCount = 0
aTransmittedFrameCount = 18145
aTransmittedAMSDUCount = 0
aFailedAMSDUCount = 0
aRetryAMSDUCount = 0
aTransmittedOctetsInAMSDUCount = 0
aAMSDUAckFailureCount = 0
aReceivedAMSDUCount = 0
aReceivedOctetsInAMSDUCount = 0
aTransmittedAMPDUCount = 0
aTransmittedMPDUsInAMPDUCount = 0
aTransmittedOctetsInAMPDUCount = 0
aAMPDUReceivedCount = 0
aMPDUInReceivedAMPDUCount = 0
aReceivedOctetsInAMPDUCount = 0
aAMPDUDelimiterCRCErrorCount = 0
aExplicitBARFailureCount = 0
aChannelWidthSwitchCount = 0
aTwentyMHzFrameTransmittedCount = 23311
aFortyMHzFrameTransmittedCount = 0
aTwentyMHzFrameReceivedCount = 76728
aFortyMHzFrameReceivedCount = 0

====== MIB Counters (67.000 sec) ======
aFailedCount = 205
aRetryCount = 1695
aFrameDuplicateCount = 0
aRTSSuccessCount = 0
aRTSFailureCount = 0
aACKFailureCount = 0
aFCSErrorCount = 0
aTransmittedFrameCount = 18289
aTransmittedAMSDUCount = 0
aFailedAMSDUCount = 0
aRetryAMSDUCount = 0
aTransmittedOctetsInAMSDUCount = 0
aAMSDUAckFailureCount = 0
aReceivedAMSDUCount = 0
aReceivedOctetsInAMSDUCount = 0
aTransmittedAMPDUCount = 0
aTransmittedMPDUsInAMPDUCount = 0
aTransmittedOctetsInAMPDUCount = 0
aAMPDUReceivedCount = 0
aMPDUInReceivedAMPDUCount = 0
aReceivedOctetsInAMPDUCount = 0
aAMPDUDelimiterCRCErrorCount = 0
aExplicitBARFailureCount = 0
aChannelWidthSwitchCount = 0
aTwentyMHzFrameTransmittedCount = 23504
aFortyMHzFrameTransmittedCount = 0
aTwentyMHzFrameReceivedCount = 78253
aFortyMHzFrameReceivedCount = 0

====== MIB Counters (68.000 sec) ======
aFailedCount = 206
aRetryCount = 1711
aFrameDuplicateCount = 0
aRTSSuccessCount = 0
aRTSFailureCount = 0
aACKFailureCount = 0
aFCSErrorCount = 0
aTransmittedFrameCount = 18497
aTransmittedAMSDUCount = 0
aFailedAMSDUCount = 0
aRetryAMSDUCount = 0
aTransmittedOctetsInAMSDUCount = 0
aAMSDUAckFailureCount = 0
aReceivedAMSDUCount = 0
aReceivedOctetsInAMSDUCount = 0
aTransmittedAMPDUCount = 0
aTransmittedMPDUsInAMPDUCount = 0
aTransmittedOctetsInAMPDUCount = 0
aAMPDUReceivedCount = 0
aMPDUInReceivedAMPDUCount = 0
aReceivedOctetsInAMPDUCount = 0
aAMPDUDelimiterCRCErrorCount = 0
aExplicitBARFailureCount = 0
aChannelWidthSwitchCount = 0
aTwentyMHzFrameTransmittedCount = 23743
aFortyMHzFrameTransmittedCount = 0
aTwentyMHzFrameReceivedCount = 79571
aFortyMHzFrameReceivedCount = 0

====== MIB Counters (69.000 sec) ======
aFailedCount = 206
aRetryCount = 1737
aFrameDuplicateCount = 0
aRTSSuccessCount = 0
aRTSFailureCount = 0
aACKFailureCount = 0
aFCSErrorCount = 0
aTransmittedFrameCount = 18686
aTransmittedAMSDUCount = 0
aFailedAMSDUCount = 0
aRetryAMSDUCount = 0
aTransmittedOctetsInAMSDUCount = 0
aAMSDUAckFailureCount = 0
aReceivedAMSDUCount = 0
aReceivedOctetsInAMSDUCount = 0
aTransmittedAMPDUCount = 0
aTransmittedMPDUsInAMPDUCount = 0
aTransmittedOctetsInAMPDUCount = 0
aAMPDUReceivedCount = 0
aMPDUInReceivedAMPDUCount = 0
aReceivedOctetsInAMPDUCount = 0
aAMPDUDelimiterCRCErrorCount = 0
aExplicitBARFailureCount = 0
aChannelWidthSwitchCount = 0
aTwentyMHzFrameTransmittedCount = 23976
aFortyMHzFrameTransmittedCount = 0
aTwentyMHzFrameReceivedCount = 80915
aFortyMHzFrameReceivedCount = 0

====== MIB Counters (70.000 sec) ======
aFailedCount = 207
aRetryCount = 1760
aFrameDuplicateCount = 0
aRTSSuccessCount = 0
aRTSFailureCount = 0
aACKFailureCount = 0
aFCSErrorCount = 0
aTransmittedFrameCount = 18890
aTransmittedAMSDUCount = 0
aFailedAMSDUCount = 0
aRetryAMSDUCount = 0
aTransmittedOctetsInAMSDUCount = 0
aAMSDUAckFailureCount = 0
aReceivedAMSDUCount = 0
aReceivedOctetsInAMSDUCount = 0
aTransmittedAMPDUCount = 0
aTransmittedMPDUsInAMPDUCount = 0
aTransmittedOctetsInAMPDUCount = 0
aAMPDUReceivedCount = 0
aMPDUInReceivedAMPDUCount = 0
aReceivedOctetsInAMPDUCount = 0
aAMPDUDelimiterCRCErrorCount = 0
aExplicitBARFailureCount = 0
aChannelWidthSwitchCount = 0
aTwentyMHzFrameTransmittedCount = 24232
aFortyMHzFrameTransmittedCount = 0
aTwentyMHzFrameReceivedCount = 82178
aFortyMHzFrameReceivedCount = 0

====== MIB Counters (71.000 sec) ======
aFailedCount = 207
aRetryCount = 1779
aFrameDuplicateCount = 0
aRTSSuccessCount = 0
aRTSFailureCount = 0
aACKFailureCount = 0
aFCSErrorCount = 0
aTransmittedFrameCount = 19139
aTransmittedAMSDUCount = 0
aFailedAMSDUCount = 0
aRetryAMSDUCount = 0
aTransmittedOctetsInAMSDUCount = 0
aAMSDUAckFailureCount = 0
aReceivedAMSDUCount = 0
aReceivedOctetsInAMSDUCount = 0
aTransmittedAMPDUCount = 0
aTransmittedMPDUsInAMPDUCount = 0
aTransmittedOctetsInAMPDUCount = 0
aAMPDUReceivedCount = 0
aMPDUInReceivedAMPDUCount = 0
aReceivedOctetsInAMPDUCount = 0
aAMPDUDelimiterCRCErrorCount = 0
aExplicitBARFailureCount = 0
aChannelWidthSwitchCount = 0
aTwentyMHzFrameTransmittedCount = 24512
aFortyMHzFrameTransmittedCount = 0
aTwentyMHzFrameReceivedCount = 83449
aFortyMHzFrameReceivedCount = 0

====== MIB Counters (72.000 sec) ======
aFailedCount = 207
aRetryCount = 1804
aFrameDuplicateCount = 0
aRTSSuccessCount = 0
aRTSFailureCount = 0
aACKFailureCount = 0
aFCSErrorCount = 0
aTransmittedFrameCount = 19398
aTransmittedAMSDUCount = 0
aFailedAMSDUCount = 0
aRetryAMSDUCount = 0
aTransmittedOctetsInAMSDUCount = 0
aAMSDUAckFailureCount = 0
aReceivedAMSDUCount = 0
aReceivedOctetsInAMSDUCount = 0
aTransmittedAMPDUCount = 0
aTransmittedMPDUsInAMPDUCount = 0
aTransmittedOctetsInAMPDUCount = 0
aAMPDUReceivedCount = 0
aMPDUInReceivedAMPDUCount = 0
aReceivedOctetsInAMPDUCount = 0
aAMPDUDelimiterCRCErrorCount = 0
aExplicitBARFailureCount = 0
aChannelWidthSwitchCount = 0
aTwentyMHzFrameTransmittedCount = 24822
aFortyMHzFrameTransmittedCount = 0
aTwentyMHzFrameReceivedCount = 84670
aFortyMHzFrameReceivedCount = 0

====== MIB Counters (73.000 sec) ======
aFailedCount = 207
aRetryCount = 1846
aFrameDuplicateCount = 0
aRTSSuccessCount = 0
aRTSFailureCount = 0
aACKFailureCount = 0
aFCSErrorCount = 0
aTransmittedFrameCount = 19584
aTransmittedAMSDUCount = 0
aFailedAMSDUCount = 0
aRetryAMSDUCount = 0
aTransmittedOctetsInAMSDUCount = 0
aAMSDUAckFailureCount = 0
aReceivedAMSDUCount = 0
aReceivedOctetsInAMSDUCount = 0
aTransmittedAMPDUCount = 0
aTransmittedMPDUsInAMPDUCount = 0
aTransmittedOctetsInAMPDUCount = 0
aAMPDUReceivedCount = 0
aMPDUInReceivedAMPDUCount = 0
aReceivedOctetsInAMPDUCount = 0
aAMPDUDelimiterCRCErrorCount = 0
aExplicitBARFailureCount = 0
aChannelWidthSwitchCount = 0
aTwentyMHzFrameTransmittedCount = 25094
aFortyMHzFrameTransmittedCount = 0
aTwentyMHzFrameReceivedCount = 85956
aFortyMHzFrameReceivedCount = 0

====== MIB Counters (74.000 sec) ======
aFailedCount = 208
aRetryCount = 1859
aFrameDuplicateCount = 0
aRTSSuccessCount = 0
aRTSFailureCount = 0
aACKFailureCount = 0
aFCSErrorCount = 0
aTransmittedFrameCount = 19846
aTransmittedAMSDUCount = 0
aFailedAMSDUCount = 0
aRetryAMSDUCount = 0
aTransmittedOctetsInAMSDUCount = 0
aAMSDUAckFailureCount = 0
aReceivedAMSDUCount = 0
aReceivedOctetsInAMSDUCount = 0
aTransmittedAMPDUCount = 0
aTransmittedMPDUsInAMPDUCount = 0
aTransmittedOctetsInAMPDUCount = 0
aAMPDUReceivedCount = 0
aMPDUInReceivedAMPDUCount = 0
aReceivedOctetsInAMPDUCount = 0
aAMPDUDelimiterCRCErrorCount = 0
aExplicitBARFailureCount = 0
aChannelWidthSwitchCount = 0
aTwentyMHzFrameTransmittedCount = 25397
aFortyMHzFrameTransmittedCount = 0
aTwentyMHzFrameReceivedCount = 87125
aFortyMHzFrameReceivedCount = 0

====== MIB Counters (75.000 sec) ======
aFailedCount = 209
aRetryCount = 1881
aFrameDuplicateCount = 0
aRTSSuccessCount = 0
aRTSFailureCount = 0
aACKFailureCount = 0
aFCSErrorCount = 0
aTransmittedFrameCount = 20024
aTransmittedAMSDUCount = 0
aFailedAMSDUCount = 0
aRetryAMSDUCount = 0
aTransmittedOctetsInAMSDUCount = 0
aAMSDUAckFailureCount = 0
aReceivedAMSDUCount = 0
aReceivedOctetsInAMSDUCount = 0
aTransmittedAMPDUCount = 0
aTransmittedMPDUsInAMPDUCount = 0
aTransmittedOctetsInAMPDUCount = 0
aAMPDUReceivedCount = 0
aMPDUInReceivedAMPDUCount = 0
aReceivedOctetsInAMPDUCount = 0
aAMPDUDelimiterCRCErrorCount = 0
aExplicitBARFailureCount = 0
aChannelWidthSwitchCount = 0
aTwentyMHzFrameTransmittedCount = 25624
aFortyMHzFrameTransmittedCount = 0
aTwentyMHzFrameReceivedCount = 88538
aFortyMHzFrameReceivedCount = 0

====== MIB Counters (76.000 sec) ======
aFailedCount = 224
aRetryCount = 1889
aFrameDuplicateCount = 0
aRTSSuccessCount = 0
aRTSFailureCount = 0
aACKFailureCount = 0
aFCSErrorCount = 0
aTransmittedFrameCount = 20092
aTransmittedAMSDUCount = 0
aFailedAMSDUCount = 0
aRetryAMSDUCount = 0
aTransmittedOctetsInAMSDUCount = 0
aAMSDUAckFailureCount = 0
aReceivedAMSDUCount = 0
aReceivedOctetsInAMSDUCount = 0
aTransmittedAMPDUCount = 0
aTransmittedMPDUsInAMPDUCount = 0
aTransmittedOctetsInAMPDUCount = 0
aAMPDUReceivedCount = 0
aMPDUInReceivedAMPDUCount = 0
aReceivedOctetsInAMPDUCount = 0
aAMPDUDelimiterCRCErrorCount = 0
aExplicitBARFailureCount = 0
aChannelWidthSwitchCount = 0
aTwentyMHzFrameTransmittedCount = 25823
aFortyMHzFrameTransmittedCount = 0
aTwentyMHzFrameReceivedCount = 90200
aFortyMHzFrameReceivedCount = 0

====== MIB Counters (77.000 sec) ======
aFailedCount = 246
aRetryCount = 1892
aFrameDuplicateCount = 0
aRTSSuccessCount = 0
aRTSFailureCount = 0
aACKFailureCount = 0
aFCSErrorCount = 0
aTransmittedFrameCount = 20097
aTransmittedAMSDUCount = 0
aFailedAMSDUCount = 0
aRetryAMSDUCount = 0
aTransmittedOctetsInAMSDUCount = 0
aAMSDUAckFailureCount = 0
aReceivedAMSDUCount = 0
aReceivedOctetsInAMSDUCount = 0
aTransmittedAMPDUCount = 0
aTransmittedMPDUsInAMPDUCount = 0
aTransmittedOctetsInAMPDUCount = 0
aAMPDUReceivedCount = 0
aMPDUInReceivedAMPDUCount = 0
aReceivedOctetsInAMPDUCount = 0
aAMPDUDelimiterCRCErrorCount = 0
aExplicitBARFailureCount = 0
aChannelWidthSwitchCount = 0
aTwentyMHzFrameTransmittedCount = 25989
aFortyMHzFrameTransmittedCount = 0
aTwentyMHzFrameReceivedCount = 91693
aFortyMHzFrameReceivedCount = 0

====== MIB Counters (78.000 sec) ======
aFailedCount = 266
aRetryCount = 1899
aFrameDuplicateCount = 0
aRTSSuccessCount = 0
aRTSFailureCount = 0
aACKFailureCount = 0
aFCSErrorCount = 0
aTransmittedFrameCount = 20110
aTransmittedAMSDUCount = 0
aFailedAMSDUCount = 0
aRetryAMSDUCount = 0
aTransmittedOctetsInAMSDUCount = 0
aAMSDUAckFailureCount = 0
aReceivedAMSDUCount = 0
aReceivedOctetsInAMSDUCount = 0
aTransmittedAMPDUCount = 0
aTransmittedMPDUsInAMPDUCount = 0
aTransmittedOctetsInAMPDUCount = 0
aAMPDUReceivedCount = 0
aMPDUInReceivedAMPDUCount = 0
aReceivedOctetsInAMPDUCount = 0
aAMPDUDelimiterCRCErrorCount = 0
aExplicitBARFailureCount = 0
aChannelWidthSwitchCount = 0
aTwentyMHzFrameTransmittedCount = 26167
aFortyMHzFrameTransmittedCount = 0
aTwentyMHzFrameReceivedCount = 93191
aFortyMHzFrameReceivedCount = 0

====== MIB Counters (79.000 sec) ======
aFailedCount = 281
aRetryCount = 1903
aFrameDuplicateCount = 0
aRTSSuccessCount = 0
aRTSFailureCount = 0
aACKFailureCount = 0
aFCSErrorCount = 0
aTransmittedFrameCount = 20118
aTransmittedAMSDUCount = 0
aFailedAMSDUCount = 0
aRetryAMSDUCount = 0
aTransmittedOctetsInAMSDUCount = 0
aAMSDUAckFailureCount = 0
aReceivedAMSDUCount = 0
aReceivedOctetsInAMSDUCount = 0
aTransmittedAMPDUCount = 0
aTransmittedMPDUsInAMPDUCount = 0
aTransmittedOctetsInAMPDUCount = 0
aAMPDUReceivedCount = 0
aMPDUInReceivedAMPDUCount = 0
aReceivedOctetsInAMPDUCount = 0
aAMPDUDelimiterCRCErrorCount = 0
aExplicitBARFailureCount = 0
aChannelWidthSwitchCount = 0
aTwentyMHzFrameTransmittedCount = 26294
aFortyMHzFrameTransmittedCount = 0
aTwentyMHzFrameReceivedCount = 95129
aFortyMHzFrameReceivedCount = 0

====== MIB Counters (80.000 sec) ======
aFailedCount = 293
aRetryCount = 1905
aFrameDuplicateCount = 0
aRTSSuccessCount = 0
aRTSFailureCount = 0
aACKFailureCount = 0
aFCSErrorCount = 0
aTransmittedFrameCount = 20122
aTransmittedAMSDUCount = 0
aFailedAMSDUCount = 0
aRetryAMSDUCount = 0
aTransmittedOctetsInAMSDUCount = 0
aAMSDUAckFailureCount = 0
aReceivedAMSDUCount = 0
aReceivedOctetsInAMSDUCount = 0
aTransmittedAMPDUCount = 0
aTransmittedMPDUsInAMPDUCount = 0
aTransmittedOctetsInAMPDUCount = 0
aAMPDUReceivedCount = 0
aMPDUInReceivedAMPDUCount = 0
aReceivedOctetsInAMPDUCount = 0
aAMPDUDelimiterCRCErrorCount = 0
aExplicitBARFailureCount = 0
aChannelWidthSwitchCount = 0
aTwentyMHzFrameTransmittedCount = 26388
aFortyMHzFrameTransmittedCount = 0
aTwentyMHzFrameReceivedCount = 97311
aFortyMHzFrameReceivedCount = 0

====== MIB Counters (81.000 sec) ======
aFailedCount = 320
aRetryCount = 1909
aFrameDuplicateCount = 0
aRTSSuccessCount = 0
aRTSFailureCount = 0
aACKFailureCount = 0
aFCSErrorCount = 0
aTransmittedFrameCount = 20133
aTransmittedAMSDUCount = 0
aFailedAMSDUCount = 0
aRetryAMSDUCount = 0
aTransmittedOctetsInAMSDUCount = 0
aAMSDUAckFailureCount = 0
aReceivedAMSDUCount = 0
aReceivedOctetsInAMSDUCount = 0
aTransmittedAMPDUCount = 0
aTransmittedMPDUsInAMPDUCount = 0
aTransmittedOctetsInAMPDUCount = 0
aAMPDUReceivedCount = 0
aMPDUInReceivedAMPDUCount = 0
aReceivedOctetsInAMPDUCount = 0
aAMPDUDelimiterCRCErrorCount = 0
aExplicitBARFailureCount = 0
aChannelWidthSwitchCount = 0
aTwentyMHzFrameTransmittedCount = 26601
aFortyMHzFrameTransmittedCount = 0
aTwentyMHzFrameReceivedCount = 98781
aFortyMHzFrameReceivedCount = 0

====== MIB Counters (82.000 sec) ======
aFailedCount = 353
aRetryCount = 1909
aFrameDuplicateCount = 0
aRTSSuccessCount = 0
aRTSFailureCount = 0
aACKFailureCount = 0
aFCSErrorCount = 0
aTransmittedFrameCount = 20136
aTransmittedAMSDUCount = 0
aFailedAMSDUCount = 0
aRetryAMSDUCount = 0
aTransmittedOctetsInAMSDUCount = 0
aAMSDUAckFailureCount = 0
aReceivedAMSDUCount = 0
aReceivedOctetsInAMSDUCount = 0
aTransmittedAMPDUCount = 0
aTransmittedMPDUsInAMPDUCount = 0
aTransmittedOctetsInAMPDUCount = 0
aAMPDUReceivedCount = 0
aMPDUInReceivedAMPDUCount = 0
aReceivedOctetsInAMPDUCount = 0
aAMPDUDelimiterCRCErrorCount = 0
aExplicitBARFailureCount = 0
aChannelWidthSwitchCount = 0
aTwentyMHzFrameTransmittedCount = 26834
aFortyMHzFrameTransmittedCount = 0
aTwentyMHzFrameReceivedCount = 100183
aFortyMHzFrameReceivedCount = 0

====== MIB Counters (83.000 sec) ======
aFailedCount = 386
aRetryCount = 1915
aFrameDuplicateCount = 0
aRTSSuccessCount = 0
aRTSFailureCount = 0
aACKFailureCount = 0
aFCSErrorCount = 0
aTransmittedFrameCount = 20149
aTransmittedAMSDUCount = 0
aFailedAMSDUCount = 0
aRetryAMSDUCount = 0
aTransmittedOctetsInAMSDUCount = 0
aAMSDUAckFailureCount = 0
aReceivedAMSDUCount = 0
aReceivedOctetsInAMSDUCount = 0
aTransmittedAMPDUCount = 0
aTransmittedMPDUsInAMPDUCount = 0
aTransmittedOctetsInAMPDUCount = 0
aAMPDUReceivedCount = 0
aMPDUInReceivedAMPDUCount = 0
aReceivedOctetsInAMPDUCount = 0
aAMPDUDelimiterCRCErrorCount = 0
aExplicitBARFailureCount = 0
aChannelWidthSwitchCount = 0
aTwentyMHzFrameTransmittedCount = 27092
aFortyMHzFrameTransmittedCount = 0
aTwentyMHzFrameReceivedCount = 101628
aFortyMHzFrameReceivedCount = 0

====== MIB Counters (84.000 sec) ======
aFailedCount = 405
aRetryCount = 1954
aFrameDuplicateCount = 0
aRTSSuccessCount = 0
aRTSFailureCount = 0
aACKFailureCount = 0
aFCSErrorCount = 0
aTransmittedFrameCount = 20247
aTransmittedAMSDUCount = 0
aFailedAMSDUCount = 0
aRetryAMSDUCount = 0
aTransmittedOctetsInAMSDUCount = 0
aAMSDUAckFailureCount = 0
aReceivedAMSDUCount = 0
aReceivedOctetsInAMSDUCount = 0
aTransmittedAMPDUCount = 0
aTransmittedMPDUsInAMPDUCount = 0
aTransmittedOctetsInAMPDUCount = 0
aAMPDUReceivedCount = 0
aMPDUInReceivedAMPDUCount = 0
aReceivedOctetsInAMPDUCount = 0
aAMPDUDelimiterCRCErrorCount = 0
aExplicitBARFailureCount = 0
aChannelWidthSwitchCount = 0
aTwentyMHzFrameTransmittedCount = 27430
aFortyMHzFrameTransmittedCount = 0
aTwentyMHzFrameReceivedCount = 102636
aFortyMHzFrameReceivedCount = 0

====== MIB Counters (85.000 sec) ======
aFailedCount = 410
aRetryCount = 2022
aFrameDuplicateCount = 0
aRTSSuccessCount = 0
aRTSFailureCount = 0
aACKFailureCount = 0
aFCSErrorCount = 0
aTransmittedFrameCount = 20427
aTransmittedAMSDUCount = 0
aFailedAMSDUCount = 0
aRetryAMSDUCount = 0
aTransmittedOctetsInAMSDUCount = 0
aAMSDUAckFailureCount = 0
aReceivedAMSDUCount = 0
aReceivedOctetsInAMSDUCount = 0
aTransmittedAMPDUCount = 0
aTransmittedMPDUsInAMPDUCount = 0
aTransmittedOctetsInAMPDUCount = 0
aAMPDUReceivedCount = 0
aMPDUInReceivedAMPDUCount = 0
aReceivedOctetsInAMPDUCount = 0
aAMPDUDelimiterCRCErrorCount = 0
aExplicitBARFailureCount = 0
aChannelWidthSwitchCount = 0
aTwentyMHzFrameTransmittedCount = 27853
aFortyMHzFrameTransmittedCount = 0
aTwentyMHzFrameReceivedCount = 103521
aFortyMHzFrameReceivedCount = 0

====== MIB Counters (86.000 sec) ======
aFailedCount = 416
aRetryCount = 2081
aFrameDuplicateCount = 0
aRTSSuccessCount = 0
aRTSFailureCount = 0
aACKFailureCount = 0
aFCSErrorCount = 0
aTransmittedFrameCount = 20562
aTransmittedAMSDUCount = 0
aFailedAMSDUCount = 0
aRetryAMSDUCount = 0
aTransmittedOctetsInAMSDUCount = 0
aAMSDUAckFailureCount = 0
aReceivedAMSDUCount = 0
aReceivedOctetsInAMSDUCount = 0
aTransmittedAMPDUCount = 0
aTransmittedMPDUsInAMPDUCount = 0
aTransmittedOctetsInAMPDUCount = 0
aAMPDUReceivedCount = 0
aMPDUInReceivedAMPDUCount = 0
aReceivedOctetsInAMPDUCount = 0
aAMPDUDelimiterCRCErrorCount = 0
aExplicitBARFailureCount = 0
aChannelWidthSwitchCount = 0
aTwentyMHzFrameTransmittedCount = 28187
aFortyMHzFrameTransmittedCount = 0
aTwentyMHzFrameReceivedCount = 104615
aFortyMHzFrameReceivedCount = 0

====== MIB Counters (87.000 sec) ======
aFailedCount = 422
aRetryCount = 2120
aFrameDuplicateCount = 0
aRTSSuccessCount = 0
aRTSFailureCount = 0
aACKFailureCount = 0
aFCSErrorCount = 0
aTransmittedFrameCount = 20658
aTransmittedAMSDUCount = 0
aFailedAMSDUCount = 0
aRetryAMSDUCount = 0
aTransmittedOctetsInAMSDUCount = 0
aAMSDUAckFailureCount = 0
aReceivedAMSDUCount = 0
aReceivedOctetsInAMSDUCount = 0
aTransmittedAMPDUCount = 0
aTransmittedMPDUsInAMPDUCount = 0
aTransmittedOctetsInAMPDUCount = 0
aAMPDUReceivedCount = 0
aMPDUInReceivedAMPDUCount = 0
aReceivedOctetsInAMPDUCount = 0
aAMPDUDelimiterCRCErrorCount = 0
aExplicitBARFailureCount = 0
aChannelWidthSwitchCount = 0
aTwentyMHzFrameTransmittedCount = 28463
aFortyMHzFrameTransmittedCount = 0
aTwentyMHzFrameReceivedCount = 105757
aFortyMHzFrameReceivedCount = 0

====== MIB Counters (88.000 sec) ======
aFailedCount = 439
aRetryCount = 2155
aFrameDuplicateCount = 0
aRTSSuccessCount = 0
aRTSFailureCount = 0
aACKFailureCount = 0
aFCSErrorCount = 0
aTransmittedFrameCount = 20747
aTransmittedAMSDUCount = 0
aFailedAMSDUCount = 0
aRetryAMSDUCount = 0
aTransmittedOctetsInAMSDUCount = 0
aAMSDUAckFailureCount = 0
aReceivedAMSDUCount = 0
aReceivedOctetsInAMSDUCount = 0
aTransmittedAMPDUCount = 0
aTransmittedMPDUsInAMPDUCount = 0
aTransmittedOctetsInAMPDUCount = 0
aAMPDUReceivedCount = 0
aMPDUInReceivedAMPDUCount = 0
aReceivedOctetsInAMPDUCount = 0
aAMPDUDelimiterCRCErrorCount = 0
aExplicitBARFailureCount = 0
aChannelWidthSwitchCount = 0
aTwentyMHzFrameTransmittedCount = 28751
aFortyMHzFrameTransmittedCount = 0
aTwentyMHzFrameReceivedCount = 106816
aFortyMHzFrameReceivedCount = 0

====== MIB Counters (89.000 sec) ======
aFailedCount = 441
aRetryCount = 2210
aFrameDuplicateCount = 0
aRTSSuccessCount = 0
aRTSFailureCount = 0
aACKFailureCount = 0
aFCSErrorCount = 0
aTransmittedFrameCount = 20884
aTransmittedAMSDUCount = 0
aFailedAMSDUCount = 0
aRetryAMSDUCount = 0
aTransmittedOctetsInAMSDUCount = 0
aAMSDUAckFailureCount = 0
aReceivedAMSDUCount = 0
aReceivedOctetsInAMSDUCount = 0
aTransmittedAMPDUCount = 0
aTransmittedMPDUsInAMPDUCount = 0
aTransmittedOctetsInAMPDUCount = 0
aAMPDUReceivedCount = 0
aMPDUInReceivedAMPDUCount = 0
aReceivedOctetsInAMPDUCount = 0
aAMPDUDelimiterCRCErrorCount = 0
aExplicitBARFailureCount = 0
aChannelWidthSwitchCount = 0
aTwentyMHzFrameTransmittedCount = 29043
aFortyMHzFrameTransmittedCount = 0
aTwentyMHzFrameReceivedCount = 107958
aFortyMHzFrameReceivedCount = 0

====== MIB Counters (90.000 sec) ======
aFailedCount = 445
aRetryCount = 2256
aFrameDuplicateCount = 0
aRTSSuccessCount = 0
aRTSFailureCount = 0
aACKFailureCount = 0
aFCSErrorCount = 0
aTransmittedFrameCount = 21267
aTransmittedAMSDUCount = 0
aFailedAMSDUCount = 0
aRetryAMSDUCount = 0
aTransmittedOctetsInAMSDUCount = 0
aAMSDUAckFailureCount = 0
aReceivedAMSDUCount = 0
aReceivedOctetsInAMSDUCount = 0
aTransmittedAMPDUCount = 0
aTransmittedMPDUsInAMPDUCount = 0
aTransmittedOctetsInAMPDUCount = 0
aAMPDUReceivedCount = 0
aMPDUInReceivedAMPDUCount = 0
aReceivedOctetsInAMPDUCount = 0
aAMPDUDelimiterCRCErrorCount = 0
aExplicitBARFailureCount = 0
aChannelWidthSwitchCount = 0
aTwentyMHzFrameTransmittedCount = 29527
aFortyMHzFrameTransmittedCount = 0
aTwentyMHzFrameReceivedCount = 109199
aFortyMHzFrameReceivedCount = 0

====== MIB Counters (91.000 sec) ======
aFailedCount = 447
aRetryCount = 2307
aFrameDuplicateCount = 0
aRTSSuccessCount = 0
aRTSFailureCount = 0
aACKFailureCount = 0
aFCSErrorCount = 0
aTransmittedFrameCount = 21720
aTransmittedAMSDUCount = 0
aFailedAMSDUCount = 0
aRetryAMSDUCount = 0
aTransmittedOctetsInAMSDUCount = 0
aAMSDUAckFailureCount = 0
aReceivedAMSDUCount = 0
aReceivedOctetsInAMSDUCount = 0
aTransmittedAMPDUCount = 0
aTransmittedMPDUsInAMPDUCount = 0
aTransmittedOctetsInAMPDUCount = 0
aAMPDUReceivedCount = 0
aMPDUInReceivedAMPDUCount = 0
aReceivedOctetsInAMPDUCount = 0
aAMPDUDelimiterCRCErrorCount = 0
aExplicitBARFailureCount = 0
aChannelWidthSwitchCount = 0
aTwentyMHzFrameTransmittedCount = 30073
aFortyMHzFrameTransmittedCount = 0
aTwentyMHzFrameReceivedCount = 110349
aFortyMHzFrameReceivedCount = 0

====== MIB Counters (92.000 sec) ======
aFailedCount = 450
aRetryCount = 2364
aFrameDuplicateCount = 0
aRTSSuccessCount = 0
aRTSFailureCount = 0
aACKFailureCount = 0
aFCSErrorCount = 0
aTransmittedFrameCount = 22118
aTransmittedAMSDUCount = 0
aFailedAMSDUCount = 0
aRetryAMSDUCount = 0
aTransmittedOctetsInAMSDUCount = 0
aAMSDUAckFailureCount = 0
aReceivedAMSDUCount = 0
aReceivedOctetsInAMSDUCount = 0
aTransmittedAMPDUCount = 0
aTransmittedMPDUsInAMPDUCount = 0
aTransmittedOctetsInAMPDUCount = 0
aAMPDUReceivedCount = 0
aMPDUInReceivedAMPDUCount = 0
aReceivedOctetsInAMPDUCount = 0
aAMPDUDelimiterCRCErrorCount = 0
aExplicitBARFailureCount = 0
aChannelWidthSwitchCount = 0
aTwentyMHzFrameTransmittedCount = 30583
aFortyMHzFrameTransmittedCount = 0
aTwentyMHzFrameReceivedCount = 111533
aFortyMHzFrameReceivedCount = 0

====== MIB Counters (93.000 sec) ======
aFailedCount = 455
aRetryCount = 2419
aFrameDuplicateCount = 0
aRTSSuccessCount = 0
aRTSFailureCount = 0
aACKFailureCount = 0
aFCSErrorCount = 0
aTransmittedFrameCount = 22327
aTransmittedAMSDUCount = 0
aFailedAMSDUCount = 0
aRetryAMSDUCount = 0
aTransmittedOctetsInAMSDUCount = 0
aAMSDUAckFailureCount = 0
aReceivedAMSDUCount = 0
aReceivedOctetsInAMSDUCount = 0
aTransmittedAMPDUCount = 0
aTransmittedMPDUsInAMPDUCount = 0
aTransmittedOctetsInAMPDUCount = 0
aAMPDUReceivedCount = 0
aMPDUInReceivedAMPDUCount = 0
aReceivedOctetsInAMPDUCount = 0
aAMPDUDelimiterCRCErrorCount = 0
aExplicitBARFailureCount = 0
aChannelWidthSwitchCount = 0
aTwentyMHzFrameTransmittedCount = 30943
aFortyMHzFrameTransmittedCount = 0
aTwentyMHzFrameReceivedCount = 113121
aFortyMHzFrameReceivedCount = 0

====== MIB Counters (94.000 sec) ======
aFailedCount = 460
aRetryCount = 2466
aFrameDuplicateCount = 0
aRTSSuccessCount = 0
aRTSFailureCount = 0
aACKFailureCount = 0
aFCSErrorCount = 0
aTransmittedFrameCount = 22606
aTransmittedAMSDUCount = 0
aFailedAMSDUCount = 0
aRetryAMSDUCount = 0
aTransmittedOctetsInAMSDUCount = 0
aAMSDUAckFailureCount = 0
aReceivedAMSDUCount = 0
aReceivedOctetsInAMSDUCount = 0
aTransmittedAMPDUCount = 0
aTransmittedMPDUsInAMPDUCount = 0
aTransmittedOctetsInAMPDUCount = 0
aAMPDUReceivedCount = 0
aMPDUInReceivedAMPDUCount = 0
aReceivedOctetsInAMPDUCount = 0
aAMPDUDelimiterCRCErrorCount = 0
aExplicitBARFailureCount = 0
aChannelWidthSwitchCount = 0
aTwentyMHzFrameTransmittedCount = 31336
aFortyMHzFrameTransmittedCount = 0
aTwentyMHzFrameReceivedCount = 114536
aFortyMHzFrameReceivedCount = 0

====== MIB Counters (95.000 sec) ======
aFailedCount = 460
aRetryCount = 2531
aFrameDuplicateCount = 0
aRTSSuccessCount = 0
aRTSFailureCount = 0
aACKFailureCount = 0
aFCSErrorCount = 0
aTransmittedFrameCount = 22961
aTransmittedAMSDUCount = 0
aFailedAMSDUCount = 0
aRetryAMSDUCount = 0
aTransmittedOctetsInAMSDUCount = 0
aAMSDUAckFailureCount = 0
aReceivedAMSDUCount = 0
aReceivedOctetsInAMSDUCount = 0
aTransmittedAMPDUCount = 0
aTransmittedMPDUsInAMPDUCount = 0
aTransmittedOctetsInAMPDUCount = 0
aAMPDUReceivedCount = 0
aMPDUInReceivedAMPDUCount = 0
aReceivedOctetsInAMPDUCount = 0
aAMPDUDelimiterCRCErrorCount = 0
aExplicitBARFailureCount = 0
aChannelWidthSwitchCount = 0
aTwentyMHzFrameTransmittedCount = 31805
aFortyMHzFrameTransmittedCount = 0
aTwentyMHzFrameReceivedCount = 115844
aFortyMHzFrameReceivedCount = 0

====== MIB Counters (96.000 sec) ======
aFailedCount = 462
aRetryCount = 2576
aFrameDuplicateCount = 0
aRTSSuccessCount = 0
aRTSFailureCount = 0
aACKFailureCount = 0
aFCSErrorCount = 0
aTransmittedFrameCount = 23273
aTransmittedAMSDUCount = 0
aFailedAMSDUCount = 0
aRetryAMSDUCount = 0
aTransmittedOctetsInAMSDUCount = 0
aAMSDUAckFailureCount = 0
aReceivedAMSDUCount = 0
aReceivedOctetsInAMSDUCount = 0
aTransmittedAMPDUCount = 0
aTransmittedMPDUsInAMPDUCount = 0
aTransmittedOctetsInAMPDUCount = 0
aAMPDUReceivedCount = 0
aMPDUInReceivedAMPDUCount = 0
aReceivedOctetsInAMPDUCount = 0
aAMPDUDelimiterCRCErrorCount = 0
aExplicitBARFailureCount = 0
aChannelWidthSwitchCount = 0
aTwentyMHzFrameTransmittedCount = 32223
aFortyMHzFrameTransmittedCount = 0
aTwentyMHzFrameReceivedCount = 117163
aFortyMHzFrameReceivedCount = 0

====== MIB Counters (97.000 sec) ======
aFailedCount = 465
aRetryCount = 2619
aFrameDuplicateCount = 0
aRTSSuccessCount = 0
aRTSFailureCount = 0
aACKFailureCount = 0
aFCSErrorCount = 0
aTransmittedFrameCount = 23568
aTransmittedAMSDUCount = 0
aFailedAMSDUCount = 0
aRetryAMSDUCount = 0
aTransmittedOctetsInAMSDUCount = 0
aAMSDUAckFailureCount = 0
aReceivedAMSDUCount = 0
aReceivedOctetsInAMSDUCount = 0
aTransmittedAMPDUCount = 0
aTransmittedMPDUsInAMPDUCount = 0
aTransmittedOctetsInAMPDUCount = 0
aAMPDUReceivedCount = 0
aMPDUInReceivedAMPDUCount = 0
aReceivedOctetsInAMPDUCount = 0
aAMPDUDelimiterCRCErrorCount = 0
aExplicitBARFailureCount = 0
aChannelWidthSwitchCount = 0
aTwentyMHzFrameTransmittedCount = 32619
aFortyMHzFrameTransmittedCount = 0
aTwentyMHzFrameReceivedCount = 118637
aFortyMHzFrameReceivedCount = 0

====== MIB Counters (98.000 sec) ======
aFailedCount = 466
aRetryCount = 2632
aFrameDuplicateCount = 0
aRTSSuccessCount = 0
aRTSFailureCount = 0
aACKFailureCount = 0
aFCSErrorCount = 0
aTransmittedFrameCount = 24076
aTransmittedAMSDUCount = 0
aFailedAMSDUCount = 0
aRetryAMSDUCount = 0
aTransmittedOctetsInAMSDUCount = 0
aAMSDUAckFailureCount = 0
aReceivedAMSDUCount = 0
aReceivedOctetsInAMSDUCount = 0
aTransmittedAMPDUCount = 0
aTransmittedMPDUsInAMPDUCount = 0
aTransmittedOctetsInAMPDUCount = 0
aAMPDUReceivedCount = 0
aMPDUInReceivedAMPDUCount = 0
aReceivedOctetsInAMPDUCount = 0
aAMPDUDelimiterCRCErrorCount = 0
aExplicitBARFailureCount = 0
aChannelWidthSwitchCount = 0
aTwentyMHzFrameTransmittedCount = 33170
aFortyMHzFrameTransmittedCount = 0
aTwentyMHzFrameReceivedCount = 119874
aFortyMHzFrameReceivedCount = 0

====== MIB Counters (99.000 sec) ======
aFailedCount = 469
aRetryCount = 2696
aFrameDuplicateCount = 0
aRTSSuccessCount = 0
aRTSFailureCount = 0
aACKFailureCount = 0
aFCSErrorCount = 0
aTransmittedFrameCount = 24395
aTransmittedAMSDUCount = 0
aFailedAMSDUCount = 0
aRetryAMSDUCount = 0
aTransmittedOctetsInAMSDUCount = 0
aAMSDUAckFailureCount = 0
aReceivedAMSDUCount = 0
aReceivedOctetsInAMSDUCount = 0
aTransmittedAMPDUCount = 0
aTransmittedMPDUsInAMPDUCount = 0
aTransmittedOctetsInAMPDUCount = 0
aAMPDUReceivedCount = 0
aMPDUInReceivedAMPDUCount = 0
aReceivedOctetsInAMPDUCount = 0
aAMPDUDelimiterCRCErrorCount = 0
aExplicitBARFailureCount = 0
aChannelWidthSwitchCount = 0
aTwentyMHzFrameTransmittedCount = 33646
aFortyMHzFrameTransmittedCount = 0
aTwentyMHzFrameReceivedCount = 121061
aFortyMHzFrameReceivedCount = 0

====== MIB Counters (100.000 sec) ======
aFailedCount = 471
aRetryCount = 2776
aFrameDuplicateCount = 0
aRTSSuccessCount = 0
aRTSFailureCount = 0
aACKFailureCount = 0
aFCSErrorCount = 0
aTransmittedFrameCount = 24638
aTransmittedAMSDUCount = 0
aFailedAMSDUCount = 0
aRetryAMSDUCount = 0
aTransmittedOctetsInAMSDUCount = 0
aAMSDUAckFailureCount = 0
aReceivedAMSDUCount = 0
aReceivedOctetsInAMSDUCount = 0
aTransmittedAMPDUCount = 0
aTransmittedMPDUsInAMPDUCount = 0
aTransmittedOctetsInAMPDUCount = 0
aAMPDUReceivedCount = 0
aMPDUInReceivedAMPDUCount = 0
aReceivedOctetsInAMPDUCount = 0
aAMPDUDelimiterCRCErrorCount = 0
aExplicitBARFailureCount = 0
aChannelWidthSwitchCount = 0
aTwentyMHzFrameTransmittedCount = 34078
aFortyMHzFrameTransmittedCount = 0
aTwentyMHzFrameReceivedCount = 122204
aFortyMHzFrameReceivedCount = 0
