
====== MIB Counters (1.000 sec) ======
aFailedCount = 0
aRetryCount = 0
aFrameDuplicateCount = 0
aRTSSuccessCount = 0
aRTSFailureCount = 0
aACKFailureCount = 0
aFCSErrorCount = 0
aTransmittedFrameCount = 3
aTransmittedAMSDUCount = 0
aFailedAMSDUCount = 0
aRetryAMSDUCount = 0
aTransmittedOctetsInAMSDUCount = 0
aAMSDUAckFailureCount = 0
aReceivedAMSDUCount = 0
aReceivedOctetsInAMSDUCount = 0
aTransmittedAMPDUCount = 0
aTransmittedMPDUsInAMPDUCount = 0
aTransmittedOctetsInAMPDUCount = 0
aAMPDUReceivedCount = 0
aMPDUInReceivedAMPDUCount = 0
aReceivedOctetsInAMPDUCount = 0
aAMPDUDelimiterCRCErrorCount = 0
aExplicitBARFailureCount = 0
aChannelWidthSwitchCount = 0
aTwentyMHzFrameTransmittedCount = 14
aFortyMHzFrameTransmittedCount = 0
aTwentyMHzFrameReceivedCount = 256
aFortyMHzFrameReceivedCount = 0

====== MIB Counters (2.000 sec) ======
aFailedCount = 0
aRetryCount = 3
aFrameDuplicateCount = 0
aRTSSuccessCount = 0
aRTSFailureCount = 0
aACKFailureCount = 0
aFCSErrorCount = 0
aTransmittedFrameCount = 8
aTransmittedAMSDUCount = 0
aFailedAMSDUCount = 0
aRetryAMSDUCount = 0
aTransmittedOctetsInAMSDUCount = 0
aAMSDUAckFailureCount = 0
aReceivedAMSDUCount = 0
aReceivedOctetsInAMSDUCount = 0
aTransmittedAMPDUCount = 0
aTransmittedMPDUsInAMPDUCount = 0
aTransmittedOctetsInAMPDUCount = 0
aAMPDUReceivedCount = 0
aMPDUInReceivedAMPDUCount = 0
aReceivedOctetsInAMPDUCount = 0
aAMPDUDelimiterCRCErrorCount = 0
aExplicitBARFailureCount = 0
aChannelWidthSwitchCount = 0
aTwentyMHzFrameTransmittedCount = 34
aFortyMHzFrameTransmittedCount = 0
aTwentyMHzFrameReceivedCount = 481
aFortyMHzFrameReceivedCount = 0

====== MIB Counters (3.000 sec) ======
aFailedCount = 4
aRetryCount = 7
aFrameDuplicateCount = 0
aRTSSuccessCount = 0
aRTSFailureCount = 0
aACKFailureCount = 0
aFCSErrorCount = 0
aTransmittedFrameCount = 13
aTransmittedAMSDUCount = 0
aFailedAMSDUCount = 0
aRetryAMSDUCount = 0
aTransmittedOctetsInAMSDUCount = 0
aAMSDUAckFailureCount = 0
aReceivedAMSDUCount = 0
aReceivedOctetsInAMSDUCount = 0
aTransmittedAMPDUCount = 0
aTransmittedMPDUsInAMPDUCount = 0
aTransmittedOctetsInAMPDUCount = 0
aAMPDUReceivedCount = 0
aMPDUInReceivedAMPDUCount = 0
aReceivedOctetsInAMPDUCount = 0
aAMPDUDelimiterCRCErrorCount = 0
aExplicitBARFailureCount = 0
aChannelWidthSwitchCount = 0
aTwentyMHzFrameTransmittedCount = 91
aFortyMHzFrameTransmittedCount = 0
aTwentyMHzFrameReceivedCount = 2146
aFortyMHzFrameReceivedCount = 0

====== MIB Counters (4.000 sec) ======
aFailedCount = 4
aRetryCount = 8
aFrameDuplicateCount = 0
aRTSSuccessCount = 0
aRTSFailureCount = 0
aACKFailureCount = 0
aFCSErrorCount = 0
aTransmittedFrameCount = 21
aTransmittedAMSDUCount = 0
aFailedAMSDUCount = 0
aRetryAMSDUCount = 0
aTransmittedOctetsInAMSDUCount = 0
aAMSDUAckFailureCount = 0
aReceivedAMSDUCount = 0
aReceivedOctetsInAMSDUCount = 0
aTransmittedAMPDUCount = 0
aTransmittedMPDUsInAMPDUCount = 0
aTransmittedOctetsInAMPDUCount = 0
aAMPDUReceivedCount = 0
aMPDUInReceivedAMPDUCount = 0
aReceivedOctetsInAMPDUCount = 0
aAMPDUDelimiterCRCErrorCount = 0
aExplicitBARFailureCount = 0
aChannelWidthSwitchCount = 0
aTwentyMHzFrameTransmittedCount = 111
aFortyMHzFrameTransmittedCount = 0
aTwentyMHzFrameReceivedCount = 3689
aFortyMHzFrameReceivedCount = 0

====== MIB Counters (5.000 sec) ======
aFailedCount = 4
aRetryCount = 10
aFrameDuplicateCount = 0
aRTSSuccessCount = 0
aRTSFailureCount = 0
aACKFailureCount = 0
aFCSErrorCount = 0
aTransmittedFrameCount = 23
aTransmittedAMSDUCount = 0
aFailedAMSDUCount = 0
aRetryAMSDUCount = 0
aTransmittedOctetsInAMSDUCount = 0
aAMSDUAckFailureCount = 0
aReceivedAMSDUCount = 0
aReceivedOctetsInAMSDUCount = 0
aTransmittedAMPDUCount = 0
aTransmittedMPDUsInAMPDUCount = 0
aTransmittedOctetsInAMPDUCount = 0
aAMPDUReceivedCount = 0
aMPDUInReceivedAMPDUCount = 0
aReceivedOctetsInAMPDUCount = 0
aAMPDUDelimiterCRCErrorCount = 0
aExplicitBARFailureCount = 0
aChannelWidthSwitchCount = 0
aTwentyMHzFrameTransmittedCount = 118
aFortyMHzFrameTransmittedCount = 0
aTwentyMHzFrameReceivedCount = 5073
aFortyMHzFrameReceivedCount = 0

====== MIB Counters (6.000 sec) ======
aFailedCount = 4
aRetryCount = 10
aFrameDuplicateCount = 0
aRTSSuccessCount = 0
aRTSFailureCount = 0
aACKFailureCount = 0
aFCSErrorCount = 0
aTransmittedFrameCount = 23
aTransmittedAMSDUCount = 0
aFailedAMSDUCount = 0
aRetryAMSDUCount = 0
aTransmittedOctetsInAMSDUCount = 0
aAMSDUAckFailureCount = 0
aReceivedAMSDUCount = 0
aReceivedOctetsInAMSDUCount = 0
aTransmittedAMPDUCount = 0
aTransmittedMPDUsInAMPDUCount = 0
aTransmittedOctetsInAMPDUCount = 0
aAMPDUReceivedCount = 0
aMPDUInReceivedAMPDUCount = 0
aReceivedOctetsInAMPDUCount = 0
aAMPDUDelimiterCRCErrorCount = 0
aExplicitBARFailureCount = 0
aChannelWidthSwitchCount = 0
aTwentyMHzFrameTransmittedCount = 120
aFortyMHzFrameTransmittedCount = 0
aTwentyMHzFrameReceivedCount = 6500
aFortyMHzFrameReceivedCount = 0

====== MIB Counters (7.000 sec) ======
aFailedCount = 4
aRetryCount = 11
aFrameDuplicateCount = 0
aRTSSuccessCount = 0
aRTSFailureCount = 0
aACKFailureCount = 0
aFCSErrorCount = 0
aTransmittedFrameCount = 24
aTransmittedAMSDUCount = 0
aFailedAMSDUCount = 0
aRetryAMSDUCount = 0
aTransmittedOctetsInAMSDUCount = 0
aAMSDUAckFailureCount = 0
aReceivedAMSDUCount = 0
aReceivedOctetsInAMSDUCount = 0
aTransmittedAMPDUCount = 0
aTransmittedMPDUsInAMPDUCount = 0
aTransmittedOctetsInAMPDUCount = 0
aAMPDUReceivedCount = 0
aMPDUInReceivedAMPDUCount = 0
aReceivedOctetsInAMPDUCount = 0
aAMPDUDelimiterCRCErrorCount = 0
aExplicitBARFailureCount = 0
aChannelWidthSwitchCount = 0
aTwentyMHzFrameTransmittedCount = 127
aFortyMHzFrameTransmittedCount = 0
aTwentyMHzFrameReceivedCount = 8011
aFortyMHzFrameReceivedCount = 0

====== MIB Counters (8.000 sec) ======
aFailedCount = 4
aRetryCount = 11
aFrameDuplicateCount = 0
aRTSSuccessCount = 0
aRTSFailureCount = 0
aACKFailureCount = 0
aFCSErrorCount = 0
aTransmittedFrameCount = 24
aTransmittedAMSDUCount = 0
aFailedAMSDUCount = 0
aRetryAMSDUCount = 0
aTransmittedOctetsInAMSDUCount = 0
aAMSDUAckFailureCount = 0
aReceivedAMSDUCount = 0
aReceivedOctetsInAMSDUCount = 0
aTransmittedAMPDUCount = 0
aTransmittedMPDUsInAMPDUCount = 0
aTransmittedOctetsInAMPDUCount = 0
aAMPDUReceivedCount = 0
aMPDUInReceivedAMPDUCount = 0
aReceivedOctetsInAMPDUCount = 0
aAMPDUDelimiterCRCErrorCount = 0
aExplicitBARFailureCount = 0
aChannelWidthSwitchCount = 0
aTwentyMHzFrameTransmittedCount = 128
aFortyMHzFrameTransmittedCount = 0
aTwentyMHzFrameReceivedCount = 9589
aFortyMHzFrameReceivedCount = 0

====== MIB Counters (9.000 sec) ======
aFailedCount = 4
aRetryCount = 11
aFrameDuplicateCount = 0
aRTSSuccessCount = 0
aRTSFailureCount = 0
aACKFailureCount = 0
aFCSErrorCount = 0
aTransmittedFrameCount = 24
aTransmittedAMSDUCount = 0
aFailedAMSDUCount = 0
aRetryAMSDUCount = 0
aTransmittedOctetsInAMSDUCount = 0
aAMSDUAckFailureCount = 0
aReceivedAMSDUCount = 0
aReceivedOctetsInAMSDUCount = 0
aTransmittedAMPDUCount = 0
aTransmittedMPDUsInAMPDUCount = 0
aTransmittedOctetsInAMPDUCount = 0
aAMPDUReceivedCount = 0
aMPDUInReceivedAMPDUCount = 0
aReceivedOctetsInAMPDUCount = 0
aAMPDUDelimiterCRCErrorCount = 0
aExplicitBARFailureCount = 0
aChannelWidthSwitchCount = 0
aTwentyMHzFrameTransmittedCount = 130
aFortyMHzFrameTransmittedCount = 0
aTwentyMHzFrameReceivedCount = 11186
aFortyMHzFrameReceivedCount = 0

====== MIB Counters (10.000 sec) ======
aFailedCount = 4
aRetryCount = 11
aFrameDuplicateCount = 0
aRTSSuccessCount = 0
aRTSFailureCount = 0
aACKFailureCount = 0
aFCSErrorCount = 0
aTransmittedFrameCount = 24
aTransmittedAMSDUCount = 0
aFailedAMSDUCount = 0
aRetryAMSDUCount = 0
aTransmittedOctetsInAMSDUCount = 0
aAMSDUAckFailureCount = 0
aReceivedAMSDUCount = 0
aReceivedOctetsInAMSDUCount = 0
aTransmittedAMPDUCount = 0
aTransmittedMPDUsInAMPDUCount = 0
aTransmittedOctetsInAMPDUCount = 0
aAMPDUReceivedCount = 0
aMPDUInReceivedAMPDUCount = 0
aReceivedOctetsInAMPDUCount = 0
aAMPDUDelimiterCRCErrorCount = 0
aExplicitBARFailureCount = 0
aChannelWidthSwitchCount = 0
aTwentyMHzFrameTransmittedCount = 131
aFortyMHzFrameTransmittedCount = 0
aTwentyMHzFrameReceivedCount = 12734
aFortyMHzFrameReceivedCount = 0

====== MIB Counters (11.000 sec) ======
aFailedCount = 4
aRetryCount = 11
aFrameDuplicateCount = 0
aRTSSuccessCount = 0
aRTSFailureCount = 0
aACKFailureCount = 0
aFCSErrorCount = 0
aTransmittedFrameCount = 24
aTransmittedAMSDUCount = 0
aFailedAMSDUCount = 0
aRetryAMSDUCount = 0
aTransmittedOctetsInAMSDUCount = 0
aAMSDUAckFailureCount = 0
aReceivedAMSDUCount = 0
aReceivedOctetsInAMSDUCount = 0
aTransmittedAMPDUCount = 0
aTransmittedMPDUsInAMPDUCount = 0
aTransmittedOctetsInAMPDUCount = 0
aAMPDUReceivedCount = 0
aMPDUInReceivedAMPDUCount = 0
aReceivedOctetsInAMPDUCount = 0
aAMPDUDelimiterCRCErrorCount = 0
aExplicitBARFailureCount = 0
aChannelWidthSwitchCount = 0
aTwentyMHzFrameTransmittedCount = 134
aFortyMHzFrameTransmittedCount = 0
aTwentyMHzFrameReceivedCount = 14321
aFortyMHzFrameReceivedCount = 0

====== MIB Counters (12.000 sec) ======
aFailedCount = 4
aRetryCount = 11
aFrameDuplicateCount = 0
aRTSSuccessCount = 0
aRTSFailureCount = 0
aACKFailureCount = 0
aFCSErrorCount = 0
aTransmittedFrameCount = 24
aTransmittedAMSDUCount = 0
aFailedAMSDUCount = 0
aRetryAMSDUCount = 0
aTransmittedOctetsInAMSDUCount = 0
aAMSDUAckFailureCount = 0
aReceivedAMSDUCount = 0
aReceivedOctetsInAMSDUCount = 0
aTransmittedAMPDUCount = 0
aTransmittedMPDUsInAMPDUCount = 0
aTransmittedOctetsInAMPDUCount = 0
aAMPDUReceivedCount = 0
aMPDUInReceivedAMPDUCount = 0
aReceivedOctetsInAMPDUCount = 0
aAMPDUDelimiterCRCErrorCount = 0
aExplicitBARFailureCount = 0
aChannelWidthSwitchCount = 0
aTwentyMHzFrameTransmittedCount = 135
aFortyMHzFrameTransmittedCount = 0
aTwentyMHzFrameReceivedCount = 15933
aFortyMHzFrameReceivedCount = 0

====== MIB Counters (13.000 sec) ======
aFailedCount = 4
aRetryCount = 11
aFrameDuplicateCount = 0
aRTSSuccessCount = 0
aRTSFailureCount = 0
aACKFailureCount = 0
aFCSErrorCount = 0
aTransmittedFrameCount = 24
aTransmittedAMSDUCount = 0
aFailedAMSDUCount = 0
aRetryAMSDUCount = 0
aTransmittedOctetsInAMSDUCount = 0
aAMSDUAckFailureCount = 0
aReceivedAMSDUCount = 0
aReceivedOctetsInAMSDUCount = 0
aTransmittedAMPDUCount = 0
aTransmittedMPDUsInAMPDUCount = 0
aTransmittedOctetsInAMPDUCount = 0
aAMPDUReceivedCount = 0
aMPDUInReceivedAMPDUCount = 0
aReceivedOctetsInAMPDUCount = 0
aAMPDUDelimiterCRCErrorCount = 0
aExplicitBARFailureCount = 0
aChannelWidthSwitchCount = 0
aTwentyMHzFrameTransmittedCount = 139
aFortyMHzFrameTransmittedCount = 0
aTwentyMHzFrameReceivedCount = 17583
aFortyMHzFrameReceivedCount = 0

====== MIB Counters (14.000 sec) ======
aFailedCount = 4
aRetryCount = 11
aFrameDuplicateCount = 0
aRTSSuccessCount = 0
aRTSFailureCount = 0
aACKFailureCount = 0
aFCSErrorCount = 0
aTransmittedFrameCount = 24
aTransmittedAMSDUCount = 0
aFailedAMSDUCount = 0
aRetryAMSDUCount = 0
aTransmittedOctetsInAMSDUCount = 0
aAMSDUAckFailureCount = 0
aReceivedAMSDUCount = 0
aReceivedOctetsInAMSDUCount = 0
aTransmittedAMPDUCount = 0
aTransmittedMPDUsInAMPDUCount = 0
aTransmittedOctetsInAMPDUCount = 0
aAMPDUReceivedCount = 0
aMPDUInReceivedAMPDUCount = 0
aReceivedOctetsInAMPDUCount = 0
aAMPDUDelimiterCRCErrorCount = 0
aExplicitBARFailureCount = 0
aChannelWidthSwitchCount = 0
aTwentyMHzFrameTransmittedCount = 140
aFortyMHzFrameTransmittedCount = 0
aTwentyMHzFrameReceivedCount = 19228
aFortyMHzFrameReceivedCount = 0

====== MIB Counters (15.000 sec) ======
aFailedCount = 4
aRetryCount = 11
aFrameDuplicateCount = 0
aRTSSuccessCount = 0
aRTSFailureCount = 0
aACKFailureCount = 0
aFCSErrorCount = 0
aTransmittedFrameCount = 24
aTransmittedAMSDUCount = 0
aFailedAMSDUCount = 0
aRetryAMSDUCount = 0
aTransmittedOctetsInAMSDUCount = 0
aAMSDUAckFailureCount = 0
aReceivedAMSDUCount = 0
aReceivedOctetsInAMSDUCount = 0
aTransmittedAMPDUCount = 0
aTransmittedMPDUsInAMPDUCount = 0
aTransmittedOctetsInAMPDUCount = 0
aAMPDUReceivedCount = 0
aMPDUInReceivedAMPDUCount = 0
aReceivedOctetsInAMPDUCount = 0
aAMPDUDelimiterCRCErrorCount = 0
aExplicitBARFailureCount = 0
aChannelWidthSwitchCount = 0
aTwentyMHzFrameTransmittedCount = 144
aFortyMHzFrameTransmittedCount = 0
aTwentyMHzFrameReceivedCount = 20895
aFortyMHzFrameReceivedCount = 0

====== MIB Counters (16.000 sec) ======
aFailedCount = 4
aRetryCount = 11
aFrameDuplicateCount = 0
aRTSSuccessCount = 0
aRTSFailureCount = 0
aACKFailureCount = 0
aFCSErrorCount = 0
aTransmittedFrameCount = 24
aTransmittedAMSDUCount = 0
aFailedAMSDUCount = 0
aRetryAMSDUCount = 0
aTransmittedOctetsInAMSDUCount = 0
aAMSDUAckFailureCount = 0
aReceivedAMSDUCount = 0
aReceivedOctetsInAMSDUCount = 0
aTransmittedAMPDUCount = 0
aTransmittedMPDUsInAMPDUCount = 0
aTransmittedOctetsInAMPDUCount = 0
aAMPDUReceivedCount = 0
aMPDUInReceivedAMPDUCount = 0
aReceivedOctetsInAMPDUCount = 0
aAMPDUDelimiterCRCErrorCount = 0
aExplicitBARFailureCount = 0
aChannelWidthSwitchCount = 0
aTwentyMHzFrameTransmittedCount = 147
aFortyMHzFrameTransmittedCount = 0
aTwentyMHzFrameReceivedCount = 22612
aFortyMHzFrameReceivedCount = 0

====== MIB Counters (17.000 sec) ======
aFailedCount = 4
aRetryCount = 11
aFrameDuplicateCount = 0
aRTSSuccessCount = 0
aRTSFailureCount = 0
aACKFailureCount = 0
aFCSErrorCount = 0
aTransmittedFrameCount = 24
aTransmittedAMSDUCount = 0
aFailedAMSDUCount = 0
aRetryAMSDUCount = 0
aTransmittedOctetsInAMSDUCount = 0
aAMSDUAckFailureCount = 0
aReceivedAMSDUCount = 0
aReceivedOctetsInAMSDUCount = 0
aTransmittedAMPDUCount = 0
aTransmittedMPDUsInAMPDUCount = 0
aTransmittedOctetsInAMPDUCount = 0
aAMPDUReceivedCount = 0
aMPDUInReceivedAMPDUCount = 0
aReceivedOctetsInAMPDUCount = 0
aAMPDUDelimiterCRCErrorCount = 0
aExplicitBARFailureCount = 0
aChannelWidthSwitchCount = 0
aTwentyMHzFrameTransmittedCount = 149
aFortyMHzFrameTransmittedCount = 0
aTwentyMHzFrameReceivedCount = 24201
aFortyMHzFrameReceivedCount = 0

====== MIB Counters (18.000 sec) ======
aFailedCount = 4
aRetryCount = 12
aFrameDuplicateCount = 0
aRTSSuccessCount = 0
aRTSFailureCount = 0
aACKFailureCount = 0
aFCSErrorCount = 0
aTransmittedFrameCount = 26
aTransmittedAMSDUCount = 0
aFailedAMSDUCount = 0
aRetryAMSDUCount = 0
aTransmittedOctetsInAMSDUCount = 0
aAMSDUAckFailureCount = 0
aReceivedAMSDUCount = 0
aReceivedOctetsInAMSDUCount = 0
aTransmittedAMPDUCount = 0
aTransmittedMPDUsInAMPDUCount = 0
aTransmittedOctetsInAMPDUCount = 0
aAMPDUReceivedCount = 0
aMPDUInReceivedAMPDUCount = 0
aReceivedOctetsInAMPDUCount = 0
aAMPDUDelimiterCRCErrorCount = 0
aExplicitBARFailureCount = 0
aChannelWidthSwitchCount = 0
aTwentyMHzFrameTransmittedCount = 158
aFortyMHzFrameTransmittedCount = 0
aTwentyMHzFrameReceivedCount = 25829
aFortyMHzFrameReceivedCount = 0

====== MIB Counters (19.000 sec) ======
aFailedCount = 10
aRetryCount = 17
aFrameDuplicateCount = 0
aRTSSuccessCount = 0
aRTSFailureCount = 0
aACKFailureCount = 0
aFCSErrorCount = 0
aTransmittedFrameCount = 45
aTransmittedAMSDUCount = 0
aFailedAMSDUCount = 0
aRetryAMSDUCount = 0
aTransmittedOctetsInAMSDUCount = 0
aAMSDUAckFailureCount = 0
aReceivedAMSDUCount = 0
aReceivedOctetsInAMSDUCount = 0
aTransmittedAMPDUCount = 0
aTransmittedMPDUsInAMPDUCount = 0
aTransmittedOctetsInAMPDUCount = 0
aAMPDUReceivedCount = 0
aMPDUInReceivedAMPDUCount = 0
aReceivedOctetsInAMPDUCount = 0
aAMPDUDelimiterCRCErrorCount = 0
aExplicitBARFailureCount = 0
aChannelWidthSwitchCount = 0
aTwentyMHzFrameTransmittedCount = 265
aFortyMHzFrameTransmittedCount = 0
aTwentyMHzFrameReceivedCount = 27467
aFortyMHzFrameReceivedCount = 0

====== MIB Counters (20.000 sec) ======
aFailedCount = 12
aRetryCount = 21
aFrameDuplicateCount = 0
aRTSSuccessCount = 0
aRTSFailureCount = 0
aACKFailureCount = 0
aFCSErrorCount = 0
aTransmittedFrameCount = 65
aTransmittedAMSDUCount = 0
aFailedAMSDUCount = 0
aRetryAMSDUCount = 0
aTransmittedOctetsInAMSDUCount = 0
aAMSDUAckFailureCount = 0
aReceivedAMSDUCount = 0
aReceivedOctetsInAMSDUCount = 0
aTransmittedAMPDUCount = 0
aTransmittedMPDUsInAMPDUCount = 0
aTransmittedOctetsInAMPDUCount = 0
aAMPDUReceivedCount = 0
aMPDUInReceivedAMPDUCount = 0
aReceivedOctetsInAMPDUCount = 0
aAMPDUDelimiterCRCErrorCount = 0
aExplicitBARFailureCount = 0
aChannelWidthSwitchCount = 0
aTwentyMHzFrameTransmittedCount = 334
aFortyMHzFrameTransmittedCount = 0
aTwentyMHzFrameReceivedCount = 28970
aFortyMHzFrameReceivedCount = 0

====== MIB Counters (21.000 sec) ======
aFailedCount = 12
aRetryCount = 21
aFrameDuplicateCount = 0
aRTSSuccessCount = 0
aRTSFailureCount = 0
aACKFailureCount = 0
aFCSErrorCount = 0
aTransmittedFrameCount = 65
aTransmittedAMSDUCount = 0
aFailedAMSDUCount = 0
aRetryAMSDUCount = 0
aTransmittedOctetsInAMSDUCount = 0
aAMSDUAckFailureCount = 0
aReceivedAMSDUCount = 0
aReceivedOctetsInAMSDUCount = 0
aTransmittedAMPDUCount = 0
aTransmittedMPDUsInAMPDUCount = 0
aTransmittedOctetsInAMPDUCount = 0
aAMPDUReceivedCount = 0
aMPDUInReceivedAMPDUCount = 0
aReceivedOctetsInAMPDUCount = 0
aAMPDUDelimiterCRCErrorCount = 0
aExplicitBARFailureCount = 0
aChannelWidthSwitchCount = 0
aTwentyMHzFrameTransmittedCount = 338
aFortyMHzFrameTransmittedCount = 0
aTwentyMHzFrameReceivedCount = 30443
aFortyMHzFrameReceivedCount = 0

====== MIB Counters (22.000 sec) ======
aFailedCount = 16
aRetryCount = 23
aFrameDuplicateCount = 0
aRTSSuccessCount = 0
aRTSFailureCount = 0
aACKFailureCount = 0
aFCSErrorCount = 0
aTransmittedFrameCount = 69
aTransmittedAMSDUCount = 0
aFailedAMSDUCount = 0
aRetryAMSDUCount = 0
aTransmittedOctetsInAMSDUCount = 0
aAMSDUAckFailureCount = 0
aReceivedAMSDUCount = 0
aReceivedOctetsInAMSDUCount = 0
aTransmittedAMPDUCount = 0
aTransmittedMPDUsInAMPDUCount = 0
aTransmittedOctetsInAMPDUCount = 0
aAMPDUReceivedCount = 0
aMPDUInReceivedAMPDUCount = 0
aReceivedOctetsInAMPDUCount = 0
aAMPDUDelimiterCRCErrorCount = 0
aExplicitBARFailureCount = 0
aChannelWidthSwitchCount = 0
aTwentyMHzFrameTransmittedCount = 382
aFortyMHzFrameTransmittedCount = 0
aTwentyMHzFrameReceivedCount = 31895
aFortyMHzFrameReceivedCount = 0

====== MIB Counters (23.000 sec) ======
aFailedCount = 16
aRetryCount = 23
aFrameDuplicateCount = 0
aRTSSuccessCount = 0
aRTSFailureCount = 0
aACKFailureCount = 0
aFCSErrorCount = 0
aTransmittedFrameCount = 69
aTransmittedAMSDUCount = 0
aFailedAMSDUCount = 0
aRetryAMSDUCount = 0
aTransmittedOctetsInAMSDUCount = 0
aAMSDUAckFailureCount = 0
aReceivedAMSDUCount = 0
aReceivedOctetsInAMSDUCount = 0
aTransmittedAMPDUCount = 0
aTransmittedMPDUsInAMPDUCount = 0
aTransmittedOctetsInAMPDUCount = 0
aAMPDUReceivedCount = 0
aMPDUInReceivedAMPDUCount = 0
aReceivedOctetsInAMPDUCount = 0
aAMPDUDelimiterCRCErrorCount = 0
aExplicitBARFailureCount = 0
aChannelWidthSwitchCount = 0
aTwentyMHzFrameTransmittedCount = 384
aFortyMHzFrameTransmittedCount = 0
aTwentyMHzFrameReceivedCount = 33410
aFortyMHzFrameReceivedCount = 0

====== MIB Counters (24.000 sec) ======
aFailedCount = 16
aRetryCount = 23
aFrameDuplicateCount = 0
aRTSSuccessCount = 0
aRTSFailureCount = 0
aACKFailureCount = 0
aFCSErrorCount = 0
aTransmittedFrameCount = 69
aTransmittedAMSDUCount = 0
aFailedAMSDUCount = 0
aRetryAMSDUCount = 0
aTransmittedOctetsInAMSDUCount = 0
aAMSDUAckFailureCount = 0
aReceivedAMSDUCount = 0
aReceivedOctetsInAMSDUCount = 0
aTransmittedAMPDUCount = 0
aTransmittedMPDUsInAMPDUCount = 0
aTransmittedOctetsInAMPDUCount = 0
aAMPDUReceivedCount = 0
aMPDUInReceivedAMPDUCount = 0
aReceivedOctetsInAMPDUCount = 0
aAMPDUDelimiterCRCErrorCount = 0
aExplicitBARFailureCount = 0
aChannelWidthSwitchCount = 0
aTwentyMHzFrameTransmittedCount = 384
aFortyMHzFrameTransmittedCount = 0
aTwentyMHzFrameReceivedCount = 34885
aFortyMHzFrameReceivedCount = 0

====== MIB Counters (25.000 sec) ======
aFailedCount = 16
aRetryCount = 23
aFrameDuplicateCount = 0
aRTSSuccessCount = 0
aRTSFailureCount = 0
aACKFailureCount = 0
aFCSErrorCount = 0
aTransmittedFrameCount = 69
aTransmittedAMSDUCount = 0
aFailedAMSDUCount = 0
aRetryAMSDUCount = 0
aTransmittedOctetsInAMSDUCount = 0
aAMSDUAckFailureCount = 0
aReceivedAMSDUCount = 0
aReceivedOctetsInAMSDUCount = 0
aTransmittedAMPDUCount = 0
aTransmittedMPDUsInAMPDUCount = 0
aTransmittedOctetsInAMPDUCount = 0
aAMPDUReceivedCount = 0
aMPDUInReceivedAMPDUCount = 0
aReceivedOctetsInAMPDUCount = 0
aAMPDUDelimiterCRCErrorCount = 0
aExplicitBARFailureCount = 0
aChannelWidthSwitchCount = 0
aTwentyMHzFrameTransmittedCount = 385
aFortyMHzFrameTransmittedCount = 0
aTwentyMHzFrameReceivedCount = 36380
aFortyMHzFrameReceivedCount = 0

====== MIB Counters (26.000 sec) ======
aFailedCount = 16
aRetryCount = 23
aFrameDuplicateCount = 0
aRTSSuccessCount = 0
aRTSFailureCount = 0
aACKFailureCount = 0
aFCSErrorCount = 0
aTransmittedFrameCount = 69
aTransmittedAMSDUCount = 0
aFailedAMSDUCount = 0
aRetryAMSDUCount = 0
aTransmittedOctetsInAMSDUCount = 0
aAMSDUAckFailureCount = 0
aReceivedAMSDUCount = 0
aReceivedOctetsInAMSDUCount = 0
aTransmittedAMPDUCount = 0
aTransmittedMPDUsInAMPDUCount = 0
aTransmittedOctetsInAMPDUCount = 0
aAMPDUReceivedCount = 0
aMPDUInReceivedAMPDUCount = 0
aReceivedOctetsInAMPDUCount = 0
aAMPDUDelimiterCRCErrorCount = 0
aExplicitBARFailureCount = 0
aChannelWidthSwitchCount = 0
aTwentyMHzFrameTransmittedCount = 386
aFortyMHzFrameTransmittedCount = 0
aTwentyMHzFrameReceivedCount = 37921
aFortyMHzFrameReceivedCount = 0

====== MIB Counters (27.000 sec) ======
aFailedCount = 16
aRetryCount = 23
aFrameDuplicateCount = 0
aRTSSuccessCount = 0
aRTSFailureCount = 0
aACKFailureCount = 0
aFCSErrorCount = 0
aTransmittedFrameCount = 69
aTransmittedAMSDUCount = 0
aFailedAMSDUCount = 0
aRetryAMSDUCount = 0
aTransmittedOctetsInAMSDUCount = 0
aAMSDUAckFailureCount = 0
aReceivedAMSDUCount = 0
aReceivedOctetsInAMSDUCount = 0
aTransmittedAMPDUCount = 0
aTransmittedMPDUsInAMPDUCount = 0
aTransmittedOctetsInAMPDUCount = 0
aAMPDUReceivedCount = 0
aMPDUInReceivedAMPDUCount = 0
aReceivedOctetsInAMPDUCount = 0
aAMPDUDelimiterCRCErrorCount = 0
aExplicitBARFailureCount = 0
aChannelWidthSwitchCount = 0
aTwentyMHzFrameTransmittedCount = 388
aFortyMHzFrameTransmittedCount = 0
aTwentyMHzFrameReceivedCount = 39423
aFortyMHzFrameReceivedCount = 0

====== MIB Counters (28.000 sec) ======
aFailedCount = 16
aRetryCount = 23
aFrameDuplicateCount = 0
aRTSSuccessCount = 0
aRTSFailureCount = 0
aACKFailureCount = 0
aFCSErrorCount = 0
aTransmittedFrameCount = 69
aTransmittedAMSDUCount = 0
aFailedAMSDUCount = 0
aRetryAMSDUCount = 0
aTransmittedOctetsInAMSDUCount = 0
aAMSDUAckFailureCount = 0
aReceivedAMSDUCount = 0
aReceivedOctetsInAMSDUCount = 0
aTransmittedAMPDUCount = 0
aTransmittedMPDUsInAMPDUCount = 0
aTransmittedOctetsInAMPDUCount = 0
aAMPDUReceivedCount = 0
aMPDUInReceivedAMPDUCount = 0
aReceivedOctetsInAMPDUCount = 0
aAMPDUDelimiterCRCErrorCount = 0
aExplicitBARFailureCount = 0
aChannelWidthSwitchCount = 0
aTwentyMHzFrameTransmittedCount = 389
aFortyMHzFrameTransmittedCount = 0
aTwentyMHzFrameReceivedCount = 40918
aFortyMHzFrameReceivedCount = 0

====== MIB Counters (29.000 sec) ======
aFailedCount = 16
aRetryCount = 23
aFrameDuplicateCount = 0
aRTSSuccessCount = 0
aRTSFailureCount = 0
aACKFailureCount = 0
aFCSErrorCount = 0
aTransmittedFrameCount = 69
aTransmittedAMSDUCount = 0
aFailedAMSDUCount = 0
aRetryAMSDUCount = 0
aTransmittedOctetsInAMSDUCount = 0
aAMSDUAckFailureCount = 0
aReceivedAMSDUCount = 0
aReceivedOctetsInAMSDUCount = 0
aTransmittedAMPDUCount = 0
aTransmittedMPDUsInAMPDUCount = 0
aTransmittedOctetsInAMPDUCount = 0
aAMPDUReceivedCount = 0
aMPDUInReceivedAMPDUCount = 0
aReceivedOctetsInAMPDUCount = 0
aAMPDUDelimiterCRCErrorCount = 0
aExplicitBARFailureCount = 0
aChannelWidthSwitchCount = 0
aTwentyMHzFrameTransmittedCount = 393
aFortyMHzFrameTransmittedCount = 0
aTwentyMHzFrameReceivedCount = 42491
aFortyMHzFrameReceivedCount = 0

====== MIB Counters (30.000 sec) ======
aFailedCount = 17
aRetryCount = 23
aFrameDuplicateCount = 0
aRTSSuccessCount = 0
aRTSFailureCount = 0
aACKFailureCount = 0
aFCSErrorCount = 0
aTransmittedFrameCount = 69
aTransmittedAMSDUCount = 0
aFailedAMSDUCount = 0
aRetryAMSDUCount = 0
aTransmittedOctetsInAMSDUCount = 0
aAMSDUAckFailureCount = 0
aReceivedAMSDUCount = 0
aReceivedOctetsInAMSDUCount = 0
aTransmittedAMPDUCount = 0
aTransmittedMPDUsInAMPDUCount = 0
aTransmittedOctetsInAMPDUCount = 0
aAMPDUReceivedCount = 0
aMPDUInReceivedAMPDUCount = 0
aReceivedOctetsInAMPDUCount = 0
aAMPDUDelimiterCRCErrorCount = 0
aExplicitBARFailureCount = 0
aChannelWidthSwitchCount = 0
aTwentyMHzFrameTransmittedCount = 404
aFortyMHzFrameTransmittedCount = 0
aTwentyMHzFrameReceivedCount = 44009
aFortyMHzFrameReceivedCount = 0

====== MIB Counters (31.000 sec) ======
aFailedCount = 17
aRetryCount = 23
aFrameDuplicateCount = 0
aRTSSuccessCount = 0
aRTSFailureCount = 0
aACKFailureCount = 0
aFCSErrorCount = 0
aTransmittedFrameCount = 69
aTransmittedAMSDUCount = 0
aFailedAMSDUCount = 0
aRetryAMSDUCount = 0
aTransmittedOctetsInAMSDUCount = 0
aAMSDUAckFailureCount = 0
aReceivedAMSDUCount = 0
aReceivedOctetsInAMSDUCount = 0
aTransmittedAMPDUCount = 0
aTransmittedMPDUsInAMPDUCount = 0
aTransmittedOctetsInAMPDUCount = 0
aAMPDUReceivedCount = 0
aMPDUInReceivedAMPDUCount = 0
aReceivedOctetsInAMPDUCount = 0
aAMPDUDelimiterCRCErrorCount = 0
aExplicitBARFailureCount = 0
aChannelWidthSwitchCount = 0
aTwentyMHzFrameTransmittedCount = 408
aFortyMHzFrameTransmittedCount = 0
aTwentyMHzFrameReceivedCount = 45799
aFortyMHzFrameReceivedCount = 0

====== MIB Counters (32.000 sec) ======
aFailedCount = 17
aRetryCount = 23
aFrameDuplicateCount = 0
aRTSSuccessCount = 0
aRTSFailureCount = 0
aACKFailureCount = 0
aFCSErrorCount = 0
aTransmittedFrameCount = 69
aTransmittedAMSDUCount = 0
aFailedAMSDUCount = 0
aRetryAMSDUCount = 0
aTransmittedOctetsInAMSDUCount = 0
aAMSDUAckFailureCount = 0
aReceivedAMSDUCount = 0
aReceivedOctetsInAMSDUCount = 0
aTransmittedAMPDUCount = 0
aTransmittedMPDUsInAMPDUCount = 0
aTransmittedOctetsInAMPDUCount = 0
aAMPDUReceivedCount = 0
aMPDUInReceivedAMPDUCount = 0
aReceivedOctetsInAMPDUCount = 0
aAMPDUDelimiterCRCErrorCount = 0
aExplicitBARFailureCount = 0
aChannelWidthSwitchCount = 0
aTwentyMHzFrameTransmittedCount = 408
aFortyMHzFrameTransmittedCount = 0
aTwentyMHzFrameReceivedCount = 47426
aFortyMHzFrameReceivedCount = 0

====== MIB Counters (33.000 sec) ======
aFailedCount = 17
aRetryCount = 23
aFrameDuplicateCount = 0
aRTSSuccessCount = 0
aRTSFailureCount = 0
aACKFailureCount = 0
aFCSErrorCount = 0
aTransmittedFrameCount = 70
aTransmittedAMSDUCount = 0
aFailedAMSDUCount = 0
aRetryAMSDUCount = 0
aTransmittedOctetsInAMSDUCount = 0
aAMSDUAckFailureCount = 0
aReceivedAMSDUCount = 0
aReceivedOctetsInAMSDUCount = 0
aTransmittedAMPDUCount = 0
aTransmittedMPDUsInAMPDUCount = 0
aTransmittedOctetsInAMPDUCount = 0
aAMPDUReceivedCount = 0
aMPDUInReceivedAMPDUCount = 0
aReceivedOctetsInAMPDUCount = 0
aAMPDUDelimiterCRCErrorCount = 0
aExplicitBARFailureCount = 0
aChannelWidthSwitchCount = 0
aTwentyMHzFrameTransmittedCount = 412
aFortyMHzFrameTransmittedCount = 0
aTwentyMHzFrameReceivedCount = 49040
aFortyMHzFrameReceivedCount = 0

====== MIB Counters (34.000 sec) ======
aFailedCount = 17
aRetryCount = 23
aFrameDuplicateCount = 0
aRTSSuccessCount = 0
aRTSFailureCount = 0
aACKFailureCount = 0
aFCSErrorCount = 0
aTransmittedFrameCount = 70
aTransmittedAMSDUCount = 0
aFailedAMSDUCount = 0
aRetryAMSDUCount = 0
aTransmittedOctetsInAMSDUCount = 0
aAMSDUAckFailureCount = 0
aReceivedAMSDUCount = 0
aReceivedOctetsInAMSDUCount = 0
aTransmittedAMPDUCount = 0
aTransmittedMPDUsInAMPDUCount = 0
aTransmittedOctetsInAMPDUCount = 0
aAMPDUReceivedCount = 0
aMPDUInReceivedAMPDUCount = 0
aReceivedOctetsInAMPDUCount = 0
aAMPDUDelimiterCRCErrorCount = 0
aExplicitBARFailureCount = 0
aChannelWidthSwitchCount = 0
aTwentyMHzFrameTransmittedCount = 415
aFortyMHzFrameTransmittedCount = 0
aTwentyMHzFrameReceivedCount = 50660
aFortyMHzFrameReceivedCount = 0

====== MIB Counters (35.000 sec) ======
aFailedCount = 17
aRetryCount = 23
aFrameDuplicateCount = 0
aRTSSuccessCount = 0
aRTSFailureCount = 0
aACKFailureCount = 0
aFCSErrorCount = 0
aTransmittedFrameCount = 70
aTransmittedAMSDUCount = 0
aFailedAMSDUCount = 0
aRetryAMSDUCount = 0
aTransmittedOctetsInAMSDUCount = 0
aAMSDUAckFailureCount = 0
aReceivedAMSDUCount = 0
aReceivedOctetsInAMSDUCount = 0
aTransmittedAMPDUCount = 0
aTransmittedMPDUsInAMPDUCount = 0
aTransmittedOctetsInAMPDUCount = 0
aAMPDUReceivedCount = 0
aMPDUInReceivedAMPDUCount = 0
aReceivedOctetsInAMPDUCount = 0
aAMPDUDelimiterCRCErrorCount = 0
aExplicitBARFailureCount = 0
aChannelWidthSwitchCount = 0
aTwentyMHzFrameTransmittedCount = 421
aFortyMHzFrameTransmittedCount = 0
aTwentyMHzFrameReceivedCount = 52239
aFortyMHzFrameReceivedCount = 0

====== MIB Counters (36.000 sec) ======
aFailedCount = 17
aRetryCount = 23
aFrameDuplicateCount = 0
aRTSSuccessCount = 0
aRTSFailureCount = 0
aACKFailureCount = 0
aFCSErrorCount = 0
aTransmittedFrameCount = 70
aTransmittedAMSDUCount = 0
aFailedAMSDUCount = 0
aRetryAMSDUCount = 0
aTransmittedOctetsInAMSDUCount = 0
aAMSDUAckFailureCount = 0
aReceivedAMSDUCount = 0
aReceivedOctetsInAMSDUCount = 0
aTransmittedAMPDUCount = 0
aTransmittedMPDUsInAMPDUCount = 0
aTransmittedOctetsInAMPDUCount = 0
aAMPDUReceivedCount = 0
aMPDUInReceivedAMPDUCount = 0
aReceivedOctetsInAMPDUCount = 0
aAMPDUDelimiterCRCErrorCount = 0
aExplicitBARFailureCount = 0
aChannelWidthSwitchCount = 0
aTwentyMHzFrameTransmittedCount = 423
aFortyMHzFrameTransmittedCount = 0
aTwentyMHzFrameReceivedCount = 53798
aFortyMHzFrameReceivedCount = 0

====== MIB Counters (37.000 sec) ======
aFailedCount = 17
aRetryCount = 23
aFrameDuplicateCount = 0
aRTSSuccessCount = 0
aRTSFailureCount = 0
aACKFailureCount = 0
aFCSErrorCount = 0
aTransmittedFrameCount = 70
aTransmittedAMSDUCount = 0
aFailedAMSDUCount = 0
aRetryAMSDUCount = 0
aTransmittedOctetsInAMSDUCount = 0
aAMSDUAckFailureCount = 0
aReceivedAMSDUCount = 0
aReceivedOctetsInAMSDUCount = 0
aTransmittedAMPDUCount = 0
aTransmittedMPDUsInAMPDUCount = 0
aTransmittedOctetsInAMPDUCount = 0
aAMPDUReceivedCount = 0
aMPDUInReceivedAMPDUCount = 0
aReceivedOctetsInAMPDUCount = 0
aAMPDUDelimiterCRCErrorCount = 0
aExplicitBARFailureCount = 0
aChannelWidthSwitchCount = 0
aTwentyMHzFrameTransmittedCount = 435
aFortyMHzFrameTransmittedCount = 0
aTwentyMHzFrameReceivedCount = 55303
aFortyMHzFrameReceivedCount = 0

====== MIB Counters (38.000 sec) ======
aFailedCount = 21
aRetryCount = 26
aFrameDuplicateCount = 0
aRTSSuccessCount = 0
aRTSFailureCount = 0
aACKFailureCount = 0
aFCSErrorCount = 0
aTransmittedFrameCount = 76
aTransmittedAMSDUCount = 0
aFailedAMSDUCount = 0
aRetryAMSDUCount = 0
aTransmittedOctetsInAMSDUCount = 0
aAMSDUAckFailureCount = 0
aReceivedAMSDUCount = 0
aReceivedOctetsInAMSDUCount = 0
aTransmittedAMPDUCount = 0
aTransmittedMPDUsInAMPDUCount = 0
aTransmittedOctetsInAMPDUCount = 0
aAMPDUReceivedCount = 0
aMPDUInReceivedAMPDUCount = 0
aReceivedOctetsInAMPDUCount = 0
aAMPDUDelimiterCRCErrorCount = 0
aExplicitBARFailureCount = 0
aChannelWidthSwitchCount = 0
aTwentyMHzFrameTransmittedCount = 476
aFortyMHzFrameTransmittedCount = 0
aTwentyMHzFrameReceivedCount = 56898
aFortyMHzFrameReceivedCount = 0

====== MIB Counters (39.000 sec) ======
aFailedCount = 21
aRetryCount = 35
aFrameDuplicateCount = 0
aRTSSuccessCount = 0
aRTSFailureCount = 0
aACKFailureCount = 0
aFCSErrorCount = 0
aTransmittedFrameCount = 119
aTransmittedAMSDUCount = 0
aFailedAMSDUCount = 0
aRetryAMSDUCount = 0
aTransmittedOctetsInAMSDUCount = 0
aAMSDUAckFailureCount = 0
aReceivedAMSDUCount = 0
aReceivedOctetsInAMSDUCount = 0
aTransmittedAMPDUCount = 0
aTransmittedMPDUsInAMPDUCount = 0
aTransmittedOctetsInAMPDUCount = 0
aAMPDUReceivedCount = 0
aMPDUInReceivedAMPDUCount = 0
aReceivedOctetsInAMPDUCount = 0
aAMPDUDelimiterCRCErrorCount = 0
aExplicitBARFailureCount = 0
aChannelWidthSwitchCount = 0
aTwentyMHzFrameTransmittedCount = 587
aFortyMHzFrameTransmittedCount = 0
aTwentyMHzFrameReceivedCount = 58625
aFortyMHzFrameReceivedCount = 0

====== MIB Counters (40.000 sec) ======
aFailedCount = 21
aRetryCount = 35
aFrameDuplicateCount = 0
aRTSSuccessCount = 0
aRTSFailureCount = 0
aACKFailureCount = 0
aFCSErrorCount = 0
aTransmittedFrameCount = 119
aTransmittedAMSDUCount = 0
aFailedAMSDUCount = 0
aRetryAMSDUCount = 0
aTransmittedOctetsInAMSDUCount = 0
aAMSDUAckFailureCount = 0
aReceivedAMSDUCount = 0
aReceivedOctetsInAMSDUCount = 0
aTransmittedAMPDUCount = 0
aTransmittedMPDUsInAMPDUCount = 0
aTransmittedOctetsInAMPDUCount = 0
aAMPDUReceivedCount = 0
aMPDUInReceivedAMPDUCount = 0
aReceivedOctetsInAMPDUCount = 0
aAMPDUDelimiterCRCErrorCount = 0
aExplicitBARFailureCount = 0
aChannelWidthSwitchCount = 0
aTwentyMHzFrameTransmittedCount = 588
aFortyMHzFrameTransmittedCount = 0
aTwentyMHzFrameReceivedCount = 59951
aFortyMHzFrameReceivedCount = 0

====== MIB Counters (41.000 sec) ======
aFailedCount = 21
aRetryCount = 35
aFrameDuplicateCount = 0
aRTSSuccessCount = 0
aRTSFailureCount = 0
aACKFailureCount = 0
aFCSErrorCount = 0
aTransmittedFrameCount = 120
aTransmittedAMSDUCount = 0
aFailedAMSDUCount = 0
aRetryAMSDUCount = 0
aTransmittedOctetsInAMSDUCount = 0
aAMSDUAckFailureCount = 0
aReceivedAMSDUCount = 0
aReceivedOctetsInAMSDUCount = 0
aTransmittedAMPDUCount = 0
aTransmittedMPDUsInAMPDUCount = 0
aTransmittedOctetsInAMPDUCount = 0
aAMPDUReceivedCount = 0
aMPDUInReceivedAMPDUCount = 0
aReceivedOctetsInAMPDUCount = 0
aAMPDUDelimiterCRCErrorCount = 0
aExplicitBARFailureCount = 0
aChannelWidthSwitchCount = 0
aTwentyMHzFrameTransmittedCount = 591
aFortyMHzFrameTransmittedCount = 0
aTwentyMHzFrameReceivedCount = 61064
aFortyMHzFrameReceivedCount = 0

====== MIB Counters (42.000 sec) ======
aFailedCount = 21
aRetryCount = 36
aFrameDuplicateCount = 0
aRTSSuccessCount = 0
aRTSFailureCount = 0
aACKFailureCount = 0
aFCSErrorCount = 0
aTransmittedFrameCount = 122
aTransmittedAMSDUCount = 0
aFailedAMSDUCount = 0
aRetryAMSDUCount = 0
aTransmittedOctetsInAMSDUCount = 0
aAMSDUAckFailureCount = 0
aReceivedAMSDUCount = 0
aReceivedOctetsInAMSDUCount = 0
aTransmittedAMPDUCount = 0
aTransmittedMPDUsInAMPDUCount = 0
aTransmittedOctetsInAMPDUCount = 0
aAMPDUReceivedCount = 0
aMPDUInReceivedAMPDUCount = 0
aReceivedOctetsInAMPDUCount = 0
aAMPDUDelimiterCRCErrorCount = 0
aExplicitBARFailureCount = 0
aChannelWidthSwitchCount = 0
aTwentyMHzFrameTransmittedCount = 598
aFortyMHzFrameTransmittedCount = 0
aTwentyMHzFrameReceivedCount = 62125
aFortyMHzFrameReceivedCount = 0

====== MIB Counters (43.000 sec) ======
aFailedCount = 25
aRetryCount = 40
aFrameDuplicateCount = 0
aRTSSuccessCount = 0
aRTSFailureCount = 0
aACKFailureCount = 0
aFCSErrorCount = 0
aTransmittedFrameCount = 135
aTransmittedAMSDUCount = 0
aFailedAMSDUCount = 0
aRetryAMSDUCount = 0
aTransmittedOctetsInAMSDUCount = 0
aAMSDUAckFailureCount = 0
aReceivedAMSDUCount = 0
aReceivedOctetsInAMSDUCount = 0
aTransmittedAMPDUCount = 0
aTransmittedMPDUsInAMPDUCount = 0
aTransmittedOctetsInAMPDUCount = 0
aAMPDUReceivedCount = 0
aMPDUInReceivedAMPDUCount = 0
aReceivedOctetsInAMPDUCount = 0
aAMPDUDelimiterCRCErrorCount = 0
aExplicitBARFailureCount = 0
aChannelWidthSwitchCount = 0
aTwentyMHzFrameTransmittedCount = 667
aFortyMHzFrameTransmittedCount = 0
aTwentyMHzFrameReceivedCount = 63598
aFortyMHzFrameReceivedCount = 0

====== MIB Counters (44.000 sec) ======
aFailedCount = 26
aRetryCount = 41
aFrameDuplicateCount = 0
aRTSSuccessCount = 0
aRTSFailureCount = 0
aACKFailureCount = 0
aFCSErrorCount = 0
aTransmittedFrameCount = 139
aTransmittedAMSDUCount = 0
aFailedAMSDUCount = 0
aRetryAMSDUCount = 0
aTransmittedOctetsInAMSDUCount = 0
aAMSDUAckFailureCount = 0
aReceivedAMSDUCount = 0
aReceivedOctetsInAMSDUCount = 0
aTransmittedAMPDUCount = 0
aTransmittedMPDUsInAMPDUCount = 0
aTransmittedOctetsInAMPDUCount = 0
aAMPDUReceivedCount = 0
aMPDUInReceivedAMPDUCount = 0
aReceivedOctetsInAMPDUCount = 0
aAMPDUDelimiterCRCErrorCount = 0
aExplicitBARFailureCount = 0
aChannelWidthSwitchCount = 0
aTwentyMHzFrameTransmittedCount = 692
aFortyMHzFrameTransmittedCount = 0
aTwentyMHzFrameReceivedCount = 64776
aFortyMHzFrameReceivedCount = 0

====== MIB Counters (45.000 sec) ======
aFailedCount = 26
aRetryCount = 43
aFrameDuplicateCount = 0
aRTSSuccessCount = 0
aRTSFailureCount = 0
aACKFailureCount = 0
aFCSErrorCount = 0
aTransmittedFrameCount = 143
aTransmittedAMSDUCount = 0
aFailedAMSDUCount = 0
aRetryAMSDUCount = 0
aTransmittedOctetsInAMSDUCount = 0
aAMSDUAckFailureCount = 0
aReceivedAMSDUCount = 0
aReceivedOctetsInAMSDUCount = 0
aTransmittedAMPDUCount = 0
aTransmittedMPDUsInAMPDUCount = 0
aTransmittedOctetsInAMPDUCount = 0
aAMPDUReceivedCount = 0
aMPDUInReceivedAMPDUCount = 0
aReceivedOctetsInAMPDUCount = 0
aAMPDUDelimiterCRCErrorCount = 0
aExplicitBARFailureCount = 0
aChannelWidthSwitchCount = 0
aTwentyMHzFrameTransmittedCount = 706
aFortyMHzFrameTransmittedCount = 0
aTwentyMHzFrameReceivedCount = 66124
aFortyMHzFrameReceivedCount = 0

====== MIB Counters (46.000 sec) ======
aFailedCount = 26
aRetryCount = 43
aFrameDuplicateCount = 0
aRTSSuccessCount = 0
aRTSFailureCount = 0
aACKFailureCount = 0
aFCSErrorCount = 0
aTransmittedFrameCount = 144
aTransmittedAMSDUCount = 0
aFailedAMSDUCount = 0
aRetryAMSDUCount = 0
aTransmittedOctetsInAMSDUCount = 0
aAMSDUAckFailureCount = 0
aReceivedAMSDUCount = 0
aReceivedOctetsInAMSDUCount = 0
aTransmittedAMPDUCount = 0
aTransmittedMPDUsInAMPDUCount = 0
aTransmittedOctetsInAMPDUCount = 0
aAMPDUReceivedCount = 0
aMPDUInReceivedAMPDUCount = 0
aReceivedOctetsInAMPDUCount = 0
aAMPDUDelimiterCRCErrorCount = 0
aExplicitBARFailureCount = 0
aChannelWidthSwitchCount = 0
aTwentyMHzFrameTransmittedCount = 710
aFortyMHzFrameTransmittedCount = 0
aTwentyMHzFrameReceivedCount = 67473
aFortyMHzFrameReceivedCount = 0

====== MIB Counters (47.000 sec) ======
aFailedCount = 26
aRetryCount = 45
aFrameDuplicateCount = 0
aRTSSuccessCount = 0
aRTSFailureCount = 0
aACKFailureCount = 0
aFCSErrorCount = 0
aTransmittedFrameCount = 147
aTransmittedAMSDUCount = 0
aFailedAMSDUCount = 0
aRetryAMSDUCount = 0
aTransmittedOctetsInAMSDUCount = 0
aAMSDUAckFailureCount = 0
aReceivedAMSDUCount = 0
aReceivedOctetsInAMSDUCount = 0
aTransmittedAMPDUCount = 0
aTransmittedMPDUsInAMPDUCount = 0
aTransmittedOctetsInAMPDUCount = 0
aAMPDUReceivedCount = 0
aMPDUInReceivedAMPDUCount = 0
aReceivedOctetsInAMPDUCount = 0
aAMPDUDelimiterCRCErrorCount = 0
aExplicitBARFailureCount = 0
aChannelWidthSwitchCount = 0
aTwentyMHzFrameTransmittedCount = 724
aFortyMHzFrameTransmittedCount = 0
aTwentyMHzFrameReceivedCount = 69169
aFortyMHzFrameReceivedCount = 0

====== MIB Counters (48.000 sec) ======
aFailedCount = 26
aRetryCount = 46
aFrameDuplicateCount = 0
aRTSSuccessCount = 0
aRTSFailureCount = 0
aACKFailureCount = 0
aFCSErrorCount = 0
aTransmittedFrameCount = 149
aTransmittedAMSDUCount = 0
aFailedAMSDUCount = 0
aRetryAMSDUCount = 0
aTransmittedOctetsInAMSDUCount = 0
aAMSDUAckFailureCount = 0
aReceivedAMSDUCount = 0
aReceivedOctetsInAMSDUCount = 0
aTransmittedAMPDUCount = 0
aTransmittedMPDUsInAMPDUCount = 0
aTransmittedOctetsInAMPDUCount = 0
aAMPDUReceivedCount = 0
aMPDUInReceivedAMPDUCount = 0
aReceivedOctetsInAMPDUCount = 0
aAMPDUDelimiterCRCErrorCount = 0
aExplicitBARFailureCount = 0
aChannelWidthSwitchCount = 0
aTwentyMHzFrameTransmittedCount = 739
aFortyMHzFrameTransmittedCount = 0
aTwentyMHzFrameReceivedCount = 70999
aFortyMHzFrameReceivedCount = 0

====== MIB Counters (49.000 sec) ======
aFailedCount = 26
aRetryCount = 51
aFrameDuplicateCount = 0
aRTSSuccessCount = 0
aRTSFailureCount = 0
aACKFailureCount = 0
aFCSErrorCount = 0
aTransmittedFrameCount = 160
aTransmittedAMSDUCount = 0
aFailedAMSDUCount = 0
aRetryAMSDUCount = 0
aTransmittedOctetsInAMSDUCount = 0
aAMSDUAckFailureCount = 0
aReceivedAMSDUCount = 0
aReceivedOctetsInAMSDUCount = 0
aTransmittedAMPDUCount = 0
aTransmittedMPDUsInAMPDUCount = 0
aTransmittedOctetsInAMPDUCount = 0
aAMPDUReceivedCount = 0
aMPDUInReceivedAMPDUCount = 0
aReceivedOctetsInAMPDUCount = 0
aAMPDUDelimiterCRCErrorCount = 0
aExplicitBARFailureCount = 0
aChannelWidthSwitchCount = 0
aTwentyMHzFrameTransmittedCount = 781
aFortyMHzFrameTransmittedCount = 0
aTwentyMHzFrameReceivedCount = 72925
aFortyMHzFrameReceivedCount = 0

====== MIB Counters (50.000 sec) ======
aFailedCount = 26
aRetryCount = 53
aFrameDuplicateCount = 0
aRTSSuccessCount = 0
aRTSFailureCount = 0
aACKFailureCount = 0
aFCSErrorCount = 0
aTransmittedFrameCount = 166
aTransmittedAMSDUCount = 0
aFailedAMSDUCount = 0
aRetryAMSDUCount = 0
aTransmittedOctetsInAMSDUCount = 0
aAMSDUAckFailureCount = 0
aReceivedAMSDUCount = 0
aReceivedOctetsInAMSDUCount = 0
aTransmittedAMPDUCount = 0
aTransmittedMPDUsInAMPDUCount = 0
aTransmittedOctetsInAMPDUCount = 0
aAMPDUReceivedCount = 0
aMPDUInReceivedAMPDUCount = 0
aReceivedOctetsInAMPDUCount = 0
aAMPDUDelimiterCRCErrorCount = 0
aExplicitBARFailureCount = 0
aChannelWidthSwitchCount = 0
aTwentyMHzFrameTransmittedCount = 804
aFortyMHzFrameTransmittedCount = 0
aTwentyMHzFrameReceivedCount = 74560
aFortyMHzFrameReceivedCount = 0

====== MIB Counters (51.000 sec) ======
aFailedCount = 29
aRetryCount = 58
aFrameDuplicateCount = 0
aRTSSuccessCount = 0
aRTSFailureCount = 0
aACKFailureCount = 0
aFCSErrorCount = 0
aTransmittedFrameCount = 177
aTransmittedAMSDUCount = 0
aFailedAMSDUCount = 0
aRetryAMSDUCount = 0
aTransmittedOctetsInAMSDUCount = 0
aAMSDUAckFailureCount = 0
aReceivedAMSDUCount = 0
aReceivedOctetsInAMSDUCount = 0
aTransmittedAMPDUCount = 0
aTransmittedMPDUsInAMPDUCount = 0
aTransmittedOctetsInAMPDUCount = 0
aAMPDUReceivedCount = 0
aMPDUInReceivedAMPDUCount = 0
aReceivedOctetsInAMPDUCount = 0
aAMPDUDelimiterCRCErrorCount = 0
aExplicitBARFailureCount = 0
aChannelWidthSwitchCount = 0
aTwentyMHzFrameTransmittedCount = 859
aFortyMHzFrameTransmittedCount = 0
aTwentyMHzFrameReceivedCount = 76180
aFortyMHzFrameReceivedCount = 0

====== MIB Counters (52.000 sec) ======
aFailedCount = 30
aRetryCount = 60
aFrameDuplicateCount = 0
aRTSSuccessCount = 0
aRTSFailureCount = 0
aACKFailureCount = 0
aFCSErrorCount = 0
aTransmittedFrameCount = 180
aTransmittedAMSDUCount = 0
aFailedAMSDUCount = 0
aRetryAMSDUCount = 0
aTransmittedOctetsInAMSDUCount = 0
aAMSDUAckFailureCount = 0
aReceivedAMSDUCount = 0
aReceivedOctetsInAMSDUCount = 0
aTransmittedAMPDUCount = 0
aTransmittedMPDUsInAMPDUCount = 0
aTransmittedOctetsInAMPDUCount = 0
aAMPDUReceivedCount = 0
aMPDUInReceivedAMPDUCount = 0
aReceivedOctetsInAMPDUCount = 0
aAMPDUDelimiterCRCErrorCount = 0
aExplicitBARFailureCount = 0
aChannelWidthSwitchCount = 0
aTwentyMHzFrameTransmittedCount = 883
aFortyMHzFrameTransmittedCount = 0
aTwentyMHzFrameReceivedCount = 77781
aFortyMHzFrameReceivedCount = 0

====== MIB Counters (53.000 sec) ======
aFailedCount = 32
aRetryCount = 72
aFrameDuplicateCount = 0
aRTSSuccessCount = 0
aRTSFailureCount = 0
aACKFailureCount = 0
aFCSErrorCount = 0
aTransmittedFrameCount = 198
aTransmittedAMSDUCount = 0
aFailedAMSDUCount = 0
aRetryAMSDUCount = 0
aTransmittedOctetsInAMSDUCount = 0
aAMSDUAckFailureCount = 0
aReceivedAMSDUCount = 0
aReceivedOctetsInAMSDUCount = 0
aTransmittedAMPDUCount = 0
aTransmittedMPDUsInAMPDUCount = 0
aTransmittedOctetsInAMPDUCount = 0
aAMPDUReceivedCount = 0
aMPDUInReceivedAMPDUCount = 0
aReceivedOctetsInAMPDUCount = 0
aAMPDUDelimiterCRCErrorCount = 0
aExplicitBARFailureCount = 0
aChannelWidthSwitchCount = 0
aTwentyMHzFrameTransmittedCount = 972
aFortyMHzFrameTransmittedCount = 0
aTwentyMHzFrameReceivedCount = 79473
aFortyMHzFrameReceivedCount = 0

====== MIB Counters (54.000 sec) ======
aFailedCount = 32
aRetryCount = 75
aFrameDuplicateCount = 0
aRTSSuccessCount = 0
aRTSFailureCount = 0
aACKFailureCount = 0
aFCSErrorCount = 0
aTransmittedFrameCount = 201
aTransmittedAMSDUCount = 0
aFailedAMSDUCount = 0
aRetryAMSDUCount = 0
aTransmittedOctetsInAMSDUCount = 0
aAMSDUAckFailureCount = 0
aReceivedAMSDUCount = 0
aReceivedOctetsInAMSDUCount = 0
aTransmittedAMPDUCount = 0
aTransmittedMPDUsInAMPDUCount = 0
aTransmittedOctetsInAMPDUCount = 0
aAMPDUReceivedCount = 0
aMPDUInReceivedAMPDUCount = 0
aReceivedOctetsInAMPDUCount = 0
aAMPDUDelimiterCRCErrorCount = 0
aExplicitBARFailureCount = 0
aChannelWidthSwitchCount = 0
aTwentyMHzFrameTransmittedCount = 987
aFortyMHzFrameTransmittedCount = 0
aTwentyMHzFrameReceivedCount = 80937
aFortyMHzFrameReceivedCount = 0

====== MIB Counters (55.000 sec) ======
aFailedCount = 32
aRetryCount = 76
aFrameDuplicateCount = 0
aRTSSuccessCount = 0
aRTSFailureCount = 0
aACKFailureCount = 0
aFCSErrorCount = 0
aTransmittedFrameCount = 203
aTransmittedAMSDUCount = 0
aFailedAMSDUCount = 0
aRetryAMSDUCount = 0
aTransmittedOctetsInAMSDUCount = 0
aAMSDUAckFailureCount = 0
aReceivedAMSDUCount = 0
aReceivedOctetsInAMSDUCount = 0
aTransmittedAMPDUCount = 0
aTransmittedMPDUsInAMPDUCount = 0
aTransmittedOctetsInAMPDUCount = 0
aAMPDUReceivedCount = 0
aMPDUInReceivedAMPDUCount = 0
aReceivedOctetsInAMPDUCount = 0
aAMPDUDelimiterCRCErrorCount = 0
aExplicitBARFailureCount = 0
aChannelWidthSwitchCount = 0
aTwentyMHzFrameTransmittedCount = 994
aFortyMHzFrameTransmittedCount = 0
aTwentyMHzFrameReceivedCount = 82470
aFortyMHzFrameReceivedCount = 0

====== MIB Counters (56.000 sec) ======
aFailedCount = 32
aRetryCount = 76
aFrameDuplicateCount = 0
aRTSSuccessCount = 0
aRTSFailureCount = 0
aACKFailureCount = 0
aFCSErrorCount = 0
aTransmittedFrameCount = 203
aTransmittedAMSDUCount = 0
aFailedAMSDUCount = 0
aRetryAMSDUCount = 0
aTransmittedOctetsInAMSDUCount = 0
aAMSDUAckFailureCount = 0
aReceivedAMSDUCount = 0
aReceivedOctetsInAMSDUCount = 0
aTransmittedAMPDUCount = 0
aTransmittedMPDUsInAMPDUCount = 0
aTransmittedOctetsInAMPDUCount = 0
aAMPDUReceivedCount = 0
aMPDUInReceivedAMPDUCount = 0
aReceivedOctetsInAMPDUCount = 0
aAMPDUDelimiterCRCErrorCount = 0
aExplicitBARFailureCount = 0
aChannelWidthSwitchCount = 0
aTwentyMHzFrameTransmittedCount = 1004
aFortyMHzFrameTransmittedCount = 0
aTwentyMHzFrameReceivedCount = 84081
aFortyMHzFrameReceivedCount = 0

====== MIB Counters (57.000 sec) ======
aFailedCount = 32
aRetryCount = 81
aFrameDuplicateCount = 0
aRTSSuccessCount = 0
aRTSFailureCount = 0
aACKFailureCount = 0
aFCSErrorCount = 0
aTransmittedFrameCount = 218
aTransmittedAMSDUCount = 0
aFailedAMSDUCount = 0
aRetryAMSDUCount = 0
aTransmittedOctetsInAMSDUCount = 0
aAMSDUAckFailureCount = 0
aReceivedAMSDUCount = 0
aReceivedOctetsInAMSDUCount = 0
aTransmittedAMPDUCount = 0
aTransmittedMPDUsInAMPDUCount = 0
aTransmittedOctetsInAMPDUCount = 0
aAMPDUReceivedCount = 0
aMPDUInReceivedAMPDUCount = 0
aReceivedOctetsInAMPDUCount = 0
aAMPDUDelimiterCRCErrorCount = 0
aExplicitBARFailureCount = 0
aChannelWidthSwitchCount = 0
aTwentyMHzFrameTransmittedCount = 1051
aFortyMHzFrameTransmittedCount = 0
aTwentyMHzFrameReceivedCount = 85681
aFortyMHzFrameReceivedCount = 0

====== MIB Counters (58.000 sec) ======
aFailedCount = 35
aRetryCount = 86
aFrameDuplicateCount = 0
aRTSSuccessCount = 0
aRTSFailureCount = 0
aACKFailureCount = 0
aFCSErrorCount = 0
aTransmittedFrameCount = 227
aTransmittedAMSDUCount = 0
aFailedAMSDUCount = 0
aRetryAMSDUCount = 0
aTransmittedOctetsInAMSDUCount = 0
aAMSDUAckFailureCount = 0
aReceivedAMSDUCount = 0
aReceivedOctetsInAMSDUCount = 0
aTransmittedAMPDUCount = 0
aTransmittedMPDUsInAMPDUCount = 0
aTransmittedOctetsInAMPDUCount = 0
aAMPDUReceivedCount = 0
aMPDUInReceivedAMPDUCount = 0
aReceivedOctetsInAMPDUCount = 0
aAMPDUDelimiterCRCErrorCount = 0
aExplicitBARFailureCount = 0
aChannelWidthSwitchCount = 0
aTwentyMHzFrameTransmittedCount = 1112
aFortyMHzFrameTransmittedCount = 0
aTwentyMHzFrameReceivedCount = 87273
aFortyMHzFrameReceivedCount = 0

====== MIB Counters (59.000 sec) ======
aFailedCount = 35
aRetryCount = 87
aFrameDuplicateCount = 0
aRTSSuccessCount = 0
aRTSFailureCount = 0
aACKFailureCount = 0
aFCSErrorCount = 0
aTransmittedFrameCount = 228
aTransmittedAMSDUCount = 0
aFailedAMSDUCount = 0
aRetryAMSDUCount = 0
aTransmittedOctetsInAMSDUCount = 0
aAMSDUAckFailureCount = 0
aReceivedAMSDUCount = 0
aReceivedOctetsInAMSDUCount = 0
aTransmittedAMPDUCount = 0
aTransmittedMPDUsInAMPDUCount = 0
aTransmittedOctetsInAMPDUCount = 0
aAMPDUReceivedCount = 0
aMPDUInReceivedAMPDUCount = 0
aReceivedOctetsInAMPDUCount = 0
aAMPDUDelimiterCRCErrorCount = 0
aExplicitBARFailureCount = 0
aChannelWidthSwitchCount = 0
aTwentyMHzFrameTransmittedCount = 1117
aFortyMHzFrameTransmittedCount = 0
aTwentyMHzFrameReceivedCount = 88793
aFortyMHzFrameReceivedCount = 0

====== MIB Counters (60.000 sec) ======
aFailedCount = 35
aRetryCount = 87
aFrameDuplicateCount = 0
aRTSSuccessCount = 0
aRTSFailureCount = 0
aACKFailureCount = 0
aFCSErrorCount = 0
aTransmittedFrameCount = 228
aTransmittedAMSDUCount = 0
aFailedAMSDUCount = 0
aRetryAMSDUCount = 0
aTransmittedOctetsInAMSDUCount = 0
aAMSDUAckFailureCount = 0
aReceivedAMSDUCount = 0
aReceivedOctetsInAMSDUCount = 0
aTransmittedAMPDUCount = 0
aTransmittedMPDUsInAMPDUCount = 0
aTransmittedOctetsInAMPDUCount = 0
aAMPDUReceivedCount = 0
aMPDUInReceivedAMPDUCount = 0
aReceivedOctetsInAMPDUCount = 0
aAMPDUDelimiterCRCErrorCount = 0
aExplicitBARFailureCount = 0
aChannelWidthSwitchCount = 0
aTwentyMHzFrameTransmittedCount = 1120
aFortyMHzFrameTransmittedCount = 0
aTwentyMHzFrameReceivedCount = 90155
aFortyMHzFrameReceivedCount = 0

====== MIB Counters (61.000 sec) ======
aFailedCount = 35
aRetryCount = 87
aFrameDuplicateCount = 0
aRTSSuccessCount = 0
aRTSFailureCount = 0
aACKFailureCount = 0
aFCSErrorCount = 0
aTransmittedFrameCount = 228
aTransmittedAMSDUCount = 0
aFailedAMSDUCount = 0
aRetryAMSDUCount = 0
aTransmittedOctetsInAMSDUCount = 0
aAMSDUAckFailureCount = 0
aReceivedAMSDUCount = 0
aReceivedOctetsInAMSDUCount = 0
aTransmittedAMPDUCount = 0
aTransmittedMPDUsInAMPDUCount = 0
aTransmittedOctetsInAMPDUCount = 0
aAMPDUReceivedCount = 0
aMPDUInReceivedAMPDUCount = 0
aReceivedOctetsInAMPDUCount = 0
aAMPDUDelimiterCRCErrorCount = 0
aExplicitBARFailureCount = 0
aChannelWidthSwitchCount = 0
aTwentyMHzFrameTransmittedCount = 1122
aFortyMHzFrameTransmittedCount = 0
aTwentyMHzFrameReceivedCount = 91557
aFortyMHzFrameReceivedCount = 0

====== MIB Counters (62.000 sec) ======
aFailedCount = 35
aRetryCount = 87
aFrameDuplicateCount = 0
aRTSSuccessCount = 0
aRTSFailureCount = 0
aACKFailureCount = 0
aFCSErrorCount = 0
aTransmittedFrameCount = 228
aTransmittedAMSDUCount = 0
aFailedAMSDUCount = 0
aRetryAMSDUCount = 0
aTransmittedOctetsInAMSDUCount = 0
aAMSDUAckFailureCount = 0
aReceivedAMSDUCount = 0
aReceivedOctetsInAMSDUCount = 0
aTransmittedAMPDUCount = 0
aTransmittedMPDUsInAMPDUCount = 0
aTransmittedOctetsInAMPDUCount = 0
aAMPDUReceivedCount = 0
aMPDUInReceivedAMPDUCount = 0
aReceivedOctetsInAMPDUCount = 0
aAMPDUDelimiterCRCErrorCount = 0
aExplicitBARFailureCount = 0
aChannelWidthSwitchCount = 0
aTwentyMHzFrameTransmittedCount = 1125
aFortyMHzFrameTransmittedCount = 0
aTwentyMHzFrameReceivedCount = 93001
aFortyMHzFrameReceivedCount = 0

====== MIB Counters (63.000 sec) ======
aFailedCount = 35
aRetryCount = 87
aFrameDuplicateCount = 0
aRTSSuccessCount = 0
aRTSFailureCount = 0
aACKFailureCount = 0
aFCSErrorCount = 0
aTransmittedFrameCount = 228
aTransmittedAMSDUCount = 0
aFailedAMSDUCount = 0
aRetryAMSDUCount = 0
aTransmittedOctetsInAMSDUCount = 0
aAMSDUAckFailureCount = 0
aReceivedAMSDUCount = 0
aReceivedOctetsInAMSDUCount = 0
aTransmittedAMPDUCount = 0
aTransmittedMPDUsInAMPDUCount = 0
aTransmittedOctetsInAMPDUCount = 0
aAMPDUReceivedCount = 0
aMPDUInReceivedAMPDUCount = 0
aReceivedOctetsInAMPDUCount = 0
aAMPDUDelimiterCRCErrorCount = 0
aExplicitBARFailureCount = 0
aChannelWidthSwitchCount = 0
aTwentyMHzFrameTransmittedCount = 1126
aFortyMHzFrameTransmittedCount = 0
aTwentyMHzFrameReceivedCount = 94341
aFortyMHzFrameReceivedCount = 0

====== MIB Counters (64.000 sec) ======
aFailedCount = 35
aRetryCount = 87
aFrameDuplicateCount = 0
aRTSSuccessCount = 0
aRTSFailureCount = 0
aACKFailureCount = 0
aFCSErrorCount = 0
aTransmittedFrameCount = 228
aTransmittedAMSDUCount = 0
aFailedAMSDUCount = 0
aRetryAMSDUCount = 0
aTransmittedOctetsInAMSDUCount = 0
aAMSDUAckFailureCount = 0
aReceivedAMSDUCount = 0
aReceivedOctetsInAMSDUCount = 0
aTransmittedAMPDUCount = 0
aTransmittedMPDUsInAMPDUCount = 0
aTransmittedOctetsInAMPDUCount = 0
aAMPDUReceivedCount = 0
aMPDUInReceivedAMPDUCount = 0
aReceivedOctetsInAMPDUCount = 0
aAMPDUDelimiterCRCErrorCount = 0
aExplicitBARFailureCount = 0
aChannelWidthSwitchCount = 0
aTwentyMHzFrameTransmittedCount = 1128
aFortyMHzFrameTransmittedCount = 0
aTwentyMHzFrameReceivedCount = 95814
aFortyMHzFrameReceivedCount = 0

====== MIB Counters (65.000 sec) ======
aFailedCount = 35
aRetryCount = 87
aFrameDuplicateCount = 0
aRTSSuccessCount = 0
aRTSFailureCount = 0
aACKFailureCount = 0
aFCSErrorCount = 0
aTransmittedFrameCount = 228
aTransmittedAMSDUCount = 0
aFailedAMSDUCount = 0
aRetryAMSDUCount = 0
aTransmittedOctetsInAMSDUCount = 0
aAMSDUAckFailureCount = 0
aReceivedAMSDUCount = 0
aReceivedOctetsInAMSDUCount = 0
aTransmittedAMPDUCount = 0
aTransmittedMPDUsInAMPDUCount = 0
aTransmittedOctetsInAMPDUCount = 0
aAMPDUReceivedCount = 0
aMPDUInReceivedAMPDUCount = 0
aReceivedOctetsInAMPDUCount = 0
aAMPDUDelimiterCRCErrorCount = 0
aExplicitBARFailureCount = 0
aChannelWidthSwitchCount = 0
aTwentyMHzFrameTransmittedCount = 1132
aFortyMHzFrameTransmittedCount = 0
aTwentyMHzFrameReceivedCount = 97357
aFortyMHzFrameReceivedCount = 0

====== MIB Counters (66.000 sec) ======
aFailedCount = 35
aRetryCount = 87
aFrameDuplicateCount = 0
aRTSSuccessCount = 0
aRTSFailureCount = 0
aACKFailureCount = 0
aFCSErrorCount = 0
aTransmittedFrameCount = 228
aTransmittedAMSDUCount = 0
aFailedAMSDUCount = 0
aRetryAMSDUCount = 0
aTransmittedOctetsInAMSDUCount = 0
aAMSDUAckFailureCount = 0
aReceivedAMSDUCount = 0
aReceivedOctetsInAMSDUCount = 0
aTransmittedAMPDUCount = 0
aTransmittedMPDUsInAMPDUCount = 0
aTransmittedOctetsInAMPDUCount = 0
aAMPDUReceivedCount = 0
aMPDUInReceivedAMPDUCount = 0
aReceivedOctetsInAMPDUCount = 0
aAMPDUDelimiterCRCErrorCount = 0
aExplicitBARFailureCount = 0
aChannelWidthSwitchCount = 0
aTwentyMHzFrameTransmittedCount = 1138
aFortyMHzFrameTransmittedCount = 0
aTwentyMHzFrameReceivedCount = 98901
aFortyMHzFrameReceivedCount = 0

====== MIB Counters (67.000 sec) ======
aFailedCount = 35
aRetryCount = 87
aFrameDuplicateCount = 0
aRTSSuccessCount = 0
aRTSFailureCount = 0
aACKFailureCount = 0
aFCSErrorCount = 0
aTransmittedFrameCount = 228
aTransmittedAMSDUCount = 0
aFailedAMSDUCount = 0
aRetryAMSDUCount = 0
aTransmittedOctetsInAMSDUCount = 0
aAMSDUAckFailureCount = 0
aReceivedAMSDUCount = 0
aReceivedOctetsInAMSDUCount = 0
aTransmittedAMPDUCount = 0
aTransmittedMPDUsInAMPDUCount = 0
aTransmittedOctetsInAMPDUCount = 0
aAMPDUReceivedCount = 0
aMPDUInReceivedAMPDUCount = 0
aReceivedOctetsInAMPDUCount = 0
aAMPDUDelimiterCRCErrorCount = 0
aExplicitBARFailureCount = 0
aChannelWidthSwitchCount = 0
aTwentyMHzFrameTransmittedCount = 1144
aFortyMHzFrameTransmittedCount = 0
aTwentyMHzFrameReceivedCount = 100613
aFortyMHzFrameReceivedCount = 0

====== MIB Counters (68.000 sec) ======
aFailedCount = 35
aRetryCount = 87
aFrameDuplicateCount = 0
aRTSSuccessCount = 0
aRTSFailureCount = 0
aACKFailureCount = 0
aFCSErrorCount = 0
aTransmittedFrameCount = 228
aTransmittedAMSDUCount = 0
aFailedAMSDUCount = 0
aRetryAMSDUCount = 0
aTransmittedOctetsInAMSDUCount = 0
aAMSDUAckFailureCount = 0
aReceivedAMSDUCount = 0
aReceivedOctetsInAMSDUCount = 0
aTransmittedAMPDUCount = 0
aTransmittedMPDUsInAMPDUCount = 0
aTransmittedOctetsInAMPDUCount = 0
aAMPDUReceivedCount = 0
aMPDUInReceivedAMPDUCount = 0
aReceivedOctetsInAMPDUCount = 0
aAMPDUDelimiterCRCErrorCount = 0
aExplicitBARFailureCount = 0
aChannelWidthSwitchCount = 0
aTwentyMHzFrameTransmittedCount = 1148
aFortyMHzFrameTransmittedCount = 0
aTwentyMHzFrameReceivedCount = 102166
aFortyMHzFrameReceivedCount = 0

====== MIB Counters (69.000 sec) ======
aFailedCount = 35
aRetryCount = 87
aFrameDuplicateCount = 0
aRTSSuccessCount = 0
aRTSFailureCount = 0
aACKFailureCount = 0
aFCSErrorCount = 0
aTransmittedFrameCount = 228
aTransmittedAMSDUCount = 0
aFailedAMSDUCount = 0
aRetryAMSDUCount = 0
aTransmittedOctetsInAMSDUCount = 0
aAMSDUAckFailureCount = 0
aReceivedAMSDUCount = 0
aReceivedOctetsInAMSDUCount = 0
aTransmittedAMPDUCount = 0
aTransmittedMPDUsInAMPDUCount = 0
aTransmittedOctetsInAMPDUCount = 0
aAMPDUReceivedCount = 0
aMPDUInReceivedAMPDUCount = 0
aReceivedOctetsInAMPDUCount = 0
aAMPDUDelimiterCRCErrorCount = 0
aExplicitBARFailureCount = 0
aChannelWidthSwitchCount = 0
aTwentyMHzFrameTransmittedCount = 1149
aFortyMHzFrameTransmittedCount = 0
aTwentyMHzFrameReceivedCount = 103742
aFortyMHzFrameReceivedCount = 0

====== MIB Counters (70.000 sec) ======
aFailedCount = 35
aRetryCount = 87
aFrameDuplicateCount = 0
aRTSSuccessCount = 0
aRTSFailureCount = 0
aACKFailureCount = 0
aFCSErrorCount = 0
aTransmittedFrameCount = 229
aTransmittedAMSDUCount = 0
aFailedAMSDUCount = 0
aRetryAMSDUCount = 0
aTransmittedOctetsInAMSDUCount = 0
aAMSDUAckFailureCount = 0
aReceivedAMSDUCount = 0
aReceivedOctetsInAMSDUCount = 0
aTransmittedAMPDUCount = 0
aTransmittedMPDUsInAMPDUCount = 0
aTransmittedOctetsInAMPDUCount = 0
aAMPDUReceivedCount = 0
aMPDUInReceivedAMPDUCount = 0
aReceivedOctetsInAMPDUCount = 0
aAMPDUDelimiterCRCErrorCount = 0
aExplicitBARFailureCount = 0
aChannelWidthSwitchCount = 0
aTwentyMHzFrameTransmittedCount = 1155
aFortyMHzFrameTransmittedCount = 0
aTwentyMHzFrameReceivedCount = 105255
aFortyMHzFrameReceivedCount = 0

====== MIB Counters (71.000 sec) ======
aFailedCount = 35
aRetryCount = 87
aFrameDuplicateCount = 0
aRTSSuccessCount = 0
aRTSFailureCount = 0
aACKFailureCount = 0
aFCSErrorCount = 0
aTransmittedFrameCount = 229
aTransmittedAMSDUCount = 0
aFailedAMSDUCount = 0
aRetryAMSDUCount = 0
aTransmittedOctetsInAMSDUCount = 0
aAMSDUAckFailureCount = 0
aReceivedAMSDUCount = 0
aReceivedOctetsInAMSDUCount = 0
aTransmittedAMPDUCount = 0
aTransmittedMPDUsInAMPDUCount = 0
aTransmittedOctetsInAMPDUCount = 0
aAMPDUReceivedCount = 0
aMPDUInReceivedAMPDUCount = 0
aReceivedOctetsInAMPDUCount = 0
aAMPDUDelimiterCRCErrorCount = 0
aExplicitBARFailureCount = 0
aChannelWidthSwitchCount = 0
aTwentyMHzFrameTransmittedCount = 1156
aFortyMHzFrameTransmittedCount = 0
aTwentyMHzFrameReceivedCount = 106805
aFortyMHzFrameReceivedCount = 0

====== MIB Counters (72.000 sec) ======
aFailedCount = 35
aRetryCount = 87
aFrameDuplicateCount = 0
aRTSSuccessCount = 0
aRTSFailureCount = 0
aACKFailureCount = 0
aFCSErrorCount = 0
aTransmittedFrameCount = 229
aTransmittedAMSDUCount = 0
aFailedAMSDUCount = 0
aRetryAMSDUCount = 0
aTransmittedOctetsInAMSDUCount = 0
aAMSDUAckFailureCount = 0
aReceivedAMSDUCount = 0
aReceivedOctetsInAMSDUCount = 0
aTransmittedAMPDUCount = 0
aTransmittedMPDUsInAMPDUCount = 0
aTransmittedOctetsInAMPDUCount = 0
aAMPDUReceivedCount = 0
aMPDUInReceivedAMPDUCount = 0
aReceivedOctetsInAMPDUCount = 0
aAMPDUDelimiterCRCErrorCount = 0
aExplicitBARFailureCount = 0
aChannelWidthSwitchCount = 0
aTwentyMHzFrameTransmittedCount = 1157
aFortyMHzFrameTransmittedCount = 0
aTwentyMHzFrameReceivedCount = 108335
aFortyMHzFrameReceivedCount = 0

====== MIB Counters (73.000 sec) ======
aFailedCount = 35
aRetryCount = 88
aFrameDuplicateCount = 0
aRTSSuccessCount = 0
aRTSFailureCount = 0
aACKFailureCount = 0
aFCSErrorCount = 0
aTransmittedFrameCount = 230
aTransmittedAMSDUCount = 0
aFailedAMSDUCount = 0
aRetryAMSDUCount = 0
aTransmittedOctetsInAMSDUCount = 0
aAMSDUAckFailureCount = 0
aReceivedAMSDUCount = 0
aReceivedOctetsInAMSDUCount = 0
aTransmittedAMPDUCount = 0
aTransmittedMPDUsInAMPDUCount = 0
aTransmittedOctetsInAMPDUCount = 0
aAMPDUReceivedCount = 0
aMPDUInReceivedAMPDUCount = 0
aReceivedOctetsInAMPDUCount = 0
aAMPDUDelimiterCRCErrorCount = 0
aExplicitBARFailureCount = 0
aChannelWidthSwitchCount = 0
aTwentyMHzFrameTransmittedCount = 1164
aFortyMHzFrameTransmittedCount = 0
aTwentyMHzFrameReceivedCount = 109886
aFortyMHzFrameReceivedCount = 0

====== MIB Counters (74.000 sec) ======
aFailedCount = 35
aRetryCount = 88
aFrameDuplicateCount = 0
aRTSSuccessCount = 0
aRTSFailureCount = 0
aACKFailureCount = 0
aFCSErrorCount = 0
aTransmittedFrameCount = 230
aTransmittedAMSDUCount = 0
aFailedAMSDUCount = 0
aRetryAMSDUCount = 0
aTransmittedOctetsInAMSDUCount = 0
aAMSDUAckFailureCount = 0
aReceivedAMSDUCount = 0
aReceivedOctetsInAMSDUCount = 0
aTransmittedAMPDUCount = 0
aTransmittedMPDUsInAMPDUCount = 0
aTransmittedOctetsInAMPDUCount = 0
aAMPDUReceivedCount = 0
aMPDUInReceivedAMPDUCount = 0
aReceivedOctetsInAMPDUCount = 0
aAMPDUDelimiterCRCErrorCount = 0
aExplicitBARFailureCount = 0
aChannelWidthSwitchCount = 0
aTwentyMHzFrameTransmittedCount = 1169
aFortyMHzFrameTransmittedCount = 0
aTwentyMHzFrameReceivedCount = 111353
aFortyMHzFrameReceivedCount = 0

====== MIB Counters (75.000 sec) ======
aFailedCount = 36
aRetryCount = 90
aFrameDuplicateCount = 0
aRTSSuccessCount = 0
aRTSFailureCount = 0
aACKFailureCount = 0
aFCSErrorCount = 0
aTransmittedFrameCount = 233
aTransmittedAMSDUCount = 0
aFailedAMSDUCount = 0
aRetryAMSDUCount = 0
aTransmittedOctetsInAMSDUCount = 0
aAMSDUAckFailureCount = 0
aReceivedAMSDUCount = 0
aReceivedOctetsInAMSDUCount = 0
aTransmittedAMPDUCount = 0
aTransmittedMPDUsInAMPDUCount = 0
aTransmittedOctetsInAMPDUCount = 0
aAMPDUReceivedCount = 0
aMPDUInReceivedAMPDUCount = 0
aReceivedOctetsInAMPDUCount = 0
aAMPDUDelimiterCRCErrorCount = 0
aExplicitBARFailureCount = 0
aChannelWidthSwitchCount = 0
aTwentyMHzFrameTransmittedCount = 1188
aFortyMHzFrameTransmittedCount = 0
aTwentyMHzFrameReceivedCount = 112974
aFortyMHzFrameReceivedCount = 0

====== MIB Counters (76.000 sec) ======
aFailedCount = 39
aRetryCount = 101
aFrameDuplicateCount = 0
aRTSSuccessCount = 0
aRTSFailureCount = 0
aACKFailureCount = 0
aFCSErrorCount = 0
aTransmittedFrameCount = 253
aTransmittedAMSDUCount = 0
aFailedAMSDUCount = 0
aRetryAMSDUCount = 0
aTransmittedOctetsInAMSDUCount = 0
aAMSDUAckFailureCount = 0
aReceivedAMSDUCount = 0
aReceivedOctetsInAMSDUCount = 0
aTransmittedAMPDUCount = 0
aTransmittedMPDUsInAMPDUCount = 0
aTransmittedOctetsInAMPDUCount = 0
aAMPDUReceivedCount = 0
aMPDUInReceivedAMPDUCount = 0
aReceivedOctetsInAMPDUCount = 0
aAMPDUDelimiterCRCErrorCount = 0
aExplicitBARFailureCount = 0
aChannelWidthSwitchCount = 0
aTwentyMHzFrameTransmittedCount = 1258
aFortyMHzFrameTransmittedCount = 0
aTwentyMHzFrameReceivedCount = 114765
aFortyMHzFrameReceivedCount = 0

====== MIB Counters (77.000 sec) ======
aFailedCount = 39
aRetryCount = 102
aFrameDuplicateCount = 0
aRTSSuccessCount = 0
aRTSFailureCount = 0
aACKFailureCount = 0
aFCSErrorCount = 0
aTransmittedFrameCount = 255
aTransmittedAMSDUCount = 0
aFailedAMSDUCount = 0
aRetryAMSDUCount = 0
aTransmittedOctetsInAMSDUCount = 0
aAMSDUAckFailureCount = 0
aReceivedAMSDUCount = 0
aReceivedOctetsInAMSDUCount = 0
aTransmittedAMPDUCount = 0
aTransmittedMPDUsInAMPDUCount = 0
aTransmittedOctetsInAMPDUCount = 0
aAMPDUReceivedCount = 0
aMPDUInReceivedAMPDUCount = 0
aReceivedOctetsInAMPDUCount = 0
aAMPDUDelimiterCRCErrorCount = 0
aExplicitBARFailureCount = 0
aChannelWidthSwitchCount = 0
aTwentyMHzFrameTransmittedCount = 1266
aFortyMHzFrameTransmittedCount = 0
aTwentyMHzFrameReceivedCount = 116416
aFortyMHzFrameReceivedCount = 0

====== MIB Counters (78.000 sec) ======
aFailedCount = 42
aRetryCount = 103
aFrameDuplicateCount = 0
aRTSSuccessCount = 0
aRTSFailureCount = 0
aACKFailureCount = 0
aFCSErrorCount = 0
aTransmittedFrameCount = 256
aTransmittedAMSDUCount = 0
aFailedAMSDUCount = 0
aRetryAMSDUCount = 0
aTransmittedOctetsInAMSDUCount = 0
aAMSDUAckFailureCount = 0
aReceivedAMSDUCount = 0
aReceivedOctetsInAMSDUCount = 0
aTransmittedAMPDUCount = 0
aTransmittedMPDUsInAMPDUCount = 0
aTransmittedOctetsInAMPDUCount = 0
aAMPDUReceivedCount = 0
aMPDUInReceivedAMPDUCount = 0
aReceivedOctetsInAMPDUCount = 0
aAMPDUDelimiterCRCErrorCount = 0
aExplicitBARFailureCount = 0
aChannelWidthSwitchCount = 0
aTwentyMHzFrameTransmittedCount = 1295
aFortyMHzFrameTransmittedCount = 0
aTwentyMHzFrameReceivedCount = 118063
aFortyMHzFrameReceivedCount = 0

====== MIB Counters (79.000 sec) ======
aFailedCount = 45
aRetryCount = 106
aFrameDuplicateCount = 0
aRTSSuccessCount = 0
aRTSFailureCount = 0
aACKFailureCount = 0
aFCSErrorCount = 0
aTransmittedFrameCount = 259
aTransmittedAMSDUCount = 0
aFailedAMSDUCount = 0
aRetryAMSDUCount = 0
aTransmittedOctetsInAMSDUCount = 0
aAMSDUAckFailureCount = 0
aReceivedAMSDUCount = 0
aReceivedOctetsInAMSDUCount = 0
aTransmittedAMPDUCount = 0
aTransmittedMPDUsInAMPDUCount = 0
aTransmittedOctetsInAMPDUCount = 0
aAMPDUReceivedCount = 0
aMPDUInReceivedAMPDUCount = 0
aReceivedOctetsInAMPDUCount = 0
aAMPDUDelimiterCRCErrorCount = 0
aExplicitBARFailureCount = 0
aChannelWidthSwitchCount = 0
aTwentyMHzFrameTransmittedCount = 1327
aFortyMHzFrameTransmittedCount = 0
aTwentyMHzFrameReceivedCount = 120096
aFortyMHzFrameReceivedCount = 0

====== MIB Counters (80.000 sec) ======
aFailedCount = 46
aRetryCount = 106
aFrameDuplicateCount = 0
aRTSSuccessCount = 0
aRTSFailureCount = 0
aACKFailureCount = 0
aFCSErrorCount = 0
aTransmittedFrameCount = 259
aTransmittedAMSDUCount = 0
aFailedAMSDUCount = 0
aRetryAMSDUCount = 0
aTransmittedOctetsInAMSDUCount = 0
aAMSDUAckFailureCount = 0
aReceivedAMSDUCount = 0
aReceivedOctetsInAMSDUCount = 0
aTransmittedAMPDUCount = 0
aTransmittedMPDUsInAMPDUCount = 0
aTransmittedOctetsInAMPDUCount = 0
aAMPDUReceivedCount = 0
aMPDUInReceivedAMPDUCount = 0
aReceivedOctetsInAMPDUCount = 0
aAMPDUDelimiterCRCErrorCount = 0
aExplicitBARFailureCount = 0
aChannelWidthSwitchCount = 0
aTwentyMHzFrameTransmittedCount = 1336
aFortyMHzFrameTransmittedCount = 0
aTwentyMHzFrameReceivedCount = 122363
aFortyMHzFrameReceivedCount = 0

====== MIB Counters (81.000 sec) ======
aFailedCount = 47
aRetryCount = 107
aFrameDuplicateCount = 0
aRTSSuccessCount = 0
aRTSFailureCount = 0
aACKFailureCount = 0
aFCSErrorCount = 0
aTransmittedFrameCount = 260
aTransmittedAMSDUCount = 0
aFailedAMSDUCount = 0
aRetryAMSDUCount = 0
aTransmittedOctetsInAMSDUCount = 0
aAMSDUAckFailureCount = 0
aReceivedAMSDUCount = 0
aReceivedOctetsInAMSDUCount = 0
aTransmittedAMPDUCount = 0
aTransmittedMPDUsInAMPDUCount = 0
aTransmittedOctetsInAMPDUCount = 0
aAMPDUReceivedCount = 0
aMPDUInReceivedAMPDUCount = 0
aReceivedOctetsInAMPDUCount = 0
aAMPDUDelimiterCRCErrorCount = 0
aExplicitBARFailureCount = 0
aChannelWidthSwitchCount = 0
aTwentyMHzFrameTransmittedCount = 1347
aFortyMHzFrameTransmittedCount = 0
aTwentyMHzFrameReceivedCount = 124035
aFortyMHzFrameReceivedCount = 0

====== MIB Counters (82.000 sec) ======
aFailedCount = 48
aRetryCount = 107
aFrameDuplicateCount = 0
aRTSSuccessCount = 0
aRTSFailureCount = 0
aACKFailureCount = 0
aFCSErrorCount = 0
aTransmittedFrameCount = 260
aTransmittedAMSDUCount = 0
aFailedAMSDUCount = 0
aRetryAMSDUCount = 0
aTransmittedOctetsInAMSDUCount = 0
aAMSDUAckFailureCount = 0
aReceivedAMSDUCount = 0
aReceivedOctetsInAMSDUCount = 0
aTransmittedAMPDUCount = 0
aTransmittedMPDUsInAMPDUCount = 0
aTransmittedOctetsInAMPDUCount = 0
aAMPDUReceivedCount = 0
aMPDUInReceivedAMPDUCount = 0
aReceivedOctetsInAMPDUCount = 0
aAMPDUDelimiterCRCErrorCount = 0
aExplicitBARFailureCount = 0
aChannelWidthSwitchCount = 0
aTwentyMHzFrameTransmittedCount = 1356
aFortyMHzFrameTransmittedCount = 0
aTwentyMHzFrameReceivedCount = 125661
aFortyMHzFrameReceivedCount = 0

====== MIB Counters (83.000 sec) ======
aFailedCount = 49
aRetryCount = 107
aFrameDuplicateCount = 0
aRTSSuccessCount = 0
aRTSFailureCount = 0
aACKFailureCount = 0
aFCSErrorCount = 0
aTransmittedFrameCount = 261
aTransmittedAMSDUCount = 0
aFailedAMSDUCount = 0
aRetryAMSDUCount = 0
aTransmittedOctetsInAMSDUCount = 0
aAMSDUAckFailureCount = 0
aReceivedAMSDUCount = 0
aReceivedOctetsInAMSDUCount = 0
aTransmittedAMPDUCount = 0
aTransmittedMPDUsInAMPDUCount = 0
aTransmittedOctetsInAMPDUCount = 0
aAMPDUReceivedCount = 0
aMPDUInReceivedAMPDUCount = 0
aReceivedOctetsInAMPDUCount = 0
aAMPDUDelimiterCRCErrorCount = 0
aExplicitBARFailureCount = 0
aChannelWidthSwitchCount = 0
aTwentyMHzFrameTransmittedCount = 1365
aFortyMHzFrameTransmittedCount = 0
aTwentyMHzFrameReceivedCount = 127355
aFortyMHzFrameReceivedCount = 0

====== MIB Counters (84.000 sec) ======
aFailedCount = 49
aRetryCount = 108
aFrameDuplicateCount = 0
aRTSSuccessCount = 0
aRTSFailureCount = 0
aACKFailureCount = 0
aFCSErrorCount = 0
aTransmittedFrameCount = 262
aTransmittedAMSDUCount = 0
aFailedAMSDUCount = 0
aRetryAMSDUCount = 0
aTransmittedOctetsInAMSDUCount = 0
aAMSDUAckFailureCount = 0
aReceivedAMSDUCount = 0
aReceivedOctetsInAMSDUCount = 0
aTransmittedAMPDUCount = 0
aTransmittedMPDUsInAMPDUCount = 0
aTransmittedOctetsInAMPDUCount = 0
aAMPDUReceivedCount = 0
aMPDUInReceivedAMPDUCount = 0
aReceivedOctetsInAMPDUCount = 0
aAMPDUDelimiterCRCErrorCount = 0
aExplicitBARFailureCount = 0
aChannelWidthSwitchCount = 0
aTwentyMHzFrameTransmittedCount = 1373
aFortyMHzFrameTransmittedCount = 0
aTwentyMHzFrameReceivedCount = 128693
aFortyMHzFrameReceivedCount = 0

====== MIB Counters (85.000 sec) ======
aFailedCount = 49
aRetryCount = 112
aFrameDuplicateCount = 0
aRTSSuccessCount = 0
aRTSFailureCount = 0
aACKFailureCount = 0
aFCSErrorCount = 0
aTransmittedFrameCount = 276
aTransmittedAMSDUCount = 0
aFailedAMSDUCount = 0
aRetryAMSDUCount = 0
aTransmittedOctetsInAMSDUCount = 0
aAMSDUAckFailureCount = 0
aReceivedAMSDUCount = 0
aReceivedOctetsInAMSDUCount = 0
aTransmittedAMPDUCount = 0
aTransmittedMPDUsInAMPDUCount = 0
aTransmittedOctetsInAMPDUCount = 0
aAMPDUReceivedCount = 0
aMPDUInReceivedAMPDUCount = 0
aReceivedOctetsInAMPDUCount = 0
aAMPDUDelimiterCRCErrorCount = 0
aExplicitBARFailureCount = 0
aChannelWidthSwitchCount = 0
aTwentyMHzFrameTransmittedCount = 1407
aFortyMHzFrameTransmittedCount = 0
aTwentyMHzFrameReceivedCount = 129967
aFortyMHzFrameReceivedCount = 0

====== MIB Counters (86.000 sec) ======
aFailedCount = 49
aRetryCount = 114
aFrameDuplicateCount = 0
aRTSSuccessCount = 0
aRTSFailureCount = 0
aACKFailureCount = 0
aFCSErrorCount = 0
aTransmittedFrameCount = 281
aTransmittedAMSDUCount = 0
aFailedAMSDUCount = 0
aRetryAMSDUCount = 0
aTransmittedOctetsInAMSDUCount = 0
aAMSDUAckFailureCount = 0
aReceivedAMSDUCount = 0
aReceivedOctetsInAMSDUCount = 0
aTransmittedAMPDUCount = 0
aTransmittedMPDUsInAMPDUCount = 0
aTransmittedOctetsInAMPDUCount = 0
aAMPDUReceivedCount = 0
aMPDUInReceivedAMPDUCount = 0
aReceivedOctetsInAMPDUCount = 0
aAMPDUDelimiterCRCErrorCount = 0
aExplicitBARFailureCount = 0
aChannelWidthSwitchCount = 0
aTwentyMHzFrameTransmittedCount = 1426
aFortyMHzFrameTransmittedCount = 0
aTwentyMHzFrameReceivedCount = 131376
aFortyMHzFrameReceivedCount = 0

====== MIB Counters (87.000 sec) ======
aFailedCount = 49
aRetryCount = 115
aFrameDuplicateCount = 0
aRTSSuccessCount = 0
aRTSFailureCount = 0
aACKFailureCount = 0
aFCSErrorCount = 0
aTransmittedFrameCount = 284
aTransmittedAMSDUCount = 0
aFailedAMSDUCount = 0
aRetryAMSDUCount = 0
aTransmittedOctetsInAMSDUCount = 0
aAMSDUAckFailureCount = 0
aReceivedAMSDUCount = 0
aReceivedOctetsInAMSDUCount = 0
aTransmittedAMPDUCount = 0
aTransmittedMPDUsInAMPDUCount = 0
aTransmittedOctetsInAMPDUCount = 0
aAMPDUReceivedCount = 0
aMPDUInReceivedAMPDUCount = 0
aReceivedOctetsInAMPDUCount = 0
aAMPDUDelimiterCRCErrorCount = 0
aExplicitBARFailureCount = 0
aChannelWidthSwitchCount = 0
aTwentyMHzFrameTransmittedCount = 1442
aFortyMHzFrameTransmittedCount = 0
aTwentyMHzFrameReceivedCount = 132778
aFortyMHzFrameReceivedCount = 0

====== MIB Counters (88.000 sec) ======
aFailedCount = 49
aRetryCount = 116
aFrameDuplicateCount = 0
aRTSSuccessCount = 0
aRTSFailureCount = 0
aACKFailureCount = 0
aFCSErrorCount = 0
aTransmittedFrameCount = 289
aTransmittedAMSDUCount = 0
aFailedAMSDUCount = 0
aRetryAMSDUCount = 0
aTransmittedOctetsInAMSDUCount = 0
aAMSDUAckFailureCount = 0
aReceivedAMSDUCount = 0
aReceivedOctetsInAMSDUCount = 0
aTransmittedAMPDUCount = 0
aTransmittedMPDUsInAMPDUCount = 0
aTransmittedOctetsInAMPDUCount = 0
aAMPDUReceivedCount = 0
aMPDUInReceivedAMPDUCount = 0
aReceivedOctetsInAMPDUCount = 0
aAMPDUDelimiterCRCErrorCount = 0
aExplicitBARFailureCount = 0
aChannelWidthSwitchCount = 0
aTwentyMHzFrameTransmittedCount = 1454
aFortyMHzFrameTransmittedCount = 0
aTwentyMHzFrameReceivedCount = 134113
aFortyMHzFrameReceivedCount = 0

====== MIB Counters (89.000 sec) ======
aFailedCount = 49
aRetryCount = 116
aFrameDuplicateCount = 0
aRTSSuccessCount = 0
aRTSFailureCount = 0
aACKFailureCount = 0
aFCSErrorCount = 0
aTransmittedFrameCount = 290
aTransmittedAMSDUCount = 0
aFailedAMSDUCount = 0
aRetryAMSDUCount = 0
aTransmittedOctetsInAMSDUCount = 0
aAMSDUAckFailureCount = 0
aReceivedAMSDUCount = 0
aReceivedOctetsInAMSDUCount = 0
aTransmittedAMPDUCount = 0
aTransmittedMPDUsInAMPDUCount = 0
aTransmittedOctetsInAMPDUCount = 0
aAMPDUReceivedCount = 0
aMPDUInReceivedAMPDUCount = 0
aReceivedOctetsInAMPDUCount = 0
aAMPDUDelimiterCRCErrorCount = 0
aExplicitBARFailureCount = 0
aChannelWidthSwitchCount = 0
aTwentyMHzFrameTransmittedCount = 1457
aFortyMHzFrameTransmittedCount = 0
aTwentyMHzFrameReceivedCount = 135544
aFortyMHzFrameReceivedCount = 0

====== MIB Counters (90.000 sec) ======
aFailedCount = 49
aRetryCount = 118
aFrameDuplicateCount = 0
aRTSSuccessCount = 0
aRTSFailureCount = 0
aACKFailureCount = 0
aFCSErrorCount = 0
aTransmittedFrameCount = 292
aTransmittedAMSDUCount = 0
aFailedAMSDUCount = 0
aRetryAMSDUCount = 0
aTransmittedOctetsInAMSDUCount = 0
aAMSDUAckFailureCount = 0
aReceivedAMSDUCount = 0
aReceivedOctetsInAMSDUCount = 0
aTransmittedAMPDUCount = 0
aTransmittedMPDUsInAMPDUCount = 0
aTransmittedOctetsInAMPDUCount = 0
aAMPDUReceivedCount = 0
aMPDUInReceivedAMPDUCount = 0
aReceivedOctetsInAMPDUCount = 0
aAMPDUDelimiterCRCErrorCount = 0
aExplicitBARFailureCount = 0
aChannelWidthSwitchCount = 0
aTwentyMHzFrameTransmittedCount = 1470
aFortyMHzFrameTransmittedCount = 0
aTwentyMHzFrameReceivedCount = 137256
aFortyMHzFrameReceivedCount = 0

====== MIB Counters (91.000 sec) ======
aFailedCount = 49
aRetryCount = 118
aFrameDuplicateCount = 0
aRTSSuccessCount = 0
aRTSFailureCount = 0
aACKFailureCount = 0
aFCSErrorCount = 0
aTransmittedFrameCount = 292
aTransmittedAMSDUCount = 0
aFailedAMSDUCount = 0
aRetryAMSDUCount = 0
aTransmittedOctetsInAMSDUCount = 0
aAMSDUAckFailureCount = 0
aReceivedAMSDUCount = 0
aReceivedOctetsInAMSDUCount = 0
aTransmittedAMPDUCount = 0
aTransmittedMPDUsInAMPDUCount = 0
aTransmittedOctetsInAMPDUCount = 0
aAMPDUReceivedCount = 0
aMPDUInReceivedAMPDUCount = 0
aReceivedOctetsInAMPDUCount = 0
aAMPDUDelimiterCRCErrorCount = 0
aExplicitBARFailureCount = 0
aChannelWidthSwitchCount = 0
aTwentyMHzFrameTransmittedCount = 1471
aFortyMHzFrameTransmittedCount = 0
aTwentyMHzFrameReceivedCount = 138951
aFortyMHzFrameReceivedCount = 0

====== MIB Counters (92.000 sec) ======
aFailedCount = 49
aRetryCount = 118
aFrameDuplicateCount = 0
aRTSSuccessCount = 0
aRTSFailureCount = 0
aACKFailureCount = 0
aFCSErrorCount = 0
aTransmittedFrameCount = 292
aTransmittedAMSDUCount = 0
aFailedAMSDUCount = 0
aRetryAMSDUCount = 0
aTransmittedOctetsInAMSDUCount = 0
aAMSDUAckFailureCount = 0
aReceivedAMSDUCount = 0
aReceivedOctetsInAMSDUCount = 0
aTransmittedAMPDUCount = 0
aTransmittedMPDUsInAMPDUCount = 0
aTransmittedOctetsInAMPDUCount = 0
aAMPDUReceivedCount = 0
aMPDUInReceivedAMPDUCount = 0
aReceivedOctetsInAMPDUCount = 0
aAMPDUDelimiterCRCErrorCount = 0
aExplicitBARFailureCount = 0
aChannelWidthSwitchCount = 0
aTwentyMHzFrameTransmittedCount = 1473
aFortyMHzFrameTransmittedCount = 0
aTwentyMHzFrameReceivedCount = 140643
aFortyMHzFrameReceivedCount = 0

====== MIB Counters (93.000 sec) ======
aFailedCount = 49
aRetryCount = 118
aFrameDuplicateCount = 0
aRTSSuccessCount = 0
aRTSFailureCount = 0
aACKFailureCount = 0
aFCSErrorCount = 0
aTransmittedFrameCount = 292
aTransmittedAMSDUCount = 0
aFailedAMSDUCount = 0
aRetryAMSDUCount = 0
aTransmittedOctetsInAMSDUCount = 0
aAMSDUAckFailureCount = 0
aReceivedAMSDUCount = 0
aReceivedOctetsInAMSDUCount = 0
aTransmittedAMPDUCount = 0
aTransmittedMPDUsInAMPDUCount = 0
aTransmittedOctetsInAMPDUCount = 0
aAMPDUReceivedCount = 0
aMPDUInReceivedAMPDUCount = 0
aReceivedOctetsInAMPDUCount = 0
aAMPDUDelimiterCRCErrorCount = 0
aExplicitBARFailureCount = 0
aChannelWidthSwitchCount = 0
aTwentyMHzFrameTransmittedCount = 1474
aFortyMHzFrameTransmittedCount = 0
aTwentyMHzFrameReceivedCount = 142590
aFortyMHzFrameReceivedCount = 0

====== MIB Counters (94.000 sec) ======
aFailedCount = 49
aRetryCount = 118
aFrameDuplicateCount = 0
aRTSSuccessCount = 0
aRTSFailureCount = 0
aACKFailureCount = 0
aFCSErrorCount = 0
aTransmittedFrameCount = 292
aTransmittedAMSDUCount = 0
aFailedAMSDUCount = 0
aRetryAMSDUCount = 0
aTransmittedOctetsInAMSDUCount = 0
aAMSDUAckFailureCount = 0
aReceivedAMSDUCount = 0
aReceivedOctetsInAMSDUCount = 0
aTransmittedAMPDUCount = 0
aTransmittedMPDUsInAMPDUCount = 0
aTransmittedOctetsInAMPDUCount = 0
aAMPDUReceivedCount = 0
aMPDUInReceivedAMPDUCount = 0
aReceivedOctetsInAMPDUCount = 0
aAMPDUDelimiterCRCErrorCount = 0
aExplicitBARFailureCount = 0
aChannelWidthSwitchCount = 0
aTwentyMHzFrameTransmittedCount = 1476
aFortyMHzFrameTransmittedCount = 0
aTwentyMHzFrameReceivedCount = 144396
aFortyMHzFrameReceivedCount = 0

====== MIB Counters (95.000 sec) ======
aFailedCount = 49
aRetryCount = 118
aFrameDuplicateCount = 0
aRTSSuccessCount = 0
aRTSFailureCount = 0
aACKFailureCount = 0
aFCSErrorCount = 0
aTransmittedFrameCount = 292
aTransmittedAMSDUCount = 0
aFailedAMSDUCount = 0
aRetryAMSDUCount = 0
aTransmittedOctetsInAMSDUCount = 0
aAMSDUAckFailureCount = 0
aReceivedAMSDUCount = 0
aReceivedOctetsInAMSDUCount = 0
aTransmittedAMPDUCount = 0
aTransmittedMPDUsInAMPDUCount = 0
aTransmittedOctetsInAMPDUCount = 0
aAMPDUReceivedCount = 0
aMPDUInReceivedAMPDUCount = 0
aReceivedOctetsInAMPDUCount = 0
aAMPDUDelimiterCRCErrorCount = 0
aExplicitBARFailureCount = 0
aChannelWidthSwitchCount = 0
aTwentyMHzFrameTransmittedCount = 1477
aFortyMHzFrameTransmittedCount = 0
aTwentyMHzFrameReceivedCount = 146172
aFortyMHzFrameReceivedCount = 0

====== MIB Counters (96.000 sec) ======
aFailedCount = 49
aRetryCount = 118
aFrameDuplicateCount = 0
aRTSSuccessCount = 0
aRTSFailureCount = 0
aACKFailureCount = 0
aFCSErrorCount = 0
aTransmittedFrameCount = 292
aTransmittedAMSDUCount = 0
aFailedAMSDUCount = 0
aRetryAMSDUCount = 0
aTransmittedOctetsInAMSDUCount = 0
aAMSDUAckFailureCount = 0
aReceivedAMSDUCount = 0
aReceivedOctetsInAMSDUCount = 0
aTransmittedAMPDUCount = 0
aTransmittedMPDUsInAMPDUCount = 0
aTransmittedOctetsInAMPDUCount = 0
aAMPDUReceivedCount = 0
aMPDUInReceivedAMPDUCount = 0
aReceivedOctetsInAMPDUCount = 0
aAMPDUDelimiterCRCErrorCount = 0
aExplicitBARFailureCount = 0
aChannelWidthSwitchCount = 0
aTwentyMHzFrameTransmittedCount = 1479
aFortyMHzFrameTransmittedCount = 0
aTwentyMHzFrameReceivedCount = 147907
aFortyMHzFrameReceivedCount = 0

====== MIB Counters (97.000 sec) ======
aFailedCount = 50
aRetryCount = 124
aFrameDuplicateCount = 6
aRTSSuccessCount = 0
aRTSFailureCount = 0
aACKFailureCount = 0
aFCSErrorCount = 0
aTransmittedFrameCount = 301
aTransmittedAMSDUCount = 0
aFailedAMSDUCount = 0
aRetryAMSDUCount = 0
aTransmittedOctetsInAMSDUCount = 0
aAMSDUAckFailureCount = 0
aReceivedAMSDUCount = 0
aReceivedOctetsInAMSDUCount = 0
aTransmittedAMPDUCount = 0
aTransmittedMPDUsInAMPDUCount = 0
aTransmittedOctetsInAMPDUCount = 0
aAMPDUReceivedCount = 0
aMPDUInReceivedAMPDUCount = 0
aReceivedOctetsInAMPDUCount = 0
aAMPDUDelimiterCRCErrorCount = 0
aExplicitBARFailureCount = 0
aChannelWidthSwitchCount = 0
aTwentyMHzFrameTransmittedCount = 1538
aFortyMHzFrameTransmittedCount = 0
aTwentyMHzFrameReceivedCount = 149718
aFortyMHzFrameReceivedCount = 0

====== MIB Counters (98.000 sec) ======
aFailedCount = 50
aRetryCount = 125
aFrameDuplicateCount = 6
aRTSSuccessCount = 0
aRTSFailureCount = 0
aACKFailureCount = 0
aFCSErrorCount = 0
aTransmittedFrameCount = 302
aTransmittedAMSDUCount = 0
aFailedAMSDUCount = 0
aRetryAMSDUCount = 0
aTransmittedOctetsInAMSDUCount = 0
aAMSDUAckFailureCount = 0
aReceivedAMSDUCount = 0
aReceivedOctetsInAMSDUCount = 0
aTransmittedAMPDUCount = 0
aTransmittedMPDUsInAMPDUCount = 0
aTransmittedOctetsInAMPDUCount = 0
aAMPDUReceivedCount = 0
aMPDUInReceivedAMPDUCount = 0
aReceivedOctetsInAMPDUCount = 0
aAMPDUDelimiterCRCErrorCount = 0
aExplicitBARFailureCount = 0
aChannelWidthSwitchCount = 0
aTwentyMHzFrameTransmittedCount = 1542
aFortyMHzFrameTransmittedCount = 0
aTwentyMHzFrameReceivedCount = 151502
aFortyMHzFrameReceivedCount = 0

====== MIB Counters (99.000 sec) ======
aFailedCount = 50
aRetryCount = 125
aFrameDuplicateCount = 6
aRTSSuccessCount = 0
aRTSFailureCount = 0
aACKFailureCount = 0
aFCSErrorCount = 0
aTransmittedFrameCount = 302
aTransmittedAMSDUCount = 0
aFailedAMSDUCount = 0
aRetryAMSDUCount = 0
aTransmittedOctetsInAMSDUCount = 0
aAMSDUAckFailureCount = 0
aReceivedAMSDUCount = 0
aReceivedOctetsInAMSDUCount = 0
aTransmittedAMPDUCount = 0
aTransmittedMPDUsInAMPDUCount = 0
aTransmittedOctetsInAMPDUCount = 0
aAMPDUReceivedCount = 0
aMPDUInReceivedAMPDUCount = 0
aReceivedOctetsInAMPDUCount = 0
aAMPDUDelimiterCRCErrorCount = 0
aExplicitBARFailureCount = 0
aChannelWidthSwitchCount = 0
aTwentyMHzFrameTransmittedCount = 1546
aFortyMHzFrameTransmittedCount = 0
aTwentyMHzFrameReceivedCount = 153161
aFortyMHzFrameReceivedCount = 0

====== MIB Counters (100.000 sec) ======
aFailedCount = 50
aRetryCount = 131
aFrameDuplicateCount = 6
aRTSSuccessCount = 0
aRTSFailureCount = 0
aACKFailureCount = 0
aFCSErrorCount = 0
aTransmittedFrameCount = 313
aTransmittedAMSDUCount = 0
aFailedAMSDUCount = 0
aRetryAMSDUCount = 0
aTransmittedOctetsInAMSDUCount = 0
aAMSDUAckFailureCount = 0
aReceivedAMSDUCount = 0
aReceivedOctetsInAMSDUCount = 0
aTransmittedAMPDUCount = 0
aTransmittedMPDUsInAMPDUCount = 0
aTransmittedOctetsInAMPDUCount = 0
aAMPDUReceivedCount = 0
aMPDUInReceivedAMPDUCount = 0
aReceivedOctetsInAMPDUCount = 0
aAMPDUDelimiterCRCErrorCount = 0
aExplicitBARFailureCount = 0
aChannelWidthSwitchCount = 0
aTwentyMHzFrameTransmittedCount = 1580
aFortyMHzFrameTransmittedCount = 0
aTwentyMHzFrameReceivedCount = 154702
aFortyMHzFrameReceivedCount = 0
