Time: 2.008100 sec
Broadcast
Packet_Type	Length	Src_nid	Src_port
Hello		80	2	1

Time: 3.011227 sec
Send to Nid: 10
Packet_Type	Length	Src_nid	Src_port
Hello		80	2	1

Time: 3.011327 sec
Send to Nid: 10
Packet_Type		Length	Src_Nid	src_port	Option	Center_nid	Neighbor_nid	Data_plane_port
NeighborUpdate		544	2	1		New	2		10		1

Time: 3.011427 sec
Send to Nid: 10
Packet_Type		Length	Src_Nid	src_port	Option	Center_nid	Neighbor_nid	Data_plane_port
NeighborUpdate		544	2	1		Finish	 		 		 

Time: 3.011527 sec
Send to Nid: 10
Packet_Type		Length	Src_Nid	src_port	Option	Center_nid	Neighbor_nid	Data_plane_port
NeighborUpdate		544	2	1		New	2		10		1
 		 	 	 		 	 			5		1

Time: 3.011627 sec
Send to Nid: 10
Packet_Type		Length	Src_Nid	src_port	Option	Center_nid	Neighbor_nid	Data_plane_port
NeighborUpdate		544	2	1		Finish	 		 		 

Time: 3.011727 sec
Send to Nid: 10
Packet_Type		Length	Src_Nid	src_port	Option	Center_nid	Neighbor_nid	Data_plane_port
NeighborUpdate		544	2	1		New	2		10		1
 		 	 	 		 	 			5		1
 		 	 	 		 	 			7		1

Time: 3.011827 sec
Send to Nid: 10
Packet_Type		Length	Src_Nid	src_port	Option	Center_nid	Neighbor_nid	Data_plane_port
NeighborUpdate		544	2	1		Finish	 		 		 

Time: 3.034806 sec
Send to Nid: 10
Packet_Type	Length	Src_nid	Src_port
Hello		80	2	1

Time: 4.019300 sec
Broadcast
Packet_Type	Length	Src_nid	Src_port
Hello		80	2	1

Time: 4.060506 sec
Send to Nid: 10
Packet_Type		Length	Src_Nid	src_port	Option	Center_nid	Neighbor_nid	Data_plane_port
NeighborUpdate		544	2	1		New	2		10		1
 		 	 	 		 	 			5		1
 		 	 	 		 	 			7		1

Time: 4.060606 sec
Send to Nid: 10
Packet_Type		Length	Src_Nid	src_port	Option	Center_nid	Neighbor_nid	Data_plane_port
NeighborUpdate		544	2	1		Finish	 		 		 

Time: 4.353180 sec
Send to Nid: 10
Packet_Type	Length	Src_nid	Src_port
Hello		80	2	1

Time: 4.354280 sec
Send to Nid: 10
Packet_Type		Length	Src_Nid	src_port	Option	Center_nid	Neighbor_nid	Data_plane_port
NeighborUpdate		544	2	1		New	2		10		1
 		 	 	 		 	 			5		1
 		 	 	 		 	 			7		1

Time: 4.354380 sec
Send to Nid: 10
Packet_Type		Length	Src_Nid	src_port	Option	Center_nid	Neighbor_nid	Data_plane_port
NeighborUpdate		544	2	1		Finish	 		 		 

Time: 6.035500 sec
Broadcast
Packet_Type	Length	Src_nid	Src_port
Hello		80	2	1

Time: 8.039700 sec
Broadcast
Packet_Type	Length	Src_nid	Src_port
Hello		80	2	1

Time: 10.053900 sec
Broadcast
Packet_Type	Length	Src_nid	Src_port
Hello		80	2	1

Time: 12.071100 sec
Broadcast
Packet_Type	Length	Src_nid	Src_port
Hello		80	2	1

Time: 14.082400 sec
Broadcast
Packet_Type	Length	Src_nid	Src_port
Hello		80	2	1

Time: 16.093500 sec
Broadcast
Packet_Type	Length	Src_nid	Src_port
Hello		80	2	1

Time: 18.104600 sec
Broadcast
Packet_Type	Length	Src_nid	Src_port
Hello		80	2	1

Time: 20.110700 sec
Broadcast
Packet_Type	Length	Src_nid	Src_port
Hello		80	2	1

Time: 22.128100 sec
Broadcast
Packet_Type	Length	Src_nid	Src_port
Hello		80	2	1

Time: 24.137500 sec
Broadcast
Packet_Type	Length	Src_nid	Src_port
Hello		80	2	1

