Time: 2.029100 sec
Broadcast
Packet_Type	Length	Src_nid	Src_port
Hello		80	7	1

Time: 3.037500 sec
Send to Nid: 10
Packet_Type	Length	Src_nid	Src_port
Hello		80	7	1

Time: 3.037600 sec
Send to Nid: 10
Packet_Type		Length	Src_Nid	src_port	Option	Center_nid	Neighbor_nid	Data_plane_port
NeighborUpdate		544	7	1		New	7		10		1

Time: 3.037700 sec
Send to Nid: 10
Packet_Type		Length	Src_Nid	src_port	Option	Center_nid	Neighbor_nid	Data_plane_port
NeighborUpdate		544	7	1		Finish	 		 		 

Time: 4.095100 sec
Broadcast
Packet_Type	Length	Src_nid	Src_port
Hello		80	7	1

Time: 6.114100 sec
Broadcast
Packet_Type	Length	Src_nid	Src_port
Hello		80	7	1

Time: 7.011000 sec
Send to Nid: 10
Packet_Type		Length	Src_Nid	src_port	Option	Center_nid	Neighbor_nid	Data_plane_port
NeighborUpdate		544	7	1		New	7		0		0

Time: 7.011100 sec
Send to Nid: 10
Packet_Type		Length	Src_Nid	src_port	Option	Center_nid	Neighbor_nid	Data_plane_port
NeighborUpdate		544	7	1		Finish	 		 		 

Time: 8.153100 sec
Broadcast
Packet_Type	Length	Src_nid	Src_port
Hello		80	7	1

Time: 10.190200 sec
Send to Nid: 10
Packet_Type		Length	Src_Nid	src_port	Option	Center_nid	Neighbor_nid	Data_plane_port
NeighborUpdate		544	7	1		New	7		5		1

Time: 10.190300 sec
Send to Nid: 10
Packet_Type		Length	Src_Nid	src_port	Option	Center_nid	Neighbor_nid	Data_plane_port
NeighborUpdate		544	7	1		Finish	 		 		 

Time: 10.203200 sec
Broadcast
Packet_Type	Length	Src_nid	Src_port
Hello		80	7	1

Time: 12.200400 sec
Send to Nid: 10
Packet_Type		Length	Src_Nid	src_port	Option	Center_nid	Neighbor_nid	Data_plane_port
NeighborUpdate		544	7	1		New	7		5		1

Time: 12.200500 sec
Send to Nid: 10
Packet_Type		Length	Src_Nid	src_port	Option	Center_nid	Neighbor_nid	Data_plane_port
NeighborUpdate		544	7	1		Finish	 		 		 

Time: 12.219300 sec
Broadcast
Packet_Type	Length	Src_nid	Src_port
Hello		80	7	1

Time: 12.260600 sec
Send to Nid: 10
Packet_Type		Length	Src_Nid	src_port	Option	Center_nid	Neighbor_nid	Data_plane_port
NeighborUpdate		544	7	1		New	7		5		1
 		 	 	 		 	 			10		1

Time: 12.260700 sec
Send to Nid: 10
Packet_Type		Length	Src_Nid	src_port	Option	Center_nid	Neighbor_nid	Data_plane_port
NeighborUpdate		544	7	1		Finish	 		 		 

Time: 14.267400 sec
Broadcast
Packet_Type	Length	Src_nid	Src_port
Hello		80	7	1

Time: 16.303400 sec
Broadcast
Packet_Type	Length	Src_nid	Src_port
Hello		80	7	1

Time: 17.200800 sec
Send to Nid: 10
Packet_Type		Length	Src_Nid	src_port	Option	Center_nid	Neighbor_nid	Data_plane_port
NeighborUpdate		544	7	1		New	7		10		1

Time: 17.200900 sec
Send to Nid: 10
Packet_Type		Length	Src_Nid	src_port	Option	Center_nid	Neighbor_nid	Data_plane_port
NeighborUpdate		544	7	1		Finish	 		 		 

Time: 17.261000 sec
Send to Nid: 10
Packet_Type		Length	Src_Nid	src_port	Option	Center_nid	Neighbor_nid	Data_plane_port
NeighborUpdate		544	7	1		New	7		0		0

Time: 17.261100 sec
Send to Nid: 10
Packet_Type		Length	Src_Nid	src_port	Option	Center_nid	Neighbor_nid	Data_plane_port
NeighborUpdate		544	7	1		Finish	 		 		 

Time: 18.340400 sec
Broadcast
Packet_Type	Length	Src_nid	Src_port
Hello		80	7	1

Time: 20.200200 sec
Send to Nid: 10
Packet_Type		Length	Src_Nid	src_port	Option	Center_nid	Neighbor_nid	Data_plane_port
NeighborUpdate		544	7	1		New	7		2		1

Time: 20.200300 sec
Send to Nid: 10
Packet_Type		Length	Src_Nid	src_port	Option	Center_nid	Neighbor_nid	Data_plane_port
NeighborUpdate		544	7	1		Finish	 		 		 

Time: 20.250400 sec
Send to Nid: 10
Packet_Type		Length	Src_Nid	src_port	Option	Center_nid	Neighbor_nid	Data_plane_port
NeighborUpdate		544	7	1		New	7		2		1
 		 	 	 		 	 			4		1

Time: 20.358600 sec
Broadcast
Packet_Type	Length	Src_nid	Src_port
Hello		80	7	1

Time: 21.372344 sec
Send to Nid: 10
Packet_Type		Length	Src_Nid	src_port	Option	Center_nid	Neighbor_nid	Data_plane_port
NeighborUpdate		544	7	1		Finish	 		 		 

Time: 21.372444 sec
Send to Nid: 10
Packet_Type	Length	Src_nid	Src_port
Hello		80	7	1

Time: 21.372544 sec
Send to Nid: 10
Packet_Type		Length	Src_Nid	src_port	Option	Center_nid	Neighbor_nid	Data_plane_port
NeighborUpdate		544	7	1		New	7		2		1
 		 	 	 		 	 			4		1
 		 	 	 		 	 			10		1

Time: 21.372644 sec
Send to Nid: 10
Packet_Type		Length	Src_Nid	src_port	Option	Center_nid	Neighbor_nid	Data_plane_port
NeighborUpdate		544	7	1		Finish	 		 		 

Time: 21.538632 sec
Send to Nid: 10
Packet_Type	Length	Src_nid	Src_port
Hello		80	7	1

Time: 22.260932 sec
Send to Nid: 10
Packet_Type		Length	Src_Nid	src_port	Option	Center_nid	Neighbor_nid	Data_plane_port
NeighborUpdate		544	7	1		New	7		2		1
 		 	 	 		 	 			4		1
 		 	 	 		 	 			10		1
 		 	 	 		 	 			5		1

Time: 22.261032 sec
Send to Nid: 10
Packet_Type		Length	Src_Nid	src_port	Option	Center_nid	Neighbor_nid	Data_plane_port
NeighborUpdate		544	7	1		Finish	 		 		 

Time: 22.290132 sec
Send to Nid: 10
Packet_Type		Length	Src_Nid	src_port	Option	Center_nid	Neighbor_nid	Data_plane_port
NeighborUpdate		544	7	1		New	7		2		1
 		 	 	 		 	 			4		1
 		 	 	 		 	 			10		1
 		 	 	 		 	 			5		1

Time: 22.290232 sec
Send to Nid: 10
Packet_Type		Length	Src_Nid	src_port	Option	Center_nid	Neighbor_nid	Data_plane_port
NeighborUpdate		544	7	1		Finish	 		 		 

Time: 22.417900 sec
Broadcast
Packet_Type	Length	Src_nid	Src_port
Hello		80	7	1

Time: 22.454398 sec
Send to Nid: 10
Packet_Type	Length	Src_nid	Src_port
Hello		80	7	1

Time: 22.560698 sec
Send to Nid: 10
Packet_Type		Length	Src_Nid	src_port	Option	Center_nid	Neighbor_nid	Data_plane_port
NeighborUpdate		544	7	1		New	7		2		1
 		 	 	 		 	 			4		1
 		 	 	 		 	 			10		1
 		 	 	 		 	 			5		1

Time: 22.560798 sec
Send to Nid: 10
Packet_Type		Length	Src_Nid	src_port	Option	Center_nid	Neighbor_nid	Data_plane_port
NeighborUpdate		544	7	1		Finish	 		 		 

Time: 24.291098 sec
Send to Nid: 10
Packet_Type		Length	Src_Nid	src_port	Option	Center_nid	Neighbor_nid	Data_plane_port
NeighborUpdate		544	7	1		New	7		2		1
 		 	 	 		 	 			4		1
 		 	 	 		 	 			10		1
 		 	 	 		 	 			5		1

Time: 24.291198 sec
Send to Nid: 10
Packet_Type		Length	Src_Nid	src_port	Option	Center_nid	Neighbor_nid	Data_plane_port
NeighborUpdate		544	7	1		Finish	 		 		 

Time: 24.310298 sec
Send to Nid: 10
Packet_Type		Length	Src_Nid	src_port	Option	Center_nid	Neighbor_nid	Data_plane_port
NeighborUpdate		544	7	1		New	7		2		1
 		 	 	 		 	 			4		1
 		 	 	 		 	 			10		1
 		 	 	 		 	 			5		1

Time: 24.310398 sec
Send to Nid: 10
Packet_Type		Length	Src_Nid	src_port	Option	Center_nid	Neighbor_nid	Data_plane_port
NeighborUpdate		544	7	1		Finish	 		 		 

Time: 24.469200 sec
Broadcast
Packet_Type	Length	Src_nid	Src_port
Hello		80	7	1

Time: 24.590498 sec
Send to Nid: 10
Packet_Type		Length	Src_Nid	src_port	Option	Center_nid	Neighbor_nid	Data_plane_port
NeighborUpdate		544	7	1		New	7		2		1
 		 	 	 		 	 			4		1
 		 	 	 		 	 			10		1
 		 	 	 		 	 			5		1

Time: 24.590598 sec
Send to Nid: 10
Packet_Type		Length	Src_Nid	src_port	Option	Center_nid	Neighbor_nid	Data_plane_port
NeighborUpdate		544	7	1		Finish	 		 		 

