Time: 2.007000 sec
Packet_Type	Length	Src_nid	Src_port
Hello		80	10	1

Time: 2.027100 sec
Packet_Type	Length	Src_nid	Src_port
Hello		80	3	1

Time: 2.031200 sec
Packet_Type	Length	Src_nid	Src_port
Hello		80	7	1

Time: 8.475300 sec
Packet_Type	Length	Src_nid	Src_port
Hello		80	10	1

Time: 10.104400 sec
Packet_Type	Length	Src_nid	Src_port
Hello		80	3	1

Time: 10.183500 sec
Packet_Type	Length	Src_nid	Src_port
Hello		80	5	1

Time: 10.206600 sec
Packet_Type	Length	Src_nid	Src_port
Hello		80	7	1

Time: 12.121700 sec
Packet_Type	Length	Src_nid	Src_port
Hello		80	3	1

Time: 12.190800 sec
Packet_Type	Length	Src_nid	Src_port
Hello		80	5	1

Time: 12.251900 sec
Packet_Type	Length	Src_nid	Src_port
Hello		80	10	1

Time: 12.316000 sec
Packet_Type	Length	Src_nid	Src_port
Hello		80	9	1

Time: 14.128100 sec
Packet_Type	Length	Src_nid	Src_port
Hello		80	3	1

Time: 14.271200 sec
Packet_Type	Length	Src_nid	Src_port
Hello		80	7	1

Time: 14.354300 sec
Packet_Type	Length	Src_nid	Src_port
Hello		80	9	1

Time: 16.305400 sec
Packet_Type	Length	Src_nid	Src_port
Hello		80	7	1

Time: 16.365500 sec
Packet_Type	Length	Src_nid	Src_port
Hello		80	9	1

Time: 18.348600 sec
Packet_Type	Length	Src_nid	Src_port
Hello		80	7	1

Time: 18.391700 sec
Packet_Type	Length	Src_nid	Src_port
Hello		80	9	1

Time: 20.198800 sec
Packet_Type	Length	Src_nid	Src_port
Hello		80	2	1

Time: 20.359900 sec
Packet_Type	Length	Src_nid	Src_port
Hello		80	7	1

Time: 21.332000 sec
Packet_Type	Length	Src_nid	Src_port
Hello		80	10	1

Time: 21.345100 sec
Packet_Type	Length	Src_nid	Src_port
Hello		80	10	1

Time: 21.505626 sec
Packet_Type		Length	Src_Nid	src_port	Option	Center_nid	Neighbor_nid	Data_plane_port
NeighborUpdate		544	10	1		Finish	 		 		 

Time: 21.578726 sec
Packet_Type		Length	Src_Nid	src_port	Option	Center_nid	Neighbor_nid	Data_plane_port
NeighborUpdate		544	10	1		New	4		10		1
 		 	 	 		 	 			3		1
 		 	 	 		 	 			5		1
 		 	 	 		 	 			7		1
 		 	 	 		 	 			9		1

Time: 22.256200 sec
Packet_Type	Length	Src_nid	Src_port
Hello		80	5	1

Time: 22.408026 sec
Packet_Type		Length	Src_nid	Src_port	Option	Origin_nid	Destination_nid	Next_hop_nid
UpdateDataPlaneRouting	796	10	1		New	4		2		5
 		 	 	 		 		 		3		3
 		 	 	 		 		 		5		5
 		 	 	 		 		 		7		7
 		 	 	 		 		 		9		9
 		 	 	 		 		 		10		10

Time: 22.410126 sec
Packet_Type		Length	Src_nid	Src_port	Option	Origin_nid	Destination_nid	Next_hop_nid
UpdateDataPlaneRouting	796	10	1		Finish	 		 		 

Time: 22.420300 sec
Packet_Type	Length	Src_nid	Src_port
Hello		80	7	1

Time: 22.439426 sec
Packet_Type		Length	Src_nid	Src_port	Option	Origin_nid	Destination_nid	Next_hop_nid
UpdateDataPlaneRouting	796	10	1		New	4		2		2
 		 	 	 		 		 		3		3
 		 	 	 		 		 		5		5
 		 	 	 		 		 		7		7
 		 	 	 		 		 		9		9
 		 	 	 		 		 		10		10

Time: 22.442526 sec
Packet_Type		Length	Src_nid	Src_port	Option	Origin_nid	Destination_nid	Next_hop_nid
UpdateDataPlaneRouting	796	10	1		Finish	 		 		 

Time: 22.461626 sec
Packet_Type		Length	Src_nid	Src_port	Option	Origin_nid	Destination_nid	Next_hop_nid
UpdateDataPlaneRouting	796	10	1		New	4		2		2
 		 	 	 		 		 		3		9
 		 	 	 		 		 		5		5
 		 	 	 		 		 		7		7
 		 	 	 		 		 		9		9
 		 	 	 		 		 		10		10

Time: 22.462726 sec
Packet_Type		Length	Src_nid	Src_port	Option	Origin_nid	Destination_nid	Next_hop_nid
UpdateDataPlaneRouting	796	10	1		Finish	 		 		 

Time: 22.559400 sec
Packet_Type	Length	Src_nid	Src_port
Hello		80	10	1

Time: 23.411226 sec
Packet_Type		Length	Src_nid	Src_port	Option	Origin_nid	Destination_nid	Next_hop_nid
UpdateDataPlaneRouting	796	10	1		New	4		2		2
 		 	 	 		 		 		3		5
 		 	 	 		 		 		5		5
 		 	 	 		 		 		7		7
 		 	 	 		 		 		9		5
 		 	 	 		 		 		10		10

Time: 23.414326 sec
Packet_Type		Length	Src_nid	Src_port	Option	Origin_nid	Destination_nid	Next_hop_nid
UpdateDataPlaneRouting	796	10	1		Finish	 		 		 

Time: 24.284500 sec
Packet_Type	Length	Src_nid	Src_port
Hello		80	5	1

Time: 24.472600 sec
Packet_Type	Length	Src_nid	Src_port
Hello		80	7	1

Time: 24.585700 sec
Packet_Type	Length	Src_nid	Src_port
Hello		80	10	1

