Time: 2.023100 sec
Broadcast
Packet_Type	Length	Src_nid	Src_port
Hello		80	4	1

Time: 4.035300 sec
Broadcast
Packet_Type	Length	Src_nid	Src_port
Hello		80	4	1

Time: 6.065300 sec
Broadcast
Packet_Type	Length	Src_nid	Src_port
Hello		80	4	1

Time: 8.089300 sec
Broadcast
Packet_Type	Length	Src_nid	Src_port
Hello		80	4	1

Time: 10.098400 sec
Broadcast
Packet_Type	Length	Src_nid	Src_port
Hello		80	4	1

Time: 12.134800 sec
Broadcast
Packet_Type	Length	Src_nid	Src_port
Hello		80	4	1

Time: 14.145200 sec
Broadcast
Packet_Type	Length	Src_nid	Src_port
Hello		80	4	1

Time: 16.167400 sec
Broadcast
Packet_Type	Length	Src_nid	Src_port
Hello		80	4	1

Time: 18.205600 sec
Broadcast
Packet_Type	Length	Src_nid	Src_port
Hello		80	4	1

Time: 20.241900 sec
Broadcast
Packet_Type	Length	Src_nid	Src_port
Hello		80	4	1

Time: 21.351350 sec
Send to Nid: 10
Packet_Type	Length	Src_nid	Src_port
Hello		80	4	1

Time: 21.351450 sec
Send to Nid: 10
Packet_Type		Length	Src_Nid	src_port	Option	Center_nid	Neighbor_nid	Data_plane_port
NeighborUpdate		544	4	1		New	4		10		1

Time: 21.351550 sec
Send to Nid: 10
Packet_Type		Length	Src_Nid	src_port	Option	Center_nid	Neighbor_nid	Data_plane_port
NeighborUpdate		544	4	1		Finish	 		 		 

Time: 21.351650 sec
Send to Nid: 10
Packet_Type		Length	Src_Nid	src_port	Option	Center_nid	Neighbor_nid	Data_plane_port
NeighborUpdate		544	4	1		New	4		10		1
 		 	 	 		 	 			3		1

Time: 21.351750 sec
Send to Nid: 10
Packet_Type		Length	Src_Nid	src_port	Option	Center_nid	Neighbor_nid	Data_plane_port
NeighborUpdate		544	4	1		Finish	 		 		 

Time: 21.351850 sec
Send to Nid: 10
Packet_Type		Length	Src_Nid	src_port	Option	Center_nid	Neighbor_nid	Data_plane_port
NeighborUpdate		544	4	1		New	4		10		1
 		 	 	 		 	 			3		1
 		 	 	 		 	 			7		1

Time: 21.351950 sec
Send to Nid: 10
Packet_Type		Length	Src_Nid	src_port	Option	Center_nid	Neighbor_nid	Data_plane_port
NeighborUpdate		544	4	1		Finish	 		 		 

Time: 21.352050 sec
Send to Nid: 10
Packet_Type		Length	Src_Nid	src_port	Option	Center_nid	Neighbor_nid	Data_plane_port
NeighborUpdate		544	4	1		New	4		3		1
 		 	 	 		 	 			7		1

Time: 21.352150 sec
Send to Nid: 10
Packet_Type		Length	Src_Nid	src_port	Option	Center_nid	Neighbor_nid	Data_plane_port
NeighborUpdate		544	4	1		Finish	 		 		 

Time: 21.352250 sec
Send to Nid: 10
Packet_Type		Length	Src_Nid	src_port	Option	Center_nid	Neighbor_nid	Data_plane_port
NeighborUpdate		544	4	1		New	4		7		1

Time: 21.353350 sec
Send to Nid: 10
Packet_Type		Length	Src_Nid	src_port	Option	Center_nid	Neighbor_nid	Data_plane_port
NeighborUpdate		544	4	1		Finish	 		 		 

Time: 21.353450 sec
Send to Nid: 10
Packet_Type		Length	Src_Nid	src_port	Option	Center_nid	Neighbor_nid	Data_plane_port
NeighborUpdate		544	4	1		New	4		0		0

Time: 21.353550 sec
Send to Nid: 10
Packet_Type		Length	Src_Nid	src_port	Option	Center_nid	Neighbor_nid	Data_plane_port
NeighborUpdate		544	4	1		Finish	 		 		 

Time: 21.353650 sec
Send to Nid: 10
Packet_Type		Length	Src_Nid	src_port	Option	Center_nid	Neighbor_nid	Data_plane_port
NeighborUpdate		544	4	1		New	4		10		1

Time: 21.362262 sec
Send to Nid: 10
Packet_Type		Length	Src_Nid	src_port	Option	Center_nid	Neighbor_nid	Data_plane_port
NeighborUpdate		544	4	1		Finish	 		 		 

Time: 21.362362 sec
Send to Nid: 10
Packet_Type		Length	Src_Nid	src_port	Option	Center_nid	Neighbor_nid	Data_plane_port
NeighborUpdate		544	4	1		New	4		10		1
 		 	 	 		 	 			3		1

Time: 21.362462 sec
Send to Nid: 10
Packet_Type		Length	Src_Nid	src_port	Option	Center_nid	Neighbor_nid	Data_plane_port
NeighborUpdate		544	4	1		Finish	 		 		 

Time: 21.362562 sec
Send to Nid: 10
Packet_Type		Length	Src_Nid	src_port	Option	Center_nid	Neighbor_nid	Data_plane_port
NeighborUpdate		544	4	1		New	4		10		1
 		 	 	 		 	 			3		1
 		 	 	 		 	 			5		1

Time: 21.362662 sec
Send to Nid: 10
Packet_Type		Length	Src_Nid	src_port	Option	Center_nid	Neighbor_nid	Data_plane_port
NeighborUpdate		544	4	1		Finish	 		 		 

Time: 21.362762 sec
Send to Nid: 10
Packet_Type		Length	Src_Nid	src_port	Option	Center_nid	Neighbor_nid	Data_plane_port
NeighborUpdate		544	4	1		New	4		10		1
 		 	 	 		 	 			3		1
 		 	 	 		 	 			5		1
 		 	 	 		 	 			7		1

Time: 21.362862 sec
Send to Nid: 10
Packet_Type		Length	Src_Nid	src_port	Option	Center_nid	Neighbor_nid	Data_plane_port
NeighborUpdate		544	4	1		Finish	 		 		 

Time: 21.362962 sec
Send to Nid: 10
Packet_Type	Length	Src_nid	Src_port
Hello		80	4	1

Time: 21.363062 sec
Send to Nid: 10
Packet_Type		Length	Src_Nid	src_port	Option	Center_nid	Neighbor_nid	Data_plane_port
NeighborUpdate		544	4	1		New	4		10		1
 		 	 	 		 	 			3		1
 		 	 	 		 	 			5		1
 		 	 	 		 	 			7		1

Time: 21.363162 sec
Send to Nid: 10
Packet_Type		Length	Src_Nid	src_port	Option	Center_nid	Neighbor_nid	Data_plane_port
NeighborUpdate		544	4	1		Finish	 		 		 

Time: 21.364262 sec
Send to Nid: 10
Packet_Type		Length	Src_Nid	src_port	Option	Center_nid	Neighbor_nid	Data_plane_port
NeighborUpdate		544	4	1		New	4		10		1
 		 	 	 		 	 			3		1
 		 	 	 		 	 			5		1
 		 	 	 		 	 			7		1

Time: 21.364362 sec
Send to Nid: 10
Packet_Type		Length	Src_Nid	src_port	Option	Center_nid	Neighbor_nid	Data_plane_port
NeighborUpdate		544	4	1		Finish	 		 		 

Time: 21.364462 sec
Send to Nid: 10
Packet_Type		Length	Src_Nid	src_port	Option	Center_nid	Neighbor_nid	Data_plane_port
NeighborUpdate		544	4	1		New	4		10		1
 		 	 	 		 	 			3		1
 		 	 	 		 	 			5		1
 		 	 	 		 	 			7		1

Time: 21.364562 sec
Send to Nid: 10
Packet_Type		Length	Src_Nid	src_port	Option	Center_nid	Neighbor_nid	Data_plane_port
NeighborUpdate		544	4	1		Finish	 		 		 

Time: 21.364662 sec
Send to Nid: 10
Packet_Type		Length	Src_Nid	src_port	Option	Center_nid	Neighbor_nid	Data_plane_port
NeighborUpdate		544	4	1		New	4		10		1
 		 	 	 		 	 			3		1
 		 	 	 		 	 			5		1
 		 	 	 		 	 			7		1
 		 	 	 		 	 			9		1

Time: 21.444326 sec
Send to Nid: 10
Packet_Type		Length	Src_Nid	src_port	Option	Center_nid	Neighbor_nid	Data_plane_port
NeighborUpdate		544	4	1		Finish	 		 		 

Time: 21.444426 sec
Send to Nid: 10
Packet_Type		Length	Src_Nid	src_port	Option	Center_nid	Neighbor_nid	Data_plane_port
NeighborUpdate		544	4	1		New	4		10		1
 		 	 	 		 	 			3		1
 		 	 	 		 	 			5		1
 		 	 	 		 	 			7		1
 		 	 	 		 	 			9		1

Time: 21.444526 sec
Send to Nid: 10
Packet_Type	Length	Src_nid	Src_port
Hello		80	4	1

Time: 22.260826 sec
Send to Nid: 10
Packet_Type		Length	Src_Nid	src_port	Option	Center_nid	Neighbor_nid	Data_plane_port
NeighborUpdate		544	4	1		New	4		7		1
 		 	 	 		 	 			9		1
 		 	 	 		 	 			2		1
 		 	 	 		 	 			10		1
 		 	 	 		 	 			5		1

Time: 22.260926 sec
Send to Nid: 10
Packet_Type		Length	Src_Nid	src_port	Option	Center_nid	Neighbor_nid	Data_plane_port
NeighborUpdate		544	4	1		Finish	 		 		 

Time: 22.282300 sec
Broadcast
Packet_Type	Length	Src_nid	Src_port
Hello		80	4	1

Time: 22.430226 sec
Send to Nid: 10
Packet_Type		Length	Src_Nid	src_port	Option	Center_nid	Neighbor_nid	Data_plane_port
NeighborUpdate		544	4	1		New	4		7		1
 		 	 	 		 	 			9		1
 		 	 	 		 	 			2		1
 		 	 	 		 	 			10		1
 		 	 	 		 	 			5		1

Time: 22.430326 sec
Send to Nid: 10
Packet_Type		Length	Src_Nid	src_port	Option	Center_nid	Neighbor_nid	Data_plane_port
NeighborUpdate		544	4	1		Finish	 		 		 

Time: 22.560826 sec
Send to Nid: 10
Packet_Type		Length	Src_Nid	src_port	Option	Center_nid	Neighbor_nid	Data_plane_port
NeighborUpdate		544	4	1		New	4		7		1
 		 	 	 		 	 			9		1
 		 	 	 		 	 			2		1
 		 	 	 		 	 			10		1
 		 	 	 		 	 			5		1

Time: 22.560926 sec
Send to Nid: 10
Packet_Type		Length	Src_Nid	src_port	Option	Center_nid	Neighbor_nid	Data_plane_port
NeighborUpdate		544	4	1		Finish	 		 		 

Time: 23.401026 sec
Send to Nid: 10
Packet_Type		Length	Src_Nid	src_port	Option	Center_nid	Neighbor_nid	Data_plane_port
NeighborUpdate		544	4	1		New	4		7		1
 		 	 	 		 	 			2		1
 		 	 	 		 	 			10		1
 		 	 	 		 	 			5		1

Time: 23.401126 sec
Send to Nid: 10
Packet_Type		Length	Src_Nid	src_port	Option	Center_nid	Neighbor_nid	Data_plane_port
NeighborUpdate		544	4	1		Finish	 		 		 

Time: 24.290426 sec
Send to Nid: 10
Packet_Type		Length	Src_Nid	src_port	Option	Center_nid	Neighbor_nid	Data_plane_port
NeighborUpdate		544	4	1		New	4		7		1
 		 	 	 		 	 			2		1
 		 	 	 		 	 			10		1
 		 	 	 		 	 			5		1

Time: 24.290526 sec
Send to Nid: 10
Packet_Type		Length	Src_Nid	src_port	Option	Center_nid	Neighbor_nid	Data_plane_port
NeighborUpdate		544	4	1		Finish	 		 		 

Time: 24.302600 sec
Broadcast
Packet_Type	Length	Src_nid	Src_port
Hello		80	4	1

Time: 24.480626 sec
Send to Nid: 10
Packet_Type		Length	Src_Nid	src_port	Option	Center_nid	Neighbor_nid	Data_plane_port
NeighborUpdate		544	4	1		New	4		7		1
 		 	 	 		 	 			2		1
 		 	 	 		 	 			10		1
 		 	 	 		 	 			5		1

Time: 24.480726 sec
Send to Nid: 10
Packet_Type		Length	Src_Nid	src_port	Option	Center_nid	Neighbor_nid	Data_plane_port
NeighborUpdate		544	4	1		Finish	 		 		 

Time: 24.590826 sec
Send to Nid: 10
Packet_Type		Length	Src_Nid	src_port	Option	Center_nid	Neighbor_nid	Data_plane_port
NeighborUpdate		544	4	1		New	4		7		1
 		 	 	 		 	 			2		1
 		 	 	 		 	 			10		1
 		 	 	 		 	 			5		1

Time: 24.590926 sec
Send to Nid: 10
Packet_Type		Length	Src_Nid	src_port	Option	Center_nid	Neighbor_nid	Data_plane_port
NeighborUpdate		544	4	1		Finish	 		 		 

