Time: 2.007000 sec
Packet_Type	Length	Src_nid	Src_port
Hello		80	10	1

Time: 3.105800 sec
Packet_Type		Length	Src_nid	Src_port	Option	Origin_nid	Destination_nid	Next_hop_nid
UpdateDataPlaneRouting	796	10	1		New	7		3		10
 		 	 	 		 		 		9		10
 		 	 	 		 		 		10		10

Time: 3.106900 sec
Packet_Type		Length	Src_nid	Src_port	Option	Origin_nid	Destination_nid	Next_hop_nid
UpdateDataPlaneRouting	796	10	1		Finish	 		 		 

Time: 10.183100 sec
Packet_Type	Length	Src_nid	Src_port
Hello		80	5	1

Time: 12.191200 sec
Packet_Type	Length	Src_nid	Src_port
Hello		80	5	1

Time: 12.252300 sec
Packet_Type	Length	Src_nid	Src_port
Hello		80	10	1

Time: 20.198400 sec
Packet_Type	Length	Src_nid	Src_port
Hello		80	2	1

Time: 20.242500 sec
Packet_Type	Length	Src_nid	Src_port
Hello		80	4	1

Time: 21.331600 sec
Packet_Type	Length	Src_nid	Src_port
Hello		80	10	1

Time: 21.398744 sec
Packet_Type		Length	Src_Nid	src_port	Option	Center_nid	Neighbor_nid	Data_plane_port
NeighborUpdate		544	10	1		Finish	 		 		 

Time: 21.414844 sec
Packet_Type		Length	Src_Nid	src_port	Option	Center_nid	Neighbor_nid	Data_plane_port
NeighborUpdate		544	10	1		New	4		10		1
 		 	 	 		 	 			3		1

Time: 21.417944 sec
Packet_Type		Length	Src_Nid	src_port	Option	Center_nid	Neighbor_nid	Data_plane_port
NeighborUpdate		544	10	1		Finish	 		 		 

Time: 21.422044 sec
Packet_Type		Length	Src_Nid	src_port	Option	Center_nid	Neighbor_nid	Data_plane_port
NeighborUpdate		544	10	1		Finish	 		 		 

Time: 21.457144 sec
Packet_Type		Length	Src_nid	Src_port	Option	Origin_nid	Destination_nid	Next_hop_nid
UpdateDataPlaneRouting	796	10	1		New	7		2		10
 		 	 	 		 		 		3		10
 		 	 	 		 		 		4		10
 		 	 	 		 		 		5		10
 		 	 	 		 		 		9		10
 		 	 	 		 		 		10		10

Time: 21.460244 sec
Packet_Type		Length	Src_nid	Src_port	Option	Origin_nid	Destination_nid	Next_hop_nid
UpdateDataPlaneRouting	796	10	1		Finish	 		 		 

Time: 21.463344 sec
Packet_Type		Length	Src_nid	Src_port	Option	Origin_nid	Destination_nid	Next_hop_nid
UpdateDataPlaneRouting	796	10	1		New	7		2		2
 		 	 	 		 		 		3		4
 		 	 	 		 		 		4		4
 		 	 	 		 		 		5		4
 		 	 	 		 		 		9		4
 		 	 	 		 		 		10		10

Time: 21.643732 sec
Packet_Type		Length	Src_nid	Src_port	Option	Origin_nid	Destination_nid	Next_hop_nid
UpdateDataPlaneRouting	796	10	1		New	7		2		2
 		 	 	 		 		 		3		4
 		 	 	 		 		 		4		4
 		 	 	 		 		 		5		4
 		 	 	 		 		 		9		4
 		 	 	 		 		 		10		10

Time: 21.645832 sec
Packet_Type		Length	Src_nid	Src_port	Option	Origin_nid	Destination_nid	Next_hop_nid
UpdateDataPlaneRouting	796	10	1		Finish	 		 		 

Time: 22.256700 sec
Packet_Type	Length	Src_nid	Src_port
Hello		80	5	1

Time: 22.284800 sec
Packet_Type	Length	Src_nid	Src_port
Hello		80	4	1

Time: 22.411332 sec
Packet_Type		Length	Src_nid	Src_port	Option	Origin_nid	Destination_nid	Next_hop_nid
UpdateDataPlaneRouting	796	10	1		New	7		2		2
 		 	 	 		 		 		3		4
 		 	 	 		 		 		4		4
 		 	 	 		 		 		5		4
 		 	 	 		 		 		9		4
 		 	 	 		 		 		10		10

Time: 22.416432 sec
Packet_Type		Length	Src_nid	Src_port	Option	Origin_nid	Destination_nid	Next_hop_nid
UpdateDataPlaneRouting	796	10	1		Finish	 		 		 

Time: 22.473498 sec
Packet_Type		Length	Src_nid	Src_port	Option	Origin_nid	Destination_nid	Next_hop_nid
UpdateDataPlaneRouting	796	10	1		New	7		2		2
 		 	 	 		 		 		3		4
 		 	 	 		 		 		4		4
 		 	 	 		 		 		5		5
 		 	 	 		 		 		9		4
 		 	 	 		 		 		10		10

Time: 22.477598 sec
Packet_Type		Length	Src_nid	Src_port	Option	Origin_nid	Destination_nid	Next_hop_nid
UpdateDataPlaneRouting	796	10	1		Finish	 		 		 

Time: 22.559900 sec
Packet_Type	Length	Src_nid	Src_port
Hello		80	10	1

Time: 23.417898 sec
Packet_Type		Length	Src_nid	Src_port	Option	Origin_nid	Destination_nid	Next_hop_nid
UpdateDataPlaneRouting	796	10	1		New	7		2		2
 		 	 	 		 		 		3		5
 		 	 	 		 		 		4		4
 		 	 	 		 		 		5		5
 		 	 	 		 		 		9		5
 		 	 	 		 		 		10		10

Time: 23.418998 sec
Packet_Type		Length	Src_nid	Src_port	Option	Origin_nid	Destination_nid	Next_hop_nid
UpdateDataPlaneRouting	796	10	1		Finish	 		 		 

Time: 24.284000 sec
Packet_Type	Length	Src_nid	Src_port
Hello		80	5	1

Time: 24.305100 sec
Packet_Type	Length	Src_nid	Src_port
Hello		80	4	1

Time: 24.586200 sec
Packet_Type	Length	Src_nid	Src_port
Hello		80	10	1

