Time: 2.012300 sec
Packet_Type		Length	Src_Nid	src_port	Option	Center_nid	Neighbor_nid	Data_plane_port
NeighborUpdate		544	9	1		New	9		10		1

Time: 2.014400 sec
Packet_Type		Length	Src_Nid	src_port	Option	Center_nid	Neighbor_nid	Data_plane_port
NeighborUpdate		544	9	1		Finish	 		 		 

Time: 2.017500 sec
Packet_Type		Length	Src_Nid	src_port	Option	Center_nid	Neighbor_nid	Data_plane_port
NeighborUpdate		544	3	1		New	3		10		1

Time: 2.018600 sec
Packet_Type		Length	Src_Nid	src_port	Option	Center_nid	Neighbor_nid	Data_plane_port
NeighborUpdate		544	3	1		Finish	 		 		 

Time: 2.027000 sec
Packet_Type	Length	Src_nid	Src_port
Hello		80	3	1

Time: 2.033100 sec
Packet_Type		Length	Src_Nid	src_port	Option	Center_nid	Neighbor_nid	Data_plane_port
NeighborUpdate		544	3	1		New	3		10		1
 		 	 	 		 	 			4		1

Time: 2.044200 sec
Packet_Type		Length	Src_Nid	src_port	Option	Center_nid	Neighbor_nid	Data_plane_port
NeighborUpdate		544	9	1		New	9		10		1
 		 	 	 		 	 			3		1

Time: 2.075300 sec
Packet_Type		Length	Src_Nid	src_port	Option	Center_nid	Neighbor_nid	Data_plane_port
NeighborUpdate		544	3	1		Finish	 		 		 

Time: 2.076400 sec
Packet_Type		Length	Src_Nid	src_port	Option	Center_nid	Neighbor_nid	Data_plane_port
NeighborUpdate		544	3	1		New	3		10		1
 		 	 	 		 	 			4		1
 		 	 	 		 	 			9		1

Time: 2.087800 sec
Packet_Type		Length	Src_Nid	src_port	Option	Center_nid	Neighbor_nid	Data_plane_port
NeighborUpdate		544	9	1		Finish	 		 		 

Time: 2.091200 sec
Packet_Type	Length	Src_nid	Src_port
Hello		80	3	1

Time: 3.014500 sec
Packet_Type	Length	Src_nid	Src_port
Hello		80	2	1

Time: 3.018600 sec
Packet_Type		Length	Src_Nid	src_port	Option	Center_nid	Neighbor_nid	Data_plane_port
NeighborUpdate		544	2	1		New	2		10		1

Time: 3.019700 sec
Packet_Type		Length	Src_Nid	src_port	Option	Center_nid	Neighbor_nid	Data_plane_port
NeighborUpdate		544	2	1		Finish	 		 		 

Time: 3.039300 sec
Packet_Type	Length	Src_nid	Src_port
Hello		80	7	1

Time: 3.040400 sec
Packet_Type	Length	Src_nid	Src_port
Hello		80	2	1

Time: 3.046700 sec
Packet_Type		Length	Src_Nid	src_port	Option	Center_nid	Neighbor_nid	Data_plane_port
NeighborUpdate		544	7	1		New	7		10		1

Time: 3.047800 sec
Packet_Type		Length	Src_Nid	src_port	Option	Center_nid	Neighbor_nid	Data_plane_port
NeighborUpdate		544	7	1		Finish	 		 		 

Time: 4.008700 sec
Packet_Type	Length	Src_nid	Src_port
Hello		80	5	1

Time: 4.010800 sec
Packet_Type		Length	Src_Nid	src_port	Option	Center_nid	Neighbor_nid	Data_plane_port
NeighborUpdate		544	5	1		New	5		10		1

Time: 4.011900 sec
Packet_Type		Length	Src_Nid	src_port	Option	Center_nid	Neighbor_nid	Data_plane_port
NeighborUpdate		544	5	1		Finish	 		 		 

Time: 4.013100 sec
Packet_Type		Length	Src_Nid	src_port	Option	Center_nid	Neighbor_nid	Data_plane_port
NeighborUpdate		544	5	1		New	5		10		1
 		 	 	 		 	 			2		1

Time: 4.014200 sec
Packet_Type		Length	Src_Nid	src_port	Option	Center_nid	Neighbor_nid	Data_plane_port
NeighborUpdate		544	5	1		Finish	 		 		 

Time: 4.015300 sec
Packet_Type		Length	Src_Nid	src_port	Option	Center_nid	Neighbor_nid	Data_plane_port
NeighborUpdate		544	5	1		New	5		10		1
 		 	 	 		 	 			2		1
 		 	 	 		 	 			8		1

Time: 4.016400 sec
Packet_Type		Length	Src_Nid	src_port	Option	Center_nid	Neighbor_nid	Data_plane_port
NeighborUpdate		544	5	1		Finish	 		 		 

Time: 4.020100 sec
Packet_Type	Length	Src_nid	Src_port
Hello		80	2	1

Time: 4.033100 sec
Packet_Type		Length	Src_Nid	src_port	Option	Center_nid	Neighbor_nid	Data_plane_port
NeighborUpdate		544	5	1		New	5		10		1
 		 	 	 		 	 			2		1
 		 	 	 		 	 			8		1

Time: 4.033200 sec
Packet_Type	Length	Src_nid	Src_port
Hello		80	3	1

Time: 4.059300 sec
Packet_Type	Length	Src_nid	Src_port
Hello		80	5	1

Time: 4.093400 sec
Packet_Type		Length	Src_Nid	src_port	Option	Center_nid	Neighbor_nid	Data_plane_port
NeighborUpdate		544	5	1		Finish	 		 		 

Time: 4.094500 sec
Packet_Type		Length	Src_Nid	src_port	Option	Center_nid	Neighbor_nid	Data_plane_port
NeighborUpdate		544	5	1		New	5		10		1
 		 	 	 		 	 			2		1
 		 	 	 		 	 			8		1

Time: 4.095600 sec
Packet_Type		Length	Src_Nid	src_port	Option	Center_nid	Neighbor_nid	Data_plane_port
NeighborUpdate		544	5	1		Finish	 		 		 

Time: 4.118400 sec
Packet_Type	Length	Src_nid	Src_port
Hello		80	9	1

Time: 4.348900 sec
Packet_Type	Length	Src_nid	Src_port
Hello		80	5	1

Time: 4.351200 sec
Packet_Type	Length	Src_nid	Src_port
Hello		80	9	1

Time: 4.353500 sec
Packet_Type	Length	Src_nid	Src_port
Hello		80	3	1

Time: 4.355800 sec
Packet_Type	Length	Src_nid	Src_port
Hello		80	2	1

Time: 4.356900 sec
Packet_Type		Length	Src_Nid	src_port	Option	Center_nid	Neighbor_nid	Data_plane_port
NeighborUpdate		544	5	1		New	5		10		1
 		 	 	 		 	 			2		1
 		 	 	 		 	 			8		1
 		 	 	 		 	 			9		1

Time: 4.358000 sec
Packet_Type		Length	Src_Nid	src_port	Option	Center_nid	Neighbor_nid	Data_plane_port
NeighborUpdate		544	5	1		Finish	 		 		 

Time: 4.361900 sec
Packet_Type		Length	Src_Nid	src_port	Option	Center_nid	Neighbor_nid	Data_plane_port
NeighborUpdate		544	9	1		New	9		10		1
 		 	 	 		 	 			3		1
 		 	 	 		 	 			5		1
 		 	 	 		 	 			8		1
 		 	 	 		 	 			6		1

Time: 4.363000 sec
Packet_Type		Length	Src_Nid	src_port	Option	Center_nid	Neighbor_nid	Data_plane_port
NeighborUpdate		544	9	1		Finish	 		 		 

Time: 4.366700 sec
Packet_Type		Length	Src_Nid	src_port	Option	Center_nid	Neighbor_nid	Data_plane_port
NeighborUpdate		544	3	1		New	3		10		1
 		 	 	 		 	 			4		1
 		 	 	 		 	 			9		1
 		 	 	 		 	 			6		1

Time: 4.367800 sec
Packet_Type		Length	Src_Nid	src_port	Option	Center_nid	Neighbor_nid	Data_plane_port
NeighborUpdate		544	3	1		Finish	 		 		 

Time: 6.094500 sec
Packet_Type	Length	Src_nid	Src_port
Hello		80	5	1

Time: 6.131900 sec
Packet_Type		Length	Src_Nid	src_port	Option	Center_nid	Neighbor_nid	Data_plane_port
NeighborUpdate		544	5	1		New	5		10		1
 		 	 	 		 	 			2		1
 		 	 	 		 	 			8		1
 		 	 	 		 	 			9		1

Time: 6.174000 sec
Packet_Type		Length	Src_Nid	src_port	Option	Center_nid	Neighbor_nid	Data_plane_port
NeighborUpdate		544	5	1		Finish	 		 		 

Time: 6.190100 sec
Packet_Type		Length	Src_Nid	src_port	Option	Center_nid	Neighbor_nid	Data_plane_port
NeighborUpdate		544	3	1		New	3		10		1
 		 	 	 		 	 			4		1
 		 	 	 		 	 			9		1
 		 	 	 		 	 			6		1

Time: 6.191200 sec
Packet_Type		Length	Src_Nid	src_port	Option	Center_nid	Neighbor_nid	Data_plane_port
NeighborUpdate		544	3	1		Finish	 		 		 

Time: 6.192300 sec
Packet_Type		Length	Src_Nid	src_port	Option	Center_nid	Neighbor_nid	Data_plane_port
NeighborUpdate		544	3	1		New	3		10		1
 		 	 	 		 	 			4		1
 		 	 	 		 	 			9		1
 		 	 	 		 	 			6		1

Time: 6.193400 sec
Packet_Type		Length	Src_Nid	src_port	Option	Center_nid	Neighbor_nid	Data_plane_port
NeighborUpdate		544	3	1		Finish	 		 		 

Time: 7.084500 sec
Packet_Type		Length	Src_Nid	src_port	Option	Center_nid	Neighbor_nid	Data_plane_port
NeighborUpdate		544	3	1		New	3		10		1
 		 	 	 		 	 			9		1
 		 	 	 		 	 			6		1

Time: 7.382600 sec
Packet_Type		Length	Src_Nid	src_port	Option	Center_nid	Neighbor_nid	Data_plane_port
NeighborUpdate		544	3	1		Finish	 		 		 

Time: 8.121300 sec
Packet_Type		Length	Src_Nid	src_port	Option	Center_nid	Neighbor_nid	Data_plane_port
NeighborUpdate		544	3	1		New	3		10		1
 		 	 	 		 	 			9		1
 		 	 	 		 	 			6		1
 		 	 	 		 	 			4		1

Time: 8.135600 sec
Packet_Type	Length	Src_nid	Src_port
Hello		80	5	1

Time: 8.180400 sec
Packet_Type		Length	Src_Nid	src_port	Option	Center_nid	Neighbor_nid	Data_plane_port
NeighborUpdate		544	3	1		Finish	 		 		 

Time: 8.181500 sec
Packet_Type		Length	Src_Nid	src_port	Option	Center_nid	Neighbor_nid	Data_plane_port
NeighborUpdate		544	3	1		New	3		10		1
 		 	 	 		 	 			9		1
 		 	 	 		 	 			6		1
 		 	 	 		 	 			4		1

Time: 8.483100 sec
Packet_Type		Length	Src_Nid	src_port	Option	Center_nid	Neighbor_nid	Data_plane_port
NeighborUpdate		544	5	1		New	5		10		1
 		 	 	 		 	 			2		1
 		 	 	 		 	 			8		1
 		 	 	 		 	 			9		1

Time: 8.744200 sec
Packet_Type		Length	Src_Nid	src_port	Option	Center_nid	Neighbor_nid	Data_plane_port
NeighborUpdate		544	5	1		Finish	 		 		 

Time: 10.182700 sec
Packet_Type	Length	Src_nid	Src_port
Hello		80	5	1

Time: 10.206800 sec
Packet_Type	Length	Src_nid	Src_port
Hello		80	7	1

Time: 12.190900 sec
Packet_Type	Length	Src_nid	Src_port
Hello		80	5	1

Time: 12.264700 sec
Packet_Type		Length	Src_Nid	src_port	Option	Center_nid	Neighbor_nid	Data_plane_port
NeighborUpdate		544	3	1		New	3		10		1
 		 	 	 		 	 			6		1
 		 	 	 		 	 			4		1

Time: 12.270900 sec
Packet_Type		Length	Src_Nid	src_port	Option	Center_nid	Neighbor_nid	Data_plane_port
NeighborUpdate		544	3	1		Finish	 		 		 

Time: 12.272000 sec
Packet_Type	Length	Src_nid	Src_port
Hello		80	3	1

Time: 12.273100 sec
Packet_Type		Length	Src_Nid	src_port	Option	Center_nid	Neighbor_nid	Data_plane_port
NeighborUpdate		544	3	1		New	3		10		1
 		 	 	 		 	 			6		1
 		 	 	 		 	 			4		1

Time: 12.274200 sec
Packet_Type		Length	Src_Nid	src_port	Option	Center_nid	Neighbor_nid	Data_plane_port
NeighborUpdate		544	3	1		Finish	 		 		 

Time: 12.590600 sec
Packet_Type		Length	Src_Nid	src_port	Option	Center_nid	Neighbor_nid	Data_plane_port
NeighborUpdate		544	3	1		New	3		10		1
 		 	 	 		 	 			6		1
 		 	 	 		 	 			4		1
 		 	 	 		 	 			9		1

Time: 12.591700 sec
Packet_Type		Length	Src_Nid	src_port	Option	Center_nid	Neighbor_nid	Data_plane_port
NeighborUpdate		544	3	1		Finish	 		 		 

Time: 13.309000 sec
Packet_Type		Length	Src_Nid	src_port	Option	Center_nid	Neighbor_nid	Data_plane_port
NeighborUpdate		544	3	1		New	3		10		1
 		 	 	 		 	 			4		1
 		 	 	 		 	 			9		1

Time: 13.369100 sec
Packet_Type		Length	Src_Nid	src_port	Option	Center_nid	Neighbor_nid	Data_plane_port
NeighborUpdate		544	3	1		Finish	 		 		 

Time: 14.156400 sec
Packet_Type		Length	Src_Nid	src_port	Option	Center_nid	Neighbor_nid	Data_plane_port
NeighborUpdate		544	3	1		New	3		10		1
 		 	 	 		 	 			4		1
 		 	 	 		 	 			9		1

Time: 14.271000 sec
Packet_Type	Length	Src_nid	Src_port
Hello		80	7	1

Time: 14.428500 sec
Packet_Type		Length	Src_Nid	src_port	Option	Center_nid	Neighbor_nid	Data_plane_port
NeighborUpdate		544	3	1		Finish	 		 		 

Time: 14.429600 sec
Packet_Type		Length	Src_Nid	src_port	Option	Center_nid	Neighbor_nid	Data_plane_port
NeighborUpdate		544	3	1		New	3		10		1
 		 	 	 		 	 			4		1
 		 	 	 		 	 			9		1

Time: 16.306100 sec
Packet_Type	Length	Src_nid	Src_port
Hello		80	7	1

Time: 18.348200 sec
Packet_Type	Length	Src_nid	Src_port
Hello		80	7	1

Time: 20.198300 sec
Packet_Type	Length	Src_nid	Src_port
Hello		80	2	1

Time: 20.242400 sec
Packet_Type	Length	Src_nid	Src_port
Hello		80	4	1

Time: 20.360500 sec
Packet_Type	Length	Src_nid	Src_port
Hello		80	7	1

Time: 21.354800 sec
Packet_Type	Length	Src_nid	Src_port
Hello		80	4	1

Time: 21.363900 sec
Packet_Type		Length	Src_Nid	src_port	Option	Center_nid	Neighbor_nid	Data_plane_port
NeighborUpdate		544	4	1		New	4		10		1

Time: 21.365000 sec
Packet_Type		Length	Src_Nid	src_port	Option	Center_nid	Neighbor_nid	Data_plane_port
NeighborUpdate		544	4	1		Finish	 		 		 

Time: 21.377200 sec
Packet_Type		Length	Src_Nid	src_port	Option	Center_nid	Neighbor_nid	Data_plane_port
NeighborUpdate		544	4	1		Finish	 		 		 

Time: 21.380500 sec
Packet_Type		Length	Src_Nid	src_port	Option	Center_nid	Neighbor_nid	Data_plane_port
NeighborUpdate		544	4	1		New	4		10		1
 		 	 	 		 	 			3		1

Time: 21.381600 sec
Packet_Type		Length	Src_Nid	src_port	Option	Center_nid	Neighbor_nid	Data_plane_port
NeighborUpdate		544	4	1		Finish	 		 		 

Time: 21.382800 sec
Packet_Type		Length	Src_Nid	src_port	Option	Center_nid	Neighbor_nid	Data_plane_port
NeighborUpdate		544	7	1		Finish	 		 		 

Time: 21.411200 sec
Packet_Type	Length	Src_nid	Src_port
Hello		80	7	1

Time: 21.412300 sec
Packet_Type		Length	Src_Nid	src_port	Option	Center_nid	Neighbor_nid	Data_plane_port
NeighborUpdate		544	7	1		New	7		2		1
 		 	 	 		 	 			4		1
 		 	 	 		 	 			10		1

Time: 21.413400 sec
Packet_Type		Length	Src_Nid	src_port	Option	Center_nid	Neighbor_nid	Data_plane_port
NeighborUpdate		544	7	1		Finish	 		 		 

Time: 21.448800 sec
Packet_Type		Length	Src_Nid	src_port	Option	Center_nid	Neighbor_nid	Data_plane_port
NeighborUpdate		544	4	1		Finish	 		 		 

Time: 21.503000 sec
Packet_Type		Length	Src_Nid	src_port	Option	Center_nid	Neighbor_nid	Data_plane_port
NeighborUpdate		544	4	1		New	4		10		1
 		 	 	 		 	 			3		1
 		 	 	 		 	 			5		1
 		 	 	 		 	 			7		1
 		 	 	 		 	 			9		1

Time: 21.504100 sec
Packet_Type	Length	Src_nid	Src_port
Hello		80	4	1

Time: 21.545300 sec
Packet_Type	Length	Src_nid	Src_port
Hello		80	7	1

Time: 22.256600 sec
Packet_Type	Length	Src_nid	Src_port
Hello		80	5	1

Time: 22.267000 sec
Packet_Type		Length	Src_Nid	src_port	Option	Center_nid	Neighbor_nid	Data_plane_port
NeighborUpdate		544	4	1		New	4		7		1
 		 	 	 		 	 			9		1
 		 	 	 		 	 			2		1
 		 	 	 		 	 			10		1
 		 	 	 		 	 			5		1

Time: 22.269100 sec
Packet_Type		Length	Src_Nid	src_port	Option	Center_nid	Neighbor_nid	Data_plane_port
NeighborUpdate		544	7	1		New	7		2		1
 		 	 	 		 	 			4		1
 		 	 	 		 	 			10		1
 		 	 	 		 	 			5		1

Time: 22.284700 sec
Packet_Type	Length	Src_nid	Src_port
Hello		80	4	1

Time: 22.295200 sec
Packet_Type		Length	Src_Nid	src_port	Option	Center_nid	Neighbor_nid	Data_plane_port
NeighborUpdate		544	7	1		Finish	 		 		 

Time: 22.296300 sec
Packet_Type		Length	Src_Nid	src_port	Option	Center_nid	Neighbor_nid	Data_plane_port
NeighborUpdate		544	7	1		New	7		2		1
 		 	 	 		 	 			4		1
 		 	 	 		 	 			10		1
 		 	 	 		 	 			5		1

Time: 22.419800 sec
Packet_Type	Length	Src_nid	Src_port
Hello		80	7	1

Time: 22.445700 sec
Packet_Type		Length	Src_Nid	src_port	Option	Center_nid	Neighbor_nid	Data_plane_port
NeighborUpdate		544	4	1		Finish	 		 		 

Time: 22.446800 sec
Packet_Type		Length	Src_Nid	src_port	Option	Center_nid	Neighbor_nid	Data_plane_port
NeighborUpdate		544	4	1		New	4		7		1
 		 	 	 		 	 			9		1
 		 	 	 		 	 			2		1
 		 	 	 		 	 			10		1
 		 	 	 		 	 			5		1

Time: 22.447900 sec
Packet_Type		Length	Src_Nid	src_port	Option	Center_nid	Neighbor_nid	Data_plane_port
NeighborUpdate		544	4	1		Finish	 		 		 

Time: 22.457200 sec
Packet_Type	Length	Src_nid	Src_port
Hello		80	7	1

Time: 22.564500 sec
Packet_Type		Length	Src_Nid	src_port	Option	Center_nid	Neighbor_nid	Data_plane_port
NeighborUpdate		544	7	1		New	7		2		1
 		 	 	 		 	 			4		1
 		 	 	 		 	 			10		1
 		 	 	 		 	 			5		1

Time: 22.565600 sec
Packet_Type		Length	Src_Nid	src_port	Option	Center_nid	Neighbor_nid	Data_plane_port
NeighborUpdate		544	4	1		New	4		7		1
 		 	 	 		 	 			9		1
 		 	 	 		 	 			2		1
 		 	 	 		 	 			10		1
 		 	 	 		 	 			5		1

Time: 22.606700 sec
Packet_Type		Length	Src_Nid	src_port	Option	Center_nid	Neighbor_nid	Data_plane_port
NeighborUpdate		544	7	1		Finish	 		 		 

Time: 22.611800 sec
Packet_Type		Length	Src_Nid	src_port	Option	Center_nid	Neighbor_nid	Data_plane_port
NeighborUpdate		544	4	1		Finish	 		 		 

Time: 23.403900 sec
Packet_Type		Length	Src_Nid	src_port	Option	Center_nid	Neighbor_nid	Data_plane_port
NeighborUpdate		544	4	1		New	4		7		1
 		 	 	 		 	 			2		1
 		 	 	 		 	 			10		1
 		 	 	 		 	 			5		1

Time: 23.407000 sec
Packet_Type		Length	Src_Nid	src_port	Option	Center_nid	Neighbor_nid	Data_plane_port
NeighborUpdate		544	4	1		Finish	 		 		 

Time: 24.283900 sec
Packet_Type	Length	Src_nid	Src_port
Hello		80	5	1

Time: 24.292500 sec
Packet_Type		Length	Src_Nid	src_port	Option	Center_nid	Neighbor_nid	Data_plane_port
NeighborUpdate		544	4	1		New	4		7		1
 		 	 	 		 	 			2		1
 		 	 	 		 	 			10		1
 		 	 	 		 	 			5		1

Time: 24.297600 sec
Packet_Type		Length	Src_Nid	src_port	Option	Center_nid	Neighbor_nid	Data_plane_port
NeighborUpdate		544	7	1		New	7		2		1
 		 	 	 		 	 			4		1
 		 	 	 		 	 			10		1
 		 	 	 		 	 			5		1

Time: 24.301700 sec
Packet_Type		Length	Src_Nid	src_port	Option	Center_nid	Neighbor_nid	Data_plane_port
NeighborUpdate		544	7	1		Finish	 		 		 

Time: 24.305000 sec
Packet_Type	Length	Src_nid	Src_port
Hello		80	4	1

Time: 24.315800 sec
Packet_Type		Length	Src_Nid	src_port	Option	Center_nid	Neighbor_nid	Data_plane_port
NeighborUpdate		544	7	1		New	7		2		1
 		 	 	 		 	 			4		1
 		 	 	 		 	 			10		1
 		 	 	 		 	 			5		1

Time: 24.318900 sec
Packet_Type		Length	Src_Nid	src_port	Option	Center_nid	Neighbor_nid	Data_plane_port
NeighborUpdate		544	7	1		Finish	 		 		 

Time: 24.339000 sec
Packet_Type		Length	Src_Nid	src_port	Option	Center_nid	Neighbor_nid	Data_plane_port
NeighborUpdate		544	4	1		Finish	 		 		 

Time: 24.473100 sec
Packet_Type	Length	Src_nid	Src_port
Hello		80	7	1

Time: 24.485100 sec
Packet_Type		Length	Src_Nid	src_port	Option	Center_nid	Neighbor_nid	Data_plane_port
NeighborUpdate		544	4	1		New	4		7		1
 		 	 	 		 	 			2		1
 		 	 	 		 	 			10		1
 		 	 	 		 	 			5		1

Time: 24.487200 sec
Packet_Type		Length	Src_Nid	src_port	Option	Center_nid	Neighbor_nid	Data_plane_port
NeighborUpdate		544	4	1		Finish	 		 		 

Time: 24.633300 sec
Packet_Type		Length	Src_Nid	src_port	Option	Center_nid	Neighbor_nid	Data_plane_port
NeighborUpdate		544	4	1		New	4		7		1
 		 	 	 		 	 			2		1
 		 	 	 		 	 			10		1
 		 	 	 		 	 			5		1

Time: 24.652400 sec
Packet_Type		Length	Src_Nid	src_port	Option	Center_nid	Neighbor_nid	Data_plane_port
NeighborUpdate		544	4	1		Finish	 		 		 

Time: 24.698500 sec
Packet_Type		Length	Src_Nid	src_port	Option	Center_nid	Neighbor_nid	Data_plane_port
NeighborUpdate		544	7	1		New	7		2		1
 		 	 	 		 	 			4		1
 		 	 	 		 	 			10		1
 		 	 	 		 	 			5		1

Time: 24.701600 sec
Packet_Type		Length	Src_Nid	src_port	Option	Center_nid	Neighbor_nid	Data_plane_port
NeighborUpdate		544	7	1		Finish	 		 		 

