Time: 2.007000 sec
Packet_Type	Length	Src_nid	Src_port
Hello		80	10	1

Time: 2.027100 sec
Packet_Type	Length	Src_nid	Src_port
Hello		80	3	1

Time: 2.039330 sec
Packet_Type		Length	Src_nid	Src_port	Option	Origin_nid	Destination_nid	Next_hop_nid
UpdateDataPlaneRouting	796	10	1		New	9		3		10
 		 	 	 		 		 		10		10

Time: 2.041430 sec
Packet_Type		Length	Src_nid	Src_port	Option	Origin_nid	Destination_nid	Next_hop_nid
UpdateDataPlaneRouting	796	10	1		Finish	 		 		 

Time: 2.082530 sec
Packet_Type		Length	Src_nid	Src_port	Option	Origin_nid	Destination_nid	Next_hop_nid
UpdateDataPlaneRouting	796	10	1		New	9		3		3
 		 	 	 		 		 		10		10

Time: 2.085630 sec
Packet_Type		Length	Src_nid	Src_port	Option	Origin_nid	Destination_nid	Next_hop_nid
UpdateDataPlaneRouting	796	10	1		Finish	 		 		 

Time: 2.092730 sec
Packet_Type		Length	Src_nid	Src_port	Option	Origin_nid	Destination_nid	Next_hop_nid
UpdateDataPlaneRouting	796	10	1		New	9		3		3
 		 	 	 		 		 		10		10

Time: 2.094830 sec
Packet_Type		Length	Src_nid	Src_port	Option	Origin_nid	Destination_nid	Next_hop_nid
UpdateDataPlaneRouting	796	10	1		Finish	 		 		 

Time: 3.028930 sec
Packet_Type		Length	Src_nid	Src_port	Option	Origin_nid	Destination_nid	Next_hop_nid
UpdateDataPlaneRouting	796	10	1		New	9		3		3
 		 	 	 		 		 		10		10

Time: 3.032030 sec
Packet_Type		Length	Src_nid	Src_port	Option	Origin_nid	Destination_nid	Next_hop_nid
UpdateDataPlaneRouting	796	10	1		Finish	 		 		 

Time: 3.109130 sec
Packet_Type		Length	Src_nid	Src_port	Option	Origin_nid	Destination_nid	Next_hop_nid
UpdateDataPlaneRouting	796	10	1		New	9		3		3
 		 	 	 		 		 		10		10

Time: 3.110230 sec
Packet_Type		Length	Src_nid	Src_port	Option	Origin_nid	Destination_nid	Next_hop_nid
UpdateDataPlaneRouting	796	10	1		Finish	 		 		 

Time: 4.033200 sec
Packet_Type	Length	Src_nid	Src_port
Hello		80	3	1

Time: 4.059300 sec
Packet_Type	Length	Src_nid	Src_port
Hello		80	5	1

Time: 4.066400 sec
Packet_Type	Length	Src_nid	Src_port
Hello		80	8	1

Time: 4.069500 sec
Packet_Type	Length	Src_nid	Src_port
Hello		80	6	1

Time: 4.126130 sec
Packet_Type		Length	Src_nid	Src_port	Option	Origin_nid	Destination_nid	Next_hop_nid
UpdateDataPlaneRouting	796	10	1		New	9		3		3
 		 	 	 		 		 		10		10

Time: 4.127230 sec
Packet_Type		Length	Src_nid	Src_port	Option	Origin_nid	Destination_nid	Next_hop_nid
UpdateDataPlaneRouting	796	10	1		Finish	 		 		 

Time: 4.174330 sec
Packet_Type		Length	Src_nid	Src_port	Option	Origin_nid	Destination_nid	Next_hop_nid
UpdateDataPlaneRouting	796	10	1		New	9		3		3
 		 	 	 		 		 		10		10

Time: 4.175430 sec
Packet_Type		Length	Src_nid	Src_port	Option	Origin_nid	Destination_nid	Next_hop_nid
UpdateDataPlaneRouting	796	10	1		Finish	 		 		 

Time: 4.225530 sec
Packet_Type		Length	Src_nid	Src_port	Option	Origin_nid	Destination_nid	Next_hop_nid
UpdateDataPlaneRouting	796	10	1		New	9		3		3
 		 	 	 		 		 		10		10

Time: 4.227630 sec
Packet_Type		Length	Src_nid	Src_port	Option	Origin_nid	Destination_nid	Next_hop_nid
UpdateDataPlaneRouting	796	10	1		Finish	 		 		 

Time: 4.262600 sec
Packet_Type	Length	Src_nid	Src_port
Hello		80	10	1

Time: 4.364493 sec
Packet_Type		Length	Src_nid	Src_port	Option	Origin_nid	Destination_nid	Next_hop_nid
UpdateDataPlaneRouting	796	10	1		New	9		2		10
 		 	 	 		 		 		3		3
 		 	 	 		 		 		5		10
 		 	 	 		 		 		10		10

Time: 4.366593 sec
Packet_Type		Length	Src_nid	Src_port	Option	Origin_nid	Destination_nid	Next_hop_nid
UpdateDataPlaneRouting	796	10	1		Finish	 		 		 

Time: 4.386693 sec
Packet_Type		Length	Src_nid	Src_port	Option	Origin_nid	Destination_nid	Next_hop_nid
UpdateDataPlaneRouting	796	10	1		New	9		2		10
 		 	 	 		 		 		3		3
 		 	 	 		 		 		5		10
 		 	 	 		 		 		10		10

Time: 4.389793 sec
Packet_Type		Length	Src_nid	Src_port	Option	Origin_nid	Destination_nid	Next_hop_nid
UpdateDataPlaneRouting	796	10	1		Finish	 		 		 

Time: 4.399893 sec
Packet_Type		Length	Src_nid	Src_port	Option	Origin_nid	Destination_nid	Next_hop_nid
UpdateDataPlaneRouting	796	10	1		New	9		2		5
 		 	 	 		 		 		3		3
 		 	 	 		 		 		5		5
 		 	 	 		 		 		10		10

Time: 4.401993 sec
Packet_Type		Length	Src_nid	Src_port	Option	Origin_nid	Destination_nid	Next_hop_nid
UpdateDataPlaneRouting	796	10	1		Finish	 		 		 

Time: 4.411093 sec
Packet_Type		Length	Src_nid	Src_port	Option	Origin_nid	Destination_nid	Next_hop_nid
UpdateDataPlaneRouting	796	10	1		New	9		2		5
 		 	 	 		 		 		3		3
 		 	 	 		 		 		5		5
 		 	 	 		 		 		10		10

Time: 4.412193 sec
Packet_Type		Length	Src_nid	Src_port	Option	Origin_nid	Destination_nid	Next_hop_nid
UpdateDataPlaneRouting	796	10	1		Finish	 		 		 

Time: 12.121700 sec
Packet_Type	Length	Src_nid	Src_port
Hello		80	3	1

Time: 12.135800 sec
Packet_Type	Length	Src_nid	Src_port
Hello		80	4	1

Time: 12.190900 sec
Packet_Type	Length	Src_nid	Src_port
Hello		80	5	1

Time: 12.252000 sec
Packet_Type	Length	Src_nid	Src_port
Hello		80	10	1

Time: 14.128100 sec
Packet_Type	Length	Src_nid	Src_port
Hello		80	3	1

Time: 14.146200 sec
Packet_Type	Length	Src_nid	Src_port
Hello		80	4	1

Time: 14.285300 sec
Packet_Type	Length	Src_nid	Src_port
Hello		80	6	1

Time: 16.168400 sec
Packet_Type	Length	Src_nid	Src_port
Hello		80	4	1

Time: 18.206500 sec
Packet_Type	Length	Src_nid	Src_port
Hello		80	4	1

Time: 18.382600 sec
Packet_Type	Length	Src_nid	Src_port
Hello		80	6	1

Time: 20.237700 sec
Packet_Type	Length	Src_nid	Src_port
Hello		80	8	1

Time: 20.242800 sec
Packet_Type	Length	Src_nid	Src_port
Hello		80	4	1

Time: 20.393900 sec
Packet_Type	Length	Src_nid	Src_port
Hello		80	6	1

Time: 21.332000 sec
Packet_Type	Length	Src_nid	Src_port
Hello		80	10	1

Time: 22.182100 sec
Packet_Type	Length	Src_nid	Src_port
Hello		80	3	1

Time: 22.285200 sec
Packet_Type	Length	Src_nid	Src_port
Hello		80	4	1

Time: 22.413300 sec
Packet_Type	Length	Src_nid	Src_port
Hello		80	6	1

Time: 22.559400 sec
Packet_Type	Length	Src_nid	Src_port
Hello		80	10	1

Time: 24.186500 sec
Packet_Type	Length	Src_nid	Src_port
Hello		80	3	1

Time: 24.304600 sec
Packet_Type	Length	Src_nid	Src_port
Hello		80	4	1

Time: 24.340700 sec
Packet_Type	Length	Src_nid	Src_port
Hello		80	8	1

Time: 24.585800 sec
Packet_Type	Length	Src_nid	Src_port
Hello		80	10	1

