Time: 2.007000 sec
Packet_Type	Length	Src_nid	Src_port
Hello		80	10	1

Time: 2.024100 sec
Packet_Type	Length	Src_nid	Src_port
Hello		80	4	1

Time: 2.034569 sec
Packet_Type		Length	Src_nid	Src_port	Option	Origin_nid	Destination_nid	Next_hop_nid
UpdateDataPlaneRouting	796	10	1		New	3		10		10

Time: 2.036669 sec
Packet_Type		Length	Src_nid	Src_port	Option	Origin_nid	Destination_nid	Next_hop_nid
UpdateDataPlaneRouting	796	10	1		Finish	 		 		 

Time: 2.052200 sec
Packet_Type	Length	Src_nid	Src_port
Hello		80	9	1

Time: 2.090301 sec
Packet_Type		Length	Src_Nid	src_port	Option	Center_nid	Neighbor_nid	Data_plane_port
NeighborUpdate		544	10	1		Finish	 		 		 

Time: 2.096401 sec
Packet_Type		Length	Src_nid	Src_port	Option	Origin_nid	Destination_nid	Next_hop_nid
UpdateDataPlaneRouting	796	10	1		New	3		9		9
 		 	 	 		 		 		10		10

Time: 2.098501 sec
Packet_Type		Length	Src_nid	Src_port	Option	Origin_nid	Destination_nid	Next_hop_nid
UpdateDataPlaneRouting	796	10	1		Finish	 		 		 

Time: 3.025601 sec
Packet_Type		Length	Src_nid	Src_port	Option	Origin_nid	Destination_nid	Next_hop_nid
UpdateDataPlaneRouting	796	10	1		New	3		9		9
 		 	 	 		 		 		10		10

Time: 3.027701 sec
Packet_Type		Length	Src_nid	Src_port	Option	Origin_nid	Destination_nid	Next_hop_nid
UpdateDataPlaneRouting	796	10	1		Finish	 		 		 

Time: 3.100801 sec
Packet_Type		Length	Src_nid	Src_port	Option	Origin_nid	Destination_nid	Next_hop_nid
UpdateDataPlaneRouting	796	10	1		New	3		9		9
 		 	 	 		 		 		10		10

Time: 3.102901 sec
Packet_Type		Length	Src_nid	Src_port	Option	Origin_nid	Destination_nid	Next_hop_nid
UpdateDataPlaneRouting	796	10	1		Finish	 		 		 

Time: 4.025001 sec
Packet_Type		Length	Src_nid	Src_port	Option	Origin_nid	Destination_nid	Next_hop_nid
UpdateDataPlaneRouting	796	10	1		New	3		9		9
 		 	 	 		 		 		10		10

Time: 4.027101 sec
Packet_Type		Length	Src_nid	Src_port	Option	Origin_nid	Destination_nid	Next_hop_nid
UpdateDataPlaneRouting	796	10	1		Finish	 		 		 

Time: 4.069300 sec
Packet_Type	Length	Src_nid	Src_port
Hello		80	6	1

Time: 4.118400 sec
Packet_Type	Length	Src_nid	Src_port
Hello		80	9	1

Time: 4.131601 sec
Packet_Type		Length	Src_nid	Src_port	Option	Origin_nid	Destination_nid	Next_hop_nid
UpdateDataPlaneRouting	796	10	1		New	3		9		9
 		 	 	 		 		 		10		10

Time: 4.133701 sec
Packet_Type		Length	Src_nid	Src_port	Option	Origin_nid	Destination_nid	Next_hop_nid
UpdateDataPlaneRouting	796	10	1		Finish	 		 		 

Time: 4.180801 sec
Packet_Type		Length	Src_nid	Src_port	Option	Origin_nid	Destination_nid	Next_hop_nid
UpdateDataPlaneRouting	796	10	1		New	3		9		9
 		 	 	 		 		 		10		10

Time: 4.181901 sec
Packet_Type		Length	Src_nid	Src_port	Option	Origin_nid	Destination_nid	Next_hop_nid
UpdateDataPlaneRouting	796	10	1		Finish	 		 		 

Time: 4.240001 sec
Packet_Type		Length	Src_nid	Src_port	Option	Origin_nid	Destination_nid	Next_hop_nid
UpdateDataPlaneRouting	796	10	1		New	3		2		10
 		 	 	 		 		 		9		9
 		 	 	 		 		 		10		10

Time: 4.242101 sec
Packet_Type		Length	Src_nid	Src_port	Option	Origin_nid	Destination_nid	Next_hop_nid
UpdateDataPlaneRouting	796	10	1		Finish	 		 		 

Time: 4.262500 sec
Packet_Type	Length	Src_nid	Src_port
Hello		80	10	1

Time: 4.367513 sec
Packet_Type		Length	Src_nid	Src_port	Option	Origin_nid	Destination_nid	Next_hop_nid
UpdateDataPlaneRouting	796	10	1		New	3		2		10
 		 	 	 		 		 		5		10
 		 	 	 		 		 		9		9
 		 	 	 		 		 		10		10

Time: 4.369613 sec
Packet_Type		Length	Src_nid	Src_port	Option	Origin_nid	Destination_nid	Next_hop_nid
UpdateDataPlaneRouting	796	10	1		Finish	 		 		 

Time: 4.378713 sec
Packet_Type		Length	Src_nid	Src_port	Option	Origin_nid	Destination_nid	Next_hop_nid
UpdateDataPlaneRouting	796	10	1		New	3		2		10
 		 	 	 		 		 		5		10
 		 	 	 		 		 		9		9
 		 	 	 		 		 		10		10

Time: 4.379813 sec
Packet_Type		Length	Src_nid	Src_port	Option	Origin_nid	Destination_nid	Next_hop_nid
UpdateDataPlaneRouting	796	10	1		Finish	 		 		 

Time: 4.393913 sec
Packet_Type		Length	Src_nid	Src_port	Option	Origin_nid	Destination_nid	Next_hop_nid
UpdateDataPlaneRouting	796	10	1		New	3		2		10
 		 	 	 		 		 		5		9
 		 	 	 		 		 		9		9
 		 	 	 		 		 		10		10

Time: 4.395013 sec
Packet_Type		Length	Src_nid	Src_port	Option	Origin_nid	Destination_nid	Next_hop_nid
UpdateDataPlaneRouting	796	10	1		Finish	 		 		 

Time: 4.405113 sec
Packet_Type		Length	Src_nid	Src_port	Option	Origin_nid	Destination_nid	Next_hop_nid
UpdateDataPlaneRouting	796	10	1		New	3		2		10
 		 	 	 		 		 		5		9
 		 	 	 		 		 		9		9
 		 	 	 		 		 		10		10

Time: 4.406213 sec
Packet_Type		Length	Src_nid	Src_port	Option	Origin_nid	Destination_nid	Next_hop_nid
UpdateDataPlaneRouting	796	10	1		Finish	 		 		 

Time: 6.113600 sec
Packet_Type	Length	Src_nid	Src_port
Hello		80	6	1

Time: 6.119700 sec
Packet_Type	Length	Src_nid	Src_port
Hello		80	10	1

Time: 7.706913 sec
Packet_Type		Length	Src_nid	Src_port	Option	Origin_nid	Destination_nid	Next_hop_nid
UpdateDataPlaneRouting	796	10	1		New	3		2		10
 		 	 	 		 		 		5		9
 		 	 	 		 		 		9		9
 		 	 	 		 		 		10		10

Time: 8.091800 sec
Packet_Type	Length	Src_nid	Src_port
Hello		80	4	1

Time: 8.163900 sec
Packet_Type	Length	Src_nid	Src_port
Hello		80	6	1

Time: 8.475000 sec
Packet_Type	Length	Src_nid	Src_port
Hello		80	10	1

Time: 10.100100 sec
Packet_Type	Length	Src_nid	Src_port
Hello		80	4	1

Time: 12.135200 sec
Packet_Type	Length	Src_nid	Src_port
Hello		80	4	1

Time: 12.252300 sec
Packet_Type	Length	Src_nid	Src_port
Hello		80	10	1

Time: 12.268494 sec
Packet_Type		Length	Src_Nid	src_port	Option	Center_nid	Neighbor_nid	Data_plane_port
NeighborUpdate		544	10	1		New	3		10		1
 		 	 	 		 	 			6		1
 		 	 	 		 	 			4		1

Time: 12.280594 sec
Packet_Type		Length	Src_Nid	src_port	Option	Center_nid	Neighbor_nid	Data_plane_port
NeighborUpdate		544	10	1		Finish	 		 		 

Time: 12.285694 sec
Packet_Type		Length	Src_nid	Src_port	Option	Origin_nid	Destination_nid	Next_hop_nid
UpdateDataPlaneRouting	796	10	1		New	3		2		10
 		 	 	 		 		 		5		10
 		 	 	 		 		 		7		10
 		 	 	 		 		 		9		10
 		 	 	 		 		 		10		10

Time: 12.287794 sec
Packet_Type		Length	Src_nid	Src_port	Option	Origin_nid	Destination_nid	Next_hop_nid
UpdateDataPlaneRouting	796	10	1		Finish	 		 		 

Time: 12.316400 sec
Packet_Type	Length	Src_nid	Src_port
Hello		80	9	1

Time: 12.597094 sec
Packet_Type		Length	Src_nid	Src_port	Option	Origin_nid	Destination_nid	Next_hop_nid
UpdateDataPlaneRouting	796	10	1		New	3		2		9
 		 	 	 		 		 		5		9
 		 	 	 		 		 		7		10
 		 	 	 		 		 		9		9
 		 	 	 		 		 		10		10

Time: 12.598194 sec
Packet_Type		Length	Src_nid	Src_port	Option	Origin_nid	Destination_nid	Next_hop_nid
UpdateDataPlaneRouting	796	10	1		Finish	 		 		 

Time: 13.379494 sec
Packet_Type		Length	Src_nid	Src_port	Option	Origin_nid	Destination_nid	Next_hop_nid
UpdateDataPlaneRouting	796	10	1		New	3		2		9
 		 	 	 		 		 		5		9
 		 	 	 		 		 		7		10
 		 	 	 		 		 		9		9
 		 	 	 		 		 		10		10

Time: 13.382594 sec
Packet_Type		Length	Src_nid	Src_port	Option	Origin_nid	Destination_nid	Next_hop_nid
UpdateDataPlaneRouting	796	10	1		Finish	 		 		 

Time: 14.146500 sec
Packet_Type	Length	Src_nid	Src_port
Hello		80	4	1

Time: 14.354600 sec
Packet_Type	Length	Src_nid	Src_port
Hello		80	9	1

Time: 22.284700 sec
Packet_Type	Length	Src_nid	Src_port
Hello		80	4	1

Time: 22.484800 sec
Packet_Type	Length	Src_nid	Src_port
Hello		80	9	1

Time: 22.559900 sec
Packet_Type	Length	Src_nid	Src_port
Hello		80	10	1

Time: 24.305000 sec
Packet_Type	Length	Src_nid	Src_port
Hello		80	4	1

Time: 24.526100 sec
Packet_Type	Length	Src_nid	Src_port
Hello		80	9	1

Time: 24.586200 sec
Packet_Type	Length	Src_nid	Src_port
Hello		80	10	1

