Time: 2.011200 sec
Broadcast
Packet_Type	Length	Src_nid	Src_port
Hello		80	5	1

Time: 4.006337 sec
Send to Nid: 10
Packet_Type	Length	Src_nid	Src_port
Hello		80	5	1

Time: 4.006437 sec
Send to Nid: 10
Packet_Type		Length	Src_Nid	src_port	Option	Center_nid	Neighbor_nid	Data_plane_port
NeighborUpdate		544	5	1		New	5		10		1

Time: 4.006537 sec
Send to Nid: 10
Packet_Type		Length	Src_Nid	src_port	Option	Center_nid	Neighbor_nid	Data_plane_port
NeighborUpdate		544	5	1		Finish	 		 		 

Time: 4.006637 sec
Send to Nid: 10
Packet_Type		Length	Src_Nid	src_port	Option	Center_nid	Neighbor_nid	Data_plane_port
NeighborUpdate		544	5	1		New	5		10		1
 		 	 	 		 	 			2		1

Time: 4.006737 sec
Send to Nid: 10
Packet_Type		Length	Src_Nid	src_port	Option	Center_nid	Neighbor_nid	Data_plane_port
NeighborUpdate		544	5	1		Finish	 		 		 

Time: 4.006837 sec
Send to Nid: 10
Packet_Type		Length	Src_Nid	src_port	Option	Center_nid	Neighbor_nid	Data_plane_port
NeighborUpdate		544	5	1		New	5		10		1
 		 	 	 		 	 			2		1
 		 	 	 		 	 			8		1

Time: 4.006937 sec
Send to Nid: 10
Packet_Type		Length	Src_Nid	src_port	Option	Center_nid	Neighbor_nid	Data_plane_port
NeighborUpdate		544	5	1		Finish	 		 		 

Time: 4.031137 sec
Send to Nid: 10
Packet_Type		Length	Src_Nid	src_port	Option	Center_nid	Neighbor_nid	Data_plane_port
NeighborUpdate		544	5	1		New	5		10		1
 		 	 	 		 	 			2		1
 		 	 	 		 	 			8		1

Time: 4.031237 sec
Send to Nid: 10
Packet_Type		Length	Src_Nid	src_port	Option	Center_nid	Neighbor_nid	Data_plane_port
NeighborUpdate		544	5	1		Finish	 		 		 

Time: 4.058400 sec
Broadcast
Packet_Type	Length	Src_nid	Src_port
Hello		80	5	1

Time: 4.070337 sec
Send to Nid: 10
Packet_Type		Length	Src_Nid	src_port	Option	Center_nid	Neighbor_nid	Data_plane_port
NeighborUpdate		544	5	1		New	5		10		1
 		 	 	 		 	 			2		1
 		 	 	 		 	 			8		1

Time: 4.070437 sec
Send to Nid: 10
Packet_Type		Length	Src_Nid	src_port	Option	Center_nid	Neighbor_nid	Data_plane_port
NeighborUpdate		544	5	1		Finish	 		 		 

Time: 4.120537 sec
Send to Nid: 10
Packet_Type		Length	Src_Nid	src_port	Option	Center_nid	Neighbor_nid	Data_plane_port
NeighborUpdate		544	5	1		New	5		10		1
 		 	 	 		 	 			2		1
 		 	 	 		 	 			8		1
 		 	 	 		 	 			9		1

Time: 4.120637 sec
Send to Nid: 10
Packet_Type		Length	Src_Nid	src_port	Option	Center_nid	Neighbor_nid	Data_plane_port
NeighborUpdate		544	5	1		Finish	 		 		 

Time: 4.348197 sec
Send to Nid: 10
Packet_Type	Length	Src_nid	Src_port
Hello		80	5	1

Time: 4.349297 sec
Send to Nid: 10
Packet_Type		Length	Src_Nid	src_port	Option	Center_nid	Neighbor_nid	Data_plane_port
NeighborUpdate		544	5	1		New	5		10		1
 		 	 	 		 	 			2		1
 		 	 	 		 	 			8		1
 		 	 	 		 	 			9		1

Time: 4.349397 sec
Send to Nid: 10
Packet_Type		Length	Src_Nid	src_port	Option	Center_nid	Neighbor_nid	Data_plane_port
NeighborUpdate		544	5	1		Finish	 		 		 

Time: 6.091700 sec
Broadcast
Packet_Type	Length	Src_nid	Src_port
Hello		80	5	1

Time: 6.120297 sec
Send to Nid: 10
Packet_Type		Length	Src_Nid	src_port	Option	Center_nid	Neighbor_nid	Data_plane_port
NeighborUpdate		544	5	1		New	5		10		1
 		 	 	 		 	 			2		1
 		 	 	 		 	 			8		1
 		 	 	 		 	 			9		1

Time: 6.120397 sec
Send to Nid: 10
Packet_Type		Length	Src_Nid	src_port	Option	Center_nid	Neighbor_nid	Data_plane_port
NeighborUpdate		544	5	1		Finish	 		 		 

Time: 8.134800 sec
Broadcast
Packet_Type	Length	Src_nid	Src_port
Hello		80	5	1

Time: 8.480497 sec
Send to Nid: 10
Packet_Type		Length	Src_Nid	src_port	Option	Center_nid	Neighbor_nid	Data_plane_port
NeighborUpdate		544	5	1		New	5		10		1
 		 	 	 		 	 			2		1
 		 	 	 		 	 			8		1
 		 	 	 		 	 			9		1

Time: 8.480597 sec
Send to Nid: 10
Packet_Type		Length	Src_Nid	src_port	Option	Center_nid	Neighbor_nid	Data_plane_port
NeighborUpdate		544	5	1		Finish	 		 		 

Time: 9.020697 sec
Send to Nid: 10
Packet_Type		Length	Src_Nid	src_port	Option	Center_nid	Neighbor_nid	Data_plane_port
NeighborUpdate		544	5	1		New	5		10		1
 		 	 	 		 	 			8		1
 		 	 	 		 	 			9		1

Time: 9.020797 sec
Send to Nid: 10
Packet_Type		Length	Src_Nid	src_port	Option	Center_nid	Neighbor_nid	Data_plane_port
NeighborUpdate		544	5	1		Finish	 		 		 

Time: 9.070897 sec
Send to Nid: 10
Packet_Type		Length	Src_Nid	src_port	Option	Center_nid	Neighbor_nid	Data_plane_port
NeighborUpdate		544	5	1		New	5		10		1
 		 	 	 		 	 			9		1

Time: 9.070997 sec
Send to Nid: 10
Packet_Type		Length	Src_Nid	src_port	Option	Center_nid	Neighbor_nid	Data_plane_port
NeighborUpdate		544	5	1		Finish	 		 		 

Time: 9.121097 sec
Send to Nid: 10
Packet_Type		Length	Src_Nid	src_port	Option	Center_nid	Neighbor_nid	Data_plane_port
NeighborUpdate		544	5	1		New	5		10		1

Time: 9.121197 sec
Send to Nid: 10
Packet_Type		Length	Src_Nid	src_port	Option	Center_nid	Neighbor_nid	Data_plane_port
NeighborUpdate		544	5	1		Finish	 		 		 

Time: 10.179900 sec
Broadcast
Packet_Type	Length	Src_nid	Src_port
Hello		80	5	1

Time: 10.210297 sec
Send to Nid: 10
Packet_Type		Length	Src_Nid	src_port	Option	Center_nid	Neighbor_nid	Data_plane_port
NeighborUpdate		544	5	1		New	5		10		1
 		 	 	 		 	 			7		1

Time: 10.210397 sec
Send to Nid: 10
Packet_Type		Length	Src_Nid	src_port	Option	Center_nid	Neighbor_nid	Data_plane_port
NeighborUpdate		544	5	1		Finish	 		 		 

Time: 12.185000 sec
Broadcast
Packet_Type	Length	Src_nid	Src_port
Hello		80	5	1

Time: 12.220497 sec
Send to Nid: 10
Packet_Type		Length	Src_Nid	src_port	Option	Center_nid	Neighbor_nid	Data_plane_port
NeighborUpdate		544	5	1		New	5		10		1
 		 	 	 		 	 			7		1

Time: 12.220597 sec
Send to Nid: 10
Packet_Type		Length	Src_Nid	src_port	Option	Center_nid	Neighbor_nid	Data_plane_port
NeighborUpdate		544	5	1		Finish	 		 		 

Time: 12.260697 sec
Send to Nid: 10
Packet_Type		Length	Src_Nid	src_port	Option	Center_nid	Neighbor_nid	Data_plane_port
NeighborUpdate		544	5	1		New	5		10		1
 		 	 	 		 	 			7		1

Time: 12.260797 sec
Send to Nid: 10
Packet_Type		Length	Src_Nid	src_port	Option	Center_nid	Neighbor_nid	Data_plane_port
NeighborUpdate		544	5	1		Finish	 		 		 

Time: 14.187200 sec
Broadcast
Packet_Type	Length	Src_nid	Src_port
Hello		80	5	1

Time: 16.197200 sec
Broadcast
Packet_Type	Length	Src_nid	Src_port
Hello		80	5	1

Time: 18.227200 sec
Broadcast
Packet_Type	Length	Src_nid	Src_port
Hello		80	5	1

Time: 20.248200 sec
Broadcast
Packet_Type	Length	Src_nid	Src_port
Hello		80	5	1

Time: 22.252400 sec
Broadcast
Packet_Type	Length	Src_nid	Src_port
Hello		80	5	1

Time: 24.280700 sec
Broadcast
Packet_Type	Length	Src_nid	Src_port
Hello		80	5	1

