Time: 2.003000 sec
Packet_Type	Length	Src_nid	Src_port
Hello		80	7	1

Time: 2.096100 sec
Packet_Type	Length	Src_nid	Src_port
Hello		80	4	1

Time: 2.232528 sec
Packet_Type		Length	Src_nid	Src_port	Option	Origin_nid	Destination_nid	Next_hop_nid
UpdateDataPlaneRouting	796	10	1		New	1		7		7

Time: 2.233628 sec
Packet_Type		Length	Src_nid	Src_port	Option	Origin_nid	Destination_nid	Next_hop_nid
UpdateDataPlaneRouting	796	10	1		Finish	 		 		 

Time: 2.250728 sec
Packet_Type		Length	Src_nid	Src_port	Option	Origin_nid	Destination_nid	Next_hop_nid
UpdateDataPlaneRouting	796	10	1		New	1		7		7

Time: 2.252828 sec
Packet_Type		Length	Src_nid	Src_port	Option	Origin_nid	Destination_nid	Next_hop_nid
UpdateDataPlaneRouting	796	10	1		Finish	 		 		 

Time: 2.254928 sec
Packet_Type		Length	Src_nid	Src_port	Option	Origin_nid	Destination_nid	Next_hop_nid
UpdateDataPlaneRouting	796	10	1		New	1		7		7

Time: 2.256028 sec
Packet_Type		Length	Src_nid	Src_port	Option	Origin_nid	Destination_nid	Next_hop_nid
UpdateDataPlaneRouting	796	10	1		Finish	 		 		 

Time: 2.416516 sec
Packet_Type		Length	Src_nid	Src_port	Option	Origin_nid	Destination_nid	Next_hop_nid
UpdateDataPlaneRouting	796	10	1		New	1		7		7

Time: 2.418616 sec
Packet_Type		Length	Src_nid	Src_port	Option	Origin_nid	Destination_nid	Next_hop_nid
UpdateDataPlaneRouting	796	10	1		Finish	 		 		 

Time: 2.757716 sec
Packet_Type		Length	Src_nid	Src_port	Option	Origin_nid	Destination_nid	Next_hop_nid
UpdateDataPlaneRouting	796	10	1		New	1		7		7

Time: 2.862816 sec
Packet_Type		Length	Src_nid	Src_port	Option	Origin_nid	Destination_nid	Next_hop_nid
UpdateDataPlaneRouting	796	10	1		Finish	 		 		 

Time: 2.986916 sec
Packet_Type		Length	Src_nid	Src_port	Option	Origin_nid	Destination_nid	Next_hop_nid
UpdateDataPlaneRouting	796	10	1		New	1		7		7

Time: 2.990016 sec
Packet_Type		Length	Src_nid	Src_port	Option	Origin_nid	Destination_nid	Next_hop_nid
UpdateDataPlaneRouting	796	10	1		Finish	 		 		 

Time: 3.042116 sec
Packet_Type		Length	Src_nid	Src_port	Option	Origin_nid	Destination_nid	Next_hop_nid
UpdateDataPlaneRouting	796	10	1		New	1		7		7

Time: 3.044216 sec
Packet_Type		Length	Src_nid	Src_port	Option	Origin_nid	Destination_nid	Next_hop_nid
UpdateDataPlaneRouting	796	10	1		Finish	 		 		 

Time: 3.135316 sec
Packet_Type		Length	Src_nid	Src_port	Option	Origin_nid	Destination_nid	Next_hop_nid
UpdateDataPlaneRouting	796	10	1		New	1		7		7

Time: 3.145416 sec
Packet_Type		Length	Src_nid	Src_port	Option	Origin_nid	Destination_nid	Next_hop_nid
UpdateDataPlaneRouting	796	10	1		Finish	 		 		 

Time: 4.041200 sec
Packet_Type	Length	Src_nid	Src_port
Hello		80	7	1

Time: 4.057300 sec
Packet_Type	Length	Src_nid	Src_port
Hello		80	4	1

Time: 6.055400 sec
Packet_Type	Length	Src_nid	Src_port
Hello		80	4	1

Time: 6.073500 sec
Packet_Type	Length	Src_nid	Src_port
Hello		80	7	1

Time: 8.079600 sec
Packet_Type	Length	Src_nid	Src_port
Hello		80	4	1

Time: 10.164700 sec
Packet_Type	Length	Src_nid	Src_port
Hello		80	7	1

Time: 12.085800 sec
Packet_Type	Length	Src_nid	Src_port
Hello		80	4	1

Time: 12.227900 sec
Packet_Type	Length	Src_nid	Src_port
Hello		80	7	1

Time: 14.107000 sec
Packet_Type	Length	Src_nid	Src_port
Hello		80	4	1

Time: 14.269100 sec
Packet_Type	Length	Src_nid	Src_port
Hello		80	7	1

Time: 16.136200 sec
Packet_Type	Length	Src_nid	Src_port
Hello		80	4	1

Time: 16.330300 sec
Packet_Type	Length	Src_nid	Src_port
Hello		80	7	1

Time: 18.159400 sec
Packet_Type	Length	Src_nid	Src_port
Hello		80	4	1

Time: 18.339500 sec
Packet_Type	Length	Src_nid	Src_port
Hello		80	7	1

Time: 20.169600 sec
Packet_Type	Length	Src_nid	Src_port
Hello		80	4	1

Time: 20.373700 sec
Packet_Type	Length	Src_nid	Src_port
Hello		80	7	1

Time: 22.194800 sec
Packet_Type	Length	Src_nid	Src_port
Hello		80	4	1

Time: 22.411900 sec
Packet_Type	Length	Src_nid	Src_port
Hello		80	7	1

Time: 24.450000 sec
Packet_Type	Length	Src_nid	Src_port
Hello		80	7	1

Time: 26.473100 sec
Packet_Type	Length	Src_nid	Src_port
Hello		80	7	1

Time: 28.482200 sec
Packet_Type	Length	Src_nid	Src_port
Hello		80	7	1

Time: 30.483300 sec
Packet_Type	Length	Src_nid	Src_port
Hello		80	7	1

Time: 32.541400 sec
Packet_Type	Length	Src_nid	Src_port
Hello		80	7	1

Time: 36.645500 sec
Packet_Type	Length	Src_nid	Src_port
Hello		80	7	1

Time: 38.711600 sec
Packet_Type	Length	Src_nid	Src_port
Hello		80	7	1

Time: 40.734700 sec
Packet_Type	Length	Src_nid	Src_port
Hello		80	7	1

Time: 42.761800 sec
Packet_Type	Length	Src_nid	Src_port
Hello		80	7	1

Time: 42.765597 sec
Packet_Type		Length	Src_Nid	src_port	Option	Center_nid	Neighbor_nid	Data_plane_port
NeighborUpdate		544	10	1		Finish	 		 		 

Time: 42.810897 sec
Packet_Type		Length	Src_Nid	src_port	Option	Center_nid	Neighbor_nid	Data_plane_port
NeighborUpdate		544	10	1		New	10		4		1
 		 	 	 		 	 			7		1
 		 	 	 		 	 			9		1

Time: 42.814997 sec
Packet_Type		Length	Src_Nid	src_port	Option	Center_nid	Neighbor_nid	Data_plane_port
NeighborUpdate		544	10	1		Finish	 		 		 

Time: 42.817097 sec
Packet_Type		Length	Src_Nid	src_port	Option	Center_nid	Neighbor_nid	Data_plane_port
NeighborUpdate		544	10	1		New	4		7		1
 		 	 	 		 	 			10		1
 		 	 	 		 	 			9		1

Time: 42.839197 sec
Packet_Type		Length	Src_Nid	src_port	Option	Center_nid	Neighbor_nid	Data_plane_port
NeighborUpdate		544	10	1		New	1		7		1

Time: 42.922297 sec
Packet_Type		Length	Src_nid	Src_port	Option	Origin_nid	Destination_nid	Next_hop_nid
UpdateDataPlaneRouting	796	10	1		New	1		4		7
 		 	 	 		 		 		7		7
 		 	 	 		 		 		8		7
 		 	 	 		 		 		9		7
 		 	 	 		 		 		10		7

Time: 42.923397 sec
Packet_Type		Length	Src_nid	Src_port	Option	Origin_nid	Destination_nid	Next_hop_nid
UpdateDataPlaneRouting	796	10	1		Finish	 		 		 

Time: 44.489497 sec
Packet_Type		Length	Src_nid	Src_port	Option	Origin_nid	Destination_nid	Next_hop_nid
UpdateDataPlaneRouting	796	10	1		New	1		3		7
 		 	 	 		 		 		4		7
 		 	 	 		 		 		5		7
 		 	 	 		 		 		7		7
 		 	 	 		 		 		8		7
 		 	 	 		 		 		9		7
 		 	 	 		 		 		10		7

Time: 44.493597 sec
Packet_Type		Length	Src_nid	Src_port	Option	Origin_nid	Destination_nid	Next_hop_nid
UpdateDataPlaneRouting	796	10	1		Finish	 		 		 

Time: 44.797900 sec
Packet_Type	Length	Src_nid	Src_port
Hello		80	7	1

Time: 46.798000 sec
Packet_Type	Length	Src_nid	Src_port
Hello		80	7	1

Time: 46.918097 sec
Packet_Type		Length	Src_nid	Src_port	Option	Origin_nid	Destination_nid	Next_hop_nid
UpdateDataPlaneRouting	796	10	1		New	1		3		7
 		 	 	 		 		 		4		7
 		 	 	 		 		 		5		7
 		 	 	 		 		 		6		7
 		 	 	 		 		 		7		7
 		 	 	 		 		 		8		7
 		 	 	 		 		 		9		7
 		 	 	 		 		 		10		7

Time: 46.924197 sec
Packet_Type		Length	Src_nid	Src_port	Option	Origin_nid	Destination_nid	Next_hop_nid
UpdateDataPlaneRouting	796	10	1		Finish	 		 		 

Time: 47.522297 sec
Packet_Type		Length	Src_nid	Src_port	Option	Origin_nid	Destination_nid	Next_hop_nid
UpdateDataPlaneRouting	796	10	1		New	1		3		7
 		 	 	 		 		 		4		7
 		 	 	 		 		 		5		7
 		 	 	 		 		 		6		7
 		 	 	 		 		 		7		7
 		 	 	 		 		 		8		7
 		 	 	 		 		 		9		7
 		 	 	 		 		 		10		7

Time: 47.523397 sec
Packet_Type		Length	Src_nid	Src_port	Option	Origin_nid	Destination_nid	Next_hop_nid
UpdateDataPlaneRouting	796	10	1		Finish	 		 		 

Time: 49.867100 sec
Packet_Type	Length	Src_nid	Src_port
Hello		80	7	1

Time: 50.874200 sec
Packet_Type	Length	Src_nid	Src_port
Hello		80	7	1

Time: 52.941300 sec
Packet_Type	Length	Src_nid	Src_port
Hello		80	7	1

Time: 55.005400 sec
Packet_Type	Length	Src_nid	Src_port
Hello		80	7	1

Time: 57.034500 sec
Packet_Type	Length	Src_nid	Src_port
Hello		80	7	1

Time: 59.046600 sec
Packet_Type	Length	Src_nid	Src_port
Hello		80	7	1

Time: 61.109700 sec
Packet_Type	Length	Src_nid	Src_port
Hello		80	7	1

Time: 63.109800 sec
Packet_Type	Length	Src_nid	Src_port
Hello		80	7	1

Time: 67.186900 sec
Packet_Type	Length	Src_nid	Src_port
Hello		80	7	1

Time: 69.230000 sec
Packet_Type	Length	Src_nid	Src_port
Hello		80	7	1

Time: 71.254100 sec
Packet_Type	Length	Src_nid	Src_port
Hello		80	7	1

Time: 73.257200 sec
Packet_Type	Length	Src_nid	Src_port
Hello		80	7	1

Time: 75.298300 sec
Packet_Type	Length	Src_nid	Src_port
Hello		80	7	1

Time: 77.365400 sec
Packet_Type	Length	Src_nid	Src_port
Hello		80	7	1

Time: 85.715500 sec
Packet_Type	Length	Src_nid	Src_port
Hello		80	7	1

Time: 89.531600 sec
Packet_Type	Length	Src_nid	Src_port
Hello		80	7	1

Time: 91.541700 sec
Packet_Type	Length	Src_nid	Src_port
Hello		80	7	1

Time: 93.611800 sec
Packet_Type	Length	Src_nid	Src_port
Hello		80	7	1

Time: 95.633900 sec
Packet_Type	Length	Src_nid	Src_port
Hello		80	7	1

Time: 97.688000 sec
Packet_Type	Length	Src_nid	Src_port
Hello		80	7	1

Time: 99.721100 sec
Packet_Type	Length	Src_nid	Src_port
Hello		80	7	1

