Time: 2.009000 sec
Packet_Type	Length	Src_nid	Src_port
Hello		80	1	1

Time: 2.018100 sec
Packet_Type	Length	Src_nid	Src_port
Hello		80	10	1

Time: 2.057200 sec
Packet_Type	Length	Src_nid	Src_port
Hello		80	2	1

Time: 2.151492 sec
Packet_Type		Length	Src_nid	Src_port	Option	Origin_nid	Destination_nid	Next_hop_nid
UpdateDataPlaneRouting	796	10	1		New	7		1		1

Time: 2.196592 sec
Packet_Type		Length	Src_nid	Src_port	Option	Origin_nid	Destination_nid	Next_hop_nid
UpdateDataPlaneRouting	796	10	1		Finish	 		 		 

Time: 2.208692 sec
Packet_Type		Length	Src_nid	Src_port	Option	Origin_nid	Destination_nid	Next_hop_nid
UpdateDataPlaneRouting	796	10	1		New	7		1		1

Time: 2.210792 sec
Packet_Type		Length	Src_nid	Src_port	Option	Origin_nid	Destination_nid	Next_hop_nid
UpdateDataPlaneRouting	796	10	1		Finish	 		 		 

Time: 2.217892 sec
Packet_Type		Length	Src_nid	Src_port	Option	Origin_nid	Destination_nid	Next_hop_nid
UpdateDataPlaneRouting	796	10	1		New	7		1		1

Time: 2.219992 sec
Packet_Type		Length	Src_nid	Src_port	Option	Origin_nid	Destination_nid	Next_hop_nid
UpdateDataPlaneRouting	796	10	1		Finish	 		 		 

Time: 2.360759 sec
Packet_Type		Length	Src_nid	Src_port	Option	Origin_nid	Destination_nid	Next_hop_nid
UpdateDataPlaneRouting	796	10	1		New	7		1		1

Time: 2.361859 sec
Packet_Type		Length	Src_nid	Src_port	Option	Origin_nid	Destination_nid	Next_hop_nid
UpdateDataPlaneRouting	796	10	1		Finish	 		 		 

Time: 2.779959 sec
Packet_Type		Length	Src_nid	Src_port	Option	Origin_nid	Destination_nid	Next_hop_nid
UpdateDataPlaneRouting	796	10	1		New	7		1		1

Time: 2.783059 sec
Packet_Type		Length	Src_nid	Src_port	Option	Origin_nid	Destination_nid	Next_hop_nid
UpdateDataPlaneRouting	796	10	1		Finish	 		 		 

Time: 3.016159 sec
Packet_Type		Length	Src_nid	Src_port	Option	Origin_nid	Destination_nid	Next_hop_nid
UpdateDataPlaneRouting	796	10	1		New	7		1		1

Time: 3.018259 sec
Packet_Type		Length	Src_nid	Src_port	Option	Origin_nid	Destination_nid	Next_hop_nid
UpdateDataPlaneRouting	796	10	1		Finish	 		 		 

Time: 3.076359 sec
Packet_Type		Length	Src_nid	Src_port	Option	Origin_nid	Destination_nid	Next_hop_nid
UpdateDataPlaneRouting	796	10	1		New	7		1		1

Time: 3.083459 sec
Packet_Type		Length	Src_nid	Src_port	Option	Origin_nid	Destination_nid	Next_hop_nid
UpdateDataPlaneRouting	796	10	1		Finish	 		 		 

Time: 3.161559 sec
Packet_Type		Length	Src_nid	Src_port	Option	Origin_nid	Destination_nid	Next_hop_nid
UpdateDataPlaneRouting	796	10	1		New	7		1		1

Time: 3.170659 sec
Packet_Type		Length	Src_nid	Src_port	Option	Origin_nid	Destination_nid	Next_hop_nid
UpdateDataPlaneRouting	796	10	1		Finish	 		 		 

Time: 4.057300 sec
Packet_Type	Length	Src_nid	Src_port
Hello		80	4	1

Time: 5.374400 sec
Packet_Type	Length	Src_nid	Src_port
Hello		80	10	1

Time: 6.055500 sec
Packet_Type	Length	Src_nid	Src_port
Hello		80	4	1

Time: 10.199600 sec
Packet_Type	Length	Src_nid	Src_port
Hello		80	5	1

Time: 10.234700 sec
Packet_Type	Length	Src_nid	Src_port
Hello		80	10	1

Time: 12.085800 sec
Packet_Type	Length	Src_nid	Src_port
Hello		80	4	1

Time: 12.223900 sec
Packet_Type	Length	Src_nid	Src_port
Hello		80	5	1

Time: 12.325000 sec
Packet_Type	Length	Src_nid	Src_port
Hello		80	10	1

Time: 14.083787 sec
Packet_Type		Length	Src_Nid	src_port	Option	Center_nid	Neighbor_nid	Data_plane_port
NeighborUpdate		544	10	1		Finish	 		 		 

Time: 14.107100 sec
Packet_Type	Length	Src_nid	Src_port
Hello		80	4	1

Time: 14.147513 sec
Packet_Type		Length	Src_nid	Src_port	Option	Origin_nid	Destination_nid	Next_hop_nid
UpdateDataPlaneRouting	796	10	1		New	7		4		4
 		 	 	 		 		 		5		5
 		 	 	 		 		 		10		10

Time: 14.151613 sec
Packet_Type		Length	Src_nid	Src_port	Option	Origin_nid	Destination_nid	Next_hop_nid
UpdateDataPlaneRouting	796	10	1		Finish	 		 		 

Time: 14.165713 sec
Packet_Type		Length	Src_nid	Src_port	Option	Origin_nid	Destination_nid	Next_hop_nid
UpdateDataPlaneRouting	796	10	1		New	7		3		10
 		 	 	 		 		 		4		4
 		 	 	 		 		 		5		5
 		 	 	 		 		 		6		10
 		 	 	 		 		 		9		10
 		 	 	 		 		 		10		10

Time: 14.167813 sec
Packet_Type		Length	Src_nid	Src_port	Option	Origin_nid	Destination_nid	Next_hop_nid
UpdateDataPlaneRouting	796	10	1		Finish	 		 		 

Time: 14.309913 sec
Packet_Type		Length	Src_nid	Src_port	Option	Origin_nid	Destination_nid	Next_hop_nid
UpdateDataPlaneRouting	796	10	1		New	7		3		5
 		 	 	 		 		 		4		4
 		 	 	 		 		 		5		5
 		 	 	 		 		 		6		5
 		 	 	 		 		 		9		5
 		 	 	 		 		 		10		10

Time: 14.312013 sec
Packet_Type		Length	Src_nid	Src_port	Option	Origin_nid	Destination_nid	Next_hop_nid
UpdateDataPlaneRouting	796	10	1		Finish	 		 		 

Time: 14.330113 sec
Packet_Type		Length	Src_nid	Src_port	Option	Origin_nid	Destination_nid	Next_hop_nid
UpdateDataPlaneRouting	796	10	1		New	7		3		5
 		 	 	 		 		 		4		4
 		 	 	 		 		 		5		5
 		 	 	 		 		 		6		10
 		 	 	 		 		 		9		10
 		 	 	 		 		 		10		10

Time: 14.335213 sec
Packet_Type		Length	Src_nid	Src_port	Option	Origin_nid	Destination_nid	Next_hop_nid
UpdateDataPlaneRouting	796	10	1		Finish	 		 		 

Time: 14.356313 sec
Packet_Type		Length	Src_nid	Src_port	Option	Origin_nid	Destination_nid	Next_hop_nid
UpdateDataPlaneRouting	796	10	1		New	7		3		5
 		 	 	 		 		 		4		4
 		 	 	 		 		 		5		5
 		 	 	 		 		 		6		5
 		 	 	 		 		 		9		5
 		 	 	 		 		 		10		10

Time: 14.357413 sec
Packet_Type		Length	Src_nid	Src_port	Option	Origin_nid	Destination_nid	Next_hop_nid
UpdateDataPlaneRouting	796	10	1		Finish	 		 		 

Time: 14.366200 sec
Packet_Type	Length	Src_nid	Src_port
Hello		80	10	1

Time: 15.423713 sec
Packet_Type		Length	Src_nid	Src_port	Option	Origin_nid	Destination_nid	Next_hop_nid
UpdateDataPlaneRouting	796	10	1		New	7		3		5
 		 	 	 		 		 		4		4
 		 	 	 		 		 		5		5
 		 	 	 		 		 		6		5
 		 	 	 		 		 		9		5
 		 	 	 		 		 		10		10

Time: 15.426813 sec
Packet_Type		Length	Src_nid	Src_port	Option	Origin_nid	Destination_nid	Next_hop_nid
UpdateDataPlaneRouting	796	10	1		Finish	 		 		 

Time: 15.444913 sec
Packet_Type		Length	Src_nid	Src_port	Option	Origin_nid	Destination_nid	Next_hop_nid
UpdateDataPlaneRouting	796	10	1		New	7		3		5
 		 	 	 		 		 		4		4
 		 	 	 		 		 		5		5
 		 	 	 		 		 		6		5
 		 	 	 		 		 		9		5
 		 	 	 		 		 		10		10

Time: 15.448013 sec
Packet_Type		Length	Src_nid	Src_port	Option	Origin_nid	Destination_nid	Next_hop_nid
UpdateDataPlaneRouting	796	10	1		Finish	 		 		 

Time: 15.459113 sec
Packet_Type		Length	Src_nid	Src_port	Option	Origin_nid	Destination_nid	Next_hop_nid
UpdateDataPlaneRouting	796	10	1		New	7		3		5
 		 	 	 		 		 		4		4
 		 	 	 		 		 		5		5
 		 	 	 		 		 		6		5
 		 	 	 		 		 		8		5
 		 	 	 		 		 		9		5
 		 	 	 		 		 		10		10

Time: 15.460213 sec
Packet_Type		Length	Src_nid	Src_port	Option	Origin_nid	Destination_nid	Next_hop_nid
UpdateDataPlaneRouting	796	10	1		Finish	 		 		 

Time: 15.511313 sec
Packet_Type		Length	Src_nid	Src_port	Option	Origin_nid	Destination_nid	Next_hop_nid
UpdateDataPlaneRouting	796	10	1		New	7		3		5
 		 	 	 		 		 		4		4
 		 	 	 		 		 		5		5
 		 	 	 		 		 		6		5
 		 	 	 		 		 		8		5
 		 	 	 		 		 		9		5
 		 	 	 		 		 		10		10

Time: 15.514413 sec
Packet_Type		Length	Src_nid	Src_port	Option	Origin_nid	Destination_nid	Next_hop_nid
UpdateDataPlaneRouting	796	10	1		Finish	 		 		 

Time: 15.524513 sec
Packet_Type		Length	Src_nid	Src_port	Option	Origin_nid	Destination_nid	Next_hop_nid
UpdateDataPlaneRouting	796	10	1		New	7		3		5
 		 	 	 		 		 		4		4
 		 	 	 		 		 		5		5
 		 	 	 		 		 		6		5
 		 	 	 		 		 		8		5
 		 	 	 		 		 		9		5
 		 	 	 		 		 		10		10

Time: 15.526613 sec
Packet_Type		Length	Src_nid	Src_port	Option	Origin_nid	Destination_nid	Next_hop_nid
UpdateDataPlaneRouting	796	10	1		Finish	 		 		 

Time: 16.136300 sec
Packet_Type	Length	Src_nid	Src_port
Hello		80	4	1

Time: 16.240913 sec
Packet_Type		Length	Src_nid	Src_port	Option	Origin_nid	Destination_nid	Next_hop_nid
UpdateDataPlaneRouting	796	10	1		New	7		3		5
 		 	 	 		 		 		4		4
 		 	 	 		 		 		5		5
 		 	 	 		 		 		9		5
 		 	 	 		 		 		10		10

Time: 16.242013 sec
Packet_Type		Length	Src_nid	Src_port	Option	Origin_nid	Destination_nid	Next_hop_nid
UpdateDataPlaneRouting	796	10	1		Finish	 		 		 

Time: 16.355113 sec
Packet_Type		Length	Src_nid	Src_port	Option	Origin_nid	Destination_nid	Next_hop_nid
UpdateDataPlaneRouting	796	10	1		New	7		3		5
 		 	 	 		 		 		4		4
 		 	 	 		 		 		5		5
 		 	 	 		 		 		6		5
 		 	 	 		 		 		8		5
 		 	 	 		 		 		9		5
 		 	 	 		 		 		10		10

Time: 16.360213 sec
Packet_Type		Length	Src_nid	Src_port	Option	Origin_nid	Destination_nid	Next_hop_nid
UpdateDataPlaneRouting	796	10	1		Finish	 		 		 

Time: 16.399400 sec
Packet_Type	Length	Src_nid	Src_port
Hello		80	10	1

Time: 17.256713 sec
Packet_Type		Length	Src_nid	Src_port	Option	Origin_nid	Destination_nid	Next_hop_nid
UpdateDataPlaneRouting	796	10	1		New	7		3		5
 		 	 	 		 		 		4		4
 		 	 	 		 		 		5		5
 		 	 	 		 		 		6		5
 		 	 	 		 		 		8		5
 		 	 	 		 		 		9		5
 		 	 	 		 		 		10		10

Time: 17.259813 sec
Packet_Type		Length	Src_nid	Src_port	Option	Origin_nid	Destination_nid	Next_hop_nid
UpdateDataPlaneRouting	796	10	1		Finish	 		 		 

Time: 17.281913 sec
Packet_Type		Length	Src_nid	Src_port	Option	Origin_nid	Destination_nid	Next_hop_nid
UpdateDataPlaneRouting	796	10	1		New	7		3		10
 		 	 	 		 		 		4		4
 		 	 	 		 		 		5		4
 		 	 	 		 		 		6		10
 		 	 	 		 		 		8		10
 		 	 	 		 		 		9		10
 		 	 	 		 		 		10		10

Time: 17.283013 sec
Packet_Type		Length	Src_nid	Src_port	Option	Origin_nid	Destination_nid	Next_hop_nid
UpdateDataPlaneRouting	796	10	1		Finish	 		 		 

Time: 17.300113 sec
Packet_Type		Length	Src_nid	Src_port	Option	Origin_nid	Destination_nid	Next_hop_nid
UpdateDataPlaneRouting	796	10	1		New	7		3		10
 		 	 	 		 		 		4		4
 		 	 	 		 		 		5		10
 		 	 	 		 		 		6		10
 		 	 	 		 		 		8		10
 		 	 	 		 		 		9		10
 		 	 	 		 		 		10		10

Time: 17.301213 sec
Packet_Type		Length	Src_nid	Src_port	Option	Origin_nid	Destination_nid	Next_hop_nid
UpdateDataPlaneRouting	796	10	1		Finish	 		 		 

Time: 18.160500 sec
Packet_Type	Length	Src_nid	Src_port
Hello		80	4	1

Time: 18.403600 sec
Packet_Type	Length	Src_nid	Src_port
Hello		80	10	1

Time: 18.734713 sec
Packet_Type		Length	Src_nid	Src_port	Option	Origin_nid	Destination_nid	Next_hop_nid
UpdateDataPlaneRouting	796	10	1		New	7		3		10
 		 	 	 		 		 		4		4
 		 	 	 		 		 		5		10
 		 	 	 		 		 		6		10
 		 	 	 		 		 		8		10
 		 	 	 		 		 		9		10
 		 	 	 		 		 		10		10

Time: 18.737813 sec
Packet_Type		Length	Src_nid	Src_port	Option	Origin_nid	Destination_nid	Next_hop_nid
UpdateDataPlaneRouting	796	10	1		Finish	 		 		 

Time: 19.165913 sec
Packet_Type		Length	Src_nid	Src_port	Option	Origin_nid	Destination_nid	Next_hop_nid
UpdateDataPlaneRouting	796	10	1		New	7		3		10
 		 	 	 		 		 		4		4
 		 	 	 		 		 		5		10
 		 	 	 		 		 		6		10
 		 	 	 		 		 		8		10
 		 	 	 		 		 		9		10
 		 	 	 		 		 		10		10

Time: 19.169013 sec
Packet_Type		Length	Src_nid	Src_port	Option	Origin_nid	Destination_nid	Next_hop_nid
UpdateDataPlaneRouting	796	10	1		Finish	 		 		 

Time: 19.330113 sec
Packet_Type		Length	Src_nid	Src_port	Option	Origin_nid	Destination_nid	Next_hop_nid
UpdateDataPlaneRouting	796	10	1		New	7		4		4
 		 	 	 		 		 		10		10

Time: 19.331213 sec
Packet_Type		Length	Src_nid	Src_port	Option	Origin_nid	Destination_nid	Next_hop_nid
UpdateDataPlaneRouting	796	10	1		Finish	 		 		 

Time: 20.169700 sec
Packet_Type	Length	Src_nid	Src_port
Hello		80	4	1

Time: 20.475800 sec
Packet_Type	Length	Src_nid	Src_port
Hello		80	10	1

Time: 21.484713 sec
Packet_Type		Length	Src_nid	Src_port	Option	Origin_nid	Destination_nid	Next_hop_nid
UpdateDataPlaneRouting	796	10	1		New	7		4		4
 		 	 	 		 		 		10		10

Time: 21.485813 sec
Packet_Type		Length	Src_nid	Src_port	Option	Origin_nid	Destination_nid	Next_hop_nid
UpdateDataPlaneRouting	796	10	1		Finish	 		 		 

Time: 22.195900 sec
Packet_Type	Length	Src_nid	Src_port
Hello		80	4	1

Time: 22.571000 sec
Packet_Type	Length	Src_nid	Src_port
Hello		80	10	1

Time: 24.218100 sec
Packet_Type	Length	Src_nid	Src_port
Hello		80	4	1

Time: 24.625200 sec
Packet_Type	Length	Src_nid	Src_port
Hello		80	10	1

Time: 25.570713 sec
Packet_Type		Length	Src_nid	Src_port	Option	Origin_nid	Destination_nid	Next_hop_nid
UpdateDataPlaneRouting	796	10	1		New	7		4		4
 		 	 	 		 		 		10		10

Time: 25.573813 sec
Packet_Type		Length	Src_nid	Src_port	Option	Origin_nid	Destination_nid	Next_hop_nid
UpdateDataPlaneRouting	796	10	1		Finish	 		 		 

Time: 25.588913 sec
Packet_Type		Length	Src_nid	Src_port	Option	Origin_nid	Destination_nid	Next_hop_nid
UpdateDataPlaneRouting	796	10	1		New	7		4		4
 		 	 	 		 		 		10		10

Time: 25.609013 sec
Packet_Type		Length	Src_nid	Src_port	Option	Origin_nid	Destination_nid	Next_hop_nid
UpdateDataPlaneRouting	796	10	1		Finish	 		 		 

Time: 26.249300 sec
Packet_Type	Length	Src_nid	Src_port
Hello		80	4	1

Time: 26.647400 sec
Packet_Type	Length	Src_nid	Src_port
Hello		80	10	1

Time: 28.260500 sec
Packet_Type	Length	Src_nid	Src_port
Hello		80	4	1

Time: 28.653600 sec
Packet_Type	Length	Src_nid	Src_port
Hello		80	10	1

Time: 28.873913 sec
Packet_Type		Length	Src_nid	Src_port	Option	Origin_nid	Destination_nid	Next_hop_nid
UpdateDataPlaneRouting	796	10	1		New	7		4		4
 		 	 	 		 		 		10		10

Time: 28.876013 sec
Packet_Type		Length	Src_nid	Src_port	Option	Origin_nid	Destination_nid	Next_hop_nid
UpdateDataPlaneRouting	796	10	1		Finish	 		 		 

Time: 30.266700 sec
Packet_Type	Length	Src_nid	Src_port
Hello		80	4	1

Time: 30.652313 sec
Packet_Type		Length	Src_nid	Src_port	Option	Origin_nid	Destination_nid	Next_hop_nid
UpdateDataPlaneRouting	796	10	1		New	7		4		4
 		 	 	 		 		 		10		10

Time: 30.653413 sec
Packet_Type		Length	Src_nid	Src_port	Option	Origin_nid	Destination_nid	Next_hop_nid
UpdateDataPlaneRouting	796	10	1		Finish	 		 		 

Time: 30.750800 sec
Packet_Type	Length	Src_nid	Src_port
Hello		80	10	1

Time: 30.836713 sec
Packet_Type		Length	Src_nid	Src_port	Option	Origin_nid	Destination_nid	Next_hop_nid
UpdateDataPlaneRouting	796	10	1		New	7		3		10
 		 	 	 		 		 		4		4
 		 	 	 		 		 		5		10
 		 	 	 		 		 		8		10
 		 	 	 		 		 		9		10
 		 	 	 		 		 		10		10

Time: 30.837813 sec
Packet_Type		Length	Src_nid	Src_port	Option	Origin_nid	Destination_nid	Next_hop_nid
UpdateDataPlaneRouting	796	10	1		Finish	 		 		 

Time: 30.883913 sec
Packet_Type		Length	Src_nid	Src_port	Option	Origin_nid	Destination_nid	Next_hop_nid
UpdateDataPlaneRouting	796	10	1		New	7		3		4
 		 	 	 		 		 		4		4
 		 	 	 		 		 		5		4
 		 	 	 		 		 		8		4
 		 	 	 		 		 		9		4
 		 	 	 		 		 		10		10

Time: 30.885013 sec
Packet_Type		Length	Src_nid	Src_port	Option	Origin_nid	Destination_nid	Next_hop_nid
UpdateDataPlaneRouting	796	10	1		Finish	 		 		 

Time: 31.899113 sec
Packet_Type		Length	Src_nid	Src_port	Option	Origin_nid	Destination_nid	Next_hop_nid
UpdateDataPlaneRouting	796	10	1		New	7		3		4
 		 	 	 		 		 		4		4
 		 	 	 		 		 		5		4
 		 	 	 		 		 		8		4
 		 	 	 		 		 		9		4
 		 	 	 		 		 		10		10

Time: 31.900213 sec
Packet_Type		Length	Src_nid	Src_port	Option	Origin_nid	Destination_nid	Next_hop_nid
UpdateDataPlaneRouting	796	10	1		Finish	 		 		 

Time: 31.941313 sec
Packet_Type		Length	Src_nid	Src_port	Option	Origin_nid	Destination_nid	Next_hop_nid
UpdateDataPlaneRouting	796	10	1		New	7		3		4
 		 	 	 		 		 		4		4
 		 	 	 		 		 		5		4
 		 	 	 		 		 		8		4
 		 	 	 		 		 		9		4
 		 	 	 		 		 		10		10

Time: 31.943413 sec
Packet_Type		Length	Src_nid	Src_port	Option	Origin_nid	Destination_nid	Next_hop_nid
UpdateDataPlaneRouting	796	10	1		Finish	 		 		 

Time: 32.316513 sec
Packet_Type		Length	Src_nid	Src_port	Option	Origin_nid	Destination_nid	Next_hop_nid
UpdateDataPlaneRouting	796	10	1		New	7		3		10
 		 	 	 		 		 		4		4
 		 	 	 		 		 		5		10
 		 	 	 		 		 		8		4
 		 	 	 		 		 		9		4
 		 	 	 		 		 		10		10

Time: 32.317613 sec
Packet_Type		Length	Src_nid	Src_port	Option	Origin_nid	Destination_nid	Next_hop_nid
UpdateDataPlaneRouting	796	10	1		Finish	 		 		 

Time: 32.829900 sec
Packet_Type	Length	Src_nid	Src_port
Hello		80	10	1

Time: 32.904913 sec
Packet_Type		Length	Src_nid	Src_port	Option	Origin_nid	Destination_nid	Next_hop_nid
UpdateDataPlaneRouting	796	10	1		New	7		3		10
 		 	 	 		 		 		4		4
 		 	 	 		 		 		5		10
 		 	 	 		 		 		8		4
 		 	 	 		 		 		9		4
 		 	 	 		 		 		10		10

Time: 32.906013 sec
Packet_Type		Length	Src_nid	Src_port	Option	Origin_nid	Destination_nid	Next_hop_nid
UpdateDataPlaneRouting	796	10	1		Finish	 		 		 

Time: 38.123000 sec
Packet_Type	Length	Src_nid	Src_port
Hello		80	1	1

Time: 38.362100 sec
Packet_Type	Length	Src_nid	Src_port
Hello		80	4	1

Time: 38.959200 sec
Packet_Type	Length	Src_nid	Src_port
Hello		80	10	1

Time: 40.130300 sec
Packet_Type	Length	Src_nid	Src_port
Hello		80	1	1

Time: 40.382400 sec
Packet_Type	Length	Src_nid	Src_port
Hello		80	4	1

Time: 41.579500 sec
Packet_Type	Length	Src_nid	Src_port
Hello		80	10	1

Time: 42.086725 sec
Packet_Type		Length	Src_Nid	src_port	Option	Center_nid	Neighbor_nid	Data_plane_port
NeighborUpdate		544	10	1		Finish	 		 		 

Time: 42.121825 sec
Packet_Type		Length	Src_Nid	src_port	Option	Center_nid	Neighbor_nid	Data_plane_port
NeighborUpdate		544	10	1		Finish	 		 		 

Time: 42.125925 sec
Packet_Type		Length	Src_nid	Src_port	Option	Origin_nid	Destination_nid	Next_hop_nid
UpdateDataPlaneRouting	796	10	1		New	7		4		4
 		 	 	 		 		 		8		4
 		 	 	 		 		 		9		4
 		 	 	 		 		 		10		10

Time: 42.128025 sec
Packet_Type		Length	Src_nid	Src_port	Option	Origin_nid	Destination_nid	Next_hop_nid
UpdateDataPlaneRouting	796	10	1		Finish	 		 		 

Time: 42.397125 sec
Packet_Type		Length	Src_nid	Src_port	Option	Origin_nid	Destination_nid	Next_hop_nid
UpdateDataPlaneRouting	796	10	1		New	7		4		4
 		 	 	 		 		 		8		4
 		 	 	 		 		 		9		4
 		 	 	 		 		 		10		10

Time: 42.398225 sec
Packet_Type		Length	Src_nid	Src_port	Option	Origin_nid	Destination_nid	Next_hop_nid
UpdateDataPlaneRouting	796	10	1		Finish	 		 		 

Time: 42.419600 sec
Packet_Type	Length	Src_nid	Src_port
Hello		80	4	1

Time: 42.647525 sec
Packet_Type		Length	Src_nid	Src_port	Option	Origin_nid	Destination_nid	Next_hop_nid
UpdateDataPlaneRouting	796	10	1		New	7		1		1
 		 	 	 		 		 		4		4
 		 	 	 		 		 		8		4
 		 	 	 		 		 		9		4
 		 	 	 		 		 		10		10

Time: 42.648625 sec
Packet_Type		Length	Src_nid	Src_port	Option	Origin_nid	Destination_nid	Next_hop_nid
UpdateDataPlaneRouting	796	10	1		Finish	 		 		 

Time: 42.932725 sec
Packet_Type		Length	Src_nid	Src_port	Option	Origin_nid	Destination_nid	Next_hop_nid
UpdateDataPlaneRouting	796	10	1		New	7		1		1
 		 	 	 		 		 		4		4
 		 	 	 		 		 		8		4
 		 	 	 		 		 		9		4
 		 	 	 		 		 		10		10

Time: 42.933825 sec
Packet_Type		Length	Src_nid	Src_port	Option	Origin_nid	Destination_nid	Next_hop_nid
UpdateDataPlaneRouting	796	10	1		Finish	 		 		 

Time: 43.011700 sec
Packet_Type	Length	Src_nid	Src_port
Hello		80	10	1

Time: 44.141800 sec
Packet_Type	Length	Src_nid	Src_port
Hello		80	1	1

Time: 44.442900 sec
Packet_Type	Length	Src_nid	Src_port
Hello		80	4	1

Time: 44.498525 sec
Packet_Type		Length	Src_nid	Src_port	Option	Origin_nid	Destination_nid	Next_hop_nid
UpdateDataPlaneRouting	796	10	1		New	7		1		1
 		 	 	 		 		 		3		4
 		 	 	 		 		 		4		4
 		 	 	 		 		 		5		4
 		 	 	 		 		 		8		4
 		 	 	 		 		 		9		4
 		 	 	 		 		 		10		10

Time: 44.500625 sec
Packet_Type		Length	Src_nid	Src_port	Option	Origin_nid	Destination_nid	Next_hop_nid
UpdateDataPlaneRouting	796	10	1		Finish	 		 		 

Time: 45.098000 sec
Packet_Type	Length	Src_nid	Src_port
Hello		80	10	1

Time: 46.937925 sec
Packet_Type		Length	Src_nid	Src_port	Option	Origin_nid	Destination_nid	Next_hop_nid
UpdateDataPlaneRouting	796	10	1		New	7		1		1
 		 	 	 		 		 		3		10
 		 	 	 		 		 		4		4
 		 	 	 		 		 		5		10
 		 	 	 		 		 		6		10
 		 	 	 		 		 		8		4
 		 	 	 		 		 		9		4
 		 	 	 		 		 		10		10

Time: 46.960025 sec
Packet_Type		Length	Src_nid	Src_port	Option	Origin_nid	Destination_nid	Next_hop_nid
UpdateDataPlaneRouting	796	10	1		Finish	 		 		 

Time: 47.451125 sec
Packet_Type		Length	Src_nid	Src_port	Option	Origin_nid	Destination_nid	Next_hop_nid
UpdateDataPlaneRouting	796	10	1		New	7		1		1
 		 	 	 		 		 		3		4
 		 	 	 		 		 		4		4
 		 	 	 		 		 		5		4
 		 	 	 		 		 		6		4
 		 	 	 		 		 		8		4
 		 	 	 		 		 		9		4
 		 	 	 		 		 		10		10

Time: 47.453225 sec
Packet_Type		Length	Src_nid	Src_port	Option	Origin_nid	Destination_nid	Next_hop_nid
UpdateDataPlaneRouting	796	10	1		Finish	 		 		 

Time: 47.471325 sec
Packet_Type		Length	Src_nid	Src_port	Option	Origin_nid	Destination_nid	Next_hop_nid
UpdateDataPlaneRouting	796	10	1		New	7		1		1
 		 	 	 		 		 		3		4
 		 	 	 		 		 		4		4
 		 	 	 		 		 		5		4
 		 	 	 		 		 		6		4
 		 	 	 		 		 		8		4
 		 	 	 		 		 		9		4
 		 	 	 		 		 		10		10

Time: 47.474425 sec
Packet_Type		Length	Src_nid	Src_port	Option	Origin_nid	Destination_nid	Next_hop_nid
UpdateDataPlaneRouting	796	10	1		Finish	 		 		 

Time: 47.785525 sec
Packet_Type		Length	Src_nid	Src_port	Option	Origin_nid	Destination_nid	Next_hop_nid
UpdateDataPlaneRouting	796	10	1		New	7		1		1
 		 	 	 		 		 		3		4
 		 	 	 		 		 		4		4
 		 	 	 		 		 		5		4
 		 	 	 		 		 		6		4
 		 	 	 		 		 		8		4
 		 	 	 		 		 		9		4
 		 	 	 		 		 		10		10

Time: 47.869625 sec
Packet_Type		Length	Src_nid	Src_port	Option	Origin_nid	Destination_nid	Next_hop_nid
UpdateDataPlaneRouting	796	10	1		Finish	 		 		 

Time: 47.894725 sec
Packet_Type		Length	Src_nid	Src_port	Option	Origin_nid	Destination_nid	Next_hop_nid
UpdateDataPlaneRouting	796	10	1		New	7		1		1
 		 	 	 		 		 		3		4
 		 	 	 		 		 		4		4
 		 	 	 		 		 		5		4
 		 	 	 		 		 		6		4
 		 	 	 		 		 		8		4
 		 	 	 		 		 		9		4
 		 	 	 		 		 		10		10

Time: 48.228825 sec
Packet_Type		Length	Src_nid	Src_port	Option	Origin_nid	Destination_nid	Next_hop_nid
UpdateDataPlaneRouting	796	10	1		Finish	 		 		 

Time: 48.601925 sec
Packet_Type		Length	Src_nid	Src_port	Option	Origin_nid	Destination_nid	Next_hop_nid
UpdateDataPlaneRouting	796	10	1		New	7		1		1
 		 	 	 		 		 		3		4
 		 	 	 		 		 		4		4
 		 	 	 		 		 		5		4
 		 	 	 		 		 		6		4
 		 	 	 		 		 		8		4
 		 	 	 		 		 		9		4
 		 	 	 		 		 		10		10

Time: 48.634025 sec
Packet_Type		Length	Src_nid	Src_port	Option	Origin_nid	Destination_nid	Next_hop_nid
UpdateDataPlaneRouting	796	10	1		Finish	 		 		 

Time: 49.199100 sec
Packet_Type	Length	Src_nid	Src_port
Hello		80	10	1

Time: 49.893725 sec
Packet_Type		Length	Src_nid	Src_port	Option	Origin_nid	Destination_nid	Next_hop_nid
UpdateDataPlaneRouting	796	10	1		New	7		1		1
 		 	 	 		 		 		3		4
 		 	 	 		 		 		4		4
 		 	 	 		 		 		5		4
 		 	 	 		 		 		6		4
 		 	 	 		 		 		8		4
 		 	 	 		 		 		9		4
 		 	 	 		 		 		10		10

Time: 49.897825 sec
Packet_Type		Length	Src_nid	Src_port	Option	Origin_nid	Destination_nid	Next_hop_nid
UpdateDataPlaneRouting	796	10	1		Finish	 		 		 

Time: 49.974925 sec
Packet_Type		Length	Src_nid	Src_port	Option	Origin_nid	Destination_nid	Next_hop_nid
UpdateDataPlaneRouting	796	10	1		New	7		1		1
 		 	 	 		 		 		3		4
 		 	 	 		 		 		4		4
 		 	 	 		 		 		5		4
 		 	 	 		 		 		6		4
 		 	 	 		 		 		8		4
 		 	 	 		 		 		9		4
 		 	 	 		 		 		10		10

Time: 49.976025 sec
Packet_Type		Length	Src_nid	Src_port	Option	Origin_nid	Destination_nid	Next_hop_nid
UpdateDataPlaneRouting	796	10	1		Finish	 		 		 

Time: 50.216125 sec
Packet_Type		Length	Src_nid	Src_port	Option	Origin_nid	Destination_nid	Next_hop_nid
UpdateDataPlaneRouting	796	10	1		New	7		1		1
 		 	 	 		 		 		3		4
 		 	 	 		 		 		4		4
 		 	 	 		 		 		6		4
 		 	 	 		 		 		8		4
 		 	 	 		 		 		9		4
 		 	 	 		 		 		10		10

Time: 50.217225 sec
Packet_Type		Length	Src_nid	Src_port	Option	Origin_nid	Destination_nid	Next_hop_nid
UpdateDataPlaneRouting	796	10	1		Finish	 		 		 

Time: 50.522200 sec
Packet_Type	Length	Src_nid	Src_port
Hello		80	4	1

Time: 50.646525 sec
Packet_Type		Length	Src_nid	Src_port	Option	Origin_nid	Destination_nid	Next_hop_nid
UpdateDataPlaneRouting	796	10	1		New	7		3		4
 		 	 	 		 		 		4		4
 		 	 	 		 		 		6		4
 		 	 	 		 		 		8		4
 		 	 	 		 		 		9		4
 		 	 	 		 		 		10		10

Time: 50.648625 sec
Packet_Type		Length	Src_nid	Src_port	Option	Origin_nid	Destination_nid	Next_hop_nid
UpdateDataPlaneRouting	796	10	1		Finish	 		 		 

Time: 50.666725 sec
Packet_Type		Length	Src_nid	Src_port	Option	Origin_nid	Destination_nid	Next_hop_nid
UpdateDataPlaneRouting	796	10	1		New	7		3		10
 		 	 	 		 		 		4		10
 		 	 	 		 		 		6		10
 		 	 	 		 		 		8		10
 		 	 	 		 		 		9		10
 		 	 	 		 		 		10		10

Time: 50.671825 sec
Packet_Type		Length	Src_nid	Src_port	Option	Origin_nid	Destination_nid	Next_hop_nid
UpdateDataPlaneRouting	796	10	1		Finish	 		 		 

Time: 50.686925 sec
Packet_Type		Length	Src_nid	Src_port	Option	Origin_nid	Destination_nid	Next_hop_nid
UpdateDataPlaneRouting	796	10	1		New	7		3		4
 		 	 	 		 		 		4		4
 		 	 	 		 		 		6		4
 		 	 	 		 		 		8		4
 		 	 	 		 		 		9		4
 		 	 	 		 		 		10		10

Time: 50.690025 sec
Packet_Type		Length	Src_nid	Src_port	Option	Origin_nid	Destination_nid	Next_hop_nid
UpdateDataPlaneRouting	796	10	1		Finish	 		 		 

Time: 51.283300 sec
Packet_Type	Length	Src_nid	Src_port
Hello		80	10	1

Time: 51.930325 sec
Packet_Type		Length	Src_nid	Src_port	Option	Origin_nid	Destination_nid	Next_hop_nid
UpdateDataPlaneRouting	796	10	1		New	7		3		4
 		 	 	 		 		 		4		4
 		 	 	 		 		 		6		4
 		 	 	 		 		 		8		4
 		 	 	 		 		 		9		4
 		 	 	 		 		 		10		10

Time: 51.938425 sec
Packet_Type		Length	Src_nid	Src_port	Option	Origin_nid	Destination_nid	Next_hop_nid
UpdateDataPlaneRouting	796	10	1		Finish	 		 		 

Time: 52.315525 sec
Packet_Type		Length	Src_nid	Src_port	Option	Origin_nid	Destination_nid	Next_hop_nid
UpdateDataPlaneRouting	796	10	1		New	7		3		4
 		 	 	 		 		 		4		4
 		 	 	 		 		 		6		4
 		 	 	 		 		 		8		4
 		 	 	 		 		 		9		4
 		 	 	 		 		 		10		10

Time: 52.316625 sec
Packet_Type		Length	Src_nid	Src_port	Option	Origin_nid	Destination_nid	Next_hop_nid
UpdateDataPlaneRouting	796	10	1		Finish	 		 		 

Time: 52.317725 sec
Packet_Type		Length	Src_nid	Src_port	Option	Origin_nid	Destination_nid	Next_hop_nid
UpdateDataPlaneRouting	796	10	1		New	7		3		4
 		 	 	 		 		 		4		4
 		 	 	 		 		 		6		4
 		 	 	 		 		 		8		4
 		 	 	 		 		 		9		4
 		 	 	 		 		 		10		10

Time: 52.318825 sec
Packet_Type		Length	Src_nid	Src_port	Option	Origin_nid	Destination_nid	Next_hop_nid
UpdateDataPlaneRouting	796	10	1		Finish	 		 		 

Time: 52.319925 sec
Packet_Type		Length	Src_nid	Src_port	Option	Origin_nid	Destination_nid	Next_hop_nid
UpdateDataPlaneRouting	796	10	1		New	7		3		4
 		 	 	 		 		 		4		4
 		 	 	 		 		 		6		4
 		 	 	 		 		 		8		4
 		 	 	 		 		 		9		4
 		 	 	 		 		 		10		10

Time: 52.321025 sec
Packet_Type		Length	Src_nid	Src_port	Option	Origin_nid	Destination_nid	Next_hop_nid
UpdateDataPlaneRouting	796	10	1		Finish	 		 		 

Time: 52.525400 sec
Packet_Type	Length	Src_nid	Src_port
Hello		80	4	1

Time: 52.644163 sec
Packet_Type		Length	Src_nid	Src_port	Option	Origin_nid	Destination_nid	Next_hop_nid
UpdateDataPlaneRouting	796	10	1		New	7		4		4
 		 	 	 		 		 		10		10

Time: 52.649263 sec
Packet_Type		Length	Src_nid	Src_port	Option	Origin_nid	Destination_nid	Next_hop_nid
UpdateDataPlaneRouting	796	10	1		Finish	 		 		 

Time: 55.037363 sec
Packet_Type		Length	Src_nid	Src_port	Option	Origin_nid	Destination_nid	Next_hop_nid
UpdateDataPlaneRouting	796	10	1		New	7		4		4
 		 	 	 		 		 		10		10

Time: 55.043463 sec
Packet_Type		Length	Src_nid	Src_port	Option	Origin_nid	Destination_nid	Next_hop_nid
UpdateDataPlaneRouting	796	10	1		Finish	 		 		 

Time: 55.211563 sec
Packet_Type		Length	Src_nid	Src_port	Option	Origin_nid	Destination_nid	Next_hop_nid
UpdateDataPlaneRouting	796	10	1		New	7		3		10
 		 	 	 		 		 		4		4
 		 	 	 		 		 		8		10
 		 	 	 		 		 		9		10
 		 	 	 		 		 		10		10

Time: 55.489663 sec
Packet_Type		Length	Src_nid	Src_port	Option	Origin_nid	Destination_nid	Next_hop_nid
UpdateDataPlaneRouting	796	10	1		Finish	 		 		 

Time: 55.502500 sec
Packet_Type	Length	Src_nid	Src_port
Hello		80	10	1

Time: 55.615963 sec
Packet_Type		Length	Src_nid	Src_port	Option	Origin_nid	Destination_nid	Next_hop_nid
UpdateDataPlaneRouting	796	10	1		New	7		4		4
 		 	 	 		 		 		8		10
 		 	 	 		 		 		9		10
 		 	 	 		 		 		10		10

Time: 55.618063 sec
Packet_Type		Length	Src_nid	Src_port	Option	Origin_nid	Destination_nid	Next_hop_nid
UpdateDataPlaneRouting	796	10	1		Finish	 		 		 

Time: 56.604163 sec
Packet_Type		Length	Src_nid	Src_port	Option	Origin_nid	Destination_nid	Next_hop_nid
UpdateDataPlaneRouting	796	10	1		New	7		3		10
 		 	 	 		 		 		4		4
 		 	 	 		 		 		8		10
 		 	 	 		 		 		9		10
 		 	 	 		 		 		10		10

Time: 56.606263 sec
Packet_Type		Length	Src_nid	Src_port	Option	Origin_nid	Destination_nid	Next_hop_nid
UpdateDataPlaneRouting	796	10	1		Finish	 		 		 

Time: 57.247363 sec
Packet_Type		Length	Src_nid	Src_port	Option	Origin_nid	Destination_nid	Next_hop_nid
UpdateDataPlaneRouting	796	10	1		New	7		3		4
 		 	 	 		 		 		4		4
 		 	 	 		 		 		8		4
 		 	 	 		 		 		9		4
 		 	 	 		 		 		10		10

Time: 57.253463 sec
Packet_Type		Length	Src_nid	Src_port	Option	Origin_nid	Destination_nid	Next_hop_nid
UpdateDataPlaneRouting	796	10	1		Finish	 		 		 

Time: 57.565763 sec
Packet_Type		Length	Src_nid	Src_port	Option	Origin_nid	Destination_nid	Next_hop_nid
UpdateDataPlaneRouting	796	10	1		New	7		3		4
 		 	 	 		 		 		4		4
 		 	 	 		 		 		8		4
 		 	 	 		 		 		9		4
 		 	 	 		 		 		10		10

Time: 57.566863 sec
Packet_Type		Length	Src_nid	Src_port	Option	Origin_nid	Destination_nid	Next_hop_nid
UpdateDataPlaneRouting	796	10	1		Finish	 		 		 

Time: 57.844963 sec
Packet_Type		Length	Src_nid	Src_port	Option	Origin_nid	Destination_nid	Next_hop_nid
UpdateDataPlaneRouting	796	10	1		New	7		3		10
 		 	 	 		 		 		4		10
 		 	 	 		 		 		8		10
 		 	 	 		 		 		9		10
 		 	 	 		 		 		10		10

Time: 57.852063 sec
Packet_Type		Length	Src_nid	Src_port	Option	Origin_nid	Destination_nid	Next_hop_nid
UpdateDataPlaneRouting	796	10	1		Finish	 		 		 

Time: 59.745600 sec
Packet_Type	Length	Src_nid	Src_port
Hello		80	10	1

Time: 60.380363 sec
Packet_Type		Length	Src_nid	Src_port	Option	Origin_nid	Destination_nid	Next_hop_nid
UpdateDataPlaneRouting	796	10	1		New	7		10		10

Time: 60.381463 sec
Packet_Type		Length	Src_nid	Src_port	Option	Origin_nid	Destination_nid	Next_hop_nid
UpdateDataPlaneRouting	796	10	1		Finish	 		 		 

Time: 62.230700 sec
Packet_Type	Length	Src_nid	Src_port
Hello		80	10	1

Time: 63.061763 sec
Packet_Type		Length	Src_nid	Src_port	Option	Origin_nid	Destination_nid	Next_hop_nid
UpdateDataPlaneRouting	796	10	1		New	7		10		10

Time: 63.063863 sec
Packet_Type		Length	Src_nid	Src_port	Option	Origin_nid	Destination_nid	Next_hop_nid
UpdateDataPlaneRouting	796	10	1		Finish	 		 		 

Time: 63.068963 sec
Packet_Type		Length	Src_nid	Src_port	Option	Origin_nid	Destination_nid	Next_hop_nid
UpdateDataPlaneRouting	796	10	1		New	7		10		10

Time: 63.093063 sec
Packet_Type		Length	Src_nid	Src_port	Option	Origin_nid	Destination_nid	Next_hop_nid
UpdateDataPlaneRouting	796	10	1		Finish	 		 		 

Time: 63.596800 sec
Packet_Type	Length	Src_nid	Src_port
Hello		80	10	1

Time: 66.043363 sec
Packet_Type		Length	Src_nid	Src_port	Option	Origin_nid	Destination_nid	Next_hop_nid
UpdateDataPlaneRouting	796	10	1		New	7		10		10

Time: 66.461463 sec
Packet_Type		Length	Src_nid	Src_port	Option	Origin_nid	Destination_nid	Next_hop_nid
UpdateDataPlaneRouting	796	10	1		Finish	 		 		 

Time: 66.470563 sec
Packet_Type		Length	Src_nid	Src_port	Option	Origin_nid	Destination_nid	Next_hop_nid
UpdateDataPlaneRouting	796	10	1		New	7		3		10
 		 	 	 		 		 		4		10
 		 	 	 		 		 		10		10

Time: 66.471663 sec
Packet_Type		Length	Src_nid	Src_port	Option	Origin_nid	Destination_nid	Next_hop_nid
UpdateDataPlaneRouting	796	10	1		Finish	 		 		 

Time: 67.343763 sec
Packet_Type		Length	Src_nid	Src_port	Option	Origin_nid	Destination_nid	Next_hop_nid
UpdateDataPlaneRouting	796	10	1		New	7		3		10
 		 	 	 		 		 		4		10
 		 	 	 		 		 		10		10

Time: 67.344863 sec
Packet_Type		Length	Src_nid	Src_port	Option	Origin_nid	Destination_nid	Next_hop_nid
UpdateDataPlaneRouting	796	10	1		Finish	 		 		 

Time: 68.812900 sec
Packet_Type	Length	Src_nid	Src_port
Hello		80	10	1

Time: 71.189000 sec
Packet_Type	Length	Src_nid	Src_port
Hello		80	6	1

Time: 72.530100 sec
Packet_Type	Length	Src_nid	Src_port
Hello		80	10	1

Time: 75.274692 sec
Packet_Type		Length	Src_nid	Src_port	Option	Origin_nid	Destination_nid	Next_hop_nid
UpdateDataPlaneRouting	796	10	1		New	7		3		10
 		 	 	 		 		 		4		10
 		 	 	 		 		 		6		10
 		 	 	 		 		 		8		10
 		 	 	 		 		 		9		10
 		 	 	 		 		 		10		10

Time: 75.275792 sec
Packet_Type		Length	Src_nid	Src_port	Option	Origin_nid	Destination_nid	Next_hop_nid
UpdateDataPlaneRouting	796	10	1		Finish	 		 		 

Time: 75.909584 sec
Packet_Type		Length	Src_nid	Src_port	Option	Origin_nid	Destination_nid	Next_hop_nid
UpdateDataPlaneRouting	796	10	1		New	7		3		6
 		 	 	 		 		 		4		6
 		 	 	 		 		 		6		6
 		 	 	 		 		 		8		6
 		 	 	 		 		 		9		6
 		 	 	 		 		 		10		10

Time: 75.912684 sec
Packet_Type		Length	Src_nid	Src_port	Option	Origin_nid	Destination_nid	Next_hop_nid
UpdateDataPlaneRouting	796	10	1		Finish	 		 		 

Time: 75.940200 sec
Packet_Type	Length	Src_nid	Src_port
Hello		80	10	1

Time: 76.205184 sec
Packet_Type		Length	Src_nid	Src_port	Option	Origin_nid	Destination_nid	Next_hop_nid
UpdateDataPlaneRouting	796	10	1		New	7		3		6
 		 	 	 		 		 		4		6
 		 	 	 		 		 		6		6
 		 	 	 		 		 		8		6
 		 	 	 		 		 		9		6
 		 	 	 		 		 		10		10

Time: 76.235284 sec
Packet_Type		Length	Src_nid	Src_port	Option	Origin_nid	Destination_nid	Next_hop_nid
UpdateDataPlaneRouting	796	10	1		Finish	 		 		 

Time: 76.250384 sec
Packet_Type		Length	Src_nid	Src_port	Option	Origin_nid	Destination_nid	Next_hop_nid
UpdateDataPlaneRouting	796	10	1		New	7		3		6
 		 	 	 		 		 		4		6
 		 	 	 		 		 		6		6
 		 	 	 		 		 		8		6
 		 	 	 		 		 		9		6
 		 	 	 		 		 		10		10

Time: 76.251484 sec
Packet_Type		Length	Src_nid	Src_port	Option	Origin_nid	Destination_nid	Next_hop_nid
UpdateDataPlaneRouting	796	10	1		Finish	 		 		 

Time: 76.265584 sec
Packet_Type		Length	Src_nid	Src_port	Option	Origin_nid	Destination_nid	Next_hop_nid
UpdateDataPlaneRouting	796	10	1		New	7		3		6
 		 	 	 		 		 		4		6
 		 	 	 		 		 		6		6
 		 	 	 		 		 		8		6
 		 	 	 		 		 		9		6
 		 	 	 		 		 		10		10

Time: 76.272684 sec
Packet_Type		Length	Src_nid	Src_port	Option	Origin_nid	Destination_nid	Next_hop_nid
UpdateDataPlaneRouting	796	10	1		Finish	 		 		 

Time: 76.291784 sec
Packet_Type		Length	Src_nid	Src_port	Option	Origin_nid	Destination_nid	Next_hop_nid
UpdateDataPlaneRouting	796	10	1		New	7		3		10
 		 	 	 		 		 		4		10
 		 	 	 		 		 		8		10
 		 	 	 		 		 		9		10
 		 	 	 		 		 		10		10

Time: 76.292884 sec
Packet_Type		Length	Src_nid	Src_port	Option	Origin_nid	Destination_nid	Next_hop_nid
UpdateDataPlaneRouting	796	10	1		Finish	 		 		 

Time: 77.081984 sec
Packet_Type		Length	Src_nid	Src_port	Option	Origin_nid	Destination_nid	Next_hop_nid
UpdateDataPlaneRouting	796	10	1		New	7		3		10
 		 	 	 		 		 		4		10
 		 	 	 		 		 		8		10
 		 	 	 		 		 		9		10
 		 	 	 		 		 		10		10

Time: 77.083084 sec
Packet_Type		Length	Src_nid	Src_port	Option	Origin_nid	Destination_nid	Next_hop_nid
UpdateDataPlaneRouting	796	10	1		Finish	 		 		 

Time: 77.238184 sec
Packet_Type		Length	Src_nid	Src_port	Option	Origin_nid	Destination_nid	Next_hop_nid
UpdateDataPlaneRouting	796	10	1		New	7		3		10
 		 	 	 		 		 		4		10
 		 	 	 		 		 		9		10
 		 	 	 		 		 		10		10

Time: 77.243284 sec
Packet_Type		Length	Src_nid	Src_port	Option	Origin_nid	Destination_nid	Next_hop_nid
UpdateDataPlaneRouting	796	10	1		Finish	 		 		 

Time: 78.268384 sec
Packet_Type		Length	Src_nid	Src_port	Option	Origin_nid	Destination_nid	Next_hop_nid
UpdateDataPlaneRouting	796	10	1		New	7		3		10
 		 	 	 		 		 		4		10
 		 	 	 		 		 		9		10
 		 	 	 		 		 		10		10

Time: 78.532484 sec
Packet_Type		Length	Src_nid	Src_port	Option	Origin_nid	Destination_nid	Next_hop_nid
UpdateDataPlaneRouting	796	10	1		Finish	 		 		 

Time: 85.164784 sec
Packet_Type		Length	Src_nid	Src_port	Option	Origin_nid	Destination_nid	Next_hop_nid
UpdateDataPlaneRouting	796	10	1		New	7		3		10
 		 	 	 		 		 		4		10
 		 	 	 		 		 		9		10
 		 	 	 		 		 		10		10

Time: 85.168884 sec
Packet_Type		Length	Src_nid	Src_port	Option	Origin_nid	Destination_nid	Next_hop_nid
UpdateDataPlaneRouting	796	10	1		Finish	 		 		 

Time: 85.169984 sec
Packet_Type		Length	Src_nid	Src_port	Option	Origin_nid	Destination_nid	Next_hop_nid
UpdateDataPlaneRouting	796	10	1		New	7		3		10
 		 	 	 		 		 		4		10
 		 	 	 		 		 		8		10
 		 	 	 		 		 		9		10
 		 	 	 		 		 		10		10

Time: 85.171084 sec
Packet_Type		Length	Src_nid	Src_port	Option	Origin_nid	Destination_nid	Next_hop_nid
UpdateDataPlaneRouting	796	10	1		Finish	 		 		 

Time: 86.199300 sec
Packet_Type	Length	Src_nid	Src_port
Hello		80	10	1

Time: 87.019384 sec
Packet_Type		Length	Src_nid	Src_port	Option	Origin_nid	Destination_nid	Next_hop_nid
UpdateDataPlaneRouting	796	10	1		New	7		3		10
 		 	 	 		 		 		4		10
 		 	 	 		 		 		8		10
 		 	 	 		 		 		9		10
 		 	 	 		 		 		10		10

Time: 87.028484 sec
Packet_Type		Length	Src_nid	Src_port	Option	Origin_nid	Destination_nid	Next_hop_nid
UpdateDataPlaneRouting	796	10	1		Finish	 		 		 

Time: 93.097400 sec
Packet_Type	Length	Src_nid	Src_port
Hello		80	10	1

Time: 94.724984 sec
Packet_Type		Length	Src_nid	Src_port	Option	Origin_nid	Destination_nid	Next_hop_nid
UpdateDataPlaneRouting	796	10	1		New	7		3		10
 		 	 	 		 		 		4		10
 		 	 	 		 		 		8		10
 		 	 	 		 		 		9		10
 		 	 	 		 		 		10		10

Time: 94.728084 sec
Packet_Type		Length	Src_nid	Src_port	Option	Origin_nid	Destination_nid	Next_hop_nid
UpdateDataPlaneRouting	796	10	1		Finish	 		 		 

Time: 95.131500 sec
Packet_Type	Length	Src_nid	Src_port
Hello		80	10	1

Time: 96.057384 sec
Packet_Type		Length	Src_nid	Src_port	Option	Origin_nid	Destination_nid	Next_hop_nid
UpdateDataPlaneRouting	796	10	1		New	7		10		10

Time: 96.065484 sec
Packet_Type		Length	Src_nid	Src_port	Option	Origin_nid	Destination_nid	Next_hop_nid
UpdateDataPlaneRouting	796	10	1		Finish	 		 		 

Time: 96.066584 sec
Packet_Type		Length	Src_nid	Src_port	Option	Origin_nid	Destination_nid	Next_hop_nid
UpdateDataPlaneRouting	796	10	1		New	7		3		10
 		 	 	 		 		 		4		10
 		 	 	 		 		 		8		10
 		 	 	 		 		 		9		10
 		 	 	 		 		 		10		10

Time: 96.067684 sec
Packet_Type		Length	Src_nid	Src_port	Option	Origin_nid	Destination_nid	Next_hop_nid
UpdateDataPlaneRouting	796	10	1		Finish	 		 		 

Time: 96.675784 sec
Packet_Type		Length	Src_nid	Src_port	Option	Origin_nid	Destination_nid	Next_hop_nid
UpdateDataPlaneRouting	796	10	1		New	7		3		10
 		 	 	 		 		 		4		10
 		 	 	 		 		 		8		10
 		 	 	 		 		 		9		10
 		 	 	 		 		 		10		10

Time: 96.676884 sec
Packet_Type		Length	Src_nid	Src_port	Option	Origin_nid	Destination_nid	Next_hop_nid
UpdateDataPlaneRouting	796	10	1		Finish	 		 		 

Time: 96.845984 sec
Packet_Type		Length	Src_nid	Src_port	Option	Origin_nid	Destination_nid	Next_hop_nid
UpdateDataPlaneRouting	796	10	1		New	7		3		10
 		 	 	 		 		 		4		10
 		 	 	 		 		 		8		10
 		 	 	 		 		 		9		10
 		 	 	 		 		 		10		10

Time: 96.858084 sec
Packet_Type		Length	Src_nid	Src_port	Option	Origin_nid	Destination_nid	Next_hop_nid
UpdateDataPlaneRouting	796	10	1		Finish	 		 		 

Time: 98.363184 sec
Packet_Type		Length	Src_nid	Src_port	Option	Origin_nid	Destination_nid	Next_hop_nid
UpdateDataPlaneRouting	796	10	1		New	7		3		10
 		 	 	 		 		 		4		10
 		 	 	 		 		 		8		10
 		 	 	 		 		 		9		10
 		 	 	 		 		 		10		10

Time: 98.365284 sec
Packet_Type		Length	Src_nid	Src_port	Option	Origin_nid	Destination_nid	Next_hop_nid
UpdateDataPlaneRouting	796	10	1		Finish	 		 		 

Time: 98.499600 sec
Packet_Type	Length	Src_nid	Src_port
Hello		80	10	1

