Time: 1.007897 sec
Send to Nid: 10
Packet_Type	Length	Src_nid	Src_port
Hello		80	8	1

Time: 2.020997 sec
Send to Nid: 10
Packet_Type		Length	Src_Nid	src_port	Option	Center_nid	Neighbor_nid	Data_plane_port
NeighborUpdate		544	8	1		New	8		6		1

Time: 2.021097 sec
Send to Nid: 10
Packet_Type		Length	Src_Nid	src_port	Option	Center_nid	Neighbor_nid	Data_plane_port
NeighborUpdate		544	8	1		Finish	 		 		 

Time: 2.030197 sec
Send to Nid: 10
Packet_Type		Length	Src_Nid	src_port	Option	Center_nid	Neighbor_nid	Data_plane_port
NeighborUpdate		544	8	1		New	8		6		1
 		 	 	 		 	 			9		1

Time: 2.030297 sec
Send to Nid: 10
Packet_Type		Length	Src_Nid	src_port	Option	Center_nid	Neighbor_nid	Data_plane_port
NeighborUpdate		544	8	1		Finish	 		 		 

Time: 2.044200 sec
Broadcast
Packet_Type	Length	Src_nid	Src_port
Hello		80	8	1

Time: 2.180397 sec
Send to Nid: 10
Packet_Type		Length	Src_Nid	src_port	Option	Center_nid	Neighbor_nid	Data_plane_port
NeighborUpdate		544	8	1		New	8		6		1
 		 	 	 		 	 			9		1
 		 	 	 		 	 			5		1

Time: 2.180497 sec
Send to Nid: 10
Packet_Type		Length	Src_Nid	src_port	Option	Center_nid	Neighbor_nid	Data_plane_port
NeighborUpdate		544	8	1		Finish	 		 		 

Time: 4.108500 sec
Broadcast
Packet_Type	Length	Src_nid	Src_port
Hello		80	8	1

Time: 6.186700 sec
Broadcast
Packet_Type	Length	Src_nid	Src_port
Hello		80	8	1

Time: 8.239800 sec
Broadcast
Packet_Type	Length	Src_nid	Src_port
Hello		80	8	1

Time: 10.240800 sec
Broadcast
Packet_Type	Length	Src_nid	Src_port
Hello		80	8	1

Time: 12.283000 sec
Broadcast
Packet_Type	Length	Src_nid	Src_port
Hello		80	8	1

Time: 14.285000 sec
Broadcast
Packet_Type	Length	Src_nid	Src_port
Hello		80	8	1

Time: 16.302000 sec
Broadcast
Packet_Type	Length	Src_nid	Src_port
Hello		80	8	1

Time: 18.336100 sec
Broadcast
Packet_Type	Length	Src_nid	Src_port
Hello		80	8	1

Time: 18.621577 sec
Send to Nid: 10
Packet_Type	Length	Src_nid	Src_port
Hello		80	8	1

Time: 18.622677 sec
Send to Nid: 10
Packet_Type		Length	Src_Nid	src_port	Option	Center_nid	Neighbor_nid	Data_plane_port
NeighborUpdate		544	8	1		New	8		6		1
 		 	 	 		 	 			9		1
 		 	 	 		 	 			5		1

Time: 18.622777 sec
Send to Nid: 10
Packet_Type		Length	Src_Nid	src_port	Option	Center_nid	Neighbor_nid	Data_plane_port
NeighborUpdate		544	8	1		Finish	 		 		 

Time: 18.622877 sec
Send to Nid: 10
Packet_Type		Length	Src_Nid	src_port	Option	Center_nid	Neighbor_nid	Data_plane_port
NeighborUpdate		544	8	1		New	8		6		1
 		 	 	 		 	 			9		1
 		 	 	 		 	 			5		1

Time: 18.622977 sec
Send to Nid: 10
Packet_Type		Length	Src_Nid	src_port	Option	Center_nid	Neighbor_nid	Data_plane_port
NeighborUpdate		544	8	1		Finish	 		 		 

Time: 18.623077 sec
Send to Nid: 10
Packet_Type		Length	Src_Nid	src_port	Option	Center_nid	Neighbor_nid	Data_plane_port
NeighborUpdate		544	8	1		New	8		6		1
 		 	 	 		 	 			9		1
 		 	 	 		 	 			5		1

Time: 18.623177 sec
Send to Nid: 10
Packet_Type		Length	Src_Nid	src_port	Option	Center_nid	Neighbor_nid	Data_plane_port
NeighborUpdate		544	8	1		Finish	 		 		 

Time: 18.623277 sec
Send to Nid: 10
Packet_Type		Length	Src_Nid	src_port	Option	Center_nid	Neighbor_nid	Data_plane_port
NeighborUpdate		544	8	1		New	8		6		1
 		 	 	 		 	 			9		1
 		 	 	 		 	 			5		1

Time: 18.623377 sec
Send to Nid: 10
Packet_Type		Length	Src_Nid	src_port	Option	Center_nid	Neighbor_nid	Data_plane_port
NeighborUpdate		544	8	1		Finish	 		 		 

Time: 18.623477 sec
Send to Nid: 10
Packet_Type		Length	Src_Nid	src_port	Option	Center_nid	Neighbor_nid	Data_plane_port
NeighborUpdate		544	8	1		New	8		9		1
 		 	 	 		 	 			5		1

Time: 18.623577 sec
Send to Nid: 10
Packet_Type		Length	Src_Nid	src_port	Option	Center_nid	Neighbor_nid	Data_plane_port
NeighborUpdate		544	8	1		Finish	 		 		 

Time: 18.624677 sec
Send to Nid: 10
Packet_Type		Length	Src_Nid	src_port	Option	Center_nid	Neighbor_nid	Data_plane_port
NeighborUpdate		544	8	1		New	8		9		1
 		 	 	 		 	 			5		1

Time: 18.624777 sec
Send to Nid: 10
Packet_Type		Length	Src_Nid	src_port	Option	Center_nid	Neighbor_nid	Data_plane_port
NeighborUpdate		544	8	1		Finish	 		 		 

Time: 18.624877 sec
Send to Nid: 10
Packet_Type		Length	Src_Nid	src_port	Option	Center_nid	Neighbor_nid	Data_plane_port
NeighborUpdate		544	8	1		New	8		9		1
 		 	 	 		 	 			5		1

Time: 18.640729 sec
Send to Nid: 10
Packet_Type		Length	Src_Nid	src_port	Option	Center_nid	Neighbor_nid	Data_plane_port
NeighborUpdate		544	8	1		Finish	 		 		 

Time: 18.640829 sec
Send to Nid: 10
Packet_Type		Length	Src_Nid	src_port	Option	Center_nid	Neighbor_nid	Data_plane_port
NeighborUpdate		544	8	1		New	8		9		1

Time: 18.640929 sec
Send to Nid: 10
Packet_Type		Length	Src_Nid	src_port	Option	Center_nid	Neighbor_nid	Data_plane_port
NeighborUpdate		544	8	1		Finish	 		 		 

Time: 18.641029 sec
Send to Nid: 10
Packet_Type		Length	Src_Nid	src_port	Option	Center_nid	Neighbor_nid	Data_plane_port
NeighborUpdate		544	8	1		New	8		9		1

Time: 18.641129 sec
Send to Nid: 10
Packet_Type		Length	Src_Nid	src_port	Option	Center_nid	Neighbor_nid	Data_plane_port
NeighborUpdate		544	8	1		Finish	 		 		 

Time: 18.641229 sec
Send to Nid: 10
Packet_Type		Length	Src_Nid	src_port	Option	Center_nid	Neighbor_nid	Data_plane_port
NeighborUpdate		544	8	1		New	8		9		1

Time: 18.641329 sec
Send to Nid: 10
Packet_Type		Length	Src_Nid	src_port	Option	Center_nid	Neighbor_nid	Data_plane_port
NeighborUpdate		544	8	1		Finish	 		 		 

Time: 18.641429 sec
Send to Nid: 10
Packet_Type	Length	Src_nid	Src_port
Hello		80	8	1

Time: 18.641529 sec
Send to Nid: 10
Packet_Type		Length	Src_Nid	src_port	Option	Center_nid	Neighbor_nid	Data_plane_port
NeighborUpdate		544	8	1		New	8		9		1

Time: 18.641629 sec
Send to Nid: 10
Packet_Type		Length	Src_Nid	src_port	Option	Center_nid	Neighbor_nid	Data_plane_port
NeighborUpdate		544	8	1		Finish	 		 		 

Time: 19.361699 sec
Send to Nid: 10
Packet_Type	Length	Src_nid	Src_port
Hello		80	8	1

Time: 20.413200 sec
Broadcast
Packet_Type	Length	Src_nid	Src_port
Hello		80	8	1

Time: 20.530999 sec
Send to Nid: 10
Packet_Type		Length	Src_Nid	src_port	Option	Center_nid	Neighbor_nid	Data_plane_port
NeighborUpdate		544	8	1		New	8		9		1

Time: 20.531099 sec
Send to Nid: 10
Packet_Type		Length	Src_Nid	src_port	Option	Center_nid	Neighbor_nid	Data_plane_port
NeighborUpdate		544	8	1		Finish	 		 		 

Time: 22.434300 sec
Broadcast
Packet_Type	Length	Src_nid	Src_port
Hello		80	8	1

Time: 24.441300 sec
Broadcast
Packet_Type	Length	Src_nid	Src_port
Hello		80	8	1

Time: 25.530399 sec
Send to Nid: 10
Packet_Type		Length	Src_Nid	src_port	Option	Center_nid	Neighbor_nid	Data_plane_port
NeighborUpdate		544	8	1		New	8		0		0

Time: 25.530499 sec
Send to Nid: 10
Packet_Type		Length	Src_Nid	src_port	Option	Center_nid	Neighbor_nid	Data_plane_port
NeighborUpdate		544	8	1		Finish	 		 		 

Time: 26.462300 sec
Broadcast
Packet_Type	Length	Src_nid	Src_port
Hello		80	8	1

Time: 28.537300 sec
Broadcast
Packet_Type	Length	Src_nid	Src_port
Hello		80	8	1

Time: 28.750599 sec
Send to Nid: 10
Packet_Type		Length	Src_Nid	src_port	Option	Center_nid	Neighbor_nid	Data_plane_port
NeighborUpdate		544	8	1		New	8		9		1

Time: 28.750699 sec
Send to Nid: 10
Packet_Type		Length	Src_Nid	src_port	Option	Center_nid	Neighbor_nid	Data_plane_port
NeighborUpdate		544	8	1		Finish	 		 		 

Time: 30.612400 sec
Broadcast
Packet_Type	Length	Src_nid	Src_port
Hello		80	8	1

Time: 30.810799 sec
Send to Nid: 10
Packet_Type		Length	Src_Nid	src_port	Option	Center_nid	Neighbor_nid	Data_plane_port
NeighborUpdate		544	8	1		New	8		9		1

Time: 30.810899 sec
Send to Nid: 10
Packet_Type		Length	Src_Nid	src_port	Option	Center_nid	Neighbor_nid	Data_plane_port
NeighborUpdate		544	8	1		Finish	 		 		 

Time: 32.687500 sec
Broadcast
Packet_Type	Length	Src_nid	Src_port
Hello		80	8	1

Time: 32.860999 sec
Send to Nid: 10
Packet_Type		Length	Src_Nid	src_port	Option	Center_nid	Neighbor_nid	Data_plane_port
NeighborUpdate		544	8	1		New	8		9		1

Time: 32.861099 sec
Send to Nid: 10
Packet_Type		Length	Src_Nid	src_port	Option	Center_nid	Neighbor_nid	Data_plane_port
NeighborUpdate		544	8	1		Finish	 		 		 

Time: 34.709600 sec
Broadcast
Packet_Type	Length	Src_nid	Src_port
Hello		80	8	1

Time: 34.900199 sec
Send to Nid: 10
Packet_Type		Length	Src_Nid	src_port	Option	Center_nid	Neighbor_nid	Data_plane_port
NeighborUpdate		544	8	1		New	8		9		1

Time: 34.900299 sec
Send to Nid: 10
Packet_Type		Length	Src_Nid	src_port	Option	Center_nid	Neighbor_nid	Data_plane_port
NeighborUpdate		544	8	1		Finish	 		 		 

Time: 36.761700 sec
Broadcast
Packet_Type	Length	Src_nid	Src_port
Hello		80	8	1

Time: 36.910399 sec
Send to Nid: 10
Packet_Type		Length	Src_Nid	src_port	Option	Center_nid	Neighbor_nid	Data_plane_port
NeighborUpdate		544	8	1		New	8		9		1

Time: 36.910499 sec
Send to Nid: 10
Packet_Type		Length	Src_Nid	src_port	Option	Center_nid	Neighbor_nid	Data_plane_port
NeighborUpdate		544	8	1		Finish	 		 		 

Time: 38.839800 sec
Broadcast
Packet_Type	Length	Src_nid	Src_port
Hello		80	8	1

Time: 38.960799 sec
Send to Nid: 10
Packet_Type		Length	Src_Nid	src_port	Option	Center_nid	Neighbor_nid	Data_plane_port
NeighborUpdate		544	8	1		New	8		9		1

Time: 38.960899 sec
Send to Nid: 10
Packet_Type		Length	Src_Nid	src_port	Option	Center_nid	Neighbor_nid	Data_plane_port
NeighborUpdate		544	8	1		Finish	 		 		 

Time: 40.873900 sec
Broadcast
Packet_Type	Length	Src_nid	Src_port
Hello		80	8	1

Time: 40.960999 sec
Send to Nid: 10
Packet_Type		Length	Src_Nid	src_port	Option	Center_nid	Neighbor_nid	Data_plane_port
NeighborUpdate		544	8	1		New	8		9		1

Time: 41.585365 sec
Send to Nid: 10
Packet_Type		Length	Src_Nid	src_port	Option	Center_nid	Neighbor_nid	Data_plane_port
NeighborUpdate		544	8	1		Finish	 		 		 

Time: 41.585465 sec
Send to Nid: 10
Packet_Type	Length	Src_nid	Src_port
Hello		80	8	1

Time: 42.939000 sec
Broadcast
Packet_Type	Length	Src_nid	Src_port
Hello		80	8	1

Time: 42.970465 sec
Send to Nid: 10
Packet_Type		Length	Src_Nid	src_port	Option	Center_nid	Neighbor_nid	Data_plane_port
NeighborUpdate		544	8	1		New	8		9		1

Time: 42.970565 sec
Send to Nid: 10
Packet_Type		Length	Src_Nid	src_port	Option	Center_nid	Neighbor_nid	Data_plane_port
NeighborUpdate		544	8	1		Finish	 		 		 

Time: 44.971065 sec
Send to Nid: 10
Packet_Type		Length	Src_Nid	src_port	Option	Center_nid	Neighbor_nid	Data_plane_port
NeighborUpdate		544	8	1		New	8		9		1

Time: 44.971165 sec
Send to Nid: 10
Packet_Type		Length	Src_Nid	src_port	Option	Center_nid	Neighbor_nid	Data_plane_port
NeighborUpdate		544	8	1		Finish	 		 		 

Time: 44.991200 sec
Broadcast
Packet_Type	Length	Src_nid	Src_port
Hello		80	8	1

Time: 46.900265 sec
Send to Nid: 10
Packet_Type		Length	Src_Nid	src_port	Option	Center_nid	Neighbor_nid	Data_plane_port
NeighborUpdate		544	8	1		New	8		9		1
 		 	 	 		 	 			6		1

Time: 46.900365 sec
Send to Nid: 10
Packet_Type		Length	Src_Nid	src_port	Option	Center_nid	Neighbor_nid	Data_plane_port
NeighborUpdate		544	8	1		Finish	 		 		 

Time: 47.030665 sec
Send to Nid: 10
Packet_Type		Length	Src_Nid	src_port	Option	Center_nid	Neighbor_nid	Data_plane_port
NeighborUpdate		544	8	1		New	8		9		1
 		 	 	 		 	 			6		1

Time: 47.030765 sec
Send to Nid: 10
Packet_Type		Length	Src_Nid	src_port	Option	Center_nid	Neighbor_nid	Data_plane_port
NeighborUpdate		544	8	1		Finish	 		 		 

Time: 47.056400 sec
Broadcast
Packet_Type	Length	Src_nid	Src_port
Hello		80	8	1

Time: 48.596883 sec
Send to Nid: 10
Packet_Type	Length	Src_nid	Src_port
Hello		80	8	1

Time: 49.100183 sec
Send to Nid: 10
Packet_Type		Length	Src_Nid	src_port	Option	Center_nid	Neighbor_nid	Data_plane_port
NeighborUpdate		544	8	1		New	8		9		1
 		 	 	 		 	 			6		1

Time: 49.100283 sec
Send to Nid: 10
Packet_Type		Length	Src_Nid	src_port	Option	Center_nid	Neighbor_nid	Data_plane_port
NeighborUpdate		544	8	1		Finish	 		 		 

Time: 49.104500 sec
Broadcast
Packet_Type	Length	Src_nid	Src_port
Hello		80	8	1

Time: 51.110583 sec
Send to Nid: 10
Packet_Type		Length	Src_Nid	src_port	Option	Center_nid	Neighbor_nid	Data_plane_port
NeighborUpdate		544	8	1		New	8		9		1
 		 	 	 		 	 			6		1

Time: 51.110683 sec
Send to Nid: 10
Packet_Type		Length	Src_Nid	src_port	Option	Center_nid	Neighbor_nid	Data_plane_port
NeighborUpdate		544	8	1		Finish	 		 		 

Time: 51.149600 sec
Broadcast
Packet_Type	Length	Src_nid	Src_port
Hello		80	8	1

Time: 51.900783 sec
Send to Nid: 10
Packet_Type		Length	Src_Nid	src_port	Option	Center_nid	Neighbor_nid	Data_plane_port
NeighborUpdate		544	8	1		New	8		9		1

Time: 51.900883 sec
Send to Nid: 10
Packet_Type		Length	Src_Nid	src_port	Option	Center_nid	Neighbor_nid	Data_plane_port
NeighborUpdate		544	8	1		Finish	 		 		 

Time: 52.573114 sec
Send to Nid: 10
Packet_Type	Length	Src_nid	Src_port
Hello		80	8	1

Time: 53.150814 sec
Send to Nid: 10
Packet_Type		Length	Src_Nid	src_port	Option	Center_nid	Neighbor_nid	Data_plane_port
NeighborUpdate		544	8	1		New	8		9		1

Time: 53.150914 sec
Send to Nid: 10
Packet_Type		Length	Src_Nid	src_port	Option	Center_nid	Neighbor_nid	Data_plane_port
NeighborUpdate		544	8	1		Finish	 		 		 

Time: 53.229700 sec
Broadcast
Packet_Type	Length	Src_nid	Src_port
Hello		80	8	1

Time: 55.160214 sec
Send to Nid: 10
Packet_Type		Length	Src_Nid	src_port	Option	Center_nid	Neighbor_nid	Data_plane_port
NeighborUpdate		544	8	1		New	8		9		1

Time: 55.160314 sec
Send to Nid: 10
Packet_Type		Length	Src_Nid	src_port	Option	Center_nid	Neighbor_nid	Data_plane_port
NeighborUpdate		544	8	1		Finish	 		 		 

Time: 55.269800 sec
Broadcast
Packet_Type	Length	Src_nid	Src_port
Hello		80	8	1

Time: 56.954241 sec
Send to Nid: 10
Packet_Type	Length	Src_nid	Src_port
Hello		80	8	1

Time: 57.220541 sec
Send to Nid: 10
Packet_Type		Length	Src_Nid	src_port	Option	Center_nid	Neighbor_nid	Data_plane_port
NeighborUpdate		544	8	1		New	8		9		1

Time: 57.220641 sec
Send to Nid: 10
Packet_Type		Length	Src_Nid	src_port	Option	Center_nid	Neighbor_nid	Data_plane_port
NeighborUpdate		544	8	1		Finish	 		 		 

Time: 57.342900 sec
Broadcast
Packet_Type	Length	Src_nid	Src_port
Hello		80	8	1

Time: 59.408900 sec
Broadcast
Packet_Type	Length	Src_nid	Src_port
Hello		80	8	1

Time: 61.423900 sec
Broadcast
Packet_Type	Length	Src_nid	Src_port
Hello		80	8	1

Time: 62.220341 sec
Send to Nid: 10
Packet_Type		Length	Src_Nid	src_port	Option	Center_nid	Neighbor_nid	Data_plane_port
NeighborUpdate		544	8	1		New	8		0		0

Time: 62.220441 sec
Send to Nid: 10
Packet_Type		Length	Src_Nid	src_port	Option	Center_nid	Neighbor_nid	Data_plane_port
NeighborUpdate		544	8	1		Finish	 		 		 

Time: 63.490900 sec
Broadcast
Packet_Type	Length	Src_nid	Src_port
Hello		80	8	1

Time: 65.450541 sec
Send to Nid: 10
Packet_Type		Length	Src_Nid	src_port	Option	Center_nid	Neighbor_nid	Data_plane_port
NeighborUpdate		544	8	1		New	8		9		1

Time: 65.450641 sec
Send to Nid: 10
Packet_Type		Length	Src_Nid	src_port	Option	Center_nid	Neighbor_nid	Data_plane_port
NeighborUpdate		544	8	1		Finish	 		 		 

Time: 65.522000 sec
Broadcast
Packet_Type	Length	Src_nid	Src_port
Hello		80	8	1

Time: 67.460741 sec
Send to Nid: 10
Packet_Type		Length	Src_Nid	src_port	Option	Center_nid	Neighbor_nid	Data_plane_port
NeighborUpdate		544	8	1		New	8		9		1

Time: 67.460841 sec
Send to Nid: 10
Packet_Type		Length	Src_Nid	src_port	Option	Center_nid	Neighbor_nid	Data_plane_port
NeighborUpdate		544	8	1		Finish	 		 		 

Time: 67.541100 sec
Broadcast
Packet_Type	Length	Src_nid	Src_port
Hello		80	8	1

Time: 69.490941 sec
Send to Nid: 10
Packet_Type		Length	Src_Nid	src_port	Option	Center_nid	Neighbor_nid	Data_plane_port
NeighborUpdate		544	8	1		New	8		9		1

Time: 69.491041 sec
Send to Nid: 10
Packet_Type		Length	Src_Nid	src_port	Option	Center_nid	Neighbor_nid	Data_plane_port
NeighborUpdate		544	8	1		Finish	 		 		 

Time: 69.566200 sec
Broadcast
Packet_Type	Length	Src_nid	Src_port
Hello		80	8	1

Time: 71.520141 sec
Send to Nid: 10
Packet_Type		Length	Src_Nid	src_port	Option	Center_nid	Neighbor_nid	Data_plane_port
NeighborUpdate		544	8	1		New	8		9		1

Time: 71.520241 sec
Send to Nid: 10
Packet_Type		Length	Src_Nid	src_port	Option	Center_nid	Neighbor_nid	Data_plane_port
NeighborUpdate		544	8	1		Finish	 		 		 

Time: 71.574300 sec
Broadcast
Packet_Type	Length	Src_nid	Src_port
Hello		80	8	1

Time: 73.580341 sec
Send to Nid: 10
Packet_Type		Length	Src_Nid	src_port	Option	Center_nid	Neighbor_nid	Data_plane_port
NeighborUpdate		544	8	1		New	8		9		1

Time: 73.580441 sec
Send to Nid: 10
Packet_Type		Length	Src_Nid	src_port	Option	Center_nid	Neighbor_nid	Data_plane_port
NeighborUpdate		544	8	1		Finish	 		 		 

Time: 73.588400 sec
Broadcast
Packet_Type	Length	Src_nid	Src_port
Hello		80	8	1

Time: 75.620541 sec
Send to Nid: 10
Packet_Type		Length	Src_Nid	src_port	Option	Center_nid	Neighbor_nid	Data_plane_port
NeighborUpdate		544	8	1		New	8		9		1

Time: 75.620641 sec
Send to Nid: 10
Packet_Type		Length	Src_Nid	src_port	Option	Center_nid	Neighbor_nid	Data_plane_port
NeighborUpdate		544	8	1		Finish	 		 		 

Time: 75.631500 sec
Broadcast
Packet_Type	Length	Src_nid	Src_port
Hello		80	8	1

Time: 77.636500 sec
Broadcast
Packet_Type	Length	Src_nid	Src_port
Hello		80	8	1

Time: 77.710741 sec
Send to Nid: 10
Packet_Type		Length	Src_Nid	src_port	Option	Center_nid	Neighbor_nid	Data_plane_port
NeighborUpdate		544	8	1		New	8		9		1

Time: 79.712700 sec
Broadcast
Packet_Type	Length	Src_nid	Src_port
Hello		80	8	1

Time: 81.730700 sec
Broadcast
Packet_Type	Length	Src_nid	Src_port
Hello		80	8	1

Time: 83.793900 sec
Broadcast
Packet_Type	Length	Src_nid	Src_port
Hello		80	8	1

Time: 84.716317 sec
Send to Nid: 10
Packet_Type		Length	Src_Nid	src_port	Option	Center_nid	Neighbor_nid	Data_plane_port
NeighborUpdate		544	8	1		Finish	 		 		 

Time: 84.716417 sec
Send to Nid: 10
Packet_Type	Length	Src_nid	Src_port
Hello		80	8	1

Time: 84.716517 sec
Send to Nid: 10
Packet_Type		Length	Src_Nid	src_port	Option	Center_nid	Neighbor_nid	Data_plane_port
NeighborUpdate		544	8	1		New	8		9		1

Time: 84.716617 sec
Send to Nid: 10
Packet_Type		Length	Src_Nid	src_port	Option	Center_nid	Neighbor_nid	Data_plane_port
NeighborUpdate		544	8	1		Finish	 		 		 

Time: 84.716717 sec
Send to Nid: 10
Packet_Type		Length	Src_Nid	src_port	Option	Center_nid	Neighbor_nid	Data_plane_port
NeighborUpdate		544	8	1		New	8		9		1

Time: 84.716817 sec
Send to Nid: 10
Packet_Type		Length	Src_Nid	src_port	Option	Center_nid	Neighbor_nid	Data_plane_port
NeighborUpdate		544	8	1		Finish	 		 		 

Time: 84.716917 sec
Send to Nid: 10
Packet_Type		Length	Src_Nid	src_port	Option	Center_nid	Neighbor_nid	Data_plane_port
NeighborUpdate		544	8	1		New	8		9		1

Time: 84.717017 sec
Send to Nid: 10
Packet_Type		Length	Src_Nid	src_port	Option	Center_nid	Neighbor_nid	Data_plane_port
NeighborUpdate		544	8	1		Finish	 		 		 

Time: 84.765365 sec
Send to Nid: 10
Packet_Type	Length	Src_nid	Src_port
Hello		80	8	1

Time: 85.860865 sec
Send to Nid: 10
Packet_Type		Length	Src_Nid	src_port	Option	Center_nid	Neighbor_nid	Data_plane_port
NeighborUpdate		544	8	1		New	8		9		1

Time: 85.860965 sec
Send to Nid: 10
Packet_Type		Length	Src_Nid	src_port	Option	Center_nid	Neighbor_nid	Data_plane_port
NeighborUpdate		544	8	1		Finish	 		 		 

Time: 85.871000 sec
Broadcast
Packet_Type	Length	Src_nid	Src_port
Hello		80	8	1

Time: 87.884000 sec
Broadcast
Packet_Type	Length	Src_nid	Src_port
Hello		80	8	1

Time: 87.940665 sec
Send to Nid: 10
Packet_Type		Length	Src_Nid	src_port	Option	Center_nid	Neighbor_nid	Data_plane_port
NeighborUpdate		544	8	1		New	8		9		1

Time: 87.940765 sec
Send to Nid: 10
Packet_Type		Length	Src_Nid	src_port	Option	Center_nid	Neighbor_nid	Data_plane_port
NeighborUpdate		544	8	1		Finish	 		 		 

Time: 89.914100 sec
Broadcast
Packet_Type	Length	Src_nid	Src_port
Hello		80	8	1

Time: 89.950865 sec
Send to Nid: 10
Packet_Type		Length	Src_Nid	src_port	Option	Center_nid	Neighbor_nid	Data_plane_port
NeighborUpdate		544	8	1		New	8		9		1

Time: 89.950965 sec
Send to Nid: 10
Packet_Type		Length	Src_Nid	src_port	Option	Center_nid	Neighbor_nid	Data_plane_port
NeighborUpdate		544	8	1		Finish	 		 		 

Time: 91.939200 sec
Broadcast
Packet_Type	Length	Src_nid	Src_port
Hello		80	8	1

Time: 93.941200 sec
Broadcast
Packet_Type	Length	Src_nid	Src_port
Hello		80	8	1

Time: 94.951065 sec
Send to Nid: 10
Packet_Type		Length	Src_Nid	src_port	Option	Center_nid	Neighbor_nid	Data_plane_port
NeighborUpdate		544	8	1		New	8		0		0

Time: 94.951165 sec
Send to Nid: 10
Packet_Type		Length	Src_Nid	src_port	Option	Center_nid	Neighbor_nid	Data_plane_port
NeighborUpdate		544	8	1		Finish	 		 		 

Time: 95.972200 sec
Broadcast
Packet_Type	Length	Src_nid	Src_port
Hello		80	8	1

Time: 96.090365 sec
Send to Nid: 10
Packet_Type		Length	Src_Nid	src_port	Option	Center_nid	Neighbor_nid	Data_plane_port
NeighborUpdate		544	8	1		New	8		9		1

Time: 96.090465 sec
Send to Nid: 10
Packet_Type		Length	Src_Nid	src_port	Option	Center_nid	Neighbor_nid	Data_plane_port
NeighborUpdate		544	8	1		Finish	 		 		 

Time: 98.003300 sec
Broadcast
Packet_Type	Length	Src_nid	Src_port
Hello		80	8	1

