Time: 2.002000 sec
Broadcast
Packet_Type	Length	Src_nid	Src_port
Hello		80	7	1

Time: 2.010892 sec
Send to Nid: 10
Packet_Type		Length	Src_Nid	src_port	Option	Center_nid	Neighbor_nid	Data_plane_port
NeighborUpdate		544	7	1		New	7		1		1

Time: 2.010992 sec
Send to Nid: 10
Packet_Type		Length	Src_Nid	src_port	Option	Center_nid	Neighbor_nid	Data_plane_port
NeighborUpdate		544	7	1		Finish	 		 		 

Time: 2.021092 sec
Send to Nid: 10
Packet_Type		Length	Src_Nid	src_port	Option	Center_nid	Neighbor_nid	Data_plane_port
NeighborUpdate		544	7	1		New	7		1		1
 		 	 	 		 	 			10		1

Time: 2.021192 sec
Send to Nid: 10
Packet_Type		Length	Src_Nid	src_port	Option	Center_nid	Neighbor_nid	Data_plane_port
NeighborUpdate		544	7	1		Finish	 		 		 

Time: 2.060292 sec
Send to Nid: 10
Packet_Type		Length	Src_Nid	src_port	Option	Center_nid	Neighbor_nid	Data_plane_port
NeighborUpdate		544	7	1		New	7		1		1
 		 	 	 		 	 			10		1
 		 	 	 		 	 			2		1

Time: 2.060392 sec
Send to Nid: 10
Packet_Type		Length	Src_Nid	src_port	Option	Center_nid	Neighbor_nid	Data_plane_port
NeighborUpdate		544	7	1		Finish	 		 		 

Time: 2.332659 sec
Send to Nid: 10
Packet_Type	Length	Src_nid	Src_port
Hello		80	7	1

Time: 4.040300 sec
Broadcast
Packet_Type	Length	Src_nid	Src_port
Hello		80	7	1

Time: 4.060759 sec
Send to Nid: 10
Packet_Type		Length	Src_Nid	src_port	Option	Center_nid	Neighbor_nid	Data_plane_port
NeighborUpdate		544	7	1		New	7		1		1
 		 	 	 		 	 			10		1
 		 	 	 		 	 			2		1
 		 	 	 		 	 			4		1

Time: 4.060859 sec
Send to Nid: 10
Packet_Type		Length	Src_Nid	src_port	Option	Center_nid	Neighbor_nid	Data_plane_port
NeighborUpdate		544	7	1		Finish	 		 		 

Time: 5.380959 sec
Send to Nid: 10
Packet_Type		Length	Src_Nid	src_port	Option	Center_nid	Neighbor_nid	Data_plane_port
NeighborUpdate		544	7	1		New	7		1		1
 		 	 	 		 	 			10		1
 		 	 	 		 	 			2		1
 		 	 	 		 	 			4		1

Time: 5.381059 sec
Send to Nid: 10
Packet_Type		Length	Src_Nid	src_port	Option	Center_nid	Neighbor_nid	Data_plane_port
NeighborUpdate		544	7	1		Finish	 		 		 

Time: 6.060159 sec
Send to Nid: 10
Packet_Type		Length	Src_Nid	src_port	Option	Center_nid	Neighbor_nid	Data_plane_port
NeighborUpdate		544	7	1		New	7		1		1
 		 	 	 		 	 			10		1
 		 	 	 		 	 			2		1
 		 	 	 		 	 			4		1

Time: 6.060259 sec
Send to Nid: 10
Packet_Type		Length	Src_Nid	src_port	Option	Center_nid	Neighbor_nid	Data_plane_port
NeighborUpdate		544	7	1		Finish	 		 		 

Time: 6.070600 sec
Broadcast
Packet_Type	Length	Src_nid	Src_port
Hello		80	7	1

Time: 7.010359 sec
Send to Nid: 10
Packet_Type		Length	Src_Nid	src_port	Option	Center_nid	Neighbor_nid	Data_plane_port
NeighborUpdate		544	7	1		New	7		10		1
 		 	 	 		 	 			2		1
 		 	 	 		 	 			4		1

Time: 7.010459 sec
Send to Nid: 10
Packet_Type		Length	Src_Nid	src_port	Option	Center_nid	Neighbor_nid	Data_plane_port
NeighborUpdate		544	7	1		Finish	 		 		 

Time: 7.060559 sec
Send to Nid: 10
Packet_Type		Length	Src_Nid	src_port	Option	Center_nid	Neighbor_nid	Data_plane_port
NeighborUpdate		544	7	1		New	7		10		1
 		 	 	 		 	 			4		1

Time: 7.060659 sec
Send to Nid: 10
Packet_Type		Length	Src_Nid	src_port	Option	Center_nid	Neighbor_nid	Data_plane_port
NeighborUpdate		544	7	1		Finish	 		 		 

Time: 8.113600 sec
Broadcast
Packet_Type	Length	Src_nid	Src_port
Hello		80	7	1

Time: 10.162600 sec
Broadcast
Packet_Type	Length	Src_nid	Src_port
Hello		80	7	1

Time: 10.200759 sec
Send to Nid: 10
Packet_Type		Length	Src_Nid	src_port	Option	Center_nid	Neighbor_nid	Data_plane_port
NeighborUpdate		544	7	1		New	7		10		1
 		 	 	 		 	 			4		1
 		 	 	 		 	 			5		1

Time: 10.200859 sec
Send to Nid: 10
Packet_Type		Length	Src_Nid	src_port	Option	Center_nid	Neighbor_nid	Data_plane_port
NeighborUpdate		544	7	1		Finish	 		 		 

Time: 10.240959 sec
Send to Nid: 10
Packet_Type		Length	Src_Nid	src_port	Option	Center_nid	Neighbor_nid	Data_plane_port
NeighborUpdate		544	7	1		New	7		10		1
 		 	 	 		 	 			4		1
 		 	 	 		 	 			5		1

Time: 10.241059 sec
Send to Nid: 10
Packet_Type		Length	Src_Nid	src_port	Option	Center_nid	Neighbor_nid	Data_plane_port
NeighborUpdate		544	7	1		Finish	 		 		 

Time: 11.060159 sec
Send to Nid: 10
Packet_Type		Length	Src_Nid	src_port	Option	Center_nid	Neighbor_nid	Data_plane_port
NeighborUpdate		544	7	1		New	7		10		1
 		 	 	 		 	 			5		1

Time: 12.226000 sec
Broadcast
Packet_Type	Length	Src_nid	Src_port
Hello		80	7	1

Time: 14.074987 sec
Send to Nid: 10
Packet_Type		Length	Src_Nid	src_port	Option	Center_nid	Neighbor_nid	Data_plane_port
NeighborUpdate		544	7	1		Finish	 		 		 

Time: 14.075087 sec
Send to Nid: 10
Packet_Type	Length	Src_nid	Src_port
Hello		80	7	1

Time: 14.075187 sec
Send to Nid: 10
Packet_Type		Length	Src_Nid	src_port	Option	Center_nid	Neighbor_nid	Data_plane_port
NeighborUpdate		544	7	1		New	7		10		1
 		 	 	 		 	 			5		1
 		 	 	 		 	 			4		1

Time: 14.075287 sec
Send to Nid: 10
Packet_Type		Length	Src_Nid	src_port	Option	Center_nid	Neighbor_nid	Data_plane_port
NeighborUpdate		544	7	1		Finish	 		 		 

Time: 14.075387 sec
Send to Nid: 10
Packet_Type		Length	Src_Nid	src_port	Option	Center_nid	Neighbor_nid	Data_plane_port
NeighborUpdate		544	7	1		New	7		10		1
 		 	 	 		 	 			5		1
 		 	 	 		 	 			4		1

Time: 14.075487 sec
Send to Nid: 10
Packet_Type		Length	Src_Nid	src_port	Option	Center_nid	Neighbor_nid	Data_plane_port
NeighborUpdate		544	7	1		Finish	 		 		 

Time: 14.075587 sec
Send to Nid: 10
Packet_Type		Length	Src_Nid	src_port	Option	Center_nid	Neighbor_nid	Data_plane_port
NeighborUpdate		544	7	1		New	7		10		1
 		 	 	 		 	 			5		1
 		 	 	 		 	 			4		1

Time: 14.075687 sec
Send to Nid: 10
Packet_Type		Length	Src_Nid	src_port	Option	Center_nid	Neighbor_nid	Data_plane_port
NeighborUpdate		544	7	1		Finish	 		 		 

Time: 14.110887 sec
Send to Nid: 10
Packet_Type		Length	Src_Nid	src_port	Option	Center_nid	Neighbor_nid	Data_plane_port
NeighborUpdate		544	7	1		New	7		10		1
 		 	 	 		 	 			5		1
 		 	 	 		 	 			4		1

Time: 14.110987 sec
Send to Nid: 10
Packet_Type		Length	Src_Nid	src_port	Option	Center_nid	Neighbor_nid	Data_plane_port
NeighborUpdate		544	7	1		Finish	 		 		 

Time: 14.136413 sec
Send to Nid: 10
Packet_Type	Length	Src_nid	Src_port
Hello		80	7	1

Time: 14.263200 sec
Broadcast
Packet_Type	Length	Src_nid	Src_port
Hello		80	7	1

Time: 14.370513 sec
Send to Nid: 10
Packet_Type		Length	Src_Nid	src_port	Option	Center_nid	Neighbor_nid	Data_plane_port
NeighborUpdate		544	7	1		New	7		10		1
 		 	 	 		 	 			5		1
 		 	 	 		 	 			4		1

Time: 14.370613 sec
Send to Nid: 10
Packet_Type		Length	Src_Nid	src_port	Option	Center_nid	Neighbor_nid	Data_plane_port
NeighborUpdate		544	7	1		Finish	 		 		 

Time: 16.140713 sec
Send to Nid: 10
Packet_Type		Length	Src_Nid	src_port	Option	Center_nid	Neighbor_nid	Data_plane_port
NeighborUpdate		544	7	1		New	7		10		1
 		 	 	 		 	 			5		1
 		 	 	 		 	 			4		1

Time: 16.140813 sec
Send to Nid: 10
Packet_Type		Length	Src_Nid	src_port	Option	Center_nid	Neighbor_nid	Data_plane_port
NeighborUpdate		544	7	1		Finish	 		 		 

Time: 16.328400 sec
Broadcast
Packet_Type	Length	Src_nid	Src_port
Hello		80	7	1

Time: 16.400313 sec
Send to Nid: 10
Packet_Type		Length	Src_Nid	src_port	Option	Center_nid	Neighbor_nid	Data_plane_port
NeighborUpdate		544	7	1		New	7		10		1
 		 	 	 		 	 			5		1
 		 	 	 		 	 			4		1

Time: 16.400413 sec
Send to Nid: 10
Packet_Type		Length	Src_Nid	src_port	Option	Center_nid	Neighbor_nid	Data_plane_port
NeighborUpdate		544	7	1		Finish	 		 		 

Time: 17.230513 sec
Send to Nid: 10
Packet_Type		Length	Src_Nid	src_port	Option	Center_nid	Neighbor_nid	Data_plane_port
NeighborUpdate		544	7	1		New	7		10		1
 		 	 	 		 	 			4		1

Time: 17.230613 sec
Send to Nid: 10
Packet_Type		Length	Src_Nid	src_port	Option	Center_nid	Neighbor_nid	Data_plane_port
NeighborUpdate		544	7	1		Finish	 		 		 

Time: 18.170313 sec
Send to Nid: 10
Packet_Type		Length	Src_Nid	src_port	Option	Center_nid	Neighbor_nid	Data_plane_port
NeighborUpdate		544	7	1		New	7		10		1
 		 	 	 		 	 			4		1

Time: 18.170413 sec
Send to Nid: 10
Packet_Type		Length	Src_Nid	src_port	Option	Center_nid	Neighbor_nid	Data_plane_port
NeighborUpdate		544	7	1		Finish	 		 		 

Time: 18.338600 sec
Broadcast
Packet_Type	Length	Src_nid	Src_port
Hello		80	7	1

Time: 18.410513 sec
Send to Nid: 10
Packet_Type		Length	Src_Nid	src_port	Option	Center_nid	Neighbor_nid	Data_plane_port
NeighborUpdate		544	7	1		New	7		10		1
 		 	 	 		 	 			4		1

Time: 18.410613 sec
Send to Nid: 10
Packet_Type		Length	Src_Nid	src_port	Option	Center_nid	Neighbor_nid	Data_plane_port
NeighborUpdate		544	7	1		Finish	 		 		 

Time: 20.170313 sec
Send to Nid: 10
Packet_Type		Length	Src_Nid	src_port	Option	Center_nid	Neighbor_nid	Data_plane_port
NeighborUpdate		544	7	1		New	7		10		1
 		 	 	 		 	 			4		1

Time: 20.170413 sec
Send to Nid: 10
Packet_Type		Length	Src_Nid	src_port	Option	Center_nid	Neighbor_nid	Data_plane_port
NeighborUpdate		544	7	1		Finish	 		 		 

Time: 20.370800 sec
Broadcast
Packet_Type	Length	Src_nid	Src_port
Hello		80	7	1

Time: 20.480513 sec
Send to Nid: 10
Packet_Type		Length	Src_Nid	src_port	Option	Center_nid	Neighbor_nid	Data_plane_port
NeighborUpdate		544	7	1		New	7		10		1
 		 	 	 		 	 			4		1

Time: 20.480613 sec
Send to Nid: 10
Packet_Type		Length	Src_Nid	src_port	Option	Center_nid	Neighbor_nid	Data_plane_port
NeighborUpdate		544	7	1		Finish	 		 		 

Time: 22.200913 sec
Send to Nid: 10
Packet_Type		Length	Src_Nid	src_port	Option	Center_nid	Neighbor_nid	Data_plane_port
NeighborUpdate		544	7	1		New	7		10		1
 		 	 	 		 	 			4		1

Time: 22.201013 sec
Send to Nid: 10
Packet_Type		Length	Src_Nid	src_port	Option	Center_nid	Neighbor_nid	Data_plane_port
NeighborUpdate		544	7	1		Finish	 		 		 

Time: 22.408000 sec
Broadcast
Packet_Type	Length	Src_nid	Src_port
Hello		80	7	1

Time: 22.580113 sec
Send to Nid: 10
Packet_Type		Length	Src_Nid	src_port	Option	Center_nid	Neighbor_nid	Data_plane_port
NeighborUpdate		544	7	1		New	7		10		1
 		 	 	 		 	 			4		1

Time: 22.580213 sec
Send to Nid: 10
Packet_Type		Length	Src_Nid	src_port	Option	Center_nid	Neighbor_nid	Data_plane_port
NeighborUpdate		544	7	1		Finish	 		 		 

Time: 24.220313 sec
Send to Nid: 10
Packet_Type		Length	Src_Nid	src_port	Option	Center_nid	Neighbor_nid	Data_plane_port
NeighborUpdate		544	7	1		New	7		10		1
 		 	 	 		 	 			4		1

Time: 24.220413 sec
Send to Nid: 10
Packet_Type		Length	Src_Nid	src_port	Option	Center_nid	Neighbor_nid	Data_plane_port
NeighborUpdate		544	7	1		Finish	 		 		 

Time: 24.447200 sec
Broadcast
Packet_Type	Length	Src_nid	Src_port
Hello		80	7	1

Time: 24.630513 sec
Send to Nid: 10
Packet_Type		Length	Src_Nid	src_port	Option	Center_nid	Neighbor_nid	Data_plane_port
NeighborUpdate		544	7	1		New	7		10		1
 		 	 	 		 	 			4		1

Time: 24.630613 sec
Send to Nid: 10
Packet_Type		Length	Src_Nid	src_port	Option	Center_nid	Neighbor_nid	Data_plane_port
NeighborUpdate		544	7	1		Finish	 		 		 

Time: 26.250113 sec
Send to Nid: 10
Packet_Type		Length	Src_Nid	src_port	Option	Center_nid	Neighbor_nid	Data_plane_port
NeighborUpdate		544	7	1		New	7		10		1
 		 	 	 		 	 			4		1

Time: 26.250213 sec
Send to Nid: 10
Packet_Type		Length	Src_Nid	src_port	Option	Center_nid	Neighbor_nid	Data_plane_port
NeighborUpdate		544	7	1		Finish	 		 		 

Time: 26.469400 sec
Broadcast
Packet_Type	Length	Src_nid	Src_port
Hello		80	7	1

Time: 26.650313 sec
Send to Nid: 10
Packet_Type		Length	Src_Nid	src_port	Option	Center_nid	Neighbor_nid	Data_plane_port
NeighborUpdate		544	7	1		New	7		10		1
 		 	 	 		 	 			4		1

Time: 26.650413 sec
Send to Nid: 10
Packet_Type		Length	Src_Nid	src_port	Option	Center_nid	Neighbor_nid	Data_plane_port
NeighborUpdate		544	7	1		Finish	 		 		 

Time: 28.270513 sec
Send to Nid: 10
Packet_Type		Length	Src_Nid	src_port	Option	Center_nid	Neighbor_nid	Data_plane_port
NeighborUpdate		544	7	1		New	7		10		1
 		 	 	 		 	 			4		1

Time: 28.270613 sec
Send to Nid: 10
Packet_Type		Length	Src_Nid	src_port	Option	Center_nid	Neighbor_nid	Data_plane_port
NeighborUpdate		544	7	1		Finish	 		 		 

Time: 28.480600 sec
Broadcast
Packet_Type	Length	Src_nid	Src_port
Hello		80	7	1

Time: 28.660713 sec
Send to Nid: 10
Packet_Type		Length	Src_Nid	src_port	Option	Center_nid	Neighbor_nid	Data_plane_port
NeighborUpdate		544	7	1		New	7		10		1
 		 	 	 		 	 			4		1

Time: 28.660813 sec
Send to Nid: 10
Packet_Type		Length	Src_Nid	src_port	Option	Center_nid	Neighbor_nid	Data_plane_port
NeighborUpdate		544	7	1		Finish	 		 		 

Time: 30.270113 sec
Send to Nid: 10
Packet_Type		Length	Src_Nid	src_port	Option	Center_nid	Neighbor_nid	Data_plane_port
NeighborUpdate		544	7	1		New	7		10		1
 		 	 	 		 	 			4		1

Time: 30.270213 sec
Send to Nid: 10
Packet_Type		Length	Src_Nid	src_port	Option	Center_nid	Neighbor_nid	Data_plane_port
NeighborUpdate		544	7	1		Finish	 		 		 

Time: 30.482800 sec
Broadcast
Packet_Type	Length	Src_nid	Src_port
Hello		80	7	1

Time: 30.760513 sec
Send to Nid: 10
Packet_Type		Length	Src_Nid	src_port	Option	Center_nid	Neighbor_nid	Data_plane_port
NeighborUpdate		544	7	1		New	7		10		1
 		 	 	 		 	 			4		1

Time: 30.760613 sec
Send to Nid: 10
Packet_Type		Length	Src_Nid	src_port	Option	Center_nid	Neighbor_nid	Data_plane_port
NeighborUpdate		544	7	1		Finish	 		 		 

Time: 32.532900 sec
Broadcast
Packet_Type	Length	Src_nid	Src_port
Hello		80	7	1

Time: 32.830713 sec
Send to Nid: 10
Packet_Type		Length	Src_Nid	src_port	Option	Center_nid	Neighbor_nid	Data_plane_port
NeighborUpdate		544	7	1		New	7		10		1
 		 	 	 		 	 			4		1

Time: 32.830813 sec
Send to Nid: 10
Packet_Type		Length	Src_Nid	src_port	Option	Center_nid	Neighbor_nid	Data_plane_port
NeighborUpdate		544	7	1		Finish	 		 		 

Time: 34.588000 sec
Broadcast
Packet_Type	Length	Src_nid	Src_port
Hello		80	7	1

Time: 35.270113 sec
Send to Nid: 10
Packet_Type		Length	Src_Nid	src_port	Option	Center_nid	Neighbor_nid	Data_plane_port
NeighborUpdate		544	7	1		New	7		10		1

Time: 35.270213 sec
Send to Nid: 10
Packet_Type		Length	Src_Nid	src_port	Option	Center_nid	Neighbor_nid	Data_plane_port
NeighborUpdate		544	7	1		Finish	 		 		 

Time: 36.644000 sec
Broadcast
Packet_Type	Length	Src_nid	Src_port
Hello		80	7	1

Time: 37.830313 sec
Send to Nid: 10
Packet_Type		Length	Src_Nid	src_port	Option	Center_nid	Neighbor_nid	Data_plane_port
NeighborUpdate		544	7	1		New	7		0		0

Time: 37.830413 sec
Send to Nid: 10
Packet_Type		Length	Src_Nid	src_port	Option	Center_nid	Neighbor_nid	Data_plane_port
NeighborUpdate		544	7	1		Finish	 		 		 

Time: 38.130513 sec
Send to Nid: 10
Packet_Type		Length	Src_Nid	src_port	Option	Center_nid	Neighbor_nid	Data_plane_port
NeighborUpdate		544	7	1		New	7		1		1

Time: 38.130613 sec
Send to Nid: 10
Packet_Type		Length	Src_Nid	src_port	Option	Center_nid	Neighbor_nid	Data_plane_port
NeighborUpdate		544	7	1		Finish	 		 		 

Time: 38.370713 sec
Send to Nid: 10
Packet_Type		Length	Src_Nid	src_port	Option	Center_nid	Neighbor_nid	Data_plane_port
NeighborUpdate		544	7	1		New	7		1		1
 		 	 	 		 	 			4		1

Time: 38.370813 sec
Send to Nid: 10
Packet_Type		Length	Src_Nid	src_port	Option	Center_nid	Neighbor_nid	Data_plane_port
NeighborUpdate		544	7	1		Finish	 		 		 

Time: 38.708200 sec
Broadcast
Packet_Type	Length	Src_nid	Src_port
Hello		80	7	1

Time: 38.960913 sec
Send to Nid: 10
Packet_Type		Length	Src_Nid	src_port	Option	Center_nid	Neighbor_nid	Data_plane_port
NeighborUpdate		544	7	1		New	7		1		1
 		 	 	 		 	 			4		1
 		 	 	 		 	 			10		1

Time: 38.961013 sec
Send to Nid: 10
Packet_Type		Length	Src_Nid	src_port	Option	Center_nid	Neighbor_nid	Data_plane_port
NeighborUpdate		544	7	1		Finish	 		 		 

Time: 40.140113 sec
Send to Nid: 10
Packet_Type		Length	Src_Nid	src_port	Option	Center_nid	Neighbor_nid	Data_plane_port
NeighborUpdate		544	7	1		New	7		1		1
 		 	 	 		 	 			4		1
 		 	 	 		 	 			10		1

Time: 40.140213 sec
Send to Nid: 10
Packet_Type		Length	Src_Nid	src_port	Option	Center_nid	Neighbor_nid	Data_plane_port
NeighborUpdate		544	7	1		Finish	 		 		 

Time: 40.390313 sec
Send to Nid: 10
Packet_Type		Length	Src_Nid	src_port	Option	Center_nid	Neighbor_nid	Data_plane_port
NeighborUpdate		544	7	1		New	7		1		1
 		 	 	 		 	 			4		1
 		 	 	 		 	 			10		1

Time: 40.390413 sec
Send to Nid: 10
Packet_Type		Length	Src_Nid	src_port	Option	Center_nid	Neighbor_nid	Data_plane_port
NeighborUpdate		544	7	1		Finish	 		 		 

Time: 40.731500 sec
Broadcast
Packet_Type	Length	Src_nid	Src_port
Hello		80	7	1

Time: 41.580513 sec
Send to Nid: 10
Packet_Type		Length	Src_Nid	src_port	Option	Center_nid	Neighbor_nid	Data_plane_port
NeighborUpdate		544	7	1		New	7		1		1
 		 	 	 		 	 			4		1
 		 	 	 		 	 			10		1

Time: 42.075525 sec
Send to Nid: 10
Packet_Type		Length	Src_Nid	src_port	Option	Center_nid	Neighbor_nid	Data_plane_port
NeighborUpdate		544	7	1		Finish	 		 		 

Time: 42.075625 sec
Send to Nid: 10
Packet_Type	Length	Src_nid	Src_port
Hello		80	7	1

Time: 42.420325 sec
Send to Nid: 10
Packet_Type		Length	Src_Nid	src_port	Option	Center_nid	Neighbor_nid	Data_plane_port
NeighborUpdate		544	7	1		New	7		1		1
 		 	 	 		 	 			4		1
 		 	 	 		 	 			10		1

Time: 42.420425 sec
Send to Nid: 10
Packet_Type		Length	Src_Nid	src_port	Option	Center_nid	Neighbor_nid	Data_plane_port
NeighborUpdate		544	7	1		Finish	 		 		 

Time: 42.757700 sec
Broadcast
Packet_Type	Length	Src_nid	Src_port
Hello		80	7	1

Time: 43.020925 sec
Send to Nid: 10
Packet_Type		Length	Src_Nid	src_port	Option	Center_nid	Neighbor_nid	Data_plane_port
NeighborUpdate		544	7	1		New	7		1		1
 		 	 	 		 	 			4		1
 		 	 	 		 	 			10		1

Time: 43.021025 sec
Send to Nid: 10
Packet_Type		Length	Src_Nid	src_port	Option	Center_nid	Neighbor_nid	Data_plane_port
NeighborUpdate		544	7	1		Finish	 		 		 

Time: 44.150125 sec
Send to Nid: 10
Packet_Type		Length	Src_Nid	src_port	Option	Center_nid	Neighbor_nid	Data_plane_port
NeighborUpdate		544	7	1		New	7		1		1
 		 	 	 		 	 			4		1
 		 	 	 		 	 			10		1

Time: 44.150225 sec
Send to Nid: 10
Packet_Type		Length	Src_Nid	src_port	Option	Center_nid	Neighbor_nid	Data_plane_port
NeighborUpdate		544	7	1		Finish	 		 		 

Time: 44.450325 sec
Send to Nid: 10
Packet_Type		Length	Src_Nid	src_port	Option	Center_nid	Neighbor_nid	Data_plane_port
NeighborUpdate		544	7	1		New	7		1		1
 		 	 	 		 	 			4		1
 		 	 	 		 	 			10		1

Time: 44.450425 sec
Send to Nid: 10
Packet_Type		Length	Src_Nid	src_port	Option	Center_nid	Neighbor_nid	Data_plane_port
NeighborUpdate		544	7	1		Finish	 		 		 

Time: 44.788000 sec
Broadcast
Packet_Type	Length	Src_nid	Src_port
Hello		80	7	1

Time: 45.100725 sec
Send to Nid: 10
Packet_Type		Length	Src_Nid	src_port	Option	Center_nid	Neighbor_nid	Data_plane_port
NeighborUpdate		544	7	1		New	7		1		1
 		 	 	 		 	 			4		1
 		 	 	 		 	 			10		1

Time: 45.100825 sec
Send to Nid: 10
Packet_Type		Length	Src_Nid	src_port	Option	Center_nid	Neighbor_nid	Data_plane_port
NeighborUpdate		544	7	1		Finish	 		 		 

Time: 46.796100 sec
Broadcast
Packet_Type	Length	Src_nid	Src_port
Hello		80	7	1

Time: 48.853100 sec
Broadcast
Packet_Type	Length	Src_nid	Src_port
Hello		80	7	1

Time: 49.150125 sec
Send to Nid: 10
Packet_Type		Length	Src_Nid	src_port	Option	Center_nid	Neighbor_nid	Data_plane_port
NeighborUpdate		544	7	1		New	7		4		1
 		 	 	 		 	 			10		1

Time: 49.150225 sec
Send to Nid: 10
Packet_Type		Length	Src_Nid	src_port	Option	Center_nid	Neighbor_nid	Data_plane_port
NeighborUpdate		544	7	1		Finish	 		 		 

Time: 49.200325 sec
Send to Nid: 10
Packet_Type		Length	Src_Nid	src_port	Option	Center_nid	Neighbor_nid	Data_plane_port
NeighborUpdate		544	7	1		New	7		4		1
 		 	 	 		 	 			10		1

Time: 49.200425 sec
Send to Nid: 10
Packet_Type		Length	Src_Nid	src_port	Option	Center_nid	Neighbor_nid	Data_plane_port
NeighborUpdate		544	7	1		Finish	 		 		 

Time: 49.450525 sec
Send to Nid: 10
Packet_Type		Length	Src_Nid	src_port	Option	Center_nid	Neighbor_nid	Data_plane_port
NeighborUpdate		544	7	1		New	7		10		1

Time: 49.450625 sec
Send to Nid: 10
Packet_Type		Length	Src_Nid	src_port	Option	Center_nid	Neighbor_nid	Data_plane_port
NeighborUpdate		544	7	1		Finish	 		 		 

Time: 50.530325 sec
Send to Nid: 10
Packet_Type		Length	Src_Nid	src_port	Option	Center_nid	Neighbor_nid	Data_plane_port
NeighborUpdate		544	7	1		New	7		10		1
 		 	 	 		 	 			4		1

Time: 50.530425 sec
Send to Nid: 10
Packet_Type		Length	Src_Nid	src_port	Option	Center_nid	Neighbor_nid	Data_plane_port
NeighborUpdate		544	7	1		Finish	 		 		 

Time: 50.873300 sec
Broadcast
Packet_Type	Length	Src_nid	Src_port
Hello		80	7	1

Time: 51.290125 sec
Send to Nid: 10
Packet_Type		Length	Src_Nid	src_port	Option	Center_nid	Neighbor_nid	Data_plane_port
NeighborUpdate		544	7	1		New	7		10		1
 		 	 	 		 	 			4		1

Time: 51.290225 sec
Send to Nid: 10
Packet_Type		Length	Src_Nid	src_port	Option	Center_nid	Neighbor_nid	Data_plane_port
NeighborUpdate		544	7	1		Finish	 		 		 

Time: 52.548863 sec
Send to Nid: 10
Packet_Type	Length	Src_nid	Src_port
Hello		80	7	1

Time: 52.549963 sec
Send to Nid: 10
Packet_Type		Length	Src_Nid	src_port	Option	Center_nid	Neighbor_nid	Data_plane_port
NeighborUpdate		544	7	1		New	7		10		1
 		 	 	 		 	 			4		1

Time: 52.550063 sec
Send to Nid: 10
Packet_Type		Length	Src_Nid	src_port	Option	Center_nid	Neighbor_nid	Data_plane_port
NeighborUpdate		544	7	1		Finish	 		 		 

Time: 52.939500 sec
Broadcast
Packet_Type	Length	Src_nid	Src_port
Hello		80	7	1

Time: 55.003500 sec
Broadcast
Packet_Type	Length	Src_nid	Src_port
Hello		80	7	1

Time: 55.510763 sec
Send to Nid: 10
Packet_Type		Length	Src_Nid	src_port	Option	Center_nid	Neighbor_nid	Data_plane_port
NeighborUpdate		544	7	1		New	7		10		1
 		 	 	 		 	 			4		1

Time: 55.510863 sec
Send to Nid: 10
Packet_Type		Length	Src_Nid	src_port	Option	Center_nid	Neighbor_nid	Data_plane_port
NeighborUpdate		544	7	1		Finish	 		 		 

Time: 57.028600 sec
Broadcast
Packet_Type	Length	Src_nid	Src_port
Hello		80	7	1

Time: 57.530563 sec
Send to Nid: 10
Packet_Type		Length	Src_Nid	src_port	Option	Center_nid	Neighbor_nid	Data_plane_port
NeighborUpdate		544	7	1		New	7		10		1

Time: 57.530663 sec
Send to Nid: 10
Packet_Type		Length	Src_Nid	src_port	Option	Center_nid	Neighbor_nid	Data_plane_port
NeighborUpdate		544	7	1		Finish	 		 		 

Time: 59.044600 sec
Broadcast
Packet_Type	Length	Src_nid	Src_port
Hello		80	7	1

Time: 59.750163 sec
Send to Nid: 10
Packet_Type		Length	Src_Nid	src_port	Option	Center_nid	Neighbor_nid	Data_plane_port
NeighborUpdate		544	7	1		New	7		10		1

Time: 59.750263 sec
Send to Nid: 10
Packet_Type		Length	Src_Nid	src_port	Option	Center_nid	Neighbor_nid	Data_plane_port
NeighborUpdate		544	7	1		Finish	 		 		 

Time: 61.104700 sec
Broadcast
Packet_Type	Length	Src_nid	Src_port
Hello		80	7	1

Time: 62.240563 sec
Send to Nid: 10
Packet_Type		Length	Src_Nid	src_port	Option	Center_nid	Neighbor_nid	Data_plane_port
NeighborUpdate		544	7	1		New	7		10		1

Time: 62.240663 sec
Send to Nid: 10
Packet_Type		Length	Src_Nid	src_port	Option	Center_nid	Neighbor_nid	Data_plane_port
NeighborUpdate		544	7	1		Finish	 		 		 

Time: 63.108800 sec
Broadcast
Packet_Type	Length	Src_nid	Src_port
Hello		80	7	1

Time: 63.600163 sec
Send to Nid: 10
Packet_Type		Length	Src_Nid	src_port	Option	Center_nid	Neighbor_nid	Data_plane_port
NeighborUpdate		544	7	1		New	7		10		1

Time: 63.600263 sec
Send to Nid: 10
Packet_Type		Length	Src_Nid	src_port	Option	Center_nid	Neighbor_nid	Data_plane_port
NeighborUpdate		544	7	1		Finish	 		 		 

Time: 65.158900 sec
Broadcast
Packet_Type	Length	Src_nid	Src_port
Hello		80	7	1

Time: 67.176900 sec
Broadcast
Packet_Type	Length	Src_nid	Src_port
Hello		80	7	1

Time: 68.600963 sec
Send to Nid: 10
Packet_Type		Length	Src_Nid	src_port	Option	Center_nid	Neighbor_nid	Data_plane_port
NeighborUpdate		544	7	1		New	7		0		0

Time: 68.601063 sec
Send to Nid: 10
Packet_Type		Length	Src_Nid	src_port	Option	Center_nid	Neighbor_nid	Data_plane_port
NeighborUpdate		544	7	1		Finish	 		 		 

Time: 68.820163 sec
Send to Nid: 10
Packet_Type		Length	Src_Nid	src_port	Option	Center_nid	Neighbor_nid	Data_plane_port
NeighborUpdate		544	7	1		New	7		10		1

Time: 68.820263 sec
Send to Nid: 10
Packet_Type		Length	Src_Nid	src_port	Option	Center_nid	Neighbor_nid	Data_plane_port
NeighborUpdate		544	7	1		Finish	 		 		 

Time: 69.221000 sec
Broadcast
Packet_Type	Length	Src_nid	Src_port
Hello		80	7	1

Time: 71.252100 sec
Broadcast
Packet_Type	Length	Src_nid	Src_port
Hello		80	7	1

Time: 72.547192 sec
Send to Nid: 10
Packet_Type	Length	Src_nid	Src_port
Hello		80	7	1

Time: 72.548292 sec
Send to Nid: 10
Packet_Type		Length	Src_Nid	src_port	Option	Center_nid	Neighbor_nid	Data_plane_port
NeighborUpdate		544	7	1		New	7		10		1
 		 	 	 		 	 			6		1

Time: 72.548392 sec
Send to Nid: 10
Packet_Type		Length	Src_Nid	src_port	Option	Center_nid	Neighbor_nid	Data_plane_port
NeighborUpdate		544	7	1		Finish	 		 		 

Time: 72.548492 sec
Send to Nid: 10
Packet_Type		Length	Src_Nid	src_port	Option	Center_nid	Neighbor_nid	Data_plane_port
NeighborUpdate		544	7	1		New	7		10		1
 		 	 	 		 	 			6		1

Time: 72.548592 sec
Send to Nid: 10
Packet_Type		Length	Src_Nid	src_port	Option	Center_nid	Neighbor_nid	Data_plane_port
NeighborUpdate		544	7	1		Finish	 		 		 

Time: 73.255200 sec
Broadcast
Packet_Type	Length	Src_nid	Src_port
Hello		80	7	1

Time: 75.296200 sec
Broadcast
Packet_Type	Length	Src_nid	Src_port
Hello		80	7	1

Time: 75.687484 sec
Send to Nid: 10
Packet_Type	Length	Src_nid	Src_port
Hello		80	7	1

Time: 75.950784 sec
Send to Nid: 10
Packet_Type		Length	Src_Nid	src_port	Option	Center_nid	Neighbor_nid	Data_plane_port
NeighborUpdate		544	7	1		New	7		10		1
 		 	 	 		 	 			6		1

Time: 75.950884 sec
Send to Nid: 10
Packet_Type		Length	Src_Nid	src_port	Option	Center_nid	Neighbor_nid	Data_plane_port
NeighborUpdate		544	7	1		Finish	 		 		 

Time: 76.190984 sec
Send to Nid: 10
Packet_Type		Length	Src_Nid	src_port	Option	Center_nid	Neighbor_nid	Data_plane_port
NeighborUpdate		544	7	1		New	7		10		1

Time: 76.191084 sec
Send to Nid: 10
Packet_Type		Length	Src_Nid	src_port	Option	Center_nid	Neighbor_nid	Data_plane_port
NeighborUpdate		544	7	1		Finish	 		 		 

Time: 77.344300 sec
Broadcast
Packet_Type	Length	Src_nid	Src_port
Hello		80	7	1

Time: 79.370300 sec
Broadcast
Packet_Type	Length	Src_nid	Src_port
Hello		80	7	1

Time: 80.940584 sec
Send to Nid: 10
Packet_Type		Length	Src_Nid	src_port	Option	Center_nid	Neighbor_nid	Data_plane_port
NeighborUpdate		544	7	1		New	7		0		0

Time: 80.940684 sec
Send to Nid: 10
Packet_Type		Length	Src_Nid	src_port	Option	Center_nid	Neighbor_nid	Data_plane_port
NeighborUpdate		544	7	1		Finish	 		 		 

Time: 81.428300 sec
Broadcast
Packet_Type	Length	Src_nid	Src_port
Hello		80	7	1

Time: 83.441300 sec
Broadcast
Packet_Type	Length	Src_nid	Src_port
Hello		80	7	1

Time: 85.442300 sec
Broadcast
Packet_Type	Length	Src_nid	Src_port
Hello		80	7	1

Time: 86.200184 sec
Send to Nid: 10
Packet_Type		Length	Src_Nid	src_port	Option	Center_nid	Neighbor_nid	Data_plane_port
NeighborUpdate		544	7	1		New	7		10		1

Time: 86.200284 sec
Send to Nid: 10
Packet_Type		Length	Src_Nid	src_port	Option	Center_nid	Neighbor_nid	Data_plane_port
NeighborUpdate		544	7	1		Finish	 		 		 

Time: 87.456400 sec
Broadcast
Packet_Type	Length	Src_nid	Src_port
Hello		80	7	1

Time: 89.526400 sec
Broadcast
Packet_Type	Length	Src_nid	Src_port
Hello		80	7	1

Time: 91.200584 sec
Send to Nid: 10
Packet_Type		Length	Src_Nid	src_port	Option	Center_nid	Neighbor_nid	Data_plane_port
NeighborUpdate		544	7	1		New	7		0		0

Time: 91.200684 sec
Send to Nid: 10
Packet_Type		Length	Src_Nid	src_port	Option	Center_nid	Neighbor_nid	Data_plane_port
NeighborUpdate		544	7	1		Finish	 		 		 

Time: 91.540400 sec
Broadcast
Packet_Type	Length	Src_nid	Src_port
Hello		80	7	1

Time: 93.100784 sec
Send to Nid: 10
Packet_Type		Length	Src_Nid	src_port	Option	Center_nid	Neighbor_nid	Data_plane_port
NeighborUpdate		544	7	1		New	7		10		1

Time: 93.100884 sec
Send to Nid: 10
Packet_Type		Length	Src_Nid	src_port	Option	Center_nid	Neighbor_nid	Data_plane_port
NeighborUpdate		544	7	1		Finish	 		 		 

Time: 93.604500 sec
Broadcast
Packet_Type	Length	Src_nid	Src_port
Hello		80	7	1

Time: 95.140184 sec
Send to Nid: 10
Packet_Type		Length	Src_Nid	src_port	Option	Center_nid	Neighbor_nid	Data_plane_port
NeighborUpdate		544	7	1		New	7		10		1

Time: 95.140284 sec
Send to Nid: 10
Packet_Type		Length	Src_Nid	src_port	Option	Center_nid	Neighbor_nid	Data_plane_port
NeighborUpdate		544	7	1		Finish	 		 		 

Time: 95.627600 sec
Broadcast
Packet_Type	Length	Src_nid	Src_port
Hello		80	7	1

Time: 97.686600 sec
Broadcast
Packet_Type	Length	Src_nid	Src_port
Hello		80	7	1

Time: 98.500384 sec
Send to Nid: 10
Packet_Type		Length	Src_Nid	src_port	Option	Center_nid	Neighbor_nid	Data_plane_port
NeighborUpdate		544	7	1		New	7		10		1

Time: 98.500484 sec
Send to Nid: 10
Packet_Type		Length	Src_Nid	src_port	Option	Center_nid	Neighbor_nid	Data_plane_port
NeighborUpdate		544	7	1		Finish	 		 		 

Time: 99.719700 sec
Broadcast
Packet_Type	Length	Src_nid	Src_port
Hello		80	7	1

