Time: 2.014000 sec
Broadcast
Packet_Type	Length	Src_nid	Src_port
Hello		80	6	1

Time: 2.031010 sec
Send to Nid: 10
Packet_Type		Length	Src_Nid	src_port	Option	Center_nid	Neighbor_nid	Data_plane_port
NeighborUpdate		544	6	1		New	6		9		1

Time: 2.031110 sec
Send to Nid: 10
Packet_Type		Length	Src_Nid	src_port	Option	Center_nid	Neighbor_nid	Data_plane_port
NeighborUpdate		544	6	1		Finish	 		 		 

Time: 2.100210 sec
Send to Nid: 10
Packet_Type		Length	Src_Nid	src_port	Option	Center_nid	Neighbor_nid	Data_plane_port
NeighborUpdate		544	6	1		New	6		9		1
 		 	 	 		 	 			3		1

Time: 2.100310 sec
Send to Nid: 10
Packet_Type		Length	Src_Nid	src_port	Option	Center_nid	Neighbor_nid	Data_plane_port
NeighborUpdate		544	6	1		Finish	 		 		 

Time: 4.050810 sec
Send to Nid: 10
Packet_Type		Length	Src_Nid	src_port	Option	Center_nid	Neighbor_nid	Data_plane_port
NeighborUpdate		544	6	1		New	6		9		1
 		 	 	 		 	 			3		1

Time: 4.050910 sec
Send to Nid: 10
Packet_Type		Length	Src_Nid	src_port	Option	Center_nid	Neighbor_nid	Data_plane_port
NeighborUpdate		544	6	1		Finish	 		 		 

Time: 4.051010 sec
Send to Nid: 10
Packet_Type		Length	Src_Nid	src_port	Option	Center_nid	Neighbor_nid	Data_plane_port
NeighborUpdate		544	6	1		New	6		9		1
 		 	 	 		 	 			3		1

Time: 4.051110 sec
Send to Nid: 10
Packet_Type		Length	Src_Nid	src_port	Option	Center_nid	Neighbor_nid	Data_plane_port
NeighborUpdate		544	6	1		Finish	 		 		 

Time: 4.071400 sec
Broadcast
Packet_Type	Length	Src_nid	Src_port
Hello		80	6	1

Time: 4.080210 sec
Send to Nid: 10
Packet_Type		Length	Src_Nid	src_port	Option	Center_nid	Neighbor_nid	Data_plane_port
NeighborUpdate		544	6	1		New	6		9		1
 		 	 	 		 	 			3		1
 		 	 	 		 	 			5		1

Time: 4.080310 sec
Send to Nid: 10
Packet_Type		Length	Src_Nid	src_port	Option	Center_nid	Neighbor_nid	Data_plane_port
NeighborUpdate		544	6	1		Finish	 		 		 

Time: 4.120410 sec
Send to Nid: 10
Packet_Type		Length	Src_Nid	src_port	Option	Center_nid	Neighbor_nid	Data_plane_port
NeighborUpdate		544	6	1		New	6		9		1
 		 	 	 		 	 			3		1
 		 	 	 		 	 			5		1
 		 	 	 		 	 			8		1

Time: 4.120510 sec
Send to Nid: 10
Packet_Type		Length	Src_Nid	src_port	Option	Center_nid	Neighbor_nid	Data_plane_port
NeighborUpdate		544	6	1		Finish	 		 		 

Time: 6.090610 sec
Send to Nid: 10
Packet_Type		Length	Src_Nid	src_port	Option	Center_nid	Neighbor_nid	Data_plane_port
NeighborUpdate		544	6	1		New	6		9		1
 		 	 	 		 	 			3		1
 		 	 	 		 	 			5		1
 		 	 	 		 	 			8		1

Time: 6.090710 sec
Send to Nid: 10
Packet_Type		Length	Src_Nid	src_port	Option	Center_nid	Neighbor_nid	Data_plane_port
NeighborUpdate		544	6	1		Finish	 		 		 

Time: 6.107700 sec
Broadcast
Packet_Type	Length	Src_nid	Src_port
Hello		80	6	1

Time: 6.130810 sec
Send to Nid: 10
Packet_Type		Length	Src_Nid	src_port	Option	Center_nid	Neighbor_nid	Data_plane_port
NeighborUpdate		544	6	1		New	6		9		1
 		 	 	 		 	 			3		1
 		 	 	 		 	 			5		1
 		 	 	 		 	 			8		1

Time: 6.130910 sec
Send to Nid: 10
Packet_Type		Length	Src_Nid	src_port	Option	Center_nid	Neighbor_nid	Data_plane_port
NeighborUpdate		544	6	1		Finish	 		 		 

Time: 6.191010 sec
Send to Nid: 10
Packet_Type		Length	Src_Nid	src_port	Option	Center_nid	Neighbor_nid	Data_plane_port
NeighborUpdate		544	6	1		New	6		9		1
 		 	 	 		 	 			3		1
 		 	 	 		 	 			5		1
 		 	 	 		 	 			8		1

Time: 8.134900 sec
Broadcast
Packet_Type	Length	Src_nid	Src_port
Hello		80	6	1

Time: 10.158100 sec
Broadcast
Packet_Type	Length	Src_nid	Src_port
Hello		80	6	1

Time: 12.206300 sec
Broadcast
Packet_Type	Length	Src_nid	Src_port
Hello		80	6	1

Time: 14.208500 sec
Broadcast
Packet_Type	Length	Src_nid	Src_port
Hello		80	6	1

Time: 16.227600 sec
Broadcast
Packet_Type	Length	Src_nid	Src_port
Hello		80	6	1

Time: 18.244700 sec
Broadcast
Packet_Type	Length	Src_nid	Src_port
Hello		80	6	1

Time: 20.273800 sec
Broadcast
Packet_Type	Length	Src_nid	Src_port
Hello		80	6	1

Time: 22.280900 sec
Broadcast
Packet_Type	Length	Src_nid	Src_port
Hello		80	6	1

Time: 24.311000 sec
Broadcast
Packet_Type	Length	Src_nid	Src_port
Hello		80	6	1

Time: 26.333100 sec
Broadcast
Packet_Type	Length	Src_nid	Src_port
Hello		80	6	1

Time: 28.355200 sec
Broadcast
Packet_Type	Length	Src_nid	Src_port
Hello		80	6	1

Time: 30.373300 sec
Broadcast
Packet_Type	Length	Src_nid	Src_port
Hello		80	6	1

Time: 32.427500 sec
Broadcast
Packet_Type	Length	Src_nid	Src_port
Hello		80	6	1

Time: 34.466700 sec
Broadcast
Packet_Type	Length	Src_nid	Src_port
Hello		80	6	1

Time: 36.475900 sec
Broadcast
Packet_Type	Length	Src_nid	Src_port
Hello		80	6	1

Time: 38.532100 sec
Broadcast
Packet_Type	Length	Src_nid	Src_port
Hello		80	6	1

Time: 40.573400 sec
Broadcast
Packet_Type	Length	Src_nid	Src_port
Hello		80	6	1

Time: 42.631600 sec
Broadcast
Packet_Type	Length	Src_nid	Src_port
Hello		80	6	1

Time: 44.682800 sec
Broadcast
Packet_Type	Length	Src_nid	Src_port
Hello		80	6	1

Time: 46.732000 sec
Broadcast
Packet_Type	Length	Src_nid	Src_port
Hello		80	6	1

Time: 48.745300 sec
Broadcast
Packet_Type	Length	Src_nid	Src_port
Hello		80	6	1

Time: 50.756600 sec
Broadcast
Packet_Type	Length	Src_nid	Src_port
Hello		80	6	1

Time: 52.769900 sec
Broadcast
Packet_Type	Length	Src_nid	Src_port
Hello		80	6	1

Time: 54.824100 sec
Broadcast
Packet_Type	Length	Src_nid	Src_port
Hello		80	6	1

Time: 56.880400 sec
Broadcast
Packet_Type	Length	Src_nid	Src_port
Hello		80	6	1

Time: 58.893600 sec
Broadcast
Packet_Type	Length	Src_nid	Src_port
Hello		80	6	1

Time: 60.931800 sec
Broadcast
Packet_Type	Length	Src_nid	Src_port
Hello		80	6	1

Time: 62.932900 sec
Broadcast
Packet_Type	Length	Src_nid	Src_port
Hello		80	6	1

Time: 64.975100 sec
Broadcast
Packet_Type	Length	Src_nid	Src_port
Hello		80	6	1

Time: 67.004300 sec
Broadcast
Packet_Type	Length	Src_nid	Src_port
Hello		80	6	1

Time: 69.029600 sec
Broadcast
Packet_Type	Length	Src_nid	Src_port
Hello		80	6	1

Time: 71.078700 sec
Broadcast
Packet_Type	Length	Src_nid	Src_port
Hello		80	6	1

Time: 73.136900 sec
Broadcast
Packet_Type	Length	Src_nid	Src_port
Hello		80	6	1

Time: 75.143300 sec
Broadcast
Packet_Type	Length	Src_nid	Src_port
Hello		80	6	1

Time: 77.190700 sec
Broadcast
Packet_Type	Length	Src_nid	Src_port
Hello		80	6	1

Time: 79.215100 sec
Broadcast
Packet_Type	Length	Src_nid	Src_port
Hello		80	6	1

Time: 81.237500 sec
Broadcast
Packet_Type	Length	Src_nid	Src_port
Hello		80	6	1

Time: 83.268900 sec
Broadcast
Packet_Type	Length	Src_nid	Src_port
Hello		80	6	1

Time: 85.274200 sec
Broadcast
Packet_Type	Length	Src_nid	Src_port
Hello		80	6	1

Time: 87.326500 sec
Broadcast
Packet_Type	Length	Src_nid	Src_port
Hello		80	6	1

Time: 89.332700 sec
Broadcast
Packet_Type	Length	Src_nid	Src_port
Hello		80	6	1

Time: 91.334900 sec
Broadcast
Packet_Type	Length	Src_nid	Src_port
Hello		80	6	1

Time: 93.362000 sec
Broadcast
Packet_Type	Length	Src_nid	Src_port
Hello		80	6	1

Time: 95.363100 sec
Broadcast
Packet_Type	Length	Src_nid	Src_port
Hello		80	6	1

Time: 97.413200 sec
Broadcast
Packet_Type	Length	Src_nid	Src_port
Hello		80	6	1

Time: 99.440200 sec
Broadcast
Packet_Type	Length	Src_nid	Src_port
Hello		80	6	1

