Time: 2.008100 sec
Broadcast
Packet_Type	Length	Src_nid	Src_port
Hello		80	1	1

Time: 2.010128 sec
Send to Nid: 10
Packet_Type		Length	Src_Nid	src_port	Option	Center_nid	Neighbor_nid	Data_plane_port
NeighborUpdate		544	1	1		New	1		7		1

Time: 2.010228 sec
Send to Nid: 10
Packet_Type		Length	Src_Nid	src_port	Option	Center_nid	Neighbor_nid	Data_plane_port
NeighborUpdate		544	1	1		Finish	 		 		 

Time: 2.100328 sec
Send to Nid: 10
Packet_Type		Length	Src_Nid	src_port	Option	Center_nid	Neighbor_nid	Data_plane_port
NeighborUpdate		544	1	1		New	1		7		1
 		 	 	 		 	 			4		1

Time: 2.100428 sec
Send to Nid: 10
Packet_Type		Length	Src_Nid	src_port	Option	Center_nid	Neighbor_nid	Data_plane_port
NeighborUpdate		544	1	1		Finish	 		 		 

Time: 2.407416 sec
Send to Nid: 10
Packet_Type	Length	Src_nid	Src_port
Hello		80	1	1

Time: 4.015200 sec
Broadcast
Packet_Type	Length	Src_nid	Src_port
Hello		80	1	1

Time: 4.050516 sec
Send to Nid: 10
Packet_Type		Length	Src_Nid	src_port	Option	Center_nid	Neighbor_nid	Data_plane_port
NeighborUpdate		544	1	1		New	1		7		1
 		 	 	 		 	 			4		1

Time: 4.050616 sec
Send to Nid: 10
Packet_Type		Length	Src_Nid	src_port	Option	Center_nid	Neighbor_nid	Data_plane_port
NeighborUpdate		544	1	1		Finish	 		 		 

Time: 4.060716 sec
Send to Nid: 10
Packet_Type		Length	Src_Nid	src_port	Option	Center_nid	Neighbor_nid	Data_plane_port
NeighborUpdate		544	1	1		New	1		7		1
 		 	 	 		 	 			4		1

Time: 4.060816 sec
Send to Nid: 10
Packet_Type		Length	Src_Nid	src_port	Option	Center_nid	Neighbor_nid	Data_plane_port
NeighborUpdate		544	1	1		Finish	 		 		 

Time: 6.022400 sec
Broadcast
Packet_Type	Length	Src_nid	Src_port
Hello		80	1	1

Time: 6.060916 sec
Send to Nid: 10
Packet_Type		Length	Src_Nid	src_port	Option	Center_nid	Neighbor_nid	Data_plane_port
NeighborUpdate		544	1	1		New	1		7		1
 		 	 	 		 	 			4		1

Time: 6.061016 sec
Send to Nid: 10
Packet_Type		Length	Src_Nid	src_port	Option	Center_nid	Neighbor_nid	Data_plane_port
NeighborUpdate		544	1	1		Finish	 		 		 

Time: 6.080116 sec
Send to Nid: 10
Packet_Type		Length	Src_Nid	src_port	Option	Center_nid	Neighbor_nid	Data_plane_port
NeighborUpdate		544	1	1		New	1		7		1
 		 	 	 		 	 			4		1

Time: 6.080216 sec
Send to Nid: 10
Packet_Type		Length	Src_Nid	src_port	Option	Center_nid	Neighbor_nid	Data_plane_port
NeighborUpdate		544	1	1		Finish	 		 		 

Time: 8.030600 sec
Broadcast
Packet_Type	Length	Src_nid	Src_port
Hello		80	1	1

Time: 8.080316 sec
Send to Nid: 10
Packet_Type		Length	Src_Nid	src_port	Option	Center_nid	Neighbor_nid	Data_plane_port
NeighborUpdate		544	1	1		New	1		7		1
 		 	 	 		 	 			4		1

Time: 8.080416 sec
Send to Nid: 10
Packet_Type		Length	Src_Nid	src_port	Option	Center_nid	Neighbor_nid	Data_plane_port
NeighborUpdate		544	1	1		Finish	 		 		 

Time: 10.036700 sec
Broadcast
Packet_Type	Length	Src_nid	Src_port
Hello		80	1	1

Time: 10.170516 sec
Send to Nid: 10
Packet_Type		Length	Src_Nid	src_port	Option	Center_nid	Neighbor_nid	Data_plane_port
NeighborUpdate		544	1	1		New	1		7		1
 		 	 	 		 	 			4		1

Time: 12.043800 sec
Broadcast
Packet_Type	Length	Src_nid	Src_port
Hello		80	1	1

Time: 14.050000 sec
Broadcast
Packet_Type	Length	Src_nid	Src_port
Hello		80	1	1

Time: 16.054200 sec
Broadcast
Packet_Type	Length	Src_nid	Src_port
Hello		80	1	1

Time: 18.056400 sec
Broadcast
Packet_Type	Length	Src_nid	Src_port
Hello		80	1	1

Time: 20.058600 sec
Broadcast
Packet_Type	Length	Src_nid	Src_port
Hello		80	1	1

Time: 22.064800 sec
Broadcast
Packet_Type	Length	Src_nid	Src_port
Hello		80	1	1

Time: 24.074000 sec
Broadcast
Packet_Type	Length	Src_nid	Src_port
Hello		80	1	1

Time: 26.084100 sec
Broadcast
Packet_Type	Length	Src_nid	Src_port
Hello		80	1	1

Time: 28.093200 sec
Broadcast
Packet_Type	Length	Src_nid	Src_port
Hello		80	1	1

Time: 30.099300 sec
Broadcast
Packet_Type	Length	Src_nid	Src_port
Hello		80	1	1

Time: 32.104400 sec
Broadcast
Packet_Type	Length	Src_nid	Src_port
Hello		80	1	1

Time: 34.111500 sec
Broadcast
Packet_Type	Length	Src_nid	Src_port
Hello		80	1	1

Time: 36.116500 sec
Broadcast
Packet_Type	Length	Src_nid	Src_port
Hello		80	1	1

Time: 38.122600 sec
Broadcast
Packet_Type	Length	Src_nid	Src_port
Hello		80	1	1

Time: 40.129700 sec
Broadcast
Packet_Type	Length	Src_nid	Src_port
Hello		80	1	1

Time: 42.131800 sec
Broadcast
Packet_Type	Length	Src_nid	Src_port
Hello		80	1	1

Time: 42.364621 sec
Send to Nid: 10
Packet_Type		Length	Src_Nid	src_port	Option	Center_nid	Neighbor_nid	Data_plane_port
NeighborUpdate		544	1	1		Finish	 		 		 

Time: 42.364721 sec
Send to Nid: 10
Packet_Type	Length	Src_nid	Src_port
Hello		80	1	1

Time: 42.364821 sec
Send to Nid: 10
Packet_Type		Length	Src_Nid	src_port	Option	Center_nid	Neighbor_nid	Data_plane_port
NeighborUpdate		544	1	1		New	1		7		1
 		 	 	 		 	 			4		1

Time: 42.364921 sec
Send to Nid: 10
Packet_Type		Length	Src_Nid	src_port	Option	Center_nid	Neighbor_nid	Data_plane_port
NeighborUpdate		544	1	1		Finish	 		 		 

Time: 42.365021 sec
Send to Nid: 10
Packet_Type		Length	Src_Nid	src_port	Option	Center_nid	Neighbor_nid	Data_plane_port
NeighborUpdate		544	1	1		New	1		7		1
 		 	 	 		 	 			4		1

Time: 42.365121 sec
Send to Nid: 10
Packet_Type		Length	Src_Nid	src_port	Option	Center_nid	Neighbor_nid	Data_plane_port
NeighborUpdate		544	1	1		Finish	 		 		 

Time: 42.365221 sec
Send to Nid: 10
Packet_Type		Length	Src_Nid	src_port	Option	Center_nid	Neighbor_nid	Data_plane_port
NeighborUpdate		544	1	1		New	1		7		1
 		 	 	 		 	 			4		1

Time: 42.365321 sec
Send to Nid: 10
Packet_Type		Length	Src_Nid	src_port	Option	Center_nid	Neighbor_nid	Data_plane_port
NeighborUpdate		544	1	1		Finish	 		 		 

Time: 42.365421 sec
Send to Nid: 10
Packet_Type		Length	Src_Nid	src_port	Option	Center_nid	Neighbor_nid	Data_plane_port
NeighborUpdate		544	1	1		New	1		7		1
 		 	 	 		 	 			4		1

Time: 42.365521 sec
Send to Nid: 10
Packet_Type		Length	Src_Nid	src_port	Option	Center_nid	Neighbor_nid	Data_plane_port
NeighborUpdate		544	1	1		Finish	 		 		 

Time: 42.366621 sec
Send to Nid: 10
Packet_Type		Length	Src_Nid	src_port	Option	Center_nid	Neighbor_nid	Data_plane_port
NeighborUpdate		544	1	1		New	1		7		1
 		 	 	 		 	 			4		1

Time: 42.366721 sec
Send to Nid: 10
Packet_Type		Length	Src_Nid	src_port	Option	Center_nid	Neighbor_nid	Data_plane_port
NeighborUpdate		544	1	1		Finish	 		 		 

Time: 42.366821 sec
Send to Nid: 10
Packet_Type		Length	Src_Nid	src_port	Option	Center_nid	Neighbor_nid	Data_plane_port
NeighborUpdate		544	1	1		New	1		7		1
 		 	 	 		 	 			4		1

Time: 42.366921 sec
Send to Nid: 10
Packet_Type		Length	Src_Nid	src_port	Option	Center_nid	Neighbor_nid	Data_plane_port
NeighborUpdate		544	1	1		Finish	 		 		 

Time: 42.367021 sec
Send to Nid: 10
Packet_Type		Length	Src_Nid	src_port	Option	Center_nid	Neighbor_nid	Data_plane_port
NeighborUpdate		544	1	1		New	1		7		1
 		 	 	 		 	 			4		1

Time: 42.390759 sec
Send to Nid: 10
Packet_Type		Length	Src_Nid	src_port	Option	Center_nid	Neighbor_nid	Data_plane_port
NeighborUpdate		544	1	1		Finish	 		 		 

Time: 42.390859 sec
Send to Nid: 10
Packet_Type		Length	Src_Nid	src_port	Option	Center_nid	Neighbor_nid	Data_plane_port
NeighborUpdate		544	1	1		New	1		7		1
 		 	 	 		 	 			4		1

Time: 42.390959 sec
Send to Nid: 10
Packet_Type		Length	Src_Nid	src_port	Option	Center_nid	Neighbor_nid	Data_plane_port
NeighborUpdate		544	1	1		Finish	 		 		 

Time: 42.391059 sec
Send to Nid: 10
Packet_Type		Length	Src_Nid	src_port	Option	Center_nid	Neighbor_nid	Data_plane_port
NeighborUpdate		544	1	1		New	1		7		1
 		 	 	 		 	 			4		1

Time: 42.391159 sec
Send to Nid: 10
Packet_Type		Length	Src_Nid	src_port	Option	Center_nid	Neighbor_nid	Data_plane_port
NeighborUpdate		544	1	1		Finish	 		 		 

Time: 42.391259 sec
Send to Nid: 10
Packet_Type		Length	Src_Nid	src_port	Option	Center_nid	Neighbor_nid	Data_plane_port
NeighborUpdate		544	1	1		New	1		7		1
 		 	 	 		 	 			4		1

Time: 42.391359 sec
Send to Nid: 10
Packet_Type		Length	Src_Nid	src_port	Option	Center_nid	Neighbor_nid	Data_plane_port
NeighborUpdate		544	1	1		Finish	 		 		 

Time: 42.391459 sec
Send to Nid: 10
Packet_Type	Length	Src_nid	Src_port
Hello		80	1	1

Time: 42.391559 sec
Send to Nid: 10
Packet_Type		Length	Src_Nid	src_port	Option	Center_nid	Neighbor_nid	Data_plane_port
NeighborUpdate		544	1	1		New	1		7		1
 		 	 	 		 	 			4		1

Time: 42.391659 sec
Send to Nid: 10
Packet_Type		Length	Src_Nid	src_port	Option	Center_nid	Neighbor_nid	Data_plane_port
NeighborUpdate		544	1	1		Finish	 		 		 

Time: 42.392759 sec
Send to Nid: 10
Packet_Type		Length	Src_Nid	src_port	Option	Center_nid	Neighbor_nid	Data_plane_port
NeighborUpdate		544	1	1		New	1		7		1
 		 	 	 		 	 			4		1

Time: 42.392859 sec
Send to Nid: 10
Packet_Type		Length	Src_Nid	src_port	Option	Center_nid	Neighbor_nid	Data_plane_port
NeighborUpdate		544	1	1		Finish	 		 		 

Time: 42.392959 sec
Send to Nid: 10
Packet_Type		Length	Src_Nid	src_port	Option	Center_nid	Neighbor_nid	Data_plane_port
NeighborUpdate		544	1	1		New	1		7		1
 		 	 	 		 	 			4		1

Time: 42.393059 sec
Send to Nid: 10
Packet_Type		Length	Src_Nid	src_port	Option	Center_nid	Neighbor_nid	Data_plane_port
NeighborUpdate		544	1	1		Finish	 		 		 

Time: 42.393159 sec
Send to Nid: 10
Packet_Type		Length	Src_Nid	src_port	Option	Center_nid	Neighbor_nid	Data_plane_port
NeighborUpdate		544	1	1		New	1		7		1
 		 	 	 		 	 			4		1

Time: 42.667297 sec
Send to Nid: 10
Packet_Type		Length	Src_Nid	src_port	Option	Center_nid	Neighbor_nid	Data_plane_port
NeighborUpdate		544	1	1		Finish	 		 		 

Time: 42.667397 sec
Send to Nid: 10
Packet_Type		Length	Src_Nid	src_port	Option	Center_nid	Neighbor_nid	Data_plane_port
NeighborUpdate		544	1	1		New	1		7		1

Time: 42.667497 sec
Send to Nid: 10
Packet_Type	Length	Src_nid	Src_port
Hello		80	1	1

Time: 42.770697 sec
Send to Nid: 10
Packet_Type		Length	Src_Nid	src_port	Option	Center_nid	Neighbor_nid	Data_plane_port
NeighborUpdate		544	1	1		New	1		7		1

Time: 42.770797 sec
Send to Nid: 10
Packet_Type		Length	Src_Nid	src_port	Option	Center_nid	Neighbor_nid	Data_plane_port
NeighborUpdate		544	1	1		Finish	 		 		 

Time: 44.140900 sec
Broadcast
Packet_Type	Length	Src_nid	Src_port
Hello		80	1	1

Time: 44.800697 sec
Send to Nid: 10
Packet_Type		Length	Src_Nid	src_port	Option	Center_nid	Neighbor_nid	Data_plane_port
NeighborUpdate		544	1	1		New	1		7		1

Time: 44.800797 sec
Send to Nid: 10
Packet_Type		Length	Src_Nid	src_port	Option	Center_nid	Neighbor_nid	Data_plane_port
NeighborUpdate		544	1	1		Finish	 		 		 

Time: 46.151000 sec
Broadcast
Packet_Type	Length	Src_nid	Src_port
Hello		80	1	1

Time: 46.800897 sec
Send to Nid: 10
Packet_Type		Length	Src_Nid	src_port	Option	Center_nid	Neighbor_nid	Data_plane_port
NeighborUpdate		544	1	1		New	1		7		1

Time: 46.800997 sec
Send to Nid: 10
Packet_Type		Length	Src_Nid	src_port	Option	Center_nid	Neighbor_nid	Data_plane_port
NeighborUpdate		544	1	1		Finish	 		 		 

Time: 48.152100 sec
Broadcast
Packet_Type	Length	Src_nid	Src_port
Hello		80	1	1

Time: 50.161200 sec
Broadcast
Packet_Type	Length	Src_nid	Src_port
Hello		80	1	1

Time: 52.170300 sec
Broadcast
Packet_Type	Length	Src_nid	Src_port
Hello		80	1	1

Time: 54.174400 sec
Broadcast
Packet_Type	Length	Src_nid	Src_port
Hello		80	1	1

Time: 56.176500 sec
Broadcast
Packet_Type	Length	Src_nid	Src_port
Hello		80	1	1

Time: 58.181600 sec
Broadcast
Packet_Type	Length	Src_nid	Src_port
Hello		80	1	1

Time: 60.183700 sec
Broadcast
Packet_Type	Length	Src_nid	Src_port
Hello		80	1	1

Time: 62.184800 sec
Broadcast
Packet_Type	Length	Src_nid	Src_port
Hello		80	1	1

Time: 64.190900 sec
Broadcast
Packet_Type	Length	Src_nid	Src_port
Hello		80	1	1

Time: 66.192900 sec
Broadcast
Packet_Type	Length	Src_nid	Src_port
Hello		80	1	1

Time: 68.203000 sec
Broadcast
Packet_Type	Length	Src_nid	Src_port
Hello		80	1	1

Time: 70.207100 sec
Broadcast
Packet_Type	Length	Src_nid	Src_port
Hello		80	1	1

Time: 72.216200 sec
Broadcast
Packet_Type	Length	Src_nid	Src_port
Hello		80	1	1

Time: 74.219300 sec
Broadcast
Packet_Type	Length	Src_nid	Src_port
Hello		80	1	1

Time: 76.222400 sec
Broadcast
Packet_Type	Length	Src_nid	Src_port
Hello		80	1	1

Time: 78.227500 sec
Broadcast
Packet_Type	Length	Src_nid	Src_port
Hello		80	1	1

Time: 80.235500 sec
Broadcast
Packet_Type	Length	Src_nid	Src_port
Hello		80	1	1

Time: 82.243500 sec
Broadcast
Packet_Type	Length	Src_nid	Src_port
Hello		80	1	1

Time: 84.248500 sec
Broadcast
Packet_Type	Length	Src_nid	Src_port
Hello		80	1	1

Time: 86.249600 sec
Broadcast
Packet_Type	Length	Src_nid	Src_port
Hello		80	1	1

Time: 88.258600 sec
Broadcast
Packet_Type	Length	Src_nid	Src_port
Hello		80	1	1

Time: 90.262700 sec
Broadcast
Packet_Type	Length	Src_nid	Src_port
Hello		80	1	1

Time: 92.267800 sec
Broadcast
Packet_Type	Length	Src_nid	Src_port
Hello		80	1	1

Time: 94.274900 sec
Broadcast
Packet_Type	Length	Src_nid	Src_port
Hello		80	1	1

Time: 96.280000 sec
Broadcast
Packet_Type	Length	Src_nid	Src_port
Hello		80	1	1

Time: 98.282100 sec
Broadcast
Packet_Type	Length	Src_nid	Src_port
Hello		80	1	1

