Time: 2.003000 sec
Packet_Type	Length	Src_nid	Src_port
Hello		80	7	1

Time: 2.018100 sec
Packet_Type	Length	Src_nid	Src_port
Hello		80	10	1

Time: 2.094826 sec
Packet_Type		Length	Src_nid	Src_port	Option	Origin_nid	Destination_nid	Next_hop_nid
UpdateDataPlaneRouting	796	10	1		New	2		7		7
 		 	 	 		 		 		10		10

Time: 2.096926 sec
Packet_Type		Length	Src_nid	Src_port	Option	Origin_nid	Destination_nid	Next_hop_nid
UpdateDataPlaneRouting	796	10	1		Finish	 		 		 

Time: 2.148026 sec
Packet_Type		Length	Src_nid	Src_port	Option	Origin_nid	Destination_nid	Next_hop_nid
UpdateDataPlaneRouting	796	10	1		New	2		1		7
 		 	 	 		 		 		7		7
 		 	 	 		 		 		10		10

Time: 2.150126 sec
Packet_Type		Length	Src_nid	Src_port	Option	Origin_nid	Destination_nid	Next_hop_nid
UpdateDataPlaneRouting	796	10	1		Finish	 		 		 

Time: 2.178200 sec
Packet_Type	Length	Src_nid	Src_port
Hello		80	5	1

Time: 2.206426 sec
Packet_Type		Length	Src_nid	Src_port	Option	Origin_nid	Destination_nid	Next_hop_nid
UpdateDataPlaneRouting	796	10	1		New	2		1		7
 		 	 	 		 		 		7		7
 		 	 	 		 		 		10		10

Time: 2.207526 sec
Packet_Type		Length	Src_nid	Src_port	Option	Origin_nid	Destination_nid	Next_hop_nid
UpdateDataPlaneRouting	796	10	1		Finish	 		 		 

Time: 2.300430 sec
Packet_Type		Length	Src_nid	Src_port	Option	Origin_nid	Destination_nid	Next_hop_nid
UpdateDataPlaneRouting	796	10	1		New	2		1		7
 		 	 	 		 		 		5		10
 		 	 	 		 		 		7		7
 		 	 	 		 		 		10		10

Time: 2.301530 sec
Packet_Type		Length	Src_nid	Src_port	Option	Origin_nid	Destination_nid	Next_hop_nid
UpdateDataPlaneRouting	796	10	1		Finish	 		 		 

Time: 2.761630 sec
Packet_Type		Length	Src_nid	Src_port	Option	Origin_nid	Destination_nid	Next_hop_nid
UpdateDataPlaneRouting	796	10	1		New	2		1		7
 		 	 	 		 		 		5		10
 		 	 	 		 		 		7		7
 		 	 	 		 		 		10		10

Time: 2.763730 sec
Packet_Type		Length	Src_nid	Src_port	Option	Origin_nid	Destination_nid	Next_hop_nid
UpdateDataPlaneRouting	796	10	1		Finish	 		 		 

Time: 2.981830 sec
Packet_Type		Length	Src_nid	Src_port	Option	Origin_nid	Destination_nid	Next_hop_nid
UpdateDataPlaneRouting	796	10	1		New	2		1		7
 		 	 	 		 		 		5		10
 		 	 	 		 		 		7		7
 		 	 	 		 		 		10		10

Time: 2.983930 sec
Packet_Type		Length	Src_nid	Src_port	Option	Origin_nid	Destination_nid	Next_hop_nid
UpdateDataPlaneRouting	796	10	1		Finish	 		 		 

Time: 3.030030 sec
Packet_Type		Length	Src_nid	Src_port	Option	Origin_nid	Destination_nid	Next_hop_nid
UpdateDataPlaneRouting	796	10	1		New	2		1		7
 		 	 	 		 		 		5		10
 		 	 	 		 		 		7		7
 		 	 	 		 		 		10		10

Time: 3.031130 sec
Packet_Type		Length	Src_nid	Src_port	Option	Origin_nid	Destination_nid	Next_hop_nid
UpdateDataPlaneRouting	796	10	1		Finish	 		 		 

Time: 4.041300 sec
Packet_Type	Length	Src_nid	Src_port
Hello		80	7	1

Time: 4.073400 sec
Packet_Type	Length	Src_nid	Src_port
Hello		80	5	1

Time: 5.374500 sec
Packet_Type	Length	Src_nid	Src_port
Hello		80	10	1

Time: 6.073600 sec
Packet_Type	Length	Src_nid	Src_port
Hello		80	7	1

Time: 6.127700 sec
Packet_Type	Length	Src_nid	Src_port
Hello		80	5	1

Time: 8.079800 sec
Packet_Type	Length	Src_nid	Src_port
Hello		80	4	1

Time: 8.141900 sec
Packet_Type	Length	Src_nid	Src_port
Hello		80	10	1

Time: 8.232000 sec
Packet_Type	Length	Src_nid	Src_port
Hello		80	5	1

Time: 10.165100 sec
Packet_Type	Length	Src_nid	Src_port
Hello		80	7	1

Time: 10.199200 sec
Packet_Type	Length	Src_nid	Src_port
Hello		80	5	1

Time: 10.234300 sec
Packet_Type	Length	Src_nid	Src_port
Hello		80	10	1

Time: 12.085400 sec
Packet_Type	Length	Src_nid	Src_port
Hello		80	4	1

Time: 12.224500 sec
Packet_Type	Length	Src_nid	Src_port
Hello		80	5	1

Time: 12.227600 sec
Packet_Type	Length	Src_nid	Src_port
Hello		80	7	1

Time: 12.325700 sec
Packet_Type	Length	Src_nid	Src_port
Hello		80	10	1

Time: 14.107800 sec
Packet_Type	Length	Src_nid	Src_port
Hello		80	4	1

Time: 14.268900 sec
Packet_Type	Length	Src_nid	Src_port
Hello		80	7	1

Time: 14.366000 sec
Packet_Type	Length	Src_nid	Src_port
Hello		80	10	1

Time: 16.136100 sec
Packet_Type	Length	Src_nid	Src_port
Hello		80	4	1

Time: 16.330200 sec
Packet_Type	Length	Src_nid	Src_port
Hello		80	7	1

Time: 16.399300 sec
Packet_Type	Length	Src_nid	Src_port
Hello		80	10	1

Time: 18.340400 sec
Packet_Type	Length	Src_nid	Src_port
Hello		80	7	1

Time: 18.403500 sec
Packet_Type	Length	Src_nid	Src_port
Hello		80	10	1

Time: 20.169600 sec
Packet_Type	Length	Src_nid	Src_port
Hello		80	4	1

Time: 20.373700 sec
Packet_Type	Length	Src_nid	Src_port
Hello		80	7	1

Time: 20.475800 sec
Packet_Type	Length	Src_nid	Src_port
Hello		80	10	1

Time: 22.411900 sec
Packet_Type	Length	Src_nid	Src_port
Hello		80	7	1

Time: 22.571000 sec
Packet_Type	Length	Src_nid	Src_port
Hello		80	10	1

Time: 24.218100 sec
Packet_Type	Length	Src_nid	Src_port
Hello		80	4	1

Time: 24.450200 sec
Packet_Type	Length	Src_nid	Src_port
Hello		80	7	1

Time: 24.625300 sec
Packet_Type	Length	Src_nid	Src_port
Hello		80	10	1

Time: 26.249400 sec
Packet_Type	Length	Src_nid	Src_port
Hello		80	4	1

Time: 26.473500 sec
Packet_Type	Length	Src_nid	Src_port
Hello		80	7	1

Time: 26.647600 sec
Packet_Type	Length	Src_nid	Src_port
Hello		80	10	1

Time: 28.260700 sec
Packet_Type	Length	Src_nid	Src_port
Hello		80	4	1

Time: 28.481800 sec
Packet_Type	Length	Src_nid	Src_port
Hello		80	7	1

Time: 28.652900 sec
Packet_Type	Length	Src_nid	Src_port
Hello		80	10	1

Time: 30.266000 sec
Packet_Type	Length	Src_nid	Src_port
Hello		80	4	1

Time: 30.484100 sec
Packet_Type	Length	Src_nid	Src_port
Hello		80	7	1

Time: 30.750200 sec
Packet_Type	Length	Src_nid	Src_port
Hello		80	10	1

Time: 32.308300 sec
Packet_Type	Length	Src_nid	Src_port
Hello		80	4	1

Time: 32.541400 sec
Packet_Type	Length	Src_nid	Src_port
Hello		80	7	1

Time: 32.829500 sec
Packet_Type	Length	Src_nid	Src_port
Hello		80	10	1

Time: 34.336600 sec
Packet_Type	Length	Src_nid	Src_port
Hello		80	4	1

Time: 36.645700 sec
Packet_Type	Length	Src_nid	Src_port
Hello		80	7	1

Time: 38.362800 sec
Packet_Type	Length	Src_nid	Src_port
Hello		80	4	1

Time: 38.711900 sec
Packet_Type	Length	Src_nid	Src_port
Hello		80	7	1

Time: 38.959000 sec
Packet_Type	Length	Src_nid	Src_port
Hello		80	10	1

Time: 40.382100 sec
Packet_Type	Length	Src_nid	Src_port
Hello		80	4	1

Time: 40.734200 sec
Packet_Type	Length	Src_nid	Src_port
Hello		80	7	1

Time: 41.579300 sec
Packet_Type	Length	Src_nid	Src_port
Hello		80	10	1

Time: 42.419400 sec
Packet_Type	Length	Src_nid	Src_port
Hello		80	4	1

Time: 42.761500 sec
Packet_Type	Length	Src_nid	Src_port
Hello		80	7	1

Time: 44.442600 sec
Packet_Type	Length	Src_nid	Src_port
Hello		80	4	1

Time: 45.097700 sec
Packet_Type	Length	Src_nid	Src_port
Hello		80	10	1

Time: 46.462800 sec
Packet_Type	Length	Src_nid	Src_port
Hello		80	4	1

Time: 46.890900 sec
Packet_Type	Length	Src_nid	Src_port
Hello		80	6	1

Time: 47.500000 sec
Packet_Type	Length	Src_nid	Src_port
Hello		80	10	1

Time: 48.501100 sec
Packet_Type	Length	Src_nid	Src_port
Hello		80	4	1

Time: 49.199200 sec
Packet_Type	Length	Src_nid	Src_port
Hello		80	10	1

Time: 49.867300 sec
Packet_Type	Length	Src_nid	Src_port
Hello		80	7	1

Time: 50.522400 sec
Packet_Type	Length	Src_nid	Src_port
Hello		80	4	1

Time: 50.874500 sec
Packet_Type	Length	Src_nid	Src_port
Hello		80	7	1

Time: 51.282600 sec
Packet_Type	Length	Src_nid	Src_port
Hello		80	10	1

Time: 52.525700 sec
Packet_Type	Length	Src_nid	Src_port
Hello		80	4	1

Time: 52.940800 sec
Packet_Type	Length	Src_nid	Src_port
Hello		80	7	1

Time: 53.370900 sec
Packet_Type	Length	Src_nid	Src_port
Hello		80	10	1

Time: 55.006000 sec
Packet_Type	Length	Src_nid	Src_port
Hello		80	7	1

Time: 55.503100 sec
Packet_Type	Length	Src_nid	Src_port
Hello		80	10	1

Time: 57.034200 sec
Packet_Type	Length	Src_nid	Src_port
Hello		80	7	1

Time: 57.392300 sec
Packet_Type	Length	Src_nid	Src_port
Hello		80	10	1

Time: 59.046400 sec
Packet_Type	Length	Src_nid	Src_port
Hello		80	7	1

Time: 59.745500 sec
Packet_Type	Length	Src_nid	Src_port
Hello		80	10	1

Time: 62.230600 sec
Packet_Type	Length	Src_nid	Src_port
Hello		80	10	1

Time: 63.109700 sec
Packet_Type	Length	Src_nid	Src_port
Hello		80	7	1

Time: 63.596800 sec
Packet_Type	Length	Src_nid	Src_port
Hello		80	10	1

Time: 66.409900 sec
Packet_Type	Length	Src_nid	Src_port
Hello		80	10	1

Time: 67.187000 sec
Packet_Type	Length	Src_nid	Src_port
Hello		80	7	1

Time: 68.813100 sec
Packet_Type	Length	Src_nid	Src_port
Hello		80	10	1

Time: 69.230200 sec
Packet_Type	Length	Src_nid	Src_port
Hello		80	7	1

Time: 71.188300 sec
Packet_Type	Length	Src_nid	Src_port
Hello		80	6	1

Time: 71.253400 sec
Packet_Type	Length	Src_nid	Src_port
Hello		80	7	1

Time: 72.530500 sec
Packet_Type	Length	Src_nid	Src_port
Hello		80	10	1

Time: 73.257600 sec
Packet_Type	Length	Src_nid	Src_port
Hello		80	7	1

Time: 73.431700 sec
Packet_Type	Length	Src_nid	Src_port
Hello		80	10	1

Time: 75.298800 sec
Packet_Type	Length	Src_nid	Src_port
Hello		80	7	1

Time: 75.939900 sec
Packet_Type	Length	Src_nid	Src_port
Hello		80	10	1

Time: 77.366000 sec
Packet_Type	Length	Src_nid	Src_port
Hello		80	7	1

Time: 77.901100 sec
Packet_Type	Length	Src_nid	Src_port
Hello		80	10	1

Time: 79.997200 sec
Packet_Type	Length	Src_nid	Src_port
Hello		80	10	1

Time: 82.084300 sec
Packet_Type	Length	Src_nid	Src_port
Hello		80	10	1

Time: 84.158400 sec
Packet_Type	Length	Src_nid	Src_port
Hello		80	10	1

Time: 85.715500 sec
Packet_Type	Length	Src_nid	Src_port
Hello		80	7	1

Time: 86.199600 sec
Packet_Type	Length	Src_nid	Src_port
Hello		80	10	1

Time: 88.203700 sec
Packet_Type	Length	Src_nid	Src_port
Hello		80	10	1

Time: 89.531800 sec
Packet_Type	Length	Src_nid	Src_port
Hello		80	7	1

Time: 90.550900 sec
Packet_Type	Length	Src_nid	Src_port
Hello		80	10	1

Time: 91.541000 sec
Packet_Type	Length	Src_nid	Src_port
Hello		80	7	1

Time: 93.097100 sec
Packet_Type	Length	Src_nid	Src_port
Hello		80	10	1

Time: 93.611200 sec
Packet_Type	Length	Src_nid	Src_port
Hello		80	7	1

Time: 95.131300 sec
Packet_Type	Length	Src_nid	Src_port
Hello		80	10	1

Time: 95.634400 sec
Packet_Type	Length	Src_nid	Src_port
Hello		80	7	1

Time: 96.735500 sec
Packet_Type	Length	Src_nid	Src_port
Hello		80	10	1

Time: 97.687600 sec
Packet_Type	Length	Src_nid	Src_port
Hello		80	7	1

Time: 98.499700 sec
Packet_Type	Length	Src_nid	Src_port
Hello		80	10	1

Time: 99.720800 sec
Packet_Type	Length	Src_nid	Src_port
Hello		80	7	1

